<?xml version="1.0" encoding="UTF-8" ?>
<testsuite tests="2" failures="1" name="com.pi.PyramidServiceTest" time="1.325" errors="0" skipped="0">
  <properties>
    <property name="java.runtime.name" value="Java(TM) SE Runtime Environment"/>
    <property name="sun.boot.library.path" value="C:\Program Files\Java\jdk1.8.0_181\jre\bin"/>
    <property name="java.vm.version" value="25.181-b13"/>
    <property name="java.vm.vendor" value="Oracle Corporation"/>
    <property name="java.vendor.url" value="http://java.oracle.com/"/>
    <property name="path.separator" value=";"/>
    <property name="guice.disable.misplaced.annotation.check" value="true"/>
    <property name="java.vm.name" value="Java HotSpot(TM) 64-Bit Server VM"/>
    <property name="file.encoding.pkg" value="sun.io"/>
    <property name="user.script" value=""/>
    <property name="user.country" value="TR"/>
    <property name="sun.java.launcher" value="SUN_STANDARD"/>
    <property name="sun.os.patch.level" value=""/>
    <property name="test" value="com.pi.PyramidServiceTest"/>
    <property name="java.vm.specification.name" value="Java Virtual Machine Specification"/>
    <property name="user.dir" value="C:\Users\ozgur\Documents\NetBeansProjects\pyramid-solver"/>
    <property name="java.runtime.version" value="1.8.0_181-b13"/>
    <property name="java.awt.graphicsenv" value="sun.awt.Win32GraphicsEnvironment"/>
    <property name="java.endorsed.dirs" value="C:\Program Files\Java\jdk1.8.0_181\jre\lib\endorsed"/>
    <property name="os.arch" value="amd64"/>
    <property name="java.io.tmpdir" value="C:\Users\ozgur\AppData\Local\Temp\"/>
    <property name="line.separator" value="
"/>
    <property name="java.vm.specification.vendor" value="Oracle Corporation"/>
    <property name="user.variant" value=""/>
    <property name="os.name" value="Windows 10"/>
    <property name="maven.ext.class.path" value="C:\Program Files\NetBeans 8.2\java\maven-nblib\netbeans-eventspy.jar"/>
    <property name="classworlds.conf" value="C:\Program Files\NetBeans 8.2\java\maven\bin\m2.conf"/>
    <property name="sun.jnu.encoding" value="Cp1254"/>
    <property name="java.library.path" value="C:\Program Files\Java\jdk1.8.0_181\bin;C:\WINDOWS\Sun\Java\bin;C:\WINDOWS\system32;C:\WINDOWS;C:\Program Files (x86)\Common Files\Oracle\Java\javapath;C:\Program Files (x86)\Intel\iCLS Client\;C:\Program Files\Intel\iCLS Client\;C:\Windows\system32;C:\Windows;C:\Windows\System32\Wbem;C:\Windows\System32\WindowsPowerShell\v1.0\;C:\Program Files (x86)\NVIDIA Corporation\PhysX\Common;C:\Program Files (x86)\Intel\Intel(R) Management Engine Components\DAL;C:\Program Files\Intel\Intel(R) Management Engine Components\DAL;C:\Program Files (x86)\Intel\Intel(R) Management Engine Components\IPT;C:\Program Files\Intel\Intel(R) Management Engine Components\IPT;C:\WINDOWS\system32;C:\WINDOWS;C:\WINDOWS\System32\Wbem;C:\WINDOWS\System32\WindowsPowerShell\v1.0\;C:\WINDOWS\System32\OpenSSH\;C:\Program Files\Intel\WiFi\bin\;C:\Program Files\Common Files\Intel\WirelessCommon\;C:\Program Files\nodejs\;C:\Program Files\Git\cmd;C:\HashiCorp\Vagrant\bin;C:\Users\ozgur\AppData\Local\Microsoft\WindowsApps;C:\Users\ozgur\AppData\Local\Programs\Microsoft VS Code\bin;C:\Users\ozgur\AppData\Roaming\npm;C:\Users\ozgur\AppData\Local\GitHubDesktop\bin;."/>
    <property name="java.specification.name" value="Java Platform API Specification"/>
    <property name="java.class.version" value="52.0"/>
    <property name="sun.management.compiler" value="HotSpot 64-Bit Tiered Compilers"/>
    <property name="os.version" value="10.0"/>
    <property name="user.home" value="C:\Users\ozgur"/>
    <property name="user.timezone" value="Asia/Istanbul"/>
    <property name="java.awt.printerjob" value="sun.awt.windows.WPrinterJob"/>
    <property name="java.specification.version" value="1.8"/>
    <property name="file.encoding" value="UTF-8"/>
    <property name="user.name" value="ozgur"/>
    <property name="java.class.path" value="C:\Program Files\NetBeans 8.2\java\maven\boot\plexus-classworlds-2.4.jar"/>
    <property name="java.vm.specification.version" value="1.8"/>
    <property name="sun.arch.data.model" value="64"/>
    <property name="java.home" value="C:\Program Files\Java\jdk1.8.0_181\jre"/>
    <property name="sun.java.command" value="org.codehaus.plexus.classworlds.launcher.Launcher -Dtest=com.pi.PyramidServiceTest -Dmaven.ext.class.path=C:\Program Files\NetBeans 8.2\java\maven-nblib\netbeans-eventspy.jar -Dfile.encoding=UTF-8 surefire:test"/>
    <property name="java.specification.vendor" value="Oracle Corporation"/>
    <property name="user.language" value="tr"/>
    <property name="awt.toolkit" value="sun.awt.windows.WToolkit"/>
    <property name="java.vm.info" value="mixed mode"/>
    <property name="java.version" value="1.8.0_181"/>
    <property name="java.ext.dirs" value="C:\Program Files\Java\jdk1.8.0_181\jre\lib\ext;C:\WINDOWS\Sun\Java\lib\ext"/>
    <property name="sun.boot.class.path" value="C:\Program Files\Java\jdk1.8.0_181\jre\lib\resources.jar;C:\Program Files\Java\jdk1.8.0_181\jre\lib\rt.jar;C:\Program Files\Java\jdk1.8.0_181\jre\lib\sunrsasign.jar;C:\Program Files\Java\jdk1.8.0_181\jre\lib\jsse.jar;C:\Program Files\Java\jdk1.8.0_181\jre\lib\jce.jar;C:\Program Files\Java\jdk1.8.0_181\jre\lib\charsets.jar;C:\Program Files\Java\jdk1.8.0_181\jre\lib\jfr.jar;C:\Program Files\Java\jdk1.8.0_181\jre\classes"/>
    <property name="java.vendor" value="Oracle Corporation"/>
    <property name="maven.home" value="C:\Program Files\NetBeans 8.2\java\maven"/>
    <property name="file.separator" value="\"/>
    <property name="java.vendor.url.bug" value="http://bugreport.sun.com/bugreport/"/>
    <property name="sun.cpu.endian" value="little"/>
    <property name="sun.io.unicode.encoding" value="UnicodeLittle"/>
    <property name="sun.desktop" value="windows"/>
    <property name="sun.cpu.isalist" value="amd64"/>
  </properties>
  <testcase classname="com.pi.PyramidServiceTest" name="can_print" time="0.004"/>
  <testcase classname="com.pi.PyramidServiceTest" name="should_returns_24" time="1.249">
    <failure message="expected:&lt;24&gt; but was:&lt;8186&gt;" type="java.lang.AssertionError">java.lang.AssertionError: expected:&lt;24&gt; but was:&lt;8186&gt;
	at org.junit.Assert.fail(Assert.java:88)
	at org.junit.Assert.failNotEquals(Assert.java:834)
	at org.junit.Assert.assertEquals(Assert.java:645)
	at org.junit.Assert.assertEquals(Assert.java:631)
	at com.pi.PyramidServiceTest.should_returns_24(PyramidServiceTest.java:45)
	at sun.reflect.NativeMethodAccessorImpl.invoke0(Native Method)
	at sun.reflect.NativeMethodAccessorImpl.invoke(NativeMethodAccessorImpl.java:62)
	at sun.reflect.DelegatingMethodAccessorImpl.invoke(DelegatingMethodAccessorImpl.java:43)
	at java.lang.reflect.Method.invoke(Method.java:498)
	at org.junit.runners.model.FrameworkMethod$1.runReflectiveCall(FrameworkMethod.java:50)
	at org.junit.internal.runners.model.ReflectiveCallable.run(ReflectiveCallable.java:12)
	at org.junit.runners.model.FrameworkMethod.invokeExplosively(FrameworkMethod.java:47)
	at org.junit.internal.runners.statements.InvokeMethod.evaluate(InvokeMethod.java:17)
	at org.junit.internal.runners.statements.RunBefores.evaluate(RunBefores.java:26)
	at org.junit.internal.runners.statements.RunAfters.evaluate(RunAfters.java:27)
	at org.junit.runners.ParentRunner.runLeaf(ParentRunner.java:325)
	at org.junit.runners.BlockJUnit4ClassRunner.runChild(BlockJUnit4ClassRunner.java:78)
	at org.junit.runners.BlockJUnit4ClassRunner.runChild(BlockJUnit4ClassRunner.java:57)
	at org.junit.runners.ParentRunner$3.run(ParentRunner.java:290)
	at org.junit.runners.ParentRunner$1.schedule(ParentRunner.java:71)
	at org.junit.runners.ParentRunner.runChildren(ParentRunner.java:288)
	at org.junit.runners.ParentRunner.access$000(ParentRunner.java:58)
	at org.junit.runners.ParentRunner$2.evaluate(ParentRunner.java:268)
	at org.junit.runners.ParentRunner.run(ParentRunner.java:363)
	at org.apache.maven.surefire.junit4.JUnit4TestSet.execute(JUnit4TestSet.java:53)
	at org.apache.maven.surefire.junit4.JUnit4Provider.executeTestSet(JUnit4Provider.java:123)
	at org.apache.maven.surefire.junit4.JUnit4Provider.invoke(JUnit4Provider.java:104)
	at sun.reflect.NativeMethodAccessorImpl.invoke0(Native Method)
	at sun.reflect.NativeMethodAccessorImpl.invoke(NativeMethodAccessorImpl.java:62)
	at sun.reflect.DelegatingMethodAccessorImpl.invoke(DelegatingMethodAccessorImpl.java:43)
	at java.lang.reflect.Method.invoke(Method.java:498)
	at org.apache.maven.surefire.util.ReflectionUtils.invokeMethodWithArray(ReflectionUtils.java:164)
	at org.apache.maven.surefire.booter.ProviderFactory$ProviderProxy.invoke(ProviderFactory.java:110)
	at org.apache.maven.surefire.booter.SurefireStarter.invokeProvider(SurefireStarter.java:175)
	at org.apache.maven.surefire.booter.SurefireStarter.runSuitesInProcessWhenForked(SurefireStarter.java:107)
	at org.apache.maven.surefire.booter.ForkedBooter.main(ForkedBooter.java:68)
</failure>
    <system-out>215 -&gt;   Toplam : 215
215 -&gt;   Toplam : 215
215 -&gt;   Toplam : 215
215 -&gt;   Toplam : 215
215 -&gt;   Toplam : 215
215 -&gt;   Toplam : 215
215 -&gt;   Toplam : 215
215 -&gt;   Toplam : 215
215 -&gt;   Toplam : 215
215 -&gt;   Toplam : 215
215 -&gt;   Toplam : 215
215 -&gt;   Toplam : 215
215 -&gt;   Toplam : 215
215 -&gt;   Toplam : 215
215 -&gt;   Toplam : 215
215 -&gt;   Toplam : 215
215 -&gt;   Toplam : 215
215 -&gt;   Toplam : 215
215 -&gt;   Toplam : 215
215 -&gt;   Toplam : 215
215 -&gt;   Toplam : 215
215 -&gt;   Toplam : 215
215 -&gt;   Toplam : 215
215 -&gt;   Toplam : 215
215 -&gt;   Toplam : 215
215 -&gt;   Toplam : 215
215 -&gt;   Toplam : 215
215 -&gt;   Toplam : 215
215 -&gt;   Toplam : 215
215 -&gt;   Toplam : 215
215 -&gt;   Toplam : 215
215 -&gt;   Toplam : 215
215 -&gt;   Toplam : 215
215 -&gt;   Toplam : 215
215 -&gt;   Toplam : 215
215 -&gt;   Toplam : 215
215 -&gt;   Toplam : 215
215 -&gt;   Toplam : 215
215 -&gt;   Toplam : 215
215 -&gt;   Toplam : 215
215 -&gt;   Toplam : 215
215 -&gt;   Toplam : 215
215 -&gt;   Toplam : 215
215 -&gt;   Toplam : 215
215 -&gt;   Toplam : 215
215 -&gt;   Toplam : 215
215 -&gt;   Toplam : 215
215 -&gt;   Toplam : 215
215 -&gt;   Toplam : 215
215 -&gt;   Toplam : 215
215 -&gt;   Toplam : 215
215 -&gt;   Toplam : 215
215 -&gt;   Toplam : 215
215 -&gt;   Toplam : 215
215 -&gt;   Toplam : 215
215 -&gt;   Toplam : 215
215 -&gt;   Toplam : 215
215 -&gt;   Toplam : 215
215 -&gt;   Toplam : 215
215 -&gt;   Toplam : 215
215 -&gt;   Toplam : 215
215 -&gt;   Toplam : 215
215 -&gt;   Toplam : 215
215 -&gt;   Toplam : 215
215 -&gt;   Toplam : 215
215 -&gt;   Toplam : 215
215 -&gt;   Toplam : 215
215 -&gt;   Toplam : 215
215 -&gt;   Toplam : 215
215 -&gt;   Toplam : 215
215 -&gt;   Toplam : 215
215 -&gt;   Toplam : 215
215 -&gt;   Toplam : 215
215 -&gt;   Toplam : 215
215 -&gt;   Toplam : 215
215 -&gt;   Toplam : 215
215 -&gt;   Toplam : 215
215 -&gt;   Toplam : 215
215 -&gt;   Toplam : 215
215 -&gt;   Toplam : 215
215 -&gt;   Toplam : 215
215 -&gt;   Toplam : 215
215 -&gt;   Toplam : 215
215 -&gt;   Toplam : 215
215 -&gt;   Toplam : 215
215 -&gt;   Toplam : 215
215 -&gt;   Toplam : 215
215 -&gt;   Toplam : 215
215 -&gt;   Toplam : 215
215 -&gt;   Toplam : 215
215 -&gt;   Toplam : 215
215 -&gt;   Toplam : 215
215 -&gt;   Toplam : 215
215 -&gt;   Toplam : 215
215 -&gt;   Toplam : 215
215 -&gt;   Toplam : 215
215 -&gt;   Toplam : 215
215 -&gt;   Toplam : 215
215 -&gt;   Toplam : 215
215 -&gt;   Toplam : 215
215 -&gt;   Toplam : 215
215 -&gt;   Toplam : 215
215 -&gt;   Toplam : 215
215 -&gt;   Toplam : 215
215 -&gt;   Toplam : 215
215 -&gt;   Toplam : 215
215 -&gt;   Toplam : 215
215 -&gt;   Toplam : 215
215 -&gt;   Toplam : 215
215 -&gt;   Toplam : 215
215 -&gt;   Toplam : 215
215 -&gt;   Toplam : 215
215 -&gt;   Toplam : 215
215 -&gt;   Toplam : 215
215 -&gt;   Toplam : 215
215 -&gt;   Toplam : 215
215 -&gt;   Toplam : 215
215 -&gt;   Toplam : 215
215 -&gt;   Toplam : 215
215 -&gt;   Toplam : 215
215 -&gt;   Toplam : 215
215 -&gt;   Toplam : 215
215 -&gt;   Toplam : 215
215 -&gt;   Toplam : 215
215 -&gt;   Toplam : 215
215 -&gt;   Toplam : 215
215 -&gt;   Toplam : 215
215 -&gt;   Toplam : 215
215 -&gt;   Toplam : 215
215 -&gt;   Toplam : 215
215 -&gt;   Toplam : 215
215 -&gt;   Toplam : 215
215 -&gt;   Toplam : 215
215 -&gt;   Toplam : 215
215 -&gt;   Toplam : 215
215 -&gt;   Toplam : 215
215 -&gt;   Toplam : 215
215 -&gt;   Toplam : 215
215 -&gt;   Toplam : 215
215 -&gt;   Toplam : 215
215 -&gt;   Toplam : 215
215 -&gt;   Toplam : 215
215 -&gt;   Toplam : 215
215 -&gt;   Toplam : 215
215 -&gt;   Toplam : 215
215 -&gt;   Toplam : 215
215 -&gt;   Toplam : 215
215 -&gt;   Toplam : 215
215 -&gt;   Toplam : 215
215 -&gt;   Toplam : 215
215 -&gt;   Toplam : 215
215 -&gt;   Toplam : 215
215 -&gt;   Toplam : 215
215 -&gt;   Toplam : 215
215 -&gt;   Toplam : 215
215 -&gt;   Toplam : 215
215 -&gt;   Toplam : 215
215 -&gt;   Toplam : 215
215 -&gt;   Toplam : 215
215 -&gt;   Toplam : 215
215 -&gt;   Toplam : 215
215 -&gt;   Toplam : 215
215 -&gt;   Toplam : 215
215 -&gt;   Toplam : 215
215 -&gt;   Toplam : 215
215 -&gt;   Toplam : 215
215 -&gt;   Toplam : 215
215 -&gt;   Toplam : 215
215 -&gt;   Toplam : 215
215 -&gt;   Toplam : 215
215 -&gt;   Toplam : 215
215 -&gt;   Toplam : 215
215 -&gt;   Toplam : 215
215 -&gt;   Toplam : 215
215 -&gt;   Toplam : 215
215 -&gt;   Toplam : 215
215 -&gt;   Toplam : 215
215 -&gt;   Toplam : 215
215 -&gt;   Toplam : 215
215 -&gt;   Toplam : 215
215 -&gt;   Toplam : 215
215 -&gt;   Toplam : 215
215 -&gt;   Toplam : 215
215 -&gt;   Toplam : 215
215 -&gt;   Toplam : 215
215 -&gt;   Toplam : 215
215 -&gt;   Toplam : 215
215 -&gt;   Toplam : 215
215 -&gt;   Toplam : 215
215 -&gt;   Toplam : 215
215 -&gt;   Toplam : 215
215 -&gt;   Toplam : 215
215 -&gt;   Toplam : 215
215 -&gt;   Toplam : 215
215 -&gt;   Toplam : 215
215 -&gt;   Toplam : 215
215 -&gt;   Toplam : 215
215 -&gt;   Toplam : 215
215 -&gt;   Toplam : 215
215 -&gt;   Toplam : 215
215 -&gt;   Toplam : 215
215 -&gt;   Toplam : 215
215 -&gt;   Toplam : 215
215 -&gt;   Toplam : 215
215 -&gt;   Toplam : 215
215 -&gt;   Toplam : 215
215 -&gt;   Toplam : 215
215 -&gt;   Toplam : 215
215 -&gt;   Toplam : 215
215 -&gt;   Toplam : 215
215 -&gt;   Toplam : 215
215 -&gt;   Toplam : 215
215 -&gt;   Toplam : 215
215 -&gt;   Toplam : 215
215 -&gt;   Toplam : 215
215 -&gt;   Toplam : 215
215 -&gt;   Toplam : 215
215 -&gt;   Toplam : 215
215 -&gt;   Toplam : 215
215 -&gt;   Toplam : 215
215 -&gt;   Toplam : 215
215 -&gt;   Toplam : 215
215 -&gt;   Toplam : 215
215 -&gt;   Toplam : 215
215 -&gt;   Toplam : 215
215 -&gt;   Toplam : 215
215 -&gt;   Toplam : 215
215 -&gt;   Toplam : 215
215 -&gt;   Toplam : 215
215 -&gt;   Toplam : 215
215 -&gt;   Toplam : 215
215 -&gt;   Toplam : 215
215 -&gt;   Toplam : 215
215 -&gt;   Toplam : 215
215 -&gt;   Toplam : 215
215 -&gt;   Toplam : 215
215 -&gt;   Toplam : 215
215 -&gt;   Toplam : 215
215 -&gt;   Toplam : 215
215 -&gt;   Toplam : 215
215 -&gt;   Toplam : 215
215 -&gt;   Toplam : 215
215 -&gt;   Toplam : 215
215 -&gt;   Toplam : 215
215 -&gt;   Toplam : 215
215 -&gt;   Toplam : 215
215 -&gt;   Toplam : 215
215 -&gt;   Toplam : 215
215 -&gt;   Toplam : 215
215 -&gt;   Toplam : 215
215 -&gt;   Toplam : 215
215 -&gt;   Toplam : 215
215 -&gt;   Toplam : 215
215 -&gt;   Toplam : 215
215 -&gt;   Toplam : 215
215 -&gt;   Toplam : 215
215 -&gt;   Toplam : 215
215 -&gt;   Toplam : 215
215 -&gt;   Toplam : 215
215 -&gt;   Toplam : 215
215 -&gt;   Toplam : 215
215 -&gt;   Toplam : 215
215 -&gt;   Toplam : 215
215 -&gt;   Toplam : 215
215 -&gt;   Toplam : 215
215 -&gt;   Toplam : 215
215 -&gt;   Toplam : 215
215 -&gt;   Toplam : 215
215 -&gt;   Toplam : 215
215 -&gt;   Toplam : 215
215 -&gt;   Toplam : 215
215 -&gt;   Toplam : 215
215 -&gt;   Toplam : 215
215 -&gt;   Toplam : 215
215 -&gt;   Toplam : 215
215 -&gt;   Toplam : 215
215 -&gt;   Toplam : 215
215 -&gt;   Toplam : 215
215 -&gt;   Toplam : 215
215 -&gt;   Toplam : 215
215 -&gt;   Toplam : 215
215 -&gt;   Toplam : 215
215 -&gt;   Toplam : 215
215 -&gt;   Toplam : 215
215 -&gt;   Toplam : 215
215 -&gt;   Toplam : 215
215 -&gt;   Toplam : 215
215 -&gt;   Toplam : 215
215 -&gt;   Toplam : 215
215 -&gt;   Toplam : 215
215 -&gt;   Toplam : 215
215 -&gt;   Toplam : 215
215 -&gt;   Toplam : 215
215 -&gt;   Toplam : 215
215 -&gt;   Toplam : 215
215 -&gt;   Toplam : 215
215 -&gt;   Toplam : 215
215 -&gt;   Toplam : 215
215 -&gt;   Toplam : 215
215 -&gt;   Toplam : 215
215 -&gt;   Toplam : 215
215 -&gt;   Toplam : 215
215 -&gt;   Toplam : 215
215 -&gt;   Toplam : 215
215 -&gt;   Toplam : 215
215 -&gt;   Toplam : 215
215 -&gt;   Toplam : 215
215 -&gt;   Toplam : 215
215 -&gt;   Toplam : 215
215 -&gt;   Toplam : 215
215 -&gt;   Toplam : 215
215 -&gt;   Toplam : 215
215 -&gt;   Toplam : 215
215 -&gt;   Toplam : 215
215 -&gt;   Toplam : 215
215 -&gt;   Toplam : 215
215 -&gt;   Toplam : 215
215 -&gt;   Toplam : 215
215 -&gt;   Toplam : 215
215 -&gt;   Toplam : 215
215 -&gt;   Toplam : 215
215 -&gt;   Toplam : 215
215 -&gt;   Toplam : 215
215 -&gt;   Toplam : 215
215 -&gt;   Toplam : 215
215 -&gt;   Toplam : 215
215 -&gt;   Toplam : 215
215 -&gt;   Toplam : 215
215 -&gt;   Toplam : 215
215 -&gt;   Toplam : 215
215 -&gt;   Toplam : 215
215 -&gt;   Toplam : 215
215 -&gt;   Toplam : 215
215 -&gt;   Toplam : 215
215 -&gt;   Toplam : 215
215 -&gt;   Toplam : 215
215 -&gt;   Toplam : 215
215 -&gt;   Toplam : 215
215 -&gt;   Toplam : 215
215 -&gt;   Toplam : 215
215 -&gt;   Toplam : 215
215 -&gt;   Toplam : 215
215 -&gt;   Toplam : 215
215 -&gt;   Toplam : 215
215 -&gt;   Toplam : 215
215 -&gt;   Toplam : 215
215 -&gt;   Toplam : 215
215 -&gt;   Toplam : 215
215 -&gt;   Toplam : 215
215 -&gt;   Toplam : 215
215 -&gt;   Toplam : 215
215 -&gt;   Toplam : 215
215 -&gt;   Toplam : 215
215 -&gt;   Toplam : 215
215 -&gt;   Toplam : 215
215 -&gt;   Toplam : 215
215 -&gt;   Toplam : 215
215 -&gt;   Toplam : 215
215 -&gt;   Toplam : 215
215 -&gt;   Toplam : 215
215 -&gt;   Toplam : 215
215 -&gt;   Toplam : 215
215 -&gt;   Toplam : 215
215 -&gt;   Toplam : 215
215 -&gt;   Toplam : 215
215 -&gt;   Toplam : 215
215 -&gt;   Toplam : 215
215 -&gt;   Toplam : 215
215 -&gt;   Toplam : 215
215 -&gt;   Toplam : 215
215 -&gt;   Toplam : 215
215 -&gt;   Toplam : 215
215 -&gt;   Toplam : 215
215 -&gt;   Toplam : 215
215 -&gt;   Toplam : 215
215 -&gt;   Toplam : 215
215 -&gt;   Toplam : 215
215 -&gt;   Toplam : 215
215 -&gt;   Toplam : 215
215 -&gt;   Toplam : 215
215 -&gt;   Toplam : 215
215 -&gt;   Toplam : 215
215 -&gt;   Toplam : 215
215 -&gt;   Toplam : 215
215 -&gt;   Toplam : 215
215 -&gt;   Toplam : 215
215 -&gt;   Toplam : 215
215 -&gt;   Toplam : 215
215 -&gt;   Toplam : 215
215 -&gt;   Toplam : 215
215 -&gt;   Toplam : 215
215 -&gt;   Toplam : 215
215 -&gt;   Toplam : 215
215 -&gt;   Toplam : 215
215 -&gt;   Toplam : 215
215 -&gt;   Toplam : 215
215 -&gt;   Toplam : 215
215 -&gt;   Toplam : 215
215 -&gt;   Toplam : 215
215 -&gt;   Toplam : 215
215 -&gt;   Toplam : 215
215 -&gt;   Toplam : 215
215 -&gt;   Toplam : 215
215 -&gt;   Toplam : 215
215 -&gt;   Toplam : 215
215 -&gt;   Toplam : 215
215 -&gt;   Toplam : 215
215 -&gt;   Toplam : 215
215 -&gt;   Toplam : 215
215 -&gt;   Toplam : 215
215 -&gt;   Toplam : 215
215 -&gt;   Toplam : 215
215 -&gt;   Toplam : 215
215 -&gt;   Toplam : 215
215 -&gt;   Toplam : 215
215 -&gt;   Toplam : 215
215 -&gt;   Toplam : 215
215 -&gt;   Toplam : 215
215 -&gt;   Toplam : 215
215 -&gt;   Toplam : 215
215 -&gt;   Toplam : 215
215 -&gt;   Toplam : 215
215 -&gt;   Toplam : 215
215 -&gt;   Toplam : 215
215 -&gt;   Toplam : 215
215 -&gt;   Toplam : 215
215 -&gt;   Toplam : 215
215 -&gt;   Toplam : 215
215 -&gt;   Toplam : 215
215 -&gt;   Toplam : 215
215 -&gt;   Toplam : 215
215 -&gt;   Toplam : 215
215 -&gt;   Toplam : 215
215 -&gt;   Toplam : 215
215 -&gt;   Toplam : 215
215 -&gt;   Toplam : 215
215 -&gt;   Toplam : 215
215 -&gt;   Toplam : 215
215 -&gt;   Toplam : 215
215 -&gt;   Toplam : 215
215 -&gt;   Toplam : 215
215 -&gt;   Toplam : 215
215 -&gt;   Toplam : 215
215 -&gt;   Toplam : 215
215 -&gt;   Toplam : 215
215 -&gt;   Toplam : 215
215 -&gt;   Toplam : 215
215 -&gt;   Toplam : 215
215 -&gt;   Toplam : 215
215 -&gt;   Toplam : 215
215 -&gt;   Toplam : 215
215 -&gt;   Toplam : 215
215 -&gt;   Toplam : 215
215 -&gt;   Toplam : 215
215 -&gt;   Toplam : 215
215 -&gt;   Toplam : 215
215 -&gt;   Toplam : 215
215 -&gt;   Toplam : 215
215 -&gt;   Toplam : 215
215 -&gt;   Toplam : 215
215 -&gt;   Toplam : 215
215 -&gt;   Toplam : 215
215 -&gt;   Toplam : 215
215 -&gt;   Toplam : 215
215 -&gt;   Toplam : 215
215 -&gt;   Toplam : 215
215 -&gt;   Toplam : 215
215 -&gt;   Toplam : 215
215 -&gt;   Toplam : 215
215 -&gt;   Toplam : 215
215 -&gt;   Toplam : 215
215 -&gt;   Toplam : 215
215 -&gt;   Toplam : 215
215 -&gt;   Toplam : 215
215 -&gt;   Toplam : 215
215 -&gt;   Toplam : 215
215 -&gt;   Toplam : 215
215 -&gt;   Toplam : 215
215 -&gt;   Toplam : 215
215 -&gt;   Toplam : 215
215 -&gt;   Toplam : 215
215 -&gt;   Toplam : 215
215 -&gt;   Toplam : 215
215 -&gt;   Toplam : 215
215 -&gt;   Toplam : 215
215 -&gt;   Toplam : 215
215 -&gt;   Toplam : 215
215 -&gt;   Toplam : 215
215 -&gt;   Toplam : 215
215 -&gt;   Toplam : 215
215 -&gt;   Toplam : 215
215 -&gt;   Toplam : 215
215 -&gt;   Toplam : 215
215 -&gt;   Toplam : 215
215 -&gt;   Toplam : 215
215 -&gt;   Toplam : 215
215 -&gt;   Toplam : 215
215 -&gt;   Toplam : 215
215 -&gt;   Toplam : 215
215 -&gt;   Toplam : 215
215 -&gt;   Toplam : 215
215 -&gt;   Toplam : 215
215 -&gt;   Toplam : 215
215 -&gt;   Toplam : 215
215 -&gt;   Toplam : 215
215 -&gt;   Toplam : 215
215 -&gt;   Toplam : 215
215 -&gt;   Toplam : 215
215 -&gt;   Toplam : 215
215 -&gt;   Toplam : 215
215 -&gt;   Toplam : 215
215 -&gt;   Toplam : 215
215 -&gt;   Toplam : 215
215 -&gt;   Toplam : 215
215 -&gt;   Toplam : 215
215 -&gt;   Toplam : 215
215 -&gt;   Toplam : 215
215 -&gt;   Toplam : 215
215 -&gt;   Toplam : 215
215 -&gt;   Toplam : 215
215 -&gt;   Toplam : 215
215 -&gt;   Toplam : 215
215 -&gt;   Toplam : 215
215 -&gt;   Toplam : 215
215 -&gt;   Toplam : 215
215 -&gt;   Toplam : 215
215 -&gt;   Toplam : 215
215 -&gt;   Toplam : 215
215 -&gt;   Toplam : 215
215 -&gt;   Toplam : 215
215 -&gt;   Toplam : 215
215 -&gt;   Toplam : 215
215 -&gt;   Toplam : 215
215 -&gt;   Toplam : 215
215 -&gt;   Toplam : 215
215 -&gt;   Toplam : 215
215 -&gt;   Toplam : 215
215 -&gt;   Toplam : 215
215 -&gt;   Toplam : 215
215 -&gt;   Toplam : 215
215 -&gt;   Toplam : 215
215 -&gt;   Toplam : 215
215 -&gt;   Toplam : 215
215 -&gt;   Toplam : 215
215 -&gt;   Toplam : 215
215 -&gt;   Toplam : 215
215 -&gt;   Toplam : 215
215 -&gt;   Toplam : 215
215 -&gt;   Toplam : 215
215 -&gt;   Toplam : 215
215 -&gt;   Toplam : 215
215 -&gt;   Toplam : 215
215 -&gt;   Toplam : 215
215 -&gt;   Toplam : 215
215 -&gt;   Toplam : 215
215 -&gt;   Toplam : 215
215 -&gt;   Toplam : 215
215 -&gt;   Toplam : 215
215 -&gt;   Toplam : 215
215 -&gt;   Toplam : 215
215 -&gt;   Toplam : 215
215 -&gt;   Toplam : 215
215 -&gt;   Toplam : 215
215 -&gt;   Toplam : 215
215 -&gt;   Toplam : 215
215 -&gt;   Toplam : 215
215 -&gt;   Toplam : 215
215 -&gt;   Toplam : 215
215 -&gt;   Toplam : 215
215 -&gt;   Toplam : 215
215 -&gt;   Toplam : 215
215 -&gt;   Toplam : 215
215 -&gt;   Toplam : 215
215 -&gt;   Toplam : 215
215 -&gt;   Toplam : 215
215 -&gt;   Toplam : 215
215 -&gt;   Toplam : 215
215 -&gt;   Toplam : 215
215 -&gt;   Toplam : 215
215 -&gt;   Toplam : 215
215 -&gt;   Toplam : 215
215 -&gt;   Toplam : 215
215 -&gt;   Toplam : 215
215 -&gt;   Toplam : 215
215 -&gt;   Toplam : 215
215 -&gt;   Toplam : 215
215 -&gt;   Toplam : 215
215 -&gt;   Toplam : 215
215 -&gt;   Toplam : 215
215 -&gt;   Toplam : 215
215 -&gt;   Toplam : 215
215 -&gt;   Toplam : 215
215 -&gt;   Toplam : 215
215 -&gt;   Toplam : 215
215 -&gt;   Toplam : 215
215 -&gt;   Toplam : 215
215 -&gt;   Toplam : 215
215 -&gt;   Toplam : 215
215 -&gt;   Toplam : 215
215 -&gt;   Toplam : 215
215 -&gt;   Toplam : 215
215 -&gt;   Toplam : 215
215 -&gt;   Toplam : 215
215 -&gt;   Toplam : 215
215 -&gt;   Toplam : 215
215 -&gt;   Toplam : 215
215 -&gt;   Toplam : 215
215 -&gt;   Toplam : 215
215 -&gt;   Toplam : 215
215 -&gt;   Toplam : 215
215 -&gt;   Toplam : 215
215 -&gt;   Toplam : 215
215 -&gt;   Toplam : 215
215 -&gt;   Toplam : 215
215 -&gt;   Toplam : 215
215 -&gt;   Toplam : 215
215 -&gt;   Toplam : 215
215 -&gt;   Toplam : 215
215 -&gt;   Toplam : 215
215 -&gt;   Toplam : 215
215 -&gt;   Toplam : 215
215 -&gt;   Toplam : 215
215 -&gt;   Toplam : 215
215 -&gt;   Toplam : 215
215 -&gt;   Toplam : 215
215 -&gt;   Toplam : 215
215 -&gt;   Toplam : 215
215 -&gt;   Toplam : 215
215 -&gt;   Toplam : 215
215 -&gt;   Toplam : 215
215 -&gt;   Toplam : 215
215 -&gt;   Toplam : 215
215 -&gt;   Toplam : 215
215 -&gt;   Toplam : 215
215 -&gt;   Toplam : 215
215 -&gt;   Toplam : 215
215 -&gt;   Toplam : 215
215 -&gt;   Toplam : 215
215 -&gt;   Toplam : 215
215 -&gt;   Toplam : 215
215 -&gt;   Toplam : 215
215 -&gt;   Toplam : 215
215 -&gt;   Toplam : 215
215 -&gt;   Toplam : 215
215 -&gt;   Toplam : 215
215 -&gt;   Toplam : 215
215 -&gt;   Toplam : 215
215 -&gt;   Toplam : 215
215 -&gt;   Toplam : 215
215 -&gt;   Toplam : 215
215 -&gt;   Toplam : 215
215 -&gt;   Toplam : 215
215 -&gt;   Toplam : 215
215 -&gt;   Toplam : 215
215 -&gt;   Toplam : 215
215 -&gt;   Toplam : 215
215 -&gt;   Toplam : 215
215 -&gt;   Toplam : 215
215 -&gt;   Toplam : 215
215 -&gt;   Toplam : 215
215 -&gt;   Toplam : 215
215 -&gt;   Toplam : 215
215 -&gt;   Toplam : 215
215 -&gt;   Toplam : 215
215 -&gt;   Toplam : 215
215 -&gt;   Toplam : 215
215 -&gt;   Toplam : 215
215 -&gt;   Toplam : 215
215 -&gt;   Toplam : 215
215 -&gt;   Toplam : 215
215 -&gt;   Toplam : 215
215 -&gt;   Toplam : 215
215 -&gt;   Toplam : 215
215 -&gt;   Toplam : 215
215 -&gt;   Toplam : 215
215 -&gt;   Toplam : 215
215 -&gt;   Toplam : 215
215 -&gt;   Toplam : 215
215 -&gt;   Toplam : 215
215 -&gt;   Toplam : 215
215 -&gt;   Toplam : 215
215 -&gt;   Toplam : 215
215 -&gt;   Toplam : 215
215 -&gt;   Toplam : 215
215 -&gt;   Toplam : 215
215 -&gt;   Toplam : 215
215 -&gt;   Toplam : 215
215 -&gt;   Toplam : 215
215 -&gt;   Toplam : 215
215 -&gt;   Toplam : 215
215 -&gt;   Toplam : 215
215 -&gt;   Toplam : 215
215 -&gt;   Toplam : 215
215 -&gt;   Toplam : 215
215 -&gt;   Toplam : 215
215 -&gt;   Toplam : 215
215 -&gt;   Toplam : 215
215 -&gt;   Toplam : 215
215 -&gt;   Toplam : 215
215 -&gt;   Toplam : 215
215 -&gt;   Toplam : 215
215 -&gt;   Toplam : 215
215 -&gt;   Toplam : 215
215 -&gt;   Toplam : 215
215 -&gt;   Toplam : 215
215 -&gt;   Toplam : 215
215 -&gt;   Toplam : 215
215 -&gt;   Toplam : 215
215 -&gt;   Toplam : 215
215 -&gt;   Toplam : 215
215 -&gt;   Toplam : 215
215 -&gt;   Toplam : 215
215 -&gt;   Toplam : 215
215 -&gt;   Toplam : 215
215 -&gt;   Toplam : 215
215 -&gt;   Toplam : 215
215 -&gt;   Toplam : 215
215 -&gt;   Toplam : 215
215 -&gt;   Toplam : 215
215 -&gt;   Toplam : 215
215 -&gt;   Toplam : 215
215 -&gt;   Toplam : 215
215 -&gt;   Toplam : 215
215 -&gt;   Toplam : 215
215 -&gt;   Toplam : 215
215 -&gt;   Toplam : 215
215 -&gt;   Toplam : 215
215 -&gt;   Toplam : 215
215 -&gt;   Toplam : 215
215 -&gt;   Toplam : 215
215 -&gt;   Toplam : 215
215 -&gt;   Toplam : 215
215 -&gt;   Toplam : 215
215 -&gt;   Toplam : 215
215 -&gt;   Toplam : 215
215 -&gt;   Toplam : 215
215 -&gt;   Toplam : 215
215 -&gt;   Toplam : 215
215 -&gt;   Toplam : 215
215 -&gt;   Toplam : 215
215 -&gt;   Toplam : 215
215 -&gt;   Toplam : 215
215 -&gt;   Toplam : 215
215 -&gt;   Toplam : 215
215 -&gt;   Toplam : 215
215 -&gt;   Toplam : 215
215 -&gt;   Toplam : 215
215 -&gt;   Toplam : 215
215 -&gt;   Toplam : 215
215 -&gt;   Toplam : 215
215 -&gt;   Toplam : 215
215 -&gt;   Toplam : 215
215 -&gt;   Toplam : 215
215 -&gt;   Toplam : 215
215 -&gt;   Toplam : 215
215 -&gt;   Toplam : 215
215 -&gt;   Toplam : 215
215 -&gt;   Toplam : 215
215 -&gt;   Toplam : 215
215 -&gt;   Toplam : 215
215 -&gt;   Toplam : 215
215 -&gt;   Toplam : 215
215 -&gt;   Toplam : 215
215 -&gt;   Toplam : 215
215 -&gt;   Toplam : 215
215 -&gt;   Toplam : 215
215 -&gt;   Toplam : 215
215 -&gt;   Toplam : 215
215 -&gt;   Toplam : 215
215 -&gt;   Toplam : 215
215 -&gt;   Toplam : 215
215 -&gt;   Toplam : 215
215 -&gt;   Toplam : 215
215 -&gt;   Toplam : 215
215 -&gt;   Toplam : 215
215 -&gt;   Toplam : 215
215 -&gt;   Toplam : 215
215 -&gt;   Toplam : 215
215 -&gt;   Toplam : 215
215 -&gt;   Toplam : 215
215 -&gt;   Toplam : 215
215 -&gt;   Toplam : 215
215 -&gt;   Toplam : 215
215 -&gt;   Toplam : 215
215 -&gt;   Toplam : 215
215 -&gt;   Toplam : 215
215 -&gt;   Toplam : 215
215 -&gt;   Toplam : 215
215 -&gt;   Toplam : 215
215 -&gt;   Toplam : 215
215 -&gt;   Toplam : 215
215 -&gt;   Toplam : 215
215 -&gt;   Toplam : 215
215 -&gt;   Toplam : 215
215 -&gt;   Toplam : 215
215 -&gt;   Toplam : 215
215 -&gt;   Toplam : 215
215 -&gt;   Toplam : 215
215 -&gt;   Toplam : 215
215 -&gt;   Toplam : 215
215 -&gt;   Toplam : 215
215 -&gt;   Toplam : 215
215 -&gt;   Toplam : 215
215 -&gt;   Toplam : 215
215 -&gt;   Toplam : 215
215 -&gt;   Toplam : 215
215 -&gt;   Toplam : 215
215 -&gt;   Toplam : 215
215 -&gt;   Toplam : 215
215 -&gt;   Toplam : 215
215 -&gt;   Toplam : 215
215 -&gt;   Toplam : 215
215 -&gt;   Toplam : 215
215 -&gt;   Toplam : 215
215 -&gt;   Toplam : 215
215 -&gt;   Toplam : 215
215 -&gt;   Toplam : 215
215 -&gt;   Toplam : 215
215 -&gt;   Toplam : 215
215 -&gt;   Toplam : 215
215 -&gt;   Toplam : 215
215 -&gt;   Toplam : 215
215 -&gt;   Toplam : 215
215 -&gt;   Toplam : 215
215 -&gt;   Toplam : 215
215 -&gt;   Toplam : 215
215 -&gt;   Toplam : 215
215 -&gt;   Toplam : 215
215 -&gt;   Toplam : 215
215 -&gt;   Toplam : 215
215 -&gt;   Toplam : 215
215 -&gt;   Toplam : 215
215 -&gt;   Toplam : 215
215 -&gt;   Toplam : 215
215 -&gt;   Toplam : 215
215 -&gt;   Toplam : 215
215 -&gt;   Toplam : 215
215 -&gt;   Toplam : 215
215 -&gt;   Toplam : 215
215 -&gt;   Toplam : 215
215 -&gt;   Toplam : 215
215 -&gt;   Toplam : 215
215 -&gt;   Toplam : 215
215 -&gt;   Toplam : 215
215 -&gt;   Toplam : 215
215 -&gt;   Toplam : 215
215 -&gt;   Toplam : 215
215 -&gt;   Toplam : 215
215 -&gt;   Toplam : 215
215 -&gt;   Toplam : 215
215 -&gt;   Toplam : 215
215 -&gt;   Toplam : 215
215 -&gt;   Toplam : 215
215 -&gt;   Toplam : 215
215 -&gt;   Toplam : 215
215 -&gt;   Toplam : 215
215 -&gt;   Toplam : 215
215 -&gt;   Toplam : 215
215 -&gt;   Toplam : 215
215 -&gt;   Toplam : 215
215 -&gt;   Toplam : 215
215 -&gt;   Toplam : 215
215 -&gt;   Toplam : 215
215 -&gt;   Toplam : 215
215 -&gt;   Toplam : 215
215 -&gt;   Toplam : 215
215 -&gt;   Toplam : 215
215 -&gt;   Toplam : 215
215 -&gt;   Toplam : 215
215 -&gt;   Toplam : 215
215 -&gt;   Toplam : 215
215 -&gt;   Toplam : 215
215 -&gt;   Toplam : 215
215 -&gt;   Toplam : 215
215 -&gt;   Toplam : 215
215 -&gt;   Toplam : 215
215 -&gt;   Toplam : 215
215 -&gt;   Toplam : 215
215 -&gt;   Toplam : 215
215 -&gt;   Toplam : 215
215 -&gt;   Toplam : 215
215 -&gt;   Toplam : 215
215 -&gt;   Toplam : 215
215 -&gt;   Toplam : 215
215 -&gt;   Toplam : 215
215 -&gt;   Toplam : 215
215 -&gt;   Toplam : 215
215 -&gt;   Toplam : 215
215 -&gt;   Toplam : 215
215 -&gt;   Toplam : 215
215 -&gt;   Toplam : 215
215 -&gt;   Toplam : 215
215 -&gt;   Toplam : 215
215 -&gt;   Toplam : 215
215 -&gt;   Toplam : 215
215 -&gt;   Toplam : 215
215 -&gt;   Toplam : 215
215 -&gt;   Toplam : 215
215 -&gt;   Toplam : 215
215 -&gt;   Toplam : 215
215 -&gt;   Toplam : 215
215 -&gt;   Toplam : 215
215 -&gt;   Toplam : 215
215 -&gt;   Toplam : 215
215 -&gt;   Toplam : 215
215 -&gt;   Toplam : 215
215 -&gt;   Toplam : 215
215 -&gt;   Toplam : 215
215 -&gt;   Toplam : 215
215 -&gt;   Toplam : 215
215 -&gt;   Toplam : 215
215 -&gt;   Toplam : 215
215 -&gt;   Toplam : 215
215 -&gt;   Toplam : 215
215 -&gt;   Toplam : 215
215 -&gt;   Toplam : 215
215 -&gt;   Toplam : 215
215 -&gt;   Toplam : 215
215 -&gt;   Toplam : 215
215 -&gt;   Toplam : 215
215 -&gt;   Toplam : 215
215 -&gt;   Toplam : 215
215 -&gt;   Toplam : 215
215 -&gt;   Toplam : 215
215 -&gt;   Toplam : 215
215 -&gt;   Toplam : 215
215 -&gt;   Toplam : 215
215 -&gt;   Toplam : 215
215 -&gt;   Toplam : 215
215 -&gt;   Toplam : 215
215 -&gt;   Toplam : 215
215 -&gt;   Toplam : 215
215 -&gt;   Toplam : 215
215 -&gt;   Toplam : 215
215 -&gt;   Toplam : 215
215 -&gt;   Toplam : 215
215 -&gt;   Toplam : 215
215 -&gt;   Toplam : 215
215 -&gt;   Toplam : 215
215 -&gt;   Toplam : 215
215 -&gt;   Toplam : 215
215 -&gt;   Toplam : 215
215 -&gt;   Toplam : 215
215 -&gt;   Toplam : 215
215 -&gt;   Toplam : 215
215 -&gt;   Toplam : 215
215 -&gt;   Toplam : 215
215 -&gt;   Toplam : 215
215 -&gt;   Toplam : 215
215 -&gt;   Toplam : 215
215 -&gt;   Toplam : 215
215 -&gt;   Toplam : 215
215 -&gt;   Toplam : 215
215 -&gt;   Toplam : 215
215 -&gt;   Toplam : 215
215 -&gt;   Toplam : 215
215 -&gt;   Toplam : 215
215 -&gt;   Toplam : 215
215 -&gt;   Toplam : 215
215 -&gt;   Toplam : 215
215 -&gt;   Toplam : 215
215 -&gt;   Toplam : 215
215 -&gt;   Toplam : 215
215 -&gt;   Toplam : 215
215 -&gt;   Toplam : 215
215 -&gt;   Toplam : 215
215 -&gt;   Toplam : 215
215 -&gt;   Toplam : 215
215 -&gt;   Toplam : 215
215 -&gt;   Toplam : 215
215 -&gt;   Toplam : 215
215 -&gt;   Toplam : 215
215 -&gt;   Toplam : 215
215 -&gt;   Toplam : 215
215 -&gt;   Toplam : 215
215 -&gt;   Toplam : 215
215 -&gt;   Toplam : 215
215 -&gt;   Toplam : 215
215 -&gt;   Toplam : 215
215 -&gt;   Toplam : 215
215 -&gt;   Toplam : 215
215 -&gt;   Toplam : 215
215 -&gt;   Toplam : 215
215 -&gt;   Toplam : 215
215 -&gt;   Toplam : 215
215 -&gt;   Toplam : 215
215 -&gt;   Toplam : 215
215 -&gt;   Toplam : 215
215 -&gt;   Toplam : 215
215 -&gt;   Toplam : 215
215 -&gt;   Toplam : 215
215 -&gt;   Toplam : 215
215 -&gt;   Toplam : 215
215 -&gt;   Toplam : 215
215 -&gt;   Toplam : 215
215 -&gt;   Toplam : 215
215 -&gt;   Toplam : 215
215 -&gt;   Toplam : 215
215 -&gt;   Toplam : 215
215 -&gt;   Toplam : 215
215 -&gt;   Toplam : 215
215 -&gt;   Toplam : 215
215 -&gt;   Toplam : 215
215 -&gt;   Toplam : 215
215 -&gt;   Toplam : 215
215 -&gt;   Toplam : 215
215 -&gt;   Toplam : 215
215 -&gt;   Toplam : 215
215 -&gt;   Toplam : 215
215 -&gt;   Toplam : 215
215 -&gt;   Toplam : 215
215 -&gt;   Toplam : 215
215 -&gt;   Toplam : 215
215 -&gt;   Toplam : 215
215 -&gt;   Toplam : 215
215 -&gt;   Toplam : 215
215 -&gt;   Toplam : 215
215 -&gt;   Toplam : 215
215 -&gt;   Toplam : 215
215 -&gt;   Toplam : 215
215 -&gt;   Toplam : 215
215 -&gt;   Toplam : 215
215 -&gt;   Toplam : 215
215 -&gt;   Toplam : 215
215 -&gt;   Toplam : 215
215 -&gt;   Toplam : 215
215 -&gt;   Toplam : 215
215 -&gt;   Toplam : 215
215 -&gt;   Toplam : 215
215 -&gt;   Toplam : 215
215 -&gt;   Toplam : 215
215 -&gt;   Toplam : 215
215 -&gt;   Toplam : 215
215 -&gt;   Toplam : 215
215 -&gt;   Toplam : 215
215 -&gt;   Toplam : 215
215 -&gt;   Toplam : 215
215 -&gt;   Toplam : 215
215 -&gt;   Toplam : 215
215 -&gt;   Toplam : 215
215 -&gt;   Toplam : 215
215 -&gt;   Toplam : 215
215 -&gt;   Toplam : 215
215 -&gt;   Toplam : 215
215 -&gt;   Toplam : 215
215 -&gt;   Toplam : 215
215 -&gt;   Toplam : 215
215 -&gt;   Toplam : 215
215 -&gt;   Toplam : 215
215 -&gt;   Toplam : 215
215 -&gt;   Toplam : 215
215 -&gt;   Toplam : 215
215 -&gt;   Toplam : 215
215 -&gt;   Toplam : 215
215 -&gt;   Toplam : 215
215 -&gt;   Toplam : 215
215 -&gt;   Toplam : 215
215 -&gt;   Toplam : 215
215 -&gt;   Toplam : 215
215 -&gt;   Toplam : 215
215 -&gt;   Toplam : 215
215 -&gt;   Toplam : 215
215 -&gt;   Toplam : 215
215 -&gt;   Toplam : 215
215 -&gt;   Toplam : 215
215 -&gt;   Toplam : 215
215 -&gt;   Toplam : 215
215 -&gt;   Toplam : 215
215 -&gt;   Toplam : 215
215 -&gt;   Toplam : 215
215 -&gt;   Toplam : 215
215 -&gt;   Toplam : 215
215 -&gt;   Toplam : 215
215 -&gt;   Toplam : 215
215 -&gt;   Toplam : 215
215 -&gt;   Toplam : 215
215 -&gt;   Toplam : 215
215 -&gt;   Toplam : 215
215 -&gt;   Toplam : 215
215 -&gt;   Toplam : 215
215 -&gt;   Toplam : 215
215 -&gt;   Toplam : 215
215 -&gt;   Toplam : 215
215 -&gt;   Toplam : 215
215 -&gt;   Toplam : 215
215 -&gt;   Toplam : 215
215 -&gt;   Toplam : 215
215 -&gt;   Toplam : 215
215 -&gt;   Toplam : 215
215 -&gt;   Toplam : 215
215 -&gt;   Toplam : 215
215 -&gt;   Toplam : 215
215 -&gt;   Toplam : 215
215 -&gt;   Toplam : 215
215 -&gt;   Toplam : 215
215 -&gt;   Toplam : 215
215 -&gt;   Toplam : 215
215 -&gt;   Toplam : 215
215 -&gt;   Toplam : 215
215 -&gt;   Toplam : 215
215 -&gt;   Toplam : 215
215 -&gt;   Toplam : 215
215 -&gt;   Toplam : 215
215 -&gt;   Toplam : 215
215 -&gt;   Toplam : 215
215 -&gt;   Toplam : 215
215 -&gt;   Toplam : 215
215 -&gt;   Toplam : 215
215 -&gt;   Toplam : 215
215 -&gt;   Toplam : 215
215 -&gt;   Toplam : 215
215 -&gt;   Toplam : 215
215 -&gt;   Toplam : 215
215 -&gt;   Toplam : 215
215 -&gt;   Toplam : 215
215 -&gt;   Toplam : 215
215 -&gt;   Toplam : 215
215 -&gt;   Toplam : 215
215 -&gt;   Toplam : 215
215 -&gt;   Toplam : 215
215 -&gt;   Toplam : 215
215 -&gt;   Toplam : 215
215 -&gt;   Toplam : 215
215 -&gt;   Toplam : 215
215 -&gt;   Toplam : 215
215 -&gt;   Toplam : 215
215 -&gt;   Toplam : 215
215 -&gt;   Toplam : 215
215 -&gt;   Toplam : 215
215 -&gt;   Toplam : 215
215 -&gt;   Toplam : 215
215 -&gt;   Toplam : 215
215 -&gt;   Toplam : 215
215 -&gt;   Toplam : 215
215 -&gt;   Toplam : 215
215 -&gt;   Toplam : 215
215 -&gt;   Toplam : 215
215 -&gt;   Toplam : 215
215 -&gt;   Toplam : 215
215 -&gt;   Toplam : 215
215 -&gt;   Toplam : 215
215 -&gt;   Toplam : 215
215 -&gt;   Toplam : 215
215 -&gt;   Toplam : 215
215 -&gt;   Toplam : 215
215 -&gt;   Toplam : 215
215 -&gt;   Toplam : 215
215 -&gt;   Toplam : 215
215 -&gt;   Toplam : 215
215 -&gt;   Toplam : 215
215 -&gt;   Toplam : 215
215 -&gt;   Toplam : 215
215 -&gt;   Toplam : 215
215 -&gt;   Toplam : 215
215 -&gt;   Toplam : 215
215 -&gt;   Toplam : 215
215 -&gt;   Toplam : 215
215 -&gt;   Toplam : 215
215 -&gt;   Toplam : 215
215 -&gt;   Toplam : 215
215 -&gt;   Toplam : 215
215 -&gt;   Toplam : 215
215 -&gt;   Toplam : 215
215 -&gt;   Toplam : 215
215 -&gt;   Toplam : 215
215 -&gt;   Toplam : 215
215 -&gt;   Toplam : 215
215 -&gt;   Toplam : 215
215 -&gt;   Toplam : 215
215 -&gt;   Toplam : 215
215 -&gt;   Toplam : 215
215 -&gt;   Toplam : 215
215 -&gt;   Toplam : 215
215 -&gt;   Toplam : 215
215 -&gt;   Toplam : 215
215 -&gt;   Toplam : 215
215 -&gt;   Toplam : 215
215 -&gt;   Toplam : 215
215 -&gt;   Toplam : 215
215 -&gt;   Toplam : 215
215 -&gt;   Toplam : 215
215 -&gt;   Toplam : 215
215 -&gt;   Toplam : 215
215 -&gt;   Toplam : 215
215 -&gt;   Toplam : 215
215 -&gt;   Toplam : 215
215 -&gt;   Toplam : 215
215 -&gt;   Toplam : 215
215 -&gt;   Toplam : 215
215 -&gt;   Toplam : 215
215 -&gt;   Toplam : 215
215 -&gt;   Toplam : 215
215 -&gt;   Toplam : 215
215 -&gt;   Toplam : 215
215 -&gt;   Toplam : 215
215 -&gt;   Toplam : 215
215 -&gt;   Toplam : 215
215 -&gt;   Toplam : 215
215 -&gt;   Toplam : 215
215 -&gt;   Toplam : 215
215 -&gt;   Toplam : 215
215 -&gt;   Toplam : 215
215 -&gt;   Toplam : 215
215 -&gt;   Toplam : 215
215 -&gt;   Toplam : 215
215 -&gt;   Toplam : 215
215 -&gt;   Toplam : 215
215 -&gt;   Toplam : 215
215 -&gt;   Toplam : 215
215 -&gt;   Toplam : 215
215 -&gt;   Toplam : 215
215 -&gt;   Toplam : 215
215 -&gt;   Toplam : 215
215 -&gt;   Toplam : 215
215 -&gt;   Toplam : 215
215 -&gt;   Toplam : 215
215 -&gt;   Toplam : 215
215 -&gt;   Toplam : 215
215 -&gt;   Toplam : 215
215 -&gt;   Toplam : 215
215 -&gt;   Toplam : 215
215 -&gt;   Toplam : 215
215 -&gt;   Toplam : 215
215 -&gt;   Toplam : 215
215 -&gt;   Toplam : 215
215 -&gt;   Toplam : 215
215 -&gt;   Toplam : 215
215 -&gt;   Toplam : 215
215 -&gt;   Toplam : 215
215 -&gt;   Toplam : 215
215 -&gt;   Toplam : 215
215 -&gt;   Toplam : 215
215 -&gt;   Toplam : 215
215 -&gt;   Toplam : 215
215 -&gt;   Toplam : 215
215 -&gt;   Toplam : 215
215 -&gt;   Toplam : 215
215 -&gt;   Toplam : 215
215 -&gt;   Toplam : 215
215 -&gt;   Toplam : 215
215 -&gt;   Toplam : 215
215 -&gt;   Toplam : 215
215 -&gt;   Toplam : 215
215 -&gt;   Toplam : 215
215 -&gt;   Toplam : 215
215 -&gt;   Toplam : 215
215 -&gt;   Toplam : 215
215 -&gt;   Toplam : 215
215 -&gt;   Toplam : 215
215 -&gt;   Toplam : 215
215 -&gt;   Toplam : 215
215 -&gt;   Toplam : 215
215 -&gt;   Toplam : 215
215 -&gt;   Toplam : 215
215 -&gt;   Toplam : 215
215 -&gt;   Toplam : 215
215 -&gt;   Toplam : 215
215 -&gt;   Toplam : 215
215 -&gt;   Toplam : 215
215 -&gt;   Toplam : 215
215 -&gt;   Toplam : 215
215 -&gt;   Toplam : 215
215 -&gt;   Toplam : 215
215 -&gt;   Toplam : 215
215 -&gt;   Toplam : 215
215 -&gt;   Toplam : 215
215 -&gt;   Toplam : 215
215 -&gt;   Toplam : 215
215 -&gt;   Toplam : 215
215 -&gt;   Toplam : 215
215 -&gt;   Toplam : 215
215 -&gt;   Toplam : 215
215 -&gt;   Toplam : 215
215 -&gt;   Toplam : 215
215 -&gt;   Toplam : 215
215 -&gt;   Toplam : 215
215 -&gt;   Toplam : 215
215 -&gt;   Toplam : 215
215 -&gt;   Toplam : 215
215 -&gt;   Toplam : 215
215 -&gt;   Toplam : 215
215 -&gt;   Toplam : 215
215 -&gt;   Toplam : 215
215 -&gt;   Toplam : 215
215 -&gt;   Toplam : 215
215 -&gt;   Toplam : 215
215 -&gt;   Toplam : 215
215 -&gt;   Toplam : 215
215 -&gt;   Toplam : 215
215 -&gt;   Toplam : 215
215 -&gt;   Toplam : 215
215 -&gt;   Toplam : 215
215 -&gt;   Toplam : 215
215 -&gt;   Toplam : 215
215 -&gt;   Toplam : 215
215 -&gt;   Toplam : 215
215 -&gt;   Toplam : 215
215 -&gt;   Toplam : 215
215 -&gt;   Toplam : 215
215 -&gt;   Toplam : 215
215 -&gt;   Toplam : 215
215 -&gt;   Toplam : 215
215 -&gt;   Toplam : 215
215 -&gt;   Toplam : 215
215 -&gt;   Toplam : 215
215 -&gt;   Toplam : 215
215 -&gt;   Toplam : 215
215 -&gt;   Toplam : 215
215 -&gt;   Toplam : 215
215 -&gt;   Toplam : 215
215 -&gt;   Toplam : 215
215 -&gt;   Toplam : 215
215 -&gt;   Toplam : 215
215 -&gt;   Toplam : 215
215 -&gt;   Toplam : 215
215 -&gt;   Toplam : 215
215 -&gt;   Toplam : 215
215 -&gt;   Toplam : 215
215 -&gt;   Toplam : 215
215 -&gt;   Toplam : 215
215 -&gt;   Toplam : 215
215 -&gt;   Toplam : 215
215 -&gt;   Toplam : 215
215 -&gt;   Toplam : 215
215 -&gt;   Toplam : 215
215 -&gt;   Toplam : 215
215 -&gt;   Toplam : 215
215 -&gt;   Toplam : 215
215 -&gt;   Toplam : 215
215 -&gt;   Toplam : 215
215 -&gt;   Toplam : 215
215 -&gt;   Toplam : 215
215 -&gt;   Toplam : 215
215 -&gt;   Toplam : 215
215 -&gt;   Toplam : 215
215 -&gt;   Toplam : 215
215 -&gt;   Toplam : 215
215 -&gt;   Toplam : 215
215 -&gt;   Toplam : 215
215 -&gt;   Toplam : 215
215 -&gt;   Toplam : 215
215 -&gt;   Toplam : 215
215 -&gt;   Toplam : 215
215 -&gt;   Toplam : 215
215 -&gt;   Toplam : 215
215 -&gt;   Toplam : 215
215 -&gt;   Toplam : 215
215 -&gt;   Toplam : 215
215 -&gt;   Toplam : 215
215 -&gt;   Toplam : 215
215 -&gt;   Toplam : 215
215 -&gt;   Toplam : 215
215 -&gt;   Toplam : 215
215 -&gt;   Toplam : 215
215 -&gt;   Toplam : 215
215 -&gt;   Toplam : 215
215 -&gt;   Toplam : 215
215 -&gt;   Toplam : 215
215 -&gt;   Toplam : 215
215 -&gt;   Toplam : 215
215 -&gt;   Toplam : 215
215 -&gt;   Toplam : 215
215 -&gt;   Toplam : 215
215 -&gt;   Toplam : 215
215 -&gt;   Toplam : 215
215 -&gt;   Toplam : 215
215 -&gt;   Toplam : 215
215 -&gt;   Toplam : 215
215 -&gt;   Toplam : 215
215 -&gt;   Toplam : 215
215 -&gt;   Toplam : 215
215 -&gt;   Toplam : 215
215 -&gt;   Toplam : 215
215 -&gt;   Toplam : 215
215 -&gt;   Toplam : 215
215 -&gt;   Toplam : 215
215 -&gt;   Toplam : 215
215 -&gt;   Toplam : 215
215 -&gt;   Toplam : 215
215 -&gt;   Toplam : 215
215 -&gt;   Toplam : 215
215 -&gt;   Toplam : 215
215 -&gt;   Toplam : 215
215 -&gt;   Toplam : 215
215 -&gt;   Toplam : 215
215 -&gt;   Toplam : 215
215 -&gt;   Toplam : 215
215 -&gt;   Toplam : 215
215 -&gt;   Toplam : 215
215 -&gt;   Toplam : 215
215 -&gt;   Toplam : 215
215 -&gt;   Toplam : 215
215 -&gt;   Toplam : 215
215 -&gt;   Toplam : 215
215 -&gt;   Toplam : 215
215 -&gt;   Toplam : 215
215 -&gt;   Toplam : 215
215 -&gt;   Toplam : 215
215 -&gt;   Toplam : 215
215 -&gt;   Toplam : 215
215 -&gt;   Toplam : 215
215 -&gt;   Toplam : 215
215 -&gt;   Toplam : 215
215 -&gt;   Toplam : 215
215 -&gt;   Toplam : 215
215 -&gt;   Toplam : 215
215 -&gt;   Toplam : 215
215 -&gt;   Toplam : 215
215 -&gt;   Toplam : 215
215 -&gt;   Toplam : 215
215 -&gt;   Toplam : 215
215 -&gt;   Toplam : 215
215 -&gt;   Toplam : 215
215 -&gt;   Toplam : 215
215 -&gt;   Toplam : 215
215 -&gt;   Toplam : 215
215 -&gt;   Toplam : 215
215 -&gt;   Toplam : 215
215 -&gt;   Toplam : 215
215 -&gt;   Toplam : 215
215 -&gt;   Toplam : 215
215 -&gt;   Toplam : 215
215 -&gt;   Toplam : 215
215 -&gt;   Toplam : 215
215 -&gt;   Toplam : 215
215 -&gt;   Toplam : 215
215 -&gt;   Toplam : 215
215 -&gt;   Toplam : 215
215 -&gt;   Toplam : 215
215 -&gt;   Toplam : 215
215 -&gt;   Toplam : 215
215 -&gt;   Toplam : 215
215 -&gt;   Toplam : 215
215 -&gt;   Toplam : 215
215 -&gt;   Toplam : 215
215 -&gt;   Toplam : 215
215 -&gt;   Toplam : 215
215 -&gt;   Toplam : 215
215 -&gt;   Toplam : 215
215 -&gt;   Toplam : 215
215 -&gt;   Toplam : 215
215 -&gt;   Toplam : 215
215 -&gt;   Toplam : 215
215 -&gt;   Toplam : 215
215 -&gt;   Toplam : 215
215 -&gt;   Toplam : 215
215 -&gt;   Toplam : 215
215 -&gt;   Toplam : 215
215 -&gt;   Toplam : 215
215 -&gt;   Toplam : 215
215 -&gt;   Toplam : 215
215 -&gt;   Toplam : 215
215 -&gt;   Toplam : 215
215 -&gt;   Toplam : 215
215 -&gt;   Toplam : 215
215 -&gt;   Toplam : 215
215 -&gt;   Toplam : 215
215 -&gt;   Toplam : 215
215 -&gt;   Toplam : 215
215 -&gt;   Toplam : 215
215 -&gt;   Toplam : 215
215 -&gt;   Toplam : 215
215 -&gt;   Toplam : 215
215 -&gt;   Toplam : 215
215 -&gt;   Toplam : 215
215 -&gt;   Toplam : 215
215 -&gt;   Toplam : 215
215 -&gt;   Toplam : 215
215 -&gt;   Toplam : 215
215 -&gt;   Toplam : 215
215 -&gt;   Toplam : 215
215 -&gt;   Toplam : 215
215 -&gt;   Toplam : 215
215 -&gt;   Toplam : 215
215 -&gt;   Toplam : 215
215 -&gt;   Toplam : 215
215 -&gt;   Toplam : 215
215 -&gt;   Toplam : 215
215 -&gt;   Toplam : 215
215 -&gt;   Toplam : 215
215 -&gt;   Toplam : 215
215 -&gt;   Toplam : 215
215 -&gt;   Toplam : 215
215 -&gt;   Toplam : 215
215 -&gt;   Toplam : 215
215 -&gt;   Toplam : 215
215 -&gt;   Toplam : 215
215 -&gt;   Toplam : 215
215 -&gt;   Toplam : 215
215 -&gt;   Toplam : 215
215 -&gt;   Toplam : 215
215 -&gt;   Toplam : 215
215 -&gt;   Toplam : 215
215 -&gt;   Toplam : 215
215 -&gt;   Toplam : 215
215 -&gt;   Toplam : 215
215 -&gt;   Toplam : 215
215 -&gt;   Toplam : 215
215 -&gt;   Toplam : 215
215 -&gt;   Toplam : 215
215 -&gt;   Toplam : 215
215 -&gt;   Toplam : 215
215 -&gt;   Toplam : 215
215 -&gt;   Toplam : 215
215 -&gt;   Toplam : 215
215 -&gt;   Toplam : 215
215 -&gt;   Toplam : 215
215 -&gt;   Toplam : 215
215 -&gt;   Toplam : 215
215 -&gt;   Toplam : 215
215 -&gt;   Toplam : 215
215 -&gt;   Toplam : 215
215 -&gt;   Toplam : 215
215 -&gt;   Toplam : 215
215 -&gt;   Toplam : 215
215 -&gt;   Toplam : 215
215 -&gt;   Toplam : 215
215 -&gt;   Toplam : 215
215 -&gt;   Toplam : 215
215 -&gt;   Toplam : 215
215 -&gt;   Toplam : 215
215 -&gt;   Toplam : 215
215 -&gt;   Toplam : 215
215 -&gt;   Toplam : 215
215 -&gt;   Toplam : 215
215 -&gt;   Toplam : 215
215 -&gt;   Toplam : 215
215 -&gt;   Toplam : 215
215 -&gt;   Toplam : 215
215 -&gt;   Toplam : 215
215 -&gt;   Toplam : 215
215 -&gt;   Toplam : 215
215 -&gt;   Toplam : 215
215 -&gt;   Toplam : 215
215 -&gt;   Toplam : 215
215 -&gt;   Toplam : 215
215 -&gt;   Toplam : 215
215 -&gt;   Toplam : 215
215 -&gt;   Toplam : 215
215 -&gt;   Toplam : 215
215 -&gt;   Toplam : 215
215 -&gt;   Toplam : 215
215 -&gt;   Toplam : 215
215 -&gt;   Toplam : 215
215 -&gt;   Toplam : 215
215 -&gt;   Toplam : 215
215 -&gt;   Toplam : 215
215 -&gt;   Toplam : 215
215 -&gt;   Toplam : 215
215 -&gt;   Toplam : 215
215 -&gt;   Toplam : 215
215 -&gt;   Toplam : 215
215 -&gt;   Toplam : 215
215 -&gt;   Toplam : 215
215 -&gt;   Toplam : 215
215 -&gt;   Toplam : 215
215 -&gt;   Toplam : 215
215 -&gt;   Toplam : 215
215 -&gt;   Toplam : 215
215 -&gt;   Toplam : 215
215 -&gt;   Toplam : 215
215 -&gt;   Toplam : 215
215 -&gt;   Toplam : 215
215 -&gt;   Toplam : 215
215 -&gt;   Toplam : 215
215 -&gt;   Toplam : 215
215 -&gt;   Toplam : 215
215 -&gt;   Toplam : 215
215 -&gt;   Toplam : 215
215 -&gt;   Toplam : 215
215 -&gt;   Toplam : 215
215 -&gt;   Toplam : 215
215 -&gt;   Toplam : 215
215 -&gt;   Toplam : 215
215 -&gt;   Toplam : 215
215 -&gt;   Toplam : 215
215 -&gt;   Toplam : 215
215 -&gt;   Toplam : 215
215 -&gt;   Toplam : 215
215 -&gt;   Toplam : 215
215 -&gt;   Toplam : 215
215 -&gt;   Toplam : 215
215 -&gt;   Toplam : 215
215 -&gt;   Toplam : 215
215 -&gt;   Toplam : 215
215 -&gt;   Toplam : 215
215 -&gt;   Toplam : 215
215 -&gt;   Toplam : 215
215 -&gt;   Toplam : 215
215 -&gt;   Toplam : 215
215 -&gt;   Toplam : 215
215 -&gt;   Toplam : 215
215 -&gt;   Toplam : 215
215 -&gt;   Toplam : 215
215 -&gt;   Toplam : 215
215 -&gt;   Toplam : 215
215 -&gt;   Toplam : 215
215 -&gt;   Toplam : 215
215 -&gt;   Toplam : 215
215 -&gt;   Toplam : 215
215 -&gt;   Toplam : 215
215 -&gt;   Toplam : 215
215 -&gt;   Toplam : 215
215 -&gt;   Toplam : 215
215 -&gt;   Toplam : 215
215 -&gt;   Toplam : 215
215 -&gt;   Toplam : 215
215 -&gt;   Toplam : 215
215 -&gt;   Toplam : 215
215 -&gt;   Toplam : 215
215 -&gt;   Toplam : 215
215 -&gt;   Toplam : 215
215 -&gt;   Toplam : 215
215 -&gt;   Toplam : 215
215 -&gt;   Toplam : 215
215 -&gt;   Toplam : 215
215 -&gt;   Toplam : 215
215 -&gt;   Toplam : 215
215 -&gt;   Toplam : 215
215 -&gt;   Toplam : 215
215 -&gt;   Toplam : 215
215 -&gt;   Toplam : 215
215 -&gt;   Toplam : 215
215 -&gt;   Toplam : 215
215 -&gt;   Toplam : 215
215 -&gt;   Toplam : 215
215 -&gt;   Toplam : 215
215 -&gt;   Toplam : 215
215 -&gt;   Toplam : 215
215 -&gt;   Toplam : 215
215 -&gt;   Toplam : 215
215 -&gt;   Toplam : 215
215 -&gt;   Toplam : 215
215 -&gt;   Toplam : 215
215 -&gt;   Toplam : 215
215 -&gt;   Toplam : 215
215 -&gt;   Toplam : 215
215 -&gt;   Toplam : 215
215 -&gt;   Toplam : 215
215 -&gt;   Toplam : 215
215 -&gt;   Toplam : 215
215 -&gt;   Toplam : 215
215 -&gt;   Toplam : 215
215 -&gt;   Toplam : 215
215 -&gt;   Toplam : 215
215 -&gt;   Toplam : 215
215 -&gt;   Toplam : 215
215 -&gt;   Toplam : 215
215 -&gt;   Toplam : 215
215 -&gt;   Toplam : 215
215 -&gt;   Toplam : 215
215 -&gt;   Toplam : 215
215 -&gt;   Toplam : 215
215 -&gt;   Toplam : 215
215 -&gt;   Toplam : 215
215 -&gt;   Toplam : 215
215 -&gt;   Toplam : 215
215 -&gt;   Toplam : 215
215 -&gt;   Toplam : 215
215 -&gt;   Toplam : 215
215 -&gt;   Toplam : 215
215 -&gt;   Toplam : 215
215 -&gt;   Toplam : 215
215 -&gt;   Toplam : 215
215 -&gt;   Toplam : 215
215 -&gt;   Toplam : 215
215 -&gt;   Toplam : 215
215 -&gt;   Toplam : 215
215 -&gt;   Toplam : 215
215 -&gt;   Toplam : 215
215 -&gt;   Toplam : 215
215 -&gt;   Toplam : 215
215 -&gt;   Toplam : 215
215 -&gt;   Toplam : 215
215 -&gt;   Toplam : 215
215 -&gt;   Toplam : 215
215 -&gt;   Toplam : 215
215 -&gt;   Toplam : 215
215 -&gt;   Toplam : 215
215 -&gt;   Toplam : 215
215 -&gt;   Toplam : 215
215 -&gt;   Toplam : 215
215 -&gt;   Toplam : 215
215 -&gt;   Toplam : 215
215 -&gt;   Toplam : 215
215 -&gt;   Toplam : 215
215 -&gt;   Toplam : 215
215 -&gt;   Toplam : 215
215 -&gt;   Toplam : 215
215 -&gt;   Toplam : 215
215 -&gt;   Toplam : 215
215 -&gt;   Toplam : 215
215 -&gt;   Toplam : 215
215 -&gt;   Toplam : 215
215 -&gt;   Toplam : 215
215 -&gt;   Toplam : 215
215 -&gt;   Toplam : 215
215 -&gt;   Toplam : 215
215 -&gt;   Toplam : 215
215 -&gt;   Toplam : 215
215 -&gt;   Toplam : 215
215 -&gt;   Toplam : 215
215 -&gt;   Toplam : 215
215 -&gt;   Toplam : 215
215 -&gt;   Toplam : 215
215 -&gt;   Toplam : 215
215 -&gt;   Toplam : 215
215 -&gt;   Toplam : 215
215 -&gt;   Toplam : 215
215 -&gt;   Toplam : 215
215 -&gt;   Toplam : 215
215 -&gt;   Toplam : 215
215 -&gt;   Toplam : 215
215 -&gt;   Toplam : 215
215 -&gt;   Toplam : 215
215 -&gt;   Toplam : 215
215 -&gt;   Toplam : 215
215 -&gt;   Toplam : 215
215 -&gt;   Toplam : 215
215 -&gt;   Toplam : 215
215 -&gt;   Toplam : 215
215 -&gt;   Toplam : 215
215 -&gt;   Toplam : 215
215 -&gt;   Toplam : 215
215 -&gt;   Toplam : 215
215 -&gt;   Toplam : 215
215 -&gt;   Toplam : 215
215 -&gt;   Toplam : 215
215 -&gt;   Toplam : 215
215 -&gt;   Toplam : 215
215 -&gt;   Toplam : 215
215 -&gt;   Toplam : 215
215 -&gt;   Toplam : 215
215 -&gt;   Toplam : 215
215 -&gt;   Toplam : 215
215 -&gt;   Toplam : 215
215 -&gt;   Toplam : 215
215 -&gt;   Toplam : 215
215 -&gt;   Toplam : 215
215 -&gt;   Toplam : 215
215 -&gt;   Toplam : 215
215 -&gt;   Toplam : 215
215 -&gt;   Toplam : 215
215 -&gt;   Toplam : 215
215 -&gt;   Toplam : 215
215 -&gt;   Toplam : 215
215 -&gt;   Toplam : 215
215 -&gt;   Toplam : 215
215 -&gt;   Toplam : 215
215 -&gt;   Toplam : 215
215 -&gt;   Toplam : 215
215 -&gt;   Toplam : 215
215 -&gt;   Toplam : 215
215 -&gt;   Toplam : 215
215 -&gt;   Toplam : 215
215 -&gt;   Toplam : 215
215 -&gt;   Toplam : 215
215 -&gt;   Toplam : 215
215 -&gt;   Toplam : 215
215 -&gt;   Toplam : 215
215 -&gt;   Toplam : 215
215 -&gt;   Toplam : 215
215 -&gt;   Toplam : 215
215 -&gt;   Toplam : 215
215 -&gt;   Toplam : 215
215 -&gt;   Toplam : 215
215 -&gt;   Toplam : 215
215 -&gt;   Toplam : 215
215 -&gt;   Toplam : 215
215 -&gt;   Toplam : 215
215 -&gt;   Toplam : 215
215 -&gt;   Toplam : 215
215 -&gt;   Toplam : 215
215 -&gt;   Toplam : 215
215 -&gt;   Toplam : 215
215 -&gt;   Toplam : 215
215 -&gt;   Toplam : 215
215 -&gt;   Toplam : 215
215 -&gt;   Toplam : 215
215 -&gt;   Toplam : 215
215 -&gt;   Toplam : 215
215 -&gt;   Toplam : 215
215 -&gt;   Toplam : 215
215 -&gt;   Toplam : 215
215 -&gt;   Toplam : 215
215 -&gt;   Toplam : 215
215 -&gt;   Toplam : 215
215 -&gt;   Toplam : 215
215 -&gt;   Toplam : 215
215 -&gt;   Toplam : 215
215 -&gt;   Toplam : 215
215 -&gt;   Toplam : 215
215 -&gt;   Toplam : 215
215 -&gt;   Toplam : 215
215 -&gt;   Toplam : 215
215 -&gt;   Toplam : 215
215 -&gt;   Toplam : 215
215 -&gt;   Toplam : 215
215 -&gt;   Toplam : 215
215 -&gt;   Toplam : 215
215 -&gt;   Toplam : 215
215 -&gt;   Toplam : 215
215 -&gt;   Toplam : 215
215 -&gt;   Toplam : 215
215 -&gt;   Toplam : 215
215 -&gt;   Toplam : 215
215 -&gt;   Toplam : 215
215 -&gt;   Toplam : 215
215 -&gt;   Toplam : 215
215 -&gt;   Toplam : 215
215 -&gt;   Toplam : 215
215 -&gt;   Toplam : 215
215 -&gt;   Toplam : 215
215 -&gt;   Toplam : 215
215 -&gt;   Toplam : 215
215 -&gt;   Toplam : 215
215 -&gt;   Toplam : 215
215 -&gt;   Toplam : 215
215 -&gt;   Toplam : 215
215 -&gt;   Toplam : 215
215 -&gt;   Toplam : 215
215 -&gt;   Toplam : 215
215 -&gt;   Toplam : 215
215 -&gt;   Toplam : 215
215 -&gt;   Toplam : 215
215 -&gt;   Toplam : 215
215 -&gt;   Toplam : 215
215 -&gt;   Toplam : 215
215 -&gt;   Toplam : 215
215 -&gt;   Toplam : 215
215 -&gt;   Toplam : 215
215 -&gt;   Toplam : 215
215 -&gt;   Toplam : 215
215 -&gt;   Toplam : 215
215 -&gt;   Toplam : 215
215 -&gt;   Toplam : 215
215 -&gt;   Toplam : 215
215 -&gt;   Toplam : 215
215 -&gt;   Toplam : 215
215 -&gt;   Toplam : 215
215 -&gt;   Toplam : 215
215 -&gt;   Toplam : 215
215 -&gt;   Toplam : 215
215 -&gt;   Toplam : 215
215 -&gt;   Toplam : 215
215 -&gt;   Toplam : 215
215 -&gt;   Toplam : 215
215 -&gt;   Toplam : 215
215 -&gt;   Toplam : 215
215 -&gt;   Toplam : 215
215 -&gt;   Toplam : 215
215 -&gt;   Toplam : 215
215 -&gt;   Toplam : 215
215 -&gt;   Toplam : 215
215 -&gt;   Toplam : 215
215 -&gt;   Toplam : 215
215 -&gt;   Toplam : 215
215 -&gt;   Toplam : 215
215 -&gt;   Toplam : 215
215 -&gt;   Toplam : 215
215 -&gt;   Toplam : 215
215 -&gt;   Toplam : 215
215 -&gt;   Toplam : 215
215 -&gt;   Toplam : 215
215 -&gt;   Toplam : 215
215 -&gt;   Toplam : 215
215 -&gt;   Toplam : 215
215 -&gt;   Toplam : 215
215 -&gt;   Toplam : 215
215 -&gt;   Toplam : 215
215 -&gt;   Toplam : 215
215 -&gt;   Toplam : 215
215 -&gt;   Toplam : 215
215 -&gt;   Toplam : 215
215 -&gt;   Toplam : 215
215 -&gt;   Toplam : 215
215 -&gt;   Toplam : 215
215 -&gt;   Toplam : 215
215 -&gt;   Toplam : 215
215 -&gt;   Toplam : 215
215 -&gt;   Toplam : 215
215 -&gt;   Toplam : 215
215 -&gt;   Toplam : 215
215 -&gt;   Toplam : 215
215 -&gt;   Toplam : 215
215 -&gt;   Toplam : 215
215 -&gt;   Toplam : 215
215 -&gt;   Toplam : 215
215 -&gt;   Toplam : 215
215 -&gt;   Toplam : 215
215 -&gt;   Toplam : 215
215 -&gt;   Toplam : 215
215 -&gt;   Toplam : 215
215 -&gt;   Toplam : 215
215 -&gt;   Toplam : 215
215 -&gt;   Toplam : 215
215 -&gt;   Toplam : 215
215 -&gt;   Toplam : 215
215 -&gt;   Toplam : 215
215 -&gt;   Toplam : 215
215 -&gt;   Toplam : 215
215 -&gt;   Toplam : 215
215 -&gt;   Toplam : 215
215 -&gt;   Toplam : 215
215 -&gt;   Toplam : 215
215 -&gt;   Toplam : 215
215 -&gt;   Toplam : 215
215 -&gt;   Toplam : 215
215 -&gt;   Toplam : 215
215 -&gt;   Toplam : 215
215 -&gt;   Toplam : 215
215 -&gt;   Toplam : 215
215 -&gt;   Toplam : 215
215 -&gt;   Toplam : 215
215 -&gt;   Toplam : 215
215 -&gt;   Toplam : 215
215 -&gt;   Toplam : 215
215 -&gt;   Toplam : 215
215 -&gt;   Toplam : 215
215 -&gt;   Toplam : 215
215 -&gt;   Toplam : 215
215 -&gt;   Toplam : 215
215 -&gt;   Toplam : 215
215 -&gt;   Toplam : 215
215 -&gt;   Toplam : 215
215 -&gt;   Toplam : 215
215 -&gt;   Toplam : 215
215 -&gt;   Toplam : 215
215 -&gt;   Toplam : 215
215 -&gt;   Toplam : 215
215 -&gt;   Toplam : 215
215 -&gt;   Toplam : 215
215 -&gt;   Toplam : 215
215 -&gt;   Toplam : 215
215 -&gt;   Toplam : 215
215 -&gt;   Toplam : 215
215 -&gt;   Toplam : 215
215 -&gt;   Toplam : 215
215 -&gt;   Toplam : 215
215 -&gt;   Toplam : 215
215 -&gt;   Toplam : 215
215 -&gt;   Toplam : 215
215 -&gt;   Toplam : 215
215 -&gt;   Toplam : 215
215 -&gt;   Toplam : 215
215 -&gt;   Toplam : 215
215 -&gt;   Toplam : 215
215 -&gt;   Toplam : 215
215 -&gt;   Toplam : 215
215 -&gt;   Toplam : 215
215 -&gt;   Toplam : 215
215 -&gt;   Toplam : 215
215 -&gt;   Toplam : 215
215 -&gt;   Toplam : 215
215 -&gt;   Toplam : 215
215 -&gt;   Toplam : 215
215 -&gt;   Toplam : 215
215 -&gt;   Toplam : 215
215 -&gt;   Toplam : 215
215 -&gt;   Toplam : 215
215 -&gt;   Toplam : 215
215 -&gt;   Toplam : 215
215 -&gt;   Toplam : 215
215 -&gt;   Toplam : 215
215 -&gt;   Toplam : 215
215 -&gt;   Toplam : 215
215 -&gt;   Toplam : 215
215 -&gt;   Toplam : 215
215 -&gt;   Toplam : 215
215 -&gt;   Toplam : 215
215 -&gt;   Toplam : 215
215 -&gt;   Toplam : 215
215 -&gt;   Toplam : 215
215 -&gt;   Toplam : 215
215 -&gt;   Toplam : 215
215 -&gt;   Toplam : 215
215 -&gt;   Toplam : 215
215 -&gt;   Toplam : 215
215 -&gt;   Toplam : 215
215 -&gt;   Toplam : 215
215 -&gt;   Toplam : 215
215 -&gt;   Toplam : 215
215 -&gt;   Toplam : 215
215 -&gt;   Toplam : 215
215 -&gt;   Toplam : 215
215 -&gt;   Toplam : 215
215 -&gt;   Toplam : 215
215 -&gt;   Toplam : 215
215 -&gt;   Toplam : 215
215 -&gt;   Toplam : 215
215 -&gt;   Toplam : 215
215 -&gt;   Toplam : 215
215 -&gt;   Toplam : 215
215 -&gt;   Toplam : 215
215 -&gt;   Toplam : 215
215 -&gt;   Toplam : 215
215 -&gt;   Toplam : 215
215 -&gt;   Toplam : 215
215 -&gt;   Toplam : 215
215 -&gt;   Toplam : 215
215 -&gt;   Toplam : 215
215 -&gt;   Toplam : 215
215 -&gt;   Toplam : 215
215 -&gt;   Toplam : 215
215 -&gt;   Toplam : 215
215 -&gt;   Toplam : 215
215 -&gt;   Toplam : 215
215 -&gt;   Toplam : 215
215 -&gt;   Toplam : 215
215 -&gt;   Toplam : 215
215 -&gt;   Toplam : 215
215 -&gt;   Toplam : 215
215 -&gt;   Toplam : 215
215 -&gt;   Toplam : 215
215 -&gt;   Toplam : 215
215 -&gt;   Toplam : 215
215 -&gt;   Toplam : 215
215 -&gt;   Toplam : 215
215 -&gt;   Toplam : 215
215 -&gt;   Toplam : 215
215 -&gt;   Toplam : 215
215 -&gt;   Toplam : 215
215 -&gt;   Toplam : 215
215 -&gt;   Toplam : 215
215 -&gt;   Toplam : 215
215 -&gt;   Toplam : 215
215 -&gt;   Toplam : 215
215 -&gt;   Toplam : 215
215 -&gt;   Toplam : 215
215 -&gt;   Toplam : 215
215 -&gt;   Toplam : 215
215 -&gt;   Toplam : 215
215 -&gt;   Toplam : 215
215 -&gt;   Toplam : 215
215 -&gt;   Toplam : 215
215 -&gt;   Toplam : 215
215 -&gt;   Toplam : 215
215 -&gt;   Toplam : 215
215 -&gt;   Toplam : 215
215 -&gt;   Toplam : 215
215 -&gt;   Toplam : 215
215 -&gt;   Toplam : 215
215 -&gt;   Toplam : 215
215 -&gt;   Toplam : 215
215 -&gt;   Toplam : 215
215 -&gt;   Toplam : 215
215 -&gt;   Toplam : 215
215 -&gt;   Toplam : 215
215 -&gt;   Toplam : 215
215 -&gt;   Toplam : 215
215 -&gt;   Toplam : 215
215 -&gt;   Toplam : 215
215 -&gt;   Toplam : 215
215 -&gt;   Toplam : 215
215 -&gt;   Toplam : 215
215 -&gt;   Toplam : 215
215 -&gt;   Toplam : 215
215 -&gt;   Toplam : 215
215 -&gt;   Toplam : 215
215 -&gt;   Toplam : 215
215 -&gt;   Toplam : 215
215 -&gt;   Toplam : 215
215 -&gt;   Toplam : 215
215 -&gt;   Toplam : 215
215 -&gt;   Toplam : 215
215 -&gt;   Toplam : 215
215 -&gt;   Toplam : 215
215 -&gt;   Toplam : 215
215 -&gt;   Toplam : 215
215 -&gt;   Toplam : 215
215 -&gt;   Toplam : 215
215 -&gt;   Toplam : 215
215 -&gt;   Toplam : 215
215 -&gt;   Toplam : 215
215 -&gt;   Toplam : 215
215 -&gt;   Toplam : 215
215 -&gt;   Toplam : 215
215 -&gt;   Toplam : 215
215 -&gt;   Toplam : 215
215 -&gt;   Toplam : 215
215 -&gt;   Toplam : 215
215 -&gt;   Toplam : 215
215 -&gt;   Toplam : 215
215 -&gt;   Toplam : 215
215 -&gt;   Toplam : 215
215 -&gt;   Toplam : 215
215 -&gt;   Toplam : 215
215 -&gt;   Toplam : 215
215 -&gt;   Toplam : 215
215 -&gt;   Toplam : 215
215 -&gt;   Toplam : 215
215 -&gt;   Toplam : 215
215 -&gt;   Toplam : 215
215 -&gt;   Toplam : 215
215 -&gt;   Toplam : 215
215 -&gt;   Toplam : 215
215 -&gt;   Toplam : 215
215 -&gt;   Toplam : 215
215 -&gt;   Toplam : 215
215 -&gt;   Toplam : 215
215 -&gt;   Toplam : 215
215 -&gt;   Toplam : 215
215 -&gt;   Toplam : 215
215 -&gt;   Toplam : 215
215 -&gt;   Toplam : 215
215 -&gt;   Toplam : 215
215 -&gt;   Toplam : 215
215 -&gt;   Toplam : 215
215 -&gt;   Toplam : 215
215 -&gt;   Toplam : 215
215 -&gt;   Toplam : 215
215 -&gt;   Toplam : 215
215 -&gt;   Toplam : 215
215 -&gt;   Toplam : 215
215 -&gt;   Toplam : 215
215 -&gt;   Toplam : 215
215 -&gt;   Toplam : 215
215 -&gt;   Toplam : 215
215 -&gt;   Toplam : 215
215 -&gt;   Toplam : 215
215 -&gt;   Toplam : 215
215 -&gt;   Toplam : 215
215 -&gt;   Toplam : 215
215 -&gt;   Toplam : 215
215 -&gt;   Toplam : 215
215 -&gt;   Toplam : 215
215 -&gt;   Toplam : 215
215 -&gt;   Toplam : 215
215 -&gt;   Toplam : 215
215 -&gt;   Toplam : 215
215 -&gt;   Toplam : 215
215 -&gt;   Toplam : 215
215 -&gt;   Toplam : 215
215 -&gt;   Toplam : 215
215 -&gt;   Toplam : 215
215 -&gt;   Toplam : 215
215 -&gt;   Toplam : 215
215 -&gt;   Toplam : 215
215 -&gt;   Toplam : 215
215 -&gt;   Toplam : 215
215 -&gt;   Toplam : 215
215 -&gt;   Toplam : 215
215 -&gt;   Toplam : 215
215 -&gt;   Toplam : 215
215 -&gt;   Toplam : 215
215 -&gt;   Toplam : 215
215 -&gt;   Toplam : 215
215 -&gt;   Toplam : 215
215 -&gt;   Toplam : 215
215 -&gt;   Toplam : 215
215 -&gt;   Toplam : 215
215 -&gt;   Toplam : 215
215 -&gt;   Toplam : 215
215 -&gt;   Toplam : 215
215 -&gt;   Toplam : 215
215 -&gt;   Toplam : 215
215 -&gt;   Toplam : 215
215 -&gt;   Toplam : 215
215 -&gt;   Toplam : 215
215 -&gt;   Toplam : 215
215 -&gt;   Toplam : 215
215 -&gt;   Toplam : 215
215 -&gt;   Toplam : 215
215 -&gt;   Toplam : 215
215 -&gt;   Toplam : 215
215 -&gt;   Toplam : 215
215 -&gt;   Toplam : 215
215 -&gt;   Toplam : 215
215 -&gt;   Toplam : 215
215 -&gt;   Toplam : 215
215 -&gt;   Toplam : 215
215 -&gt;   Toplam : 215
215 -&gt;   Toplam : 215
215 -&gt;   Toplam : 215
215 -&gt;   Toplam : 215
215 -&gt;   Toplam : 215
215 -&gt;   Toplam : 215
215 -&gt;   Toplam : 215
215 -&gt;   Toplam : 215
215 -&gt;   Toplam : 215
215 -&gt;   Toplam : 215
215 -&gt;   Toplam : 215
215 -&gt;   Toplam : 215
215 -&gt;   Toplam : 215
215 -&gt;   Toplam : 215
215 -&gt;   Toplam : 215
215 -&gt;   Toplam : 215
215 -&gt;   Toplam : 215
215 -&gt;   Toplam : 215
215 -&gt;   Toplam : 215
215 -&gt;   Toplam : 215
215 -&gt;   Toplam : 215
215 -&gt;   Toplam : 215
215 -&gt;   Toplam : 215
215 -&gt;   Toplam : 215
215 -&gt;   Toplam : 215
215 -&gt;   Toplam : 215
215 -&gt;   Toplam : 215
215 -&gt;   Toplam : 215
215 -&gt;   Toplam : 215
215 -&gt;   Toplam : 215
215 -&gt;   Toplam : 215
215 -&gt;   Toplam : 215
215 -&gt;   Toplam : 215
215 -&gt;   Toplam : 215
215 -&gt;   Toplam : 215
215 -&gt;   Toplam : 215
215 -&gt;   Toplam : 215
215 -&gt;   Toplam : 215
215 -&gt;   Toplam : 215
215 -&gt;   Toplam : 215
215 -&gt;   Toplam : 215
215 -&gt;   Toplam : 215
215 -&gt;   Toplam : 215
215 -&gt;   Toplam : 215
215 -&gt;   Toplam : 215
215 -&gt;   Toplam : 215
215 -&gt;   Toplam : 215
215 -&gt;   Toplam : 215
215 -&gt;   Toplam : 215
215 -&gt;   Toplam : 215
215 -&gt;   Toplam : 215
215 -&gt;   Toplam : 215
215 -&gt;   Toplam : 215
215 -&gt;   Toplam : 215
215 -&gt;   Toplam : 215
215 -&gt;   Toplam : 215
215 -&gt;   Toplam : 215
215 -&gt;   Toplam : 215
215 -&gt;   Toplam : 215
215 -&gt;   Toplam : 215
215 -&gt;   Toplam : 215
215 -&gt;   Toplam : 215
215 -&gt;   Toplam : 215
215 -&gt;   Toplam : 215
215 -&gt;   Toplam : 215
215 -&gt;   Toplam : 215
215 -&gt;   Toplam : 215
215 -&gt;   Toplam : 215
215 -&gt;   Toplam : 215
215 -&gt;   Toplam : 215
215 -&gt;   Toplam : 215
215 -&gt;   Toplam : 215
215 -&gt;   Toplam : 215
215 -&gt;   Toplam : 215
215 -&gt;   Toplam : 215
215 -&gt;   Toplam : 215
215 -&gt;   Toplam : 215
215 -&gt;   Toplam : 215
215 -&gt;   Toplam : 215
215 -&gt;   Toplam : 215
215 -&gt;   Toplam : 215
215 -&gt;   Toplam : 215
215 -&gt;   Toplam : 215
215 -&gt;   Toplam : 215
215 -&gt;   Toplam : 215
215 -&gt;   Toplam : 215
215 -&gt;   Toplam : 215
215 -&gt;   Toplam : 215
215 -&gt;   Toplam : 215
215 -&gt;   Toplam : 215
215 -&gt;   Toplam : 215
215 -&gt;   Toplam : 215
215 -&gt;   Toplam : 215
215 -&gt;   Toplam : 215
215 -&gt;   Toplam : 215
215 -&gt;   Toplam : 215
215 -&gt;   Toplam : 215
215 -&gt;   Toplam : 215
215 -&gt;   Toplam : 215
215 -&gt;   Toplam : 215
215 -&gt;   Toplam : 215
215 -&gt;   Toplam : 215
215 -&gt;   Toplam : 215
215 -&gt;   Toplam : 215
215 -&gt;   Toplam : 215
215 -&gt;   Toplam : 215
215 -&gt;   Toplam : 215
215 -&gt;   Toplam : 215
215 -&gt;   Toplam : 215
215 -&gt;   Toplam : 215
215 -&gt;   Toplam : 215
215 -&gt;   Toplam : 215
215 -&gt;   Toplam : 215
215 -&gt;   Toplam : 215
215 -&gt;   Toplam : 215
215 -&gt;   Toplam : 215
215 -&gt;   Toplam : 215
215 -&gt;   Toplam : 215
215 -&gt;   Toplam : 215
215 -&gt;   Toplam : 215
215 -&gt;   Toplam : 215
215 -&gt;   Toplam : 215
215 -&gt;   Toplam : 215
215 -&gt;   Toplam : 215
215 -&gt;   Toplam : 215
215 -&gt;   Toplam : 215
215 -&gt;   Toplam : 215
215 -&gt;   Toplam : 215
215 -&gt;   Toplam : 215
215 -&gt;   Toplam : 215
215 -&gt;   Toplam : 215
215 -&gt;   Toplam : 215
215 -&gt;   Toplam : 215
215 -&gt;   Toplam : 215
215 -&gt;   Toplam : 215
215 -&gt;   Toplam : 215
215 -&gt;   Toplam : 215
215 -&gt;   Toplam : 215
215 -&gt;   Toplam : 215
215 -&gt;   Toplam : 215
215 -&gt;   Toplam : 215
215 -&gt;   Toplam : 215
215 -&gt;   Toplam : 215
215 -&gt;   Toplam : 215
215 -&gt;   Toplam : 215
215 -&gt;   Toplam : 215
215 -&gt;   Toplam : 215
215 -&gt;   Toplam : 215
215 -&gt;   Toplam : 215
215 -&gt;   Toplam : 215
215 -&gt;   Toplam : 215
215 -&gt;   Toplam : 215
215 -&gt;   Toplam : 215
215 -&gt;   Toplam : 215
215 -&gt;   Toplam : 215
215 -&gt;   Toplam : 215
215 -&gt;   Toplam : 215
215 -&gt;   Toplam : 215
215 -&gt;   Toplam : 215
215 -&gt;   Toplam : 215
215 -&gt;   Toplam : 215
215 -&gt;   Toplam : 215
215 -&gt;   Toplam : 215
215 -&gt;   Toplam : 215
215 -&gt;   Toplam : 215
215 -&gt;   Toplam : 215
215 -&gt;   Toplam : 215
215 -&gt;   Toplam : 215
215 -&gt;   Toplam : 215
215 -&gt;   Toplam : 215
215 -&gt;   Toplam : 215
215 -&gt;   Toplam : 215
215 -&gt;   Toplam : 215
215 -&gt;   Toplam : 215
215 -&gt;   Toplam : 215
215 -&gt;   Toplam : 215
215 -&gt;   Toplam : 215
215 -&gt;   Toplam : 215
215 -&gt;   Toplam : 215
215 -&gt;   Toplam : 215
215 -&gt;   Toplam : 215
215 -&gt;   Toplam : 215
215 -&gt;   Toplam : 215
215 -&gt;   Toplam : 215
215 -&gt;   Toplam : 215
215 -&gt;   Toplam : 215
215 -&gt;   Toplam : 215
215 -&gt;   Toplam : 215
215 -&gt;   Toplam : 215
215 -&gt;   Toplam : 215
215 -&gt;   Toplam : 215
215 -&gt;   Toplam : 215
215 -&gt;   Toplam : 215
215 -&gt;   Toplam : 215
215 -&gt;   Toplam : 215
215 -&gt;   Toplam : 215
215 -&gt;   Toplam : 215
215 -&gt;   Toplam : 215
215 -&gt;   Toplam : 215
215 -&gt;   Toplam : 215
215 -&gt;   Toplam : 215
215 -&gt;   Toplam : 215
215 -&gt;   Toplam : 215
215 -&gt;   Toplam : 215
215 -&gt;   Toplam : 215
215 -&gt;   Toplam : 215
215 -&gt;   Toplam : 215
215 -&gt;   Toplam : 215
215 -&gt;   Toplam : 215
215 -&gt;   Toplam : 215
215 -&gt;   Toplam : 215
215 -&gt;   Toplam : 215
215 -&gt;   Toplam : 215
215 -&gt;   Toplam : 215
215 -&gt;   Toplam : 215
215 -&gt;   Toplam : 215
215 -&gt;   Toplam : 215
215 -&gt;   Toplam : 215
215 -&gt;   Toplam : 215
215 -&gt;   Toplam : 215
215 -&gt;   Toplam : 215
215 -&gt;   Toplam : 215
215 -&gt;   Toplam : 215
215 -&gt;   Toplam : 215
215 -&gt;   Toplam : 215
215 -&gt;   Toplam : 215
215 -&gt;   Toplam : 215
215 -&gt;   Toplam : 215
215 -&gt;   Toplam : 215
215 -&gt;   Toplam : 215
215 -&gt;   Toplam : 215
215 -&gt;   Toplam : 215
215 -&gt;   Toplam : 215
215 -&gt;   Toplam : 215
215 -&gt;   Toplam : 215
215 -&gt;   Toplam : 215
215 -&gt;   Toplam : 215
215 -&gt;   Toplam : 215
215 -&gt;   Toplam : 215
215 -&gt;   Toplam : 215
215 -&gt;   Toplam : 215
215 -&gt;   Toplam : 215
215 -&gt;   Toplam : 215
215 -&gt;   Toplam : 215
215 -&gt;   Toplam : 215
215 -&gt;   Toplam : 215
215 -&gt;   Toplam : 215
215 -&gt;   Toplam : 215
215 -&gt;   Toplam : 215
215 -&gt;   Toplam : 215
215 -&gt;   Toplam : 215
215 -&gt;   Toplam : 215
215 -&gt;   Toplam : 215
215 -&gt;   Toplam : 215
215 -&gt;   Toplam : 215
215 -&gt;   Toplam : 215
215 -&gt;   Toplam : 215
215 -&gt;   Toplam : 215
215 -&gt;   Toplam : 215
215 -&gt;   Toplam : 215
215 -&gt;   Toplam : 215
215 -&gt;   Toplam : 215
215 -&gt;   Toplam : 215
215 -&gt;   Toplam : 215
215 -&gt;   Toplam : 215
215 -&gt;   Toplam : 215
215 -&gt;   Toplam : 215
215 -&gt;   Toplam : 215
215 -&gt;   Toplam : 215
215 -&gt;   Toplam : 215
215 -&gt;   Toplam : 215
215 -&gt;   Toplam : 215
215 -&gt;   Toplam : 215
215 -&gt;   Toplam : 215
215 -&gt;   Toplam : 215
215 -&gt;   Toplam : 215
215 -&gt;   Toplam : 215
215 -&gt;   Toplam : 215
215 -&gt;   Toplam : 215
215 -&gt;   Toplam : 215
215 -&gt;   Toplam : 215
215 -&gt;   Toplam : 215
215 -&gt;   Toplam : 215
215 -&gt;   Toplam : 215
215 -&gt;   Toplam : 215
215 -&gt;   Toplam : 215
215 -&gt;   Toplam : 215
215 -&gt;   Toplam : 215
215 -&gt;   Toplam : 215
215 -&gt;   Toplam : 215
215 -&gt;   Toplam : 215
215 -&gt;   Toplam : 215
215 -&gt;   Toplam : 215
215 -&gt;   Toplam : 215
215 -&gt;   Toplam : 215
215 -&gt;   Toplam : 215
215 -&gt;   Toplam : 215
215 -&gt;   Toplam : 215
215 -&gt;   Toplam : 215
215 -&gt;   Toplam : 215
215 -&gt;   Toplam : 215
215 -&gt;   Toplam : 215
215 -&gt;   Toplam : 215
215 -&gt;   Toplam : 215
215 -&gt;   Toplam : 215
215 -&gt;   Toplam : 215
215 -&gt;   Toplam : 215
215 -&gt;   Toplam : 215
215 -&gt;   Toplam : 215
215 -&gt;   Toplam : 215
215 -&gt;   Toplam : 215
215 -&gt;   Toplam : 215
215 -&gt;   Toplam : 215
215 -&gt;   Toplam : 215
215 -&gt;   Toplam : 215
215 -&gt;   Toplam : 215
215 -&gt;   Toplam : 215
215 -&gt;   Toplam : 215
215 -&gt;   Toplam : 215
215 -&gt;   Toplam : 215
215 -&gt;   Toplam : 215
215 -&gt;   Toplam : 215
215 -&gt;   Toplam : 215
215 -&gt;   Toplam : 215
215 -&gt;   Toplam : 215
215 -&gt;   Toplam : 215
215 -&gt;   Toplam : 215
215 -&gt;   Toplam : 215
215 -&gt;   Toplam : 215
215 -&gt;   Toplam : 215
215 -&gt;   Toplam : 215
215 -&gt;   Toplam : 215
215 -&gt;   Toplam : 215
215 -&gt;   Toplam : 215
215 -&gt;   Toplam : 215
215 -&gt;   Toplam : 215
215 -&gt;   Toplam : 215
215 -&gt;   Toplam : 215
215 -&gt;   Toplam : 215
215 -&gt;   Toplam : 215
215 -&gt;   Toplam : 215
215 -&gt;   Toplam : 215
215 -&gt;   Toplam : 215
215 -&gt;   Toplam : 215
215 -&gt;   Toplam : 215
215 -&gt;   Toplam : 215
215 -&gt;   Toplam : 215
215 -&gt;   Toplam : 215
215 -&gt;   Toplam : 215
215 -&gt;   Toplam : 215
215 -&gt;   Toplam : 215
215 -&gt;   Toplam : 215
215 -&gt;   Toplam : 215
215 -&gt;   Toplam : 215
215 -&gt;   Toplam : 215
215 -&gt;   Toplam : 215
215 -&gt;   Toplam : 215
215 -&gt;   Toplam : 215
215 -&gt;   Toplam : 215
215 -&gt;   Toplam : 215
215 -&gt;   Toplam : 215
215 -&gt;   Toplam : 215
215 -&gt;   Toplam : 215
215 -&gt;   Toplam : 215
215 -&gt;   Toplam : 215
215 -&gt;   Toplam : 215
215 -&gt;   Toplam : 215
215 -&gt;   Toplam : 215
215 -&gt;   Toplam : 215
215 -&gt;   Toplam : 215
215 -&gt;   Toplam : 215
215 -&gt;   Toplam : 215
215 -&gt;   Toplam : 215
215 -&gt;   Toplam : 215
215 -&gt;   Toplam : 215
215 -&gt;   Toplam : 215
215 -&gt;   Toplam : 215
215 -&gt;   Toplam : 215
215 -&gt;   Toplam : 215
215 -&gt;   Toplam : 215
215 -&gt;   Toplam : 215
215 -&gt;   Toplam : 215
215 -&gt;   Toplam : 215
215 -&gt;   Toplam : 215
215 -&gt;   Toplam : 215
215 -&gt;   Toplam : 215
215 -&gt;   Toplam : 215
215 -&gt;   Toplam : 215
215 -&gt;   Toplam : 215
215 -&gt;   Toplam : 215
215 -&gt;   Toplam : 215
215 -&gt;   Toplam : 215
215 -&gt;   Toplam : 215
215 -&gt;   Toplam : 215
215 -&gt;   Toplam : 215
215 -&gt;   Toplam : 215
215 -&gt;   Toplam : 215
215 -&gt;   Toplam : 215
215 -&gt;   Toplam : 215
215 -&gt;   Toplam : 215
215 -&gt;   Toplam : 215
215 -&gt;   Toplam : 215
215 -&gt;   Toplam : 215
215 -&gt;   Toplam : 215
215 -&gt;   Toplam : 215
215 -&gt;   Toplam : 215
215 -&gt;   Toplam : 215
215 -&gt;   Toplam : 215
215 -&gt;   Toplam : 215
215 -&gt;   Toplam : 215
215 -&gt;   Toplam : 215
215 -&gt;   Toplam : 215
215 -&gt;   Toplam : 215
215 -&gt;   Toplam : 215
215 -&gt;   Toplam : 215
215 -&gt;   Toplam : 215
215 -&gt;   Toplam : 215
215 -&gt;   Toplam : 215
215 -&gt;   Toplam : 215
215 -&gt;   Toplam : 215
215 -&gt;   Toplam : 215
215 -&gt;   Toplam : 215
215 -&gt;   Toplam : 215
215 -&gt;   Toplam : 215
215 -&gt;   Toplam : 215
215 -&gt;   Toplam : 215
215 -&gt;   Toplam : 215
215 -&gt;   Toplam : 215
215 -&gt;   Toplam : 215
215 -&gt;   Toplam : 215
215 -&gt;   Toplam : 215
215 -&gt;   Toplam : 215
215 -&gt;   Toplam : 215
215 -&gt;   Toplam : 215
215 -&gt;   Toplam : 215
215 -&gt;   Toplam : 215
215 -&gt;   Toplam : 215
215 -&gt;   Toplam : 215
215 -&gt;   Toplam : 215
215 -&gt;   Toplam : 215
215 -&gt;   Toplam : 215
215 -&gt;   Toplam : 215
215 -&gt;   Toplam : 215
215 -&gt;   Toplam : 215
215 -&gt;   Toplam : 215
215 -&gt;   Toplam : 215
215 -&gt;   Toplam : 215
215 -&gt;   Toplam : 215
215 -&gt;   Toplam : 215
215 -&gt;   Toplam : 215
215 -&gt;   Toplam : 215
215 -&gt;   Toplam : 215
215 -&gt;   Toplam : 215
215 -&gt;   Toplam : 215
215 -&gt;   Toplam : 215
215 -&gt;   Toplam : 215
215 -&gt;   Toplam : 215
215 -&gt;   Toplam : 215
215 -&gt;   Toplam : 215
215 -&gt;   Toplam : 215
215 -&gt;   Toplam : 215
215 -&gt;   Toplam : 215
215 -&gt;   Toplam : 215
215 -&gt;   Toplam : 215
215 -&gt;   Toplam : 215
215 -&gt;   Toplam : 215
215 -&gt;   Toplam : 215
215 -&gt;   Toplam : 215
215 -&gt;   Toplam : 215
215 -&gt;   Toplam : 215
215 -&gt;   Toplam : 215
215 -&gt;   Toplam : 215
215 -&gt;   Toplam : 215
215 -&gt;   Toplam : 215
215 -&gt;   Toplam : 215
215 -&gt;   Toplam : 215
215 -&gt;   Toplam : 215
215 -&gt;   Toplam : 215
215 -&gt;   Toplam : 215
215 -&gt;   Toplam : 215
215 -&gt;   Toplam : 215
215 -&gt;   Toplam : 215
215 -&gt;   Toplam : 215
215 -&gt;   Toplam : 215
215 -&gt;   Toplam : 215
215 -&gt;   Toplam : 215
215 -&gt;   Toplam : 215
215 -&gt;   Toplam : 215
215 -&gt;   Toplam : 215
215 -&gt;   Toplam : 215
215 -&gt;   Toplam : 215
215 -&gt;   Toplam : 215
215 -&gt;   Toplam : 215
215 -&gt;   Toplam : 215
215 -&gt;   Toplam : 215
215 -&gt;   Toplam : 215
215 -&gt;   Toplam : 215
215 -&gt;   Toplam : 215
215 -&gt;   Toplam : 215
215 -&gt;   Toplam : 215
215 -&gt;   Toplam : 215
215 -&gt;   Toplam : 215
215 -&gt;   Toplam : 215
215 -&gt;   Toplam : 215
215 -&gt;   Toplam : 215
215 -&gt;   Toplam : 215
215 -&gt;   Toplam : 215
215 -&gt;   Toplam : 215
215 -&gt;   Toplam : 215
215 -&gt;   Toplam : 215
215 -&gt;   Toplam : 215
215 -&gt;   Toplam : 215
215 -&gt;   Toplam : 215
215 -&gt;   Toplam : 215
215 -&gt;   Toplam : 215
215 -&gt;   Toplam : 215
215 -&gt;   Toplam : 215
215 -&gt;   Toplam : 215
215 -&gt;   Toplam : 215
215 -&gt;   Toplam : 215
215 -&gt;   Toplam : 215
215 -&gt;   Toplam : 215
215 -&gt;   Toplam : 215
215 -&gt;   Toplam : 215
215 -&gt;   Toplam : 215
215 -&gt;   Toplam : 215
215 -&gt;   Toplam : 215
215 -&gt;   Toplam : 215
215 -&gt;   Toplam : 215
215 -&gt;   Toplam : 215
215 -&gt;   Toplam : 215
215 -&gt;   Toplam : 215
215 -&gt;   Toplam : 215
215 -&gt;   Toplam : 215
215 -&gt;   Toplam : 215
215 -&gt;   Toplam : 215
215 -&gt;   Toplam : 215
215 -&gt;   Toplam : 215
215 -&gt;   Toplam : 215
215 -&gt;   Toplam : 215
215 -&gt;   Toplam : 215
215 -&gt;   Toplam : 215
215 -&gt;   Toplam : 215
215 -&gt;   Toplam : 215
215 -&gt;   Toplam : 215
215 -&gt;   Toplam : 215
215 -&gt;   Toplam : 215
215 -&gt;   Toplam : 215
215 -&gt;   Toplam : 215
215 -&gt;   Toplam : 215
215 -&gt;   Toplam : 215
215 -&gt;   Toplam : 215
215 -&gt;   Toplam : 215
215 -&gt;   Toplam : 215
215 -&gt;   Toplam : 215
215 -&gt;   Toplam : 215
215 -&gt;   Toplam : 215
215 -&gt;   Toplam : 215
215 -&gt;   Toplam : 215
215 -&gt;   Toplam : 215
215 -&gt;   Toplam : 215
215 -&gt;   Toplam : 215
215 -&gt;   Toplam : 215
215 -&gt;   Toplam : 215
215 -&gt;   Toplam : 215
215 -&gt;   Toplam : 215
215 -&gt;   Toplam : 215
215 -&gt;   Toplam : 215
215 -&gt;   Toplam : 215
215 -&gt;   Toplam : 215
215 -&gt;   Toplam : 215
215 -&gt;   Toplam : 215
215 -&gt;   Toplam : 215
215 -&gt;   Toplam : 215
215 -&gt;   Toplam : 215
215 -&gt;   Toplam : 215
215 -&gt;   Toplam : 215
215 -&gt;   Toplam : 215
215 -&gt;   Toplam : 215
215 -&gt;   Toplam : 215
215 -&gt;   Toplam : 215
215 -&gt;   Toplam : 215
215 -&gt;   Toplam : 215
215 -&gt;   Toplam : 215
215 -&gt;   Toplam : 215
215 -&gt;   Toplam : 215
215 -&gt;   Toplam : 215
215 -&gt;   Toplam : 215
215 -&gt;   Toplam : 215
215 -&gt;   Toplam : 215
215 -&gt;   Toplam : 215
215 -&gt;   Toplam : 215
215 -&gt;   Toplam : 215
215 -&gt;   Toplam : 215
215 -&gt;   Toplam : 215
215 -&gt;   Toplam : 215
215 -&gt;   Toplam : 215
215 -&gt;   Toplam : 215
215 -&gt;   Toplam : 215
215 -&gt;   Toplam : 215
215 -&gt;   Toplam : 215
215 -&gt;   Toplam : 215
215 -&gt;   Toplam : 215
215 -&gt;   Toplam : 215
215 -&gt;   Toplam : 215
215 -&gt;   Toplam : 215
215 -&gt;   Toplam : 215
215 -&gt;   Toplam : 215
215 -&gt;   Toplam : 215
215 -&gt;   Toplam : 215
215 -&gt;   Toplam : 215
215 -&gt;   Toplam : 215
215 -&gt;   Toplam : 215
215 -&gt;   Toplam : 215
215 -&gt;   Toplam : 215
215 -&gt;   Toplam : 215
215 -&gt;   Toplam : 215
215 -&gt;   Toplam : 215
215 -&gt;   Toplam : 215
215 -&gt;   Toplam : 215
215 -&gt;   Toplam : 215
215 -&gt;   Toplam : 215
215 -&gt;   Toplam : 215
215 -&gt;   Toplam : 215
215 -&gt;   Toplam : 215
215 -&gt;   Toplam : 215
215 -&gt;   Toplam : 215
215 -&gt;   Toplam : 215
215 -&gt;   Toplam : 215
215 -&gt;   Toplam : 215
215 -&gt;   Toplam : 215
215 -&gt;   Toplam : 215
215 -&gt;   Toplam : 215
215 -&gt;   Toplam : 215
215 -&gt;   Toplam : 215
215 -&gt;   Toplam : 215
215 -&gt;   Toplam : 215
215 -&gt;   Toplam : 215
215 -&gt;   Toplam : 215
215 -&gt;   Toplam : 215
215 -&gt;   Toplam : 215
215 -&gt;   Toplam : 215
215 -&gt;   Toplam : 215
215 -&gt;   Toplam : 215
215 -&gt;   Toplam : 215
215 -&gt;   Toplam : 215
215 -&gt;   Toplam : 215
215 -&gt;   Toplam : 215
215 -&gt;   Toplam : 215
215 -&gt;   Toplam : 215
215 -&gt;   Toplam : 215
215 -&gt;   Toplam : 215
215 -&gt;   Toplam : 215
215 -&gt;   Toplam : 215
215 -&gt;   Toplam : 215
215 -&gt;   Toplam : 215
215 -&gt;   Toplam : 215
215 -&gt;   Toplam : 215
215 -&gt;   Toplam : 215
215 -&gt;   Toplam : 215
215 -&gt;   Toplam : 215
215 -&gt;   Toplam : 215
215 -&gt;   Toplam : 215
215 -&gt;   Toplam : 215
215 -&gt;   Toplam : 215
215 -&gt;   Toplam : 215
215 -&gt;   Toplam : 215
215 -&gt;   Toplam : 215
215 -&gt;   Toplam : 215
215 -&gt;   Toplam : 215
215 -&gt;   Toplam : 215
215 -&gt;   Toplam : 215
215 -&gt;   Toplam : 215
215 -&gt;   Toplam : 215
215 -&gt;   Toplam : 215
215 -&gt;   Toplam : 215
215 -&gt;   Toplam : 215
215 -&gt;   Toplam : 215
215 -&gt;   Toplam : 215
215 -&gt;   Toplam : 215
215 -&gt;   Toplam : 215
215 -&gt;   Toplam : 215
215 -&gt;   Toplam : 215
215 -&gt;   Toplam : 215
215 -&gt;   Toplam : 215
215 -&gt;   Toplam : 215
215 -&gt;   Toplam : 215
215 -&gt;   Toplam : 215
215 -&gt;   Toplam : 215
215 -&gt;   Toplam : 215
215 -&gt;   Toplam : 215
215 -&gt;   Toplam : 215
215 -&gt;   Toplam : 215
215 -&gt;   Toplam : 215
215 -&gt;   Toplam : 215
215 -&gt;   Toplam : 215
215 -&gt;   Toplam : 215
215 -&gt;   Toplam : 215
215 -&gt;   Toplam : 215
215 -&gt;   Toplam : 215
215 -&gt;   Toplam : 215
215 -&gt;   Toplam : 215
215 -&gt;   Toplam : 215
215 -&gt;   Toplam : 215
215 -&gt;   Toplam : 215
215 -&gt;   Toplam : 215
215 -&gt;   Toplam : 215
215 -&gt;   Toplam : 215
215 -&gt;   Toplam : 215
215 -&gt;   Toplam : 215
215 -&gt;   Toplam : 215
215 -&gt;   Toplam : 215
215 -&gt;   Toplam : 215
215 -&gt;   Toplam : 215
215 -&gt;   Toplam : 215
215 -&gt;   Toplam : 215
215 -&gt;   Toplam : 215
215 -&gt;   Toplam : 215
215 -&gt;   Toplam : 215
215 -&gt;   Toplam : 215
215 -&gt;   Toplam : 215
215 -&gt;   Toplam : 215
215 -&gt;   Toplam : 215
215 -&gt;   Toplam : 215
215 -&gt;   Toplam : 215
215 -&gt;   Toplam : 215
215 -&gt;   Toplam : 215
215 -&gt;   Toplam : 215
215 -&gt;   Toplam : 215
215 -&gt;   Toplam : 215
215 -&gt;   Toplam : 215
215 -&gt;   Toplam : 215
215 -&gt;   Toplam : 215
215 -&gt;   Toplam : 215
215 -&gt;   Toplam : 215
215 -&gt;   Toplam : 215
215 -&gt;   Toplam : 215
215 -&gt;   Toplam : 215
215 -&gt;   Toplam : 215
215 -&gt;   Toplam : 215
215 -&gt;   Toplam : 215
215 -&gt;   Toplam : 215
215 -&gt;   Toplam : 215
215 -&gt;   Toplam : 215
215 -&gt;   Toplam : 215
215 -&gt;   Toplam : 215
215 -&gt;   Toplam : 215
215 -&gt;   Toplam : 215
215 -&gt;   Toplam : 215
215 -&gt;   Toplam : 215
215 -&gt;   Toplam : 215
215 -&gt;   Toplam : 215
215 -&gt;   Toplam : 215
215 -&gt;   Toplam : 215
215 -&gt;   Toplam : 215
215 -&gt;   Toplam : 215
215 -&gt;   Toplam : 215
215 -&gt;   Toplam : 215
215 -&gt;   Toplam : 215
215 -&gt;   Toplam : 215
215 -&gt;   Toplam : 215
215 -&gt;   Toplam : 215
215 -&gt;   Toplam : 215
215 -&gt;   Toplam : 215
215 -&gt;   Toplam : 215
215 -&gt;   Toplam : 215
215 -&gt;   Toplam : 215
215 -&gt;   Toplam : 215
215 -&gt;   Toplam : 215
215 -&gt;   Toplam : 215
215 -&gt;   Toplam : 215
215 -&gt;   Toplam : 215
215 -&gt;   Toplam : 215
215 -&gt;   Toplam : 215
215 -&gt;   Toplam : 215
215 -&gt;   Toplam : 215
215 -&gt;   Toplam : 215
215 -&gt;   Toplam : 215
215 -&gt;   Toplam : 215
215 -&gt;   Toplam : 215
215 -&gt;   Toplam : 215
215 -&gt;   Toplam : 215
215 -&gt;   Toplam : 215
215 -&gt;   Toplam : 215
215 -&gt;   Toplam : 215
215 -&gt;   Toplam : 215
215 -&gt;   Toplam : 215
215 -&gt;   Toplam : 215
215 -&gt;   Toplam : 215
215 -&gt;   Toplam : 215
215 -&gt;   Toplam : 215
215 -&gt;   Toplam : 215
215 -&gt;   Toplam : 215
215 -&gt;   Toplam : 215
215 -&gt;   Toplam : 215
215 -&gt;   Toplam : 215
215 -&gt;   Toplam : 215
215 -&gt;   Toplam : 215
215 -&gt;   Toplam : 215
215 -&gt;   Toplam : 215
215 -&gt;   Toplam : 215
215 -&gt;   Toplam : 215
215 -&gt;   Toplam : 215
215 -&gt;   Toplam : 215
215 -&gt;   Toplam : 215
215 -&gt;   Toplam : 215
215 -&gt;   Toplam : 215
215 -&gt;   Toplam : 215
215 -&gt;   Toplam : 215
215 -&gt;   Toplam : 215
215 -&gt;   Toplam : 215
215 -&gt;   Toplam : 215
215 -&gt;   Toplam : 215
215 -&gt;   Toplam : 215
215 -&gt;   Toplam : 215
215 -&gt;   Toplam : 215
215 -&gt;   Toplam : 215
215 -&gt;   Toplam : 215
215 -&gt;   Toplam : 215
215 -&gt;   Toplam : 215
215 -&gt;   Toplam : 215
215 -&gt;   Toplam : 215
215 -&gt;   Toplam : 215
215 -&gt;   Toplam : 215
215 -&gt;   Toplam : 215
215 -&gt;   Toplam : 215
215 -&gt;   Toplam : 215
215 -&gt;   Toplam : 215
215 -&gt;   Toplam : 215
215 -&gt;   Toplam : 215
215 -&gt;   Toplam : 215
215 -&gt;   Toplam : 215
215 -&gt;   Toplam : 215
215 -&gt;   Toplam : 215
215 -&gt;   Toplam : 215
215 -&gt;   Toplam : 215
215 -&gt;   Toplam : 215
215 -&gt;   Toplam : 215
215 -&gt;   Toplam : 215
215 -&gt;   Toplam : 215
215 -&gt;   Toplam : 215
215 -&gt;   Toplam : 215
215 -&gt;   Toplam : 215
215 -&gt;   Toplam : 215
215 -&gt;   Toplam : 215
215 -&gt;   Toplam : 215
215 -&gt;   Toplam : 215
215 -&gt;   Toplam : 215
215 -&gt;   Toplam : 215
215 -&gt;   Toplam : 215
215 -&gt;   Toplam : 215
215 -&gt;   Toplam : 215
215 -&gt;   Toplam : 215
215 -&gt;   Toplam : 215
215 -&gt;   Toplam : 215
215 -&gt;   Toplam : 215
215 -&gt;   Toplam : 215
215 -&gt;   Toplam : 215
215 -&gt;   Toplam : 215
215 -&gt;   Toplam : 215
215 -&gt;   Toplam : 215
215 -&gt;   Toplam : 215
215 -&gt;   Toplam : 215
215 -&gt;   Toplam : 215
215 -&gt;   Toplam : 215
215 -&gt;   Toplam : 215
215 -&gt;   Toplam : 215
215 -&gt;   Toplam : 215
215 -&gt;   Toplam : 215
215 -&gt;   Toplam : 215
215 -&gt;   Toplam : 215
215 -&gt;   Toplam : 215
215 -&gt;   Toplam : 215
215 -&gt;   Toplam : 215
215 -&gt;   Toplam : 215
215 -&gt;   Toplam : 215
215 -&gt;   Toplam : 215
215 -&gt;   Toplam : 215
215 -&gt;   Toplam : 215
215 -&gt;   Toplam : 215
215 -&gt;   Toplam : 215
215 -&gt;   Toplam : 215
215 -&gt;   Toplam : 215
215 -&gt;   Toplam : 215
215 -&gt;   Toplam : 215
215 -&gt;   Toplam : 215
215 -&gt;   Toplam : 215
215 -&gt;   Toplam : 215
215 -&gt;   Toplam : 215
215 -&gt;   Toplam : 215
215 -&gt;   Toplam : 215
215 -&gt;   Toplam : 215
215 -&gt;   Toplam : 215
215 -&gt;   Toplam : 215
215 -&gt;   Toplam : 215
215 -&gt;   Toplam : 215
215 -&gt;   Toplam : 215
215 -&gt;   Toplam : 215
215 -&gt;   Toplam : 215
215 -&gt;   Toplam : 215
215 -&gt;   Toplam : 215
215 -&gt;   Toplam : 215
215 -&gt;   Toplam : 215
215 -&gt;   Toplam : 215
215 -&gt;   Toplam : 215
215 -&gt;   Toplam : 215
215 -&gt;   Toplam : 215
215 -&gt;   Toplam : 215
215 -&gt;   Toplam : 215
215 -&gt;   Toplam : 215
215 -&gt;   Toplam : 215
215 -&gt;   Toplam : 215
215 -&gt;   Toplam : 215
215 -&gt;   Toplam : 215
215 -&gt;   Toplam : 215
215 -&gt;   Toplam : 215
215 -&gt;   Toplam : 215
215 -&gt;   Toplam : 215
215 -&gt;   Toplam : 215
215 -&gt;   Toplam : 215
215 -&gt;   Toplam : 215
215 -&gt;   Toplam : 215
215 -&gt;   Toplam : 215
215 -&gt;   Toplam : 215
215 -&gt;   Toplam : 215
215 -&gt;   Toplam : 215
215 -&gt;   Toplam : 215
215 -&gt;   Toplam : 215
215 -&gt;   Toplam : 215
215 -&gt;   Toplam : 215
215 -&gt;   Toplam : 215
215 -&gt;   Toplam : 215
215 -&gt;   Toplam : 215
215 -&gt;   Toplam : 215
215 -&gt;   Toplam : 215
215 -&gt;   Toplam : 215
215 -&gt;   Toplam : 215
215 -&gt;   Toplam : 215
215 -&gt;   Toplam : 215
215 -&gt;   Toplam : 215
215 -&gt;   Toplam : 215
215 -&gt;   Toplam : 215
215 -&gt;   Toplam : 215
215 -&gt;   Toplam : 215
215 -&gt;   Toplam : 215
215 -&gt;   Toplam : 215
215 -&gt;   Toplam : 215
215 -&gt;   Toplam : 215
215 -&gt;   Toplam : 215
215 -&gt;   Toplam : 215
215 -&gt;   Toplam : 215
215 -&gt;   Toplam : 215
215 -&gt;   Toplam : 215
215 -&gt;   Toplam : 215
215 -&gt;   Toplam : 215
215 -&gt;   Toplam : 215
215 -&gt;   Toplam : 215
215 -&gt;   Toplam : 215
215 -&gt;   Toplam : 215
215 -&gt;   Toplam : 215
215 -&gt;   Toplam : 215
215 -&gt;   Toplam : 215
215 -&gt;   Toplam : 215
215 -&gt;   Toplam : 215
215 -&gt;   Toplam : 215
215 -&gt;   Toplam : 215
215 -&gt;   Toplam : 215
215 -&gt;   Toplam : 215
215 -&gt;   Toplam : 215
215 -&gt;   Toplam : 215
215 -&gt;   Toplam : 215
215 -&gt;   Toplam : 215
215 -&gt;   Toplam : 215
215 -&gt;   Toplam : 215
215 -&gt;   Toplam : 215
215 -&gt;   Toplam : 215
215 -&gt;   Toplam : 215
215 -&gt;   Toplam : 215
215 -&gt;   Toplam : 215
215 -&gt;   Toplam : 215
215 -&gt;   Toplam : 215
215 -&gt;   Toplam : 215
215 -&gt;   Toplam : 215
215 -&gt;   Toplam : 215
215 -&gt;   Toplam : 215
215 -&gt;   Toplam : 215
215 -&gt;   Toplam : 215
215 -&gt;   Toplam : 215
215 -&gt;   Toplam : 215
215 -&gt;   Toplam : 215
215 -&gt;   Toplam : 215
215 -&gt;   Toplam : 215
215 -&gt;   Toplam : 215
215 -&gt;   Toplam : 215
215 -&gt;   Toplam : 215
215 -&gt;   Toplam : 215
215 -&gt;   Toplam : 215
215 -&gt;   Toplam : 215
215 -&gt;   Toplam : 215
215 -&gt;   Toplam : 215
215 -&gt;   Toplam : 215
215 -&gt;   Toplam : 215
215 -&gt;   Toplam : 215
215 -&gt;   Toplam : 215
215 -&gt;   Toplam : 215
215 -&gt;   Toplam : 215
215 -&gt;   Toplam : 215
215 -&gt;   Toplam : 215
215 -&gt;   Toplam : 215
215 -&gt;   Toplam : 215
215 -&gt;   Toplam : 215
215 -&gt;   Toplam : 215
215 -&gt;   Toplam : 215
215 -&gt;   Toplam : 215
215 -&gt;   Toplam : 215
215 -&gt;   Toplam : 215
215 -&gt;   Toplam : 215
215 -&gt;   Toplam : 215
215 -&gt;   Toplam : 215
215 -&gt;   Toplam : 215
215 -&gt;   Toplam : 215
215 -&gt;   Toplam : 215
215 -&gt;   Toplam : 215
215 -&gt;   Toplam : 215
215 -&gt;   Toplam : 215
215 -&gt;   Toplam : 215
215 -&gt;   Toplam : 215
215 -&gt;   Toplam : 215
215 -&gt;   Toplam : 215
215 -&gt;   Toplam : 215
215 -&gt;   Toplam : 215
215 -&gt;   Toplam : 215
215 -&gt;   Toplam : 215
215 -&gt;   Toplam : 215
215 -&gt;   Toplam : 215
215 -&gt;   Toplam : 215
215 -&gt;   Toplam : 215
215 -&gt;   Toplam : 215
215 -&gt;   Toplam : 215
215 -&gt;   Toplam : 215
215 -&gt;   Toplam : 215
215 -&gt;   Toplam : 215
215 -&gt;   Toplam : 215
215 -&gt;   Toplam : 215
215 -&gt;   Toplam : 215
215 -&gt;   Toplam : 215
215 -&gt;   Toplam : 215
215 -&gt;   Toplam : 215
215 -&gt;   Toplam : 215
215 -&gt;   Toplam : 215
215 -&gt;   Toplam : 215
215 -&gt;   Toplam : 215
215 -&gt;   Toplam : 215
215 -&gt;   Toplam : 215
215 -&gt;   Toplam : 215
215 -&gt;   Toplam : 215
215 -&gt;   Toplam : 215
215 -&gt;   Toplam : 215
215 -&gt;   Toplam : 215
215 -&gt;   Toplam : 215
215 -&gt;   Toplam : 215
215 -&gt;   Toplam : 215
215 -&gt;   Toplam : 215
215 -&gt;   Toplam : 215
215 -&gt;   Toplam : 215
215 -&gt;   Toplam : 215
215 -&gt;   Toplam : 215
215 -&gt;   Toplam : 215
215 -&gt;   Toplam : 215
215 -&gt;   Toplam : 215
215 -&gt;   Toplam : 215
215 -&gt;   Toplam : 215
215 -&gt;   Toplam : 215
215 -&gt;   Toplam : 215
215 -&gt;   Toplam : 215
215 -&gt;   Toplam : 215
215 -&gt;   Toplam : 215
215 -&gt;   Toplam : 215
215 -&gt;   Toplam : 215
215 -&gt;   Toplam : 215
215 -&gt;   Toplam : 215
215 -&gt;   Toplam : 215
215 -&gt;   Toplam : 215
215 -&gt;   Toplam : 215
215 -&gt;   Toplam : 215
215 -&gt;   Toplam : 215
215 -&gt;   Toplam : 215
215 -&gt;   Toplam : 215
215 -&gt;   Toplam : 215
215 -&gt;   Toplam : 215
215 -&gt;   Toplam : 215
215 -&gt;   Toplam : 215
215 -&gt;   Toplam : 215
215 -&gt;   Toplam : 215
215 -&gt;   Toplam : 215
215 -&gt;   Toplam : 215
215 -&gt;   Toplam : 215
215 -&gt;   Toplam : 215
215 -&gt;   Toplam : 215
215 -&gt;   Toplam : 215
215 -&gt;   Toplam : 215
215 -&gt;   Toplam : 215
215 -&gt;   Toplam : 215
215 -&gt;   Toplam : 215
215 -&gt;   Toplam : 215
215 -&gt;   Toplam : 215
215 -&gt;   Toplam : 215
215 -&gt;   Toplam : 215
215 -&gt;   Toplam : 215
215 -&gt;   Toplam : 215
215 -&gt;   Toplam : 215
215 -&gt;   Toplam : 215
215 -&gt;   Toplam : 215
215 -&gt;   Toplam : 215
215 -&gt;   Toplam : 215
215 -&gt;   Toplam : 215
215 -&gt;   Toplam : 215
215 -&gt;   Toplam : 215
215 -&gt;   Toplam : 215
215 -&gt;   Toplam : 215
215 -&gt;   Toplam : 215
215 -&gt;   Toplam : 215
215 -&gt;   Toplam : 215
215 -&gt;   Toplam : 215
215 -&gt;   Toplam : 215
215 -&gt;   Toplam : 215
215 -&gt;   Toplam : 215
215 -&gt;   Toplam : 215
215 -&gt;   Toplam : 215
215 -&gt;   Toplam : 215
215 -&gt;   Toplam : 215
215 -&gt;   Toplam : 215
215 -&gt;   Toplam : 215
215 -&gt;   Toplam : 215
215 -&gt;   Toplam : 215
215 -&gt;   Toplam : 215
215 -&gt;   Toplam : 215
215 -&gt;   Toplam : 215
215 -&gt;   Toplam : 215
215 -&gt;   Toplam : 215
215 -&gt;   Toplam : 215
215 -&gt;   Toplam : 215
215 -&gt;   Toplam : 215
215 -&gt;   Toplam : 215
215 -&gt;   Toplam : 215
215 -&gt;   Toplam : 215
215 -&gt;   Toplam : 215
215 -&gt;   Toplam : 215
215 -&gt;   Toplam : 215
215 -&gt;   Toplam : 215
215 -&gt;   Toplam : 215
215 -&gt;   Toplam : 215
215 -&gt;   Toplam : 215
215 -&gt;   Toplam : 215
215 -&gt;   Toplam : 215
215 -&gt;   Toplam : 215
215 -&gt;   Toplam : 215
215 -&gt;   Toplam : 215
215 -&gt;   Toplam : 215
215 -&gt;   Toplam : 215
215 -&gt;   Toplam : 215
215 -&gt;   Toplam : 215
215 -&gt;   Toplam : 215
215 -&gt;   Toplam : 215
215 -&gt;   Toplam : 215
215 -&gt;   Toplam : 215
215 -&gt;   Toplam : 215
215 -&gt;   Toplam : 215
215 -&gt;   Toplam : 215
215 -&gt;   Toplam : 215
215 -&gt;   Toplam : 215
215 -&gt;   Toplam : 215
215 -&gt;   Toplam : 215
215 -&gt;   Toplam : 215
215 -&gt;   Toplam : 215
215 -&gt;   Toplam : 215
215 -&gt;   Toplam : 215
215 -&gt;   Toplam : 215
215 -&gt;   Toplam : 215
215 -&gt;   Toplam : 215
215 -&gt;   Toplam : 215
215 -&gt;   Toplam : 215
215 -&gt;   Toplam : 215
215 -&gt;   Toplam : 215
215 -&gt;   Toplam : 215
215 -&gt;   Toplam : 215
215 -&gt;   Toplam : 215
215 -&gt;   Toplam : 215
215 -&gt;   Toplam : 215
215 -&gt;   Toplam : 215
215 -&gt;   Toplam : 215
215 -&gt;   Toplam : 215
215 -&gt;   Toplam : 215
215 -&gt;   Toplam : 215
215 -&gt;   Toplam : 215
215 -&gt;   Toplam : 215
215 -&gt;   Toplam : 215
215 -&gt;   Toplam : 215
215 -&gt;   Toplam : 215
215 -&gt;   Toplam : 215
215 -&gt;   Toplam : 215
215 -&gt;   Toplam : 215
215 -&gt;   Toplam : 215
215 -&gt;   Toplam : 215
215 -&gt;   Toplam : 215
215 -&gt;   Toplam : 215
215 -&gt;   Toplam : 215
215 -&gt;   Toplam : 215
215 -&gt;   Toplam : 215
215 -&gt;   Toplam : 215
215 -&gt;   Toplam : 215
215 -&gt;   Toplam : 215
215 -&gt;   Toplam : 215
215 -&gt;   Toplam : 215
215 -&gt;   Toplam : 215
215 -&gt;   Toplam : 215
215 -&gt;   Toplam : 215
215 -&gt;   Toplam : 215
215 -&gt;   Toplam : 215
215 -&gt;   Toplam : 215
215 -&gt;   Toplam : 215
215 -&gt;   Toplam : 215
215 -&gt;   Toplam : 215
215 -&gt;   Toplam : 215
215 -&gt;   Toplam : 215
215 -&gt;   Toplam : 215
215 -&gt;   Toplam : 215
215 -&gt;   Toplam : 215
215 -&gt;   Toplam : 215
215 -&gt;   Toplam : 215
215 -&gt;   Toplam : 215
215 -&gt;   Toplam : 215
215 -&gt;   Toplam : 215
215 -&gt;   Toplam : 215
215 -&gt;   Toplam : 215
215 -&gt;   Toplam : 215
215 -&gt;   Toplam : 215
215 -&gt;   Toplam : 215
215 -&gt;   Toplam : 215
215 -&gt;   Toplam : 215
215 -&gt;   Toplam : 215
215 -&gt;   Toplam : 215
215 -&gt;   Toplam : 215
215 -&gt;   Toplam : 215
215 -&gt;   Toplam : 215
215 -&gt;   Toplam : 215
215 -&gt;   Toplam : 215
215 -&gt;   Toplam : 215
215 -&gt;   Toplam : 215
215 -&gt;   Toplam : 215
215 -&gt;   Toplam : 215
215 -&gt;   Toplam : 215
215 -&gt;   Toplam : 215
215 -&gt;   Toplam : 215
215 -&gt;   Toplam : 215
215 -&gt;   Toplam : 215
215 -&gt;   Toplam : 215
215 -&gt;   Toplam : 215
215 -&gt;   Toplam : 215
215 -&gt;   Toplam : 215
215 -&gt;   Toplam : 215
215 -&gt;   Toplam : 215
215 -&gt;   Toplam : 215
215 -&gt;   Toplam : 215
215 -&gt;   Toplam : 215
215 -&gt;   Toplam : 215
215 -&gt;   Toplam : 215
215 -&gt;   Toplam : 215
215 -&gt;   Toplam : 215
215 -&gt;   Toplam : 215
215 -&gt;   Toplam : 215
215 -&gt;   Toplam : 215
215 -&gt;   Toplam : 215
215 -&gt;   Toplam : 215
215 -&gt;   Toplam : 215
215 -&gt;   Toplam : 215
215 -&gt;   Toplam : 215
215 -&gt;   Toplam : 215
215 -&gt;   Toplam : 215
215 -&gt;   Toplam : 215
215 -&gt;   Toplam : 215
215 -&gt;   Toplam : 215
215 -&gt;   Toplam : 215
215 -&gt;   Toplam : 215
215 -&gt;   Toplam : 215
215 -&gt;   Toplam : 215
215 -&gt;   Toplam : 215
215 -&gt;   Toplam : 215
215 -&gt;   Toplam : 215
215 -&gt;   Toplam : 215
215 -&gt;   Toplam : 215
215 -&gt;   Toplam : 215
215 -&gt;   Toplam : 215
215 -&gt;   Toplam : 215
215 -&gt;   Toplam : 215
215 -&gt;   Toplam : 215
215 -&gt;   Toplam : 215
215 -&gt;   Toplam : 215
215 -&gt;   Toplam : 215
215 -&gt;   Toplam : 215
215 -&gt;   Toplam : 215
215 -&gt;   Toplam : 215
215 -&gt;   Toplam : 215
215 -&gt;   Toplam : 215
215 -&gt;   Toplam : 215
215 -&gt;   Toplam : 215
215 -&gt;   Toplam : 215
215 -&gt;   Toplam : 215
215 -&gt;   Toplam : 215
215 -&gt;   Toplam : 215
215 -&gt;   Toplam : 215
215 -&gt;   Toplam : 215
215 -&gt;   Toplam : 215
215 -&gt;   Toplam : 215
215 -&gt;   Toplam : 215
215 -&gt;   Toplam : 215
215 -&gt;   Toplam : 215
215 -&gt;   Toplam : 215
215 -&gt;   Toplam : 215
215 -&gt;   Toplam : 215
215 -&gt;   Toplam : 215
215 -&gt;   Toplam : 215
215 -&gt;   Toplam : 215
215 -&gt;   Toplam : 215
215 -&gt;   Toplam : 215
215 -&gt;   Toplam : 215
215 -&gt;   Toplam : 215
215 -&gt;   Toplam : 215
215 -&gt;   Toplam : 215
215 -&gt;   Toplam : 215
215 -&gt;   Toplam : 215
215 -&gt;   Toplam : 215
215 -&gt;   Toplam : 215
215 -&gt;   Toplam : 215
215 -&gt;   Toplam : 215
215 -&gt;   Toplam : 215
215 -&gt;   Toplam : 215
215 -&gt;   Toplam : 215
215 -&gt;   Toplam : 215
215 -&gt;   Toplam : 215
215 -&gt;   Toplam : 215
215 -&gt;   Toplam : 215
215 -&gt;   Toplam : 215
215 -&gt;   Toplam : 215
215 -&gt;   Toplam : 215
215 -&gt;   Toplam : 215
215 -&gt;   Toplam : 215
215 -&gt;   Toplam : 215
215 -&gt;   Toplam : 215
215 -&gt;   Toplam : 215
215 -&gt;   Toplam : 215
215 -&gt;   Toplam : 215
215 -&gt;   Toplam : 215
215 -&gt;   Toplam : 215
215 -&gt;   Toplam : 215
215 -&gt;   Toplam : 215
215 -&gt;   Toplam : 215
215 -&gt;   Toplam : 215
215 -&gt;   Toplam : 215
215 -&gt;   Toplam : 215
215 -&gt;   Toplam : 215
215 -&gt;   Toplam : 215
215 -&gt;   Toplam : 215
215 -&gt;   Toplam : 215
215 -&gt;   Toplam : 215
215 -&gt;   Toplam : 215
215 -&gt;   Toplam : 215
215 -&gt;   Toplam : 215
215 -&gt;   Toplam : 215
215 -&gt;   Toplam : 215
215 -&gt;   Toplam : 215
215 -&gt;   Toplam : 215
215 -&gt;   Toplam : 215
215 -&gt;   Toplam : 215
215 -&gt;   Toplam : 215
215 -&gt;   Toplam : 215
215 -&gt;   Toplam : 215
215 -&gt;   Toplam : 215
215 -&gt;   Toplam : 215
215 -&gt;   Toplam : 215
215 -&gt;   Toplam : 215
215 -&gt;   Toplam : 215
215 -&gt;   Toplam : 215
215 -&gt;   Toplam : 215
215 -&gt;   Toplam : 215
215 -&gt;   Toplam : 215
215 -&gt;   Toplam : 215
215 -&gt;   Toplam : 215
215 -&gt;   Toplam : 215
215 -&gt;   Toplam : 215
215 -&gt;   Toplam : 215
215 -&gt;   Toplam : 215
215 -&gt;   Toplam : 215
215 -&gt;   Toplam : 215
215 -&gt;   Toplam : 215
215 -&gt;   Toplam : 215
215 -&gt;   Toplam : 215
215 -&gt;   Toplam : 215
215 -&gt;   Toplam : 215
215 -&gt;   Toplam : 215
215 -&gt;   Toplam : 215
215 -&gt;   Toplam : 215
215 -&gt;   Toplam : 215
215 -&gt;   Toplam : 215
215 -&gt;   Toplam : 215
215 -&gt;   Toplam : 215
215 -&gt;   Toplam : 215
215 -&gt;   Toplam : 215
215 -&gt;   Toplam : 215
215 -&gt;   Toplam : 215
215 -&gt;   Toplam : 215
215 -&gt;   Toplam : 215
215 -&gt;   Toplam : 215
215 -&gt;   Toplam : 215
215 -&gt;   Toplam : 215
215 -&gt;   Toplam : 215
215 -&gt;   Toplam : 215
215 -&gt;   Toplam : 215
215 -&gt;   Toplam : 215
215 -&gt;   Toplam : 215
215 -&gt;   Toplam : 215
215 -&gt;   Toplam : 215
215 -&gt;   Toplam : 215
215 -&gt;   Toplam : 215
215 -&gt;   Toplam : 215
215 -&gt;   Toplam : 215
215 -&gt;   Toplam : 215
215 -&gt;   Toplam : 215
215 -&gt;   Toplam : 215
215 -&gt;   Toplam : 215
215 -&gt;   Toplam : 215
215 -&gt;   Toplam : 215
215 -&gt;   Toplam : 215
215 -&gt;   Toplam : 215
215 -&gt;   Toplam : 215
215 -&gt;   Toplam : 215
215 -&gt;   Toplam : 215
215 -&gt;   Toplam : 215
215 -&gt;   Toplam : 215
215 -&gt;   Toplam : 215
215 -&gt;   Toplam : 215
215 -&gt;   Toplam : 215
215 -&gt;   Toplam : 215
215 -&gt;   Toplam : 215
215 -&gt;   Toplam : 215
215 -&gt;   Toplam : 215
215 -&gt;   Toplam : 215
215 -&gt;   Toplam : 215
215 -&gt;   Toplam : 215
215 -&gt;   Toplam : 215
215 -&gt;   Toplam : 215
215 -&gt;   Toplam : 215
215 -&gt;   Toplam : 215
215 -&gt;   Toplam : 215
215 -&gt;   Toplam : 215
215 -&gt;   Toplam : 215
215 -&gt;   Toplam : 215
215 -&gt;   Toplam : 215
215 -&gt;   Toplam : 215
215 -&gt;   Toplam : 215
215 -&gt;   Toplam : 215
215 -&gt;   Toplam : 215
215 -&gt;   Toplam : 215
215 -&gt;   Toplam : 215
215 -&gt;   Toplam : 215
215 -&gt;   Toplam : 215
215 -&gt;   Toplam : 215
215 -&gt;   Toplam : 215
215 -&gt;   Toplam : 215
215 -&gt;   Toplam : 215
215 -&gt;   Toplam : 215
215 -&gt;   Toplam : 215
215 -&gt;   Toplam : 215
215 -&gt;   Toplam : 215
215 -&gt;   Toplam : 215
215 -&gt;   Toplam : 215
215 -&gt;   Toplam : 215
215 -&gt;   Toplam : 215
215 -&gt;   Toplam : 215
215 -&gt;   Toplam : 215
215 -&gt;   Toplam : 215
215 -&gt;   Toplam : 215
215 -&gt;   Toplam : 215
215 -&gt;   Toplam : 215
215 -&gt;   Toplam : 215
215 -&gt;   Toplam : 215
215 -&gt;   Toplam : 215
215 -&gt;   Toplam : 215
215 -&gt;   Toplam : 215
215 -&gt;   Toplam : 215
215 -&gt;   Toplam : 215
215 -&gt;   Toplam : 215
215 -&gt;   Toplam : 215
215 -&gt;   Toplam : 215
215 -&gt;   Toplam : 215
215 -&gt;   Toplam : 215
215 -&gt;   Toplam : 215
215 -&gt;   Toplam : 215
215 -&gt;   Toplam : 215
215 -&gt;   Toplam : 215
215 -&gt;   Toplam : 215
215 -&gt;   Toplam : 215
215 -&gt;   Toplam : 215
215 -&gt;   Toplam : 215
215 -&gt;   Toplam : 215
215 -&gt;   Toplam : 215
215 -&gt;   Toplam : 215
215 -&gt;   Toplam : 215
215 -&gt;   Toplam : 215
215 -&gt;   Toplam : 215
215 -&gt;   Toplam : 215
215 -&gt;   Toplam : 215
215 -&gt;   Toplam : 215
215 -&gt;   Toplam : 215
215 -&gt;   Toplam : 215
215 -&gt;   Toplam : 215
215 -&gt;   Toplam : 215
215 -&gt;   Toplam : 215
215 -&gt;   Toplam : 215
215 -&gt;   Toplam : 215
215 -&gt;   Toplam : 215
215 -&gt;   Toplam : 215
215 -&gt;   Toplam : 215
215 -&gt;   Toplam : 215
215 -&gt;   Toplam : 215
215 -&gt;   Toplam : 215
215 -&gt;   Toplam : 215
215 -&gt;   Toplam : 215
215 -&gt;   Toplam : 215
215 -&gt;   Toplam : 215
215 -&gt;   Toplam : 215
215 -&gt;   Toplam : 215
215 -&gt;   Toplam : 215
215 -&gt;   Toplam : 215
215 -&gt;   Toplam : 215
215 -&gt;   Toplam : 215
215 -&gt;   Toplam : 215
215 -&gt;   Toplam : 215
215 -&gt;   Toplam : 215
215 -&gt;   Toplam : 215
215 -&gt;   Toplam : 215
215 -&gt;   Toplam : 215
215 -&gt;   Toplam : 215
215 -&gt;   Toplam : 215
215 -&gt;   Toplam : 215
215 -&gt;   Toplam : 215
215 -&gt;   Toplam : 215
215 -&gt;   Toplam : 215
215 -&gt;   Toplam : 215
215 -&gt;   Toplam : 215
215 -&gt;   Toplam : 215
215 -&gt;   Toplam : 215
215 -&gt;   Toplam : 215
215 -&gt;   Toplam : 215
215 -&gt;   Toplam : 215
215 -&gt;   Toplam : 215
215 -&gt;   Toplam : 215
215 -&gt;   Toplam : 215
215 -&gt;   Toplam : 215
215 -&gt;   Toplam : 215
215 -&gt;   Toplam : 215
215 -&gt;   Toplam : 215
215 -&gt;   Toplam : 215
215 -&gt;   Toplam : 215
215 -&gt;   Toplam : 215
215 -&gt;   Toplam : 215
215 -&gt;   Toplam : 215
215 -&gt;   Toplam : 215
215 -&gt;   Toplam : 215
215 -&gt;   Toplam : 215
215 -&gt;   Toplam : 215
215 -&gt;   Toplam : 215
215 -&gt;   Toplam : 215
215 -&gt;   Toplam : 215
215 -&gt;   Toplam : 215
215 -&gt;   Toplam : 215
215 -&gt;   Toplam : 215
215 -&gt;   Toplam : 215
215 -&gt;   Toplam : 215
215 -&gt;   Toplam : 215
215 -&gt;   Toplam : 215
215 -&gt;   Toplam : 215
215 -&gt;   Toplam : 215
215 -&gt;   Toplam : 215
215 -&gt;   Toplam : 215
215 -&gt;   Toplam : 215
215 -&gt;   Toplam : 215
215 -&gt;   Toplam : 215
215 -&gt;   Toplam : 215
215 -&gt;   Toplam : 215
215 -&gt;   Toplam : 215
215 -&gt;   Toplam : 215
215 -&gt;   Toplam : 215
215 -&gt;   Toplam : 215
215 -&gt;   Toplam : 215
215 -&gt;   Toplam : 215
215 -&gt;   Toplam : 215
215 -&gt;   Toplam : 215
215 -&gt;   Toplam : 215
215 -&gt;   Toplam : 215
215 -&gt;   Toplam : 215
215 -&gt;   Toplam : 215
215 -&gt;   Toplam : 215
215 -&gt;   Toplam : 215
215 -&gt;   Toplam : 215
215 -&gt;   Toplam : 215
215 -&gt;   Toplam : 215
215 -&gt;   Toplam : 215
215 -&gt;   Toplam : 215
215 -&gt;   Toplam : 215
215 -&gt;   Toplam : 215
215 -&gt;   Toplam : 215
215 -&gt;   Toplam : 215
215 -&gt;   Toplam : 215
215 -&gt;   Toplam : 215
215 -&gt;   Toplam : 215
215 -&gt;   Toplam : 215
215 -&gt;   Toplam : 215
215 -&gt;   Toplam : 215
215 -&gt;   Toplam : 215
215 -&gt;   Toplam : 215
215 -&gt;   Toplam : 215
215 -&gt;   Toplam : 215
215 -&gt;   Toplam : 215
215 -&gt;   Toplam : 215
215 -&gt;   Toplam : 215
215 -&gt;   Toplam : 215
215 -&gt;   Toplam : 215
215 -&gt;   Toplam : 215
215 -&gt;   Toplam : 215
215 -&gt;   Toplam : 215
215 -&gt;   Toplam : 215
215 -&gt;   Toplam : 215
215 -&gt;   Toplam : 215
215 -&gt;   Toplam : 215
215 -&gt;   Toplam : 215
215 -&gt;   Toplam : 215
215 -&gt;   Toplam : 215
215 -&gt;   Toplam : 215
215 -&gt;   Toplam : 215
215 -&gt;   Toplam : 215
215 -&gt;   Toplam : 215
215 -&gt;   Toplam : 215
215 -&gt;   Toplam : 215
215 -&gt;   Toplam : 215
215 -&gt;   Toplam : 215
215 -&gt;   Toplam : 215
215 -&gt;   Toplam : 215
215 -&gt;   Toplam : 215
215 -&gt;   Toplam : 215
215 -&gt;   Toplam : 215
215 -&gt;   Toplam : 215
215 -&gt;   Toplam : 215
215 -&gt;   Toplam : 215
215 -&gt;   Toplam : 215
215 -&gt;   Toplam : 215
215 -&gt;   Toplam : 215
215 -&gt;   Toplam : 215
215 -&gt;   Toplam : 215
215 -&gt;   Toplam : 215
215 -&gt;   Toplam : 215
215 -&gt;   Toplam : 215
215 -&gt;   Toplam : 215
215 -&gt;   Toplam : 215
215 -&gt;   Toplam : 215
215 -&gt;   Toplam : 215
215 -&gt;   Toplam : 215
215 -&gt;   Toplam : 215
215 -&gt;   Toplam : 215
215 -&gt;   Toplam : 215
215 -&gt;   Toplam : 215
215 -&gt;   Toplam : 215
215 -&gt;   Toplam : 215
215 -&gt;   Toplam : 215
215 -&gt;   Toplam : 215
215 -&gt;   Toplam : 215
215 -&gt;   Toplam : 215
215 -&gt;   Toplam : 215
215 -&gt;   Toplam : 215
215 -&gt;   Toplam : 215
215 -&gt;   Toplam : 215
215 -&gt;   Toplam : 215
215 -&gt;   Toplam : 215
215 -&gt;   Toplam : 215
215 -&gt;   Toplam : 215
215 -&gt;   Toplam : 215
215 -&gt;   Toplam : 215
215 -&gt;   Toplam : 215
215 -&gt;   Toplam : 215
215 -&gt;   Toplam : 215
215 -&gt;   Toplam : 215
215 -&gt;   Toplam : 215
215 -&gt;   Toplam : 215
215 -&gt;   Toplam : 215
215 -&gt;   Toplam : 215
215 -&gt;   Toplam : 215
215 -&gt;   Toplam : 215
215 -&gt;   Toplam : 215
215 -&gt;   Toplam : 215
215 -&gt;   Toplam : 215
215 -&gt;   Toplam : 215
215 -&gt;   Toplam : 215
215 -&gt;   Toplam : 215
215 -&gt;   Toplam : 215
215 -&gt;   Toplam : 215
215 -&gt;   Toplam : 215
215 -&gt;   Toplam : 215
215 -&gt;   Toplam : 215
215 -&gt;   Toplam : 215
215 -&gt;   Toplam : 215
215 -&gt;   Toplam : 215
215 -&gt;   Toplam : 215
215 -&gt;   Toplam : 215
215 -&gt;   Toplam : 215
215 -&gt;   Toplam : 215
215 -&gt;   Toplam : 215
215 -&gt;   Toplam : 215
215 -&gt;   Toplam : 215
215 -&gt;   Toplam : 215
215 -&gt;   Toplam : 215
215 -&gt;   Toplam : 215
215 -&gt;   Toplam : 215
215 -&gt;   Toplam : 215
215 -&gt;   Toplam : 215
215 -&gt;   Toplam : 215
215 -&gt;   Toplam : 215
215 -&gt;   Toplam : 215
215 -&gt;   Toplam : 215
215 -&gt;   Toplam : 215
215 -&gt;   Toplam : 215
215 -&gt;   Toplam : 215
215 -&gt;   Toplam : 215
215 -&gt;   Toplam : 215
215 -&gt;   Toplam : 215
215 -&gt;   Toplam : 215
215 -&gt;   Toplam : 215
215 -&gt;   Toplam : 215
215 -&gt;   Toplam : 215
215 -&gt;   Toplam : 215
215 -&gt;   Toplam : 215
215 -&gt;   Toplam : 215
215 -&gt;   Toplam : 215
215 -&gt;   Toplam : 215
215 -&gt;   Toplam : 215
215 -&gt;   Toplam : 215
215 -&gt;   Toplam : 215
215 -&gt;   Toplam : 215
215 -&gt;   Toplam : 215
215 -&gt;   Toplam : 215
215 -&gt;   Toplam : 215
215 -&gt;   Toplam : 215
215 -&gt;   Toplam : 215
215 -&gt;   Toplam : 215
215 -&gt;   Toplam : 215
215 -&gt;   Toplam : 215
215 -&gt;   Toplam : 215
215 -&gt;   Toplam : 215
215 -&gt;   Toplam : 215
215 -&gt;   Toplam : 215
215 -&gt;   Toplam : 215
215 -&gt;   Toplam : 215
215 -&gt;   Toplam : 215
215 -&gt;   Toplam : 215
215 -&gt;   Toplam : 215
215 -&gt;   Toplam : 215
215 -&gt;   Toplam : 215
215 -&gt;   Toplam : 215
215 -&gt;   Toplam : 215
215 -&gt;   Toplam : 215
215 -&gt;   Toplam : 215
215 -&gt;   Toplam : 215
215 -&gt;   Toplam : 215
215 -&gt;   Toplam : 215
215 -&gt;   Toplam : 215
215 -&gt;   Toplam : 215
215 -&gt;   Toplam : 215
215 -&gt;   Toplam : 215
215 -&gt;   Toplam : 215
215 -&gt;   Toplam : 215
215 -&gt;   Toplam : 215
215 -&gt;   Toplam : 215
215 -&gt;   Toplam : 215
215 -&gt;   Toplam : 215
215 -&gt;   Toplam : 215
215 -&gt;   Toplam : 215
215 -&gt;   Toplam : 215
215 -&gt;   Toplam : 215
215 -&gt;   Toplam : 215
215 -&gt;   Toplam : 215
215 -&gt;   Toplam : 215
215 -&gt;   Toplam : 215
215 -&gt;   Toplam : 215
215 -&gt;   Toplam : 215
215 -&gt;   Toplam : 215
215 -&gt;   Toplam : 215
215 -&gt;   Toplam : 215
215 -&gt;   Toplam : 215
215 -&gt;   Toplam : 215
215 -&gt;   Toplam : 215
215 -&gt;   Toplam : 215
215 -&gt;   Toplam : 215
215 -&gt;   Toplam : 215
215 -&gt;   Toplam : 215
215 -&gt;   Toplam : 215
215 -&gt;   Toplam : 215
215 -&gt;   Toplam : 215
215 -&gt;   Toplam : 215
215 -&gt;   Toplam : 215
215 -&gt;   Toplam : 215
215 -&gt;   Toplam : 215
215 -&gt;   Toplam : 215
215 -&gt;   Toplam : 215
215 -&gt;   Toplam : 215
215 -&gt;   Toplam : 215
215 -&gt;   Toplam : 215
215 -&gt;   Toplam : 215
215 -&gt;   Toplam : 215
215 -&gt;   Toplam : 215
215 -&gt;   Toplam : 215
215 -&gt;   Toplam : 215
215 -&gt;   Toplam : 215
215 -&gt;   Toplam : 215
215 -&gt;   Toplam : 215
215 -&gt;   Toplam : 215
215 -&gt;   Toplam : 215
215 -&gt;   Toplam : 215
215 -&gt;   Toplam : 215
215 -&gt;   Toplam : 215
215 -&gt;   Toplam : 215
215 -&gt;   Toplam : 215
215 -&gt;   Toplam : 215
215 -&gt;   Toplam : 215
215 -&gt;   Toplam : 215
215 -&gt;   Toplam : 215
215 -&gt;   Toplam : 215
215 -&gt;   Toplam : 215
215 -&gt;   Toplam : 215
215 -&gt;   Toplam : 215
215 -&gt;   Toplam : 215
215 -&gt;   Toplam : 215
215 -&gt;   Toplam : 215
215 -&gt;   Toplam : 215
215 -&gt;   Toplam : 215
215 -&gt;   Toplam : 215
215 -&gt;   Toplam : 215
215 -&gt;   Toplam : 215
215 -&gt;   Toplam : 215
215 -&gt;   Toplam : 215
215 -&gt;   Toplam : 215
215 -&gt;   Toplam : 215
215 -&gt;   Toplam : 215
215 -&gt;   Toplam : 215
215 -&gt;   Toplam : 215
215 -&gt;   Toplam : 215
215 -&gt;   Toplam : 215
215 -&gt;   Toplam : 215
215 -&gt;   Toplam : 215
215 -&gt;   Toplam : 215
215 -&gt;   Toplam : 215
215 -&gt;   Toplam : 215
215 -&gt;   Toplam : 215
215 -&gt;   Toplam : 215
215 -&gt;   Toplam : 215
215 -&gt;   Toplam : 215
215 -&gt;   Toplam : 215
215 -&gt;   Toplam : 215
215 -&gt;   Toplam : 215
215 -&gt;   Toplam : 215
215 -&gt;   Toplam : 215
215 -&gt;   Toplam : 215
215 -&gt;   Toplam : 215
215 -&gt;   Toplam : 215
215 -&gt;   Toplam : 215
215 -&gt;   Toplam : 215
215 -&gt;   Toplam : 215
215 -&gt;   Toplam : 215
215 -&gt;   Toplam : 215
215 -&gt;   Toplam : 215
215 -&gt;   Toplam : 215
215 -&gt;   Toplam : 215
215 -&gt;   Toplam : 215
215 -&gt;   Toplam : 215
215 -&gt;   Toplam : 215
215 -&gt;   Toplam : 215
215 -&gt;   Toplam : 215
215 -&gt;   Toplam : 215
215 -&gt;   Toplam : 215
215 -&gt;   Toplam : 215
215 -&gt;   Toplam : 215
215 -&gt;   Toplam : 215
215 -&gt;   Toplam : 215
215 -&gt;   Toplam : 215
215 -&gt;   Toplam : 215
215 -&gt;   Toplam : 215
215 -&gt;   Toplam : 215
215 -&gt;   Toplam : 215
215 -&gt;   Toplam : 215
215 -&gt;   Toplam : 215
215 -&gt;   Toplam : 215
215 -&gt;   Toplam : 215
215 -&gt;   Toplam : 215
215 -&gt;   Toplam : 215
215 -&gt;   Toplam : 215
215 -&gt;   Toplam : 215
215 -&gt;   Toplam : 215
215 -&gt;   Toplam : 215
215 -&gt;   Toplam : 215
215 -&gt;   Toplam : 215
215 -&gt;   Toplam : 215
215 -&gt;   Toplam : 215
215 -&gt;   Toplam : 215
215 -&gt;   Toplam : 215
215 -&gt;   Toplam : 215
215 -&gt;   Toplam : 215
215 -&gt;   Toplam : 215
215 -&gt;   Toplam : 215
215 -&gt;   Toplam : 215
215 -&gt;   Toplam : 215
215 -&gt;   Toplam : 215
215 -&gt;   Toplam : 215
215 -&gt;   Toplam : 215
215 -&gt;   Toplam : 215
215 -&gt;   Toplam : 215
215 -&gt;   Toplam : 215
215 -&gt;   Toplam : 215
215 -&gt;   Toplam : 215
215 -&gt;   Toplam : 215
215 -&gt;   Toplam : 215
215 -&gt;   Toplam : 215
215 -&gt;   Toplam : 215
215 -&gt;   Toplam : 215
215 -&gt;   Toplam : 215
215 -&gt;   Toplam : 215
215 -&gt;   Toplam : 215
215 -&gt;   Toplam : 215
215 -&gt;   Toplam : 215
215 -&gt;   Toplam : 215
215 -&gt;   Toplam : 215
215 -&gt;   Toplam : 215
215 -&gt;   Toplam : 215
215 -&gt;   Toplam : 215
215 -&gt;   Toplam : 215
215 -&gt;   Toplam : 215
215 -&gt;   Toplam : 215
215 -&gt;   Toplam : 215
215 -&gt;   Toplam : 215
215 -&gt;   Toplam : 215
215 -&gt;   Toplam : 215
215 -&gt;   Toplam : 215
215 -&gt;   Toplam : 215
215 -&gt;   Toplam : 215
215 -&gt;   Toplam : 215
215 -&gt;   Toplam : 215
215 -&gt;   Toplam : 215
215 -&gt;   Toplam : 215
215 -&gt;   Toplam : 215
215 -&gt;   Toplam : 215
215 -&gt;   Toplam : 215
215 -&gt;   Toplam : 215
215 -&gt;   Toplam : 215
215 -&gt;   Toplam : 215
215 -&gt;   Toplam : 215
215 -&gt;   Toplam : 215
215 -&gt;   Toplam : 215
215 -&gt;   Toplam : 215
215 -&gt;   Toplam : 215
215 -&gt;   Toplam : 215
215 -&gt;   Toplam : 215
215 -&gt;   Toplam : 215
215 -&gt;   Toplam : 215
215 -&gt;   Toplam : 215
215 -&gt;   Toplam : 215
215 -&gt;   Toplam : 215
215 -&gt;   Toplam : 215
215 -&gt;   Toplam : 215
215 -&gt;   Toplam : 215
215 -&gt;   Toplam : 215
215 -&gt;   Toplam : 215
215 -&gt;   Toplam : 215
215 -&gt;   Toplam : 215
215 -&gt;   Toplam : 215
215 -&gt;   Toplam : 215
215 -&gt;   Toplam : 215
215 -&gt;   Toplam : 215
215 -&gt;   Toplam : 215
215 -&gt;   Toplam : 215
215 -&gt;   Toplam : 215
215 -&gt;   Toplam : 215
215 -&gt;   Toplam : 215
215 -&gt;   Toplam : 215
215 -&gt;   Toplam : 215
215 -&gt;   Toplam : 215
215 -&gt;   Toplam : 215
215 -&gt;   Toplam : 215
215 -&gt;   Toplam : 215
215 -&gt;   Toplam : 215
215 -&gt;   Toplam : 215
215 -&gt;   Toplam : 215
215 -&gt;   Toplam : 215
215 -&gt;   Toplam : 215
215 -&gt;   Toplam : 215
215 -&gt;   Toplam : 215
215 -&gt;   Toplam : 215
215 -&gt;   Toplam : 215
215 -&gt;   Toplam : 215
215 -&gt;   Toplam : 215
215 -&gt;   Toplam : 215
215 -&gt;   Toplam : 215
215 -&gt;   Toplam : 215
215 -&gt;   Toplam : 215
215 -&gt;   Toplam : 215
215 -&gt;   Toplam : 215
215 -&gt;   Toplam : 215
215 -&gt;   Toplam : 215
215 -&gt;   Toplam : 215
215 -&gt;   Toplam : 215
215 -&gt;   Toplam : 215
215 -&gt;   Toplam : 215
215 -&gt;   Toplam : 215
215 -&gt;   Toplam : 215
215 -&gt;   Toplam : 215
215 -&gt;   Toplam : 215
215 -&gt;   Toplam : 215
215 -&gt;   Toplam : 215
215 -&gt;   Toplam : 215
215 -&gt;   Toplam : 215
215 -&gt;   Toplam : 215
215 -&gt;   Toplam : 215
215 -&gt;   Toplam : 215
215 -&gt;   Toplam : 215
215 -&gt;   Toplam : 215
215 -&gt;   Toplam : 215
215 -&gt;   Toplam : 215
215 -&gt;   Toplam : 215
215 -&gt;   Toplam : 215
215 -&gt;   Toplam : 215
215 -&gt;   Toplam : 215
215 -&gt;   Toplam : 215
215 -&gt;   Toplam : 215
215 -&gt;   Toplam : 215
215 -&gt;   Toplam : 215
215 -&gt;   Toplam : 215
215 -&gt;   Toplam : 215
215 -&gt;   Toplam : 215
215 -&gt;   Toplam : 215
215 -&gt;   Toplam : 215
215 -&gt;   Toplam : 215
215 -&gt;   Toplam : 215
215 -&gt;   Toplam : 215
215 -&gt;   Toplam : 215
215 -&gt;   Toplam : 215
215 -&gt;   Toplam : 215
215 -&gt;   Toplam : 215
215 -&gt;   Toplam : 215
215 -&gt;   Toplam : 215
215 -&gt;   Toplam : 215
215 -&gt;   Toplam : 215
215 -&gt;   Toplam : 215
215 -&gt;   Toplam : 215
215 -&gt;   Toplam : 215
215 -&gt;   Toplam : 215
215 -&gt;   Toplam : 215
215 -&gt;   Toplam : 215
215 -&gt;   Toplam : 215
215 -&gt;   Toplam : 215
215 -&gt;   Toplam : 215
215 -&gt;   Toplam : 215
215 -&gt;   Toplam : 215
215 -&gt;   Toplam : 215
215 -&gt;   Toplam : 215
215 -&gt;   Toplam : 215
215 -&gt;   Toplam : 215
215 -&gt;   Toplam : 215
215 -&gt;   Toplam : 215
215 -&gt;   Toplam : 215
215 -&gt;   Toplam : 215
215 -&gt;   Toplam : 215
215 -&gt;   Toplam : 215
215 -&gt;   Toplam : 215
215 -&gt;   Toplam : 215
215 -&gt;   Toplam : 215
215 -&gt;   Toplam : 215
215 -&gt;   Toplam : 215
215 -&gt;   Toplam : 215
215 -&gt;   Toplam : 215
215 -&gt;   Toplam : 215
215 -&gt;   Toplam : 215
215 -&gt;   Toplam : 215
215 -&gt;   Toplam : 215
215 -&gt;   Toplam : 215
215 -&gt;   Toplam : 215
215 -&gt;   Toplam : 215
215 -&gt;   Toplam : 215
215 -&gt;   Toplam : 215
215 -&gt;   Toplam : 215
215 -&gt;   Toplam : 215
215 -&gt;   Toplam : 215
215 -&gt;   Toplam : 215
215 -&gt;   Toplam : 215
215 -&gt;   Toplam : 215
215 -&gt;   Toplam : 215
215 -&gt;   Toplam : 215
215 -&gt;   Toplam : 215
215 -&gt;   Toplam : 215
215 -&gt;   Toplam : 215
215 -&gt;   Toplam : 215
215 -&gt;   Toplam : 215
215 -&gt;   Toplam : 215
215 -&gt;   Toplam : 215
215 -&gt;   Toplam : 215
215 -&gt;   Toplam : 215
215 -&gt;   Toplam : 215
215 -&gt;   Toplam : 215
215 -&gt;   Toplam : 215
215 -&gt;   Toplam : 215
215 -&gt;   Toplam : 215
215 -&gt;   Toplam : 215
215 -&gt;   Toplam : 215
215 -&gt;   Toplam : 215
215 -&gt;   Toplam : 215
215 -&gt;   Toplam : 215
215 -&gt;   Toplam : 215
215 -&gt;   Toplam : 215
215 -&gt;   Toplam : 215
215 -&gt;   Toplam : 215
215 -&gt;   Toplam : 215
215 -&gt;   Toplam : 215
215 -&gt;   Toplam : 215
215 -&gt;   Toplam : 215
215 -&gt;   Toplam : 215
215 -&gt;   Toplam : 215
215 -&gt;   Toplam : 215
215 -&gt;   Toplam : 215
215 -&gt;   Toplam : 215
215 -&gt;   Toplam : 215
215 -&gt;   Toplam : 215
215 -&gt;   Toplam : 215
215 -&gt;   Toplam : 215
215 -&gt;   Toplam : 215
215 -&gt;   Toplam : 215
215 -&gt;   Toplam : 215
215 -&gt;   Toplam : 215
215 -&gt;   Toplam : 215
215 -&gt;   Toplam : 215
215 -&gt;   Toplam : 215
215 -&gt;   Toplam : 215
215 -&gt;   Toplam : 215
215 -&gt;   Toplam : 215
215 -&gt;   Toplam : 215
215 -&gt;   Toplam : 215
215 -&gt;   Toplam : 215
215 -&gt;   Toplam : 215
215 -&gt;   Toplam : 215
215 -&gt;   Toplam : 215
215 -&gt;   Toplam : 215
215 -&gt;   Toplam : 215
215 -&gt;   Toplam : 215
215 -&gt;   Toplam : 215
215 -&gt;   Toplam : 215
215 -&gt;   Toplam : 215
215 -&gt;   Toplam : 215
215 -&gt;   Toplam : 215
215 -&gt;   Toplam : 215
215 -&gt;   Toplam : 215
215 -&gt;   Toplam : 215
215 -&gt;   Toplam : 215
215 -&gt;   Toplam : 215
215 -&gt;   Toplam : 215
215 -&gt;   Toplam : 215
215 -&gt;   Toplam : 215
215 -&gt;   Toplam : 215
215 -&gt;   Toplam : 215
215 -&gt;   Toplam : 215
215 -&gt;   Toplam : 215
215 -&gt;   Toplam : 215
215 -&gt;   Toplam : 215
215 -&gt;   Toplam : 215
215 -&gt;   Toplam : 215
215 -&gt;   Toplam : 215
215 -&gt;   Toplam : 215
215 -&gt;   Toplam : 215
215 -&gt;   Toplam : 215
215 -&gt;   Toplam : 215
215 -&gt;   Toplam : 215
215 -&gt;   Toplam : 215
215 -&gt;   Toplam : 215
215 -&gt;   Toplam : 215
215 -&gt;   Toplam : 215
215 -&gt;   Toplam : 215
215 -&gt;   Toplam : 215
215 -&gt;   Toplam : 215
215 -&gt;   Toplam : 215
215 -&gt;   Toplam : 215
215 -&gt;   Toplam : 215
215 -&gt;   Toplam : 215
215 -&gt;   Toplam : 215
215 -&gt;   Toplam : 215
215 -&gt;   Toplam : 215
215 -&gt;   Toplam : 215
215 -&gt;   Toplam : 215
215 -&gt;   Toplam : 215
215 -&gt;   Toplam : 215
215 -&gt;   Toplam : 215
215 -&gt;   Toplam : 215
215 -&gt;   Toplam : 215
215 -&gt;   Toplam : 215
215 -&gt;   Toplam : 215
215 -&gt;   Toplam : 215
215 -&gt;   Toplam : 215
215 -&gt;   Toplam : 215
215 -&gt;   Toplam : 215
215 -&gt;   Toplam : 215
215 -&gt;   Toplam : 215
215 -&gt;   Toplam : 215
215 -&gt;   Toplam : 215
215 -&gt;   Toplam : 215
215 -&gt;   Toplam : 215
215 -&gt;   Toplam : 215
215 -&gt;   Toplam : 215
215 -&gt;   Toplam : 215
215 -&gt;   Toplam : 215
215 -&gt;   Toplam : 215
215 -&gt;   Toplam : 215
215 -&gt;   Toplam : 215
215 -&gt;   Toplam : 215
215 -&gt;   Toplam : 215
215 -&gt;   Toplam : 215
215 -&gt;   Toplam : 215
215 -&gt;   Toplam : 215
215 -&gt;   Toplam : 215
215 -&gt;   Toplam : 215
215 -&gt;   Toplam : 215
215 -&gt;   Toplam : 215
215 -&gt;   Toplam : 215
215 -&gt;   Toplam : 215
215 -&gt;   Toplam : 215
215 -&gt;   Toplam : 215
215 -&gt;   Toplam : 215
215 -&gt;   Toplam : 215
215 -&gt;   Toplam : 215
215 -&gt;   Toplam : 215
215 -&gt;   Toplam : 215
215 -&gt;   Toplam : 215
215 -&gt;   Toplam : 215
215 -&gt;   Toplam : 215
215 -&gt;   Toplam : 215
215 -&gt;   Toplam : 215
215 -&gt;   Toplam : 215
215 -&gt;   Toplam : 215
215 -&gt;   Toplam : 215
215 -&gt;   Toplam : 215
215 -&gt;   Toplam : 215
215 -&gt;   Toplam : 215
215 -&gt;   Toplam : 215
215 -&gt;   Toplam : 215
215 -&gt;   Toplam : 215
215 -&gt;   Toplam : 215
215 -&gt;   Toplam : 215
215 -&gt;   Toplam : 215
215 -&gt;   Toplam : 215
215 -&gt;   Toplam : 215
215 -&gt;   Toplam : 215
215 -&gt;   Toplam : 215
215 -&gt;   Toplam : 215
215 -&gt;   Toplam : 215
215 -&gt;   Toplam : 215
215 -&gt;   Toplam : 215
215 -&gt;   Toplam : 215
215 -&gt;   Toplam : 215
215 -&gt;   Toplam : 215
215 -&gt;   Toplam : 215
215 -&gt;   Toplam : 215
215 -&gt;   Toplam : 215
215 -&gt;   Toplam : 215
215 -&gt;   Toplam : 215
215 -&gt;   Toplam : 215
215 -&gt;   Toplam : 215
215 -&gt;   Toplam : 215
215 -&gt;   Toplam : 215
215 -&gt;   Toplam : 215
215 -&gt;   Toplam : 215
215 -&gt;   Toplam : 215
215 -&gt;   Toplam : 215
215 -&gt;   Toplam : 215
215 -&gt;   Toplam : 215
215 -&gt;   Toplam : 215
215 -&gt;   Toplam : 215
215 -&gt;   Toplam : 215
215 -&gt;   Toplam : 215
215 -&gt;   Toplam : 215
215 -&gt;   Toplam : 215
215 -&gt;   Toplam : 215
215 -&gt;   Toplam : 215
215 -&gt;   Toplam : 215
215 -&gt;   Toplam : 215
215 -&gt;   Toplam : 215
215 -&gt;   Toplam : 215
215 -&gt;   Toplam : 215
215 -&gt;   Toplam : 215
215 -&gt;   Toplam : 215
215 -&gt;   Toplam : 215
215 -&gt;   Toplam : 215
215 -&gt;   Toplam : 215
215 -&gt;   Toplam : 215
215 -&gt;   Toplam : 215
215 -&gt;   Toplam : 215
215 -&gt;   Toplam : 215
215 -&gt;   Toplam : 215
215 -&gt;   Toplam : 215
215 -&gt;   Toplam : 215
215 -&gt;   Toplam : 215
215 -&gt;   Toplam : 215
215 -&gt;   Toplam : 215
215 -&gt;   Toplam : 215
215 -&gt;   Toplam : 215
215 -&gt;   Toplam : 215
215 -&gt;   Toplam : 215
215 -&gt;   Toplam : 215
215 -&gt;   Toplam : 215
215 -&gt;   Toplam : 215
215 -&gt;   Toplam : 215
215 -&gt;   Toplam : 215
215 -&gt;   Toplam : 215
215 -&gt;   Toplam : 215
215 -&gt;   Toplam : 215
215 -&gt;   Toplam : 215
215 -&gt;   Toplam : 215
215 -&gt;   Toplam : 215
215 -&gt;   Toplam : 215
215 -&gt;   Toplam : 215
215 -&gt;   Toplam : 215
215 -&gt;   Toplam : 215
215 -&gt;   Toplam : 215
215 -&gt;   Toplam : 215
215 -&gt;   Toplam : 215
215 -&gt;   Toplam : 215
215 -&gt;   Toplam : 215
215 -&gt;   Toplam : 215
215 -&gt;   Toplam : 215
215 -&gt;   Toplam : 215
215 -&gt;   Toplam : 215
215 -&gt;   Toplam : 215
215 -&gt;   Toplam : 215
215 -&gt;   Toplam : 215
215 -&gt;   Toplam : 215
215 -&gt;   Toplam : 215
215 -&gt;   Toplam : 215
215 -&gt;   Toplam : 215
215 -&gt;   Toplam : 215
215 -&gt;   Toplam : 215
215 -&gt;   Toplam : 215
215 -&gt;   Toplam : 215
215 -&gt;   Toplam : 215
215 -&gt;   Toplam : 215
215 -&gt;   Toplam : 215
215 -&gt;   Toplam : 215
215 -&gt;   Toplam : 215
215 -&gt;   Toplam : 215
215 -&gt;   Toplam : 215
215 -&gt;   Toplam : 215
215 -&gt;   Toplam : 215
215 -&gt;   Toplam : 215
215 -&gt;   Toplam : 215
215 -&gt;   Toplam : 215
215 -&gt;   Toplam : 215
215 -&gt;   Toplam : 215
215 -&gt;   Toplam : 215
215 -&gt;   Toplam : 215
215 -&gt;   Toplam : 215
215 -&gt;   Toplam : 215
215 -&gt;   Toplam : 215
215 -&gt;   Toplam : 215
215 -&gt;   Toplam : 215
215 -&gt;   Toplam : 215
215 -&gt;   Toplam : 215
215 -&gt;   Toplam : 215
215 -&gt;   Toplam : 215
215 -&gt;   Toplam : 215
215 -&gt;   Toplam : 215
215 -&gt;   Toplam : 215
215 -&gt;   Toplam : 215
215 -&gt;   Toplam : 215
215 -&gt;   Toplam : 215
215 -&gt;   Toplam : 215
215 -&gt;   Toplam : 215
215 -&gt;   Toplam : 215
215 -&gt;   Toplam : 215
215 -&gt;   Toplam : 215
215 -&gt;   Toplam : 215
215 -&gt;   Toplam : 215
215 -&gt;   Toplam : 215
215 -&gt;   Toplam : 215
215 -&gt;   Toplam : 215
215 -&gt;   Toplam : 215
215 -&gt;   Toplam : 215
215 -&gt;   Toplam : 215
215 -&gt;   Toplam : 215
215 -&gt;   Toplam : 215
215 -&gt;   Toplam : 215
215 -&gt;   Toplam : 215
215 -&gt;   Toplam : 215
215 -&gt;   Toplam : 215
215 -&gt;   Toplam : 215
215 -&gt;   Toplam : 215
215 -&gt;   Toplam : 215
215 -&gt;   Toplam : 215
215 -&gt;   Toplam : 215
215 -&gt;   Toplam : 215
215 -&gt;   Toplam : 215
215 -&gt;   Toplam : 215
215 -&gt;   Toplam : 215
215 -&gt;   Toplam : 215
215 -&gt;   Toplam : 215
215 -&gt;   Toplam : 215
215 -&gt;   Toplam : 215
215 -&gt;   Toplam : 215
215 -&gt;   Toplam : 215
215 -&gt;   Toplam : 215
215 -&gt;   Toplam : 215
215 -&gt;   Toplam : 215
215 -&gt;   Toplam : 215
215 -&gt;   Toplam : 215
215 -&gt;   Toplam : 215
215 -&gt;   Toplam : 215
215 -&gt;   Toplam : 215
215 -&gt;   Toplam : 215
215 -&gt;   Toplam : 215
215 -&gt;   Toplam : 215
215 -&gt;   Toplam : 215
215 -&gt;   Toplam : 215
215 -&gt;   Toplam : 215
215 -&gt;   Toplam : 215
215 -&gt;   Toplam : 215
215 -&gt;   Toplam : 215
215 -&gt;   Toplam : 215
215 -&gt;   Toplam : 215
215 -&gt;   Toplam : 215
215 -&gt;   Toplam : 215
215 -&gt;   Toplam : 215
215 -&gt;   Toplam : 215
215 -&gt;   Toplam : 215
215 -&gt;   Toplam : 215
215 -&gt;   Toplam : 215
215 -&gt;   Toplam : 215
215 -&gt;   Toplam : 215
215 -&gt;   Toplam : 215
215 -&gt;   Toplam : 215
215 -&gt;   Toplam : 215
215 -&gt;   Toplam : 215
215 -&gt;   Toplam : 215
215 -&gt;   Toplam : 215
215 -&gt;   Toplam : 215
215 -&gt;   Toplam : 215
215 -&gt;   Toplam : 215
215 -&gt;   Toplam : 215
215 -&gt;   Toplam : 215
215 -&gt;   Toplam : 215
215 -&gt;   Toplam : 215
215 -&gt;   Toplam : 215
215 -&gt;   Toplam : 215
215 -&gt;   Toplam : 215
215 -&gt;   Toplam : 215
215 -&gt;   Toplam : 215
215 -&gt;   Toplam : 215
215 -&gt;   Toplam : 215
215 -&gt;   Toplam : 215
215 -&gt;   Toplam : 215
215 -&gt;   Toplam : 215
215 -&gt;   Toplam : 215
215 -&gt;   Toplam : 215
215 -&gt;   Toplam : 215
215 -&gt;   Toplam : 215
215 -&gt;   Toplam : 215
215 -&gt;   Toplam : 215
215 -&gt;   Toplam : 215
215 -&gt;   Toplam : 215
215 -&gt;   Toplam : 215
215 -&gt;   Toplam : 215
215 -&gt;   Toplam : 215
215 -&gt;   Toplam : 215
215 -&gt;   Toplam : 215
215 -&gt;   Toplam : 215
215 -&gt;   Toplam : 215
215 -&gt;   Toplam : 215
215 -&gt;   Toplam : 215
215 -&gt;   Toplam : 215
215 -&gt;   Toplam : 215
215 -&gt;   Toplam : 215
215 -&gt;   Toplam : 215
215 -&gt;   Toplam : 215
215 -&gt;   Toplam : 215
215 -&gt;   Toplam : 215
215 -&gt;   Toplam : 215
215 -&gt;   Toplam : 215
215 -&gt;   Toplam : 215
215 -&gt;   Toplam : 215
215 -&gt;   Toplam : 215
215 -&gt;   Toplam : 215
215 -&gt;   Toplam : 215
215 -&gt;   Toplam : 215
215 -&gt;   Toplam : 215
215 -&gt;   Toplam : 215
215 -&gt;   Toplam : 215
215 -&gt;   Toplam : 215
215 -&gt;   Toplam : 215
215 -&gt;   Toplam : 215
215 -&gt;   Toplam : 215
215 -&gt;   Toplam : 215
215 -&gt;   Toplam : 215
215 -&gt;   Toplam : 215
215 -&gt;   Toplam : 215
215 -&gt;   Toplam : 215
215 -&gt;   Toplam : 215
215 -&gt;   Toplam : 215
215 -&gt;   Toplam : 215
215 -&gt;   Toplam : 215
215 -&gt;   Toplam : 215
215 -&gt;   Toplam : 215
215 -&gt;   Toplam : 215
215 -&gt;   Toplam : 215
215 -&gt;   Toplam : 215
215 -&gt;   Toplam : 215
215 -&gt;   Toplam : 215
215 -&gt;   Toplam : 215
215 -&gt;   Toplam : 215
215 -&gt;   Toplam : 215
215 -&gt;   Toplam : 215
215 -&gt;   Toplam : 215
215 -&gt;   Toplam : 215
215 -&gt;   Toplam : 215
215 -&gt;   Toplam : 215
215 -&gt;   Toplam : 215
215 -&gt;   Toplam : 215
215 -&gt;   Toplam : 215
215 -&gt;   Toplam : 215
215 -&gt;   Toplam : 215
215 -&gt;   Toplam : 215
215 -&gt;   Toplam : 215
215 -&gt;   Toplam : 215
215 -&gt;   Toplam : 215
215 -&gt;   Toplam : 215
215 -&gt;   Toplam : 215
215 -&gt;   Toplam : 215
215 -&gt;   Toplam : 215
215 -&gt;   Toplam : 215
215 -&gt;   Toplam : 215
215 -&gt;   Toplam : 215
215 -&gt;   Toplam : 215
215 -&gt;   Toplam : 215
215 -&gt;   Toplam : 215
215 -&gt;   Toplam : 215
215 -&gt;   Toplam : 215
215 -&gt;   Toplam : 215
215 -&gt;   Toplam : 215
215 -&gt;   Toplam : 215
215 -&gt;   Toplam : 215
215 -&gt;   Toplam : 215
215 -&gt;   Toplam : 215
215 -&gt;   Toplam : 215
215 -&gt;   Toplam : 215
215 -&gt;   Toplam : 215
215 -&gt;   Toplam : 215
215 -&gt;   Toplam : 215
215 -&gt;   Toplam : 215
215 -&gt;   Toplam : 215
215 -&gt;   Toplam : 215
215 -&gt;   Toplam : 215
215 -&gt;   Toplam : 215
215 -&gt;   Toplam : 215
215 -&gt;   Toplam : 215
215 -&gt;   Toplam : 215
215 -&gt;   Toplam : 215
215 -&gt;   Toplam : 215
215 -&gt;   Toplam : 215
215 -&gt;   Toplam : 215
215 -&gt;   Toplam : 215
215 -&gt;   Toplam : 215
215 -&gt;   Toplam : 215
215 -&gt;   Toplam : 215
215 -&gt;   Toplam : 215
215 -&gt;   Toplam : 215
215 -&gt;   Toplam : 215
215 -&gt;   Toplam : 215
215 -&gt;   Toplam : 215
215 -&gt;   Toplam : 215
215 -&gt;   Toplam : 215
215 -&gt;   Toplam : 215
215 -&gt;   Toplam : 215
215 -&gt;   Toplam : 215
215 -&gt;   Toplam : 215
215 -&gt;   Toplam : 215
215 -&gt;   Toplam : 215
215 -&gt;   Toplam : 215
215 -&gt;   Toplam : 215
215 -&gt;   Toplam : 215
215 -&gt;   Toplam : 215
215 -&gt;   Toplam : 215
215 -&gt;   Toplam : 215
215 -&gt;   Toplam : 215
215 -&gt;   Toplam : 215
215 -&gt;   Toplam : 215
215 -&gt;   Toplam : 215
215 -&gt;   Toplam : 215
215 -&gt;   Toplam : 215
215 -&gt;   Toplam : 215
215 -&gt;   Toplam : 215
215 -&gt;   Toplam : 215
215 -&gt;   Toplam : 215
215 -&gt;   Toplam : 215
215 -&gt;   Toplam : 215
215 -&gt;   Toplam : 215
215 -&gt;   Toplam : 215
215 -&gt;   Toplam : 215
215 -&gt;   Toplam : 215
215 -&gt;   Toplam : 215
215 -&gt;   Toplam : 215
215 -&gt;   Toplam : 215
215 -&gt;   Toplam : 215
215 -&gt;   Toplam : 215
215 -&gt;   Toplam : 215
215 -&gt;   Toplam : 215
215 -&gt;   Toplam : 215
215 -&gt;   Toplam : 215
215 -&gt;   Toplam : 215
215 -&gt;   Toplam : 215
215 -&gt;   Toplam : 215
215 -&gt;   Toplam : 215
215 -&gt;   Toplam : 215
215 -&gt;   Toplam : 215
215 -&gt;   Toplam : 215
215 -&gt;   Toplam : 215
215 -&gt;   Toplam : 215
215 -&gt;   Toplam : 215
215 -&gt;   Toplam : 215
215 -&gt;   Toplam : 215
215 -&gt;   Toplam : 215
215 -&gt;   Toplam : 215
215 -&gt;   Toplam : 215
215 -&gt;   Toplam : 215
215 -&gt;   Toplam : 215
215 -&gt;   Toplam : 215
215 -&gt;   Toplam : 215
215 -&gt;   Toplam : 215
215 -&gt;   Toplam : 215
215 -&gt;   Toplam : 215
215 -&gt;   Toplam : 215
215 -&gt;   Toplam : 215
215 -&gt;   Toplam : 215
215 -&gt;   Toplam : 215
215 -&gt;   Toplam : 215
215 -&gt;   Toplam : 215
215 -&gt;   Toplam : 215
215 -&gt;   Toplam : 215
215 -&gt;   Toplam : 215
215 -&gt;   Toplam : 215
215 -&gt;   Toplam : 215
215 -&gt;   Toplam : 215
215 -&gt;   Toplam : 215
215 -&gt;   Toplam : 215
215 -&gt;   Toplam : 215
215 -&gt;   Toplam : 215
215 -&gt;   Toplam : 215
215 -&gt;   Toplam : 215
215 -&gt;   Toplam : 215
215 -&gt;   Toplam : 215
215 -&gt;   Toplam : 215
215 -&gt;   Toplam : 215
215 -&gt;   Toplam : 215
215 -&gt;   Toplam : 215
215 -&gt;   Toplam : 215
215 -&gt;   Toplam : 215
215 -&gt;   Toplam : 215
215 -&gt;   Toplam : 215
215 -&gt;   Toplam : 215
215 -&gt;   Toplam : 215
215 -&gt;   Toplam : 215
215 -&gt;   Toplam : 215
215 -&gt;   Toplam : 215
215 -&gt;   Toplam : 215
215 -&gt;   Toplam : 215
215 -&gt;   Toplam : 215
215 -&gt;   Toplam : 215
215 -&gt;   Toplam : 215
215 -&gt;   Toplam : 215
215 -&gt;   Toplam : 215
215 -&gt;   Toplam : 215
215 -&gt;   Toplam : 215
215 -&gt;   Toplam : 215
215 -&gt;   Toplam : 215
215 -&gt;   Toplam : 215
215 -&gt;   Toplam : 215
215 -&gt;   Toplam : 215
215 -&gt;   Toplam : 215
215 -&gt;   Toplam : 215
215 -&gt;   Toplam : 215
215 -&gt;   Toplam : 215
215 -&gt;   Toplam : 215
215 -&gt;   Toplam : 215
215 -&gt;   Toplam : 215
215 -&gt;   Toplam : 215
215 -&gt;   Toplam : 215
215 -&gt;   Toplam : 215
215 -&gt;   Toplam : 215
215 -&gt;   Toplam : 215
215 -&gt;   Toplam : 215
215 -&gt;   Toplam : 215
215 -&gt;   Toplam : 215
215 -&gt;   Toplam : 215
215 -&gt;   Toplam : 215
215 -&gt;   Toplam : 215
215 -&gt;   Toplam : 215
215 -&gt;   Toplam : 215
215 -&gt;   Toplam : 215
215 -&gt;   Toplam : 215
215 -&gt;   Toplam : 215
215 -&gt;   Toplam : 215
215 -&gt;   Toplam : 215
215 -&gt;   Toplam : 215
215 -&gt;   Toplam : 215
215 -&gt;   Toplam : 215
215 -&gt;   Toplam : 215
215 -&gt;   Toplam : 215
215 -&gt;   Toplam : 215
215 -&gt;   Toplam : 215
215 -&gt;   Toplam : 215
215 -&gt;   Toplam : 215
215 -&gt;   Toplam : 215
215 -&gt;   Toplam : 215
215 -&gt;   Toplam : 215
215 -&gt;   Toplam : 215
215 -&gt;   Toplam : 215
215 -&gt;   Toplam : 215
215 -&gt;   Toplam : 215
215 -&gt;   Toplam : 215
215 -&gt;   Toplam : 215
215 -&gt;   Toplam : 215
215 -&gt;   Toplam : 215
215 -&gt;   Toplam : 215
215 -&gt;   Toplam : 215
215 -&gt;   Toplam : 215
215 -&gt;   Toplam : 215
215 -&gt;   Toplam : 215
215 -&gt;   Toplam : 215
215 -&gt;   Toplam : 215
215 -&gt;   Toplam : 215
215 -&gt;   Toplam : 215
215 -&gt;   Toplam : 215
215 -&gt;   Toplam : 215
215 -&gt;   Toplam : 215
215 -&gt;   Toplam : 215
215 -&gt;   Toplam : 215
215 -&gt;   Toplam : 215
215 -&gt;   Toplam : 215
215 -&gt;   Toplam : 215
215 -&gt;   Toplam : 215
215 -&gt;   Toplam : 215
215 -&gt;   Toplam : 215
215 -&gt;   Toplam : 215
215 -&gt;   Toplam : 215
215 -&gt;   Toplam : 215
215 -&gt;   Toplam : 215
215 -&gt;   Toplam : 215
215 -&gt;   Toplam : 215
215 -&gt;   Toplam : 215
215 -&gt;   Toplam : 215
215 -&gt;   Toplam : 215
215 -&gt;   Toplam : 215
215 -&gt;   Toplam : 215
215 -&gt;   Toplam : 215
215 -&gt;   Toplam : 215
215 -&gt;   Toplam : 215
215 -&gt;   Toplam : 215
215 -&gt;   Toplam : 215
215 -&gt;   Toplam : 215
215 -&gt;   Toplam : 215
215 -&gt;   Toplam : 215
215 -&gt;   Toplam : 215
215 -&gt;   Toplam : 215
215 -&gt;   Toplam : 215
215 -&gt;   Toplam : 215
215 -&gt;   Toplam : 215
215 -&gt;   Toplam : 215
215 -&gt;   Toplam : 215
215 -&gt;   Toplam : 215
215 -&gt;   Toplam : 215
215 -&gt;   Toplam : 215
215 -&gt;   Toplam : 215
215 -&gt;   Toplam : 215
215 -&gt;   Toplam : 215
215 -&gt;   Toplam : 215
215 -&gt;   Toplam : 215
215 -&gt;   Toplam : 215
215 -&gt;   Toplam : 215
215 -&gt;   Toplam : 215
215 -&gt;   Toplam : 215
215 -&gt;   Toplam : 215
215 -&gt;   Toplam : 215
215 -&gt;   Toplam : 215
215 -&gt;   Toplam : 215
215 -&gt;   Toplam : 215
215 -&gt;   Toplam : 215
215 -&gt;   Toplam : 215
215 -&gt;   Toplam : 215
215 -&gt;   Toplam : 215
215 -&gt;   Toplam : 215
215 -&gt;   Toplam : 215
215 -&gt;   Toplam : 215
215 -&gt;   Toplam : 215
215 -&gt;   Toplam : 215
215 -&gt;   Toplam : 215
215 -&gt;   Toplam : 215
215 -&gt;   Toplam : 215
215 -&gt;   Toplam : 215
215 -&gt;   Toplam : 215
215 -&gt;   Toplam : 215
215 -&gt;   Toplam : 215
215 -&gt;   Toplam : 215
215 -&gt;   Toplam : 215
215 -&gt;   Toplam : 215
215 -&gt;   Toplam : 215
215 -&gt;   Toplam : 215
215 -&gt;   Toplam : 215
215 -&gt;   Toplam : 215
215 -&gt;   Toplam : 215
215 -&gt;   Toplam : 215
215 -&gt;   Toplam : 215
215 -&gt;   Toplam : 215
215 -&gt;   Toplam : 215
215 -&gt;   Toplam : 215
215 -&gt;   Toplam : 215
215 -&gt;   Toplam : 215
215 -&gt;   Toplam : 215
215 -&gt;   Toplam : 215
215 -&gt;   Toplam : 215
215 -&gt;   Toplam : 215
215 -&gt;   Toplam : 215
215 -&gt;   Toplam : 215
215 -&gt;   Toplam : 215
215 -&gt;   Toplam : 215
215 -&gt;   Toplam : 215
215 -&gt;   Toplam : 215
215 -&gt;   Toplam : 215
215 -&gt;   Toplam : 215
215 -&gt;   Toplam : 215
215 -&gt;   Toplam : 215
215 -&gt;   Toplam : 215
215 -&gt;   Toplam : 215
215 -&gt;   Toplam : 215
215 -&gt;   Toplam : 215
215 -&gt;   Toplam : 215
215 -&gt;   Toplam : 215
215 -&gt;   Toplam : 215
215 -&gt;   Toplam : 215
215 -&gt;   Toplam : 215
215 -&gt;   Toplam : 215
215 -&gt;   Toplam : 215
215 -&gt;   Toplam : 215
215 -&gt;   Toplam : 215
215 -&gt;   Toplam : 215
215 -&gt;   Toplam : 215
215 -&gt;   Toplam : 215
215 -&gt;   Toplam : 215
215 -&gt;   Toplam : 215
215 -&gt;   Toplam : 215
215 -&gt;   Toplam : 215
215 -&gt;   Toplam : 215
215 -&gt;   Toplam : 215
215 -&gt;   Toplam : 215
215 -&gt;   Toplam : 215
215 -&gt;   Toplam : 215
215 -&gt;   Toplam : 215
215 -&gt;   Toplam : 215
215 -&gt;   Toplam : 215
215 -&gt;   Toplam : 215
215 -&gt;   Toplam : 215
215 -&gt;   Toplam : 215
215 -&gt;   Toplam : 215
215 -&gt;   Toplam : 215
215 -&gt;   Toplam : 215
215 -&gt;   Toplam : 215
215 -&gt;   Toplam : 215
215 -&gt;   Toplam : 215
215 -&gt;   Toplam : 215
215 -&gt;   Toplam : 215
215 -&gt;   Toplam : 215
215 -&gt;   Toplam : 215
215 -&gt;   Toplam : 215
215 -&gt;   Toplam : 215
215 -&gt;   Toplam : 215
215 -&gt;   Toplam : 215
215 -&gt;   Toplam : 215
215 -&gt;   Toplam : 215
215 -&gt;   Toplam : 215
215 -&gt;   Toplam : 215
215 -&gt;   Toplam : 215
215 -&gt;   Toplam : 215
215 -&gt;   Toplam : 215
215 -&gt;   Toplam : 215
215 -&gt;   Toplam : 215
215 -&gt;   Toplam : 215
215 -&gt;   Toplam : 215
215 -&gt;   Toplam : 215
215 -&gt;   Toplam : 215
215 -&gt;   Toplam : 215
215 -&gt;   Toplam : 215
215 -&gt;   Toplam : 215
215 -&gt;   Toplam : 215
215 -&gt;   Toplam : 215
215 -&gt;   Toplam : 215
215 -&gt;   Toplam : 215
215 -&gt;   Toplam : 215
215 -&gt;   Toplam : 215
215 -&gt;   Toplam : 215
215 -&gt;   Toplam : 215
215 -&gt;   Toplam : 215
215 -&gt;   Toplam : 215
215 -&gt;   Toplam : 215
215 -&gt;   Toplam : 215
215 -&gt;   Toplam : 215
215 -&gt;   Toplam : 215
215 -&gt;   Toplam : 215
215 -&gt;   Toplam : 215
215 -&gt;   Toplam : 215
215 -&gt;   Toplam : 215
215 -&gt;   Toplam : 215
215 -&gt;   Toplam : 215
215 -&gt;   Toplam : 215
215 -&gt;   Toplam : 215
215 -&gt;   Toplam : 215
215 -&gt;   Toplam : 215
215 -&gt;   Toplam : 215
215 -&gt;   Toplam : 215
215 -&gt;   Toplam : 215
215 -&gt;   Toplam : 215
215 -&gt;   Toplam : 215
215 -&gt;   Toplam : 215
215 -&gt;   Toplam : 215
215 -&gt;   Toplam : 215
215 -&gt;   Toplam : 215
215 -&gt;   Toplam : 215
215 -&gt;   Toplam : 215
215 -&gt;   Toplam : 215
215 -&gt;   Toplam : 215
215 -&gt;   Toplam : 215
215 -&gt;   Toplam : 215
215 -&gt;   Toplam : 215
215 -&gt;   Toplam : 215
215 -&gt;   Toplam : 215
215 -&gt;   Toplam : 215
215 -&gt;   Toplam : 215
215 -&gt;   Toplam : 215
215 -&gt;   Toplam : 215
215 -&gt;   Toplam : 215
215 -&gt;   Toplam : 215
215 -&gt;   Toplam : 215
215 -&gt;   Toplam : 215
215 -&gt;   Toplam : 215
215 -&gt;   Toplam : 215
215 -&gt;   Toplam : 215
215 -&gt;   Toplam : 215
215 -&gt;   Toplam : 215
215 -&gt;   Toplam : 215
215 -&gt;   Toplam : 215
215 -&gt;   Toplam : 215
215 -&gt;   Toplam : 215
215 -&gt;   Toplam : 215
215 -&gt;   Toplam : 215
215 -&gt;   Toplam : 215
215 -&gt;   Toplam : 215
215 -&gt;   Toplam : 215
215 -&gt;   Toplam : 215
215 -&gt;   Toplam : 215
215 -&gt;   Toplam : 215
215 -&gt;   Toplam : 215
215 -&gt;   Toplam : 215
215 -&gt;   Toplam : 215
215 -&gt;   Toplam : 215
215 -&gt;   Toplam : 215
215 -&gt;   Toplam : 215
215 -&gt;   Toplam : 215
215 -&gt;   Toplam : 215
215 -&gt;   Toplam : 215
215 -&gt;   Toplam : 215
215 -&gt;   Toplam : 215
215 -&gt;   Toplam : 215
215 -&gt;   Toplam : 215
215 -&gt;   Toplam : 215
215 -&gt;   Toplam : 215
215 -&gt;   Toplam : 215
215 -&gt;   Toplam : 215
215 -&gt;   Toplam : 215
215 -&gt;   Toplam : 215
215 -&gt;   Toplam : 215
215 -&gt;   Toplam : 215
215 -&gt;   Toplam : 215
215 -&gt;   Toplam : 215
215 -&gt;   Toplam : 215
215 -&gt;   Toplam : 215
215 -&gt;   Toplam : 215
215 -&gt;   Toplam : 215
215 -&gt;   Toplam : 215
215 -&gt;   Toplam : 215
215 -&gt;   Toplam : 215
215 -&gt;   Toplam : 215
215 -&gt;   Toplam : 215
215 -&gt;   Toplam : 215
215 -&gt;   Toplam : 215
215 -&gt;   Toplam : 215
215 -&gt;   Toplam : 215
215 -&gt;   Toplam : 215
215 -&gt;   Toplam : 215
215 -&gt;   Toplam : 215
215 -&gt;   Toplam : 215
215 -&gt;   Toplam : 215
215 -&gt;   Toplam : 215
215 -&gt;   Toplam : 215
215 -&gt;   Toplam : 215
215 -&gt;   Toplam : 215
215 -&gt;   Toplam : 215
215 -&gt;   Toplam : 215
215 -&gt;   Toplam : 215
215 -&gt;   Toplam : 215
215 -&gt;   Toplam : 215
215 -&gt;   Toplam : 215
215 -&gt;   Toplam : 215
215 -&gt;   Toplam : 215
215 -&gt;   Toplam : 215
215 -&gt;   Toplam : 215
215 -&gt;   Toplam : 215
215 -&gt;   Toplam : 215
215 -&gt;   Toplam : 215
215 -&gt;   Toplam : 215
215 -&gt;   Toplam : 215
215 -&gt;   Toplam : 215
215 -&gt;   Toplam : 215
215 -&gt;   Toplam : 215
215 -&gt;   Toplam : 215
215 -&gt;   Toplam : 215
215 -&gt;   Toplam : 215
215 -&gt;   Toplam : 215
215 -&gt;   Toplam : 215
215 -&gt;   Toplam : 215
215 -&gt;   Toplam : 215
215 -&gt;   Toplam : 215
215 -&gt;   Toplam : 215
215 -&gt;   Toplam : 215
215 -&gt;   Toplam : 215
215 -&gt;   Toplam : 215
215 -&gt;   Toplam : 215
215 -&gt;   Toplam : 215
215 -&gt;   Toplam : 215
215 -&gt;   Toplam : 215
215 -&gt;   Toplam : 215
215 -&gt;   Toplam : 215
215 -&gt;   Toplam : 215
215 -&gt;   Toplam : 215
215 -&gt;   Toplam : 215
215 -&gt;   Toplam : 215
215 -&gt;   Toplam : 215
215 -&gt;   Toplam : 215
215 -&gt;   Toplam : 215
215 -&gt;   Toplam : 215
215 -&gt;   Toplam : 215
215 -&gt;   Toplam : 215
215 -&gt;   Toplam : 215
215 -&gt;   Toplam : 215
215 -&gt;   Toplam : 215
215 -&gt;   Toplam : 215
215 -&gt;   Toplam : 215
215 -&gt;   Toplam : 215
215 -&gt;   Toplam : 215
215 -&gt;   Toplam : 215
215 -&gt;   Toplam : 215
215 -&gt;   Toplam : 215
215 -&gt;   Toplam : 215
215 -&gt;   Toplam : 215
215 -&gt;   Toplam : 215
215 -&gt;   Toplam : 215
215 -&gt;   Toplam : 215
215 -&gt;   Toplam : 215
215 -&gt;   Toplam : 215
215 -&gt;   Toplam : 215
215 -&gt;   Toplam : 215
215 -&gt;   Toplam : 215
215 -&gt;   Toplam : 215
215 -&gt;   Toplam : 215
215 -&gt;   Toplam : 215
215 -&gt;   Toplam : 215
215 -&gt;   Toplam : 215
215 -&gt;   Toplam : 215
215 -&gt;   Toplam : 215
215 -&gt;   Toplam : 215
215 -&gt;   Toplam : 215
215 -&gt;   Toplam : 215
215 -&gt;   Toplam : 215
215 -&gt;   Toplam : 215
215 -&gt;   Toplam : 215
215 -&gt;   Toplam : 215
215 -&gt;   Toplam : 215
215 -&gt;   Toplam : 215
215 -&gt;   Toplam : 215
215 -&gt;   Toplam : 215
215 -&gt;   Toplam : 215
215 -&gt;   Toplam : 215
215 -&gt;   Toplam : 215
215 -&gt;   Toplam : 215
215 -&gt;   Toplam : 215
215 -&gt;   Toplam : 215
215 -&gt;   Toplam : 215
215 -&gt;   Toplam : 215
215 -&gt;   Toplam : 215
215 -&gt;   Toplam : 215
215 -&gt;   Toplam : 215
215 -&gt;   Toplam : 215
215 -&gt;   Toplam : 215
215 -&gt;   Toplam : 215
215 -&gt;   Toplam : 215
215 -&gt;   Toplam : 215
215 -&gt;   Toplam : 215
215 -&gt;   Toplam : 215
215 -&gt;   Toplam : 215
215 -&gt;   Toplam : 215
215 -&gt;   Toplam : 215
215 -&gt;   Toplam : 215
215 -&gt;   Toplam : 215
215 -&gt;   Toplam : 215
215 -&gt;   Toplam : 215
215 -&gt;   Toplam : 215
215 -&gt;   Toplam : 215
215 -&gt;   Toplam : 215
215 -&gt;   Toplam : 215
215 -&gt;   Toplam : 215
215 -&gt;   Toplam : 215
215 -&gt;   Toplam : 215
215 -&gt;   Toplam : 215
215 -&gt;   Toplam : 215
215 -&gt;   Toplam : 215
215 -&gt;   Toplam : 215
215 -&gt;   Toplam : 215
215 -&gt;   Toplam : 215
215 -&gt;   Toplam : 215
215 -&gt;   Toplam : 215
215 -&gt;   Toplam : 215
215 -&gt;   Toplam : 215
215 -&gt;   Toplam : 215
215 -&gt;   Toplam : 215
215 -&gt;   Toplam : 215
215 -&gt;   Toplam : 215
215 -&gt;   Toplam : 215
215 -&gt;   Toplam : 215
215 -&gt;   Toplam : 215
215 -&gt;   Toplam : 215
215 -&gt;   Toplam : 215
215 -&gt;   Toplam : 215
215 -&gt;   Toplam : 215
215 -&gt;   Toplam : 215
215 -&gt;   Toplam : 215
215 -&gt;   Toplam : 215
215 -&gt;   Toplam : 215
215 -&gt;   Toplam : 215
215 -&gt;   Toplam : 215
215 -&gt;   Toplam : 215
215 -&gt;   Toplam : 215
215 -&gt;   Toplam : 215
215 -&gt;   Toplam : 215
215 -&gt;   Toplam : 215
215 -&gt;   Toplam : 215
215 -&gt;   Toplam : 215
215 -&gt;   Toplam : 215
215 -&gt;   Toplam : 215
215 -&gt;   Toplam : 215
215 -&gt;   Toplam : 215
215 -&gt;   Toplam : 215
215 -&gt;   Toplam : 215
215 -&gt;   Toplam : 215
215 -&gt;   Toplam : 215
215 -&gt;   Toplam : 215
215 -&gt;   Toplam : 215
215 -&gt;   Toplam : 215
215 -&gt;   Toplam : 215
215 -&gt;   Toplam : 215
215 -&gt;   Toplam : 215
215 -&gt;   Toplam : 215
215 -&gt;   Toplam : 215
215 -&gt;   Toplam : 215
215 -&gt;   Toplam : 215
215 -&gt;   Toplam : 215
215 -&gt;   Toplam : 215
215 -&gt;   Toplam : 215
215 -&gt;   Toplam : 215
215 -&gt;   Toplam : 215
215 -&gt;   Toplam : 215
215 -&gt;   Toplam : 215
215 -&gt;   Toplam : 215
215 -&gt;   Toplam : 215
215 -&gt;   Toplam : 215
215 -&gt;   Toplam : 215
215 -&gt;   Toplam : 215
215 -&gt;   Toplam : 215
215 -&gt;   Toplam : 215
215 -&gt;   Toplam : 215
215 -&gt;   Toplam : 215
215 -&gt;   Toplam : 215
215 -&gt;   Toplam : 215
215 -&gt;   Toplam : 215
215 -&gt;   Toplam : 215
215 -&gt;   Toplam : 215
215 -&gt;   Toplam : 215
215 -&gt;   Toplam : 215
215 -&gt;   Toplam : 215
215 -&gt;   Toplam : 215
215 -&gt;   Toplam : 215
215 -&gt;   Toplam : 215
215 -&gt;   Toplam : 215
215 -&gt;   Toplam : 215
215 -&gt;   Toplam : 215
215 -&gt;   Toplam : 215
215 -&gt;   Toplam : 215
215 -&gt;   Toplam : 215
215 -&gt;   Toplam : 215
215 -&gt;   Toplam : 215
215 -&gt;   Toplam : 215
215 -&gt;   Toplam : 215
215 -&gt;   Toplam : 215
215 -&gt;   Toplam : 215
215 -&gt;   Toplam : 215
215 -&gt;   Toplam : 215
215 -&gt;   Toplam : 215
215 -&gt;   Toplam : 215
215 -&gt;   Toplam : 215
215 -&gt;   Toplam : 215
215 -&gt;   Toplam : 215
215 -&gt;   Toplam : 215
215 -&gt;   Toplam : 215
215 -&gt;   Toplam : 215
215 -&gt;   Toplam : 215
215 -&gt;   Toplam : 215
215 -&gt;   Toplam : 215
215 -&gt;   Toplam : 215
215 -&gt;   Toplam : 215
215 -&gt;   Toplam : 215
215 -&gt;   Toplam : 215
215 -&gt;   Toplam : 215
215 -&gt;   Toplam : 215
215 -&gt;   Toplam : 215
215 -&gt;   Toplam : 215
215 -&gt;   Toplam : 215
215 -&gt;   Toplam : 215
215 -&gt;   Toplam : 215
215 -&gt;   Toplam : 215
215 -&gt;   Toplam : 215
215 -&gt;   Toplam : 215
215 -&gt;   Toplam : 215
215 -&gt;   Toplam : 215
215 -&gt;   Toplam : 215
215 -&gt;   Toplam : 215
215 -&gt;   Toplam : 215
215 -&gt;   Toplam : 215
215 -&gt;   Toplam : 215
215 -&gt;   Toplam : 215
215 -&gt;   Toplam : 215
215 -&gt;   Toplam : 215
215 -&gt;   Toplam : 215
215 -&gt;   Toplam : 215
215 -&gt;   Toplam : 215
215 -&gt;   Toplam : 215
215 -&gt;   Toplam : 215
215 -&gt;   Toplam : 215
215 -&gt;   Toplam : 215
215 -&gt;   Toplam : 215
215 -&gt;   Toplam : 215
215 -&gt;   Toplam : 215
215 -&gt;   Toplam : 215
215 -&gt;   Toplam : 215
215 -&gt;   Toplam : 215
215 -&gt;   Toplam : 215
215 -&gt;   Toplam : 215
215 -&gt;   Toplam : 215
215 -&gt;   Toplam : 215
215 -&gt;   Toplam : 215
215 -&gt;   Toplam : 215
215 -&gt;   Toplam : 215
215 -&gt;   Toplam : 215
215 -&gt;   Toplam : 215
215 -&gt;   Toplam : 215
215 -&gt;   Toplam : 215
215 -&gt;   Toplam : 215
215 -&gt;   Toplam : 215
215 -&gt;   Toplam : 215
215 -&gt;   Toplam : 215
215 -&gt;   Toplam : 215
215 -&gt;   Toplam : 215
215 -&gt;   Toplam : 215
215 -&gt;   Toplam : 215
215 -&gt;   Toplam : 215
215 -&gt;   Toplam : 215
215 -&gt;   Toplam : 215
215 -&gt;   Toplam : 215
215 -&gt;   Toplam : 215
215 -&gt;   Toplam : 215
215 -&gt;   Toplam : 215
215 -&gt;   Toplam : 215
215 -&gt;   Toplam : 215
215 -&gt;   Toplam : 215
215 -&gt;   Toplam : 215
215 -&gt;   Toplam : 215
215 -&gt;   Toplam : 215
215 -&gt;   Toplam : 215
215 -&gt;   Toplam : 215
215 -&gt;   Toplam : 215
215 -&gt;   Toplam : 215
215 -&gt;   Toplam : 215
215 -&gt;   Toplam : 215
215 -&gt;   Toplam : 215
215 -&gt;   Toplam : 215
215 -&gt;   Toplam : 215
215 -&gt;   Toplam : 215
215 -&gt;   Toplam : 215
215 -&gt;   Toplam : 215
215 -&gt;   Toplam : 215
215 -&gt;   Toplam : 215
215 -&gt;   Toplam : 215
215 -&gt;   Toplam : 215
215 -&gt;   Toplam : 215
215 -&gt;   Toplam : 215
215 -&gt;   Toplam : 215
215 -&gt;   Toplam : 215
215 -&gt;   Toplam : 215
215 -&gt;   Toplam : 215
215 -&gt;   Toplam : 215
215 -&gt;   Toplam : 215
215 -&gt;   Toplam : 215
215 -&gt;   Toplam : 215
215 -&gt;   Toplam : 215
215 -&gt;   Toplam : 215
215 -&gt;   Toplam : 215
215 -&gt;   Toplam : 215
215 -&gt;   Toplam : 215
215 -&gt;   Toplam : 215
215 -&gt;   Toplam : 215
215 -&gt;   Toplam : 215
215 -&gt;   Toplam : 215
215 -&gt;   Toplam : 215
215 -&gt;   Toplam : 215
215 -&gt;   Toplam : 215
215 -&gt;   Toplam : 215
215 -&gt;   Toplam : 215
215 -&gt;   Toplam : 215
215 -&gt;   Toplam : 215
215 -&gt;   Toplam : 215
215 -&gt;   Toplam : 215
215 -&gt;   Toplam : 215
215 -&gt;   Toplam : 215
215 -&gt;   Toplam : 215
215 -&gt;   Toplam : 215
215 -&gt;   Toplam : 215
215 -&gt;   Toplam : 215
215 -&gt;   Toplam : 215
215 -&gt;   Toplam : 215
215 -&gt;   Toplam : 215
215 -&gt;   Toplam : 215
215 -&gt;   Toplam : 215
215 -&gt;   Toplam : 215
215 -&gt;   Toplam : 215
215 -&gt;   Toplam : 215
215 -&gt;   Toplam : 215
215 -&gt;   Toplam : 215
215 -&gt;   Toplam : 215
215 -&gt;   Toplam : 215
215 -&gt;   Toplam : 215
215 -&gt;   Toplam : 215
215 -&gt;   Toplam : 215
215 -&gt;   Toplam : 215
215 -&gt;   Toplam : 215
215 -&gt;   Toplam : 215
215 -&gt;   Toplam : 215
215 -&gt;   Toplam : 215
215 -&gt;   Toplam : 215
215 -&gt;   Toplam : 215
215 -&gt;   Toplam : 215
215 -&gt;   Toplam : 215
215 -&gt;   Toplam : 215
215 -&gt;   Toplam : 215
215 -&gt;   Toplam : 215
215 -&gt;   Toplam : 215
215 -&gt;   Toplam : 215
215 -&gt;   Toplam : 215
215 -&gt;   Toplam : 215
215 -&gt;   Toplam : 215
215 -&gt;   Toplam : 215
215 -&gt;   Toplam : 215
215 -&gt;   Toplam : 215
215 -&gt;   Toplam : 215
215 -&gt;   Toplam : 215
215 -&gt;   Toplam : 215
215 -&gt;   Toplam : 215
215 -&gt;   Toplam : 215
215 -&gt;   Toplam : 215
215 -&gt;   Toplam : 215
215 -&gt;   Toplam : 215
215 -&gt;   Toplam : 215
215 -&gt;   Toplam : 215
215 -&gt;   Toplam : 215
215 -&gt;   Toplam : 215
215 -&gt;   Toplam : 215
215 -&gt;   Toplam : 215
215 -&gt;   Toplam : 215
215 -&gt;   Toplam : 215
215 -&gt;   Toplam : 215
215 -&gt;   Toplam : 215
215 -&gt;   Toplam : 215
215 -&gt;   Toplam : 215
215 -&gt;   Toplam : 215
215 -&gt;   Toplam : 215
215 -&gt;   Toplam : 215
215 -&gt;   Toplam : 215
215 -&gt;   Toplam : 215
215 -&gt;   Toplam : 215
215 -&gt;   Toplam : 215
215 -&gt;   Toplam : 215
215 -&gt;   Toplam : 215
215 -&gt;   Toplam : 215
215 -&gt;   Toplam : 215
215 -&gt;   Toplam : 215
215 -&gt;   Toplam : 215
215 -&gt;   Toplam : 215
215 -&gt;   Toplam : 215
215 -&gt;   Toplam : 215
215 -&gt;   Toplam : 215
215 -&gt;   Toplam : 215
215 -&gt;   Toplam : 215
215 -&gt;   Toplam : 215
215 -&gt;   Toplam : 215
215 -&gt;   Toplam : 215
215 -&gt;   Toplam : 215
215 -&gt;   Toplam : 215
215 -&gt;   Toplam : 215
215 -&gt;   Toplam : 215
215 -&gt;   Toplam : 215
215 -&gt;   Toplam : 215
215 -&gt;   Toplam : 215
215 -&gt;   Toplam : 215
215 -&gt;   Toplam : 215
215 -&gt;   Toplam : 215
215 -&gt;   Toplam : 215
215 -&gt;   Toplam : 215
215 -&gt;   Toplam : 215
215 -&gt;   Toplam : 215
215 -&gt;   Toplam : 215
215 -&gt;   Toplam : 215
215 -&gt;   Toplam : 215
215 -&gt;   Toplam : 215
215 -&gt;   Toplam : 215
215 -&gt;   Toplam : 215
215 -&gt;   Toplam : 215
215 -&gt;   Toplam : 215
215 -&gt;   Toplam : 215
215 -&gt;   Toplam : 215
215 -&gt;   Toplam : 215
215 -&gt;   Toplam : 215
215 -&gt;   Toplam : 215
215 -&gt;   Toplam : 215
215 -&gt;   Toplam : 215
215 -&gt;   Toplam : 215
215 -&gt;   Toplam : 215
215 -&gt;   Toplam : 215
215 -&gt;   Toplam : 215
215 -&gt;   Toplam : 215
215 -&gt;   Toplam : 215
215 -&gt;   Toplam : 215
215 -&gt;   Toplam : 215
215 -&gt;   Toplam : 215
215 -&gt;   Toplam : 215
215 -&gt;   Toplam : 215
215 -&gt;   Toplam : 215
215 -&gt;   Toplam : 215
215 -&gt;   Toplam : 215
215 -&gt;   Toplam : 215
215 -&gt;   Toplam : 215
215 -&gt;   Toplam : 215
215 -&gt;   Toplam : 215
215 -&gt;   Toplam : 215
215 -&gt;   Toplam : 215
215 -&gt;   Toplam : 215
215 -&gt;   Toplam : 215
215 -&gt;   Toplam : 215
215 -&gt;   Toplam : 215
215 -&gt;   Toplam : 215
215 -&gt;   Toplam : 215
215 -&gt;   Toplam : 215
215 -&gt;   Toplam : 215
215 -&gt;   Toplam : 215
215 -&gt;   Toplam : 215
215 -&gt;   Toplam : 215
215 -&gt;   Toplam : 215
215 -&gt;   Toplam : 215
215 -&gt;   Toplam : 215
215 -&gt;   Toplam : 215
215 -&gt;   Toplam : 215
215 -&gt;   Toplam : 215
215 -&gt;   Toplam : 215
215 -&gt;   Toplam : 215
215 -&gt;   Toplam : 215
215 -&gt;   Toplam : 215
215 -&gt;   Toplam : 215
215 -&gt;   Toplam : 215
215 -&gt;   Toplam : 215
215 -&gt;   Toplam : 215
215 -&gt;   Toplam : 215
215 -&gt;   Toplam : 215
215 -&gt;   Toplam : 215
215 -&gt;   Toplam : 215
215 -&gt;   Toplam : 215
215 -&gt;   Toplam : 215
215 -&gt;   Toplam : 215
215 -&gt;   Toplam : 215
215 -&gt;   Toplam : 215
215 -&gt;   Toplam : 215
215 -&gt;   Toplam : 215
215 -&gt;   Toplam : 215
215 -&gt;   Toplam : 215
215 -&gt;   Toplam : 215
215 -&gt;   Toplam : 215
215 -&gt;   Toplam : 215
215 -&gt;   Toplam : 215
215 -&gt;   Toplam : 215
215 -&gt;   Toplam : 215
215 -&gt;   Toplam : 215
215 -&gt;   Toplam : 215
215 -&gt;   Toplam : 215
215 -&gt;   Toplam : 215
215 -&gt;   Toplam : 215
215 -&gt;   Toplam : 215
215 -&gt;   Toplam : 215
215 -&gt;   Toplam : 215
215 -&gt;   Toplam : 215
215 -&gt;   Toplam : 215
215 -&gt;   Toplam : 215
215 -&gt;   Toplam : 215
215 -&gt;   Toplam : 215
215 -&gt;   Toplam : 215
215 -&gt;   Toplam : 215
215 -&gt;   Toplam : 215
215 -&gt;   Toplam : 215
215 -&gt;   Toplam : 215
215 -&gt;   Toplam : 215
215 -&gt;   Toplam : 215
215 -&gt;   Toplam : 215
215 -&gt;   Toplam : 215
215 -&gt;   Toplam : 215
215 -&gt;   Toplam : 215
215 -&gt;   Toplam : 215
215 -&gt;   Toplam : 215
215 -&gt;   Toplam : 215
215 -&gt;   Toplam : 215
215 -&gt;   Toplam : 215
215 -&gt;   Toplam : 215
215 -&gt;   Toplam : 215
215 -&gt;   Toplam : 215
215 -&gt;   Toplam : 215
215 -&gt;   Toplam : 215
215 -&gt;   Toplam : 215
215 -&gt;   Toplam : 215
215 -&gt;   Toplam : 215
215 -&gt;   Toplam : 215
215 -&gt;   Toplam : 215
215 -&gt;   Toplam : 215
215 -&gt;   Toplam : 215
215 -&gt;   Toplam : 215
215 -&gt;   Toplam : 215
215 -&gt;   Toplam : 215
215 -&gt;   Toplam : 215
215 -&gt;   Toplam : 215
215 -&gt;   Toplam : 215
215 -&gt;   Toplam : 215
215 -&gt;   Toplam : 215
215 -&gt;   Toplam : 215
215 -&gt;   Toplam : 215
215 -&gt;   Toplam : 215
215 -&gt;   Toplam : 215
215 -&gt;   Toplam : 215
215 -&gt;   Toplam : 215
215 -&gt;   Toplam : 215
215 -&gt;   Toplam : 215
215 -&gt;   Toplam : 215
215 -&gt;   Toplam : 215
215 -&gt;   Toplam : 215
215 -&gt;   Toplam : 215
215 -&gt;   Toplam : 215
215 -&gt;   Toplam : 215
215 -&gt;   Toplam : 215
215 -&gt;   Toplam : 215
215 -&gt;   Toplam : 215
215 -&gt;   Toplam : 215
215 -&gt;   Toplam : 215
215 -&gt;   Toplam : 215
215 -&gt;   Toplam : 215
215 -&gt;   Toplam : 215
215 -&gt;   Toplam : 215
215 -&gt;   Toplam : 215
215 -&gt;   Toplam : 215
215 -&gt;   Toplam : 215
215 -&gt;   Toplam : 215
215 -&gt;   Toplam : 215
215 -&gt;   Toplam : 215
215 -&gt;   Toplam : 215
215 -&gt;   Toplam : 215
215 -&gt;   Toplam : 215
215 -&gt;   Toplam : 215
215 -&gt;   Toplam : 215
215 -&gt;   Toplam : 215
215 -&gt;   Toplam : 215
215 -&gt;   Toplam : 215
215 -&gt;   Toplam : 215
215 -&gt;   Toplam : 215
215 -&gt;   Toplam : 215
215 -&gt;   Toplam : 215
215 -&gt;   Toplam : 215
215 -&gt;   Toplam : 215
215 -&gt;   Toplam : 215
215 -&gt;   Toplam : 215
215 -&gt;   Toplam : 215
215 -&gt;   Toplam : 215
215 -&gt;   Toplam : 215
215 -&gt;   Toplam : 215
215 -&gt;   Toplam : 215
215 -&gt;   Toplam : 215
215 -&gt;   Toplam : 215
215 -&gt;   Toplam : 215
215 -&gt;   Toplam : 215
215 -&gt;   Toplam : 215
215 -&gt;   Toplam : 215
215 -&gt;   Toplam : 215
215 -&gt;   Toplam : 215
215 -&gt;   Toplam : 215
215 -&gt;   Toplam : 215
215 -&gt;   Toplam : 215
215 -&gt;   Toplam : 215
215 -&gt;   Toplam : 215
215 -&gt;   Toplam : 215
215 -&gt;   Toplam : 215
215 -&gt;   Toplam : 215
215 -&gt;   Toplam : 215
215 -&gt;   Toplam : 215
215 -&gt;   Toplam : 215
215 -&gt;   Toplam : 215
215 -&gt;   Toplam : 215
215 -&gt;   Toplam : 215
215 -&gt;   Toplam : 215
215 -&gt;   Toplam : 215
215 -&gt;   Toplam : 215
215 -&gt;   Toplam : 215
215 -&gt;   Toplam : 215
215 -&gt;   Toplam : 215
215 -&gt;   Toplam : 215
215 -&gt;   Toplam : 215
215 -&gt;   Toplam : 215
215 -&gt;   Toplam : 215
215 -&gt;   Toplam : 215
215 -&gt;   Toplam : 215
215 -&gt;   Toplam : 215
215 -&gt;   Toplam : 215
215 -&gt;   Toplam : 215
215 -&gt;   Toplam : 215
215 -&gt;   Toplam : 215
215 -&gt;   Toplam : 215
215 -&gt;   Toplam : 215
215 -&gt;   Toplam : 215
215 -&gt;   Toplam : 215
215 -&gt;   Toplam : 215
215 -&gt;   Toplam : 215
215 -&gt;   Toplam : 215
215 -&gt;   Toplam : 215
215 -&gt;   Toplam : 215
215 -&gt;   Toplam : 215
215 -&gt;   Toplam : 215
215 -&gt;   Toplam : 215
215 -&gt;   Toplam : 215
215 -&gt;   Toplam : 215
215 -&gt;   Toplam : 215
215 -&gt;   Toplam : 215
215 -&gt;   Toplam : 215
215 -&gt;   Toplam : 215
215 -&gt;   Toplam : 215
215 -&gt;   Toplam : 215
215 -&gt;   Toplam : 215
215 -&gt;   Toplam : 215
215 -&gt;   Toplam : 215
215 -&gt;   Toplam : 215
215 -&gt;   Toplam : 215
215 -&gt;   Toplam : 215
215 -&gt;   Toplam : 215
215 -&gt;   Toplam : 215
215 -&gt;   Toplam : 215
215 -&gt;   Toplam : 215
215 -&gt;   Toplam : 215
215 -&gt;   Toplam : 215
215 -&gt;   Toplam : 215
215 -&gt;   Toplam : 215
215 -&gt;   Toplam : 215
215 -&gt;   Toplam : 215
215 -&gt;   Toplam : 215
215 -&gt;   Toplam : 215
215 -&gt;   Toplam : 215
215 -&gt;   Toplam : 215
215 -&gt;   Toplam : 215
215 -&gt;   Toplam : 215
215 -&gt;   Toplam : 215
215 -&gt;   Toplam : 215
215 -&gt;   Toplam : 215
215 -&gt;   Toplam : 215
215 -&gt;   Toplam : 215
215 -&gt;   Toplam : 215
215 -&gt;   Toplam : 215
215 -&gt;   Toplam : 215
215 -&gt;   Toplam : 215
215 -&gt;   Toplam : 215
215 -&gt;   Toplam : 215
215 -&gt;   Toplam : 215
215 -&gt;   Toplam : 215
215 -&gt;   Toplam : 215
215 -&gt;   Toplam : 215
215 -&gt;   Toplam : 215
215 -&gt;   Toplam : 215
215 -&gt;   Toplam : 215
215 -&gt;   Toplam : 215
215 -&gt;   Toplam : 215
215 -&gt;   Toplam : 215
215 -&gt;   Toplam : 215
215 -&gt;   Toplam : 215
215 -&gt;   Toplam : 215
215 -&gt;   Toplam : 215
215 -&gt;   Toplam : 215
215 -&gt;   Toplam : 215
215 -&gt;   Toplam : 215
215 -&gt;   Toplam : 215
215 -&gt;   Toplam : 215
215 -&gt;   Toplam : 215
215 -&gt;   Toplam : 215
215 -&gt;   Toplam : 215
215 -&gt;   Toplam : 215
215 -&gt;   Toplam : 215
215 -&gt;   Toplam : 215
215 -&gt;   Toplam : 215
215 -&gt;   Toplam : 215
215 -&gt;   Toplam : 215
215 -&gt;   Toplam : 215
215 -&gt;   Toplam : 215
215 -&gt;   Toplam : 215
215 -&gt;   Toplam : 215
215 -&gt;   Toplam : 215
215 -&gt;   Toplam : 215
215 -&gt;   Toplam : 215
215 -&gt;   Toplam : 215
215 -&gt;   Toplam : 215
215 -&gt;   Toplam : 215
215 -&gt;   Toplam : 215
215 -&gt;   Toplam : 215
215 -&gt;   Toplam : 215
215 -&gt;   Toplam : 215
215 -&gt;   Toplam : 215
215 -&gt;   Toplam : 215
215 -&gt;   Toplam : 215
215 -&gt;   Toplam : 215
215 -&gt;   Toplam : 215
215 -&gt;   Toplam : 215
215 -&gt;   Toplam : 215
215 -&gt;   Toplam : 215
215 -&gt;   Toplam : 215
215 -&gt;   Toplam : 215
215 -&gt;   Toplam : 215
215 -&gt;   Toplam : 215
215 -&gt;   Toplam : 215
215 -&gt;   Toplam : 215
215 -&gt;   Toplam : 215
215 -&gt;   Toplam : 215
215 -&gt;   Toplam : 215
215 -&gt;   Toplam : 215
215 -&gt;   Toplam : 215
215 -&gt;   Toplam : 215
215 -&gt;   Toplam : 215
215 -&gt;   Toplam : 215
215 -&gt;   Toplam : 215
215 -&gt;   Toplam : 215
215 -&gt;   Toplam : 215
215 -&gt;   Toplam : 215
215 -&gt;   Toplam : 215
215 -&gt;   Toplam : 215
215 -&gt;   Toplam : 215
215 -&gt;   Toplam : 215
215 -&gt;   Toplam : 215
215 -&gt;   Toplam : 215
215 -&gt;   Toplam : 215
215 -&gt;   Toplam : 215
215 -&gt;   Toplam : 215
215 -&gt;   Toplam : 215
215 -&gt;   Toplam : 215
215 -&gt;   Toplam : 215
215 -&gt;   Toplam : 215
215 -&gt;   Toplam : 215
215 -&gt;   Toplam : 215
215 -&gt;   Toplam : 215
215 -&gt;   Toplam : 215
215 -&gt;   Toplam : 215
215 -&gt;   Toplam : 215
215 -&gt;   Toplam : 215
215 -&gt;   Toplam : 215
215 -&gt;   Toplam : 215
215 -&gt;   Toplam : 215
215 -&gt;   Toplam : 215
215 -&gt;   Toplam : 215
215 -&gt;   Toplam : 215
215 -&gt;   Toplam : 215
215 -&gt;   Toplam : 215
215 -&gt;   Toplam : 215
215 -&gt;   Toplam : 215
215 -&gt;   Toplam : 215
215 -&gt;   Toplam : 215
215 -&gt;   Toplam : 215
215 -&gt;   Toplam : 215
215 -&gt;   Toplam : 215
215 -&gt;   Toplam : 215
215 -&gt;   Toplam : 215
215 -&gt;   Toplam : 215
215 -&gt;   Toplam : 215
215 -&gt;   Toplam : 215
215 -&gt;   Toplam : 215
215 -&gt;   Toplam : 215
215 -&gt;   Toplam : 215
215 -&gt;   Toplam : 215
215 -&gt;   Toplam : 215
215 -&gt;   Toplam : 215
215 -&gt;   Toplam : 215
215 -&gt;   Toplam : 215
215 -&gt;   Toplam : 215
215 -&gt;   Toplam : 215
215 -&gt;   Toplam : 215
215 -&gt;   Toplam : 215
215 -&gt;   Toplam : 215
215 -&gt;   Toplam : 215
215 -&gt;   Toplam : 215
215 -&gt;   Toplam : 215
215 -&gt;   Toplam : 215
215 -&gt;   Toplam : 215
215 -&gt;   Toplam : 215
215 -&gt;   Toplam : 215
215 -&gt;   Toplam : 215
215 -&gt;   Toplam : 215
215 -&gt;   Toplam : 215
215 -&gt;   Toplam : 215
215 -&gt;   Toplam : 215
215 -&gt;   Toplam : 215
215 -&gt;   Toplam : 215
215 -&gt;   Toplam : 215
215 -&gt;   Toplam : 215
215 -&gt;   Toplam : 215
215 -&gt;   Toplam : 215
215 -&gt;   Toplam : 215
215 -&gt;   Toplam : 215
215 -&gt;   Toplam : 215
215 -&gt;   Toplam : 215
215 -&gt;   Toplam : 215
215 -&gt;   Toplam : 215
215 -&gt;   Toplam : 215
215 -&gt;   Toplam : 215
215 -&gt;   Toplam : 215
215 -&gt;   Toplam : 215
215 -&gt;   Toplam : 215
215 -&gt;   Toplam : 215
215 -&gt;   Toplam : 215
215 -&gt;   Toplam : 215
215 -&gt;   Toplam : 215
215 -&gt;   Toplam : 215
215 -&gt;   Toplam : 215
215 -&gt;   Toplam : 215
215 -&gt;   Toplam : 215
215 -&gt;   Toplam : 215
215 -&gt;   Toplam : 215
215 -&gt;   Toplam : 215
215 -&gt;   Toplam : 215
215 -&gt;   Toplam : 215
215 -&gt;   Toplam : 215
215 -&gt;   Toplam : 215
215 -&gt;   Toplam : 215
215 -&gt;   Toplam : 215
215 -&gt;   Toplam : 215
215 -&gt;   Toplam : 215
215 -&gt;   Toplam : 215
215 -&gt;   Toplam : 215
215 -&gt;   Toplam : 215
215 -&gt;   Toplam : 215
215 -&gt;   Toplam : 215
215 -&gt;   Toplam : 215
215 -&gt;   Toplam : 215
215 -&gt;   Toplam : 215
215 -&gt;   Toplam : 215
215 -&gt;   Toplam : 215
215 -&gt;   Toplam : 215
215 -&gt;   Toplam : 215
215 -&gt;   Toplam : 215
215 -&gt;   Toplam : 215
215 -&gt;   Toplam : 215
215 -&gt;   Toplam : 215
215 -&gt;   Toplam : 215
215 -&gt;   Toplam : 215
215 -&gt;   Toplam : 215
215 -&gt;   Toplam : 215
215 -&gt;   Toplam : 215
215 -&gt;   Toplam : 215
215 -&gt;   Toplam : 215
215 -&gt;   Toplam : 215
215 -&gt;   Toplam : 215
215 -&gt;   Toplam : 215
215 -&gt;   Toplam : 215
215 -&gt;   Toplam : 215
215 -&gt;   Toplam : 215
215 -&gt;   Toplam : 215
215 -&gt;   Toplam : 215
215 -&gt;   Toplam : 215
215 -&gt;   Toplam : 215
215 -&gt;   Toplam : 215
215 -&gt;   Toplam : 215
215 -&gt;   Toplam : 215
215 -&gt;   Toplam : 215
215 -&gt;   Toplam : 215
215 -&gt;   Toplam : 215
215 -&gt;   Toplam : 215
215 -&gt;   Toplam : 215
215 -&gt;   Toplam : 215
215 -&gt;   Toplam : 215
215 -&gt;   Toplam : 215
215 -&gt;   Toplam : 215
215 -&gt;   Toplam : 215
215 -&gt;   Toplam : 215
215 -&gt;   Toplam : 215
215 -&gt;   Toplam : 215
215 -&gt;   Toplam : 215
215 -&gt;   Toplam : 215
215 -&gt;   Toplam : 215
215 -&gt;   Toplam : 215
215 -&gt;   Toplam : 215
215 -&gt;   Toplam : 215
215 -&gt;   Toplam : 215
215 -&gt;   Toplam : 215
215 -&gt;   Toplam : 215
215 -&gt;   Toplam : 215
215 -&gt;   Toplam : 215
215 -&gt;   Toplam : 215
215 -&gt;   Toplam : 215
215 -&gt;   Toplam : 215
215 -&gt;   Toplam : 215
215 -&gt;   Toplam : 215
215 -&gt;   Toplam : 215
215 -&gt;   Toplam : 215
215 -&gt;   Toplam : 215
215 -&gt;   Toplam : 215
215 -&gt;   Toplam : 215
215 -&gt;   Toplam : 215
215 -&gt;   Toplam : 215
215 -&gt;   Toplam : 215
215 -&gt;   Toplam : 215
215 -&gt;   Toplam : 215
215 -&gt;   Toplam : 215
215 -&gt;   Toplam : 215
215 -&gt;   Toplam : 215
215 -&gt;   Toplam : 215
215 -&gt;   Toplam : 215
215 -&gt;   Toplam : 215
215 -&gt;   Toplam : 215
215 -&gt;   Toplam : 215
215 -&gt;   Toplam : 215
215 -&gt;   Toplam : 215
215 -&gt;   Toplam : 215
215 -&gt;   Toplam : 215
215 -&gt;   Toplam : 215
215 -&gt;   Toplam : 215
215 -&gt;   Toplam : 215
215 -&gt;   Toplam : 215
215 -&gt;   Toplam : 215
215 -&gt;   Toplam : 215
215 -&gt;   Toplam : 215
215 -&gt;   Toplam : 215
215 -&gt;   Toplam : 215
215 -&gt;   Toplam : 215
215 -&gt;   Toplam : 215
215 -&gt;   Toplam : 215
215 -&gt;   Toplam : 215
215 -&gt;   Toplam : 215
215 -&gt;   Toplam : 215
215 -&gt;   Toplam : 215
215 -&gt;   Toplam : 215
215 -&gt;   Toplam : 215
215 -&gt;   Toplam : 215
215 -&gt;   Toplam : 215
215 -&gt;   Toplam : 215
215 -&gt;   Toplam : 215
215 -&gt;   Toplam : 215
215 -&gt;   Toplam : 215
215 -&gt;   Toplam : 215
215 -&gt;   Toplam : 215
215 -&gt;   Toplam : 215
215 -&gt;   Toplam : 215
215 -&gt;   Toplam : 215
215 -&gt;   Toplam : 215
215 -&gt;   Toplam : 215
215 -&gt;   Toplam : 215
215 -&gt;   Toplam : 215
215 -&gt;   Toplam : 215
215 -&gt;   Toplam : 215
215 -&gt;   Toplam : 215
215 -&gt;   Toplam : 215
215 -&gt;   Toplam : 215
215 -&gt;   Toplam : 215
215 -&gt;   Toplam : 215
215 -&gt;   Toplam : 215
215 -&gt;   Toplam : 215
215 -&gt;   Toplam : 215
215 -&gt;   Toplam : 215
215 -&gt;   Toplam : 215
215 -&gt;   Toplam : 215
215 -&gt;   Toplam : 215
215 -&gt;   Toplam : 215
215 -&gt;   Toplam : 215
215 -&gt;   Toplam : 215
215 -&gt;   Toplam : 215
215 -&gt;   Toplam : 215
215 -&gt;   Toplam : 215
215 -&gt;   Toplam : 215
215 -&gt;   Toplam : 215
215 -&gt;   Toplam : 215
215 -&gt;   Toplam : 215
215 -&gt;   Toplam : 215
215 -&gt;   Toplam : 215
215 -&gt;   Toplam : 215
215 -&gt;   Toplam : 215
215 -&gt;   Toplam : 215
215 -&gt;   Toplam : 215
215 -&gt;   Toplam : 215
215 -&gt;   Toplam : 215
215 -&gt;   Toplam : 215
215 -&gt;   Toplam : 215
215 -&gt;   Toplam : 215
215 -&gt;   Toplam : 215
215 -&gt;   Toplam : 215
215 -&gt;   Toplam : 215
215 -&gt;   Toplam : 215
215 -&gt;   Toplam : 215
215 -&gt;   Toplam : 215
215 -&gt;   Toplam : 215
215 -&gt;   Toplam : 215
215 -&gt;   Toplam : 215
215 -&gt;   Toplam : 215
215 -&gt;   Toplam : 215
215 -&gt;   Toplam : 215
215 -&gt;   Toplam : 215
215 -&gt;   Toplam : 215
215 -&gt;   Toplam : 215
215 -&gt;   Toplam : 215
215 -&gt;   Toplam : 215
215 -&gt;   Toplam : 215
215 -&gt;   Toplam : 215
215 -&gt;   Toplam : 215
215 -&gt;   Toplam : 215
215 -&gt;   Toplam : 215
215 -&gt;   Toplam : 215
215 -&gt;   Toplam : 215
215 -&gt;   Toplam : 215
215 -&gt;   Toplam : 215
215 -&gt;   Toplam : 215
215 -&gt;   Toplam : 215
215 -&gt;   Toplam : 215
215 -&gt;   Toplam : 215
215 -&gt;   Toplam : 215
215 -&gt;   Toplam : 215
215 -&gt;   Toplam : 215
215 -&gt;   Toplam : 215
215 -&gt;   Toplam : 215
215 -&gt;   Toplam : 215
215 -&gt;   Toplam : 215
215 -&gt;   Toplam : 215
215 -&gt;   Toplam : 215
215 -&gt;   Toplam : 215
215 -&gt;   Toplam : 215
215 -&gt;   Toplam : 215
215 -&gt;   Toplam : 215
215 -&gt;   Toplam : 215
215 -&gt;   Toplam : 215
215 -&gt;   Toplam : 215
215 -&gt;   Toplam : 215
215 -&gt;   Toplam : 215
215 -&gt;   Toplam : 215
215 -&gt;   Toplam : 215
215 -&gt;   Toplam : 215
215 -&gt;   Toplam : 215
215 -&gt;   Toplam : 215
215 -&gt;   Toplam : 215
215 -&gt;   Toplam : 215
215 -&gt;   Toplam : 215
215 -&gt;   Toplam : 215
215 -&gt;   Toplam : 215
215 -&gt;   Toplam : 215
215 -&gt;   Toplam : 215
215 -&gt;   Toplam : 215
215 -&gt;   Toplam : 215
215 -&gt;   Toplam : 215
215 -&gt;   Toplam : 215
215 -&gt;   Toplam : 215
215 -&gt;   Toplam : 215
215 -&gt;   Toplam : 215
215 -&gt;   Toplam : 215
215 -&gt;   Toplam : 215
215 -&gt;   Toplam : 215
215 -&gt;   Toplam : 215
215 -&gt;   Toplam : 215
215 -&gt;   Toplam : 215
215 -&gt;   Toplam : 215
215 -&gt;   Toplam : 215
215 -&gt;   Toplam : 215
215 -&gt;   Toplam : 215
215 -&gt;   Toplam : 215
215 -&gt;   Toplam : 215
215 -&gt;   Toplam : 215
215 -&gt;   Toplam : 215
215 -&gt;   Toplam : 215
215 -&gt;   Toplam : 215
215 -&gt;   Toplam : 215
215 -&gt;   Toplam : 215
215 -&gt;   Toplam : 215
215 -&gt;   Toplam : 215
215 -&gt;   Toplam : 215
215 -&gt;   Toplam : 215
215 -&gt;   Toplam : 215
215 -&gt;   Toplam : 215
215 -&gt;   Toplam : 215
215 -&gt;   Toplam : 215
215 -&gt;   Toplam : 215
215 -&gt;   Toplam : 215
215 -&gt;   Toplam : 215
215 -&gt;   Toplam : 215
215 -&gt;   Toplam : 215
215 -&gt;   Toplam : 215
215 -&gt;   Toplam : 215
215 -&gt;   Toplam : 215
215 -&gt;   Toplam : 215
215 -&gt;   Toplam : 215
215 -&gt;   Toplam : 215
215 -&gt;   Toplam : 215
215 -&gt;   Toplam : 215
215 -&gt;   Toplam : 215
215 -&gt;   Toplam : 215
215 -&gt;   Toplam : 215
215 -&gt;   Toplam : 215
215 -&gt;   Toplam : 215
215 -&gt;   Toplam : 215
215 -&gt;   Toplam : 215
215 -&gt;   Toplam : 215
215 -&gt;   Toplam : 215
215 -&gt;   Toplam : 215
215 -&gt;   Toplam : 215
215 -&gt;   Toplam : 215
215 -&gt;   Toplam : 215
215 -&gt;   Toplam : 215
215 -&gt;   Toplam : 215
215 -&gt;   Toplam : 215
215 -&gt;   Toplam : 215
215 -&gt;   Toplam : 215
215 -&gt;   Toplam : 215
215 -&gt;   Toplam : 215
215 -&gt;   Toplam : 215
215 -&gt;   Toplam : 215
215 -&gt;   Toplam : 215
215 -&gt;   Toplam : 215
215 -&gt;   Toplam : 215
215 -&gt;   Toplam : 215
215 -&gt;   Toplam : 215
215 -&gt;   Toplam : 215
215 -&gt;   Toplam : 215
215 -&gt;   Toplam : 215
215 -&gt;   Toplam : 215
215 -&gt;   Toplam : 215
215 -&gt;   Toplam : 215
215 -&gt;   Toplam : 215
215 -&gt;   Toplam : 215
215 -&gt;   Toplam : 215
215 -&gt;   Toplam : 215
215 -&gt;   Toplam : 215
215 -&gt;   Toplam : 215
215 -&gt;   Toplam : 215
215 -&gt;   Toplam : 215
215 -&gt;   Toplam : 215
215 -&gt;   Toplam : 215
215 -&gt;   Toplam : 215
215 -&gt;   Toplam : 215
215 -&gt;   Toplam : 215
215 -&gt;   Toplam : 215
215 -&gt;   Toplam : 215
215 -&gt;   Toplam : 215
215 -&gt;   Toplam : 215
215 -&gt;   Toplam : 215
215 -&gt;   Toplam : 215
215 -&gt;   Toplam : 215
215 -&gt;   Toplam : 215
215 -&gt;   Toplam : 215
215 -&gt;   Toplam : 215
215 -&gt;   Toplam : 215
215 -&gt;   Toplam : 215
215 -&gt;   Toplam : 215
215 -&gt;   Toplam : 215
215 -&gt;   Toplam : 215
215 -&gt;   Toplam : 215
215 -&gt;   Toplam : 215
215 -&gt;   Toplam : 215
215 -&gt;   Toplam : 215
215 -&gt;   Toplam : 215
215 -&gt;   Toplam : 215
215 -&gt;   Toplam : 215
215 -&gt;   Toplam : 215
215 -&gt;   Toplam : 215
215 -&gt;   Toplam : 215
215 -&gt;   Toplam : 215
215 -&gt;   Toplam : 215
215 -&gt;   Toplam : 215
215 -&gt;   Toplam : 215
215 -&gt;   Toplam : 215
215 -&gt;   Toplam : 215
215 -&gt;   Toplam : 215
215 -&gt;   Toplam : 215
215 -&gt;   Toplam : 215
215 -&gt;   Toplam : 215
215 -&gt;   Toplam : 215
215 -&gt;   Toplam : 215
215 -&gt;   Toplam : 215
215 -&gt;   Toplam : 215
215 -&gt;   Toplam : 215
215 -&gt;   Toplam : 215
215 -&gt;   Toplam : 215
215 -&gt;   Toplam : 215
215 -&gt;   Toplam : 215
215 -&gt;   Toplam : 215
215 -&gt;   Toplam : 215
215 -&gt;   Toplam : 215
215 -&gt;   Toplam : 215
215 -&gt;   Toplam : 215
215 -&gt;   Toplam : 215
215 -&gt;   Toplam : 215
215 -&gt;   Toplam : 215
215 -&gt;   Toplam : 215
215 -&gt;   Toplam : 215
215 -&gt;   Toplam : 215
215 -&gt;   Toplam : 215
215 -&gt;   Toplam : 215
215 -&gt;   Toplam : 215
215 -&gt;   Toplam : 215
215 -&gt;   Toplam : 215
215 -&gt;   Toplam : 215
215 -&gt;   Toplam : 215
215 -&gt;   Toplam : 215
215 -&gt;   Toplam : 215
215 -&gt;   Toplam : 215
215 -&gt;   Toplam : 215
215 -&gt;   Toplam : 215
215 -&gt;   Toplam : 215
215 -&gt;   Toplam : 215
215 -&gt;   Toplam : 215
215 -&gt;   Toplam : 215
215 -&gt;   Toplam : 215
215 -&gt;   Toplam : 215
215 -&gt;   Toplam : 215
215 -&gt;   Toplam : 215
215 -&gt;   Toplam : 215
215 -&gt;   Toplam : 215
215 -&gt;   Toplam : 215
215 -&gt;   Toplam : 215
215 -&gt;   Toplam : 215
215 -&gt;   Toplam : 215
215 -&gt;   Toplam : 215
215 -&gt;   Toplam : 215
215 -&gt;   Toplam : 215
215 -&gt;   Toplam : 215
215 -&gt;   Toplam : 215
215 -&gt;   Toplam : 215
215 -&gt;   Toplam : 215
215 -&gt;   Toplam : 215
215 -&gt;   Toplam : 215
215 -&gt;   Toplam : 215
215 -&gt;   Toplam : 215
215 -&gt;   Toplam : 215
215 -&gt;   Toplam : 215
215 -&gt;   Toplam : 215
215 -&gt;   Toplam : 215
215 -&gt;   Toplam : 215
215 -&gt;   Toplam : 215
215 -&gt;   Toplam : 215
215 -&gt;   Toplam : 215
215 -&gt;   Toplam : 215
215 -&gt;   Toplam : 215
215 -&gt;   Toplam : 215
215 -&gt;   Toplam : 215
215 -&gt;   Toplam : 215
215 -&gt;   Toplam : 215
215 -&gt;   Toplam : 215
215 -&gt;   Toplam : 215
215 -&gt;   Toplam : 215
215 -&gt;   Toplam : 215
215 -&gt;   Toplam : 215
215 -&gt;   Toplam : 215
215 -&gt;   Toplam : 215
215 -&gt;   Toplam : 215
215 -&gt;   Toplam : 215
215 -&gt;   Toplam : 215
215 -&gt;   Toplam : 215
215 -&gt;   Toplam : 215
215 -&gt;   Toplam : 215
215 -&gt;   Toplam : 215
215 -&gt;   Toplam : 215
215 -&gt;   Toplam : 215
215 -&gt;   Toplam : 215
215 -&gt;   Toplam : 215
215 -&gt;   Toplam : 215
215 -&gt;   Toplam : 215
215 -&gt;   Toplam : 215
215 -&gt;   Toplam : 215
215 -&gt;   Toplam : 215
215 -&gt;   Toplam : 215
215 -&gt;   Toplam : 215
215 -&gt;   Toplam : 215
215 -&gt;   Toplam : 215
215 -&gt;   Toplam : 215
215 -&gt;   Toplam : 215
215 -&gt;   Toplam : 215
215 -&gt;   Toplam : 215
215 -&gt;   Toplam : 215
215 -&gt;   Toplam : 215
215 -&gt;   Toplam : 215
215 -&gt;   Toplam : 215
215 -&gt;   Toplam : 215
215 -&gt;   Toplam : 215
215 -&gt;   Toplam : 215
215 -&gt;   Toplam : 215
215 -&gt;   Toplam : 215
215 -&gt;   Toplam : 215
215 -&gt;   Toplam : 215
215 -&gt;   Toplam : 215
215 -&gt;   Toplam : 215
215 -&gt;   Toplam : 215
215 -&gt;   Toplam : 215
215 -&gt;   Toplam : 215
215 -&gt;   Toplam : 215
215 -&gt;   Toplam : 215
215 -&gt;   Toplam : 215
215 -&gt;   Toplam : 215
215 -&gt;   Toplam : 215
215 -&gt;   Toplam : 215
215 -&gt;   Toplam : 215
215 -&gt;   Toplam : 215
215 -&gt;   Toplam : 215
215 -&gt;   Toplam : 215
215 -&gt;   Toplam : 215
215 -&gt;   Toplam : 215
215 -&gt;   Toplam : 215
215 -&gt;   Toplam : 215
215 -&gt;   Toplam : 215
215 -&gt;   Toplam : 215
215 -&gt;   Toplam : 215
215 -&gt;   Toplam : 215
215 -&gt;   Toplam : 215
215 -&gt;   Toplam : 215
215 -&gt;   Toplam : 215
215 -&gt;   Toplam : 215
215 -&gt;   Toplam : 215
215 -&gt;   Toplam : 215
215 -&gt;   Toplam : 215
215 -&gt;   Toplam : 215
215 -&gt;   Toplam : 215
215 -&gt;   Toplam : 215
215 -&gt;   Toplam : 215
215 -&gt;   Toplam : 215
215 -&gt;   Toplam : 215
215 -&gt;   Toplam : 215
215 -&gt;   Toplam : 215
215 -&gt;   Toplam : 215
215 -&gt;   Toplam : 215
215 -&gt;   Toplam : 215
215 -&gt;   Toplam : 215
215 -&gt;   Toplam : 215
215 -&gt;   Toplam : 215
215 -&gt;   Toplam : 215
215 -&gt;   Toplam : 215
215 -&gt;   Toplam : 215
215 -&gt;   Toplam : 215
215 -&gt;   Toplam : 215
215 -&gt;   Toplam : 215
215 -&gt;   Toplam : 215
215 -&gt;   Toplam : 215
215 -&gt;   Toplam : 215
215 -&gt;   Toplam : 215
215 -&gt;   Toplam : 215
215 -&gt;   Toplam : 215
215 -&gt;   Toplam : 215
215 -&gt;   Toplam : 215
215 -&gt;   Toplam : 215
215 -&gt;   Toplam : 215
215 -&gt;   Toplam : 215
215 -&gt;   Toplam : 215
215 -&gt;   Toplam : 215
215 -&gt;   Toplam : 215
215 -&gt;   Toplam : 215
215 -&gt;   Toplam : 215
215 -&gt;   Toplam : 215
215 -&gt;   Toplam : 215
215 -&gt;   Toplam : 215
215 -&gt;   Toplam : 215
215 -&gt;   Toplam : 215
215 -&gt;   Toplam : 215
215 -&gt;   Toplam : 215
215 -&gt;   Toplam : 215
215 -&gt;   Toplam : 215
215 -&gt;   Toplam : 215
215 -&gt;   Toplam : 215
215 -&gt;   Toplam : 215
215 -&gt;   Toplam : 215
215 -&gt;   Toplam : 215
215 -&gt;   Toplam : 215
215 -&gt;   Toplam : 215
215 -&gt;   Toplam : 215
215 -&gt;   Toplam : 215
215 -&gt;   Toplam : 215
215 -&gt;   Toplam : 215
215 -&gt;   Toplam : 215
215 -&gt;   Toplam : 215
215 -&gt;   Toplam : 215
215 -&gt;   Toplam : 215
215 -&gt;   Toplam : 215
215 -&gt;   Toplam : 215
215 -&gt;   Toplam : 215
215 -&gt;   Toplam : 215
215 -&gt;   Toplam : 215
215 -&gt;   Toplam : 215
215 -&gt;   Toplam : 215
215 -&gt;   Toplam : 215
215 -&gt;   Toplam : 215
215 -&gt;   Toplam : 215
215 -&gt;   Toplam : 215
215 -&gt;   Toplam : 215
215 -&gt;   Toplam : 215
215 -&gt;   Toplam : 215
215 -&gt;   Toplam : 215
215 -&gt;   Toplam : 215
215 -&gt;   Toplam : 215
215 -&gt;   Toplam : 215
215 -&gt;   Toplam : 215
215 -&gt;   Toplam : 215
215 -&gt;   Toplam : 215
215 -&gt;   Toplam : 215
215 -&gt;   Toplam : 215
215 -&gt;   Toplam : 215
215 -&gt;   Toplam : 215
215 -&gt;   Toplam : 215
215 -&gt;   Toplam : 215
215 -&gt;   Toplam : 215
215 -&gt;   Toplam : 215
215 -&gt;   Toplam : 215
215 -&gt;   Toplam : 215
215 -&gt;   Toplam : 215
215 -&gt;   Toplam : 215
215 -&gt;   Toplam : 215
215 -&gt;   Toplam : 215
215 -&gt;   Toplam : 215
215 -&gt;   Toplam : 215
215 -&gt;   Toplam : 215
215 -&gt;   Toplam : 215
215 -&gt;   Toplam : 215
215 -&gt;   Toplam : 215
215 -&gt;   Toplam : 215
215 -&gt;   Toplam : 215
215 -&gt;   Toplam : 215
215 -&gt;   Toplam : 215
215 -&gt;   Toplam : 215
215 -&gt;   Toplam : 215
215 -&gt;   Toplam : 215
215 -&gt;   Toplam : 215
215 -&gt;   Toplam : 215
215 -&gt;   Toplam : 215
215 -&gt;   Toplam : 215
215 -&gt;   Toplam : 215
215 -&gt;   Toplam : 215
215 -&gt;   Toplam : 215
215 -&gt;   Toplam : 215
215 -&gt;   Toplam : 215
215 -&gt;   Toplam : 215
215 -&gt;   Toplam : 215
215 -&gt;   Toplam : 215
215 -&gt;   Toplam : 215
215 -&gt;   Toplam : 215
215 -&gt;   Toplam : 215
215 -&gt;   Toplam : 215
215 -&gt;   Toplam : 215
215 -&gt;   Toplam : 215
215 -&gt;   Toplam : 215
215 -&gt;   Toplam : 215
215 -&gt;   Toplam : 215
215 -&gt;   Toplam : 215
215 -&gt;   Toplam : 215
215 -&gt;   Toplam : 215
215 -&gt;   Toplam : 215
215 -&gt;   Toplam : 215
215 -&gt;   Toplam : 215
215 -&gt;   Toplam : 215
215 -&gt;   Toplam : 215
215 -&gt;   Toplam : 215
215 -&gt;   Toplam : 215
215 -&gt;   Toplam : 215
215 -&gt;   Toplam : 215
215 -&gt;   Toplam : 215
215 -&gt;   Toplam : 215
215 -&gt;   Toplam : 215
215 -&gt;   Toplam : 215
215 -&gt;   Toplam : 215
215 -&gt;   Toplam : 215
215 -&gt;   Toplam : 215
215 -&gt;   Toplam : 215
215 -&gt;   Toplam : 215
215 -&gt;   Toplam : 215
215 -&gt;   Toplam : 215
215 -&gt;   Toplam : 215
215 -&gt;   Toplam : 215
215 -&gt;   Toplam : 215
215 -&gt;   Toplam : 215
215 -&gt;   Toplam : 215
215 -&gt;   Toplam : 215
215 -&gt;   Toplam : 215
215 -&gt;   Toplam : 215
215 -&gt;   Toplam : 215
215 -&gt;   Toplam : 215
215 -&gt;   Toplam : 215
215 -&gt;   Toplam : 215
215 -&gt;   Toplam : 215
215 -&gt;   Toplam : 215
215 -&gt;   Toplam : 215
215 -&gt;   Toplam : 215
215 -&gt;   Toplam : 215
215 -&gt;   Toplam : 215
215 -&gt;   Toplam : 215
215 -&gt;   Toplam : 215
215 -&gt;   Toplam : 215
215 -&gt;   Toplam : 215
215 -&gt;   Toplam : 215
215 -&gt;   Toplam : 215
215 -&gt;   Toplam : 215
215 -&gt;   Toplam : 215
215 -&gt;   Toplam : 215
215 -&gt;   Toplam : 215
215 -&gt;   Toplam : 215
215 -&gt;   Toplam : 215
215 -&gt;   Toplam : 215
215 -&gt;   Toplam : 215
215 -&gt;   Toplam : 215
215 -&gt;   Toplam : 215
215 -&gt;   Toplam : 215
215 -&gt;   Toplam : 215
215 -&gt;   Toplam : 215
215 -&gt;   Toplam : 215
215 -&gt;   Toplam : 215
215 -&gt;   Toplam : 215
215 -&gt;   Toplam : 215
215 -&gt;   Toplam : 215
215 -&gt;   Toplam : 215
215 -&gt;   Toplam : 215
215 -&gt;   Toplam : 215
215 -&gt;   Toplam : 215
215 -&gt;   Toplam : 215
215 -&gt;   Toplam : 215
215 -&gt;   Toplam : 215
215 -&gt;   Toplam : 215
215 -&gt;   Toplam : 215
215 -&gt;   Toplam : 215
215 -&gt;   Toplam : 215
215 -&gt;   Toplam : 215
215 -&gt;   Toplam : 215
215 -&gt;   Toplam : 215
215 -&gt;   Toplam : 215
215 -&gt;   Toplam : 215
215 -&gt;   Toplam : 215
215 -&gt;   Toplam : 215
215 -&gt;   Toplam : 215
215 -&gt;   Toplam : 215
215 -&gt;   Toplam : 215
215 -&gt;   Toplam : 215
215 -&gt;   Toplam : 215
215 -&gt;   Toplam : 215
215 -&gt;   Toplam : 215
215 -&gt;   Toplam : 215
215 -&gt;   Toplam : 215
215 -&gt;   Toplam : 215
215 -&gt;   Toplam : 215
215 -&gt;   Toplam : 215
215 -&gt;   Toplam : 215
215 -&gt;   Toplam : 215
215 -&gt;   Toplam : 215
215 -&gt;   Toplam : 215
215 -&gt;   Toplam : 215
215 -&gt;   Toplam : 215
215 -&gt;   Toplam : 215
215 -&gt;   Toplam : 215
215 -&gt;   Toplam : 215
215 -&gt;   Toplam : 215
215 -&gt;   Toplam : 215
215 -&gt;   Toplam : 215
215 -&gt;   Toplam : 215
215 -&gt;   Toplam : 215
215 -&gt;   Toplam : 215
215 -&gt;   Toplam : 215
215 -&gt;   Toplam : 215
215 -&gt;   Toplam : 215
215 -&gt;   Toplam : 215
215 -&gt;   Toplam : 215
215 -&gt;   Toplam : 215
215 -&gt;   Toplam : 215
215 -&gt;   Toplam : 215
215 -&gt;   Toplam : 215
215 -&gt;   Toplam : 215
215 -&gt;   Toplam : 215
215 -&gt;   Toplam : 215
215 -&gt;   Toplam : 215
215 -&gt;   Toplam : 215
215 -&gt;   Toplam : 215
215 -&gt;   Toplam : 215
215 -&gt;   Toplam : 215
215 -&gt;   Toplam : 215
215 -&gt;   Toplam : 215
215 -&gt;   Toplam : 215
215 -&gt;   Toplam : 215
215 -&gt;   Toplam : 215
215 -&gt;   Toplam : 215
215 -&gt;   Toplam : 215
215 -&gt;   Toplam : 215
215 -&gt;   Toplam : 215
215 -&gt;   Toplam : 215
215 -&gt;   Toplam : 215
215 -&gt;   Toplam : 215
215 -&gt;   Toplam : 215
215 -&gt;   Toplam : 215
215 -&gt;   Toplam : 215
215 -&gt;   Toplam : 215
215 -&gt;   Toplam : 215
215 -&gt;   Toplam : 215
215 -&gt;   Toplam : 215
215 -&gt;   Toplam : 215
215 -&gt;   Toplam : 215
215 -&gt;   Toplam : 215
215 -&gt;   Toplam : 215
215 -&gt;   Toplam : 215
215 -&gt;   Toplam : 215
215 -&gt;   Toplam : 215
215 -&gt;   Toplam : 215
215 -&gt;   Toplam : 215
215 -&gt;   Toplam : 215
215 -&gt;   Toplam : 215
215 -&gt;   Toplam : 215
215 -&gt;   Toplam : 215
215 -&gt;   Toplam : 215
215 -&gt;   Toplam : 215
215 -&gt;   Toplam : 215
215 -&gt;   Toplam : 215
215 -&gt;   Toplam : 215
215 -&gt;   Toplam : 215
215 -&gt;   Toplam : 215
215 -&gt;   Toplam : 215
215 -&gt;   Toplam : 215
215 -&gt;   Toplam : 215
215 -&gt;   Toplam : 215
215 -&gt;   Toplam : 215
215 -&gt;   Toplam : 215
215 -&gt;   Toplam : 215
215 -&gt;   Toplam : 215
215 -&gt;   Toplam : 215
215 -&gt;   Toplam : 215
215 -&gt;   Toplam : 215
215 -&gt;   Toplam : 215
215 -&gt;   Toplam : 215
215 -&gt;   Toplam : 215
215 -&gt;   Toplam : 215
215 -&gt;   Toplam : 215
215 -&gt;   Toplam : 215
215 -&gt;   Toplam : 215
215 -&gt;   Toplam : 215
215 -&gt;   Toplam : 215
215 -&gt;   Toplam : 215
215 -&gt;   Toplam : 215
215 -&gt;   Toplam : 215
215 -&gt;   Toplam : 215
215 -&gt;   Toplam : 215
215 -&gt;   Toplam : 215
215 -&gt;   Toplam : 215
215 -&gt;   Toplam : 215
215 -&gt;   Toplam : 215
215 -&gt;   Toplam : 215
215 -&gt;   Toplam : 215
215 -&gt;   Toplam : 215
215 -&gt;   Toplam : 215
215 -&gt;   Toplam : 215
215 -&gt;   Toplam : 215
215 -&gt;   Toplam : 215
215 -&gt;   Toplam : 215
215 -&gt;   Toplam : 215
215 -&gt;   Toplam : 215
215 -&gt;   Toplam : 215
215 -&gt;   Toplam : 215
215 -&gt;   Toplam : 215
215 -&gt;   Toplam : 215
215 -&gt;   Toplam : 215
215 -&gt;   Toplam : 215
215 -&gt;   Toplam : 215
215 -&gt;   Toplam : 215
215 -&gt;   Toplam : 215
215 -&gt;   Toplam : 215
215 -&gt;   Toplam : 215
215 -&gt;   Toplam : 215
215 -&gt;   Toplam : 215
215 -&gt;   Toplam : 215
215 -&gt;   Toplam : 215
215 -&gt;   Toplam : 215
215 -&gt;   Toplam : 215
215 -&gt;   Toplam : 215
215 -&gt;   Toplam : 215
215 -&gt;   Toplam : 215
215 -&gt;   Toplam : 215
215 -&gt;   Toplam : 215
215 -&gt;   Toplam : 215
215 -&gt;   Toplam : 215
215 -&gt;   Toplam : 215
215 -&gt;   Toplam : 215
215 -&gt;   Toplam : 215
215 -&gt;   Toplam : 215
215 -&gt;   Toplam : 215
215 -&gt;   Toplam : 215
215 -&gt;   Toplam : 215
215 -&gt;   Toplam : 215
215 -&gt;   Toplam : 215
215 -&gt;   Toplam : 215
215 -&gt;   Toplam : 215
215 -&gt;   Toplam : 215
215 -&gt;   Toplam : 215
215 -&gt;   Toplam : 215
215 -&gt;   Toplam : 215
215 -&gt;   Toplam : 215
215 -&gt;   Toplam : 215
215 -&gt;   Toplam : 215
215 -&gt;   Toplam : 215
215 -&gt;   Toplam : 215
215 -&gt;   Toplam : 215
215 -&gt;   Toplam : 215
215 -&gt;   Toplam : 215
215 -&gt;   Toplam : 215
215 -&gt;   Toplam : 215
215 -&gt;   Toplam : 215
215 -&gt;   Toplam : 215
215 -&gt;   Toplam : 215
215 -&gt;   Toplam : 215
215 -&gt;   Toplam : 215
215 -&gt;   Toplam : 215
215 -&gt;   Toplam : 215
215 -&gt;   Toplam : 215
215 -&gt;   Toplam : 215
215 -&gt;   Toplam : 215
215 -&gt;   Toplam : 215
215 -&gt;   Toplam : 215
215 -&gt;   Toplam : 215
215 -&gt;   Toplam : 215
215 -&gt;   Toplam : 215
215 -&gt;   Toplam : 215
215 -&gt;   Toplam : 215
215 -&gt;   Toplam : 215
215 -&gt;   Toplam : 215
215 -&gt;   Toplam : 215
215 -&gt;   Toplam : 215
215 -&gt;   Toplam : 215
215 -&gt;   Toplam : 215
215 -&gt;   Toplam : 215
215 -&gt;   Toplam : 215
215 -&gt;   Toplam : 215
215 -&gt;   Toplam : 215
215 -&gt;   Toplam : 215
215 -&gt;   Toplam : 215
215 -&gt;   Toplam : 215
215 -&gt;   Toplam : 215
215 -&gt;   Toplam : 215
215 -&gt;   Toplam : 215
215 -&gt;   Toplam : 215
215 -&gt;   Toplam : 215
215 -&gt;   Toplam : 215
215 -&gt;   Toplam : 215
215 -&gt;   Toplam : 215
215 -&gt;   Toplam : 215
215 -&gt;   Toplam : 215
215 -&gt;   Toplam : 215
215 -&gt;   Toplam : 215
215 -&gt;   Toplam : 215
215 -&gt;   Toplam : 215
215 -&gt;   Toplam : 215
215 -&gt;   Toplam : 215
215 -&gt;   Toplam : 215
215 -&gt;   Toplam : 215
215 -&gt;   Toplam : 215
215 -&gt;   Toplam : 215
215 -&gt;   Toplam : 215
215 -&gt;   Toplam : 215
215 -&gt;   Toplam : 215
215 -&gt;   Toplam : 215
215 -&gt;   Toplam : 215
215 -&gt;   Toplam : 215
215 -&gt;   Toplam : 215
215 -&gt;   Toplam : 215
215 -&gt;   Toplam : 215
215 -&gt;   Toplam : 215
215 -&gt;   Toplam : 215
215 -&gt;   Toplam : 215
215 -&gt;   Toplam : 215
215 -&gt;   Toplam : 215
215 -&gt;   Toplam : 215
215 -&gt;   Toplam : 215
215 -&gt;   Toplam : 215
215 -&gt;   Toplam : 215
215 -&gt;   Toplam : 215
215 -&gt;   Toplam : 215
215 -&gt;   Toplam : 215
215 -&gt;   Toplam : 215
215 -&gt;   Toplam : 215
215 -&gt;   Toplam : 215
215 -&gt;   Toplam : 215
215 -&gt;   Toplam : 215
215 -&gt;   Toplam : 215
215 -&gt;   Toplam : 215
215 -&gt;   Toplam : 215
215 -&gt;   Toplam : 215
215 -&gt;   Toplam : 215
215 -&gt;   Toplam : 215
215 -&gt;   Toplam : 215
215 -&gt;   Toplam : 215
215 -&gt;   Toplam : 215
215 -&gt;   Toplam : 215
215 -&gt;   Toplam : 215
215 -&gt;   Toplam : 215
215 -&gt;   Toplam : 215
215 -&gt;   Toplam : 215
215 -&gt;   Toplam : 215
215 -&gt;   Toplam : 215
215 -&gt;   Toplam : 215
215 -&gt;   Toplam : 215
215 -&gt;   Toplam : 215
215 -&gt;   Toplam : 215
215 -&gt;   Toplam : 215
215 -&gt;   Toplam : 215
215 -&gt;   Toplam : 215
215 -&gt;   Toplam : 215
215 -&gt;   Toplam : 215
215 -&gt;   Toplam : 215
215 -&gt;   Toplam : 215
215 -&gt;   Toplam : 215
215 -&gt;   Toplam : 215
215 -&gt;   Toplam : 215
215 -&gt;   Toplam : 215
215 -&gt;   Toplam : 215
215 -&gt;   Toplam : 215
215 -&gt;   Toplam : 215
215 -&gt;   Toplam : 215
215 -&gt;   Toplam : 215
215 -&gt;   Toplam : 215
215 -&gt;   Toplam : 215
215 -&gt;   Toplam : 215
215 -&gt;   Toplam : 215
215 -&gt;   Toplam : 215
215 -&gt;   Toplam : 215
215 -&gt;   Toplam : 215
215 -&gt;   Toplam : 215
215 -&gt;   Toplam : 215
215 -&gt;   Toplam : 215
215 -&gt;   Toplam : 215
215 -&gt;   Toplam : 215
215 -&gt;   Toplam : 215
215 -&gt;   Toplam : 215
215 -&gt;   Toplam : 215
215 -&gt;   Toplam : 215
215 -&gt;   Toplam : 215
215 -&gt;   Toplam : 215
215 -&gt;   Toplam : 215
215 -&gt;   Toplam : 215
215 -&gt;   Toplam : 215
215 -&gt;   Toplam : 215
215 -&gt;   Toplam : 215
215 -&gt;   Toplam : 215
215 -&gt;   Toplam : 215
215 -&gt;   Toplam : 215
215 -&gt;   Toplam : 215
215 -&gt;   Toplam : 215
215 -&gt;   Toplam : 215
215 -&gt;   Toplam : 215
215 -&gt;   Toplam : 215
215 -&gt;   Toplam : 215
215 -&gt;   Toplam : 215
215 -&gt;   Toplam : 215
215 -&gt;   Toplam : 215
215 -&gt;   Toplam : 215
215 -&gt;   Toplam : 215
215 -&gt;   Toplam : 215
215 -&gt;   Toplam : 215
215 -&gt;   Toplam : 215
215 -&gt;   Toplam : 215
215 -&gt;   Toplam : 215
215 -&gt;   Toplam : 215
215 -&gt;   Toplam : 215
215 -&gt;   Toplam : 215
215 -&gt;   Toplam : 215
215 -&gt;   Toplam : 215
215 -&gt;   Toplam : 215
215 -&gt;   Toplam : 215
215 -&gt;   Toplam : 215
215 -&gt;   Toplam : 215
215 -&gt;   Toplam : 215
215 -&gt;   Toplam : 215
215 -&gt;   Toplam : 215
215 -&gt;   Toplam : 215
215 -&gt;   Toplam : 215
215 -&gt;   Toplam : 215
215 -&gt;   Toplam : 215
215 -&gt;   Toplam : 215
215 -&gt;   Toplam : 215
215 -&gt;   Toplam : 215
215 -&gt;   Toplam : 215
215 -&gt;   Toplam : 215
215 -&gt;   Toplam : 215
215 -&gt;   Toplam : 215
215 -&gt;   Toplam : 215
215 -&gt;   Toplam : 215
215 -&gt;   Toplam : 215
215 -&gt;   Toplam : 215
215 -&gt;   Toplam : 215
215 -&gt;   Toplam : 215
215 -&gt;   Toplam : 215
215 -&gt;   Toplam : 215
215 -&gt;   Toplam : 215
215 -&gt;   Toplam : 215
215 -&gt;   Toplam : 215
215 -&gt;   Toplam : 215
215 -&gt;   Toplam : 215
215 -&gt;   Toplam : 215
215 -&gt;   Toplam : 215
215 -&gt;   Toplam : 215
215 -&gt;   Toplam : 215
215 -&gt;   Toplam : 215
215 -&gt;   Toplam : 215
215 -&gt;   Toplam : 215
215 -&gt;   Toplam : 215
215 -&gt;   Toplam : 215
215 -&gt;   Toplam : 215
215 -&gt;   Toplam : 215
215 -&gt;   Toplam : 215
215 -&gt;   Toplam : 215
215 -&gt;   Toplam : 215
215 -&gt;   Toplam : 215
215 -&gt;   Toplam : 215
215 -&gt;   Toplam : 215
215 -&gt;   Toplam : 215
215 -&gt;   Toplam : 215
215 -&gt;   Toplam : 215
215 -&gt;   Toplam : 215
215 -&gt;   Toplam : 215
215 -&gt;   Toplam : 215
215 -&gt;   Toplam : 215
215 -&gt;   Toplam : 215
215 -&gt;   Toplam : 215
215 -&gt;   Toplam : 215
215 -&gt;   Toplam : 215
215 -&gt;   Toplam : 215
215 -&gt;   Toplam : 215
215 -&gt;   Toplam : 215
215 -&gt;   Toplam : 215
215 -&gt;   Toplam : 215
215 -&gt;   Toplam : 215
215 -&gt;   Toplam : 215
215 -&gt;   Toplam : 215
215 -&gt;   Toplam : 215
215 -&gt;   Toplam : 215
215 -&gt;   Toplam : 215
215 -&gt;   Toplam : 215
215 -&gt;   Toplam : 215
215 -&gt;   Toplam : 215
215 -&gt;   Toplam : 215
215 -&gt;   Toplam : 215
215 -&gt;   Toplam : 215
215 -&gt;   Toplam : 215
215 -&gt;   Toplam : 215
215 -&gt;   Toplam : 215
215 -&gt;   Toplam : 215
215 -&gt;   Toplam : 215
215 -&gt;   Toplam : 215
215 -&gt;   Toplam : 215
215 -&gt;   Toplam : 215
215 -&gt;   Toplam : 215
215 -&gt;   Toplam : 215
215 -&gt;   Toplam : 215
215 -&gt;   Toplam : 215
215 -&gt;   Toplam : 215
215 -&gt;   Toplam : 215
215 -&gt;   Toplam : 215
215 -&gt;   Toplam : 215
215 -&gt;   Toplam : 215
215 -&gt;   Toplam : 215
215 -&gt;   Toplam : 215
215 -&gt;   Toplam : 215
215 -&gt;   Toplam : 215
215 -&gt;   Toplam : 215
215 -&gt;   Toplam : 215
215 -&gt;   Toplam : 215
215 -&gt;   Toplam : 215
215 -&gt;   Toplam : 215
215 -&gt;   Toplam : 215
215 -&gt;   Toplam : 215
215 -&gt;   Toplam : 215
215 -&gt;   Toplam : 215
215 -&gt;   Toplam : 215
215 -&gt;   Toplam : 215
215 -&gt;   Toplam : 215
215 -&gt;   Toplam : 215
215 -&gt;   Toplam : 215
215 -&gt;   Toplam : 215
215 -&gt;   Toplam : 215
215 -&gt;   Toplam : 215
215 -&gt;   Toplam : 215
215 -&gt;   Toplam : 215
215 -&gt;   Toplam : 215
215 -&gt;   Toplam : 215
215 -&gt;   Toplam : 215
215 -&gt;   Toplam : 215
215 -&gt;   Toplam : 215
215 -&gt;   Toplam : 215
215 -&gt;   Toplam : 215
215 -&gt;   Toplam : 215
215 -&gt;   Toplam : 215
215 -&gt;   Toplam : 215
215 -&gt;   Toplam : 215
215 -&gt;   Toplam : 215
215 -&gt;   Toplam : 215
215 -&gt;   Toplam : 215
215 -&gt;   Toplam : 215
215 -&gt;   Toplam : 215
215 -&gt;   Toplam : 215
215 -&gt;   Toplam : 215
215 -&gt;   Toplam : 215
215 -&gt;   Toplam : 215
215 -&gt;   Toplam : 215
215 -&gt;   Toplam : 215
215 -&gt;   Toplam : 215
215 -&gt;   Toplam : 215
215 -&gt;   Toplam : 215
215 -&gt;   Toplam : 215
215 -&gt;   Toplam : 215
215 -&gt;   Toplam : 215
215 -&gt;   Toplam : 215
215 -&gt;   Toplam : 215
215 -&gt;   Toplam : 215
215 -&gt;   Toplam : 215
215 -&gt;   Toplam : 215
215 -&gt;   Toplam : 215
215 -&gt;   Toplam : 215
215 -&gt;   Toplam : 215
215 -&gt;   Toplam : 215
215 -&gt;   Toplam : 215
215 -&gt;   Toplam : 215
215 -&gt;   Toplam : 215
215 -&gt;   Toplam : 215
215 -&gt;   Toplam : 215
215 -&gt;   Toplam : 215
215 -&gt;   Toplam : 215
215 -&gt;   Toplam : 215
215 -&gt;   Toplam : 215
215 -&gt;   Toplam : 215
215 -&gt;   Toplam : 215
215 -&gt;   Toplam : 215
215 -&gt;   Toplam : 215
215 -&gt;   Toplam : 215
215 -&gt;   Toplam : 215
215 -&gt;   Toplam : 215
215 -&gt;   Toplam : 215
215 -&gt;   Toplam : 215
215 -&gt;   Toplam : 215
215 -&gt;   Toplam : 215
215 -&gt;   Toplam : 215
215 -&gt;   Toplam : 215
215 -&gt;   Toplam : 215
215 -&gt;   Toplam : 215
215 -&gt;   Toplam : 215
215 -&gt;   Toplam : 215
215 -&gt;   Toplam : 215
215 -&gt;   Toplam : 215
215 -&gt;   Toplam : 215
215 -&gt;   Toplam : 215
215 -&gt;   Toplam : 215
215 -&gt;   Toplam : 215
215 -&gt;   Toplam : 215
215 -&gt;   Toplam : 215
215 -&gt;   Toplam : 215
215 -&gt;   Toplam : 215
215 -&gt;   Toplam : 215
215 -&gt;   Toplam : 215
215 -&gt;   Toplam : 215
215 -&gt;   Toplam : 215
215 -&gt;   Toplam : 215
215 -&gt;   Toplam : 215
215 -&gt;   Toplam : 215
215 -&gt;   Toplam : 215
215 -&gt;   Toplam : 215
215 -&gt;   Toplam : 215
215 -&gt;   Toplam : 215
215 -&gt;   Toplam : 215
215 -&gt;   Toplam : 215
215 -&gt;   Toplam : 215
215 -&gt;   Toplam : 215
215 -&gt;   Toplam : 215
215 -&gt;   Toplam : 215
215 -&gt;   Toplam : 215
215 -&gt;   Toplam : 215
215 -&gt;   Toplam : 215
215 -&gt;   Toplam : 215
215 -&gt;   Toplam : 215
215 -&gt;   Toplam : 215
215 -&gt;   Toplam : 215
215 -&gt;   Toplam : 215
215 -&gt;   Toplam : 215
215 -&gt;   Toplam : 215
215 -&gt;   Toplam : 215
215 -&gt;   Toplam : 215
215 -&gt;   Toplam : 215
215 -&gt;   Toplam : 215
215 -&gt;   Toplam : 215
215 -&gt;   Toplam : 215
215 -&gt;   Toplam : 215
215 -&gt;   Toplam : 215
215 -&gt;   Toplam : 215
215 -&gt;   Toplam : 215
215 -&gt;   Toplam : 215
215 -&gt;   Toplam : 215
215 -&gt;   Toplam : 215
215 -&gt;   Toplam : 215
215 -&gt;   Toplam : 215
215 -&gt;   Toplam : 215
215 -&gt;   Toplam : 215
215 -&gt;   Toplam : 215
215 -&gt;   Toplam : 215
215 -&gt;   Toplam : 215
215 -&gt;   Toplam : 215
215 -&gt;   Toplam : 215
215 -&gt;   Toplam : 215
215 -&gt;   Toplam : 215
215 -&gt;   Toplam : 215
215 -&gt;   Toplam : 215
215 -&gt;   Toplam : 215
215 -&gt;   Toplam : 215
215 -&gt;   Toplam : 215
215 -&gt;   Toplam : 215
215 -&gt;   Toplam : 215
215 -&gt;   Toplam : 215
215 -&gt;   Toplam : 215
215 -&gt;   Toplam : 215
215 -&gt;   Toplam : 215
215 -&gt;   Toplam : 215
215 -&gt;   Toplam : 215
215 -&gt;   Toplam : 215
215 -&gt;   Toplam : 215
215 -&gt;   Toplam : 215
215 -&gt;   Toplam : 215
215 -&gt;   Toplam : 215
215 -&gt;   Toplam : 215
215 -&gt;   Toplam : 215
215 -&gt;   Toplam : 215
215 -&gt;   Toplam : 215
215 -&gt;   Toplam : 215
215 -&gt;   Toplam : 215
215 -&gt;   Toplam : 215
215 -&gt;   Toplam : 215
215 -&gt;   Toplam : 215
215 -&gt;   Toplam : 215
215 -&gt;   Toplam : 215
215 -&gt;   Toplam : 215
215 -&gt;   Toplam : 215
215 -&gt;   Toplam : 215
215 -&gt;   Toplam : 215
215 -&gt;   Toplam : 215
215 -&gt;   Toplam : 215
215 -&gt;   Toplam : 215
215 -&gt;   Toplam : 215
215 -&gt;   Toplam : 215
215 -&gt;   Toplam : 215
215 -&gt;   Toplam : 215
215 -&gt;   Toplam : 215
215 -&gt;   Toplam : 215
215 -&gt;   Toplam : 215
215 -&gt;   Toplam : 215
215 -&gt;   Toplam : 215
215 -&gt;   Toplam : 215
215 -&gt;   Toplam : 215
215 -&gt;   Toplam : 215
215 -&gt;   Toplam : 215
215 -&gt;   Toplam : 215
215 -&gt;   Toplam : 215
215 -&gt;   Toplam : 215
215 -&gt;   Toplam : 215
215 -&gt;   Toplam : 215
215 -&gt;   Toplam : 215
215 -&gt;   Toplam : 215
215 -&gt;   Toplam : 215
215 -&gt;   Toplam : 215
215 -&gt;   Toplam : 215
215 -&gt;   Toplam : 215
215 -&gt;   Toplam : 215
215 -&gt;   Toplam : 215
215 -&gt;   Toplam : 215
215 -&gt;   Toplam : 215
215 -&gt;   Toplam : 215
215 -&gt;   Toplam : 215
215 -&gt;   Toplam : 215
215 -&gt;   Toplam : 215
215 -&gt;   Toplam : 215
215 -&gt;   Toplam : 215
215 -&gt;   Toplam : 215
215 -&gt;   Toplam : 215
215 -&gt;   Toplam : 215
215 -&gt;   Toplam : 215
215 -&gt;   Toplam : 215
215 -&gt;   Toplam : 215
215 -&gt;   Toplam : 215
215 -&gt;   Toplam : 215
215 -&gt;   Toplam : 215
215 -&gt;   Toplam : 215
215 -&gt;   Toplam : 215
215 -&gt;   Toplam : 215
215 -&gt;   Toplam : 215
215 -&gt;   Toplam : 215
215 -&gt;   Toplam : 215
215 -&gt;   Toplam : 215
215 -&gt;   Toplam : 215
215 -&gt;   Toplam : 215
215 -&gt;   Toplam : 215
215 -&gt;   Toplam : 215
215 -&gt;   Toplam : 215
215 -&gt;   Toplam : 215
215 -&gt;   Toplam : 215
215 -&gt;   Toplam : 215
215 -&gt;   Toplam : 215
215 -&gt;   Toplam : 215
215 -&gt;   Toplam : 215
215 -&gt;   Toplam : 215
215 -&gt;   Toplam : 215
215 -&gt;   Toplam : 215
215 -&gt;   Toplam : 215
215 -&gt;   Toplam : 215
215 -&gt;   Toplam : 215
215 -&gt;   Toplam : 215
215 -&gt;   Toplam : 215
215 -&gt;   Toplam : 215
215 -&gt;   Toplam : 215
215 -&gt;   Toplam : 215
215 -&gt;   Toplam : 215
215 -&gt;   Toplam : 215
215 -&gt;   Toplam : 215
215 -&gt;   Toplam : 215
215 -&gt;   Toplam : 215
215 -&gt;   Toplam : 215
215 -&gt;   Toplam : 215
215 -&gt;   Toplam : 215
215 -&gt;   Toplam : 215
215 -&gt;   Toplam : 215
215 -&gt;   Toplam : 215
215 -&gt;   Toplam : 215
215 -&gt;   Toplam : 215
215 -&gt;   Toplam : 215
215 -&gt;   Toplam : 215
215 -&gt;   Toplam : 215
215 -&gt;   Toplam : 215
215 -&gt;   Toplam : 215
215 -&gt;   Toplam : 215
215 -&gt;   Toplam : 215
215 -&gt;   Toplam : 215
215 -&gt;   Toplam : 215
215 -&gt;   Toplam : 215
215 -&gt;   Toplam : 215
215 -&gt;   Toplam : 215
215 -&gt;   Toplam : 215
215 -&gt;   Toplam : 215
215 -&gt;   Toplam : 215
215 -&gt;   Toplam : 215
215 -&gt;   Toplam : 215
215 -&gt;   Toplam : 215
215 -&gt;   Toplam : 215
215 -&gt;   Toplam : 215
215 -&gt;   Toplam : 215
215 -&gt;   Toplam : 215
215 -&gt;   Toplam : 215
215 -&gt;   Toplam : 215
215 -&gt;   Toplam : 215
215 -&gt;   Toplam : 215
215 -&gt;   Toplam : 215
215 -&gt;   Toplam : 215
215 -&gt;   Toplam : 215
215 -&gt;   Toplam : 215
215 -&gt;   Toplam : 215
215 -&gt;   Toplam : 215
215 -&gt;   Toplam : 215
215 -&gt;   Toplam : 215
215 -&gt;   Toplam : 215
215 -&gt;   Toplam : 215
215 -&gt;   Toplam : 215
215 -&gt;   Toplam : 215
215 -&gt;   Toplam : 215
215 -&gt;   Toplam : 215
215 -&gt;   Toplam : 215
215 -&gt;   Toplam : 215
215 -&gt;   Toplam : 215
215 -&gt;   Toplam : 215
215 -&gt;   Toplam : 215
215 -&gt;   Toplam : 215
215 -&gt;   Toplam : 215
215 -&gt;   Toplam : 215
215 -&gt;   Toplam : 215
215 -&gt;   Toplam : 215
215 -&gt;   Toplam : 215
215 -&gt;   Toplam : 215
215 -&gt;   Toplam : 215
215 -&gt;   Toplam : 215
215 -&gt;   Toplam : 215
215 -&gt;   Toplam : 215
215 -&gt;   Toplam : 215
215 -&gt;   Toplam : 215
215 -&gt;   Toplam : 215
215 -&gt;   Toplam : 215
215 -&gt;   Toplam : 215
215 -&gt;   Toplam : 215
215 -&gt;   Toplam : 215
215 -&gt;   Toplam : 215
215 -&gt;   Toplam : 215
215 -&gt;   Toplam : 215
215 -&gt;   Toplam : 215
215 -&gt;   Toplam : 215
215 -&gt;   Toplam : 215
215 -&gt;   Toplam : 215
215 -&gt;   Toplam : 215
215 -&gt;   Toplam : 215
215 -&gt;   Toplam : 215
215 -&gt;   Toplam : 215
215 -&gt;   Toplam : 215
215 -&gt;   Toplam : 215
215 -&gt;   Toplam : 215
215 -&gt;   Toplam : 215
215 -&gt;   Toplam : 215
215 -&gt;   Toplam : 215
215 -&gt;   Toplam : 215
215 -&gt;   Toplam : 215
215 -&gt;   Toplam : 215
215 -&gt;   Toplam : 215
215 -&gt;   Toplam : 215
215 -&gt;   Toplam : 215
215 -&gt;   Toplam : 215
215 -&gt;   Toplam : 215
215 -&gt;   Toplam : 215
215 -&gt;   Toplam : 215
215 -&gt;   Toplam : 215
215 -&gt;   Toplam : 215
215 -&gt;   Toplam : 215
215 -&gt;   Toplam : 215
215 -&gt;   Toplam : 215
215 -&gt;   Toplam : 215
215 -&gt;   Toplam : 215
215 -&gt;   Toplam : 215
215 -&gt;   Toplam : 215
215 -&gt;   Toplam : 215
215 -&gt;   Toplam : 215
215 -&gt;   Toplam : 215
215 -&gt;   Toplam : 215
215 -&gt;   Toplam : 215
215 -&gt;   Toplam : 215
215 -&gt;   Toplam : 215
215 -&gt;   Toplam : 215
215 -&gt;   Toplam : 215
215 -&gt;   Toplam : 215
215 -&gt;   Toplam : 215
215 -&gt;   Toplam : 215
215 -&gt;   Toplam : 215
215 -&gt;   Toplam : 215
215 -&gt;   Toplam : 215
215 -&gt;   Toplam : 215
215 -&gt;   Toplam : 215
215 -&gt;   Toplam : 215
215 -&gt;   Toplam : 215
215 -&gt;   Toplam : 215
215 -&gt;   Toplam : 215
215 -&gt;   Toplam : 215
215 -&gt;   Toplam : 215
215 -&gt;   Toplam : 215
215 -&gt;   Toplam : 215
215 -&gt;   Toplam : 215
215 -&gt;   Toplam : 215
215 -&gt;   Toplam : 215
215 -&gt;   Toplam : 215
215 -&gt;   Toplam : 215
215 -&gt;   Toplam : 215
215 -&gt;   Toplam : 215
215 -&gt;   Toplam : 215
215 -&gt;   Toplam : 215
215 -&gt;   Toplam : 215
215 -&gt;   Toplam : 215
215 -&gt;   Toplam : 215
215 -&gt;   Toplam : 215
215 -&gt;   Toplam : 215
215 -&gt;   Toplam : 215
215 -&gt;   Toplam : 215
215 -&gt;   Toplam : 215
215 -&gt;   Toplam : 215
215 -&gt;   Toplam : 215
215 -&gt;   Toplam : 215
215 -&gt;   Toplam : 215
215 -&gt;   Toplam : 215
215 -&gt;   Toplam : 215
215 -&gt;   Toplam : 215
215 -&gt;   Toplam : 215
215 -&gt;   Toplam : 215
215 -&gt;   Toplam : 215
215 -&gt;   Toplam : 215
215 -&gt;   Toplam : 215
215 -&gt;   Toplam : 215
215 -&gt;   Toplam : 215
215 -&gt;   Toplam : 215
215 -&gt;   Toplam : 215
215 -&gt;   Toplam : 215
215 -&gt;   Toplam : 215
215 -&gt;   Toplam : 215
215 -&gt;   Toplam : 215
215 -&gt;   Toplam : 215
215 -&gt;   Toplam : 215
215 -&gt;   Toplam : 215
215 -&gt;   Toplam : 215
215 -&gt;   Toplam : 215
215 -&gt;   Toplam : 215
215 -&gt;   Toplam : 215
215 -&gt;   Toplam : 215
215 -&gt;   Toplam : 215
215 -&gt;   Toplam : 215
215 -&gt;   Toplam : 215
215 -&gt;   Toplam : 215
215 -&gt;   Toplam : 215
215 -&gt;   Toplam : 215
215 -&gt;   Toplam : 215
215 -&gt;   Toplam : 215
215 -&gt;   Toplam : 215
215 -&gt;   Toplam : 215
215 -&gt;   Toplam : 215
215 -&gt;   Toplam : 215
215 -&gt;   Toplam : 215
215 -&gt;   Toplam : 215
215 -&gt;   Toplam : 215
215 -&gt;   Toplam : 215
215 -&gt;   Toplam : 215
215 -&gt;   Toplam : 215
215 -&gt;   Toplam : 215
215 -&gt;   Toplam : 215
215 -&gt;   Toplam : 215
215 -&gt;   Toplam : 215
215 -&gt;   Toplam : 215
215 -&gt;   Toplam : 215
215 -&gt;   Toplam : 215
215 -&gt;   Toplam : 215
215 -&gt;   Toplam : 215
215 -&gt;   Toplam : 215
215 -&gt;   Toplam : 215
215 -&gt;   Toplam : 215
215 -&gt;   Toplam : 215
215 -&gt;   Toplam : 215
215 -&gt;   Toplam : 215
215 -&gt;   Toplam : 215
215 -&gt;   Toplam : 215
215 -&gt;   Toplam : 215
215 -&gt;   Toplam : 215
215 -&gt;   Toplam : 215
215 -&gt;   Toplam : 215
215 -&gt;   Toplam : 215
215 -&gt;   Toplam : 215
215 -&gt;   Toplam : 215
215 -&gt;   Toplam : 215
215 -&gt;   Toplam : 215
215 -&gt;   Toplam : 215
215 -&gt;   Toplam : 215
215 -&gt;   Toplam : 215
215 -&gt;   Toplam : 215
215 -&gt;   Toplam : 215
215 -&gt;   Toplam : 215
215 -&gt;   Toplam : 215
215 -&gt;   Toplam : 215
215 -&gt;   Toplam : 215
215 -&gt;   Toplam : 215
215 -&gt;   Toplam : 215
215 -&gt;   Toplam : 215
215 -&gt;   Toplam : 215
215 -&gt;   Toplam : 215
215 -&gt;   Toplam : 215
215 -&gt;   Toplam : 215
215 -&gt;   Toplam : 215
215 -&gt;   Toplam : 215
215 -&gt;   Toplam : 215
215 -&gt;   Toplam : 215
215 -&gt;   Toplam : 215
215 -&gt;   Toplam : 215
215 -&gt;   Toplam : 215
215 -&gt;   Toplam : 215
215 -&gt;   Toplam : 215
215 -&gt;   Toplam : 215
215 -&gt;   Toplam : 215
215 -&gt;   Toplam : 215
215 -&gt;   Toplam : 215
215 -&gt;   Toplam : 215
215 -&gt;   Toplam : 215
215 -&gt;   Toplam : 215
215 -&gt;   Toplam : 215
215 -&gt;   Toplam : 215
215 -&gt;   Toplam : 215
215 -&gt;   Toplam : 215
215 -&gt;   Toplam : 215
215 -&gt;   Toplam : 215
215 -&gt;   Toplam : 215
215 -&gt;   Toplam : 215
215 -&gt;   Toplam : 215
215 -&gt;   Toplam : 215
215 -&gt;   Toplam : 215
215 -&gt;   Toplam : 215
215 -&gt;   Toplam : 215
215 -&gt;   Toplam : 215
215 -&gt;   Toplam : 215
215 -&gt;   Toplam : 215
215 -&gt;   Toplam : 215
215 -&gt;   Toplam : 215
215 -&gt;   Toplam : 215
215 -&gt;   Toplam : 215
215 -&gt;   Toplam : 215
215 -&gt;   Toplam : 215
215 -&gt;   Toplam : 215
215 -&gt;   Toplam : 215
215 -&gt;   Toplam : 215
215 -&gt;   Toplam : 215
215 -&gt;   Toplam : 215
215 -&gt;   Toplam : 215
215 -&gt;   Toplam : 215
215 -&gt;   Toplam : 215
215 -&gt;   Toplam : 215
215 -&gt;   Toplam : 215
215 -&gt;   Toplam : 215
215 -&gt;   Toplam : 215
215 -&gt;   Toplam : 215
215 -&gt;   Toplam : 215
215 -&gt;   Toplam : 215
215 -&gt;   Toplam : 215
215 -&gt;   Toplam : 215
215 -&gt;   Toplam : 215
215 -&gt;   Toplam : 215
215 -&gt;   Toplam : 215
215 -&gt;   Toplam : 215
215 -&gt;   Toplam : 215
215 -&gt;   Toplam : 215
215 -&gt;   Toplam : 215
215 -&gt;   Toplam : 215
215 -&gt;   Toplam : 215
215 -&gt;   Toplam : 215
215 -&gt;   Toplam : 215
215 -&gt;   Toplam : 215
215 -&gt;   Toplam : 215
215 -&gt;   Toplam : 215
215 -&gt;   Toplam : 215
215 -&gt;   Toplam : 215
215 -&gt;   Toplam : 215
215 -&gt;   Toplam : 215
215 -&gt;   Toplam : 215
215 -&gt;   Toplam : 215
215 -&gt;   Toplam : 215
215 -&gt;   Toplam : 215
215 -&gt;   Toplam : 215
215 -&gt;   Toplam : 215
215 -&gt;   Toplam : 215
215 -&gt;   Toplam : 215
215 -&gt;   Toplam : 215
215 -&gt;   Toplam : 215
215 -&gt;   Toplam : 215
215 -&gt;   Toplam : 215
215 -&gt;   Toplam : 215
215 -&gt;   Toplam : 215
215 -&gt;   Toplam : 215
215 -&gt;   Toplam : 215
215 -&gt;   Toplam : 215
215 -&gt;   Toplam : 215
215 -&gt;   Toplam : 215
215 -&gt;   Toplam : 215
215 -&gt;   Toplam : 215
215 -&gt;   Toplam : 215
215 -&gt;   Toplam : 215
215 -&gt;   Toplam : 215
215 -&gt;   Toplam : 215
215 -&gt;   Toplam : 215
215 -&gt;   Toplam : 215
215 -&gt;   Toplam : 215
215 -&gt;   Toplam : 215
215 -&gt;   Toplam : 215
215 -&gt;   Toplam : 215
215 -&gt;   Toplam : 215
215 -&gt;   Toplam : 215
215 -&gt;   Toplam : 215
215 -&gt;   Toplam : 215
215 -&gt;   Toplam : 215
215 -&gt;   Toplam : 215
215 -&gt;   Toplam : 215
215 -&gt;   Toplam : 215
215 -&gt;   Toplam : 215
215 -&gt;   Toplam : 215
215 -&gt;   Toplam : 215
215 -&gt;   Toplam : 215
215 -&gt;   Toplam : 215
215 -&gt;   Toplam : 215
215 -&gt;   Toplam : 215
215 -&gt;   Toplam : 215
215 -&gt;   Toplam : 215
215 -&gt;   Toplam : 215
215 -&gt;   Toplam : 215
215 -&gt;   Toplam : 215
215 -&gt;   Toplam : 215
215 -&gt;   Toplam : 215
215 -&gt;   Toplam : 215
215 -&gt;   Toplam : 215
215 -&gt;   Toplam : 215
215 -&gt;   Toplam : 215
215 -&gt;   Toplam : 215
215 -&gt;   Toplam : 215
215 -&gt;   Toplam : 215
215 -&gt;   Toplam : 215
215 -&gt;   Toplam : 215
215 -&gt;   Toplam : 215
215 -&gt;   Toplam : 215
215 -&gt;   Toplam : 215
215 -&gt;   Toplam : 215
215 -&gt;   Toplam : 215
215 -&gt;   Toplam : 215
215 -&gt;   Toplam : 215
215 -&gt;   Toplam : 215
215 -&gt;   Toplam : 215
215 -&gt;   Toplam : 215
215 -&gt;   Toplam : 215
215 -&gt;   Toplam : 215
215 -&gt;   Toplam : 215
215 -&gt;   Toplam : 215
215 -&gt;   Toplam : 215
215 -&gt;   Toplam : 215
215 -&gt;   Toplam : 215
215 -&gt;   Toplam : 215
215 -&gt;   Toplam : 215
215 -&gt;   Toplam : 215
215 -&gt;   Toplam : 215
215 -&gt;   Toplam : 215
215 -&gt;   Toplam : 215
215 -&gt;   Toplam : 215
215 -&gt;   Toplam : 215
215 -&gt;   Toplam : 215
215 -&gt;   Toplam : 215
215 -&gt;   Toplam : 215
215 -&gt;   Toplam : 215
215 -&gt;   Toplam : 215
215 -&gt;   Toplam : 215
215 -&gt;   Toplam : 215
215 -&gt;   Toplam : 215
215 -&gt;   Toplam : 215
215 -&gt;   Toplam : 215
215 -&gt;   Toplam : 215
215 -&gt;   Toplam : 215
215 -&gt;   Toplam : 215
215 -&gt;   Toplam : 215
215 -&gt;   Toplam : 215
215 -&gt;   Toplam : 215
215 -&gt;   Toplam : 215
215 -&gt;   Toplam : 215
215 -&gt;   Toplam : 215
215 -&gt;   Toplam : 215
215 -&gt;   Toplam : 215
215 -&gt;   Toplam : 215
215 -&gt;   Toplam : 215
215 -&gt;   Toplam : 215
215 -&gt;   Toplam : 215
215 -&gt;   Toplam : 215
215 -&gt;   Toplam : 215
215 -&gt;   Toplam : 215
215 -&gt;   Toplam : 215
215 -&gt;   Toplam : 215
215 -&gt;   Toplam : 215
215 -&gt;   Toplam : 215
215 -&gt;   Toplam : 215
215 -&gt;   Toplam : 215
215 -&gt;   Toplam : 215
215 -&gt;   Toplam : 215
215 -&gt;   Toplam : 215
215 -&gt;   Toplam : 215
215 -&gt;   Toplam : 215
215 -&gt;   Toplam : 215
215 -&gt;   Toplam : 215
215 -&gt;   Toplam : 215
215 -&gt;   Toplam : 215
215 -&gt;   Toplam : 215
215 -&gt;   Toplam : 215
215 -&gt;   Toplam : 215
215 -&gt;   Toplam : 215
215 -&gt;   Toplam : 215
215 -&gt;   Toplam : 215
215 -&gt;   Toplam : 215
215 -&gt;   Toplam : 215
215 -&gt;   Toplam : 215
215 -&gt;   Toplam : 215
215 -&gt;   Toplam : 215
215 -&gt;   Toplam : 215
215 -&gt;   Toplam : 215
215 -&gt;   Toplam : 215
215 -&gt;   Toplam : 215
215 -&gt;   Toplam : 215
215 -&gt;   Toplam : 215
215 -&gt;   Toplam : 215
215 -&gt;   Toplam : 215
215 -&gt;   Toplam : 215
215 -&gt;   Toplam : 215
215 -&gt;   Toplam : 215
215 -&gt;   Toplam : 215
215 -&gt;   Toplam : 215
215 -&gt;   Toplam : 215
215 -&gt;   Toplam : 215
215 -&gt;   Toplam : 215
215 -&gt;   Toplam : 215
215 -&gt;   Toplam : 215
215 -&gt;   Toplam : 215
215 -&gt;   Toplam : 215
215 -&gt;   Toplam : 215
215 -&gt;   Toplam : 215
215 -&gt;   Toplam : 215
215 -&gt;   Toplam : 215
215 -&gt;   Toplam : 215
215 -&gt;   Toplam : 215
215 -&gt;   Toplam : 215
215 -&gt;   Toplam : 215
215 -&gt;   Toplam : 215
215 -&gt;   Toplam : 215
215 -&gt;   Toplam : 215
215 -&gt;   Toplam : 215
215 -&gt;   Toplam : 215
215 -&gt;   Toplam : 215
215 -&gt;   Toplam : 215
215 -&gt;   Toplam : 215
215 -&gt;   Toplam : 215
215 -&gt;   Toplam : 215
215 -&gt;   Toplam : 215
215 -&gt;   Toplam : 215
215 -&gt;   Toplam : 215
215 -&gt;   Toplam : 215
215 -&gt;   Toplam : 215
215 -&gt;   Toplam : 215
215 -&gt;   Toplam : 215
215 -&gt;   Toplam : 215
215 -&gt;   Toplam : 215
215 -&gt;   Toplam : 215
215 -&gt;   Toplam : 215
215 -&gt;   Toplam : 215
215 -&gt;   Toplam : 215
215 -&gt;   Toplam : 215
215 -&gt;   Toplam : 215
215 -&gt;   Toplam : 215
215 -&gt;   Toplam : 215
215 -&gt;   Toplam : 215
215 -&gt;   Toplam : 215
215 -&gt;   Toplam : 215
215 -&gt;   Toplam : 215
215 -&gt;   Toplam : 215
215 -&gt;   Toplam : 215
215 -&gt;   Toplam : 215
215 -&gt;   Toplam : 215
215 -&gt;   Toplam : 215
215 -&gt;   Toplam : 215
215 -&gt;   Toplam : 215
215 -&gt;   Toplam : 215
215 -&gt;   Toplam : 215
215 -&gt;   Toplam : 215
215 -&gt;   Toplam : 215
215 -&gt;   Toplam : 215
215 -&gt;   Toplam : 215
215 -&gt;   Toplam : 215
215 -&gt;   Toplam : 215
215 -&gt;   Toplam : 215
215 -&gt;   Toplam : 215
215 -&gt;   Toplam : 215
215 -&gt;   Toplam : 215
215 -&gt;   Toplam : 215
215 -&gt;   Toplam : 215
215 -&gt;   Toplam : 215
215 -&gt;   Toplam : 215
215 -&gt;   Toplam : 215
215 -&gt;   Toplam : 215
215 -&gt;   Toplam : 215
215 -&gt;   Toplam : 215
215 -&gt;   Toplam : 215
215 -&gt;   Toplam : 215
215 -&gt;   Toplam : 215
215 -&gt;   Toplam : 215
215 -&gt;   Toplam : 215
215 -&gt;   Toplam : 215
215 -&gt;   Toplam : 215
215 -&gt;   Toplam : 215
215 -&gt;   Toplam : 215
215 -&gt;   Toplam : 215
215 -&gt;   Toplam : 215
215 -&gt;   Toplam : 215
215 -&gt;   Toplam : 215
215 -&gt;   Toplam : 215
215 -&gt;   Toplam : 215
215 -&gt;   Toplam : 215
215 -&gt;   Toplam : 215
215 -&gt;   Toplam : 215
215 -&gt;   Toplam : 215
215 -&gt;   Toplam : 215
215 -&gt;   Toplam : 215
215 -&gt;   Toplam : 215
215 -&gt;   Toplam : 215
215 -&gt;   Toplam : 215
215 -&gt;   Toplam : 215
215 -&gt;   Toplam : 215
215 -&gt;   Toplam : 215
215 -&gt;   Toplam : 215
215 -&gt;   Toplam : 215
215 -&gt;   Toplam : 215
215 -&gt;   Toplam : 215
215 -&gt;   Toplam : 215
215 -&gt;   Toplam : 215
215 -&gt;   Toplam : 215
215 -&gt;   Toplam : 215
215 -&gt;   Toplam : 215
215 -&gt;   Toplam : 215
215 -&gt;   Toplam : 215
215 -&gt;   Toplam : 215
215 -&gt;   Toplam : 215
215 -&gt;   Toplam : 215
215 -&gt;   Toplam : 215
215 -&gt;   Toplam : 215
215 -&gt;   Toplam : 215
215 -&gt;   Toplam : 215
215 -&gt;   Toplam : 215
215 -&gt;   Toplam : 215
215 -&gt;   Toplam : 215
215 -&gt;   Toplam : 215
215 -&gt;   Toplam : 215
215 -&gt;   Toplam : 215
215 -&gt;   Toplam : 215
215 -&gt;   Toplam : 215
215 -&gt;   Toplam : 215
215 -&gt;   Toplam : 215
215 -&gt;   Toplam : 215
215 -&gt;   Toplam : 215
215 -&gt;   Toplam : 215
215 -&gt;   Toplam : 215
215 -&gt;   Toplam : 215
215 -&gt;   Toplam : 215
215 -&gt;   Toplam : 215
215 -&gt;   Toplam : 215
215 -&gt;   Toplam : 215
215 -&gt;   Toplam : 215
215 -&gt;   Toplam : 215
215 -&gt;   Toplam : 215
215 -&gt;   Toplam : 215
215 -&gt;   Toplam : 215
215 -&gt;   Toplam : 215
215 -&gt;   Toplam : 215
215 -&gt;   Toplam : 215
215 -&gt;   Toplam : 215
215 -&gt;   Toplam : 215
215 -&gt;   Toplam : 215
215 -&gt;   Toplam : 215
215 -&gt;   Toplam : 215
215 -&gt;   Toplam : 215
215 -&gt;   Toplam : 215
215 -&gt;   Toplam : 215
215 -&gt;   Toplam : 215
215 -&gt;   Toplam : 215
215 -&gt;   Toplam : 215
215 -&gt;   Toplam : 215
215 -&gt;   Toplam : 215
215 -&gt;   Toplam : 215
215 -&gt;   Toplam : 215
215 -&gt;   Toplam : 215
215 -&gt;   Toplam : 215
215 -&gt;   Toplam : 215
215 -&gt;   Toplam : 215
215 -&gt;   Toplam : 215
215 -&gt;   Toplam : 215
215 -&gt;   Toplam : 215
215 -&gt;   Toplam : 215
215 -&gt;   Toplam : 215
215 -&gt;   Toplam : 215
215 -&gt;   Toplam : 215
215 -&gt;   Toplam : 215
215 -&gt;   Toplam : 215
215 -&gt;   Toplam : 215
215 -&gt;   Toplam : 215
215 -&gt;   Toplam : 215
215 -&gt;   Toplam : 215
215 -&gt;   Toplam : 215
215 -&gt;   Toplam : 215
215 -&gt;   Toplam : 215
215 -&gt;   Toplam : 215
215 -&gt;   Toplam : 215
215 -&gt;   Toplam : 215
215 -&gt;   Toplam : 215
215 -&gt;   Toplam : 215
215 -&gt;   Toplam : 215
215 -&gt;   Toplam : 215
215 -&gt;   Toplam : 215
215 -&gt;   Toplam : 215
215 -&gt;   Toplam : 215
215 -&gt;   Toplam : 215
215 -&gt;   Toplam : 215
215 -&gt;   Toplam : 215
215 -&gt;   Toplam : 215
215 -&gt;   Toplam : 215
215 -&gt;   Toplam : 215
215 -&gt;   Toplam : 215
215 -&gt;   Toplam : 215
215 -&gt;   Toplam : 215
215 -&gt;   Toplam : 215
215 -&gt;   Toplam : 215
215 -&gt;   Toplam : 215
215 -&gt;   Toplam : 215
215 -&gt;   Toplam : 215
215 -&gt;   Toplam : 215
215 -&gt;   Toplam : 215
215 -&gt;   Toplam : 215
215 -&gt;   Toplam : 215
215 -&gt;   Toplam : 215
215 -&gt;   Toplam : 215
215 -&gt;   Toplam : 215
215 -&gt;   Toplam : 215
215 -&gt;   Toplam : 215
215 -&gt;   Toplam : 215
215 -&gt;   Toplam : 215
215 -&gt;   Toplam : 215
215 -&gt;   Toplam : 215
215 -&gt;   Toplam : 215
215 -&gt;   Toplam : 215
215 -&gt;   Toplam : 215
215 -&gt;   Toplam : 215
215 -&gt;   Toplam : 215
215 -&gt;   Toplam : 215
215 -&gt;   Toplam : 215
215 -&gt;   Toplam : 215
215 -&gt;   Toplam : 215
215 -&gt;   Toplam : 215
215 -&gt;   Toplam : 215
215 -&gt;   Toplam : 215
215 -&gt;   Toplam : 215
215 -&gt;   Toplam : 215
215 -&gt;   Toplam : 215
215 -&gt;   Toplam : 215
215 -&gt;   Toplam : 215
215 -&gt;   Toplam : 215
215 -&gt;   Toplam : 215
215 -&gt;   Toplam : 215
215 -&gt;   Toplam : 215
215 -&gt;   Toplam : 215
215 -&gt;   Toplam : 215
215 -&gt;   Toplam : 215
215 -&gt;   Toplam : 215
215 -&gt;   Toplam : 215
215 -&gt;   Toplam : 215
215 -&gt;   Toplam : 215
215 -&gt;   Toplam : 215
215 -&gt;   Toplam : 215
215 -&gt;   Toplam : 215
215 -&gt;   Toplam : 215
215 -&gt;   Toplam : 215
215 -&gt;   Toplam : 215
215 -&gt;   Toplam : 215
215 -&gt;   Toplam : 215
215 -&gt;   Toplam : 215
215 -&gt;   Toplam : 215
215 -&gt;   Toplam : 215
215 -&gt;   Toplam : 215
215 -&gt;   Toplam : 215
215 -&gt;   Toplam : 215
215 -&gt;   Toplam : 215
215 -&gt;   Toplam : 215
215 -&gt;   Toplam : 215
215 -&gt;   Toplam : 215
215 -&gt;   Toplam : 215
215 -&gt;   Toplam : 215
215 -&gt;   Toplam : 215
215 -&gt;   Toplam : 215
215 -&gt;   Toplam : 215
215 -&gt;   Toplam : 215
215 -&gt;   Toplam : 215
215 -&gt;   Toplam : 215
215 -&gt;   Toplam : 215
215 -&gt;   Toplam : 215
215 -&gt;   Toplam : 215
215 -&gt;   Toplam : 215
215 -&gt;   Toplam : 215
215 -&gt;   Toplam : 215
215 -&gt;   Toplam : 215
215 -&gt;   Toplam : 215
215 -&gt;   Toplam : 215
215 -&gt;   Toplam : 215
215 -&gt;   Toplam : 215
215 -&gt;   Toplam : 215
215 -&gt;   Toplam : 215
215 -&gt;   Toplam : 215
215 -&gt;   Toplam : 215
215 -&gt;   Toplam : 215
215 -&gt;   Toplam : 215
215 -&gt;   Toplam : 215
215 -&gt;   Toplam : 215
215 -&gt; 124 -&gt; 237 -&gt; 935 -&gt; 804 -&gt;   Toplam : 2315
215 -&gt; 124 -&gt; 237 -&gt; 935 -&gt; 804 -&gt;   Toplam : 2315
215 -&gt; 124 -&gt; 237 -&gt; 935 -&gt; 804 -&gt;   Toplam : 2315
215 -&gt; 124 -&gt; 237 -&gt; 935 -&gt; 804 -&gt;   Toplam : 2315
215 -&gt; 124 -&gt; 237 -&gt; 935 -&gt; 804 -&gt;   Toplam : 2315
215 -&gt; 124 -&gt; 237 -&gt; 935 -&gt; 804 -&gt;   Toplam : 2315
215 -&gt; 124 -&gt; 237 -&gt; 935 -&gt; 804 -&gt;   Toplam : 2315
215 -&gt; 124 -&gt; 237 -&gt; 935 -&gt; 804 -&gt;   Toplam : 2315
215 -&gt; 124 -&gt; 237 -&gt; 935 -&gt; 804 -&gt;   Toplam : 2315
215 -&gt; 124 -&gt; 237 -&gt; 935 -&gt; 804 -&gt;   Toplam : 2315
215 -&gt; 124 -&gt; 237 -&gt; 935 -&gt; 804 -&gt;   Toplam : 2315
215 -&gt; 124 -&gt; 237 -&gt; 935 -&gt; 804 -&gt;   Toplam : 2315
215 -&gt; 124 -&gt; 237 -&gt; 935 -&gt; 804 -&gt;   Toplam : 2315
215 -&gt; 124 -&gt; 237 -&gt; 935 -&gt; 804 -&gt;   Toplam : 2315
215 -&gt; 124 -&gt; 237 -&gt; 935 -&gt; 804 -&gt;   Toplam : 2315
215 -&gt; 124 -&gt; 237 -&gt; 935 -&gt; 804 -&gt;   Toplam : 2315
215 -&gt; 124 -&gt; 237 -&gt; 935 -&gt; 804 -&gt;   Toplam : 2315
215 -&gt; 124 -&gt; 237 -&gt; 935 -&gt; 804 -&gt;   Toplam : 2315
215 -&gt; 124 -&gt; 237 -&gt; 935 -&gt; 804 -&gt;   Toplam : 2315
215 -&gt; 124 -&gt; 237 -&gt; 935 -&gt; 804 -&gt;   Toplam : 2315
215 -&gt; 124 -&gt; 237 -&gt; 935 -&gt; 804 -&gt;   Toplam : 2315
215 -&gt; 124 -&gt; 237 -&gt; 935 -&gt; 804 -&gt;   Toplam : 2315
215 -&gt; 124 -&gt; 237 -&gt; 935 -&gt; 804 -&gt;   Toplam : 2315
215 -&gt; 124 -&gt; 237 -&gt; 935 -&gt; 804 -&gt;   Toplam : 2315
215 -&gt; 124 -&gt; 237 -&gt; 935 -&gt; 804 -&gt;   Toplam : 2315
215 -&gt; 124 -&gt; 237 -&gt; 935 -&gt; 804 -&gt;   Toplam : 2315
215 -&gt; 124 -&gt; 237 -&gt; 935 -&gt; 804 -&gt;   Toplam : 2315
215 -&gt; 124 -&gt; 237 -&gt; 935 -&gt; 804 -&gt;   Toplam : 2315
215 -&gt; 124 -&gt; 237 -&gt; 935 -&gt; 804 -&gt;   Toplam : 2315
215 -&gt; 124 -&gt; 237 -&gt; 935 -&gt; 804 -&gt;   Toplam : 2315
215 -&gt; 124 -&gt; 237 -&gt; 935 -&gt; 804 -&gt;   Toplam : 2315
215 -&gt; 124 -&gt; 237 -&gt; 935 -&gt; 804 -&gt;   Toplam : 2315
215 -&gt; 124 -&gt; 237 -&gt; 935 -&gt; 804 -&gt;   Toplam : 2315
215 -&gt; 124 -&gt; 237 -&gt; 935 -&gt; 804 -&gt;   Toplam : 2315
215 -&gt; 124 -&gt; 237 -&gt; 935 -&gt; 804 -&gt;   Toplam : 2315
215 -&gt; 124 -&gt; 237 -&gt; 935 -&gt; 804 -&gt;   Toplam : 2315
215 -&gt; 124 -&gt; 237 -&gt; 935 -&gt; 804 -&gt;   Toplam : 2315
215 -&gt; 124 -&gt; 237 -&gt; 935 -&gt; 804 -&gt;   Toplam : 2315
215 -&gt; 124 -&gt; 237 -&gt; 935 -&gt; 804 -&gt;   Toplam : 2315
215 -&gt; 124 -&gt; 237 -&gt; 935 -&gt; 804 -&gt;   Toplam : 2315
215 -&gt; 124 -&gt; 237 -&gt; 935 -&gt; 804 -&gt;   Toplam : 2315
215 -&gt; 124 -&gt; 237 -&gt; 935 -&gt; 804 -&gt;   Toplam : 2315
215 -&gt; 124 -&gt; 237 -&gt; 935 -&gt; 804 -&gt;   Toplam : 2315
215 -&gt; 124 -&gt; 237 -&gt; 935 -&gt; 804 -&gt;   Toplam : 2315
215 -&gt; 124 -&gt; 237 -&gt; 935 -&gt; 804 -&gt;   Toplam : 2315
215 -&gt; 124 -&gt; 237 -&gt; 935 -&gt; 804 -&gt;   Toplam : 2315
215 -&gt; 124 -&gt; 237 -&gt; 935 -&gt; 804 -&gt;   Toplam : 2315
215 -&gt; 124 -&gt; 237 -&gt; 935 -&gt; 804 -&gt;   Toplam : 2315
215 -&gt; 124 -&gt; 237 -&gt; 935 -&gt; 804 -&gt;   Toplam : 2315
215 -&gt; 124 -&gt; 237 -&gt; 935 -&gt; 804 -&gt;   Toplam : 2315
215 -&gt; 124 -&gt; 237 -&gt; 935 -&gt; 804 -&gt;   Toplam : 2315
215 -&gt; 124 -&gt; 237 -&gt; 935 -&gt; 804 -&gt;   Toplam : 2315
215 -&gt; 124 -&gt; 237 -&gt; 935 -&gt; 804 -&gt;   Toplam : 2315
215 -&gt; 124 -&gt; 237 -&gt; 935 -&gt; 804 -&gt;   Toplam : 2315
215 -&gt; 124 -&gt; 237 -&gt; 935 -&gt; 804 -&gt;   Toplam : 2315
215 -&gt; 124 -&gt; 237 -&gt; 935 -&gt; 804 -&gt;   Toplam : 2315
215 -&gt; 124 -&gt; 237 -&gt; 935 -&gt; 804 -&gt;   Toplam : 2315
215 -&gt; 124 -&gt; 237 -&gt; 935 -&gt; 804 -&gt;   Toplam : 2315
215 -&gt; 124 -&gt; 237 -&gt; 935 -&gt; 804 -&gt;   Toplam : 2315
215 -&gt; 124 -&gt; 237 -&gt; 935 -&gt; 804 -&gt;   Toplam : 2315
215 -&gt; 124 -&gt; 237 -&gt; 935 -&gt; 804 -&gt;   Toplam : 2315
215 -&gt; 124 -&gt; 237 -&gt; 935 -&gt; 804 -&gt;   Toplam : 2315
215 -&gt; 124 -&gt; 237 -&gt; 935 -&gt; 804 -&gt;   Toplam : 2315
215 -&gt; 124 -&gt; 237 -&gt; 935 -&gt; 804 -&gt;   Toplam : 2315
215 -&gt; 124 -&gt; 237 -&gt; 935 -&gt; 804 -&gt;   Toplam : 2315
215 -&gt; 124 -&gt; 237 -&gt; 935 -&gt; 804 -&gt;   Toplam : 2315
215 -&gt; 124 -&gt; 237 -&gt; 935 -&gt; 804 -&gt;   Toplam : 2315
215 -&gt; 124 -&gt; 237 -&gt; 935 -&gt; 804 -&gt;   Toplam : 2315
215 -&gt; 124 -&gt; 237 -&gt; 935 -&gt; 804 -&gt;   Toplam : 2315
215 -&gt; 124 -&gt; 237 -&gt; 935 -&gt; 804 -&gt;   Toplam : 2315
215 -&gt; 124 -&gt; 237 -&gt; 935 -&gt; 804 -&gt;   Toplam : 2315
215 -&gt; 124 -&gt; 237 -&gt; 935 -&gt; 804 -&gt;   Toplam : 2315
215 -&gt; 124 -&gt; 237 -&gt; 935 -&gt; 804 -&gt;   Toplam : 2315
215 -&gt; 124 -&gt; 237 -&gt; 935 -&gt; 804 -&gt;   Toplam : 2315
215 -&gt; 124 -&gt; 237 -&gt; 935 -&gt; 804 -&gt;   Toplam : 2315
215 -&gt; 124 -&gt; 237 -&gt; 935 -&gt; 804 -&gt;   Toplam : 2315
215 -&gt; 124 -&gt; 237 -&gt; 935 -&gt; 804 -&gt;   Toplam : 2315
215 -&gt; 124 -&gt; 237 -&gt; 935 -&gt; 804 -&gt;   Toplam : 2315
215 -&gt; 124 -&gt; 237 -&gt; 935 -&gt; 804 -&gt;   Toplam : 2315
215 -&gt; 124 -&gt; 237 -&gt; 935 -&gt; 804 -&gt;   Toplam : 2315
215 -&gt; 124 -&gt; 237 -&gt; 935 -&gt; 804 -&gt;   Toplam : 2315
215 -&gt; 124 -&gt; 237 -&gt; 935 -&gt; 804 -&gt;   Toplam : 2315
215 -&gt; 124 -&gt; 237 -&gt; 935 -&gt; 804 -&gt;   Toplam : 2315
215 -&gt; 124 -&gt; 237 -&gt; 935 -&gt; 804 -&gt;   Toplam : 2315
215 -&gt; 124 -&gt; 237 -&gt; 935 -&gt; 804 -&gt;   Toplam : 2315
215 -&gt; 124 -&gt; 237 -&gt; 935 -&gt; 804 -&gt;   Toplam : 2315
215 -&gt; 124 -&gt; 237 -&gt; 935 -&gt; 804 -&gt;   Toplam : 2315
215 -&gt; 124 -&gt; 237 -&gt; 935 -&gt; 804 -&gt;   Toplam : 2315
215 -&gt; 124 -&gt; 237 -&gt; 935 -&gt; 804 -&gt;   Toplam : 2315
215 -&gt; 124 -&gt; 237 -&gt; 935 -&gt; 804 -&gt;   Toplam : 2315
215 -&gt; 124 -&gt; 237 -&gt; 935 -&gt; 804 -&gt;   Toplam : 2315
215 -&gt; 124 -&gt; 237 -&gt; 935 -&gt; 804 -&gt;   Toplam : 2315
215 -&gt; 124 -&gt; 237 -&gt; 935 -&gt; 804 -&gt;   Toplam : 2315
215 -&gt; 124 -&gt; 237 -&gt; 935 -&gt; 804 -&gt;   Toplam : 2315
215 -&gt; 124 -&gt; 237 -&gt; 935 -&gt; 804 -&gt;   Toplam : 2315
215 -&gt; 124 -&gt; 237 -&gt; 935 -&gt; 804 -&gt;   Toplam : 2315
215 -&gt; 124 -&gt; 237 -&gt; 935 -&gt; 804 -&gt;   Toplam : 2315
215 -&gt; 124 -&gt; 237 -&gt; 935 -&gt; 804 -&gt;   Toplam : 2315
215 -&gt; 124 -&gt; 237 -&gt; 935 -&gt; 804 -&gt;   Toplam : 2315
215 -&gt; 124 -&gt; 237 -&gt; 935 -&gt; 804 -&gt;   Toplam : 2315
215 -&gt; 124 -&gt; 237 -&gt; 935 -&gt; 804 -&gt;   Toplam : 2315
215 -&gt; 124 -&gt; 237 -&gt; 935 -&gt; 804 -&gt;   Toplam : 2315
215 -&gt; 124 -&gt; 237 -&gt; 935 -&gt; 804 -&gt;   Toplam : 2315
215 -&gt; 124 -&gt; 237 -&gt; 935 -&gt; 804 -&gt;   Toplam : 2315
215 -&gt; 124 -&gt; 237 -&gt; 935 -&gt; 804 -&gt;   Toplam : 2315
215 -&gt; 124 -&gt; 237 -&gt; 935 -&gt; 804 -&gt;   Toplam : 2315
215 -&gt; 124 -&gt; 237 -&gt; 935 -&gt; 804 -&gt;   Toplam : 2315
215 -&gt; 124 -&gt; 237 -&gt; 935 -&gt; 804 -&gt;   Toplam : 2315
215 -&gt; 124 -&gt; 237 -&gt; 935 -&gt; 804 -&gt;   Toplam : 2315
215 -&gt; 124 -&gt; 237 -&gt; 935 -&gt; 804 -&gt;   Toplam : 2315
215 -&gt; 124 -&gt; 237 -&gt; 935 -&gt; 804 -&gt;   Toplam : 2315
215 -&gt; 124 -&gt; 237 -&gt; 935 -&gt; 804 -&gt;   Toplam : 2315
215 -&gt; 124 -&gt; 237 -&gt; 935 -&gt; 804 -&gt;   Toplam : 2315
215 -&gt; 124 -&gt; 237 -&gt; 935 -&gt; 804 -&gt;   Toplam : 2315
215 -&gt; 124 -&gt; 237 -&gt; 935 -&gt; 804 -&gt;   Toplam : 2315
215 -&gt; 124 -&gt; 237 -&gt; 935 -&gt; 804 -&gt;   Toplam : 2315
215 -&gt; 124 -&gt; 237 -&gt; 935 -&gt; 804 -&gt;   Toplam : 2315
215 -&gt; 124 -&gt; 237 -&gt; 935 -&gt; 804 -&gt;   Toplam : 2315
215 -&gt; 124 -&gt; 237 -&gt; 935 -&gt; 804 -&gt;   Toplam : 2315
215 -&gt; 124 -&gt; 237 -&gt; 935 -&gt; 804 -&gt;   Toplam : 2315
215 -&gt; 124 -&gt; 237 -&gt; 935 -&gt; 804 -&gt;   Toplam : 2315
215 -&gt; 124 -&gt; 237 -&gt; 935 -&gt; 804 -&gt;   Toplam : 2315
215 -&gt; 124 -&gt; 237 -&gt; 935 -&gt; 804 -&gt;   Toplam : 2315
215 -&gt; 124 -&gt; 237 -&gt; 935 -&gt; 804 -&gt;   Toplam : 2315
215 -&gt; 124 -&gt; 237 -&gt; 935 -&gt; 804 -&gt;   Toplam : 2315
215 -&gt; 124 -&gt; 237 -&gt; 935 -&gt; 804 -&gt;   Toplam : 2315
215 -&gt; 124 -&gt; 237 -&gt; 935 -&gt; 804 -&gt;   Toplam : 2315
215 -&gt; 124 -&gt; 237 -&gt; 935 -&gt; 804 -&gt;   Toplam : 2315
215 -&gt; 124 -&gt; 237 -&gt; 935 -&gt; 804 -&gt;   Toplam : 2315
215 -&gt; 124 -&gt; 237 -&gt; 935 -&gt; 804 -&gt;   Toplam : 2315
215 -&gt; 124 -&gt; 237 -&gt; 935 -&gt; 804 -&gt;   Toplam : 2315
215 -&gt; 124 -&gt; 237 -&gt; 935 -&gt; 804 -&gt;   Toplam : 2315
215 -&gt; 124 -&gt; 237 -&gt; 935 -&gt; 804 -&gt;   Toplam : 2315
215 -&gt; 124 -&gt; 237 -&gt; 935 -&gt; 804 -&gt;   Toplam : 2315
215 -&gt; 124 -&gt; 237 -&gt; 935 -&gt; 804 -&gt;   Toplam : 2315
215 -&gt; 124 -&gt; 237 -&gt; 935 -&gt; 804 -&gt;   Toplam : 2315
215 -&gt; 124 -&gt; 237 -&gt; 935 -&gt; 804 -&gt;   Toplam : 2315
215 -&gt; 124 -&gt; 237 -&gt; 935 -&gt; 804 -&gt;   Toplam : 2315
215 -&gt; 124 -&gt; 237 -&gt; 935 -&gt; 804 -&gt;   Toplam : 2315
215 -&gt; 124 -&gt; 237 -&gt; 935 -&gt; 804 -&gt;   Toplam : 2315
215 -&gt; 124 -&gt; 237 -&gt; 935 -&gt; 804 -&gt;   Toplam : 2315
215 -&gt; 124 -&gt; 237 -&gt; 935 -&gt; 804 -&gt;   Toplam : 2315
215 -&gt; 124 -&gt; 237 -&gt; 935 -&gt; 804 -&gt;   Toplam : 2315
215 -&gt; 124 -&gt; 237 -&gt; 935 -&gt; 804 -&gt;   Toplam : 2315
215 -&gt; 124 -&gt; 237 -&gt; 935 -&gt; 804 -&gt;   Toplam : 2315
215 -&gt; 124 -&gt; 237 -&gt; 935 -&gt; 804 -&gt;   Toplam : 2315
215 -&gt; 124 -&gt; 237 -&gt; 935 -&gt; 804 -&gt;   Toplam : 2315
215 -&gt; 124 -&gt; 237 -&gt; 935 -&gt; 804 -&gt;   Toplam : 2315
215 -&gt; 124 -&gt; 237 -&gt; 935 -&gt; 804 -&gt;   Toplam : 2315
215 -&gt; 124 -&gt; 237 -&gt; 935 -&gt; 804 -&gt;   Toplam : 2315
215 -&gt; 124 -&gt; 237 -&gt; 935 -&gt; 804 -&gt;   Toplam : 2315
215 -&gt; 124 -&gt; 237 -&gt; 935 -&gt; 804 -&gt;   Toplam : 2315
215 -&gt; 124 -&gt; 237 -&gt; 935 -&gt; 804 -&gt;   Toplam : 2315
215 -&gt; 124 -&gt; 237 -&gt; 935 -&gt; 804 -&gt;   Toplam : 2315
215 -&gt; 124 -&gt; 237 -&gt; 935 -&gt; 804 -&gt;   Toplam : 2315
215 -&gt; 124 -&gt; 237 -&gt; 935 -&gt; 804 -&gt;   Toplam : 2315
215 -&gt; 124 -&gt; 237 -&gt; 935 -&gt; 804 -&gt;   Toplam : 2315
215 -&gt; 124 -&gt; 237 -&gt; 935 -&gt; 804 -&gt;   Toplam : 2315
215 -&gt; 124 -&gt; 237 -&gt; 935 -&gt; 804 -&gt;   Toplam : 2315
215 -&gt; 124 -&gt; 237 -&gt; 935 -&gt; 804 -&gt;   Toplam : 2315
215 -&gt; 124 -&gt; 237 -&gt; 935 -&gt; 804 -&gt;   Toplam : 2315
215 -&gt; 124 -&gt; 237 -&gt; 935 -&gt; 804 -&gt;   Toplam : 2315
215 -&gt; 124 -&gt; 237 -&gt; 935 -&gt; 804 -&gt;   Toplam : 2315
215 -&gt; 124 -&gt; 237 -&gt; 935 -&gt; 804 -&gt;   Toplam : 2315
215 -&gt; 124 -&gt; 237 -&gt; 935 -&gt; 804 -&gt;   Toplam : 2315
215 -&gt; 124 -&gt; 237 -&gt; 935 -&gt; 804 -&gt;   Toplam : 2315
215 -&gt; 124 -&gt; 237 -&gt; 935 -&gt; 804 -&gt;   Toplam : 2315
215 -&gt; 124 -&gt; 237 -&gt; 935 -&gt; 804 -&gt;   Toplam : 2315
215 -&gt; 124 -&gt; 237 -&gt; 935 -&gt; 804 -&gt;   Toplam : 2315
215 -&gt; 124 -&gt; 237 -&gt; 935 -&gt; 804 -&gt;   Toplam : 2315
215 -&gt; 124 -&gt; 237 -&gt; 935 -&gt; 804 -&gt;   Toplam : 2315
215 -&gt; 124 -&gt; 237 -&gt; 935 -&gt; 804 -&gt;   Toplam : 2315
215 -&gt; 124 -&gt; 237 -&gt; 935 -&gt; 804 -&gt;   Toplam : 2315
215 -&gt; 124 -&gt; 237 -&gt; 935 -&gt; 804 -&gt;   Toplam : 2315
215 -&gt; 124 -&gt; 237 -&gt; 935 -&gt; 804 -&gt;   Toplam : 2315
215 -&gt; 124 -&gt; 237 -&gt; 935 -&gt; 804 -&gt;   Toplam : 2315
215 -&gt; 124 -&gt; 237 -&gt; 935 -&gt; 804 -&gt;   Toplam : 2315
215 -&gt; 124 -&gt; 237 -&gt; 935 -&gt; 804 -&gt;   Toplam : 2315
215 -&gt; 124 -&gt; 237 -&gt; 935 -&gt; 804 -&gt;   Toplam : 2315
215 -&gt; 124 -&gt; 237 -&gt; 935 -&gt; 804 -&gt;   Toplam : 2315
215 -&gt; 124 -&gt; 237 -&gt; 935 -&gt; 804 -&gt;   Toplam : 2315
215 -&gt; 124 -&gt; 237 -&gt; 935 -&gt; 804 -&gt;   Toplam : 2315
215 -&gt; 124 -&gt; 237 -&gt; 935 -&gt; 804 -&gt;   Toplam : 2315
215 -&gt; 124 -&gt; 237 -&gt; 935 -&gt; 804 -&gt;   Toplam : 2315
215 -&gt; 124 -&gt; 237 -&gt; 935 -&gt; 804 -&gt;   Toplam : 2315
215 -&gt; 124 -&gt; 237 -&gt; 935 -&gt; 804 -&gt;   Toplam : 2315
215 -&gt; 124 -&gt; 237 -&gt; 935 -&gt; 804 -&gt;   Toplam : 2315
215 -&gt; 124 -&gt; 237 -&gt; 935 -&gt; 804 -&gt;   Toplam : 2315
215 -&gt; 124 -&gt; 237 -&gt; 935 -&gt; 804 -&gt;   Toplam : 2315
215 -&gt; 124 -&gt; 237 -&gt; 935 -&gt; 804 -&gt;   Toplam : 2315
215 -&gt; 124 -&gt; 237 -&gt; 935 -&gt; 804 -&gt;   Toplam : 2315
215 -&gt; 124 -&gt; 237 -&gt; 935 -&gt; 804 -&gt;   Toplam : 2315
215 -&gt; 124 -&gt; 237 -&gt; 935 -&gt; 804 -&gt;   Toplam : 2315
215 -&gt; 124 -&gt; 237 -&gt; 935 -&gt; 804 -&gt;   Toplam : 2315
215 -&gt; 124 -&gt; 237 -&gt; 935 -&gt; 804 -&gt;   Toplam : 2315
215 -&gt; 124 -&gt; 237 -&gt; 935 -&gt; 804 -&gt;   Toplam : 2315
215 -&gt; 124 -&gt; 237 -&gt; 935 -&gt; 804 -&gt;   Toplam : 2315
215 -&gt; 124 -&gt; 237 -&gt; 935 -&gt; 804 -&gt;   Toplam : 2315
215 -&gt; 124 -&gt; 237 -&gt; 935 -&gt; 804 -&gt;   Toplam : 2315
215 -&gt; 124 -&gt; 237 -&gt; 935 -&gt; 804 -&gt;   Toplam : 2315
215 -&gt; 124 -&gt; 237 -&gt; 935 -&gt; 804 -&gt;   Toplam : 2315
215 -&gt; 124 -&gt; 237 -&gt; 935 -&gt; 804 -&gt;   Toplam : 2315
215 -&gt; 124 -&gt; 237 -&gt; 935 -&gt; 804 -&gt;   Toplam : 2315
215 -&gt; 124 -&gt; 237 -&gt; 935 -&gt; 804 -&gt;   Toplam : 2315
215 -&gt; 124 -&gt; 237 -&gt; 935 -&gt; 804 -&gt;   Toplam : 2315
215 -&gt; 124 -&gt; 237 -&gt; 935 -&gt; 804 -&gt;   Toplam : 2315
215 -&gt; 124 -&gt; 237 -&gt; 935 -&gt; 804 -&gt;   Toplam : 2315
215 -&gt; 124 -&gt; 237 -&gt; 935 -&gt; 804 -&gt;   Toplam : 2315
215 -&gt; 124 -&gt; 237 -&gt; 935 -&gt; 804 -&gt;   Toplam : 2315
215 -&gt; 124 -&gt; 237 -&gt; 935 -&gt; 804 -&gt;   Toplam : 2315
215 -&gt; 124 -&gt; 237 -&gt; 935 -&gt; 804 -&gt;   Toplam : 2315
215 -&gt; 124 -&gt; 237 -&gt; 935 -&gt; 804 -&gt;   Toplam : 2315
215 -&gt; 124 -&gt; 237 -&gt; 935 -&gt; 804 -&gt;   Toplam : 2315
215 -&gt; 124 -&gt; 237 -&gt; 935 -&gt; 804 -&gt;   Toplam : 2315
215 -&gt; 124 -&gt; 237 -&gt; 935 -&gt; 804 -&gt;   Toplam : 2315
215 -&gt; 124 -&gt; 237 -&gt; 935 -&gt; 804 -&gt;   Toplam : 2315
215 -&gt; 124 -&gt; 237 -&gt; 935 -&gt; 804 -&gt;   Toplam : 2315
215 -&gt; 124 -&gt; 237 -&gt; 935 -&gt; 804 -&gt;   Toplam : 2315
215 -&gt; 124 -&gt; 237 -&gt; 935 -&gt; 804 -&gt;   Toplam : 2315
215 -&gt; 124 -&gt; 237 -&gt; 935 -&gt; 804 -&gt;   Toplam : 2315
215 -&gt; 124 -&gt; 237 -&gt; 935 -&gt; 804 -&gt;   Toplam : 2315
215 -&gt; 124 -&gt; 237 -&gt; 935 -&gt; 804 -&gt;   Toplam : 2315
215 -&gt; 124 -&gt; 237 -&gt; 935 -&gt; 804 -&gt;   Toplam : 2315
215 -&gt; 124 -&gt; 237 -&gt; 935 -&gt; 804 -&gt;   Toplam : 2315
215 -&gt; 124 -&gt; 237 -&gt; 935 -&gt; 804 -&gt;   Toplam : 2315
215 -&gt; 124 -&gt; 237 -&gt; 935 -&gt; 804 -&gt;   Toplam : 2315
215 -&gt; 124 -&gt; 237 -&gt; 935 -&gt; 804 -&gt;   Toplam : 2315
215 -&gt; 124 -&gt; 237 -&gt; 935 -&gt; 804 -&gt;   Toplam : 2315
215 -&gt; 124 -&gt; 237 -&gt; 935 -&gt; 804 -&gt;   Toplam : 2315
215 -&gt; 124 -&gt; 237 -&gt; 935 -&gt; 804 -&gt;   Toplam : 2315
215 -&gt; 124 -&gt; 237 -&gt; 935 -&gt; 804 -&gt;   Toplam : 2315
215 -&gt; 124 -&gt; 237 -&gt; 935 -&gt; 804 -&gt;   Toplam : 2315
215 -&gt; 124 -&gt; 237 -&gt; 935 -&gt; 804 -&gt;   Toplam : 2315
215 -&gt; 124 -&gt; 237 -&gt; 935 -&gt; 804 -&gt;   Toplam : 2315
215 -&gt; 124 -&gt; 237 -&gt; 935 -&gt; 804 -&gt;   Toplam : 2315
215 -&gt; 124 -&gt; 237 -&gt; 935 -&gt; 804 -&gt;   Toplam : 2315
215 -&gt; 124 -&gt; 237 -&gt; 935 -&gt; 804 -&gt;   Toplam : 2315
215 -&gt; 124 -&gt; 237 -&gt; 935 -&gt; 804 -&gt;   Toplam : 2315
215 -&gt; 124 -&gt; 237 -&gt; 935 -&gt; 804 -&gt;   Toplam : 2315
215 -&gt; 124 -&gt; 237 -&gt; 935 -&gt; 804 -&gt;   Toplam : 2315
215 -&gt; 124 -&gt; 237 -&gt; 935 -&gt; 804 -&gt;   Toplam : 2315
215 -&gt; 124 -&gt; 237 -&gt; 935 -&gt; 804 -&gt;   Toplam : 2315
215 -&gt; 124 -&gt; 237 -&gt; 935 -&gt; 804 -&gt;   Toplam : 2315
215 -&gt; 124 -&gt; 237 -&gt; 935 -&gt; 804 -&gt;   Toplam : 2315
215 -&gt; 124 -&gt; 237 -&gt; 935 -&gt; 804 -&gt;   Toplam : 2315
215 -&gt; 124 -&gt; 237 -&gt; 935 -&gt; 804 -&gt;   Toplam : 2315
215 -&gt; 124 -&gt; 237 -&gt; 935 -&gt; 804 -&gt;   Toplam : 2315
215 -&gt; 124 -&gt; 237 -&gt; 935 -&gt; 804 -&gt;   Toplam : 2315
215 -&gt; 124 -&gt; 237 -&gt; 935 -&gt; 804 -&gt;   Toplam : 2315
215 -&gt; 124 -&gt; 237 -&gt; 935 -&gt; 804 -&gt;   Toplam : 2315
215 -&gt; 124 -&gt; 237 -&gt; 935 -&gt; 804 -&gt;   Toplam : 2315
215 -&gt; 124 -&gt; 237 -&gt; 935 -&gt; 804 -&gt;   Toplam : 2315
215 -&gt; 124 -&gt; 237 -&gt; 935 -&gt; 804 -&gt;   Toplam : 2315
215 -&gt; 124 -&gt; 237 -&gt; 935 -&gt; 804 -&gt;   Toplam : 2315
215 -&gt; 124 -&gt; 237 -&gt; 935 -&gt; 804 -&gt;   Toplam : 2315
215 -&gt; 124 -&gt; 237 -&gt; 935 -&gt; 804 -&gt;   Toplam : 2315
215 -&gt; 124 -&gt; 237 -&gt; 935 -&gt; 804 -&gt;   Toplam : 2315
215 -&gt; 124 -&gt; 237 -&gt; 935 -&gt; 804 -&gt;   Toplam : 2315
215 -&gt; 124 -&gt; 237 -&gt; 935 -&gt; 804 -&gt;   Toplam : 2315
215 -&gt; 124 -&gt; 237 -&gt; 935 -&gt; 804 -&gt;   Toplam : 2315
215 -&gt; 124 -&gt; 237 -&gt; 935 -&gt; 804 -&gt;   Toplam : 2315
215 -&gt; 124 -&gt; 237 -&gt; 935 -&gt; 804 -&gt;   Toplam : 2315
215 -&gt; 124 -&gt; 237 -&gt; 935 -&gt; 804 -&gt;   Toplam : 2315
215 -&gt; 124 -&gt; 237 -&gt; 935 -&gt; 804 -&gt;   Toplam : 2315
215 -&gt; 124 -&gt; 237 -&gt; 935 -&gt; 804 -&gt;   Toplam : 2315
215 -&gt; 124 -&gt; 237 -&gt; 935 -&gt; 804 -&gt;   Toplam : 2315
215 -&gt; 124 -&gt; 237 -&gt; 935 -&gt; 804 -&gt;   Toplam : 2315
215 -&gt; 124 -&gt; 237 -&gt; 935 -&gt; 804 -&gt;   Toplam : 2315
215 -&gt; 124 -&gt; 237 -&gt; 935 -&gt; 804 -&gt;   Toplam : 2315
215 -&gt; 124 -&gt; 237 -&gt; 935 -&gt; 804 -&gt;   Toplam : 2315
215 -&gt; 124 -&gt; 237 -&gt; 935 -&gt; 804 -&gt;   Toplam : 2315
215 -&gt; 124 -&gt; 237 -&gt; 935 -&gt; 804 -&gt;   Toplam : 2315
215 -&gt; 124 -&gt; 237 -&gt; 935 -&gt; 804 -&gt;   Toplam : 2315
215 -&gt; 124 -&gt; 237 -&gt; 935 -&gt; 804 -&gt;   Toplam : 2315
215 -&gt; 124 -&gt; 237 -&gt; 935 -&gt; 804 -&gt;   Toplam : 2315
215 -&gt; 124 -&gt; 237 -&gt; 935 -&gt; 804 -&gt;   Toplam : 2315
215 -&gt; 124 -&gt; 237 -&gt; 935 -&gt; 804 -&gt;   Toplam : 2315
215 -&gt; 124 -&gt; 237 -&gt; 935 -&gt; 804 -&gt;   Toplam : 2315
215 -&gt; 124 -&gt; 237 -&gt; 935 -&gt; 804 -&gt;   Toplam : 2315
215 -&gt; 124 -&gt; 237 -&gt; 935 -&gt; 804 -&gt;   Toplam : 2315
215 -&gt; 124 -&gt; 237 -&gt; 935 -&gt; 804 -&gt;   Toplam : 2315
215 -&gt; 124 -&gt; 237 -&gt; 935 -&gt; 804 -&gt;   Toplam : 2315
215 -&gt; 124 -&gt; 237 -&gt; 935 -&gt; 804 -&gt;   Toplam : 2315
215 -&gt; 124 -&gt; 237 -&gt; 935 -&gt; 804 -&gt;   Toplam : 2315
215 -&gt; 124 -&gt; 237 -&gt; 935 -&gt; 804 -&gt;   Toplam : 2315
215 -&gt; 124 -&gt; 237 -&gt; 935 -&gt; 804 -&gt;   Toplam : 2315
215 -&gt; 124 -&gt; 237 -&gt; 935 -&gt; 804 -&gt;   Toplam : 2315
215 -&gt; 124 -&gt; 237 -&gt; 935 -&gt; 804 -&gt;   Toplam : 2315
215 -&gt; 124 -&gt; 237 -&gt; 935 -&gt; 804 -&gt;   Toplam : 2315
215 -&gt; 124 -&gt; 237 -&gt; 935 -&gt; 804 -&gt;   Toplam : 2315
215 -&gt; 124 -&gt; 237 -&gt; 935 -&gt; 804 -&gt;   Toplam : 2315
215 -&gt; 124 -&gt; 237 -&gt; 935 -&gt; 804 -&gt;   Toplam : 2315
215 -&gt; 124 -&gt; 237 -&gt; 935 -&gt; 804 -&gt;   Toplam : 2315
215 -&gt; 124 -&gt; 237 -&gt; 935 -&gt; 804 -&gt;   Toplam : 2315
215 -&gt; 124 -&gt; 237 -&gt; 935 -&gt; 804 -&gt;   Toplam : 2315
215 -&gt; 124 -&gt; 237 -&gt; 935 -&gt; 804 -&gt;   Toplam : 2315
215 -&gt; 124 -&gt; 237 -&gt; 935 -&gt; 804 -&gt;   Toplam : 2315
215 -&gt; 124 -&gt; 237 -&gt; 935 -&gt; 804 -&gt;   Toplam : 2315
215 -&gt; 124 -&gt; 237 -&gt; 935 -&gt; 804 -&gt;   Toplam : 2315
215 -&gt; 124 -&gt; 237 -&gt; 935 -&gt; 804 -&gt;   Toplam : 2315
215 -&gt; 124 -&gt; 237 -&gt; 935 -&gt; 804 -&gt;   Toplam : 2315
215 -&gt; 124 -&gt; 237 -&gt; 935 -&gt; 804 -&gt;   Toplam : 2315
215 -&gt; 124 -&gt; 237 -&gt; 935 -&gt; 804 -&gt;   Toplam : 2315
215 -&gt; 124 -&gt; 237 -&gt; 935 -&gt; 804 -&gt;   Toplam : 2315
215 -&gt; 124 -&gt; 237 -&gt; 935 -&gt; 804 -&gt;   Toplam : 2315
215 -&gt; 124 -&gt; 237 -&gt; 935 -&gt; 804 -&gt;   Toplam : 2315
215 -&gt; 124 -&gt; 237 -&gt; 935 -&gt; 804 -&gt;   Toplam : 2315
215 -&gt; 124 -&gt; 237 -&gt; 935 -&gt; 804 -&gt;   Toplam : 2315
215 -&gt; 124 -&gt; 237 -&gt; 935 -&gt; 804 -&gt;   Toplam : 2315
215 -&gt; 124 -&gt; 237 -&gt; 935 -&gt; 804 -&gt;   Toplam : 2315
215 -&gt; 124 -&gt; 237 -&gt; 935 -&gt; 804 -&gt;   Toplam : 2315
215 -&gt; 124 -&gt; 237 -&gt; 935 -&gt; 804 -&gt;   Toplam : 2315
215 -&gt; 124 -&gt; 237 -&gt; 935 -&gt; 804 -&gt;   Toplam : 2315
215 -&gt; 124 -&gt; 237 -&gt; 935 -&gt; 804 -&gt;   Toplam : 2315
215 -&gt; 124 -&gt; 237 -&gt; 935 -&gt; 804 -&gt;   Toplam : 2315
215 -&gt; 124 -&gt; 237 -&gt; 935 -&gt; 804 -&gt;   Toplam : 2315
215 -&gt; 124 -&gt; 237 -&gt; 935 -&gt; 804 -&gt;   Toplam : 2315
215 -&gt; 124 -&gt; 237 -&gt; 935 -&gt; 804 -&gt;   Toplam : 2315
215 -&gt; 124 -&gt; 237 -&gt; 935 -&gt; 804 -&gt;   Toplam : 2315
215 -&gt; 124 -&gt; 237 -&gt; 935 -&gt; 804 -&gt;   Toplam : 2315
215 -&gt; 124 -&gt; 237 -&gt; 935 -&gt; 804 -&gt;   Toplam : 2315
215 -&gt; 124 -&gt; 237 -&gt; 935 -&gt; 804 -&gt;   Toplam : 2315
215 -&gt; 124 -&gt; 237 -&gt; 935 -&gt; 804 -&gt;   Toplam : 2315
215 -&gt; 124 -&gt; 237 -&gt; 935 -&gt; 804 -&gt;   Toplam : 2315
215 -&gt; 124 -&gt; 237 -&gt; 935 -&gt; 804 -&gt;   Toplam : 2315
215 -&gt; 124 -&gt; 237 -&gt; 935 -&gt; 804 -&gt;   Toplam : 2315
215 -&gt; 124 -&gt; 237 -&gt; 935 -&gt; 804 -&gt;   Toplam : 2315
215 -&gt; 124 -&gt; 237 -&gt; 935 -&gt; 804 -&gt;   Toplam : 2315
215 -&gt; 124 -&gt; 237 -&gt; 935 -&gt; 804 -&gt;   Toplam : 2315
215 -&gt; 124 -&gt; 237 -&gt; 935 -&gt; 804 -&gt;   Toplam : 2315
215 -&gt; 124 -&gt; 237 -&gt; 935 -&gt; 804 -&gt;   Toplam : 2315
215 -&gt; 124 -&gt; 237 -&gt; 935 -&gt; 804 -&gt;   Toplam : 2315
215 -&gt; 124 -&gt; 237 -&gt; 935 -&gt; 804 -&gt;   Toplam : 2315
215 -&gt; 124 -&gt; 237 -&gt; 935 -&gt; 804 -&gt;   Toplam : 2315
215 -&gt; 124 -&gt; 237 -&gt; 935 -&gt; 804 -&gt;   Toplam : 2315
215 -&gt; 124 -&gt; 237 -&gt; 935 -&gt; 804 -&gt;   Toplam : 2315
215 -&gt; 124 -&gt; 237 -&gt; 935 -&gt; 804 -&gt;   Toplam : 2315
215 -&gt; 124 -&gt; 237 -&gt; 935 -&gt; 804 -&gt;   Toplam : 2315
215 -&gt; 124 -&gt; 237 -&gt; 935 -&gt; 804 -&gt;   Toplam : 2315
215 -&gt; 124 -&gt; 237 -&gt; 935 -&gt; 804 -&gt;   Toplam : 2315
215 -&gt; 124 -&gt; 237 -&gt; 935 -&gt; 804 -&gt;   Toplam : 2315
215 -&gt; 124 -&gt; 237 -&gt; 935 -&gt; 804 -&gt;   Toplam : 2315
215 -&gt; 124 -&gt; 237 -&gt; 935 -&gt; 804 -&gt;   Toplam : 2315
215 -&gt; 124 -&gt; 237 -&gt; 935 -&gt; 804 -&gt;   Toplam : 2315
215 -&gt; 124 -&gt; 237 -&gt; 935 -&gt; 804 -&gt;   Toplam : 2315
215 -&gt; 124 -&gt; 237 -&gt; 935 -&gt; 804 -&gt;   Toplam : 2315
215 -&gt; 124 -&gt; 237 -&gt; 935 -&gt; 804 -&gt;   Toplam : 2315
215 -&gt; 124 -&gt; 237 -&gt; 935 -&gt; 804 -&gt;   Toplam : 2315
215 -&gt; 124 -&gt; 237 -&gt; 935 -&gt; 804 -&gt;   Toplam : 2315
215 -&gt; 124 -&gt; 237 -&gt; 935 -&gt; 804 -&gt;   Toplam : 2315
215 -&gt; 124 -&gt; 237 -&gt; 935 -&gt; 804 -&gt;   Toplam : 2315
215 -&gt; 124 -&gt; 237 -&gt; 935 -&gt; 804 -&gt;   Toplam : 2315
215 -&gt; 124 -&gt; 237 -&gt; 935 -&gt; 804 -&gt;   Toplam : 2315
215 -&gt; 124 -&gt; 237 -&gt; 935 -&gt; 804 -&gt;   Toplam : 2315
215 -&gt; 124 -&gt; 237 -&gt; 935 -&gt; 804 -&gt;   Toplam : 2315
215 -&gt; 124 -&gt; 237 -&gt; 935 -&gt; 804 -&gt;   Toplam : 2315
215 -&gt; 124 -&gt; 237 -&gt; 935 -&gt; 804 -&gt;   Toplam : 2315
215 -&gt; 124 -&gt; 237 -&gt; 935 -&gt; 804 -&gt;   Toplam : 2315
215 -&gt; 124 -&gt; 237 -&gt; 935 -&gt; 804 -&gt;   Toplam : 2315
215 -&gt; 124 -&gt; 237 -&gt; 935 -&gt; 804 -&gt;   Toplam : 2315
215 -&gt; 124 -&gt; 237 -&gt; 935 -&gt; 804 -&gt;   Toplam : 2315
215 -&gt; 124 -&gt; 237 -&gt; 935 -&gt; 804 -&gt;   Toplam : 2315
215 -&gt; 124 -&gt; 237 -&gt; 935 -&gt; 804 -&gt;   Toplam : 2315
215 -&gt; 124 -&gt; 237 -&gt; 935 -&gt; 804 -&gt;   Toplam : 2315
215 -&gt; 124 -&gt; 237 -&gt; 935 -&gt; 804 -&gt;   Toplam : 2315
215 -&gt; 124 -&gt; 237 -&gt; 935 -&gt; 804 -&gt;   Toplam : 2315
215 -&gt; 124 -&gt; 237 -&gt; 935 -&gt; 804 -&gt;   Toplam : 2315
215 -&gt; 124 -&gt; 237 -&gt; 935 -&gt; 804 -&gt;   Toplam : 2315
215 -&gt; 124 -&gt; 237 -&gt; 935 -&gt; 804 -&gt;   Toplam : 2315
215 -&gt; 124 -&gt; 237 -&gt; 935 -&gt; 804 -&gt;   Toplam : 2315
215 -&gt; 124 -&gt; 237 -&gt; 935 -&gt; 804 -&gt;   Toplam : 2315
215 -&gt; 124 -&gt; 237 -&gt; 935 -&gt; 804 -&gt;   Toplam : 2315
215 -&gt; 124 -&gt; 237 -&gt; 935 -&gt; 804 -&gt;   Toplam : 2315
215 -&gt; 124 -&gt; 237 -&gt; 935 -&gt; 804 -&gt;   Toplam : 2315
215 -&gt; 124 -&gt; 237 -&gt; 935 -&gt; 804 -&gt;   Toplam : 2315
215 -&gt; 124 -&gt; 237 -&gt; 935 -&gt; 804 -&gt;   Toplam : 2315
215 -&gt; 124 -&gt; 237 -&gt; 935 -&gt; 804 -&gt;   Toplam : 2315
215 -&gt; 124 -&gt; 237 -&gt; 935 -&gt; 804 -&gt;   Toplam : 2315
215 -&gt; 124 -&gt; 237 -&gt; 935 -&gt; 804 -&gt;   Toplam : 2315
215 -&gt; 124 -&gt; 237 -&gt; 935 -&gt; 804 -&gt;   Toplam : 2315
215 -&gt; 124 -&gt; 237 -&gt; 935 -&gt; 804 -&gt;   Toplam : 2315
215 -&gt; 124 -&gt; 237 -&gt; 935 -&gt; 804 -&gt;   Toplam : 2315
215 -&gt; 124 -&gt; 237 -&gt; 935 -&gt; 804 -&gt;   Toplam : 2315
215 -&gt; 124 -&gt; 237 -&gt; 935 -&gt; 804 -&gt;   Toplam : 2315
215 -&gt; 124 -&gt; 237 -&gt; 935 -&gt; 804 -&gt;   Toplam : 2315
215 -&gt; 124 -&gt; 237 -&gt; 935 -&gt; 804 -&gt;   Toplam : 2315
215 -&gt; 124 -&gt; 237 -&gt; 935 -&gt; 804 -&gt;   Toplam : 2315
215 -&gt; 124 -&gt; 237 -&gt; 935 -&gt; 804 -&gt;   Toplam : 2315
215 -&gt; 124 -&gt; 237 -&gt; 935 -&gt; 804 -&gt;   Toplam : 2315
215 -&gt; 124 -&gt; 237 -&gt; 935 -&gt; 804 -&gt;   Toplam : 2315
215 -&gt; 124 -&gt; 237 -&gt; 935 -&gt; 804 -&gt;   Toplam : 2315
215 -&gt; 124 -&gt; 237 -&gt; 935 -&gt; 804 -&gt;   Toplam : 2315
215 -&gt; 124 -&gt; 237 -&gt; 935 -&gt; 804 -&gt;   Toplam : 2315
215 -&gt; 124 -&gt; 237 -&gt; 935 -&gt; 804 -&gt;   Toplam : 2315
215 -&gt; 124 -&gt; 237 -&gt; 935 -&gt; 804 -&gt;   Toplam : 2315
215 -&gt; 124 -&gt; 237 -&gt; 935 -&gt; 804 -&gt;   Toplam : 2315
215 -&gt; 124 -&gt; 237 -&gt; 935 -&gt; 804 -&gt;   Toplam : 2315
215 -&gt; 124 -&gt; 237 -&gt; 935 -&gt; 804 -&gt;   Toplam : 2315
215 -&gt; 124 -&gt; 237 -&gt; 935 -&gt; 804 -&gt;   Toplam : 2315
215 -&gt; 124 -&gt; 237 -&gt; 935 -&gt; 804 -&gt;   Toplam : 2315
215 -&gt; 124 -&gt; 237 -&gt; 935 -&gt; 804 -&gt;   Toplam : 2315
215 -&gt; 124 -&gt; 237 -&gt; 935 -&gt; 804 -&gt;   Toplam : 2315
215 -&gt; 124 -&gt; 237 -&gt; 935 -&gt; 804 -&gt;   Toplam : 2315
215 -&gt; 124 -&gt; 237 -&gt; 935 -&gt; 804 -&gt;   Toplam : 2315
215 -&gt; 124 -&gt; 237 -&gt; 935 -&gt; 804 -&gt;   Toplam : 2315
215 -&gt; 124 -&gt; 237 -&gt; 935 -&gt; 804 -&gt;   Toplam : 2315
215 -&gt; 124 -&gt; 237 -&gt; 935 -&gt; 804 -&gt;   Toplam : 2315
215 -&gt; 124 -&gt; 237 -&gt; 935 -&gt; 804 -&gt;   Toplam : 2315
215 -&gt; 124 -&gt; 237 -&gt; 935 -&gt; 804 -&gt;   Toplam : 2315
215 -&gt; 124 -&gt; 237 -&gt; 935 -&gt; 804 -&gt;   Toplam : 2315
215 -&gt; 124 -&gt; 237 -&gt; 935 -&gt; 804 -&gt;   Toplam : 2315
215 -&gt; 124 -&gt; 237 -&gt; 935 -&gt; 804 -&gt;   Toplam : 2315
215 -&gt; 124 -&gt; 237 -&gt; 935 -&gt; 804 -&gt;   Toplam : 2315
215 -&gt; 124 -&gt; 237 -&gt; 935 -&gt; 804 -&gt;   Toplam : 2315
215 -&gt; 124 -&gt; 237 -&gt; 935 -&gt; 804 -&gt;   Toplam : 2315
215 -&gt; 124 -&gt; 237 -&gt; 935 -&gt; 804 -&gt;   Toplam : 2315
215 -&gt; 124 -&gt; 237 -&gt; 935 -&gt; 804 -&gt;   Toplam : 2315
215 -&gt; 124 -&gt; 237 -&gt; 935 -&gt; 804 -&gt;   Toplam : 2315
215 -&gt; 124 -&gt; 237 -&gt; 935 -&gt; 804 -&gt;   Toplam : 2315
215 -&gt; 124 -&gt; 237 -&gt; 935 -&gt; 804 -&gt;   Toplam : 2315
215 -&gt; 124 -&gt; 237 -&gt; 935 -&gt; 804 -&gt;   Toplam : 2315
215 -&gt; 124 -&gt; 237 -&gt; 935 -&gt; 804 -&gt;   Toplam : 2315
215 -&gt; 124 -&gt; 237 -&gt; 935 -&gt; 804 -&gt;   Toplam : 2315
215 -&gt; 124 -&gt; 237 -&gt; 935 -&gt; 804 -&gt;   Toplam : 2315
215 -&gt; 124 -&gt; 237 -&gt; 935 -&gt; 804 -&gt;   Toplam : 2315
215 -&gt; 124 -&gt; 237 -&gt; 935 -&gt; 804 -&gt;   Toplam : 2315
215 -&gt; 124 -&gt; 237 -&gt; 935 -&gt; 804 -&gt;   Toplam : 2315
215 -&gt; 124 -&gt; 237 -&gt; 935 -&gt; 804 -&gt;   Toplam : 2315
215 -&gt; 124 -&gt; 237 -&gt; 935 -&gt; 804 -&gt;   Toplam : 2315
215 -&gt; 124 -&gt; 237 -&gt; 935 -&gt; 804 -&gt;   Toplam : 2315
215 -&gt; 124 -&gt; 237 -&gt; 935 -&gt; 804 -&gt;   Toplam : 2315
215 -&gt; 124 -&gt; 237 -&gt; 935 -&gt; 804 -&gt;   Toplam : 2315
215 -&gt; 124 -&gt; 237 -&gt; 935 -&gt; 804 -&gt;   Toplam : 2315
215 -&gt; 124 -&gt; 237 -&gt; 935 -&gt; 804 -&gt;   Toplam : 2315
215 -&gt; 124 -&gt; 237 -&gt; 935 -&gt; 804 -&gt;   Toplam : 2315
215 -&gt; 124 -&gt; 237 -&gt; 935 -&gt; 804 -&gt;   Toplam : 2315
215 -&gt; 124 -&gt; 237 -&gt; 935 -&gt; 804 -&gt;   Toplam : 2315
215 -&gt; 124 -&gt; 237 -&gt; 935 -&gt; 804 -&gt;   Toplam : 2315
215 -&gt; 124 -&gt; 237 -&gt; 935 -&gt; 804 -&gt;   Toplam : 2315
215 -&gt; 124 -&gt; 237 -&gt; 935 -&gt; 804 -&gt;   Toplam : 2315
215 -&gt; 124 -&gt; 237 -&gt; 935 -&gt; 804 -&gt;   Toplam : 2315
215 -&gt; 124 -&gt; 237 -&gt; 935 -&gt; 804 -&gt;   Toplam : 2315
215 -&gt; 124 -&gt; 237 -&gt; 935 -&gt; 804 -&gt;   Toplam : 2315
215 -&gt; 124 -&gt; 237 -&gt; 935 -&gt; 804 -&gt;   Toplam : 2315
215 -&gt; 124 -&gt; 237 -&gt; 935 -&gt; 804 -&gt;   Toplam : 2315
215 -&gt; 124 -&gt; 237 -&gt; 935 -&gt; 804 -&gt;   Toplam : 2315
215 -&gt; 124 -&gt; 237 -&gt; 935 -&gt; 804 -&gt;   Toplam : 2315
215 -&gt; 124 -&gt; 237 -&gt; 935 -&gt; 804 -&gt;   Toplam : 2315
215 -&gt; 124 -&gt; 237 -&gt; 935 -&gt; 804 -&gt;   Toplam : 2315
215 -&gt; 124 -&gt; 237 -&gt; 935 -&gt; 804 -&gt;   Toplam : 2315
215 -&gt; 124 -&gt; 237 -&gt; 935 -&gt; 804 -&gt;   Toplam : 2315
215 -&gt; 124 -&gt; 237 -&gt; 935 -&gt; 804 -&gt;   Toplam : 2315
215 -&gt; 124 -&gt; 237 -&gt; 935 -&gt; 804 -&gt;   Toplam : 2315
215 -&gt; 124 -&gt; 237 -&gt; 935 -&gt; 804 -&gt;   Toplam : 2315
215 -&gt; 124 -&gt; 237 -&gt; 935 -&gt; 804 -&gt;   Toplam : 2315
215 -&gt; 124 -&gt; 237 -&gt; 935 -&gt; 804 -&gt;   Toplam : 2315
215 -&gt; 124 -&gt; 237 -&gt; 935 -&gt; 804 -&gt;   Toplam : 2315
215 -&gt; 124 -&gt; 237 -&gt; 935 -&gt; 804 -&gt;   Toplam : 2315
215 -&gt; 124 -&gt; 237 -&gt; 935 -&gt; 804 -&gt;   Toplam : 2315
215 -&gt; 124 -&gt; 237 -&gt; 935 -&gt; 804 -&gt;   Toplam : 2315
215 -&gt; 124 -&gt; 237 -&gt; 935 -&gt; 804 -&gt;   Toplam : 2315
215 -&gt; 124 -&gt; 237 -&gt; 935 -&gt; 804 -&gt;   Toplam : 2315
215 -&gt; 124 -&gt; 237 -&gt; 935 -&gt; 804 -&gt;   Toplam : 2315
215 -&gt; 124 -&gt; 237 -&gt; 935 -&gt; 804 -&gt;   Toplam : 2315
215 -&gt; 124 -&gt; 237 -&gt; 935 -&gt; 804 -&gt;   Toplam : 2315
215 -&gt; 124 -&gt; 237 -&gt; 935 -&gt; 804 -&gt;   Toplam : 2315
215 -&gt; 124 -&gt; 237 -&gt; 935 -&gt; 804 -&gt;   Toplam : 2315
215 -&gt; 124 -&gt; 237 -&gt; 935 -&gt; 804 -&gt;   Toplam : 2315
215 -&gt; 124 -&gt; 237 -&gt; 935 -&gt; 804 -&gt;   Toplam : 2315
215 -&gt; 124 -&gt; 237 -&gt; 935 -&gt; 804 -&gt;   Toplam : 2315
215 -&gt; 124 -&gt; 237 -&gt; 935 -&gt; 804 -&gt;   Toplam : 2315
215 -&gt; 124 -&gt; 237 -&gt; 935 -&gt; 804 -&gt;   Toplam : 2315
215 -&gt; 124 -&gt; 237 -&gt; 935 -&gt; 804 -&gt;   Toplam : 2315
215 -&gt; 124 -&gt; 237 -&gt; 935 -&gt; 804 -&gt;   Toplam : 2315
215 -&gt; 124 -&gt; 237 -&gt; 935 -&gt; 804 -&gt;   Toplam : 2315
215 -&gt; 124 -&gt; 237 -&gt; 935 -&gt; 804 -&gt;   Toplam : 2315
215 -&gt; 124 -&gt; 237 -&gt; 935 -&gt; 804 -&gt;   Toplam : 2315
215 -&gt; 124 -&gt; 237 -&gt; 935 -&gt; 804 -&gt;   Toplam : 2315
215 -&gt; 124 -&gt; 237 -&gt; 935 -&gt; 804 -&gt;   Toplam : 2315
215 -&gt; 124 -&gt; 237 -&gt; 935 -&gt; 804 -&gt;   Toplam : 2315
215 -&gt; 124 -&gt; 237 -&gt; 935 -&gt; 804 -&gt;   Toplam : 2315
215 -&gt; 124 -&gt; 237 -&gt; 935 -&gt; 804 -&gt;   Toplam : 2315
215 -&gt; 124 -&gt; 237 -&gt; 935 -&gt; 804 -&gt;   Toplam : 2315
215 -&gt; 124 -&gt; 237 -&gt; 935 -&gt; 804 -&gt;   Toplam : 2315
215 -&gt; 124 -&gt; 237 -&gt; 935 -&gt; 804 -&gt;   Toplam : 2315
215 -&gt; 124 -&gt; 237 -&gt; 935 -&gt; 804 -&gt;   Toplam : 2315
215 -&gt; 124 -&gt; 237 -&gt; 935 -&gt; 804 -&gt;   Toplam : 2315
215 -&gt; 124 -&gt; 237 -&gt; 935 -&gt; 804 -&gt;   Toplam : 2315
215 -&gt; 124 -&gt; 237 -&gt; 935 -&gt; 804 -&gt;   Toplam : 2315
215 -&gt; 124 -&gt; 237 -&gt; 935 -&gt; 804 -&gt;   Toplam : 2315
215 -&gt; 124 -&gt; 237 -&gt; 935 -&gt; 804 -&gt;   Toplam : 2315
215 -&gt; 124 -&gt; 237 -&gt; 935 -&gt; 804 -&gt;   Toplam : 2315
215 -&gt; 124 -&gt; 237 -&gt; 935 -&gt; 804 -&gt;   Toplam : 2315
215 -&gt; 124 -&gt; 237 -&gt; 935 -&gt; 804 -&gt;   Toplam : 2315
215 -&gt; 124 -&gt; 237 -&gt; 935 -&gt; 804 -&gt;   Toplam : 2315
215 -&gt; 124 -&gt; 237 -&gt; 935 -&gt; 804 -&gt;   Toplam : 2315
215 -&gt; 124 -&gt; 237 -&gt; 935 -&gt; 804 -&gt;   Toplam : 2315
215 -&gt; 124 -&gt; 237 -&gt; 935 -&gt; 804 -&gt;   Toplam : 2315
215 -&gt; 124 -&gt; 237 -&gt; 935 -&gt; 804 -&gt;   Toplam : 2315
215 -&gt; 124 -&gt; 237 -&gt; 935 -&gt; 804 -&gt;   Toplam : 2315
215 -&gt; 124 -&gt; 237 -&gt; 935 -&gt; 804 -&gt;   Toplam : 2315
215 -&gt; 124 -&gt; 237 -&gt; 935 -&gt; 804 -&gt;   Toplam : 2315
215 -&gt; 124 -&gt; 237 -&gt; 935 -&gt; 804 -&gt;   Toplam : 2315
215 -&gt; 124 -&gt; 237 -&gt; 935 -&gt; 804 -&gt;   Toplam : 2315
215 -&gt; 124 -&gt; 237 -&gt; 935 -&gt; 804 -&gt;   Toplam : 2315
215 -&gt; 124 -&gt; 237 -&gt; 935 -&gt; 804 -&gt;   Toplam : 2315
215 -&gt; 124 -&gt; 237 -&gt; 935 -&gt; 804 -&gt;   Toplam : 2315
215 -&gt; 124 -&gt; 237 -&gt; 935 -&gt; 804 -&gt;   Toplam : 2315
215 -&gt; 124 -&gt; 237 -&gt; 935 -&gt; 804 -&gt;   Toplam : 2315
215 -&gt; 124 -&gt; 237 -&gt; 935 -&gt; 804 -&gt;   Toplam : 2315
215 -&gt; 124 -&gt; 237 -&gt; 935 -&gt; 804 -&gt;   Toplam : 2315
215 -&gt; 124 -&gt; 237 -&gt; 935 -&gt; 804 -&gt;   Toplam : 2315
215 -&gt; 124 -&gt; 237 -&gt; 935 -&gt; 804 -&gt; 723 -&gt;   Toplam : 3038
215 -&gt; 124 -&gt; 237 -&gt; 935 -&gt; 804 -&gt; 723 -&gt;   Toplam : 3038
215 -&gt; 124 -&gt; 237 -&gt; 935 -&gt; 804 -&gt; 723 -&gt;   Toplam : 3038
215 -&gt; 124 -&gt; 237 -&gt; 935 -&gt; 804 -&gt; 723 -&gt;   Toplam : 3038
215 -&gt; 124 -&gt; 237 -&gt; 935 -&gt; 804 -&gt; 723 -&gt;   Toplam : 3038
215 -&gt; 124 -&gt; 237 -&gt; 935 -&gt; 804 -&gt; 723 -&gt;   Toplam : 3038
215 -&gt; 124 -&gt; 237 -&gt; 935 -&gt; 804 -&gt; 723 -&gt;   Toplam : 3038
215 -&gt; 124 -&gt; 237 -&gt; 935 -&gt; 804 -&gt; 723 -&gt;   Toplam : 3038
215 -&gt; 124 -&gt; 237 -&gt; 935 -&gt; 804 -&gt; 723 -&gt;   Toplam : 3038
215 -&gt; 124 -&gt; 237 -&gt; 935 -&gt; 804 -&gt; 723 -&gt;   Toplam : 3038
215 -&gt; 124 -&gt; 237 -&gt; 935 -&gt; 804 -&gt; 723 -&gt;   Toplam : 3038
215 -&gt; 124 -&gt; 237 -&gt; 935 -&gt; 804 -&gt; 723 -&gt;   Toplam : 3038
215 -&gt; 124 -&gt; 237 -&gt; 935 -&gt; 804 -&gt; 723 -&gt;   Toplam : 3038
215 -&gt; 124 -&gt; 237 -&gt; 935 -&gt; 804 -&gt; 723 -&gt;   Toplam : 3038
215 -&gt; 124 -&gt; 237 -&gt; 935 -&gt; 804 -&gt; 723 -&gt;   Toplam : 3038
215 -&gt; 124 -&gt; 237 -&gt; 935 -&gt; 804 -&gt; 723 -&gt;   Toplam : 3038
215 -&gt; 124 -&gt; 237 -&gt; 935 -&gt; 804 -&gt; 723 -&gt;   Toplam : 3038
215 -&gt; 124 -&gt; 237 -&gt; 935 -&gt; 804 -&gt; 723 -&gt;   Toplam : 3038
215 -&gt; 124 -&gt; 237 -&gt; 935 -&gt; 804 -&gt; 723 -&gt;   Toplam : 3038
215 -&gt; 124 -&gt; 237 -&gt; 935 -&gt; 804 -&gt; 723 -&gt;   Toplam : 3038
215 -&gt; 124 -&gt; 237 -&gt; 935 -&gt; 804 -&gt; 723 -&gt;   Toplam : 3038
215 -&gt; 124 -&gt; 237 -&gt; 935 -&gt; 804 -&gt; 723 -&gt;   Toplam : 3038
215 -&gt; 124 -&gt; 237 -&gt; 935 -&gt; 804 -&gt; 723 -&gt;   Toplam : 3038
215 -&gt; 124 -&gt; 237 -&gt; 935 -&gt; 804 -&gt; 723 -&gt;   Toplam : 3038
215 -&gt; 124 -&gt; 237 -&gt; 935 -&gt; 804 -&gt; 723 -&gt;   Toplam : 3038
215 -&gt; 124 -&gt; 237 -&gt; 935 -&gt; 804 -&gt; 723 -&gt;   Toplam : 3038
215 -&gt; 124 -&gt; 237 -&gt; 935 -&gt; 804 -&gt; 723 -&gt;   Toplam : 3038
215 -&gt; 124 -&gt; 237 -&gt; 935 -&gt; 804 -&gt; 723 -&gt;   Toplam : 3038
215 -&gt; 124 -&gt; 237 -&gt; 935 -&gt; 804 -&gt; 723 -&gt;   Toplam : 3038
215 -&gt; 124 -&gt; 237 -&gt; 935 -&gt; 804 -&gt; 723 -&gt;   Toplam : 3038
215 -&gt; 124 -&gt; 237 -&gt; 935 -&gt; 804 -&gt; 723 -&gt;   Toplam : 3038
215 -&gt; 124 -&gt; 237 -&gt; 935 -&gt; 804 -&gt; 723 -&gt;   Toplam : 3038
215 -&gt; 124 -&gt; 237 -&gt; 935 -&gt; 804 -&gt; 723 -&gt;   Toplam : 3038
215 -&gt; 124 -&gt; 237 -&gt; 935 -&gt; 804 -&gt; 723 -&gt;   Toplam : 3038
215 -&gt; 124 -&gt; 237 -&gt; 935 -&gt; 804 -&gt; 723 -&gt;   Toplam : 3038
215 -&gt; 124 -&gt; 237 -&gt; 935 -&gt; 804 -&gt; 723 -&gt;   Toplam : 3038
215 -&gt; 124 -&gt; 237 -&gt; 935 -&gt; 804 -&gt; 723 -&gt;   Toplam : 3038
215 -&gt; 124 -&gt; 237 -&gt; 935 -&gt; 804 -&gt; 723 -&gt;   Toplam : 3038
215 -&gt; 124 -&gt; 237 -&gt; 935 -&gt; 804 -&gt; 723 -&gt;   Toplam : 3038
215 -&gt; 124 -&gt; 237 -&gt; 935 -&gt; 804 -&gt; 723 -&gt;   Toplam : 3038
215 -&gt; 124 -&gt; 237 -&gt; 935 -&gt; 804 -&gt; 723 -&gt;   Toplam : 3038
215 -&gt; 124 -&gt; 237 -&gt; 935 -&gt; 804 -&gt; 723 -&gt;   Toplam : 3038
215 -&gt; 124 -&gt; 237 -&gt; 935 -&gt; 804 -&gt; 723 -&gt;   Toplam : 3038
215 -&gt; 124 -&gt; 237 -&gt; 935 -&gt; 804 -&gt; 723 -&gt;   Toplam : 3038
215 -&gt; 124 -&gt; 237 -&gt; 935 -&gt; 804 -&gt; 723 -&gt;   Toplam : 3038
215 -&gt; 124 -&gt; 237 -&gt; 935 -&gt; 804 -&gt; 723 -&gt;   Toplam : 3038
215 -&gt; 124 -&gt; 237 -&gt; 935 -&gt; 804 -&gt; 723 -&gt;   Toplam : 3038
215 -&gt; 124 -&gt; 237 -&gt; 935 -&gt; 804 -&gt; 723 -&gt;   Toplam : 3038
215 -&gt; 124 -&gt; 237 -&gt; 935 -&gt; 804 -&gt; 723 -&gt;   Toplam : 3038
215 -&gt; 124 -&gt; 237 -&gt; 935 -&gt; 804 -&gt; 723 -&gt;   Toplam : 3038
215 -&gt; 124 -&gt; 237 -&gt; 935 -&gt; 804 -&gt; 723 -&gt;   Toplam : 3038
215 -&gt; 124 -&gt; 237 -&gt; 935 -&gt; 804 -&gt; 723 -&gt;   Toplam : 3038
215 -&gt; 124 -&gt; 237 -&gt; 935 -&gt; 804 -&gt; 723 -&gt;   Toplam : 3038
215 -&gt; 124 -&gt; 237 -&gt; 935 -&gt; 804 -&gt; 723 -&gt;   Toplam : 3038
215 -&gt; 124 -&gt; 237 -&gt; 935 -&gt; 804 -&gt; 723 -&gt;   Toplam : 3038
215 -&gt; 124 -&gt; 237 -&gt; 935 -&gt; 804 -&gt; 723 -&gt;   Toplam : 3038
215 -&gt; 124 -&gt; 237 -&gt; 935 -&gt; 804 -&gt; 723 -&gt;   Toplam : 3038
215 -&gt; 124 -&gt; 237 -&gt; 935 -&gt; 804 -&gt; 723 -&gt;   Toplam : 3038
215 -&gt; 124 -&gt; 237 -&gt; 935 -&gt; 804 -&gt; 723 -&gt;   Toplam : 3038
215 -&gt; 124 -&gt; 237 -&gt; 935 -&gt; 804 -&gt; 723 -&gt;   Toplam : 3038
215 -&gt; 124 -&gt; 237 -&gt; 935 -&gt; 804 -&gt; 723 -&gt;   Toplam : 3038
215 -&gt; 124 -&gt; 237 -&gt; 935 -&gt; 804 -&gt; 723 -&gt;   Toplam : 3038
215 -&gt; 124 -&gt; 237 -&gt; 935 -&gt; 804 -&gt; 723 -&gt;   Toplam : 3038
215 -&gt; 124 -&gt; 237 -&gt; 935 -&gt; 804 -&gt; 723 -&gt;   Toplam : 3038
215 -&gt; 124 -&gt; 237 -&gt; 935 -&gt; 804 -&gt; 723 -&gt;   Toplam : 3038
215 -&gt; 124 -&gt; 237 -&gt; 935 -&gt; 804 -&gt; 723 -&gt;   Toplam : 3038
215 -&gt; 124 -&gt; 237 -&gt; 935 -&gt; 804 -&gt; 723 -&gt;   Toplam : 3038
215 -&gt; 124 -&gt; 237 -&gt; 935 -&gt; 804 -&gt; 723 -&gt;   Toplam : 3038
215 -&gt; 124 -&gt; 237 -&gt; 935 -&gt; 804 -&gt; 723 -&gt;   Toplam : 3038
215 -&gt; 124 -&gt; 237 -&gt; 935 -&gt; 804 -&gt; 723 -&gt;   Toplam : 3038
215 -&gt; 124 -&gt; 237 -&gt; 935 -&gt; 804 -&gt; 723 -&gt;   Toplam : 3038
215 -&gt; 124 -&gt; 237 -&gt; 935 -&gt; 804 -&gt; 723 -&gt;   Toplam : 3038
215 -&gt; 124 -&gt; 237 -&gt; 935 -&gt; 804 -&gt; 723 -&gt;   Toplam : 3038
215 -&gt; 124 -&gt; 237 -&gt; 935 -&gt; 804 -&gt; 723 -&gt;   Toplam : 3038
215 -&gt; 124 -&gt; 237 -&gt; 935 -&gt; 804 -&gt; 723 -&gt;   Toplam : 3038
215 -&gt; 124 -&gt; 237 -&gt; 935 -&gt; 804 -&gt; 723 -&gt;   Toplam : 3038
215 -&gt; 124 -&gt; 237 -&gt; 935 -&gt; 804 -&gt; 723 -&gt;   Toplam : 3038
215 -&gt; 124 -&gt; 237 -&gt; 935 -&gt; 804 -&gt; 723 -&gt;   Toplam : 3038
215 -&gt; 124 -&gt; 237 -&gt; 935 -&gt; 804 -&gt; 723 -&gt;   Toplam : 3038
215 -&gt; 124 -&gt; 237 -&gt; 935 -&gt; 804 -&gt; 723 -&gt;   Toplam : 3038
215 -&gt; 124 -&gt; 237 -&gt; 935 -&gt; 804 -&gt; 723 -&gt;   Toplam : 3038
215 -&gt; 124 -&gt; 237 -&gt; 935 -&gt; 804 -&gt; 723 -&gt;   Toplam : 3038
215 -&gt; 124 -&gt; 237 -&gt; 935 -&gt; 804 -&gt; 723 -&gt;   Toplam : 3038
215 -&gt; 124 -&gt; 237 -&gt; 935 -&gt; 804 -&gt; 723 -&gt;   Toplam : 3038
215 -&gt; 124 -&gt; 237 -&gt; 935 -&gt; 804 -&gt; 723 -&gt;   Toplam : 3038
215 -&gt; 124 -&gt; 237 -&gt; 935 -&gt; 804 -&gt; 723 -&gt;   Toplam : 3038
215 -&gt; 124 -&gt; 237 -&gt; 935 -&gt; 804 -&gt; 723 -&gt;   Toplam : 3038
215 -&gt; 124 -&gt; 237 -&gt; 935 -&gt; 804 -&gt; 723 -&gt;   Toplam : 3038
215 -&gt; 124 -&gt; 237 -&gt; 935 -&gt; 804 -&gt; 723 -&gt;   Toplam : 3038
215 -&gt; 124 -&gt; 237 -&gt; 935 -&gt; 804 -&gt; 723 -&gt;   Toplam : 3038
215 -&gt; 124 -&gt; 237 -&gt; 935 -&gt; 804 -&gt; 723 -&gt;   Toplam : 3038
215 -&gt; 124 -&gt; 237 -&gt; 935 -&gt; 804 -&gt; 723 -&gt;   Toplam : 3038
215 -&gt; 124 -&gt; 237 -&gt; 935 -&gt; 804 -&gt; 723 -&gt;   Toplam : 3038
215 -&gt; 124 -&gt; 237 -&gt; 935 -&gt; 804 -&gt; 723 -&gt;   Toplam : 3038
215 -&gt; 124 -&gt; 237 -&gt; 935 -&gt; 804 -&gt; 723 -&gt;   Toplam : 3038
215 -&gt; 124 -&gt; 237 -&gt; 935 -&gt; 804 -&gt; 723 -&gt;   Toplam : 3038
215 -&gt; 124 -&gt; 237 -&gt; 935 -&gt; 804 -&gt; 723 -&gt;   Toplam : 3038
215 -&gt; 124 -&gt; 237 -&gt; 935 -&gt; 804 -&gt; 723 -&gt;   Toplam : 3038
215 -&gt; 124 -&gt; 237 -&gt; 935 -&gt; 804 -&gt; 723 -&gt;   Toplam : 3038
215 -&gt; 124 -&gt; 237 -&gt; 935 -&gt; 804 -&gt; 723 -&gt;   Toplam : 3038
215 -&gt; 124 -&gt; 237 -&gt; 935 -&gt; 804 -&gt; 723 -&gt;   Toplam : 3038
215 -&gt; 124 -&gt; 237 -&gt; 935 -&gt; 804 -&gt; 723 -&gt;   Toplam : 3038
215 -&gt; 124 -&gt; 237 -&gt; 935 -&gt; 804 -&gt; 723 -&gt;   Toplam : 3038
215 -&gt; 124 -&gt; 237 -&gt; 935 -&gt; 804 -&gt; 723 -&gt;   Toplam : 3038
215 -&gt; 124 -&gt; 237 -&gt; 935 -&gt; 804 -&gt; 723 -&gt;   Toplam : 3038
215 -&gt; 124 -&gt; 237 -&gt; 935 -&gt; 804 -&gt; 723 -&gt;   Toplam : 3038
215 -&gt; 124 -&gt; 237 -&gt; 935 -&gt; 804 -&gt; 723 -&gt;   Toplam : 3038
215 -&gt; 124 -&gt; 237 -&gt; 935 -&gt; 804 -&gt; 723 -&gt;   Toplam : 3038
215 -&gt; 124 -&gt; 237 -&gt; 935 -&gt; 804 -&gt; 723 -&gt;   Toplam : 3038
215 -&gt; 124 -&gt; 237 -&gt; 935 -&gt; 804 -&gt; 723 -&gt;   Toplam : 3038
215 -&gt; 124 -&gt; 237 -&gt; 935 -&gt; 804 -&gt; 723 -&gt;   Toplam : 3038
215 -&gt; 124 -&gt; 237 -&gt; 935 -&gt; 804 -&gt; 723 -&gt;   Toplam : 3038
215 -&gt; 124 -&gt; 237 -&gt; 935 -&gt; 804 -&gt; 723 -&gt;   Toplam : 3038
215 -&gt; 124 -&gt; 237 -&gt; 935 -&gt; 804 -&gt; 723 -&gt;   Toplam : 3038
215 -&gt; 124 -&gt; 237 -&gt; 935 -&gt; 804 -&gt; 723 -&gt;   Toplam : 3038
215 -&gt; 124 -&gt; 237 -&gt; 935 -&gt; 804 -&gt; 723 -&gt;   Toplam : 3038
215 -&gt; 124 -&gt; 237 -&gt; 935 -&gt; 804 -&gt; 723 -&gt;   Toplam : 3038
215 -&gt; 124 -&gt; 237 -&gt; 935 -&gt; 804 -&gt; 723 -&gt;   Toplam : 3038
215 -&gt; 124 -&gt; 237 -&gt; 935 -&gt; 804 -&gt; 723 -&gt;   Toplam : 3038
215 -&gt; 124 -&gt; 237 -&gt; 935 -&gt; 804 -&gt; 723 -&gt;   Toplam : 3038
215 -&gt; 124 -&gt; 237 -&gt; 935 -&gt; 804 -&gt; 723 -&gt;   Toplam : 3038
215 -&gt; 124 -&gt; 237 -&gt; 935 -&gt; 804 -&gt; 723 -&gt;   Toplam : 3038
215 -&gt; 124 -&gt; 237 -&gt; 935 -&gt; 804 -&gt; 723 -&gt;   Toplam : 3038
215 -&gt; 124 -&gt; 237 -&gt; 935 -&gt; 804 -&gt; 723 -&gt;   Toplam : 3038
215 -&gt; 124 -&gt; 237 -&gt; 935 -&gt; 804 -&gt; 723 -&gt;   Toplam : 3038
215 -&gt; 124 -&gt; 237 -&gt; 935 -&gt; 804 -&gt; 723 -&gt;   Toplam : 3038
215 -&gt; 124 -&gt; 237 -&gt; 935 -&gt; 804 -&gt; 723 -&gt;   Toplam : 3038
215 -&gt; 124 -&gt; 237 -&gt; 935 -&gt; 804 -&gt; 723 -&gt;   Toplam : 3038
215 -&gt; 124 -&gt; 237 -&gt; 935 -&gt; 804 -&gt; 723 -&gt;   Toplam : 3038
215 -&gt; 124 -&gt; 237 -&gt; 935 -&gt; 804 -&gt; 723 -&gt;   Toplam : 3038
215 -&gt; 124 -&gt; 237 -&gt; 935 -&gt; 804 -&gt; 723 -&gt;   Toplam : 3038
215 -&gt; 124 -&gt; 237 -&gt; 935 -&gt; 804 -&gt; 723 -&gt;   Toplam : 3038
215 -&gt; 124 -&gt; 237 -&gt; 935 -&gt; 804 -&gt; 723 -&gt;   Toplam : 3038
215 -&gt; 124 -&gt; 237 -&gt; 935 -&gt; 804 -&gt; 723 -&gt;   Toplam : 3038
215 -&gt; 124 -&gt; 237 -&gt; 935 -&gt; 804 -&gt; 723 -&gt;   Toplam : 3038
215 -&gt; 124 -&gt; 237 -&gt; 935 -&gt; 804 -&gt; 723 -&gt;   Toplam : 3038
215 -&gt; 124 -&gt; 237 -&gt; 935 -&gt; 804 -&gt; 723 -&gt;   Toplam : 3038
215 -&gt; 124 -&gt; 237 -&gt; 935 -&gt; 804 -&gt; 723 -&gt;   Toplam : 3038
215 -&gt; 124 -&gt; 237 -&gt; 935 -&gt; 804 -&gt; 723 -&gt;   Toplam : 3038
215 -&gt; 124 -&gt; 237 -&gt; 935 -&gt; 804 -&gt; 723 -&gt;   Toplam : 3038
215 -&gt; 124 -&gt; 237 -&gt; 935 -&gt; 804 -&gt; 723 -&gt;   Toplam : 3038
215 -&gt; 124 -&gt; 237 -&gt; 935 -&gt; 804 -&gt; 723 -&gt;   Toplam : 3038
215 -&gt; 124 -&gt; 237 -&gt; 935 -&gt; 804 -&gt; 723 -&gt;   Toplam : 3038
215 -&gt; 124 -&gt; 237 -&gt; 935 -&gt; 804 -&gt; 723 -&gt;   Toplam : 3038
215 -&gt; 124 -&gt; 237 -&gt; 935 -&gt; 804 -&gt; 723 -&gt;   Toplam : 3038
215 -&gt; 124 -&gt; 237 -&gt; 935 -&gt; 804 -&gt; 723 -&gt;   Toplam : 3038
215 -&gt; 124 -&gt; 237 -&gt; 935 -&gt; 804 -&gt; 723 -&gt;   Toplam : 3038
215 -&gt; 124 -&gt; 237 -&gt; 935 -&gt; 804 -&gt; 723 -&gt;   Toplam : 3038
215 -&gt; 124 -&gt; 237 -&gt; 935 -&gt; 804 -&gt; 723 -&gt;   Toplam : 3038
215 -&gt; 124 -&gt; 237 -&gt; 935 -&gt; 804 -&gt; 723 -&gt;   Toplam : 3038
215 -&gt; 124 -&gt; 237 -&gt; 935 -&gt; 804 -&gt; 723 -&gt;   Toplam : 3038
215 -&gt; 124 -&gt; 237 -&gt; 935 -&gt; 804 -&gt; 723 -&gt;   Toplam : 3038
215 -&gt; 124 -&gt; 237 -&gt; 935 -&gt; 804 -&gt; 723 -&gt;   Toplam : 3038
215 -&gt; 124 -&gt; 237 -&gt; 935 -&gt; 804 -&gt; 723 -&gt;   Toplam : 3038
215 -&gt; 124 -&gt; 237 -&gt; 935 -&gt; 804 -&gt; 723 -&gt;   Toplam : 3038
215 -&gt; 124 -&gt; 237 -&gt; 935 -&gt; 804 -&gt; 723 -&gt;   Toplam : 3038
215 -&gt; 124 -&gt; 237 -&gt; 935 -&gt; 804 -&gt; 723 -&gt;   Toplam : 3038
215 -&gt; 124 -&gt; 237 -&gt; 935 -&gt; 804 -&gt; 723 -&gt;   Toplam : 3038
215 -&gt; 124 -&gt; 237 -&gt; 935 -&gt; 804 -&gt; 723 -&gt;   Toplam : 3038
215 -&gt; 124 -&gt; 237 -&gt; 935 -&gt; 804 -&gt; 723 -&gt;   Toplam : 3038
215 -&gt; 124 -&gt; 237 -&gt; 935 -&gt; 804 -&gt; 723 -&gt;   Toplam : 3038
215 -&gt; 124 -&gt; 237 -&gt; 935 -&gt; 804 -&gt; 723 -&gt;   Toplam : 3038
215 -&gt; 124 -&gt; 237 -&gt; 935 -&gt; 804 -&gt; 723 -&gt;   Toplam : 3038
215 -&gt; 124 -&gt; 237 -&gt; 935 -&gt; 804 -&gt; 723 -&gt;   Toplam : 3038
215 -&gt; 124 -&gt; 237 -&gt; 935 -&gt; 804 -&gt; 723 -&gt;   Toplam : 3038
215 -&gt; 124 -&gt; 237 -&gt; 935 -&gt; 804 -&gt; 723 -&gt;   Toplam : 3038
215 -&gt; 124 -&gt; 237 -&gt; 935 -&gt; 804 -&gt; 723 -&gt;   Toplam : 3038
215 -&gt; 124 -&gt; 237 -&gt; 935 -&gt; 804 -&gt; 723 -&gt;   Toplam : 3038
215 -&gt; 124 -&gt; 237 -&gt; 935 -&gt; 804 -&gt; 723 -&gt;   Toplam : 3038
215 -&gt; 124 -&gt; 237 -&gt; 935 -&gt; 804 -&gt; 723 -&gt;   Toplam : 3038
215 -&gt; 124 -&gt; 237 -&gt; 935 -&gt; 804 -&gt; 723 -&gt;   Toplam : 3038
215 -&gt; 124 -&gt; 237 -&gt; 935 -&gt; 804 -&gt; 723 -&gt;   Toplam : 3038
215 -&gt; 124 -&gt; 237 -&gt; 935 -&gt; 804 -&gt; 723 -&gt;   Toplam : 3038
215 -&gt; 124 -&gt; 237 -&gt; 935 -&gt; 804 -&gt; 723 -&gt;   Toplam : 3038
215 -&gt; 124 -&gt; 237 -&gt; 935 -&gt; 804 -&gt; 723 -&gt;   Toplam : 3038
215 -&gt; 124 -&gt; 237 -&gt; 935 -&gt; 804 -&gt; 723 -&gt;   Toplam : 3038
215 -&gt; 124 -&gt; 237 -&gt; 935 -&gt; 804 -&gt; 723 -&gt;   Toplam : 3038
215 -&gt; 124 -&gt; 237 -&gt; 935 -&gt; 804 -&gt; 723 -&gt;   Toplam : 3038
215 -&gt; 124 -&gt; 237 -&gt; 935 -&gt; 804 -&gt; 723 -&gt;   Toplam : 3038
215 -&gt; 124 -&gt; 237 -&gt; 935 -&gt; 804 -&gt; 723 -&gt;   Toplam : 3038
215 -&gt; 124 -&gt; 237 -&gt; 935 -&gt; 804 -&gt; 723 -&gt;   Toplam : 3038
215 -&gt; 124 -&gt; 237 -&gt; 935 -&gt; 804 -&gt; 723 -&gt;   Toplam : 3038
215 -&gt; 124 -&gt; 237 -&gt; 935 -&gt; 804 -&gt; 723 -&gt;   Toplam : 3038
215 -&gt; 124 -&gt; 237 -&gt; 935 -&gt; 804 -&gt; 723 -&gt;   Toplam : 3038
215 -&gt; 124 -&gt; 237 -&gt; 935 -&gt; 804 -&gt; 723 -&gt;   Toplam : 3038
215 -&gt; 124 -&gt; 237 -&gt; 935 -&gt; 804 -&gt; 723 -&gt;   Toplam : 3038
215 -&gt; 124 -&gt; 237 -&gt; 935 -&gt; 804 -&gt; 723 -&gt;   Toplam : 3038
215 -&gt; 124 -&gt; 237 -&gt; 935 -&gt; 804 -&gt; 723 -&gt;   Toplam : 3038
215 -&gt; 124 -&gt; 237 -&gt; 935 -&gt; 804 -&gt; 723 -&gt;   Toplam : 3038
215 -&gt; 124 -&gt; 237 -&gt; 935 -&gt; 804 -&gt; 723 -&gt;   Toplam : 3038
215 -&gt; 124 -&gt; 237 -&gt; 935 -&gt; 804 -&gt; 723 -&gt;   Toplam : 3038
215 -&gt; 124 -&gt; 237 -&gt; 935 -&gt; 804 -&gt; 723 -&gt;   Toplam : 3038
215 -&gt; 124 -&gt; 237 -&gt; 935 -&gt; 804 -&gt; 723 -&gt;   Toplam : 3038
215 -&gt; 124 -&gt; 237 -&gt; 935 -&gt; 804 -&gt; 723 -&gt;   Toplam : 3038
215 -&gt; 124 -&gt; 237 -&gt; 935 -&gt; 804 -&gt; 723 -&gt;   Toplam : 3038
215 -&gt; 124 -&gt; 237 -&gt; 935 -&gt; 804 -&gt; 723 -&gt;   Toplam : 3038
215 -&gt; 124 -&gt; 237 -&gt; 935 -&gt; 804 -&gt; 723 -&gt;   Toplam : 3038
215 -&gt; 124 -&gt; 237 -&gt; 935 -&gt; 804 -&gt; 723 -&gt;   Toplam : 3038
215 -&gt; 124 -&gt; 237 -&gt; 935 -&gt; 804 -&gt; 723 -&gt;   Toplam : 3038
215 -&gt; 124 -&gt; 237 -&gt; 935 -&gt; 804 -&gt; 723 -&gt;   Toplam : 3038
215 -&gt; 124 -&gt; 237 -&gt; 935 -&gt; 804 -&gt; 723 -&gt;   Toplam : 3038
215 -&gt; 124 -&gt; 237 -&gt; 935 -&gt; 804 -&gt; 723 -&gt;   Toplam : 3038
215 -&gt; 124 -&gt; 237 -&gt; 935 -&gt; 804 -&gt; 723 -&gt;   Toplam : 3038
215 -&gt; 124 -&gt; 237 -&gt; 935 -&gt; 804 -&gt; 723 -&gt;   Toplam : 3038
215 -&gt; 124 -&gt; 237 -&gt; 935 -&gt; 804 -&gt; 723 -&gt;   Toplam : 3038
215 -&gt; 124 -&gt; 237 -&gt; 935 -&gt; 804 -&gt; 723 -&gt;   Toplam : 3038
215 -&gt; 124 -&gt; 237 -&gt; 935 -&gt; 804 -&gt; 723 -&gt;   Toplam : 3038
215 -&gt; 124 -&gt; 237 -&gt; 935 -&gt; 804 -&gt; 723 -&gt;   Toplam : 3038
215 -&gt; 124 -&gt; 237 -&gt; 935 -&gt; 804 -&gt; 723 -&gt;   Toplam : 3038
215 -&gt; 124 -&gt; 237 -&gt; 935 -&gt; 804 -&gt; 723 -&gt;   Toplam : 3038
215 -&gt; 124 -&gt; 237 -&gt; 935 -&gt; 804 -&gt; 723 -&gt;   Toplam : 3038
215 -&gt; 124 -&gt; 237 -&gt; 935 -&gt; 804 -&gt; 723 -&gt;   Toplam : 3038
215 -&gt; 124 -&gt; 237 -&gt; 935 -&gt; 804 -&gt; 723 -&gt;   Toplam : 3038
215 -&gt; 124 -&gt; 237 -&gt; 935 -&gt; 804 -&gt; 723 -&gt;   Toplam : 3038
215 -&gt; 124 -&gt; 237 -&gt; 935 -&gt; 804 -&gt; 723 -&gt;   Toplam : 3038
215 -&gt; 124 -&gt; 237 -&gt; 935 -&gt; 804 -&gt; 723 -&gt;   Toplam : 3038
215 -&gt; 124 -&gt; 237 -&gt; 935 -&gt; 804 -&gt; 723 -&gt;   Toplam : 3038
215 -&gt; 124 -&gt; 237 -&gt; 935 -&gt; 804 -&gt; 723 -&gt;   Toplam : 3038
215 -&gt; 124 -&gt; 237 -&gt; 935 -&gt; 804 -&gt; 723 -&gt;   Toplam : 3038
215 -&gt; 124 -&gt; 237 -&gt; 935 -&gt; 804 -&gt; 723 -&gt;   Toplam : 3038
215 -&gt; 124 -&gt; 237 -&gt; 935 -&gt; 804 -&gt; 723 -&gt;   Toplam : 3038
215 -&gt; 124 -&gt; 237 -&gt; 935 -&gt; 804 -&gt; 723 -&gt;   Toplam : 3038
215 -&gt; 124 -&gt; 237 -&gt; 935 -&gt; 804 -&gt; 723 -&gt;   Toplam : 3038
215 -&gt; 124 -&gt; 237 -&gt; 935 -&gt; 804 -&gt; 723 -&gt;   Toplam : 3038
215 -&gt; 124 -&gt; 237 -&gt; 935 -&gt; 804 -&gt; 723 -&gt;   Toplam : 3038
215 -&gt; 124 -&gt; 237 -&gt; 935 -&gt; 804 -&gt; 723 -&gt;   Toplam : 3038
215 -&gt; 124 -&gt; 237 -&gt; 935 -&gt; 804 -&gt; 723 -&gt;   Toplam : 3038
215 -&gt; 124 -&gt; 237 -&gt; 935 -&gt; 804 -&gt; 723 -&gt;   Toplam : 3038
215 -&gt; 124 -&gt; 237 -&gt; 935 -&gt; 804 -&gt; 723 -&gt;   Toplam : 3038
215 -&gt; 124 -&gt; 237 -&gt; 935 -&gt; 804 -&gt; 723 -&gt;   Toplam : 3038
215 -&gt; 124 -&gt; 237 -&gt; 935 -&gt; 804 -&gt; 723 -&gt;   Toplam : 3038
215 -&gt; 124 -&gt; 237 -&gt; 935 -&gt; 804 -&gt; 723 -&gt;   Toplam : 3038
215 -&gt; 124 -&gt; 237 -&gt; 935 -&gt; 804 -&gt; 723 -&gt;   Toplam : 3038
215 -&gt; 124 -&gt; 237 -&gt; 935 -&gt; 804 -&gt; 723 -&gt;   Toplam : 3038
215 -&gt; 124 -&gt; 237 -&gt; 935 -&gt; 804 -&gt; 723 -&gt;   Toplam : 3038
215 -&gt; 124 -&gt; 237 -&gt; 935 -&gt; 804 -&gt; 723 -&gt;   Toplam : 3038
215 -&gt; 124 -&gt; 237 -&gt; 935 -&gt; 804 -&gt; 723 -&gt;   Toplam : 3038
215 -&gt; 124 -&gt; 237 -&gt; 935 -&gt; 804 -&gt; 723 -&gt;   Toplam : 3038
215 -&gt; 124 -&gt; 237 -&gt; 935 -&gt; 804 -&gt; 723 -&gt;   Toplam : 3038
215 -&gt; 124 -&gt; 237 -&gt; 935 -&gt; 804 -&gt; 723 -&gt;   Toplam : 3038
215 -&gt; 124 -&gt; 237 -&gt; 935 -&gt; 804 -&gt; 723 -&gt;   Toplam : 3038
215 -&gt; 124 -&gt; 237 -&gt; 935 -&gt; 804 -&gt; 723 -&gt;   Toplam : 3038
215 -&gt; 124 -&gt; 237 -&gt; 935 -&gt; 804 -&gt; 723 -&gt;   Toplam : 3038
215 -&gt; 124 -&gt; 237 -&gt; 935 -&gt; 804 -&gt; 723 -&gt;   Toplam : 3038
215 -&gt; 124 -&gt; 237 -&gt; 935 -&gt; 804 -&gt; 723 -&gt;   Toplam : 3038
215 -&gt; 124 -&gt; 237 -&gt; 935 -&gt; 804 -&gt; 723 -&gt;   Toplam : 3038
215 -&gt; 124 -&gt; 237 -&gt; 935 -&gt; 804 -&gt; 723 -&gt;   Toplam : 3038
215 -&gt; 124 -&gt; 237 -&gt; 935 -&gt; 804 -&gt; 723 -&gt;   Toplam : 3038
215 -&gt; 124 -&gt; 237 -&gt; 935 -&gt; 804 -&gt; 723 -&gt;   Toplam : 3038
215 -&gt; 124 -&gt; 237 -&gt; 935 -&gt; 804 -&gt; 723 -&gt;   Toplam : 3038
215 -&gt; 124 -&gt; 237 -&gt; 935 -&gt; 804 -&gt; 723 -&gt;   Toplam : 3038
215 -&gt; 124 -&gt; 237 -&gt; 935 -&gt; 804 -&gt; 723 -&gt;   Toplam : 3038
215 -&gt; 124 -&gt; 237 -&gt; 935 -&gt; 804 -&gt; 723 -&gt;   Toplam : 3038
215 -&gt; 124 -&gt; 237 -&gt; 935 -&gt; 804 -&gt; 723 -&gt;   Toplam : 3038
215 -&gt; 124 -&gt; 237 -&gt; 935 -&gt; 804 -&gt; 723 -&gt;   Toplam : 3038
215 -&gt; 124 -&gt; 237 -&gt; 935 -&gt; 804 -&gt; 723 -&gt;   Toplam : 3038
215 -&gt; 124 -&gt; 237 -&gt; 935 -&gt; 804 -&gt; 723 -&gt;   Toplam : 3038
215 -&gt; 124 -&gt; 237 -&gt; 935 -&gt; 804 -&gt; 723 -&gt;   Toplam : 3038
215 -&gt; 124 -&gt; 237 -&gt; 935 -&gt; 804 -&gt; 723 -&gt;   Toplam : 3038
215 -&gt; 124 -&gt; 237 -&gt; 935 -&gt; 804 -&gt; 723 -&gt;   Toplam : 3038
215 -&gt; 124 -&gt; 237 -&gt; 935 -&gt; 804 -&gt; 723 -&gt;   Toplam : 3038
215 -&gt; 124 -&gt; 237 -&gt; 935 -&gt; 804 -&gt; 723 -&gt;   Toplam : 3038
215 -&gt; 124 -&gt; 237 -&gt; 935 -&gt; 804 -&gt; 723 -&gt;   Toplam : 3038
215 -&gt; 124 -&gt; 237 -&gt; 935 -&gt; 804 -&gt; 723 -&gt;   Toplam : 3038
215 -&gt; 124 -&gt; 237 -&gt; 935 -&gt; 804 -&gt; 723 -&gt;   Toplam : 3038
215 -&gt; 124 -&gt; 237 -&gt; 935 -&gt; 804 -&gt; 723 -&gt;   Toplam : 3038
215 -&gt; 124 -&gt; 237 -&gt; 935 -&gt; 804 -&gt; 723 -&gt;   Toplam : 3038
215 -&gt; 124 -&gt; 237 -&gt; 935 -&gt; 804 -&gt; 723 -&gt;   Toplam : 3038
215 -&gt; 124 -&gt; 237 -&gt; 935 -&gt; 804 -&gt; 723 -&gt;   Toplam : 3038
215 -&gt; 124 -&gt; 237 -&gt; 935 -&gt; 804 -&gt; 723 -&gt;   Toplam : 3038
215 -&gt; 124 -&gt; 237 -&gt; 935 -&gt; 804 -&gt; 723 -&gt;   Toplam : 3038
215 -&gt; 124 -&gt; 237 -&gt; 935 -&gt; 804 -&gt; 723 -&gt;   Toplam : 3038
215 -&gt; 124 -&gt; 237 -&gt; 935 -&gt; 804 -&gt; 723 -&gt;   Toplam : 3038
215 -&gt; 124 -&gt; 237 -&gt; 935 -&gt; 804 -&gt; 723 -&gt;   Toplam : 3038
215 -&gt; 124 -&gt; 237 -&gt; 935 -&gt; 804 -&gt; 723 -&gt;   Toplam : 3038
215 -&gt; 124 -&gt; 237 -&gt; 935 -&gt; 804 -&gt; 723 -&gt;   Toplam : 3038
215 -&gt; 124 -&gt; 237 -&gt; 935 -&gt; 804 -&gt; 723 -&gt;   Toplam : 3038
215 -&gt; 124 -&gt; 237 -&gt; 935 -&gt; 804 -&gt; 723 -&gt;   Toplam : 3038
215 -&gt; 124 -&gt; 237 -&gt; 935 -&gt; 804 -&gt; 723 -&gt;   Toplam : 3038
215 -&gt; 124 -&gt; 237 -&gt; 935 -&gt; 804 -&gt; 723 -&gt;   Toplam : 3038
215 -&gt; 124 -&gt; 237 -&gt; 935 -&gt; 804 -&gt; 723 -&gt;   Toplam : 3038
215 -&gt; 124 -&gt; 237 -&gt; 935 -&gt; 804 -&gt; 723 -&gt;   Toplam : 3038
215 -&gt; 124 -&gt; 237 -&gt; 935 -&gt; 804 -&gt; 723 -&gt;   Toplam : 3038
215 -&gt; 124 -&gt; 237 -&gt; 935 -&gt; 804 -&gt; 723 -&gt;   Toplam : 3038
215 -&gt; 124 -&gt; 237 -&gt; 935 -&gt; 804 -&gt; 723 -&gt;   Toplam : 3038
215 -&gt; 124 -&gt; 237 -&gt; 935 -&gt; 804 -&gt; 723 -&gt;   Toplam : 3038
215 -&gt; 124 -&gt; 237 -&gt; 935 -&gt; 804 -&gt; 723 -&gt;   Toplam : 3038
215 -&gt; 124 -&gt; 237 -&gt; 935 -&gt; 804 -&gt; 723 -&gt;   Toplam : 3038
215 -&gt; 124 -&gt; 237 -&gt; 935 -&gt; 804 -&gt; 723 -&gt;   Toplam : 3038
215 -&gt; 124 -&gt; 237 -&gt; 935 -&gt; 804 -&gt; 723 -&gt;   Toplam : 3038
215 -&gt; 124 -&gt; 237 -&gt; 935 -&gt; 804 -&gt; 723 -&gt;   Toplam : 3038
215 -&gt; 124 -&gt; 237 -&gt; 935 -&gt; 804 -&gt; 723 -&gt;   Toplam : 3038
215 -&gt; 124 -&gt; 237 -&gt; 935 -&gt; 804 -&gt; 723 -&gt;   Toplam : 3038
215 -&gt; 124 -&gt; 237 -&gt; 935 -&gt; 804 -&gt; 723 -&gt;   Toplam : 3038
215 -&gt; 124 -&gt; 237 -&gt; 935 -&gt; 804 -&gt; 723 -&gt;   Toplam : 3038
215 -&gt; 124 -&gt; 237 -&gt; 935 -&gt; 804 -&gt; 723 -&gt;   Toplam : 3038
215 -&gt; 124 -&gt; 237 -&gt; 935 -&gt; 804 -&gt; 723 -&gt;   Toplam : 3038
215 -&gt; 124 -&gt; 237 -&gt; 935 -&gt; 804 -&gt; 723 -&gt;   Toplam : 3038
215 -&gt; 124 -&gt; 237 -&gt; 935 -&gt; 804 -&gt; 723 -&gt;   Toplam : 3038
215 -&gt; 124 -&gt; 237 -&gt; 935 -&gt; 804 -&gt; 723 -&gt;   Toplam : 3038
215 -&gt; 124 -&gt; 237 -&gt; 935 -&gt; 804 -&gt; 723 -&gt;   Toplam : 3038
215 -&gt; 124 -&gt; 237 -&gt; 935 -&gt; 804 -&gt; 723 -&gt;   Toplam : 3038
215 -&gt; 124 -&gt; 237 -&gt; 935 -&gt; 804 -&gt; 723 -&gt;   Toplam : 3038
215 -&gt; 124 -&gt; 237 -&gt; 935 -&gt; 804 -&gt; 723 -&gt;   Toplam : 3038
215 -&gt; 124 -&gt; 237 -&gt; 935 -&gt; 804 -&gt; 723 -&gt;   Toplam : 3038
215 -&gt; 124 -&gt; 237 -&gt; 935 -&gt; 804 -&gt; 723 -&gt;   Toplam : 3038
215 -&gt; 124 -&gt; 237 -&gt; 935 -&gt; 804 -&gt; 723 -&gt;   Toplam : 3038
215 -&gt; 124 -&gt; 237 -&gt; 935 -&gt; 804 -&gt; 723 -&gt;   Toplam : 3038
215 -&gt; 124 -&gt; 237 -&gt; 935 -&gt; 804 -&gt; 723 -&gt;   Toplam : 3038
215 -&gt; 124 -&gt; 237 -&gt; 935 -&gt; 804 -&gt; 723 -&gt;   Toplam : 3038
215 -&gt; 124 -&gt; 237 -&gt; 935 -&gt; 804 -&gt; 723 -&gt;   Toplam : 3038
215 -&gt; 124 -&gt; 237 -&gt; 935 -&gt; 804 -&gt; 723 -&gt;   Toplam : 3038
215 -&gt; 124 -&gt; 237 -&gt; 935 -&gt; 804 -&gt; 723 -&gt;   Toplam : 3038
215 -&gt; 124 -&gt; 237 -&gt; 935 -&gt; 804 -&gt; 723 -&gt;   Toplam : 3038
215 -&gt; 124 -&gt; 237 -&gt; 935 -&gt; 804 -&gt; 723 -&gt;   Toplam : 3038
215 -&gt; 124 -&gt; 237 -&gt; 935 -&gt; 804 -&gt; 723 -&gt;   Toplam : 3038
215 -&gt; 124 -&gt; 237 -&gt; 935 -&gt; 804 -&gt; 723 -&gt;   Toplam : 3038
215 -&gt; 124 -&gt; 237 -&gt; 935 -&gt; 804 -&gt; 723 -&gt;   Toplam : 3038
215 -&gt; 124 -&gt; 237 -&gt; 935 -&gt; 804 -&gt; 723 -&gt;   Toplam : 3038
215 -&gt; 124 -&gt; 237 -&gt; 935 -&gt; 804 -&gt; 723 -&gt;   Toplam : 3038
215 -&gt; 124 -&gt; 237 -&gt; 935 -&gt; 804 -&gt; 723 -&gt;   Toplam : 3038
215 -&gt; 124 -&gt; 237 -&gt; 935 -&gt; 804 -&gt; 723 -&gt;   Toplam : 3038
215 -&gt; 124 -&gt; 237 -&gt; 935 -&gt; 804 -&gt; 723 -&gt;   Toplam : 3038
215 -&gt; 124 -&gt; 237 -&gt; 935 -&gt; 804 -&gt; 723 -&gt;   Toplam : 3038
215 -&gt; 124 -&gt; 237 -&gt; 935 -&gt; 804 -&gt; 723 -&gt;   Toplam : 3038
215 -&gt; 124 -&gt; 237 -&gt; 935 -&gt; 804 -&gt; 723 -&gt;   Toplam : 3038
215 -&gt; 124 -&gt; 237 -&gt; 935 -&gt; 804 -&gt; 723 -&gt;   Toplam : 3038
215 -&gt; 124 -&gt; 237 -&gt; 935 -&gt; 804 -&gt; 723 -&gt;   Toplam : 3038
215 -&gt; 124 -&gt; 237 -&gt; 935 -&gt; 804 -&gt; 723 -&gt;   Toplam : 3038
215 -&gt; 124 -&gt; 237 -&gt; 935 -&gt; 804 -&gt; 723 -&gt;   Toplam : 3038
215 -&gt; 124 -&gt; 237 -&gt; 935 -&gt; 804 -&gt; 723 -&gt;   Toplam : 3038
215 -&gt; 124 -&gt; 237 -&gt; 935 -&gt; 804 -&gt; 723 -&gt;   Toplam : 3038
215 -&gt; 124 -&gt; 237 -&gt; 935 -&gt; 804 -&gt; 723 -&gt;   Toplam : 3038
215 -&gt; 124 -&gt; 237 -&gt; 935 -&gt; 804 -&gt; 723 -&gt;   Toplam : 3038
215 -&gt; 124 -&gt; 237 -&gt; 935 -&gt; 804 -&gt; 723 -&gt;   Toplam : 3038
215 -&gt; 124 -&gt; 237 -&gt; 935 -&gt; 804 -&gt; 723 -&gt;   Toplam : 3038
215 -&gt; 124 -&gt; 237 -&gt; 935 -&gt; 804 -&gt; 723 -&gt;   Toplam : 3038
215 -&gt; 124 -&gt; 237 -&gt; 935 -&gt; 804 -&gt; 723 -&gt;   Toplam : 3038
215 -&gt; 124 -&gt; 237 -&gt; 935 -&gt; 804 -&gt; 723 -&gt;   Toplam : 3038
215 -&gt; 124 -&gt; 237 -&gt; 935 -&gt; 804 -&gt; 723 -&gt;   Toplam : 3038
215 -&gt; 124 -&gt; 237 -&gt; 935 -&gt; 804 -&gt; 723 -&gt;   Toplam : 3038
215 -&gt; 124 -&gt; 237 -&gt; 935 -&gt; 804 -&gt; 723 -&gt;   Toplam : 3038
215 -&gt; 124 -&gt; 237 -&gt; 935 -&gt; 804 -&gt; 723 -&gt;   Toplam : 3038
215 -&gt; 124 -&gt; 237 -&gt; 935 -&gt; 804 -&gt; 723 -&gt;   Toplam : 3038
215 -&gt; 124 -&gt; 237 -&gt; 935 -&gt; 804 -&gt; 723 -&gt;   Toplam : 3038
215 -&gt; 124 -&gt; 237 -&gt; 935 -&gt; 804 -&gt; 723 -&gt;   Toplam : 3038
215 -&gt; 124 -&gt; 237 -&gt; 935 -&gt; 804 -&gt; 723 -&gt;   Toplam : 3038
215 -&gt; 124 -&gt; 237 -&gt; 935 -&gt; 804 -&gt; 723 -&gt;   Toplam : 3038
215 -&gt; 124 -&gt; 237 -&gt; 935 -&gt; 804 -&gt; 723 -&gt;   Toplam : 3038
215 -&gt; 124 -&gt; 237 -&gt; 935 -&gt; 804 -&gt; 723 -&gt;   Toplam : 3038
215 -&gt; 124 -&gt; 237 -&gt; 935 -&gt; 804 -&gt; 723 -&gt;   Toplam : 3038
215 -&gt; 124 -&gt; 237 -&gt; 935 -&gt; 804 -&gt; 723 -&gt;   Toplam : 3038
215 -&gt; 124 -&gt; 237 -&gt; 935 -&gt; 804 -&gt; 723 -&gt;   Toplam : 3038
215 -&gt; 124 -&gt; 237 -&gt; 935 -&gt; 804 -&gt; 723 -&gt;   Toplam : 3038
215 -&gt; 124 -&gt; 237 -&gt; 935 -&gt; 804 -&gt; 723 -&gt;   Toplam : 3038
215 -&gt; 124 -&gt; 237 -&gt; 935 -&gt; 804 -&gt; 723 -&gt;   Toplam : 3038
215 -&gt; 124 -&gt; 237 -&gt; 935 -&gt; 804 -&gt; 723 -&gt;   Toplam : 3038
215 -&gt; 124 -&gt; 237 -&gt; 935 -&gt; 804 -&gt; 723 -&gt;   Toplam : 3038
215 -&gt; 124 -&gt; 237 -&gt; 935 -&gt; 804 -&gt; 723 -&gt;   Toplam : 3038
215 -&gt; 124 -&gt; 237 -&gt; 935 -&gt; 804 -&gt; 723 -&gt;   Toplam : 3038
215 -&gt; 124 -&gt; 237 -&gt; 935 -&gt; 804 -&gt; 723 -&gt;   Toplam : 3038
215 -&gt; 124 -&gt; 237 -&gt; 935 -&gt; 804 -&gt; 723 -&gt;   Toplam : 3038
215 -&gt; 124 -&gt; 237 -&gt; 935 -&gt; 804 -&gt; 723 -&gt;   Toplam : 3038
215 -&gt; 124 -&gt; 237 -&gt; 935 -&gt; 804 -&gt; 723 -&gt;   Toplam : 3038
215 -&gt; 124 -&gt; 237 -&gt; 935 -&gt; 804 -&gt; 723 -&gt;   Toplam : 3038
215 -&gt; 124 -&gt; 237 -&gt; 935 -&gt; 804 -&gt; 723 -&gt;   Toplam : 3038
215 -&gt; 124 -&gt; 237 -&gt; 935 -&gt; 804 -&gt; 723 -&gt;   Toplam : 3038
215 -&gt; 124 -&gt; 237 -&gt; 935 -&gt; 804 -&gt; 723 -&gt;   Toplam : 3038
215 -&gt; 124 -&gt; 237 -&gt; 935 -&gt; 804 -&gt; 723 -&gt;   Toplam : 3038
215 -&gt; 124 -&gt; 237 -&gt; 935 -&gt; 804 -&gt; 723 -&gt;   Toplam : 3038
215 -&gt; 124 -&gt; 237 -&gt; 935 -&gt; 804 -&gt; 723 -&gt;   Toplam : 3038
215 -&gt; 124 -&gt; 237 -&gt; 935 -&gt; 804 -&gt; 723 -&gt;   Toplam : 3038
215 -&gt; 124 -&gt; 237 -&gt; 935 -&gt; 804 -&gt; 723 -&gt;   Toplam : 3038
215 -&gt; 124 -&gt; 237 -&gt; 935 -&gt; 804 -&gt; 723 -&gt;   Toplam : 3038
215 -&gt; 124 -&gt; 237 -&gt; 935 -&gt; 804 -&gt; 723 -&gt;   Toplam : 3038
215 -&gt; 124 -&gt; 237 -&gt; 935 -&gt; 804 -&gt; 723 -&gt;   Toplam : 3038
215 -&gt; 124 -&gt; 237 -&gt; 935 -&gt; 804 -&gt; 723 -&gt;   Toplam : 3038
215 -&gt; 124 -&gt; 237 -&gt; 935 -&gt; 804 -&gt; 723 -&gt;   Toplam : 3038
215 -&gt; 124 -&gt; 237 -&gt; 935 -&gt; 804 -&gt; 723 -&gt;   Toplam : 3038
215 -&gt; 124 -&gt; 237 -&gt; 935 -&gt; 804 -&gt; 723 -&gt;   Toplam : 3038
215 -&gt; 124 -&gt; 237 -&gt; 935 -&gt; 804 -&gt; 723 -&gt;   Toplam : 3038
215 -&gt; 124 -&gt; 237 -&gt; 935 -&gt; 804 -&gt; 723 -&gt;   Toplam : 3038
215 -&gt; 124 -&gt; 237 -&gt; 935 -&gt; 804 -&gt; 723 -&gt;   Toplam : 3038
215 -&gt; 124 -&gt; 237 -&gt; 935 -&gt; 804 -&gt; 723 -&gt;   Toplam : 3038
215 -&gt; 124 -&gt; 237 -&gt; 935 -&gt; 804 -&gt; 723 -&gt;   Toplam : 3038
215 -&gt; 124 -&gt; 237 -&gt; 935 -&gt; 804 -&gt; 723 -&gt;   Toplam : 3038
215 -&gt; 124 -&gt; 237 -&gt; 935 -&gt; 804 -&gt; 723 -&gt;   Toplam : 3038
215 -&gt; 124 -&gt; 237 -&gt; 935 -&gt; 804 -&gt; 723 -&gt;   Toplam : 3038
215 -&gt; 124 -&gt; 237 -&gt; 935 -&gt; 804 -&gt; 723 -&gt;   Toplam : 3038
215 -&gt; 124 -&gt; 237 -&gt; 935 -&gt; 804 -&gt; 723 -&gt;   Toplam : 3038
215 -&gt; 124 -&gt; 237 -&gt; 935 -&gt; 804 -&gt; 723 -&gt;   Toplam : 3038
215 -&gt; 124 -&gt; 237 -&gt; 935 -&gt; 804 -&gt; 723 -&gt;   Toplam : 3038
215 -&gt; 124 -&gt; 237 -&gt; 935 -&gt; 804 -&gt; 723 -&gt;   Toplam : 3038
215 -&gt; 124 -&gt; 237 -&gt; 935 -&gt; 804 -&gt; 723 -&gt;   Toplam : 3038
215 -&gt; 124 -&gt; 237 -&gt; 935 -&gt; 804 -&gt; 723 -&gt;   Toplam : 3038
215 -&gt; 124 -&gt; 237 -&gt; 935 -&gt; 804 -&gt; 723 -&gt;   Toplam : 3038
215 -&gt; 124 -&gt; 237 -&gt; 935 -&gt; 804 -&gt; 723 -&gt;   Toplam : 3038
215 -&gt; 124 -&gt; 237 -&gt; 935 -&gt; 804 -&gt; 723 -&gt;   Toplam : 3038
215 -&gt; 124 -&gt; 237 -&gt; 935 -&gt; 804 -&gt; 723 -&gt;   Toplam : 3038
215 -&gt; 124 -&gt; 237 -&gt; 935 -&gt; 804 -&gt; 723 -&gt;   Toplam : 3038
215 -&gt; 124 -&gt; 237 -&gt; 935 -&gt; 804 -&gt; 723 -&gt;   Toplam : 3038
215 -&gt; 124 -&gt; 237 -&gt; 935 -&gt; 804 -&gt; 723 -&gt;   Toplam : 3038
215 -&gt; 124 -&gt; 237 -&gt; 935 -&gt; 804 -&gt; 723 -&gt;   Toplam : 3038
215 -&gt; 124 -&gt; 237 -&gt; 935 -&gt; 804 -&gt; 723 -&gt;   Toplam : 3038
215 -&gt; 124 -&gt; 237 -&gt; 935 -&gt; 804 -&gt; 723 -&gt;   Toplam : 3038
215 -&gt; 124 -&gt; 237 -&gt; 935 -&gt; 804 -&gt; 723 -&gt;   Toplam : 3038
215 -&gt; 124 -&gt; 237 -&gt; 935 -&gt; 804 -&gt; 723 -&gt;   Toplam : 3038
215 -&gt; 124 -&gt; 237 -&gt; 935 -&gt; 804 -&gt; 723 -&gt;   Toplam : 3038
215 -&gt; 124 -&gt; 237 -&gt; 935 -&gt; 804 -&gt; 723 -&gt;   Toplam : 3038
215 -&gt; 124 -&gt; 237 -&gt; 935 -&gt; 804 -&gt; 723 -&gt;   Toplam : 3038
215 -&gt; 124 -&gt; 237 -&gt; 935 -&gt; 804 -&gt; 723 -&gt;   Toplam : 3038
215 -&gt; 124 -&gt; 237 -&gt; 935 -&gt; 804 -&gt; 723 -&gt;   Toplam : 3038
215 -&gt; 124 -&gt; 237 -&gt; 935 -&gt; 804 -&gt; 723 -&gt;   Toplam : 3038
215 -&gt; 124 -&gt; 237 -&gt; 935 -&gt; 804 -&gt; 723 -&gt;   Toplam : 3038
215 -&gt; 124 -&gt; 237 -&gt; 935 -&gt; 804 -&gt; 723 -&gt;   Toplam : 3038
215 -&gt; 124 -&gt; 237 -&gt; 935 -&gt; 804 -&gt; 723 -&gt;   Toplam : 3038
215 -&gt; 124 -&gt; 237 -&gt; 935 -&gt; 804 -&gt; 723 -&gt;   Toplam : 3038
215 -&gt; 124 -&gt; 237 -&gt; 935 -&gt; 804 -&gt; 723 -&gt;   Toplam : 3038
215 -&gt; 124 -&gt; 237 -&gt; 935 -&gt; 804 -&gt; 723 -&gt;   Toplam : 3038
215 -&gt; 124 -&gt; 237 -&gt; 935 -&gt; 804 -&gt; 723 -&gt;   Toplam : 3038
215 -&gt; 124 -&gt; 237 -&gt; 935 -&gt; 804 -&gt; 723 -&gt;   Toplam : 3038
215 -&gt; 124 -&gt; 237 -&gt; 935 -&gt; 804 -&gt; 723 -&gt;   Toplam : 3038
215 -&gt; 124 -&gt; 237 -&gt; 935 -&gt; 804 -&gt; 723 -&gt;   Toplam : 3038
215 -&gt; 124 -&gt; 237 -&gt; 935 -&gt; 804 -&gt; 723 -&gt;   Toplam : 3038
215 -&gt; 124 -&gt; 237 -&gt; 935 -&gt; 804 -&gt; 723 -&gt;   Toplam : 3038
215 -&gt; 124 -&gt; 237 -&gt; 935 -&gt; 804 -&gt; 723 -&gt;   Toplam : 3038
215 -&gt; 124 -&gt; 237 -&gt; 935 -&gt; 804 -&gt; 723 -&gt;   Toplam : 3038
215 -&gt; 124 -&gt; 237 -&gt; 935 -&gt; 804 -&gt; 723 -&gt;   Toplam : 3038
215 -&gt; 124 -&gt; 237 -&gt; 935 -&gt; 804 -&gt; 723 -&gt;   Toplam : 3038
215 -&gt; 124 -&gt; 237 -&gt; 935 -&gt; 804 -&gt; 723 -&gt;   Toplam : 3038
215 -&gt; 124 -&gt; 237 -&gt; 935 -&gt; 804 -&gt; 723 -&gt;   Toplam : 3038
215 -&gt; 124 -&gt; 237 -&gt; 935 -&gt; 804 -&gt; 723 -&gt;   Toplam : 3038
215 -&gt; 124 -&gt; 237 -&gt; 935 -&gt; 804 -&gt; 723 -&gt;   Toplam : 3038
215 -&gt; 124 -&gt; 237 -&gt; 935 -&gt; 804 -&gt; 723 -&gt;   Toplam : 3038
215 -&gt; 124 -&gt; 237 -&gt; 935 -&gt; 804 -&gt; 723 -&gt;   Toplam : 3038
215 -&gt; 124 -&gt; 237 -&gt; 935 -&gt; 804 -&gt; 723 -&gt;   Toplam : 3038
215 -&gt; 124 -&gt; 237 -&gt; 935 -&gt; 804 -&gt; 723 -&gt;   Toplam : 3038
215 -&gt; 124 -&gt; 237 -&gt; 935 -&gt; 804 -&gt; 723 -&gt;   Toplam : 3038
215 -&gt; 124 -&gt; 237 -&gt; 935 -&gt; 804 -&gt; 723 -&gt;   Toplam : 3038
215 -&gt; 124 -&gt; 237 -&gt; 935 -&gt; 804 -&gt; 723 -&gt;   Toplam : 3038
215 -&gt; 124 -&gt; 237 -&gt; 935 -&gt; 804 -&gt; 723 -&gt;   Toplam : 3038
215 -&gt; 124 -&gt; 237 -&gt; 935 -&gt; 804 -&gt; 723 -&gt;   Toplam : 3038
215 -&gt; 124 -&gt; 237 -&gt; 935 -&gt; 804 -&gt; 723 -&gt;   Toplam : 3038
215 -&gt; 124 -&gt; 237 -&gt; 935 -&gt; 804 -&gt; 723 -&gt;   Toplam : 3038
215 -&gt; 124 -&gt; 237 -&gt; 935 -&gt; 804 -&gt; 723 -&gt;   Toplam : 3038
215 -&gt; 124 -&gt; 237 -&gt; 935 -&gt; 804 -&gt; 723 -&gt;   Toplam : 3038
215 -&gt; 124 -&gt; 237 -&gt; 935 -&gt; 804 -&gt; 723 -&gt;   Toplam : 3038
215 -&gt; 124 -&gt; 237 -&gt; 935 -&gt; 804 -&gt; 723 -&gt;   Toplam : 3038
215 -&gt; 124 -&gt; 237 -&gt; 935 -&gt; 804 -&gt; 723 -&gt;   Toplam : 3038
215 -&gt; 124 -&gt; 237 -&gt; 935 -&gt; 804 -&gt; 723 -&gt;   Toplam : 3038
215 -&gt; 124 -&gt; 237 -&gt; 935 -&gt; 804 -&gt; 723 -&gt;   Toplam : 3038
215 -&gt; 124 -&gt; 237 -&gt; 935 -&gt; 804 -&gt; 723 -&gt;   Toplam : 3038
215 -&gt; 124 -&gt; 237 -&gt; 935 -&gt; 804 -&gt; 723 -&gt;   Toplam : 3038
215 -&gt; 124 -&gt; 237 -&gt; 935 -&gt; 804 -&gt; 723 -&gt;   Toplam : 3038
215 -&gt; 124 -&gt; 237 -&gt; 935 -&gt; 804 -&gt; 723 -&gt;   Toplam : 3038
215 -&gt; 124 -&gt; 237 -&gt; 935 -&gt; 804 -&gt; 723 -&gt;   Toplam : 3038
215 -&gt; 124 -&gt; 237 -&gt; 935 -&gt; 804 -&gt; 723 -&gt;   Toplam : 3038
215 -&gt; 124 -&gt; 237 -&gt; 935 -&gt; 804 -&gt; 723 -&gt;   Toplam : 3038
215 -&gt; 124 -&gt; 237 -&gt; 935 -&gt; 804 -&gt; 723 -&gt;   Toplam : 3038
215 -&gt; 124 -&gt; 237 -&gt; 935 -&gt; 804 -&gt; 723 -&gt;   Toplam : 3038
215 -&gt; 124 -&gt; 237 -&gt; 935 -&gt; 804 -&gt; 723 -&gt;   Toplam : 3038
215 -&gt; 124 -&gt; 237 -&gt; 935 -&gt; 804 -&gt; 723 -&gt;   Toplam : 3038
215 -&gt; 124 -&gt; 237 -&gt; 935 -&gt; 804 -&gt; 723 -&gt;   Toplam : 3038
215 -&gt; 124 -&gt; 237 -&gt; 935 -&gt; 804 -&gt; 723 -&gt;   Toplam : 3038
215 -&gt; 124 -&gt; 237 -&gt; 935 -&gt; 804 -&gt; 723 -&gt;   Toplam : 3038
215 -&gt; 124 -&gt; 237 -&gt; 935 -&gt; 804 -&gt; 723 -&gt;   Toplam : 3038
215 -&gt; 124 -&gt; 237 -&gt; 935 -&gt; 804 -&gt; 723 -&gt;   Toplam : 3038
215 -&gt; 124 -&gt; 237 -&gt; 935 -&gt; 804 -&gt; 723 -&gt;   Toplam : 3038
215 -&gt; 124 -&gt; 237 -&gt; 935 -&gt; 804 -&gt; 723 -&gt;   Toplam : 3038
215 -&gt; 124 -&gt; 237 -&gt; 935 -&gt; 804 -&gt; 723 -&gt;   Toplam : 3038
215 -&gt; 124 -&gt; 237 -&gt; 935 -&gt; 804 -&gt; 723 -&gt;   Toplam : 3038
215 -&gt; 124 -&gt; 237 -&gt; 935 -&gt; 804 -&gt; 723 -&gt;   Toplam : 3038
215 -&gt; 124 -&gt; 237 -&gt; 935 -&gt; 804 -&gt; 723 -&gt;   Toplam : 3038
215 -&gt; 124 -&gt; 237 -&gt; 935 -&gt; 804 -&gt; 723 -&gt;   Toplam : 3038
215 -&gt; 124 -&gt; 237 -&gt; 935 -&gt; 804 -&gt; 723 -&gt;   Toplam : 3038
215 -&gt; 124 -&gt; 237 -&gt; 935 -&gt; 804 -&gt; 723 -&gt;   Toplam : 3038
215 -&gt; 124 -&gt; 237 -&gt; 935 -&gt; 804 -&gt; 723 -&gt;   Toplam : 3038
215 -&gt; 124 -&gt; 237 -&gt; 935 -&gt; 804 -&gt; 723 -&gt;   Toplam : 3038
215 -&gt; 124 -&gt; 237 -&gt; 935 -&gt; 804 -&gt; 723 -&gt;   Toplam : 3038
215 -&gt; 124 -&gt; 237 -&gt; 935 -&gt; 804 -&gt; 723 -&gt;   Toplam : 3038
215 -&gt; 124 -&gt; 237 -&gt; 935 -&gt; 804 -&gt; 723 -&gt;   Toplam : 3038
215 -&gt; 124 -&gt; 237 -&gt; 935 -&gt; 804 -&gt; 723 -&gt;   Toplam : 3038
215 -&gt; 124 -&gt; 237 -&gt; 935 -&gt; 804 -&gt; 723 -&gt;   Toplam : 3038
215 -&gt; 124 -&gt; 237 -&gt; 935 -&gt; 804 -&gt; 723 -&gt;   Toplam : 3038
215 -&gt; 124 -&gt; 237 -&gt; 935 -&gt; 804 -&gt; 723 -&gt;   Toplam : 3038
215 -&gt; 124 -&gt; 237 -&gt; 935 -&gt; 804 -&gt; 723 -&gt;   Toplam : 3038
215 -&gt; 124 -&gt; 237 -&gt; 935 -&gt; 804 -&gt; 723 -&gt;   Toplam : 3038
215 -&gt; 124 -&gt; 237 -&gt; 935 -&gt; 804 -&gt; 723 -&gt;   Toplam : 3038
215 -&gt; 124 -&gt; 237 -&gt; 935 -&gt; 804 -&gt; 723 -&gt;   Toplam : 3038
215 -&gt; 124 -&gt; 237 -&gt; 935 -&gt; 804 -&gt; 723 -&gt;   Toplam : 3038
215 -&gt; 124 -&gt; 237 -&gt; 935 -&gt; 804 -&gt; 723 -&gt;   Toplam : 3038
215 -&gt; 124 -&gt; 237 -&gt; 935 -&gt; 804 -&gt; 723 -&gt;   Toplam : 3038
215 -&gt; 124 -&gt; 237 -&gt; 935 -&gt; 804 -&gt; 723 -&gt;   Toplam : 3038
215 -&gt; 124 -&gt; 237 -&gt; 935 -&gt; 804 -&gt; 723 -&gt;   Toplam : 3038
215 -&gt; 124 -&gt; 237 -&gt; 935 -&gt; 804 -&gt; 723 -&gt;   Toplam : 3038
215 -&gt; 124 -&gt; 237 -&gt; 935 -&gt; 804 -&gt; 723 -&gt;   Toplam : 3038
215 -&gt; 124 -&gt; 237 -&gt; 935 -&gt; 804 -&gt; 723 -&gt;   Toplam : 3038
215 -&gt; 124 -&gt; 237 -&gt; 935 -&gt; 804 -&gt; 723 -&gt;   Toplam : 3038
215 -&gt; 124 -&gt; 237 -&gt; 935 -&gt; 804 -&gt; 723 -&gt;   Toplam : 3038
215 -&gt; 124 -&gt; 237 -&gt; 935 -&gt; 804 -&gt; 723 -&gt;   Toplam : 3038
215 -&gt; 124 -&gt; 237 -&gt; 935 -&gt; 804 -&gt; 723 -&gt;   Toplam : 3038
215 -&gt; 124 -&gt; 237 -&gt; 935 -&gt; 804 -&gt; 723 -&gt;   Toplam : 3038
215 -&gt; 124 -&gt; 237 -&gt; 935 -&gt; 804 -&gt; 723 -&gt;   Toplam : 3038
215 -&gt; 124 -&gt; 237 -&gt; 935 -&gt; 804 -&gt; 723 -&gt;   Toplam : 3038
215 -&gt; 124 -&gt; 237 -&gt; 935 -&gt; 804 -&gt; 723 -&gt;   Toplam : 3038
215 -&gt; 124 -&gt; 237 -&gt; 935 -&gt; 804 -&gt; 723 -&gt;   Toplam : 3038
215 -&gt; 124 -&gt; 237 -&gt; 935 -&gt; 804 -&gt; 723 -&gt;   Toplam : 3038
215 -&gt; 124 -&gt; 237 -&gt; 935 -&gt; 804 -&gt; 723 -&gt;   Toplam : 3038
215 -&gt; 124 -&gt; 237 -&gt; 935 -&gt; 804 -&gt; 723 -&gt;   Toplam : 3038
215 -&gt; 124 -&gt; 237 -&gt; 935 -&gt; 804 -&gt; 723 -&gt;   Toplam : 3038
215 -&gt; 124 -&gt; 237 -&gt; 935 -&gt; 804 -&gt; 723 -&gt;   Toplam : 3038
215 -&gt; 124 -&gt; 237 -&gt; 935 -&gt; 804 -&gt; 723 -&gt;   Toplam : 3038
215 -&gt; 124 -&gt; 237 -&gt; 935 -&gt; 522 -&gt; 723 -&gt;   Toplam : 2756
215 -&gt; 124 -&gt; 237 -&gt; 935 -&gt; 522 -&gt; 723 -&gt;   Toplam : 2756
215 -&gt; 124 -&gt; 237 -&gt; 935 -&gt; 522 -&gt; 723 -&gt;   Toplam : 2756
215 -&gt; 124 -&gt; 237 -&gt; 935 -&gt; 522 -&gt; 723 -&gt;   Toplam : 2756
215 -&gt; 124 -&gt; 237 -&gt; 935 -&gt; 522 -&gt; 723 -&gt;   Toplam : 2756
215 -&gt; 124 -&gt; 237 -&gt; 935 -&gt; 522 -&gt; 723 -&gt;   Toplam : 2756
215 -&gt; 124 -&gt; 237 -&gt; 935 -&gt; 522 -&gt; 723 -&gt;   Toplam : 2756
215 -&gt; 124 -&gt; 237 -&gt; 935 -&gt; 522 -&gt; 723 -&gt;   Toplam : 2756
215 -&gt; 124 -&gt; 237 -&gt; 935 -&gt; 522 -&gt; 723 -&gt;   Toplam : 2756
215 -&gt; 124 -&gt; 237 -&gt; 935 -&gt; 522 -&gt; 723 -&gt;   Toplam : 2756
215 -&gt; 124 -&gt; 237 -&gt; 935 -&gt; 522 -&gt; 723 -&gt;   Toplam : 2756
215 -&gt; 124 -&gt; 237 -&gt; 935 -&gt; 522 -&gt; 723 -&gt;   Toplam : 2756
215 -&gt; 124 -&gt; 237 -&gt; 935 -&gt; 522 -&gt; 723 -&gt;   Toplam : 2756
215 -&gt; 124 -&gt; 237 -&gt; 935 -&gt; 522 -&gt; 723 -&gt;   Toplam : 2756
215 -&gt; 124 -&gt; 237 -&gt; 935 -&gt; 522 -&gt; 723 -&gt;   Toplam : 2756
215 -&gt; 124 -&gt; 237 -&gt; 935 -&gt; 522 -&gt; 723 -&gt;   Toplam : 2756
215 -&gt; 124 -&gt; 237 -&gt; 935 -&gt; 522 -&gt; 723 -&gt;   Toplam : 2756
215 -&gt; 124 -&gt; 237 -&gt; 935 -&gt; 522 -&gt; 723 -&gt;   Toplam : 2756
215 -&gt; 124 -&gt; 237 -&gt; 935 -&gt; 522 -&gt; 723 -&gt;   Toplam : 2756
215 -&gt; 124 -&gt; 237 -&gt; 935 -&gt; 522 -&gt; 723 -&gt;   Toplam : 2756
215 -&gt; 124 -&gt; 237 -&gt; 935 -&gt; 522 -&gt; 723 -&gt;   Toplam : 2756
215 -&gt; 124 -&gt; 237 -&gt; 935 -&gt; 522 -&gt; 723 -&gt;   Toplam : 2756
215 -&gt; 124 -&gt; 237 -&gt; 935 -&gt; 522 -&gt; 723 -&gt;   Toplam : 2756
215 -&gt; 124 -&gt; 237 -&gt; 935 -&gt; 522 -&gt; 723 -&gt;   Toplam : 2756
215 -&gt; 124 -&gt; 237 -&gt; 935 -&gt; 522 -&gt; 723 -&gt;   Toplam : 2756
215 -&gt; 124 -&gt; 237 -&gt; 935 -&gt; 522 -&gt; 723 -&gt;   Toplam : 2756
215 -&gt; 124 -&gt; 237 -&gt; 935 -&gt; 522 -&gt; 723 -&gt;   Toplam : 2756
215 -&gt; 124 -&gt; 237 -&gt; 935 -&gt; 522 -&gt; 723 -&gt;   Toplam : 2756
215 -&gt; 124 -&gt; 237 -&gt; 935 -&gt; 522 -&gt; 723 -&gt;   Toplam : 2756
215 -&gt; 124 -&gt; 237 -&gt; 935 -&gt; 522 -&gt; 723 -&gt;   Toplam : 2756
215 -&gt; 124 -&gt; 237 -&gt; 935 -&gt; 522 -&gt; 723 -&gt;   Toplam : 2756
215 -&gt; 124 -&gt; 237 -&gt; 935 -&gt; 522 -&gt; 723 -&gt;   Toplam : 2756
215 -&gt; 124 -&gt; 237 -&gt; 935 -&gt; 522 -&gt; 723 -&gt;   Toplam : 2756
215 -&gt; 124 -&gt; 237 -&gt; 935 -&gt; 522 -&gt; 723 -&gt;   Toplam : 2756
215 -&gt; 124 -&gt; 237 -&gt; 935 -&gt; 522 -&gt; 723 -&gt;   Toplam : 2756
215 -&gt; 124 -&gt; 237 -&gt; 935 -&gt; 522 -&gt; 723 -&gt;   Toplam : 2756
215 -&gt; 124 -&gt; 237 -&gt; 935 -&gt; 522 -&gt; 723 -&gt;   Toplam : 2756
215 -&gt; 124 -&gt; 237 -&gt; 935 -&gt; 522 -&gt; 723 -&gt;   Toplam : 2756
215 -&gt; 124 -&gt; 237 -&gt; 935 -&gt; 522 -&gt; 723 -&gt;   Toplam : 2756
215 -&gt; 124 -&gt; 237 -&gt; 935 -&gt; 522 -&gt; 723 -&gt;   Toplam : 2756
215 -&gt; 124 -&gt; 237 -&gt; 935 -&gt; 522 -&gt; 723 -&gt;   Toplam : 2756
215 -&gt; 124 -&gt; 237 -&gt; 935 -&gt; 522 -&gt; 723 -&gt;   Toplam : 2756
215 -&gt; 124 -&gt; 237 -&gt; 935 -&gt; 522 -&gt; 723 -&gt;   Toplam : 2756
215 -&gt; 124 -&gt; 237 -&gt; 935 -&gt; 522 -&gt; 723 -&gt;   Toplam : 2756
215 -&gt; 124 -&gt; 237 -&gt; 935 -&gt; 522 -&gt; 723 -&gt;   Toplam : 2756
215 -&gt; 124 -&gt; 237 -&gt; 935 -&gt; 522 -&gt; 723 -&gt;   Toplam : 2756
215 -&gt; 124 -&gt; 237 -&gt; 935 -&gt; 522 -&gt; 723 -&gt;   Toplam : 2756
215 -&gt; 124 -&gt; 237 -&gt; 935 -&gt; 522 -&gt; 723 -&gt;   Toplam : 2756
215 -&gt; 124 -&gt; 237 -&gt; 935 -&gt; 522 -&gt; 723 -&gt;   Toplam : 2756
215 -&gt; 124 -&gt; 237 -&gt; 935 -&gt; 522 -&gt; 723 -&gt;   Toplam : 2756
215 -&gt; 124 -&gt; 237 -&gt; 935 -&gt; 522 -&gt; 723 -&gt;   Toplam : 2756
215 -&gt; 124 -&gt; 237 -&gt; 935 -&gt; 522 -&gt; 723 -&gt;   Toplam : 2756
215 -&gt; 124 -&gt; 237 -&gt; 935 -&gt; 522 -&gt; 723 -&gt;   Toplam : 2756
215 -&gt; 124 -&gt; 237 -&gt; 935 -&gt; 522 -&gt; 723 -&gt;   Toplam : 2756
215 -&gt; 124 -&gt; 237 -&gt; 935 -&gt; 522 -&gt; 723 -&gt;   Toplam : 2756
215 -&gt; 124 -&gt; 237 -&gt; 935 -&gt; 522 -&gt; 723 -&gt;   Toplam : 2756
215 -&gt; 124 -&gt; 237 -&gt; 935 -&gt; 522 -&gt; 723 -&gt;   Toplam : 2756
215 -&gt; 124 -&gt; 237 -&gt; 935 -&gt; 522 -&gt; 723 -&gt;   Toplam : 2756
215 -&gt; 124 -&gt; 237 -&gt; 935 -&gt; 522 -&gt; 723 -&gt;   Toplam : 2756
215 -&gt; 124 -&gt; 237 -&gt; 935 -&gt; 522 -&gt; 723 -&gt;   Toplam : 2756
215 -&gt; 124 -&gt; 237 -&gt; 935 -&gt; 522 -&gt; 723 -&gt;   Toplam : 2756
215 -&gt; 124 -&gt; 237 -&gt; 935 -&gt; 522 -&gt; 723 -&gt;   Toplam : 2756
215 -&gt; 124 -&gt; 237 -&gt; 935 -&gt; 522 -&gt; 723 -&gt;   Toplam : 2756
215 -&gt; 124 -&gt; 237 -&gt; 935 -&gt; 522 -&gt; 723 -&gt;   Toplam : 2756
215 -&gt; 124 -&gt; 237 -&gt; 935 -&gt; 522 -&gt; 723 -&gt;   Toplam : 2756
215 -&gt; 124 -&gt; 237 -&gt; 935 -&gt; 522 -&gt; 723 -&gt;   Toplam : 2756
215 -&gt; 124 -&gt; 237 -&gt; 935 -&gt; 522 -&gt; 723 -&gt;   Toplam : 2756
215 -&gt; 124 -&gt; 237 -&gt; 935 -&gt; 522 -&gt; 723 -&gt;   Toplam : 2756
215 -&gt; 124 -&gt; 237 -&gt; 935 -&gt; 522 -&gt; 723 -&gt;   Toplam : 2756
215 -&gt; 124 -&gt; 237 -&gt; 935 -&gt; 522 -&gt; 723 -&gt;   Toplam : 2756
215 -&gt; 124 -&gt; 237 -&gt; 935 -&gt; 522 -&gt; 723 -&gt;   Toplam : 2756
215 -&gt; 124 -&gt; 237 -&gt; 935 -&gt; 522 -&gt; 723 -&gt;   Toplam : 2756
215 -&gt; 124 -&gt; 237 -&gt; 935 -&gt; 522 -&gt; 723 -&gt;   Toplam : 2756
215 -&gt; 124 -&gt; 237 -&gt; 935 -&gt; 522 -&gt; 723 -&gt;   Toplam : 2756
215 -&gt; 124 -&gt; 237 -&gt; 935 -&gt; 522 -&gt; 723 -&gt;   Toplam : 2756
215 -&gt; 124 -&gt; 237 -&gt; 935 -&gt; 522 -&gt; 723 -&gt;   Toplam : 2756
215 -&gt; 124 -&gt; 237 -&gt; 935 -&gt; 522 -&gt; 723 -&gt;   Toplam : 2756
215 -&gt; 124 -&gt; 237 -&gt; 935 -&gt; 522 -&gt; 723 -&gt;   Toplam : 2756
215 -&gt; 124 -&gt; 237 -&gt; 935 -&gt; 522 -&gt; 723 -&gt;   Toplam : 2756
215 -&gt; 124 -&gt; 237 -&gt; 935 -&gt; 522 -&gt; 723 -&gt;   Toplam : 2756
215 -&gt; 124 -&gt; 237 -&gt; 935 -&gt; 522 -&gt; 723 -&gt;   Toplam : 2756
215 -&gt; 124 -&gt; 237 -&gt; 935 -&gt; 522 -&gt; 723 -&gt;   Toplam : 2756
215 -&gt; 124 -&gt; 237 -&gt; 935 -&gt; 522 -&gt; 723 -&gt;   Toplam : 2756
215 -&gt; 124 -&gt; 237 -&gt; 935 -&gt; 522 -&gt; 723 -&gt;   Toplam : 2756
215 -&gt; 124 -&gt; 237 -&gt; 935 -&gt; 522 -&gt; 723 -&gt;   Toplam : 2756
215 -&gt; 124 -&gt; 237 -&gt; 935 -&gt; 522 -&gt; 723 -&gt;   Toplam : 2756
215 -&gt; 124 -&gt; 237 -&gt; 935 -&gt; 522 -&gt; 723 -&gt;   Toplam : 2756
215 -&gt; 124 -&gt; 237 -&gt; 935 -&gt; 522 -&gt; 723 -&gt;   Toplam : 2756
215 -&gt; 124 -&gt; 237 -&gt; 935 -&gt; 522 -&gt; 723 -&gt;   Toplam : 2756
215 -&gt; 124 -&gt; 237 -&gt; 935 -&gt; 522 -&gt; 723 -&gt;   Toplam : 2756
215 -&gt; 124 -&gt; 237 -&gt; 935 -&gt; 522 -&gt; 723 -&gt;   Toplam : 2756
215 -&gt; 124 -&gt; 237 -&gt; 935 -&gt; 522 -&gt; 723 -&gt;   Toplam : 2756
215 -&gt; 124 -&gt; 237 -&gt; 935 -&gt; 522 -&gt; 723 -&gt;   Toplam : 2756
215 -&gt; 124 -&gt; 237 -&gt; 935 -&gt; 522 -&gt; 723 -&gt;   Toplam : 2756
215 -&gt; 124 -&gt; 237 -&gt; 935 -&gt; 522 -&gt; 723 -&gt;   Toplam : 2756
215 -&gt; 124 -&gt; 237 -&gt; 935 -&gt; 522 -&gt; 723 -&gt;   Toplam : 2756
215 -&gt; 124 -&gt; 237 -&gt; 935 -&gt; 522 -&gt; 723 -&gt;   Toplam : 2756
215 -&gt; 124 -&gt; 237 -&gt; 935 -&gt; 522 -&gt; 723 -&gt;   Toplam : 2756
215 -&gt; 124 -&gt; 237 -&gt; 935 -&gt; 522 -&gt; 723 -&gt;   Toplam : 2756
215 -&gt; 124 -&gt; 237 -&gt; 935 -&gt; 522 -&gt; 723 -&gt;   Toplam : 2756
215 -&gt; 124 -&gt; 237 -&gt; 935 -&gt; 522 -&gt; 723 -&gt;   Toplam : 2756
215 -&gt; 124 -&gt; 237 -&gt; 935 -&gt; 522 -&gt; 723 -&gt;   Toplam : 2756
215 -&gt; 124 -&gt; 237 -&gt; 935 -&gt; 522 -&gt; 723 -&gt;   Toplam : 2756
215 -&gt; 124 -&gt; 237 -&gt; 935 -&gt; 522 -&gt; 723 -&gt;   Toplam : 2756
215 -&gt; 124 -&gt; 237 -&gt; 935 -&gt; 522 -&gt; 723 -&gt;   Toplam : 2756
215 -&gt; 124 -&gt; 237 -&gt; 935 -&gt; 522 -&gt; 723 -&gt;   Toplam : 2756
215 -&gt; 124 -&gt; 237 -&gt; 935 -&gt; 522 -&gt; 723 -&gt;   Toplam : 2756
215 -&gt; 124 -&gt; 237 -&gt; 935 -&gt; 522 -&gt; 723 -&gt;   Toplam : 2756
215 -&gt; 124 -&gt; 237 -&gt; 935 -&gt; 522 -&gt; 723 -&gt;   Toplam : 2756
215 -&gt; 124 -&gt; 237 -&gt; 935 -&gt; 522 -&gt; 723 -&gt;   Toplam : 2756
215 -&gt; 124 -&gt; 237 -&gt; 935 -&gt; 522 -&gt; 723 -&gt;   Toplam : 2756
215 -&gt; 124 -&gt; 237 -&gt; 935 -&gt; 522 -&gt; 723 -&gt;   Toplam : 2756
215 -&gt; 124 -&gt; 237 -&gt; 935 -&gt; 522 -&gt; 723 -&gt;   Toplam : 2756
215 -&gt; 124 -&gt; 237 -&gt; 935 -&gt; 522 -&gt; 723 -&gt;   Toplam : 2756
215 -&gt; 124 -&gt; 237 -&gt; 935 -&gt; 522 -&gt; 723 -&gt;   Toplam : 2756
215 -&gt; 124 -&gt; 237 -&gt; 935 -&gt; 522 -&gt; 723 -&gt;   Toplam : 2756
215 -&gt; 124 -&gt; 237 -&gt; 935 -&gt; 522 -&gt; 723 -&gt;   Toplam : 2756
215 -&gt; 124 -&gt; 237 -&gt; 935 -&gt; 522 -&gt; 723 -&gt;   Toplam : 2756
215 -&gt; 124 -&gt; 237 -&gt; 935 -&gt; 522 -&gt; 723 -&gt;   Toplam : 2756
215 -&gt; 124 -&gt; 237 -&gt; 935 -&gt; 522 -&gt; 723 -&gt;   Toplam : 2756
215 -&gt; 124 -&gt; 237 -&gt; 935 -&gt; 522 -&gt; 723 -&gt;   Toplam : 2756
215 -&gt; 124 -&gt; 237 -&gt; 935 -&gt; 522 -&gt; 723 -&gt;   Toplam : 2756
215 -&gt; 124 -&gt; 237 -&gt; 935 -&gt; 522 -&gt; 723 -&gt;   Toplam : 2756
215 -&gt; 124 -&gt; 237 -&gt; 935 -&gt; 522 -&gt; 723 -&gt;   Toplam : 2756
215 -&gt; 124 -&gt; 237 -&gt; 935 -&gt; 522 -&gt; 723 -&gt;   Toplam : 2756
215 -&gt; 124 -&gt; 237 -&gt; 935 -&gt; 522 -&gt; 723 -&gt;   Toplam : 2756
215 -&gt; 124 -&gt; 237 -&gt; 935 -&gt; 522 -&gt; 723 -&gt;   Toplam : 2756
215 -&gt; 124 -&gt; 237 -&gt; 935 -&gt; 522 -&gt; 723 -&gt;   Toplam : 2756
215 -&gt; 124 -&gt; 237 -&gt; 935 -&gt; 522 -&gt; 723 -&gt;   Toplam : 2756
215 -&gt; 124 -&gt; 237 -&gt; 935 -&gt; 522 -&gt; 723 -&gt;   Toplam : 2756
215 -&gt; 124 -&gt; 237 -&gt; 935 -&gt; 522 -&gt; 723 -&gt;   Toplam : 2756
215 -&gt; 124 -&gt; 237 -&gt; 935 -&gt; 522 -&gt; 723 -&gt;   Toplam : 2756
215 -&gt; 124 -&gt; 237 -&gt; 935 -&gt; 522 -&gt; 723 -&gt;   Toplam : 2756
215 -&gt; 124 -&gt; 237 -&gt; 935 -&gt; 522 -&gt; 723 -&gt;   Toplam : 2756
215 -&gt; 124 -&gt; 237 -&gt; 935 -&gt; 522 -&gt; 723 -&gt;   Toplam : 2756
215 -&gt; 124 -&gt; 237 -&gt; 935 -&gt; 522 -&gt; 723 -&gt;   Toplam : 2756
215 -&gt; 124 -&gt; 237 -&gt; 935 -&gt; 522 -&gt; 723 -&gt;   Toplam : 2756
215 -&gt; 124 -&gt; 237 -&gt; 935 -&gt; 522 -&gt; 723 -&gt;   Toplam : 2756
215 -&gt; 124 -&gt; 237 -&gt; 935 -&gt; 522 -&gt; 723 -&gt;   Toplam : 2756
215 -&gt; 124 -&gt; 237 -&gt; 935 -&gt; 522 -&gt; 723 -&gt;   Toplam : 2756
215 -&gt; 124 -&gt; 237 -&gt; 935 -&gt; 522 -&gt; 723 -&gt;   Toplam : 2756
215 -&gt; 124 -&gt; 237 -&gt; 935 -&gt; 522 -&gt; 723 -&gt;   Toplam : 2756
215 -&gt; 124 -&gt; 237 -&gt; 935 -&gt; 522 -&gt; 723 -&gt;   Toplam : 2756
215 -&gt; 124 -&gt; 237 -&gt; 935 -&gt; 522 -&gt; 723 -&gt;   Toplam : 2756
215 -&gt; 124 -&gt; 237 -&gt; 935 -&gt; 522 -&gt; 723 -&gt;   Toplam : 2756
215 -&gt; 124 -&gt; 237 -&gt; 935 -&gt; 522 -&gt; 723 -&gt;   Toplam : 2756
215 -&gt; 124 -&gt; 237 -&gt; 935 -&gt; 522 -&gt; 723 -&gt;   Toplam : 2756
215 -&gt; 124 -&gt; 237 -&gt; 935 -&gt; 522 -&gt; 723 -&gt;   Toplam : 2756
215 -&gt; 124 -&gt; 237 -&gt; 935 -&gt; 522 -&gt; 723 -&gt;   Toplam : 2756
215 -&gt; 124 -&gt; 237 -&gt; 935 -&gt; 522 -&gt; 723 -&gt;   Toplam : 2756
215 -&gt; 124 -&gt; 237 -&gt; 935 -&gt; 522 -&gt; 723 -&gt;   Toplam : 2756
215 -&gt; 124 -&gt; 237 -&gt; 935 -&gt; 522 -&gt; 723 -&gt;   Toplam : 2756
215 -&gt; 124 -&gt; 237 -&gt; 935 -&gt; 522 -&gt; 723 -&gt;   Toplam : 2756
215 -&gt; 124 -&gt; 237 -&gt; 935 -&gt; 522 -&gt; 723 -&gt;   Toplam : 2756
215 -&gt; 124 -&gt; 237 -&gt; 935 -&gt; 522 -&gt; 723 -&gt;   Toplam : 2756
215 -&gt; 124 -&gt; 237 -&gt; 935 -&gt; 522 -&gt; 723 -&gt;   Toplam : 2756
215 -&gt; 124 -&gt; 237 -&gt; 935 -&gt; 522 -&gt; 723 -&gt;   Toplam : 2756
215 -&gt; 124 -&gt; 237 -&gt; 935 -&gt; 522 -&gt; 723 -&gt;   Toplam : 2756
215 -&gt; 124 -&gt; 237 -&gt; 935 -&gt; 522 -&gt; 723 -&gt;   Toplam : 2756
215 -&gt; 124 -&gt; 237 -&gt; 935 -&gt; 522 -&gt; 723 -&gt;   Toplam : 2756
215 -&gt; 124 -&gt; 237 -&gt; 935 -&gt; 522 -&gt; 723 -&gt;   Toplam : 2756
215 -&gt; 124 -&gt; 237 -&gt; 935 -&gt; 522 -&gt; 723 -&gt;   Toplam : 2756
215 -&gt; 124 -&gt; 237 -&gt; 935 -&gt; 522 -&gt; 723 -&gt;   Toplam : 2756
215 -&gt; 124 -&gt; 237 -&gt; 935 -&gt; 522 -&gt; 723 -&gt;   Toplam : 2756
215 -&gt; 124 -&gt; 237 -&gt; 935 -&gt; 522 -&gt; 723 -&gt;   Toplam : 2756
215 -&gt; 124 -&gt; 237 -&gt; 935 -&gt; 522 -&gt; 723 -&gt;   Toplam : 2756
215 -&gt; 124 -&gt; 237 -&gt; 935 -&gt; 522 -&gt; 723 -&gt;   Toplam : 2756
215 -&gt; 124 -&gt; 237 -&gt; 935 -&gt; 522 -&gt; 723 -&gt;   Toplam : 2756
215 -&gt; 124 -&gt; 237 -&gt; 935 -&gt; 522 -&gt; 723 -&gt;   Toplam : 2756
215 -&gt; 124 -&gt; 237 -&gt; 935 -&gt; 522 -&gt; 723 -&gt;   Toplam : 2756
215 -&gt; 124 -&gt; 237 -&gt; 935 -&gt; 522 -&gt; 723 -&gt;   Toplam : 2756
215 -&gt; 124 -&gt; 237 -&gt; 935 -&gt; 522 -&gt; 723 -&gt;   Toplam : 2756
215 -&gt; 124 -&gt; 237 -&gt; 935 -&gt; 522 -&gt; 723 -&gt;   Toplam : 2756
215 -&gt; 124 -&gt; 237 -&gt; 935 -&gt; 522 -&gt; 723 -&gt;   Toplam : 2756
215 -&gt; 124 -&gt; 237 -&gt; 935 -&gt; 522 -&gt; 723 -&gt;   Toplam : 2756
215 -&gt; 124 -&gt; 237 -&gt; 935 -&gt; 522 -&gt; 723 -&gt;   Toplam : 2756
215 -&gt; 124 -&gt; 237 -&gt; 935 -&gt; 522 -&gt; 723 -&gt;   Toplam : 2756
215 -&gt; 124 -&gt; 237 -&gt; 935 -&gt; 522 -&gt; 723 -&gt;   Toplam : 2756
215 -&gt; 124 -&gt; 237 -&gt; 935 -&gt; 522 -&gt; 723 -&gt;   Toplam : 2756
215 -&gt; 124 -&gt; 237 -&gt; 935 -&gt; 522 -&gt; 723 -&gt;   Toplam : 2756
215 -&gt; 124 -&gt; 237 -&gt; 935 -&gt; 522 -&gt; 723 -&gt;   Toplam : 2756
215 -&gt; 124 -&gt; 237 -&gt; 935 -&gt; 522 -&gt; 723 -&gt;   Toplam : 2756
215 -&gt; 124 -&gt; 237 -&gt; 935 -&gt; 522 -&gt; 723 -&gt;   Toplam : 2756
215 -&gt; 124 -&gt; 237 -&gt; 935 -&gt; 522 -&gt; 723 -&gt;   Toplam : 2756
215 -&gt; 124 -&gt; 237 -&gt; 935 -&gt; 522 -&gt; 723 -&gt;   Toplam : 2756
215 -&gt; 124 -&gt; 237 -&gt; 935 -&gt; 522 -&gt; 723 -&gt;   Toplam : 2756
215 -&gt; 124 -&gt; 237 -&gt; 935 -&gt; 522 -&gt; 723 -&gt;   Toplam : 2756
215 -&gt; 124 -&gt; 237 -&gt; 935 -&gt; 522 -&gt; 723 -&gt;   Toplam : 2756
215 -&gt; 124 -&gt; 237 -&gt; 935 -&gt; 522 -&gt; 723 -&gt;   Toplam : 2756
215 -&gt; 124 -&gt; 237 -&gt; 935 -&gt; 522 -&gt; 723 -&gt;   Toplam : 2756
215 -&gt; 124 -&gt; 237 -&gt; 935 -&gt; 522 -&gt; 723 -&gt;   Toplam : 2756
215 -&gt; 124 -&gt; 237 -&gt; 935 -&gt; 522 -&gt; 723 -&gt;   Toplam : 2756
215 -&gt; 124 -&gt; 237 -&gt; 935 -&gt; 522 -&gt; 723 -&gt;   Toplam : 2756
215 -&gt; 124 -&gt; 237 -&gt; 935 -&gt; 522 -&gt; 723 -&gt;   Toplam : 2756
215 -&gt; 124 -&gt; 237 -&gt; 935 -&gt; 522 -&gt; 723 -&gt;   Toplam : 2756
215 -&gt; 124 -&gt; 237 -&gt; 935 -&gt; 522 -&gt; 723 -&gt;   Toplam : 2756
215 -&gt; 124 -&gt; 237 -&gt; 935 -&gt; 522 -&gt; 723 -&gt;   Toplam : 2756
215 -&gt; 124 -&gt; 237 -&gt; 935 -&gt; 522 -&gt; 723 -&gt;   Toplam : 2756
215 -&gt; 124 -&gt; 237 -&gt; 935 -&gt; 522 -&gt; 723 -&gt;   Toplam : 2756
215 -&gt; 124 -&gt; 237 -&gt; 935 -&gt; 522 -&gt; 723 -&gt;   Toplam : 2756
215 -&gt; 124 -&gt; 237 -&gt; 935 -&gt; 522 -&gt; 723 -&gt;   Toplam : 2756
215 -&gt; 124 -&gt; 237 -&gt; 935 -&gt; 522 -&gt; 723 -&gt;   Toplam : 2756
215 -&gt; 124 -&gt; 237 -&gt; 935 -&gt; 522 -&gt; 723 -&gt;   Toplam : 2756
215 -&gt; 124 -&gt; 237 -&gt; 935 -&gt; 522 -&gt; 723 -&gt;   Toplam : 2756
215 -&gt; 124 -&gt; 237 -&gt; 935 -&gt; 522 -&gt; 723 -&gt;   Toplam : 2756
215 -&gt; 124 -&gt; 237 -&gt; 935 -&gt; 522 -&gt; 723 -&gt;   Toplam : 2756
215 -&gt; 124 -&gt; 237 -&gt; 935 -&gt; 522 -&gt; 723 -&gt;   Toplam : 2756
215 -&gt; 124 -&gt; 237 -&gt; 935 -&gt; 522 -&gt; 723 -&gt;   Toplam : 2756
215 -&gt; 124 -&gt; 237 -&gt; 935 -&gt; 522 -&gt; 723 -&gt;   Toplam : 2756
215 -&gt; 124 -&gt; 237 -&gt; 935 -&gt; 522 -&gt; 723 -&gt;   Toplam : 2756
215 -&gt; 124 -&gt; 237 -&gt; 935 -&gt; 522 -&gt; 723 -&gt;   Toplam : 2756
215 -&gt; 124 -&gt; 237 -&gt; 935 -&gt; 522 -&gt; 723 -&gt;   Toplam : 2756
215 -&gt; 124 -&gt; 237 -&gt; 935 -&gt; 522 -&gt; 723 -&gt;   Toplam : 2756
215 -&gt; 124 -&gt; 237 -&gt; 935 -&gt; 522 -&gt; 723 -&gt;   Toplam : 2756
215 -&gt; 124 -&gt; 237 -&gt; 935 -&gt; 522 -&gt; 723 -&gt;   Toplam : 2756
215 -&gt; 124 -&gt; 237 -&gt; 935 -&gt; 522 -&gt; 723 -&gt;   Toplam : 2756
215 -&gt; 124 -&gt; 237 -&gt; 935 -&gt; 522 -&gt; 723 -&gt;   Toplam : 2756
215 -&gt; 124 -&gt; 237 -&gt; 935 -&gt; 522 -&gt; 723 -&gt;   Toplam : 2756
215 -&gt; 124 -&gt; 237 -&gt; 935 -&gt; 522 -&gt; 723 -&gt;   Toplam : 2756
215 -&gt; 124 -&gt; 237 -&gt; 935 -&gt; 522 -&gt; 723 -&gt;   Toplam : 2756
215 -&gt; 124 -&gt; 237 -&gt; 935 -&gt; 522 -&gt; 723 -&gt;   Toplam : 2756
215 -&gt; 124 -&gt; 237 -&gt; 935 -&gt; 522 -&gt; 723 -&gt;   Toplam : 2756
215 -&gt; 124 -&gt; 237 -&gt; 935 -&gt; 522 -&gt; 723 -&gt;   Toplam : 2756
215 -&gt; 124 -&gt; 237 -&gt; 935 -&gt; 522 -&gt; 723 -&gt;   Toplam : 2756
215 -&gt; 124 -&gt; 237 -&gt; 935 -&gt; 522 -&gt; 723 -&gt;   Toplam : 2756
215 -&gt; 124 -&gt; 237 -&gt; 935 -&gt; 522 -&gt; 723 -&gt;   Toplam : 2756
215 -&gt; 124 -&gt; 237 -&gt; 935 -&gt; 522 -&gt; 723 -&gt;   Toplam : 2756
215 -&gt; 124 -&gt; 237 -&gt; 935 -&gt; 522 -&gt; 723 -&gt;   Toplam : 2756
215 -&gt; 124 -&gt; 237 -&gt; 935 -&gt; 522 -&gt; 723 -&gt;   Toplam : 2756
215 -&gt; 124 -&gt; 237 -&gt; 935 -&gt; 522 -&gt; 723 -&gt;   Toplam : 2756
215 -&gt; 124 -&gt; 237 -&gt; 935 -&gt; 522 -&gt; 723 -&gt;   Toplam : 2756
215 -&gt; 124 -&gt; 237 -&gt; 935 -&gt; 522 -&gt; 723 -&gt;   Toplam : 2756
215 -&gt; 124 -&gt; 237 -&gt; 935 -&gt; 522 -&gt; 723 -&gt;   Toplam : 2756
215 -&gt; 124 -&gt; 237 -&gt; 935 -&gt; 522 -&gt; 723 -&gt;   Toplam : 2756
215 -&gt; 124 -&gt; 237 -&gt; 935 -&gt; 522 -&gt; 723 -&gt;   Toplam : 2756
215 -&gt; 124 -&gt; 237 -&gt; 935 -&gt; 522 -&gt; 723 -&gt;   Toplam : 2756
215 -&gt; 124 -&gt; 237 -&gt; 935 -&gt; 522 -&gt; 723 -&gt;   Toplam : 2756
215 -&gt; 124 -&gt; 237 -&gt; 935 -&gt; 522 -&gt; 723 -&gt;   Toplam : 2756
215 -&gt; 124 -&gt; 237 -&gt; 935 -&gt; 522 -&gt; 723 -&gt;   Toplam : 2756
215 -&gt; 124 -&gt; 237 -&gt; 935 -&gt; 522 -&gt; 723 -&gt;   Toplam : 2756
215 -&gt; 124 -&gt; 237 -&gt; 935 -&gt; 522 -&gt; 723 -&gt;   Toplam : 2756
215 -&gt; 124 -&gt; 237 -&gt; 935 -&gt; 522 -&gt; 723 -&gt;   Toplam : 2756
215 -&gt; 124 -&gt; 237 -&gt; 935 -&gt; 522 -&gt; 723 -&gt;   Toplam : 2756
215 -&gt; 124 -&gt; 237 -&gt; 935 -&gt; 522 -&gt; 723 -&gt;   Toplam : 2756
215 -&gt; 124 -&gt; 237 -&gt; 935 -&gt; 522 -&gt; 723 -&gt;   Toplam : 2756
215 -&gt; 124 -&gt; 237 -&gt; 935 -&gt; 522 -&gt; 723 -&gt;   Toplam : 2756
215 -&gt; 124 -&gt; 237 -&gt; 935 -&gt; 522 -&gt; 723 -&gt;   Toplam : 2756
215 -&gt; 124 -&gt; 237 -&gt; 935 -&gt; 522 -&gt; 723 -&gt;   Toplam : 2756
215 -&gt; 124 -&gt; 237 -&gt; 935 -&gt; 522 -&gt; 723 -&gt;   Toplam : 2756
215 -&gt; 124 -&gt; 237 -&gt; 935 -&gt; 522 -&gt; 723 -&gt;   Toplam : 2756
215 -&gt; 124 -&gt; 237 -&gt; 935 -&gt; 522 -&gt; 723 -&gt;   Toplam : 2756
215 -&gt; 124 -&gt; 237 -&gt; 935 -&gt; 522 -&gt; 723 -&gt;   Toplam : 2756
215 -&gt; 124 -&gt; 237 -&gt; 935 -&gt; 522 -&gt; 723 -&gt;   Toplam : 2756
215 -&gt; 124 -&gt; 237 -&gt; 935 -&gt; 522 -&gt; 723 -&gt;   Toplam : 2756
215 -&gt; 124 -&gt; 237 -&gt; 935 -&gt; 522 -&gt; 723 -&gt;   Toplam : 2756
215 -&gt; 124 -&gt; 237 -&gt; 935 -&gt; 522 -&gt; 723 -&gt;   Toplam : 2756
215 -&gt; 124 -&gt; 237 -&gt; 935 -&gt; 522 -&gt; 723 -&gt;   Toplam : 2756
215 -&gt; 124 -&gt; 237 -&gt; 935 -&gt; 522 -&gt; 723 -&gt;   Toplam : 2756
215 -&gt; 124 -&gt; 237 -&gt; 935 -&gt; 522 -&gt; 723 -&gt;   Toplam : 2756
215 -&gt; 124 -&gt; 237 -&gt; 935 -&gt; 522 -&gt; 723 -&gt;   Toplam : 2756
215 -&gt; 124 -&gt; 237 -&gt; 935 -&gt; 522 -&gt; 723 -&gt;   Toplam : 2756
215 -&gt; 124 -&gt; 237 -&gt; 935 -&gt; 522 -&gt; 723 -&gt;   Toplam : 2756
215 -&gt; 124 -&gt; 237 -&gt; 935 -&gt; 522 -&gt; 723 -&gt;   Toplam : 2756
215 -&gt; 124 -&gt; 237 -&gt; 935 -&gt; 522 -&gt; 723 -&gt;   Toplam : 2756
215 -&gt; 124 -&gt; 237 -&gt; 935 -&gt; 522 -&gt; 723 -&gt;   Toplam : 2756
215 -&gt; 124 -&gt; 237 -&gt; 935 -&gt; 522 -&gt; 723 -&gt;   Toplam : 2756
215 -&gt; 124 -&gt; 237 -&gt; 935 -&gt; 522 -&gt; 723 -&gt;   Toplam : 2756
215 -&gt; 124 -&gt; 237 -&gt; 935 -&gt; 522 -&gt; 723 -&gt;   Toplam : 2756
215 -&gt; 124 -&gt; 237 -&gt; 935 -&gt; 522 -&gt; 723 -&gt;   Toplam : 2756
215 -&gt; 124 -&gt; 237 -&gt; 935 -&gt; 522 -&gt; 723 -&gt;   Toplam : 2756
215 -&gt; 124 -&gt; 237 -&gt; 935 -&gt; 522 -&gt; 723 -&gt;   Toplam : 2756
215 -&gt; 124 -&gt; 237 -&gt; 935 -&gt; 522 -&gt; 723 -&gt;   Toplam : 2756
215 -&gt; 124 -&gt; 237 -&gt; 935 -&gt; 522 -&gt; 723 -&gt;   Toplam : 2756
215 -&gt; 124 -&gt; 237 -&gt; 935 -&gt; 522 -&gt; 723 -&gt;   Toplam : 2756
215 -&gt; 124 -&gt; 237 -&gt; 935 -&gt; 522 -&gt; 723 -&gt;   Toplam : 2756
215 -&gt; 124 -&gt; 237 -&gt; 935 -&gt; 522 -&gt; 723 -&gt;   Toplam : 2756
215 -&gt; 124 -&gt; 237 -&gt; 935 -&gt; 522 -&gt; 723 -&gt;   Toplam : 2756
215 -&gt; 124 -&gt; 237 -&gt; 935 -&gt; 522 -&gt; 723 -&gt;   Toplam : 2756
215 -&gt; 124 -&gt; 237 -&gt; 935 -&gt; 522 -&gt; 723 -&gt;   Toplam : 2756
215 -&gt; 124 -&gt; 237 -&gt; 935 -&gt; 522 -&gt; 723 -&gt;   Toplam : 2756
215 -&gt; 124 -&gt; 237 -&gt; 935 -&gt; 522 -&gt; 723 -&gt;   Toplam : 2756
215 -&gt; 124 -&gt; 237 -&gt; 935 -&gt; 522 -&gt; 723 -&gt;   Toplam : 2756
215 -&gt; 124 -&gt; 237 -&gt; 935 -&gt; 522 -&gt; 723 -&gt;   Toplam : 2756
215 -&gt; 124 -&gt; 237 -&gt; 935 -&gt; 522 -&gt; 723 -&gt;   Toplam : 2756
215 -&gt; 124 -&gt; 237 -&gt; 935 -&gt; 522 -&gt; 723 -&gt;   Toplam : 2756
215 -&gt; 124 -&gt; 237 -&gt; 935 -&gt; 522 -&gt; 723 -&gt;   Toplam : 2756
215 -&gt; 124 -&gt; 237 -&gt; 935 -&gt; 522 -&gt; 723 -&gt;   Toplam : 2756
215 -&gt; 124 -&gt; 237 -&gt; 935 -&gt; 522 -&gt; 723 -&gt;   Toplam : 2756
215 -&gt; 124 -&gt; 237 -&gt; 935 -&gt; 522 -&gt; 723 -&gt;   Toplam : 2756
215 -&gt; 124 -&gt; 237 -&gt; 935 -&gt; 522 -&gt; 723 -&gt;   Toplam : 2756
215 -&gt; 124 -&gt; 237 -&gt; 935 -&gt; 522 -&gt; 723 -&gt;   Toplam : 2756
215 -&gt; 124 -&gt; 237 -&gt; 935 -&gt; 522 -&gt; 723 -&gt;   Toplam : 2756
215 -&gt; 124 -&gt; 237 -&gt; 935 -&gt; 522 -&gt; 723 -&gt;   Toplam : 2756
215 -&gt; 124 -&gt; 237 -&gt; 935 -&gt; 522 -&gt; 723 -&gt;   Toplam : 2756
215 -&gt; 124 -&gt; 237 -&gt; 935 -&gt; 522 -&gt; 723 -&gt;   Toplam : 2756
215 -&gt; 124 -&gt; 237 -&gt; 935 -&gt; 522 -&gt; 723 -&gt;   Toplam : 2756
215 -&gt; 124 -&gt; 237 -&gt; 935 -&gt; 522 -&gt; 723 -&gt;   Toplam : 2756
215 -&gt; 124 -&gt; 237 -&gt; 935 -&gt; 522 -&gt; 723 -&gt;   Toplam : 2756
215 -&gt; 124 -&gt; 237 -&gt; 935 -&gt; 522 -&gt; 723 -&gt;   Toplam : 2756
215 -&gt; 124 -&gt; 237 -&gt; 935 -&gt; 522 -&gt; 723 -&gt;   Toplam : 2756
215 -&gt; 124 -&gt; 237 -&gt; 935 -&gt; 522 -&gt; 723 -&gt;   Toplam : 2756
215 -&gt; 124 -&gt; 237 -&gt; 935 -&gt; 522 -&gt; 723 -&gt;   Toplam : 2756
215 -&gt; 124 -&gt; 237 -&gt; 935 -&gt; 522 -&gt; 723 -&gt;   Toplam : 2756
215 -&gt; 124 -&gt; 237 -&gt; 935 -&gt; 522 -&gt; 723 -&gt;   Toplam : 2756
215 -&gt; 124 -&gt; 237 -&gt; 935 -&gt; 522 -&gt; 723 -&gt;   Toplam : 2756
215 -&gt; 124 -&gt; 237 -&gt; 935 -&gt; 522 -&gt; 723 -&gt;   Toplam : 2756
215 -&gt; 124 -&gt; 237 -&gt; 935 -&gt; 522 -&gt; 723 -&gt;   Toplam : 2756
215 -&gt; 124 -&gt; 237 -&gt; 935 -&gt; 522 -&gt; 723 -&gt;   Toplam : 2756
215 -&gt; 124 -&gt; 237 -&gt; 935 -&gt; 522 -&gt; 723 -&gt;   Toplam : 2756
215 -&gt; 124 -&gt; 237 -&gt; 935 -&gt; 522 -&gt; 723 -&gt;   Toplam : 2756
215 -&gt; 124 -&gt; 237 -&gt; 935 -&gt; 522 -&gt; 723 -&gt;   Toplam : 2756
215 -&gt; 124 -&gt; 237 -&gt; 935 -&gt; 522 -&gt; 723 -&gt;   Toplam : 2756
215 -&gt; 124 -&gt; 237 -&gt; 935 -&gt; 522 -&gt; 723 -&gt;   Toplam : 2756
215 -&gt; 124 -&gt; 237 -&gt; 935 -&gt; 522 -&gt; 723 -&gt;   Toplam : 2756
215 -&gt; 124 -&gt; 237 -&gt; 935 -&gt; 522 -&gt; 723 -&gt;   Toplam : 2756
215 -&gt; 124 -&gt; 237 -&gt; 935 -&gt; 522 -&gt; 723 -&gt;   Toplam : 2756
215 -&gt; 124 -&gt; 237 -&gt; 935 -&gt; 522 -&gt; 723 -&gt;   Toplam : 2756
215 -&gt; 124 -&gt; 237 -&gt; 935 -&gt; 522 -&gt; 723 -&gt;   Toplam : 2756
215 -&gt; 124 -&gt; 237 -&gt; 935 -&gt; 522 -&gt; 723 -&gt;   Toplam : 2756
215 -&gt; 124 -&gt; 237 -&gt; 935 -&gt; 522 -&gt; 723 -&gt;   Toplam : 2756
215 -&gt; 124 -&gt; 237 -&gt; 935 -&gt; 522 -&gt; 723 -&gt;   Toplam : 2756
215 -&gt; 124 -&gt; 237 -&gt; 935 -&gt; 522 -&gt; 723 -&gt;   Toplam : 2756
215 -&gt; 124 -&gt; 237 -&gt; 935 -&gt; 522 -&gt; 723 -&gt;   Toplam : 2756
215 -&gt; 124 -&gt; 237 -&gt; 935 -&gt; 522 -&gt; 723 -&gt;   Toplam : 2756
215 -&gt; 124 -&gt; 237 -&gt; 935 -&gt; 522 -&gt; 723 -&gt;   Toplam : 2756
215 -&gt; 124 -&gt; 237 -&gt; 935 -&gt; 522 -&gt; 723 -&gt;   Toplam : 2756
215 -&gt; 124 -&gt; 237 -&gt; 935 -&gt; 522 -&gt; 723 -&gt;   Toplam : 2756
215 -&gt; 124 -&gt; 237 -&gt; 935 -&gt; 522 -&gt; 723 -&gt;   Toplam : 2756
215 -&gt; 124 -&gt; 237 -&gt; 935 -&gt; 522 -&gt; 723 -&gt;   Toplam : 2756
215 -&gt; 124 -&gt; 237 -&gt; 935 -&gt; 522 -&gt; 723 -&gt;   Toplam : 2756
215 -&gt; 124 -&gt; 237 -&gt; 935 -&gt; 522 -&gt; 723 -&gt;   Toplam : 2756
215 -&gt; 124 -&gt; 237 -&gt; 935 -&gt; 522 -&gt; 723 -&gt;   Toplam : 2756
215 -&gt; 124 -&gt; 237 -&gt; 935 -&gt; 522 -&gt; 723 -&gt;   Toplam : 2756
215 -&gt; 124 -&gt; 237 -&gt; 935 -&gt; 522 -&gt; 723 -&gt;   Toplam : 2756
215 -&gt; 124 -&gt; 237 -&gt; 935 -&gt; 522 -&gt; 723 -&gt;   Toplam : 2756
215 -&gt; 124 -&gt; 237 -&gt; 935 -&gt; 522 -&gt; 723 -&gt;   Toplam : 2756
215 -&gt; 124 -&gt; 237 -&gt; 935 -&gt; 522 -&gt; 723 -&gt;   Toplam : 2756
215 -&gt; 124 -&gt; 237 -&gt; 935 -&gt; 522 -&gt; 723 -&gt;   Toplam : 2756
215 -&gt; 124 -&gt; 237 -&gt; 935 -&gt; 522 -&gt; 723 -&gt;   Toplam : 2756
215 -&gt; 124 -&gt; 237 -&gt; 935 -&gt; 522 -&gt; 723 -&gt;   Toplam : 2756
215 -&gt; 124 -&gt; 237 -&gt; 935 -&gt; 522 -&gt; 723 -&gt;   Toplam : 2756
215 -&gt; 124 -&gt; 237 -&gt; 935 -&gt; 522 -&gt; 723 -&gt;   Toplam : 2756
215 -&gt; 124 -&gt; 237 -&gt; 935 -&gt; 522 -&gt; 723 -&gt;   Toplam : 2756
215 -&gt; 124 -&gt; 237 -&gt; 935 -&gt; 522 -&gt; 723 -&gt;   Toplam : 2756
215 -&gt; 124 -&gt; 237 -&gt; 935 -&gt; 522 -&gt; 723 -&gt;   Toplam : 2756
215 -&gt; 124 -&gt; 237 -&gt; 935 -&gt; 522 -&gt; 723 -&gt;   Toplam : 2756
215 -&gt; 124 -&gt; 237 -&gt; 935 -&gt; 522 -&gt; 723 -&gt;   Toplam : 2756
215 -&gt; 124 -&gt; 237 -&gt; 935 -&gt; 522 -&gt; 723 -&gt;   Toplam : 2756
215 -&gt; 124 -&gt; 237 -&gt; 935 -&gt; 522 -&gt; 723 -&gt;   Toplam : 2756
215 -&gt; 124 -&gt; 237 -&gt; 935 -&gt; 522 -&gt; 723 -&gt;   Toplam : 2756
215 -&gt; 124 -&gt; 237 -&gt; 935 -&gt; 522 -&gt; 723 -&gt;   Toplam : 2756
215 -&gt; 124 -&gt; 237 -&gt; 935 -&gt; 522 -&gt; 723 -&gt;   Toplam : 2756
215 -&gt; 124 -&gt; 237 -&gt; 935 -&gt; 522 -&gt; 723 -&gt;   Toplam : 2756
215 -&gt; 124 -&gt; 237 -&gt; 935 -&gt; 522 -&gt; 723 -&gt;   Toplam : 2756
215 -&gt; 124 -&gt; 237 -&gt; 935 -&gt; 522 -&gt; 723 -&gt;   Toplam : 2756
215 -&gt; 124 -&gt; 237 -&gt; 935 -&gt; 522 -&gt; 723 -&gt;   Toplam : 2756
215 -&gt; 124 -&gt; 237 -&gt; 935 -&gt; 522 -&gt; 723 -&gt;   Toplam : 2756
215 -&gt; 124 -&gt; 237 -&gt; 935 -&gt; 522 -&gt; 723 -&gt;   Toplam : 2756
215 -&gt; 124 -&gt; 237 -&gt; 935 -&gt; 522 -&gt; 723 -&gt;   Toplam : 2756
215 -&gt; 124 -&gt; 237 -&gt; 935 -&gt; 522 -&gt; 723 -&gt;   Toplam : 2756
215 -&gt; 124 -&gt; 237 -&gt; 935 -&gt; 522 -&gt; 723 -&gt;   Toplam : 2756
215 -&gt; 124 -&gt; 237 -&gt; 935 -&gt; 522 -&gt; 723 -&gt;   Toplam : 2756
215 -&gt; 124 -&gt; 237 -&gt; 935 -&gt; 522 -&gt; 723 -&gt;   Toplam : 2756
215 -&gt; 124 -&gt; 237 -&gt; 935 -&gt; 522 -&gt; 723 -&gt;   Toplam : 2756
215 -&gt; 124 -&gt; 237 -&gt; 935 -&gt; 522 -&gt; 723 -&gt;   Toplam : 2756
215 -&gt; 124 -&gt; 237 -&gt; 935 -&gt; 522 -&gt; 723 -&gt;   Toplam : 2756
215 -&gt; 124 -&gt; 237 -&gt; 935 -&gt; 522 -&gt; 723 -&gt;   Toplam : 2756
215 -&gt; 124 -&gt; 237 -&gt; 935 -&gt; 522 -&gt; 723 -&gt;   Toplam : 2756
215 -&gt; 124 -&gt; 237 -&gt; 935 -&gt; 522 -&gt; 723 -&gt;   Toplam : 2756
215 -&gt; 124 -&gt; 237 -&gt; 935 -&gt; 522 -&gt; 723 -&gt;   Toplam : 2756
215 -&gt; 124 -&gt; 237 -&gt; 935 -&gt; 522 -&gt; 723 -&gt;   Toplam : 2756
215 -&gt; 124 -&gt; 237 -&gt; 935 -&gt; 522 -&gt; 723 -&gt;   Toplam : 2756
215 -&gt; 124 -&gt; 237 -&gt; 935 -&gt; 522 -&gt; 723 -&gt;   Toplam : 2756
215 -&gt; 124 -&gt; 237 -&gt; 935 -&gt; 522 -&gt; 723 -&gt;   Toplam : 2756
215 -&gt; 124 -&gt; 237 -&gt; 935 -&gt; 522 -&gt; 723 -&gt;   Toplam : 2756
215 -&gt; 124 -&gt; 237 -&gt; 935 -&gt; 522 -&gt; 723 -&gt;   Toplam : 2756
215 -&gt; 124 -&gt; 237 -&gt; 935 -&gt; 522 -&gt; 723 -&gt;   Toplam : 2756
215 -&gt; 124 -&gt; 237 -&gt; 935 -&gt; 522 -&gt; 723 -&gt;   Toplam : 2756
215 -&gt; 124 -&gt; 237 -&gt; 935 -&gt; 522 -&gt; 723 -&gt;   Toplam : 2756
215 -&gt; 124 -&gt; 237 -&gt; 935 -&gt; 522 -&gt; 723 -&gt;   Toplam : 2756
215 -&gt; 124 -&gt; 237 -&gt; 935 -&gt; 522 -&gt; 723 -&gt;   Toplam : 2756
215 -&gt; 124 -&gt; 237 -&gt; 935 -&gt; 522 -&gt; 723 -&gt;   Toplam : 2756
215 -&gt; 124 -&gt; 237 -&gt; 935 -&gt; 522 -&gt; 723 -&gt;   Toplam : 2756
215 -&gt; 124 -&gt; 237 -&gt; 935 -&gt; 522 -&gt; 723 -&gt;   Toplam : 2756
215 -&gt; 124 -&gt; 237 -&gt; 935 -&gt; 522 -&gt; 723 -&gt;   Toplam : 2756
215 -&gt; 124 -&gt; 237 -&gt; 935 -&gt; 522 -&gt; 723 -&gt;   Toplam : 2756
215 -&gt; 124 -&gt; 237 -&gt; 935 -&gt; 522 -&gt; 723 -&gt;   Toplam : 2756
215 -&gt; 124 -&gt; 237 -&gt; 935 -&gt; 522 -&gt; 723 -&gt;   Toplam : 2756
215 -&gt; 124 -&gt; 237 -&gt; 935 -&gt; 522 -&gt; 723 -&gt;   Toplam : 2756
215 -&gt; 124 -&gt; 237 -&gt; 935 -&gt; 522 -&gt; 723 -&gt;   Toplam : 2756
215 -&gt; 124 -&gt; 237 -&gt; 935 -&gt; 522 -&gt; 723 -&gt;   Toplam : 2756
215 -&gt; 124 -&gt; 237 -&gt; 935 -&gt; 522 -&gt; 723 -&gt;   Toplam : 2756
215 -&gt; 124 -&gt; 237 -&gt; 935 -&gt; 522 -&gt; 723 -&gt;   Toplam : 2756
215 -&gt; 124 -&gt; 237 -&gt; 935 -&gt; 522 -&gt; 723 -&gt;   Toplam : 2756
215 -&gt; 124 -&gt; 237 -&gt; 935 -&gt; 522 -&gt; 723 -&gt;   Toplam : 2756
215 -&gt; 124 -&gt; 237 -&gt; 935 -&gt; 522 -&gt; 723 -&gt;   Toplam : 2756
215 -&gt; 124 -&gt; 237 -&gt; 935 -&gt; 522 -&gt; 723 -&gt;   Toplam : 2756
215 -&gt; 124 -&gt; 237 -&gt; 935 -&gt; 522 -&gt; 723 -&gt;   Toplam : 2756
215 -&gt; 124 -&gt; 237 -&gt; 935 -&gt; 522 -&gt; 723 -&gt;   Toplam : 2756
215 -&gt; 124 -&gt; 237 -&gt; 935 -&gt; 522 -&gt; 723 -&gt;   Toplam : 2756
215 -&gt; 124 -&gt; 237 -&gt; 935 -&gt; 522 -&gt; 723 -&gt;   Toplam : 2756
215 -&gt; 124 -&gt; 237 -&gt; 935 -&gt; 522 -&gt; 723 -&gt;   Toplam : 2756
215 -&gt; 124 -&gt; 237 -&gt; 935 -&gt; 522 -&gt; 723 -&gt;   Toplam : 2756
215 -&gt; 124 -&gt; 237 -&gt; 935 -&gt; 522 -&gt; 723 -&gt;   Toplam : 2756
215 -&gt; 124 -&gt; 237 -&gt; 935 -&gt; 522 -&gt; 723 -&gt;   Toplam : 2756
215 -&gt; 124 -&gt; 237 -&gt; 935 -&gt; 522 -&gt; 723 -&gt;   Toplam : 2756
215 -&gt; 124 -&gt; 237 -&gt; 935 -&gt; 522 -&gt; 723 -&gt;   Toplam : 2756
215 -&gt; 124 -&gt; 237 -&gt; 935 -&gt; 522 -&gt; 723 -&gt;   Toplam : 2756
215 -&gt; 124 -&gt; 237 -&gt; 935 -&gt; 522 -&gt; 723 -&gt;   Toplam : 2756
215 -&gt; 124 -&gt; 237 -&gt; 935 -&gt; 522 -&gt; 723 -&gt;   Toplam : 2756
215 -&gt; 124 -&gt; 237 -&gt; 935 -&gt; 522 -&gt; 723 -&gt;   Toplam : 2756
215 -&gt; 124 -&gt; 237 -&gt; 935 -&gt; 522 -&gt; 723 -&gt;   Toplam : 2756
215 -&gt; 124 -&gt; 237 -&gt; 935 -&gt; 522 -&gt; 723 -&gt;   Toplam : 2756
215 -&gt; 124 -&gt; 237 -&gt; 935 -&gt; 522 -&gt; 723 -&gt;   Toplam : 2756
215 -&gt; 124 -&gt; 237 -&gt; 935 -&gt; 522 -&gt; 723 -&gt;   Toplam : 2756
215 -&gt; 124 -&gt; 237 -&gt; 935 -&gt; 522 -&gt; 723 -&gt;   Toplam : 2756
215 -&gt; 124 -&gt; 237 -&gt; 935 -&gt; 522 -&gt; 723 -&gt;   Toplam : 2756
215 -&gt; 124 -&gt; 237 -&gt; 935 -&gt; 522 -&gt; 723 -&gt;   Toplam : 2756
215 -&gt; 124 -&gt; 237 -&gt; 935 -&gt; 522 -&gt; 723 -&gt;   Toplam : 2756
215 -&gt; 124 -&gt; 237 -&gt; 935 -&gt; 522 -&gt; 723 -&gt;   Toplam : 2756
215 -&gt; 124 -&gt; 237 -&gt; 935 -&gt; 522 -&gt; 723 -&gt;   Toplam : 2756
215 -&gt; 124 -&gt; 237 -&gt; 935 -&gt; 522 -&gt; 723 -&gt;   Toplam : 2756
215 -&gt; 124 -&gt; 237 -&gt; 935 -&gt; 522 -&gt; 723 -&gt;   Toplam : 2756
215 -&gt; 124 -&gt; 237 -&gt; 935 -&gt; 522 -&gt; 723 -&gt;   Toplam : 2756
215 -&gt; 124 -&gt; 237 -&gt; 935 -&gt; 522 -&gt; 723 -&gt;   Toplam : 2756
215 -&gt; 124 -&gt; 237 -&gt; 935 -&gt; 522 -&gt; 723 -&gt;   Toplam : 2756
215 -&gt; 124 -&gt; 237 -&gt; 935 -&gt; 522 -&gt; 723 -&gt;   Toplam : 2756
215 -&gt; 124 -&gt; 237 -&gt; 935 -&gt; 522 -&gt; 723 -&gt;   Toplam : 2756
215 -&gt; 124 -&gt; 237 -&gt; 935 -&gt; 522 -&gt; 723 -&gt;   Toplam : 2756
215 -&gt; 124 -&gt; 237 -&gt; 935 -&gt; 522 -&gt; 723 -&gt;   Toplam : 2756
215 -&gt; 124 -&gt; 237 -&gt; 935 -&gt; 522 -&gt; 723 -&gt;   Toplam : 2756
215 -&gt; 124 -&gt; 237 -&gt; 935 -&gt; 522 -&gt; 723 -&gt;   Toplam : 2756
215 -&gt; 124 -&gt; 237 -&gt; 935 -&gt; 522 -&gt; 723 -&gt;   Toplam : 2756
215 -&gt; 124 -&gt; 237 -&gt; 935 -&gt; 522 -&gt; 723 -&gt;   Toplam : 2756
215 -&gt; 124 -&gt; 237 -&gt; 935 -&gt; 522 -&gt; 723 -&gt;   Toplam : 2756
215 -&gt; 124 -&gt; 237 -&gt; 935 -&gt; 522 -&gt; 723 -&gt;   Toplam : 2756
215 -&gt; 124 -&gt; 237 -&gt; 935 -&gt; 522 -&gt; 723 -&gt;   Toplam : 2756
215 -&gt; 124 -&gt; 237 -&gt; 935 -&gt; 522 -&gt; 723 -&gt;   Toplam : 2756
215 -&gt; 124 -&gt; 237 -&gt; 935 -&gt; 522 -&gt; 723 -&gt;   Toplam : 2756
215 -&gt; 124 -&gt; 237 -&gt; 935 -&gt; 522 -&gt; 723 -&gt;   Toplam : 2756
215 -&gt; 124 -&gt; 237 -&gt; 935 -&gt; 522 -&gt; 723 -&gt;   Toplam : 2756
215 -&gt; 124 -&gt; 237 -&gt; 935 -&gt; 522 -&gt; 723 -&gt;   Toplam : 2756
215 -&gt; 124 -&gt; 237 -&gt; 935 -&gt; 522 -&gt; 723 -&gt;   Toplam : 2756
215 -&gt; 124 -&gt; 237 -&gt; 935 -&gt; 522 -&gt; 723 -&gt;   Toplam : 2756
215 -&gt; 124 -&gt; 237 -&gt; 935 -&gt; 522 -&gt; 723 -&gt;   Toplam : 2756
215 -&gt; 124 -&gt; 237 -&gt; 935 -&gt; 522 -&gt; 723 -&gt;   Toplam : 2756
215 -&gt; 124 -&gt; 237 -&gt; 935 -&gt; 522 -&gt; 723 -&gt;   Toplam : 2756
215 -&gt; 124 -&gt; 237 -&gt; 935 -&gt; 522 -&gt; 723 -&gt;   Toplam : 2756
215 -&gt; 124 -&gt; 237 -&gt; 935 -&gt; 522 -&gt; 723 -&gt;   Toplam : 2756
215 -&gt; 124 -&gt; 237 -&gt; 935 -&gt; 522 -&gt; 723 -&gt;   Toplam : 2756
215 -&gt; 124 -&gt; 237 -&gt; 935 -&gt; 522 -&gt; 723 -&gt;   Toplam : 2756
215 -&gt; 124 -&gt; 237 -&gt; 935 -&gt; 522 -&gt; 723 -&gt;   Toplam : 2756
215 -&gt; 124 -&gt; 237 -&gt; 935 -&gt; 522 -&gt; 723 -&gt;   Toplam : 2756
215 -&gt; 124 -&gt; 237 -&gt; 935 -&gt; 522 -&gt; 723 -&gt;   Toplam : 2756
215 -&gt; 124 -&gt; 237 -&gt; 935 -&gt; 522 -&gt; 723 -&gt;   Toplam : 2756
215 -&gt; 124 -&gt; 237 -&gt; 935 -&gt; 522 -&gt; 723 -&gt;   Toplam : 2756
215 -&gt; 124 -&gt; 237 -&gt; 935 -&gt; 522 -&gt; 723 -&gt;   Toplam : 2756
215 -&gt; 124 -&gt; 237 -&gt; 935 -&gt; 522 -&gt; 723 -&gt;   Toplam : 2756
215 -&gt; 124 -&gt; 237 -&gt; 935 -&gt; 522 -&gt; 723 -&gt;   Toplam : 2756
215 -&gt; 124 -&gt; 237 -&gt; 935 -&gt; 522 -&gt; 723 -&gt;   Toplam : 2756
215 -&gt; 124 -&gt; 237 -&gt; 935 -&gt; 522 -&gt; 723 -&gt;   Toplam : 2756
215 -&gt; 124 -&gt; 237 -&gt; 935 -&gt; 522 -&gt; 723 -&gt;   Toplam : 2756
215 -&gt; 124 -&gt; 237 -&gt; 935 -&gt; 522 -&gt; 723 -&gt;   Toplam : 2756
215 -&gt; 124 -&gt; 237 -&gt; 935 -&gt; 522 -&gt; 723 -&gt;   Toplam : 2756
215 -&gt; 124 -&gt; 237 -&gt; 935 -&gt; 522 -&gt; 723 -&gt;   Toplam : 2756
215 -&gt; 124 -&gt; 237 -&gt; 935 -&gt; 522 -&gt; 723 -&gt;   Toplam : 2756
215 -&gt; 124 -&gt; 237 -&gt; 935 -&gt; 522 -&gt; 723 -&gt;   Toplam : 2756
215 -&gt; 124 -&gt; 237 -&gt; 935 -&gt; 522 -&gt; 723 -&gt;   Toplam : 2756
215 -&gt; 124 -&gt; 237 -&gt; 935 -&gt; 522 -&gt; 723 -&gt;   Toplam : 2756
215 -&gt; 124 -&gt; 237 -&gt; 935 -&gt; 522 -&gt; 723 -&gt;   Toplam : 2756
215 -&gt; 124 -&gt; 237 -&gt; 935 -&gt; 522 -&gt; 723 -&gt;   Toplam : 2756
215 -&gt; 124 -&gt; 237 -&gt; 935 -&gt; 522 -&gt; 723 -&gt;   Toplam : 2756
215 -&gt; 124 -&gt; 237 -&gt; 935 -&gt; 522 -&gt; 723 -&gt;   Toplam : 2756
215 -&gt; 124 -&gt; 237 -&gt; 935 -&gt; 522 -&gt; 723 -&gt;   Toplam : 2756
215 -&gt; 124 -&gt; 237 -&gt; 935 -&gt; 522 -&gt; 723 -&gt;   Toplam : 2756
215 -&gt; 124 -&gt; 237 -&gt; 935 -&gt; 522 -&gt; 723 -&gt;   Toplam : 2756
215 -&gt; 124 -&gt; 237 -&gt; 935 -&gt; 522 -&gt; 723 -&gt;   Toplam : 2756
215 -&gt; 124 -&gt; 237 -&gt; 935 -&gt; 522 -&gt; 723 -&gt;   Toplam : 2756
215 -&gt; 124 -&gt; 237 -&gt; 935 -&gt; 522 -&gt; 723 -&gt;   Toplam : 2756
215 -&gt; 124 -&gt; 237 -&gt; 935 -&gt; 522 -&gt; 723 -&gt;   Toplam : 2756
215 -&gt; 124 -&gt; 237 -&gt; 935 -&gt; 522 -&gt; 723 -&gt;   Toplam : 2756
215 -&gt; 124 -&gt; 237 -&gt; 935 -&gt; 522 -&gt; 723 -&gt;   Toplam : 2756
215 -&gt; 124 -&gt; 237 -&gt; 935 -&gt; 522 -&gt; 723 -&gt;   Toplam : 2756
215 -&gt; 124 -&gt; 237 -&gt; 935 -&gt; 522 -&gt; 723 -&gt;   Toplam : 2756
215 -&gt; 124 -&gt; 237 -&gt; 935 -&gt; 522 -&gt; 723 -&gt;   Toplam : 2756
215 -&gt; 124 -&gt; 237 -&gt; 935 -&gt; 522 -&gt; 723 -&gt;   Toplam : 2756
215 -&gt; 124 -&gt; 237 -&gt; 935 -&gt; 522 -&gt; 723 -&gt;   Toplam : 2756
215 -&gt; 124 -&gt; 237 -&gt; 935 -&gt; 522 -&gt; 723 -&gt;   Toplam : 2756
215 -&gt; 124 -&gt; 237 -&gt; 935 -&gt; 522 -&gt; 723 -&gt;   Toplam : 2756
215 -&gt; 124 -&gt; 237 -&gt; 935 -&gt; 522 -&gt; 723 -&gt;   Toplam : 2756
215 -&gt; 124 -&gt; 237 -&gt; 935 -&gt; 522 -&gt; 723 -&gt;   Toplam : 2756
215 -&gt; 124 -&gt; 237 -&gt; 935 -&gt; 522 -&gt; 723 -&gt;   Toplam : 2756
215 -&gt; 124 -&gt; 237 -&gt; 935 -&gt; 522 -&gt; 723 -&gt;   Toplam : 2756
215 -&gt; 124 -&gt; 237 -&gt; 935 -&gt; 522 -&gt; 723 -&gt;   Toplam : 2756
215 -&gt; 124 -&gt; 237 -&gt; 935 -&gt; 522 -&gt; 723 -&gt;   Toplam : 2756
215 -&gt; 124 -&gt; 237 -&gt; 935 -&gt; 522 -&gt; 723 -&gt;   Toplam : 2756
215 -&gt; 124 -&gt; 237 -&gt; 935 -&gt; 522 -&gt; 723 -&gt;   Toplam : 2756
215 -&gt; 124 -&gt; 237 -&gt; 935 -&gt; 522 -&gt; 723 -&gt;   Toplam : 2756
215 -&gt; 124 -&gt; 237 -&gt; 935 -&gt; 522 -&gt; 723 -&gt;   Toplam : 2756
215 -&gt; 124 -&gt; 237 -&gt; 935 -&gt; 522 -&gt; 723 -&gt;   Toplam : 2756
215 -&gt; 124 -&gt; 237 -&gt; 935 -&gt; 522 -&gt; 723 -&gt;   Toplam : 2756
215 -&gt; 124 -&gt; 237 -&gt; 935 -&gt; 522 -&gt; 723 -&gt;   Toplam : 2756
215 -&gt; 124 -&gt; 237 -&gt; 935 -&gt; 522 -&gt; 723 -&gt;   Toplam : 2756
215 -&gt; 124 -&gt; 237 -&gt; 935 -&gt; 522 -&gt; 723 -&gt;   Toplam : 2756
215 -&gt; 124 -&gt; 237 -&gt; 935 -&gt; 522 -&gt; 723 -&gt;   Toplam : 2756
215 -&gt; 124 -&gt; 237 -&gt; 935 -&gt; 522 -&gt; 723 -&gt;   Toplam : 2756
215 -&gt; 124 -&gt; 237 -&gt; 935 -&gt; 522 -&gt; 723 -&gt;   Toplam : 2756
215 -&gt; 124 -&gt; 237 -&gt; 935 -&gt; 522 -&gt; 723 -&gt;   Toplam : 2756
215 -&gt; 124 -&gt; 237 -&gt; 935 -&gt; 522 -&gt; 723 -&gt;   Toplam : 2756
215 -&gt; 124 -&gt; 237 -&gt; 935 -&gt; 522 -&gt; 723 -&gt;   Toplam : 2756
215 -&gt; 124 -&gt; 237 -&gt; 935 -&gt; 522 -&gt; 723 -&gt;   Toplam : 2756
215 -&gt; 124 -&gt; 237 -&gt; 935 -&gt; 522 -&gt; 723 -&gt;   Toplam : 2756
215 -&gt; 124 -&gt; 237 -&gt; 935 -&gt; 522 -&gt; 835 -&gt;   Toplam : 2868
215 -&gt; 124 -&gt; 237 -&gt; 935 -&gt; 522 -&gt; 835 -&gt;   Toplam : 2868
215 -&gt; 124 -&gt; 237 -&gt; 935 -&gt; 522 -&gt; 835 -&gt;   Toplam : 2868
215 -&gt; 124 -&gt; 237 -&gt; 935 -&gt; 522 -&gt; 835 -&gt;   Toplam : 2868
215 -&gt; 124 -&gt; 237 -&gt; 935 -&gt; 522 -&gt; 835 -&gt;   Toplam : 2868
215 -&gt; 124 -&gt; 237 -&gt; 935 -&gt; 522 -&gt; 835 -&gt;   Toplam : 2868
215 -&gt; 124 -&gt; 237 -&gt; 935 -&gt; 522 -&gt; 835 -&gt;   Toplam : 2868
215 -&gt; 124 -&gt; 237 -&gt; 935 -&gt; 522 -&gt; 835 -&gt;   Toplam : 2868
215 -&gt; 124 -&gt; 237 -&gt; 935 -&gt; 522 -&gt; 835 -&gt;   Toplam : 2868
215 -&gt; 124 -&gt; 237 -&gt; 935 -&gt; 522 -&gt; 835 -&gt;   Toplam : 2868
215 -&gt; 124 -&gt; 237 -&gt; 935 -&gt; 522 -&gt; 835 -&gt;   Toplam : 2868
215 -&gt; 124 -&gt; 237 -&gt; 935 -&gt; 522 -&gt; 835 -&gt;   Toplam : 2868
215 -&gt; 124 -&gt; 237 -&gt; 935 -&gt; 522 -&gt; 835 -&gt;   Toplam : 2868
215 -&gt; 124 -&gt; 237 -&gt; 935 -&gt; 522 -&gt; 835 -&gt;   Toplam : 2868
215 -&gt; 124 -&gt; 237 -&gt; 935 -&gt; 522 -&gt; 835 -&gt;   Toplam : 2868
215 -&gt; 124 -&gt; 237 -&gt; 935 -&gt; 522 -&gt; 835 -&gt;   Toplam : 2868
215 -&gt; 124 -&gt; 237 -&gt; 935 -&gt; 522 -&gt; 835 -&gt;   Toplam : 2868
215 -&gt; 124 -&gt; 237 -&gt; 935 -&gt; 522 -&gt; 835 -&gt;   Toplam : 2868
215 -&gt; 124 -&gt; 237 -&gt; 935 -&gt; 522 -&gt; 835 -&gt;   Toplam : 2868
215 -&gt; 124 -&gt; 237 -&gt; 935 -&gt; 522 -&gt; 835 -&gt;   Toplam : 2868
215 -&gt; 124 -&gt; 237 -&gt; 935 -&gt; 522 -&gt; 835 -&gt;   Toplam : 2868
215 -&gt; 124 -&gt; 237 -&gt; 935 -&gt; 522 -&gt; 835 -&gt;   Toplam : 2868
215 -&gt; 124 -&gt; 237 -&gt; 935 -&gt; 522 -&gt; 835 -&gt;   Toplam : 2868
215 -&gt; 124 -&gt; 237 -&gt; 935 -&gt; 522 -&gt; 835 -&gt;   Toplam : 2868
215 -&gt; 124 -&gt; 237 -&gt; 935 -&gt; 522 -&gt; 835 -&gt;   Toplam : 2868
215 -&gt; 124 -&gt; 237 -&gt; 935 -&gt; 522 -&gt; 835 -&gt;   Toplam : 2868
215 -&gt; 124 -&gt; 237 -&gt; 935 -&gt; 522 -&gt; 835 -&gt;   Toplam : 2868
215 -&gt; 124 -&gt; 237 -&gt; 935 -&gt; 522 -&gt; 835 -&gt;   Toplam : 2868
215 -&gt; 124 -&gt; 237 -&gt; 935 -&gt; 522 -&gt; 835 -&gt;   Toplam : 2868
215 -&gt; 124 -&gt; 237 -&gt; 935 -&gt; 522 -&gt; 835 -&gt;   Toplam : 2868
215 -&gt; 124 -&gt; 237 -&gt; 935 -&gt; 522 -&gt; 835 -&gt;   Toplam : 2868
215 -&gt; 124 -&gt; 237 -&gt; 935 -&gt; 522 -&gt; 835 -&gt;   Toplam : 2868
215 -&gt; 124 -&gt; 237 -&gt; 935 -&gt; 522 -&gt; 835 -&gt;   Toplam : 2868
215 -&gt; 124 -&gt; 237 -&gt; 935 -&gt; 522 -&gt; 835 -&gt;   Toplam : 2868
215 -&gt; 124 -&gt; 237 -&gt; 935 -&gt; 522 -&gt; 835 -&gt;   Toplam : 2868
215 -&gt; 124 -&gt; 237 -&gt; 935 -&gt; 522 -&gt; 835 -&gt;   Toplam : 2868
215 -&gt; 124 -&gt; 237 -&gt; 935 -&gt; 522 -&gt; 835 -&gt;   Toplam : 2868
215 -&gt; 124 -&gt; 237 -&gt; 935 -&gt; 522 -&gt; 835 -&gt;   Toplam : 2868
215 -&gt; 124 -&gt; 237 -&gt; 935 -&gt; 522 -&gt; 835 -&gt;   Toplam : 2868
215 -&gt; 124 -&gt; 237 -&gt; 935 -&gt; 522 -&gt; 835 -&gt;   Toplam : 2868
215 -&gt; 124 -&gt; 237 -&gt; 935 -&gt; 522 -&gt; 835 -&gt;   Toplam : 2868
215 -&gt; 124 -&gt; 237 -&gt; 935 -&gt; 522 -&gt; 835 -&gt;   Toplam : 2868
215 -&gt; 124 -&gt; 237 -&gt; 935 -&gt; 522 -&gt; 835 -&gt;   Toplam : 2868
215 -&gt; 124 -&gt; 237 -&gt; 935 -&gt; 522 -&gt; 835 -&gt;   Toplam : 2868
215 -&gt; 124 -&gt; 237 -&gt; 935 -&gt; 522 -&gt; 835 -&gt;   Toplam : 2868
215 -&gt; 124 -&gt; 237 -&gt; 935 -&gt; 522 -&gt; 835 -&gt;   Toplam : 2868
215 -&gt; 124 -&gt; 237 -&gt; 935 -&gt; 522 -&gt; 835 -&gt;   Toplam : 2868
215 -&gt; 124 -&gt; 237 -&gt; 935 -&gt; 522 -&gt; 835 -&gt;   Toplam : 2868
215 -&gt; 124 -&gt; 237 -&gt; 935 -&gt; 522 -&gt; 835 -&gt;   Toplam : 2868
215 -&gt; 124 -&gt; 237 -&gt; 935 -&gt; 522 -&gt; 835 -&gt;   Toplam : 2868
215 -&gt; 124 -&gt; 237 -&gt; 935 -&gt; 522 -&gt; 835 -&gt;   Toplam : 2868
215 -&gt; 124 -&gt; 237 -&gt; 935 -&gt; 522 -&gt; 835 -&gt;   Toplam : 2868
215 -&gt; 124 -&gt; 237 -&gt; 935 -&gt; 522 -&gt; 835 -&gt;   Toplam : 2868
215 -&gt; 124 -&gt; 237 -&gt; 935 -&gt; 522 -&gt; 835 -&gt;   Toplam : 2868
215 -&gt; 124 -&gt; 237 -&gt; 935 -&gt; 522 -&gt; 835 -&gt;   Toplam : 2868
215 -&gt; 124 -&gt; 237 -&gt; 935 -&gt; 522 -&gt; 835 -&gt;   Toplam : 2868
215 -&gt; 124 -&gt; 237 -&gt; 935 -&gt; 522 -&gt; 835 -&gt;   Toplam : 2868
215 -&gt; 124 -&gt; 237 -&gt; 935 -&gt; 522 -&gt; 835 -&gt;   Toplam : 2868
215 -&gt; 124 -&gt; 237 -&gt; 935 -&gt; 522 -&gt; 835 -&gt;   Toplam : 2868
215 -&gt; 124 -&gt; 237 -&gt; 935 -&gt; 522 -&gt; 835 -&gt;   Toplam : 2868
215 -&gt; 124 -&gt; 237 -&gt; 935 -&gt; 522 -&gt; 835 -&gt;   Toplam : 2868
215 -&gt; 124 -&gt; 237 -&gt; 935 -&gt; 522 -&gt; 835 -&gt;   Toplam : 2868
215 -&gt; 124 -&gt; 237 -&gt; 935 -&gt; 522 -&gt; 835 -&gt;   Toplam : 2868
215 -&gt; 124 -&gt; 237 -&gt; 935 -&gt; 522 -&gt; 835 -&gt;   Toplam : 2868
215 -&gt; 124 -&gt; 237 -&gt; 935 -&gt; 522 -&gt; 835 -&gt;   Toplam : 2868
215 -&gt; 124 -&gt; 237 -&gt; 935 -&gt; 522 -&gt; 835 -&gt;   Toplam : 2868
215 -&gt; 124 -&gt; 237 -&gt; 935 -&gt; 522 -&gt; 835 -&gt;   Toplam : 2868
215 -&gt; 124 -&gt; 237 -&gt; 935 -&gt; 522 -&gt; 835 -&gt;   Toplam : 2868
215 -&gt; 124 -&gt; 237 -&gt; 935 -&gt; 522 -&gt; 835 -&gt;   Toplam : 2868
215 -&gt; 124 -&gt; 237 -&gt; 935 -&gt; 522 -&gt; 835 -&gt;   Toplam : 2868
215 -&gt; 124 -&gt; 237 -&gt; 935 -&gt; 522 -&gt; 835 -&gt;   Toplam : 2868
215 -&gt; 124 -&gt; 237 -&gt; 935 -&gt; 522 -&gt; 835 -&gt;   Toplam : 2868
215 -&gt; 124 -&gt; 237 -&gt; 935 -&gt; 522 -&gt; 835 -&gt;   Toplam : 2868
215 -&gt; 124 -&gt; 237 -&gt; 935 -&gt; 522 -&gt; 835 -&gt;   Toplam : 2868
215 -&gt; 124 -&gt; 237 -&gt; 935 -&gt; 522 -&gt; 835 -&gt;   Toplam : 2868
215 -&gt; 124 -&gt; 237 -&gt; 935 -&gt; 522 -&gt; 835 -&gt;   Toplam : 2868
215 -&gt; 124 -&gt; 237 -&gt; 935 -&gt; 522 -&gt; 835 -&gt;   Toplam : 2868
215 -&gt; 124 -&gt; 237 -&gt; 935 -&gt; 522 -&gt; 835 -&gt;   Toplam : 2868
215 -&gt; 124 -&gt; 237 -&gt; 935 -&gt; 522 -&gt; 835 -&gt;   Toplam : 2868
215 -&gt; 124 -&gt; 237 -&gt; 935 -&gt; 522 -&gt; 835 -&gt;   Toplam : 2868
215 -&gt; 124 -&gt; 237 -&gt; 935 -&gt; 522 -&gt; 835 -&gt;   Toplam : 2868
215 -&gt; 124 -&gt; 237 -&gt; 935 -&gt; 522 -&gt; 835 -&gt;   Toplam : 2868
215 -&gt; 124 -&gt; 237 -&gt; 935 -&gt; 522 -&gt; 835 -&gt;   Toplam : 2868
215 -&gt; 124 -&gt; 237 -&gt; 935 -&gt; 522 -&gt; 835 -&gt;   Toplam : 2868
215 -&gt; 124 -&gt; 237 -&gt; 935 -&gt; 522 -&gt; 835 -&gt;   Toplam : 2868
215 -&gt; 124 -&gt; 237 -&gt; 935 -&gt; 522 -&gt; 835 -&gt;   Toplam : 2868
215 -&gt; 124 -&gt; 237 -&gt; 935 -&gt; 522 -&gt; 835 -&gt;   Toplam : 2868
215 -&gt; 124 -&gt; 237 -&gt; 935 -&gt; 522 -&gt; 835 -&gt;   Toplam : 2868
215 -&gt; 124 -&gt; 237 -&gt; 935 -&gt; 522 -&gt; 835 -&gt;   Toplam : 2868
215 -&gt; 124 -&gt; 237 -&gt; 935 -&gt; 522 -&gt; 835 -&gt;   Toplam : 2868
215 -&gt; 124 -&gt; 237 -&gt; 935 -&gt; 522 -&gt; 835 -&gt;   Toplam : 2868
215 -&gt; 124 -&gt; 237 -&gt; 935 -&gt; 522 -&gt; 835 -&gt;   Toplam : 2868
215 -&gt; 124 -&gt; 237 -&gt; 935 -&gt; 522 -&gt; 835 -&gt;   Toplam : 2868
215 -&gt; 124 -&gt; 237 -&gt; 935 -&gt; 522 -&gt; 835 -&gt;   Toplam : 2868
215 -&gt; 124 -&gt; 237 -&gt; 935 -&gt; 522 -&gt; 835 -&gt;   Toplam : 2868
215 -&gt; 124 -&gt; 237 -&gt; 935 -&gt; 522 -&gt; 835 -&gt;   Toplam : 2868
215 -&gt; 124 -&gt; 237 -&gt; 935 -&gt; 522 -&gt; 835 -&gt;   Toplam : 2868
215 -&gt; 124 -&gt; 237 -&gt; 935 -&gt; 522 -&gt; 835 -&gt;   Toplam : 2868
215 -&gt; 124 -&gt; 237 -&gt; 935 -&gt; 522 -&gt; 835 -&gt;   Toplam : 2868
215 -&gt; 124 -&gt; 237 -&gt; 935 -&gt; 522 -&gt; 835 -&gt;   Toplam : 2868
215 -&gt; 124 -&gt; 237 -&gt; 935 -&gt; 522 -&gt; 835 -&gt;   Toplam : 2868
215 -&gt; 124 -&gt; 237 -&gt; 935 -&gt; 522 -&gt; 835 -&gt;   Toplam : 2868
215 -&gt; 124 -&gt; 237 -&gt; 935 -&gt; 522 -&gt; 835 -&gt;   Toplam : 2868
215 -&gt; 124 -&gt; 237 -&gt; 935 -&gt; 522 -&gt; 835 -&gt;   Toplam : 2868
215 -&gt; 124 -&gt; 237 -&gt; 935 -&gt; 522 -&gt; 835 -&gt;   Toplam : 2868
215 -&gt; 124 -&gt; 237 -&gt; 935 -&gt; 522 -&gt; 835 -&gt;   Toplam : 2868
215 -&gt; 124 -&gt; 237 -&gt; 935 -&gt; 522 -&gt; 835 -&gt;   Toplam : 2868
215 -&gt; 124 -&gt; 237 -&gt; 935 -&gt; 522 -&gt; 835 -&gt;   Toplam : 2868
215 -&gt; 124 -&gt; 237 -&gt; 935 -&gt; 522 -&gt; 835 -&gt;   Toplam : 2868
215 -&gt; 124 -&gt; 237 -&gt; 935 -&gt; 522 -&gt; 835 -&gt;   Toplam : 2868
215 -&gt; 124 -&gt; 237 -&gt; 935 -&gt; 522 -&gt; 835 -&gt;   Toplam : 2868
215 -&gt; 124 -&gt; 237 -&gt; 935 -&gt; 522 -&gt; 835 -&gt;   Toplam : 2868
215 -&gt; 124 -&gt; 237 -&gt; 935 -&gt; 522 -&gt; 835 -&gt;   Toplam : 2868
215 -&gt; 124 -&gt; 237 -&gt; 935 -&gt; 522 -&gt; 835 -&gt;   Toplam : 2868
215 -&gt; 124 -&gt; 237 -&gt; 935 -&gt; 522 -&gt; 835 -&gt;   Toplam : 2868
215 -&gt; 124 -&gt; 237 -&gt; 935 -&gt; 522 -&gt; 835 -&gt;   Toplam : 2868
215 -&gt; 124 -&gt; 237 -&gt; 935 -&gt; 522 -&gt; 835 -&gt;   Toplam : 2868
215 -&gt; 124 -&gt; 237 -&gt; 935 -&gt; 522 -&gt; 835 -&gt;   Toplam : 2868
215 -&gt; 124 -&gt; 237 -&gt; 935 -&gt; 522 -&gt; 835 -&gt;   Toplam : 2868
215 -&gt; 124 -&gt; 237 -&gt; 935 -&gt; 522 -&gt; 835 -&gt;   Toplam : 2868
215 -&gt; 124 -&gt; 237 -&gt; 935 -&gt; 522 -&gt; 835 -&gt;   Toplam : 2868
215 -&gt; 124 -&gt; 237 -&gt; 935 -&gt; 522 -&gt; 835 -&gt;   Toplam : 2868
215 -&gt; 124 -&gt; 237 -&gt; 935 -&gt; 522 -&gt; 835 -&gt;   Toplam : 2868
215 -&gt; 124 -&gt; 237 -&gt; 935 -&gt; 522 -&gt; 835 -&gt;   Toplam : 2868
215 -&gt; 124 -&gt; 237 -&gt; 935 -&gt; 522 -&gt; 835 -&gt;   Toplam : 2868
215 -&gt; 124 -&gt; 237 -&gt; 935 -&gt; 522 -&gt; 835 -&gt;   Toplam : 2868
215 -&gt; 124 -&gt; 237 -&gt; 935 -&gt; 522 -&gt; 835 -&gt;   Toplam : 2868
215 -&gt; 124 -&gt; 237 -&gt; 935 -&gt; 522 -&gt; 835 -&gt;   Toplam : 2868
215 -&gt; 124 -&gt; 237 -&gt; 935 -&gt; 522 -&gt; 835 -&gt;   Toplam : 2868
215 -&gt; 124 -&gt; 237 -&gt; 935 -&gt; 522 -&gt; 835 -&gt;   Toplam : 2868
215 -&gt; 124 -&gt; 237 -&gt; 935 -&gt; 522 -&gt; 835 -&gt;   Toplam : 2868
215 -&gt; 124 -&gt; 237 -&gt; 935 -&gt; 522 -&gt; 835 -&gt;   Toplam : 2868
215 -&gt; 124 -&gt; 237 -&gt; 935 -&gt; 522 -&gt; 835 -&gt;   Toplam : 2868
215 -&gt; 124 -&gt; 237 -&gt; 935 -&gt; 522 -&gt; 835 -&gt;   Toplam : 2868
215 -&gt; 124 -&gt; 237 -&gt; 935 -&gt; 522 -&gt; 835 -&gt;   Toplam : 2868
215 -&gt; 124 -&gt; 237 -&gt; 935 -&gt; 522 -&gt; 835 -&gt;   Toplam : 2868
215 -&gt; 124 -&gt; 237 -&gt; 935 -&gt; 522 -&gt; 835 -&gt;   Toplam : 2868
215 -&gt; 124 -&gt; 237 -&gt; 935 -&gt; 522 -&gt; 835 -&gt;   Toplam : 2868
215 -&gt; 124 -&gt; 237 -&gt; 935 -&gt; 522 -&gt; 835 -&gt;   Toplam : 2868
215 -&gt; 124 -&gt; 237 -&gt; 935 -&gt; 522 -&gt; 835 -&gt;   Toplam : 2868
215 -&gt; 124 -&gt; 237 -&gt; 935 -&gt; 522 -&gt; 835 -&gt;   Toplam : 2868
215 -&gt; 124 -&gt; 237 -&gt; 935 -&gt; 522 -&gt; 835 -&gt;   Toplam : 2868
215 -&gt; 124 -&gt; 237 -&gt; 935 -&gt; 522 -&gt; 835 -&gt;   Toplam : 2868
215 -&gt; 124 -&gt; 237 -&gt; 935 -&gt; 522 -&gt; 835 -&gt;   Toplam : 2868
215 -&gt; 124 -&gt; 237 -&gt; 935 -&gt; 522 -&gt; 835 -&gt;   Toplam : 2868
215 -&gt; 124 -&gt; 237 -&gt; 935 -&gt; 522 -&gt; 835 -&gt;   Toplam : 2868
215 -&gt; 124 -&gt; 237 -&gt; 935 -&gt; 522 -&gt; 835 -&gt;   Toplam : 2868
215 -&gt; 124 -&gt; 237 -&gt; 935 -&gt; 522 -&gt; 835 -&gt;   Toplam : 2868
215 -&gt; 124 -&gt; 237 -&gt; 935 -&gt; 522 -&gt; 835 -&gt;   Toplam : 2868
215 -&gt; 124 -&gt; 237 -&gt; 935 -&gt; 522 -&gt; 835 -&gt;   Toplam : 2868
215 -&gt; 124 -&gt; 237 -&gt; 935 -&gt; 522 -&gt; 835 -&gt;   Toplam : 2868
215 -&gt; 124 -&gt; 237 -&gt; 935 -&gt; 522 -&gt; 835 -&gt;   Toplam : 2868
215 -&gt; 124 -&gt; 237 -&gt; 935 -&gt; 522 -&gt; 835 -&gt;   Toplam : 2868
215 -&gt; 124 -&gt; 237 -&gt; 935 -&gt; 522 -&gt; 835 -&gt;   Toplam : 2868
215 -&gt; 124 -&gt; 237 -&gt; 935 -&gt; 522 -&gt; 835 -&gt;   Toplam : 2868
215 -&gt; 124 -&gt; 237 -&gt; 935 -&gt; 522 -&gt; 835 -&gt;   Toplam : 2868
215 -&gt; 124 -&gt; 237 -&gt; 935 -&gt; 522 -&gt; 835 -&gt;   Toplam : 2868
215 -&gt; 124 -&gt; 237 -&gt; 935 -&gt; 522 -&gt; 835 -&gt;   Toplam : 2868
215 -&gt; 124 -&gt; 237 -&gt; 935 -&gt; 522 -&gt; 835 -&gt;   Toplam : 2868
215 -&gt; 124 -&gt; 237 -&gt; 935 -&gt; 522 -&gt; 835 -&gt;   Toplam : 2868
215 -&gt; 124 -&gt; 237 -&gt; 935 -&gt; 522 -&gt; 835 -&gt;   Toplam : 2868
215 -&gt; 124 -&gt; 237 -&gt; 935 -&gt; 522 -&gt; 835 -&gt;   Toplam : 2868
215 -&gt; 124 -&gt; 237 -&gt; 935 -&gt; 522 -&gt; 835 -&gt;   Toplam : 2868
215 -&gt; 124 -&gt; 237 -&gt; 935 -&gt; 522 -&gt; 835 -&gt;   Toplam : 2868
215 -&gt; 124 -&gt; 237 -&gt; 935 -&gt; 522 -&gt; 835 -&gt;   Toplam : 2868
215 -&gt; 124 -&gt; 237 -&gt; 935 -&gt; 522 -&gt; 835 -&gt;   Toplam : 2868
215 -&gt; 124 -&gt; 237 -&gt; 935 -&gt; 522 -&gt; 835 -&gt;   Toplam : 2868
215 -&gt; 124 -&gt; 237 -&gt; 935 -&gt; 522 -&gt; 835 -&gt;   Toplam : 2868
215 -&gt; 124 -&gt; 237 -&gt; 935 -&gt; 522 -&gt; 835 -&gt;   Toplam : 2868
215 -&gt; 124 -&gt; 237 -&gt; 935 -&gt; 522 -&gt; 835 -&gt;   Toplam : 2868
215 -&gt; 124 -&gt; 237 -&gt; 935 -&gt; 522 -&gt; 835 -&gt;   Toplam : 2868
215 -&gt; 124 -&gt; 237 -&gt; 935 -&gt; 522 -&gt; 835 -&gt;   Toplam : 2868
215 -&gt; 124 -&gt; 237 -&gt; 935 -&gt; 522 -&gt; 835 -&gt;   Toplam : 2868
215 -&gt; 124 -&gt; 237 -&gt; 935 -&gt; 522 -&gt; 835 -&gt;   Toplam : 2868
215 -&gt; 124 -&gt; 237 -&gt; 935 -&gt; 522 -&gt; 835 -&gt;   Toplam : 2868
215 -&gt; 124 -&gt; 237 -&gt; 935 -&gt; 522 -&gt; 835 -&gt;   Toplam : 2868
215 -&gt; 124 -&gt; 237 -&gt; 935 -&gt; 522 -&gt; 835 -&gt;   Toplam : 2868
215 -&gt; 124 -&gt; 237 -&gt; 935 -&gt; 522 -&gt; 835 -&gt;   Toplam : 2868
215 -&gt; 124 -&gt; 237 -&gt; 935 -&gt; 522 -&gt; 835 -&gt;   Toplam : 2868
215 -&gt; 124 -&gt; 237 -&gt; 935 -&gt; 522 -&gt; 835 -&gt;   Toplam : 2868
215 -&gt; 124 -&gt; 237 -&gt; 935 -&gt; 522 -&gt; 835 -&gt;   Toplam : 2868
215 -&gt; 124 -&gt; 237 -&gt; 935 -&gt; 522 -&gt; 835 -&gt;   Toplam : 2868
215 -&gt; 124 -&gt; 237 -&gt; 935 -&gt; 522 -&gt; 835 -&gt;   Toplam : 2868
215 -&gt; 124 -&gt; 237 -&gt; 935 -&gt; 522 -&gt; 835 -&gt;   Toplam : 2868
215 -&gt; 124 -&gt; 237 -&gt; 935 -&gt; 522 -&gt; 835 -&gt;   Toplam : 2868
215 -&gt; 124 -&gt; 237 -&gt; 935 -&gt; 522 -&gt; 835 -&gt;   Toplam : 2868
215 -&gt; 124 -&gt; 237 -&gt; 935 -&gt; 522 -&gt; 835 -&gt;   Toplam : 2868
215 -&gt; 124 -&gt; 237 -&gt; 935 -&gt; 522 -&gt; 835 -&gt;   Toplam : 2868
215 -&gt; 124 -&gt; 237 -&gt; 935 -&gt; 522 -&gt; 835 -&gt;   Toplam : 2868
215 -&gt; 124 -&gt; 237 -&gt; 935 -&gt; 522 -&gt; 835 -&gt;   Toplam : 2868
215 -&gt; 124 -&gt; 237 -&gt; 935 -&gt; 522 -&gt; 835 -&gt;   Toplam : 2868
215 -&gt; 124 -&gt; 237 -&gt; 935 -&gt; 522 -&gt; 835 -&gt;   Toplam : 2868
215 -&gt; 124 -&gt; 237 -&gt; 935 -&gt; 522 -&gt; 835 -&gt;   Toplam : 2868
215 -&gt; 124 -&gt; 237 -&gt; 935 -&gt; 522 -&gt; 835 -&gt;   Toplam : 2868
215 -&gt; 124 -&gt; 237 -&gt; 935 -&gt; 522 -&gt; 835 -&gt;   Toplam : 2868
215 -&gt; 124 -&gt; 237 -&gt; 935 -&gt; 522 -&gt; 835 -&gt;   Toplam : 2868
215 -&gt; 124 -&gt; 237 -&gt; 935 -&gt; 522 -&gt; 835 -&gt;   Toplam : 2868
215 -&gt; 124 -&gt; 237 -&gt; 935 -&gt; 522 -&gt; 835 -&gt;   Toplam : 2868
215 -&gt; 124 -&gt; 237 -&gt; 935 -&gt; 522 -&gt; 835 -&gt;   Toplam : 2868
215 -&gt; 124 -&gt; 237 -&gt; 935 -&gt; 522 -&gt; 835 -&gt;   Toplam : 2868
215 -&gt; 124 -&gt; 237 -&gt; 935 -&gt; 522 -&gt; 835 -&gt;   Toplam : 2868
215 -&gt; 124 -&gt; 237 -&gt; 935 -&gt; 522 -&gt; 835 -&gt;   Toplam : 2868
215 -&gt; 124 -&gt; 237 -&gt; 935 -&gt; 522 -&gt; 835 -&gt;   Toplam : 2868
215 -&gt; 124 -&gt; 237 -&gt; 935 -&gt; 522 -&gt; 835 -&gt;   Toplam : 2868
215 -&gt; 124 -&gt; 237 -&gt; 935 -&gt; 522 -&gt; 835 -&gt;   Toplam : 2868
215 -&gt; 124 -&gt; 237 -&gt; 935 -&gt; 522 -&gt; 835 -&gt;   Toplam : 2868
215 -&gt; 124 -&gt; 237 -&gt; 935 -&gt; 522 -&gt; 835 -&gt;   Toplam : 2868
215 -&gt; 124 -&gt; 237 -&gt; 935 -&gt; 522 -&gt; 835 -&gt;   Toplam : 2868
215 -&gt; 124 -&gt; 237 -&gt; 935 -&gt; 522 -&gt; 835 -&gt;   Toplam : 2868
215 -&gt; 124 -&gt; 237 -&gt; 935 -&gt; 522 -&gt; 835 -&gt;   Toplam : 2868
215 -&gt; 124 -&gt; 237 -&gt; 935 -&gt; 522 -&gt; 835 -&gt;   Toplam : 2868
215 -&gt; 124 -&gt; 237 -&gt; 935 -&gt; 522 -&gt; 835 -&gt;   Toplam : 2868
215 -&gt; 124 -&gt; 237 -&gt; 935 -&gt; 522 -&gt; 835 -&gt;   Toplam : 2868
215 -&gt; 124 -&gt; 237 -&gt; 935 -&gt; 522 -&gt; 835 -&gt;   Toplam : 2868
215 -&gt; 124 -&gt; 237 -&gt; 935 -&gt; 522 -&gt; 835 -&gt;   Toplam : 2868
215 -&gt; 124 -&gt; 237 -&gt; 935 -&gt; 522 -&gt; 835 -&gt;   Toplam : 2868
215 -&gt; 124 -&gt; 237 -&gt; 935 -&gt; 522 -&gt; 835 -&gt;   Toplam : 2868
215 -&gt; 124 -&gt; 237 -&gt; 935 -&gt; 522 -&gt; 835 -&gt;   Toplam : 2868
215 -&gt; 124 -&gt; 237 -&gt; 935 -&gt; 522 -&gt; 835 -&gt;   Toplam : 2868
215 -&gt; 124 -&gt; 237 -&gt; 935 -&gt; 522 -&gt; 835 -&gt;   Toplam : 2868
215 -&gt; 124 -&gt; 237 -&gt; 935 -&gt; 522 -&gt; 835 -&gt;   Toplam : 2868
215 -&gt; 124 -&gt; 237 -&gt; 935 -&gt; 522 -&gt; 835 -&gt;   Toplam : 2868
215 -&gt; 124 -&gt; 237 -&gt; 935 -&gt; 522 -&gt; 835 -&gt;   Toplam : 2868
215 -&gt; 124 -&gt; 237 -&gt; 935 -&gt; 522 -&gt; 835 -&gt;   Toplam : 2868
215 -&gt; 124 -&gt; 237 -&gt; 935 -&gt; 522 -&gt; 835 -&gt;   Toplam : 2868
215 -&gt; 124 -&gt; 237 -&gt; 935 -&gt; 522 -&gt; 835 -&gt;   Toplam : 2868
215 -&gt; 124 -&gt; 237 -&gt; 935 -&gt; 522 -&gt; 835 -&gt;   Toplam : 2868
215 -&gt; 124 -&gt; 237 -&gt; 935 -&gt; 522 -&gt; 835 -&gt;   Toplam : 2868
215 -&gt; 124 -&gt; 237 -&gt; 935 -&gt; 522 -&gt; 835 -&gt;   Toplam : 2868
215 -&gt; 124 -&gt; 237 -&gt; 935 -&gt; 522 -&gt; 835 -&gt;   Toplam : 2868
215 -&gt; 124 -&gt; 237 -&gt; 935 -&gt; 522 -&gt; 835 -&gt;   Toplam : 2868
215 -&gt; 124 -&gt; 237 -&gt; 935 -&gt; 522 -&gt; 835 -&gt;   Toplam : 2868
215 -&gt; 124 -&gt; 237 -&gt; 935 -&gt; 522 -&gt; 835 -&gt;   Toplam : 2868
215 -&gt; 124 -&gt; 237 -&gt; 935 -&gt; 522 -&gt; 835 -&gt;   Toplam : 2868
215 -&gt; 124 -&gt; 237 -&gt; 935 -&gt; 522 -&gt; 835 -&gt;   Toplam : 2868
215 -&gt; 124 -&gt; 237 -&gt; 935 -&gt; 522 -&gt; 835 -&gt;   Toplam : 2868
215 -&gt; 124 -&gt; 237 -&gt; 935 -&gt; 522 -&gt; 835 -&gt;   Toplam : 2868
215 -&gt; 124 -&gt; 237 -&gt; 935 -&gt; 522 -&gt; 835 -&gt;   Toplam : 2868
215 -&gt; 124 -&gt; 237 -&gt; 935 -&gt; 522 -&gt; 835 -&gt;   Toplam : 2868
215 -&gt; 124 -&gt; 237 -&gt; 935 -&gt; 522 -&gt; 835 -&gt;   Toplam : 2868
215 -&gt; 124 -&gt; 237 -&gt; 935 -&gt; 522 -&gt; 835 -&gt;   Toplam : 2868
215 -&gt; 124 -&gt; 237 -&gt; 935 -&gt; 522 -&gt; 835 -&gt;   Toplam : 2868
215 -&gt; 124 -&gt; 237 -&gt; 935 -&gt; 522 -&gt; 835 -&gt;   Toplam : 2868
215 -&gt; 124 -&gt; 237 -&gt; 935 -&gt; 522 -&gt; 835 -&gt;   Toplam : 2868
215 -&gt; 124 -&gt; 237 -&gt; 935 -&gt; 522 -&gt; 835 -&gt;   Toplam : 2868
215 -&gt; 124 -&gt; 237 -&gt; 935 -&gt; 522 -&gt; 835 -&gt;   Toplam : 2868
215 -&gt; 124 -&gt; 237 -&gt; 935 -&gt; 522 -&gt; 835 -&gt;   Toplam : 2868
215 -&gt; 124 -&gt; 237 -&gt; 935 -&gt; 522 -&gt; 835 -&gt;   Toplam : 2868
215 -&gt; 124 -&gt; 237 -&gt; 935 -&gt; 522 -&gt; 835 -&gt;   Toplam : 2868
215 -&gt; 124 -&gt; 237 -&gt; 935 -&gt; 522 -&gt; 835 -&gt;   Toplam : 2868
215 -&gt; 124 -&gt; 237 -&gt; 935 -&gt; 522 -&gt; 835 -&gt;   Toplam : 2868
215 -&gt; 124 -&gt; 237 -&gt; 935 -&gt; 522 -&gt; 835 -&gt;   Toplam : 2868
215 -&gt; 124 -&gt; 237 -&gt; 935 -&gt; 522 -&gt; 835 -&gt;   Toplam : 2868
215 -&gt; 124 -&gt; 237 -&gt; 935 -&gt; 522 -&gt; 835 -&gt;   Toplam : 2868
215 -&gt; 124 -&gt; 237 -&gt; 935 -&gt; 522 -&gt; 835 -&gt;   Toplam : 2868
215 -&gt; 124 -&gt; 237 -&gt; 935 -&gt; 522 -&gt; 835 -&gt;   Toplam : 2868
215 -&gt; 124 -&gt; 237 -&gt; 935 -&gt; 522 -&gt; 835 -&gt; 207 -&gt; 516 -&gt;   Toplam : 3591
215 -&gt; 124 -&gt; 237 -&gt; 935 -&gt; 522 -&gt; 835 -&gt; 207 -&gt; 516 -&gt;   Toplam : 3591
215 -&gt; 124 -&gt; 237 -&gt; 935 -&gt; 522 -&gt; 835 -&gt; 207 -&gt; 516 -&gt;   Toplam : 3591
215 -&gt; 124 -&gt; 237 -&gt; 935 -&gt; 522 -&gt; 835 -&gt; 207 -&gt; 516 -&gt;   Toplam : 3591
215 -&gt; 124 -&gt; 237 -&gt; 935 -&gt; 522 -&gt; 835 -&gt; 207 -&gt; 516 -&gt;   Toplam : 3591
215 -&gt; 124 -&gt; 237 -&gt; 935 -&gt; 522 -&gt; 835 -&gt; 207 -&gt; 516 -&gt;   Toplam : 3591
215 -&gt; 124 -&gt; 237 -&gt; 935 -&gt; 522 -&gt; 835 -&gt; 207 -&gt; 516 -&gt;   Toplam : 3591
215 -&gt; 124 -&gt; 237 -&gt; 935 -&gt; 522 -&gt; 835 -&gt; 207 -&gt; 516 -&gt;   Toplam : 3591
215 -&gt; 124 -&gt; 237 -&gt; 935 -&gt; 522 -&gt; 835 -&gt; 207 -&gt; 516 -&gt;   Toplam : 3591
215 -&gt; 124 -&gt; 237 -&gt; 935 -&gt; 522 -&gt; 835 -&gt; 207 -&gt; 516 -&gt;   Toplam : 3591
215 -&gt; 124 -&gt; 237 -&gt; 935 -&gt; 522 -&gt; 835 -&gt; 207 -&gt; 516 -&gt;   Toplam : 3591
215 -&gt; 124 -&gt; 237 -&gt; 935 -&gt; 522 -&gt; 835 -&gt; 207 -&gt; 516 -&gt;   Toplam : 3591
215 -&gt; 124 -&gt; 237 -&gt; 935 -&gt; 522 -&gt; 835 -&gt; 207 -&gt; 516 -&gt;   Toplam : 3591
215 -&gt; 124 -&gt; 237 -&gt; 935 -&gt; 522 -&gt; 835 -&gt; 207 -&gt; 516 -&gt;   Toplam : 3591
215 -&gt; 124 -&gt; 237 -&gt; 935 -&gt; 522 -&gt; 835 -&gt; 207 -&gt; 516 -&gt;   Toplam : 3591
215 -&gt; 124 -&gt; 237 -&gt; 935 -&gt; 522 -&gt; 835 -&gt; 207 -&gt; 516 -&gt;   Toplam : 3591
215 -&gt; 124 -&gt; 237 -&gt; 935 -&gt; 522 -&gt; 835 -&gt; 207 -&gt; 516 -&gt;   Toplam : 3591
215 -&gt; 124 -&gt; 237 -&gt; 935 -&gt; 522 -&gt; 835 -&gt; 207 -&gt; 516 -&gt;   Toplam : 3591
215 -&gt; 124 -&gt; 237 -&gt; 935 -&gt; 522 -&gt; 835 -&gt; 207 -&gt; 516 -&gt;   Toplam : 3591
215 -&gt; 124 -&gt; 237 -&gt; 935 -&gt; 522 -&gt; 835 -&gt; 207 -&gt; 516 -&gt;   Toplam : 3591
215 -&gt; 124 -&gt; 237 -&gt; 935 -&gt; 522 -&gt; 835 -&gt; 207 -&gt; 516 -&gt;   Toplam : 3591
215 -&gt; 124 -&gt; 237 -&gt; 935 -&gt; 522 -&gt; 835 -&gt; 207 -&gt; 516 -&gt;   Toplam : 3591
215 -&gt; 124 -&gt; 237 -&gt; 935 -&gt; 522 -&gt; 835 -&gt; 207 -&gt; 516 -&gt;   Toplam : 3591
215 -&gt; 124 -&gt; 237 -&gt; 935 -&gt; 522 -&gt; 835 -&gt; 207 -&gt; 516 -&gt;   Toplam : 3591
215 -&gt; 124 -&gt; 237 -&gt; 935 -&gt; 522 -&gt; 835 -&gt; 207 -&gt; 516 -&gt;   Toplam : 3591
215 -&gt; 124 -&gt; 237 -&gt; 935 -&gt; 522 -&gt; 835 -&gt; 207 -&gt; 516 -&gt;   Toplam : 3591
215 -&gt; 124 -&gt; 237 -&gt; 935 -&gt; 522 -&gt; 835 -&gt; 207 -&gt; 516 -&gt;   Toplam : 3591
215 -&gt; 124 -&gt; 237 -&gt; 935 -&gt; 522 -&gt; 835 -&gt; 207 -&gt; 516 -&gt;   Toplam : 3591
215 -&gt; 124 -&gt; 237 -&gt; 935 -&gt; 522 -&gt; 835 -&gt; 207 -&gt; 516 -&gt;   Toplam : 3591
215 -&gt; 124 -&gt; 237 -&gt; 935 -&gt; 522 -&gt; 835 -&gt; 207 -&gt; 516 -&gt;   Toplam : 3591
215 -&gt; 124 -&gt; 237 -&gt; 935 -&gt; 522 -&gt; 835 -&gt; 207 -&gt; 516 -&gt;   Toplam : 3591
215 -&gt; 124 -&gt; 237 -&gt; 935 -&gt; 522 -&gt; 835 -&gt; 207 -&gt; 516 -&gt;   Toplam : 3591
215 -&gt; 124 -&gt; 237 -&gt; 935 -&gt; 522 -&gt; 835 -&gt; 207 -&gt; 516 -&gt;   Toplam : 3591
215 -&gt; 124 -&gt; 237 -&gt; 935 -&gt; 522 -&gt; 835 -&gt; 207 -&gt; 516 -&gt;   Toplam : 3591
215 -&gt; 124 -&gt; 237 -&gt; 935 -&gt; 522 -&gt; 835 -&gt; 207 -&gt; 516 -&gt;   Toplam : 3591
215 -&gt; 124 -&gt; 237 -&gt; 935 -&gt; 522 -&gt; 835 -&gt; 207 -&gt; 516 -&gt;   Toplam : 3591
215 -&gt; 124 -&gt; 237 -&gt; 935 -&gt; 522 -&gt; 835 -&gt; 207 -&gt; 516 -&gt;   Toplam : 3591
215 -&gt; 124 -&gt; 237 -&gt; 935 -&gt; 522 -&gt; 835 -&gt; 207 -&gt; 516 -&gt;   Toplam : 3591
215 -&gt; 124 -&gt; 237 -&gt; 935 -&gt; 522 -&gt; 835 -&gt; 207 -&gt; 516 -&gt;   Toplam : 3591
215 -&gt; 124 -&gt; 237 -&gt; 935 -&gt; 522 -&gt; 835 -&gt; 207 -&gt; 516 -&gt;   Toplam : 3591
215 -&gt; 124 -&gt; 237 -&gt; 935 -&gt; 522 -&gt; 835 -&gt; 207 -&gt; 516 -&gt;   Toplam : 3591
215 -&gt; 124 -&gt; 237 -&gt; 935 -&gt; 522 -&gt; 835 -&gt; 207 -&gt; 516 -&gt;   Toplam : 3591
215 -&gt; 124 -&gt; 237 -&gt; 935 -&gt; 522 -&gt; 835 -&gt; 207 -&gt; 516 -&gt;   Toplam : 3591
215 -&gt; 124 -&gt; 237 -&gt; 935 -&gt; 522 -&gt; 835 -&gt; 207 -&gt; 516 -&gt;   Toplam : 3591
215 -&gt; 124 -&gt; 237 -&gt; 935 -&gt; 522 -&gt; 835 -&gt; 207 -&gt; 516 -&gt;   Toplam : 3591
215 -&gt; 124 -&gt; 237 -&gt; 935 -&gt; 522 -&gt; 835 -&gt; 207 -&gt; 516 -&gt;   Toplam : 3591
215 -&gt; 124 -&gt; 237 -&gt; 935 -&gt; 522 -&gt; 835 -&gt; 207 -&gt; 516 -&gt;   Toplam : 3591
215 -&gt; 124 -&gt; 237 -&gt; 935 -&gt; 522 -&gt; 835 -&gt; 207 -&gt; 516 -&gt;   Toplam : 3591
215 -&gt; 124 -&gt; 237 -&gt; 935 -&gt; 522 -&gt; 835 -&gt; 207 -&gt; 516 -&gt;   Toplam : 3591
215 -&gt; 124 -&gt; 237 -&gt; 935 -&gt; 522 -&gt; 835 -&gt; 207 -&gt; 516 -&gt;   Toplam : 3591
215 -&gt; 124 -&gt; 237 -&gt; 935 -&gt; 522 -&gt; 835 -&gt; 207 -&gt; 516 -&gt;   Toplam : 3591
215 -&gt; 124 -&gt; 237 -&gt; 935 -&gt; 522 -&gt; 835 -&gt; 207 -&gt; 516 -&gt;   Toplam : 3591
215 -&gt; 124 -&gt; 237 -&gt; 935 -&gt; 522 -&gt; 835 -&gt; 207 -&gt; 516 -&gt;   Toplam : 3591
215 -&gt; 124 -&gt; 237 -&gt; 935 -&gt; 522 -&gt; 835 -&gt; 207 -&gt; 516 -&gt;   Toplam : 3591
215 -&gt; 124 -&gt; 237 -&gt; 935 -&gt; 522 -&gt; 835 -&gt; 207 -&gt; 516 -&gt;   Toplam : 3591
215 -&gt; 124 -&gt; 237 -&gt; 935 -&gt; 522 -&gt; 835 -&gt; 207 -&gt; 516 -&gt;   Toplam : 3591
215 -&gt; 124 -&gt; 237 -&gt; 935 -&gt; 522 -&gt; 835 -&gt; 207 -&gt; 516 -&gt;   Toplam : 3591
215 -&gt; 124 -&gt; 237 -&gt; 935 -&gt; 522 -&gt; 835 -&gt; 207 -&gt; 516 -&gt;   Toplam : 3591
215 -&gt; 124 -&gt; 237 -&gt; 935 -&gt; 522 -&gt; 835 -&gt; 207 -&gt; 516 -&gt;   Toplam : 3591
215 -&gt; 124 -&gt; 237 -&gt; 935 -&gt; 522 -&gt; 835 -&gt; 207 -&gt; 516 -&gt;   Toplam : 3591
215 -&gt; 124 -&gt; 237 -&gt; 935 -&gt; 522 -&gt; 835 -&gt; 207 -&gt; 516 -&gt;   Toplam : 3591
215 -&gt; 124 -&gt; 237 -&gt; 935 -&gt; 522 -&gt; 835 -&gt; 207 -&gt; 516 -&gt;   Toplam : 3591
215 -&gt; 124 -&gt; 237 -&gt; 935 -&gt; 522 -&gt; 835 -&gt; 207 -&gt; 516 -&gt;   Toplam : 3591
215 -&gt; 124 -&gt; 237 -&gt; 935 -&gt; 522 -&gt; 835 -&gt; 207 -&gt; 516 -&gt;   Toplam : 3591
215 -&gt; 124 -&gt; 237 -&gt; 935 -&gt; 522 -&gt; 835 -&gt; 207 -&gt; 516 -&gt; 560 -&gt; 632 -&gt; 543 -&gt;   Toplam : 5326
215 -&gt; 124 -&gt; 237 -&gt; 935 -&gt; 522 -&gt; 835 -&gt; 207 -&gt; 516 -&gt; 560 -&gt; 632 -&gt; 543 -&gt;   Toplam : 5326
215 -&gt; 124 -&gt; 237 -&gt; 935 -&gt; 522 -&gt; 835 -&gt; 207 -&gt; 516 -&gt; 560 -&gt; 632 -&gt; 543 -&gt;   Toplam : 5326
215 -&gt; 124 -&gt; 237 -&gt; 935 -&gt; 522 -&gt; 835 -&gt; 207 -&gt; 516 -&gt; 560 -&gt; 632 -&gt; 543 -&gt;   Toplam : 5326
215 -&gt; 124 -&gt; 237 -&gt; 935 -&gt; 522 -&gt; 835 -&gt; 207 -&gt; 516 -&gt; 560 -&gt; 632 -&gt; 543 -&gt;   Toplam : 5326
215 -&gt; 124 -&gt; 237 -&gt; 935 -&gt; 522 -&gt; 835 -&gt; 207 -&gt; 516 -&gt; 560 -&gt; 632 -&gt; 543 -&gt;   Toplam : 5326
215 -&gt; 124 -&gt; 237 -&gt; 935 -&gt; 522 -&gt; 835 -&gt; 207 -&gt; 516 -&gt; 560 -&gt; 632 -&gt; 543 -&gt;   Toplam : 5326
215 -&gt; 124 -&gt; 237 -&gt; 935 -&gt; 522 -&gt; 835 -&gt; 207 -&gt; 516 -&gt; 560 -&gt; 632 -&gt; 543 -&gt;   Toplam : 5326
215 -&gt; 124 -&gt; 237 -&gt; 935 -&gt; 522 -&gt; 835 -&gt; 207 -&gt; 516 -&gt; 560 -&gt; 632 -&gt; 543 -&gt;   Toplam : 5326
215 -&gt; 124 -&gt; 237 -&gt; 935 -&gt; 522 -&gt; 835 -&gt; 207 -&gt; 516 -&gt; 560 -&gt; 632 -&gt; 543 -&gt;   Toplam : 5326
215 -&gt; 124 -&gt; 237 -&gt; 935 -&gt; 522 -&gt; 835 -&gt; 207 -&gt; 516 -&gt; 560 -&gt; 632 -&gt; 543 -&gt;   Toplam : 5326
215 -&gt; 124 -&gt; 237 -&gt; 935 -&gt; 522 -&gt; 835 -&gt; 207 -&gt; 516 -&gt; 560 -&gt; 632 -&gt; 543 -&gt;   Toplam : 5326
215 -&gt; 124 -&gt; 237 -&gt; 935 -&gt; 522 -&gt; 835 -&gt; 207 -&gt; 516 -&gt; 560 -&gt; 632 -&gt; 543 -&gt;   Toplam : 5326
215 -&gt; 124 -&gt; 237 -&gt; 935 -&gt; 522 -&gt; 835 -&gt; 207 -&gt; 516 -&gt; 560 -&gt; 632 -&gt; 543 -&gt;   Toplam : 5326
215 -&gt; 124 -&gt; 237 -&gt; 935 -&gt; 522 -&gt; 835 -&gt; 207 -&gt; 516 -&gt; 560 -&gt; 632 -&gt; 543 -&gt;   Toplam : 5326
215 -&gt; 124 -&gt; 237 -&gt; 935 -&gt; 522 -&gt; 835 -&gt; 207 -&gt; 516 -&gt; 560 -&gt; 632 -&gt; 543 -&gt;   Toplam : 5326
215 -&gt; 124 -&gt; 237 -&gt; 935 -&gt; 522 -&gt; 835 -&gt; 207 -&gt; 516 -&gt; 560 -&gt; 632 -&gt; 931 -&gt;   Toplam : 5714
215 -&gt; 124 -&gt; 237 -&gt; 935 -&gt; 522 -&gt; 835 -&gt; 207 -&gt; 516 -&gt; 560 -&gt; 632 -&gt; 931 -&gt;   Toplam : 5714
215 -&gt; 124 -&gt; 237 -&gt; 935 -&gt; 522 -&gt; 835 -&gt; 207 -&gt; 516 -&gt; 560 -&gt; 632 -&gt; 931 -&gt;   Toplam : 5714
215 -&gt; 124 -&gt; 237 -&gt; 935 -&gt; 522 -&gt; 835 -&gt; 207 -&gt; 516 -&gt; 560 -&gt; 632 -&gt; 931 -&gt;   Toplam : 5714
215 -&gt; 124 -&gt; 237 -&gt; 935 -&gt; 522 -&gt; 835 -&gt; 207 -&gt; 516 -&gt; 560 -&gt; 632 -&gt; 931 -&gt;   Toplam : 5714
215 -&gt; 124 -&gt; 237 -&gt; 935 -&gt; 522 -&gt; 835 -&gt; 207 -&gt; 516 -&gt; 560 -&gt; 632 -&gt; 931 -&gt;   Toplam : 5714
215 -&gt; 124 -&gt; 237 -&gt; 935 -&gt; 522 -&gt; 835 -&gt; 207 -&gt; 516 -&gt; 560 -&gt; 632 -&gt; 931 -&gt;   Toplam : 5714
215 -&gt; 124 -&gt; 237 -&gt; 935 -&gt; 522 -&gt; 835 -&gt; 207 -&gt; 516 -&gt; 560 -&gt; 632 -&gt; 931 -&gt;   Toplam : 5714
215 -&gt; 124 -&gt; 237 -&gt; 935 -&gt; 522 -&gt; 835 -&gt; 207 -&gt; 516 -&gt; 560 -&gt; 632 -&gt; 931 -&gt; 778 -&gt; 413 -&gt; 310 -&gt; 218 -&gt;   Toplam : 7433
215 -&gt; 
124 -&gt; 
237 -&gt; 
935 -&gt; 
522 -&gt; 
835 -&gt; 
207 -&gt; 
516 -&gt; 
560 -&gt; 
632 -&gt; 
931 -&gt; 
778 -&gt; 
413 -&gt; 
310 -&gt; 
218 -&gt; 
  Toplam : 7433
215 -&gt; 124 -&gt; 237 -&gt; 935 -&gt; 522 -&gt; 835 -&gt; 207 -&gt; 516 -&gt; 560 -&gt; 632 -&gt; 931 -&gt; 778 -&gt; 413 -&gt; 310 -&gt; 253 -&gt;   Toplam : 7468
215 -&gt; 
124 -&gt; 
237 -&gt; 
935 -&gt; 
522 -&gt; 
835 -&gt; 
207 -&gt; 
516 -&gt; 
560 -&gt; 
632 -&gt; 
931 -&gt; 
778 -&gt; 
413 -&gt; 
310 -&gt; 
253 -&gt; 
  Toplam : 7468
215 -&gt; 124 -&gt; 237 -&gt; 935 -&gt; 522 -&gt; 835 -&gt; 207 -&gt; 516 -&gt; 560 -&gt; 632 -&gt; 931 -&gt; 778 -&gt; 413 -&gt; 713 -&gt; 253 -&gt;   Toplam : 7871
215 -&gt; 
124 -&gt; 
237 -&gt; 
935 -&gt; 
522 -&gt; 
835 -&gt; 
207 -&gt; 
516 -&gt; 
560 -&gt; 
632 -&gt; 
931 -&gt; 
778 -&gt; 
413 -&gt; 
713 -&gt; 
253 -&gt; 
  Toplam : 7871
215 -&gt; 124 -&gt; 237 -&gt; 935 -&gt; 522 -&gt; 835 -&gt; 207 -&gt; 516 -&gt; 560 -&gt; 632 -&gt; 931 -&gt; 778 -&gt; 413 -&gt; 713 -&gt;   Toplam : 7618
215 -&gt; 124 -&gt; 237 -&gt; 935 -&gt; 522 -&gt; 835 -&gt; 207 -&gt; 516 -&gt; 560 -&gt; 632 -&gt; 931 -&gt; 778 -&gt; 528 -&gt; 713 -&gt; 253 -&gt;   Toplam : 7986
215 -&gt; 
124 -&gt; 
237 -&gt; 
935 -&gt; 
522 -&gt; 
835 -&gt; 
207 -&gt; 
516 -&gt; 
560 -&gt; 
632 -&gt; 
931 -&gt; 
778 -&gt; 
528 -&gt; 
713 -&gt; 
253 -&gt; 
  Toplam : 7986
215 -&gt; 124 -&gt; 237 -&gt; 935 -&gt; 522 -&gt; 835 -&gt; 207 -&gt; 516 -&gt; 560 -&gt; 632 -&gt; 931 -&gt; 778 -&gt; 528 -&gt; 713 -&gt;   Toplam : 7733
215 -&gt; 124 -&gt; 237 -&gt; 935 -&gt; 522 -&gt; 835 -&gt; 207 -&gt; 516 -&gt; 560 -&gt; 632 -&gt; 931 -&gt; 778 -&gt; 528 -&gt; 999 -&gt;   Toplam : 8019
215 -&gt; 124 -&gt; 237 -&gt; 935 -&gt; 522 -&gt; 835 -&gt; 207 -&gt; 516 -&gt; 560 -&gt; 632 -&gt; 931 -&gt; 778 -&gt; 528 -&gt; 999 -&gt;   Toplam : 8019
215 -&gt; 124 -&gt; 237 -&gt; 935 -&gt; 522 -&gt; 835 -&gt; 207 -&gt; 516 -&gt; 560 -&gt; 387 -&gt; 931 -&gt;   Toplam : 5469
215 -&gt; 124 -&gt; 237 -&gt; 935 -&gt; 522 -&gt; 835 -&gt; 207 -&gt; 516 -&gt; 560 -&gt; 387 -&gt; 931 -&gt;   Toplam : 5469
215 -&gt; 124 -&gt; 237 -&gt; 935 -&gt; 522 -&gt; 835 -&gt; 207 -&gt; 516 -&gt; 560 -&gt; 387 -&gt; 931 -&gt;   Toplam : 5469
215 -&gt; 124 -&gt; 237 -&gt; 935 -&gt; 522 -&gt; 835 -&gt; 207 -&gt; 516 -&gt; 560 -&gt; 387 -&gt; 931 -&gt;   Toplam : 5469
215 -&gt; 124 -&gt; 237 -&gt; 935 -&gt; 522 -&gt; 835 -&gt; 207 -&gt; 516 -&gt; 560 -&gt; 387 -&gt; 931 -&gt;   Toplam : 5469
215 -&gt; 124 -&gt; 237 -&gt; 935 -&gt; 522 -&gt; 835 -&gt; 207 -&gt; 516 -&gt; 560 -&gt; 387 -&gt; 931 -&gt;   Toplam : 5469
215 -&gt; 124 -&gt; 237 -&gt; 935 -&gt; 522 -&gt; 835 -&gt; 207 -&gt; 516 -&gt; 560 -&gt; 387 -&gt; 931 -&gt;   Toplam : 5469
215 -&gt; 124 -&gt; 237 -&gt; 935 -&gt; 522 -&gt; 835 -&gt; 207 -&gt; 516 -&gt; 560 -&gt; 387 -&gt; 931 -&gt;   Toplam : 5469
215 -&gt; 124 -&gt; 237 -&gt; 935 -&gt; 522 -&gt; 835 -&gt; 207 -&gt; 516 -&gt; 560 -&gt; 387 -&gt; 931 -&gt; 778 -&gt; 413 -&gt; 310 -&gt; 218 -&gt;   Toplam : 7188
215 -&gt; 
124 -&gt; 
237 -&gt; 
935 -&gt; 
522 -&gt; 
835 -&gt; 
207 -&gt; 
516 -&gt; 
560 -&gt; 
387 -&gt; 
931 -&gt; 
778 -&gt; 
413 -&gt; 
310 -&gt; 
218 -&gt; 
  Toplam : 7188
215 -&gt; 124 -&gt; 237 -&gt; 935 -&gt; 522 -&gt; 835 -&gt; 207 -&gt; 516 -&gt; 560 -&gt; 387 -&gt; 931 -&gt; 778 -&gt; 413 -&gt; 310 -&gt; 253 -&gt;   Toplam : 7223
215 -&gt; 
124 -&gt; 
237 -&gt; 
935 -&gt; 
522 -&gt; 
835 -&gt; 
207 -&gt; 
516 -&gt; 
560 -&gt; 
387 -&gt; 
931 -&gt; 
778 -&gt; 
413 -&gt; 
310 -&gt; 
253 -&gt; 
  Toplam : 7223
215 -&gt; 124 -&gt; 237 -&gt; 935 -&gt; 522 -&gt; 835 -&gt; 207 -&gt; 516 -&gt; 560 -&gt; 387 -&gt; 931 -&gt; 778 -&gt; 413 -&gt; 713 -&gt; 253 -&gt;   Toplam : 7626
215 -&gt; 
124 -&gt; 
237 -&gt; 
935 -&gt; 
522 -&gt; 
835 -&gt; 
207 -&gt; 
516 -&gt; 
560 -&gt; 
387 -&gt; 
931 -&gt; 
778 -&gt; 
413 -&gt; 
713 -&gt; 
253 -&gt; 
  Toplam : 7626
215 -&gt; 124 -&gt; 237 -&gt; 935 -&gt; 522 -&gt; 835 -&gt; 207 -&gt; 516 -&gt; 560 -&gt; 387 -&gt; 931 -&gt; 778 -&gt; 413 -&gt; 713 -&gt;   Toplam : 7373
215 -&gt; 124 -&gt; 237 -&gt; 935 -&gt; 522 -&gt; 835 -&gt; 207 -&gt; 516 -&gt; 560 -&gt; 387 -&gt; 931 -&gt; 778 -&gt; 528 -&gt; 713 -&gt; 253 -&gt;   Toplam : 7741
215 -&gt; 
124 -&gt; 
237 -&gt; 
935 -&gt; 
522 -&gt; 
835 -&gt; 
207 -&gt; 
516 -&gt; 
560 -&gt; 
387 -&gt; 
931 -&gt; 
778 -&gt; 
528 -&gt; 
713 -&gt; 
253 -&gt; 
  Toplam : 7741
215 -&gt; 124 -&gt; 237 -&gt; 935 -&gt; 522 -&gt; 835 -&gt; 207 -&gt; 516 -&gt; 560 -&gt; 387 -&gt; 931 -&gt; 778 -&gt; 528 -&gt; 713 -&gt;   Toplam : 7488
215 -&gt; 124 -&gt; 237 -&gt; 935 -&gt; 522 -&gt; 835 -&gt; 207 -&gt; 516 -&gt; 560 -&gt; 387 -&gt; 931 -&gt; 778 -&gt; 528 -&gt; 999 -&gt;   Toplam : 7774
215 -&gt; 124 -&gt; 237 -&gt; 935 -&gt; 522 -&gt; 835 -&gt; 207 -&gt; 516 -&gt; 560 -&gt; 387 -&gt; 931 -&gt; 778 -&gt; 528 -&gt; 999 -&gt;   Toplam : 7774
215 -&gt; 124 -&gt; 237 -&gt; 935 -&gt; 522 -&gt; 835 -&gt; 207 -&gt; 516 -&gt; 560 -&gt; 387 -&gt; 532 -&gt; 778 -&gt; 413 -&gt; 310 -&gt; 218 -&gt;   Toplam : 6789
215 -&gt; 
124 -&gt; 
237 -&gt; 
935 -&gt; 
522 -&gt; 
835 -&gt; 
207 -&gt; 
516 -&gt; 
560 -&gt; 
387 -&gt; 
532 -&gt; 
778 -&gt; 
413 -&gt; 
310 -&gt; 
218 -&gt; 
  Toplam : 6789
215 -&gt; 124 -&gt; 237 -&gt; 935 -&gt; 522 -&gt; 835 -&gt; 207 -&gt; 516 -&gt; 560 -&gt; 387 -&gt; 532 -&gt; 778 -&gt; 413 -&gt; 310 -&gt; 253 -&gt;   Toplam : 6824
215 -&gt; 
124 -&gt; 
237 -&gt; 
935 -&gt; 
522 -&gt; 
835 -&gt; 
207 -&gt; 
516 -&gt; 
560 -&gt; 
387 -&gt; 
532 -&gt; 
778 -&gt; 
413 -&gt; 
310 -&gt; 
253 -&gt; 
  Toplam : 6824
215 -&gt; 124 -&gt; 237 -&gt; 935 -&gt; 522 -&gt; 835 -&gt; 207 -&gt; 516 -&gt; 560 -&gt; 387 -&gt; 532 -&gt; 778 -&gt; 413 -&gt; 713 -&gt; 253 -&gt;   Toplam : 7227
215 -&gt; 
124 -&gt; 
237 -&gt; 
935 -&gt; 
522 -&gt; 
835 -&gt; 
207 -&gt; 
516 -&gt; 
560 -&gt; 
387 -&gt; 
532 -&gt; 
778 -&gt; 
413 -&gt; 
713 -&gt; 
253 -&gt; 
  Toplam : 7227
215 -&gt; 124 -&gt; 237 -&gt; 935 -&gt; 522 -&gt; 835 -&gt; 207 -&gt; 516 -&gt; 560 -&gt; 387 -&gt; 532 -&gt; 778 -&gt; 413 -&gt; 713 -&gt;   Toplam : 6974
215 -&gt; 124 -&gt; 237 -&gt; 935 -&gt; 522 -&gt; 835 -&gt; 207 -&gt; 516 -&gt; 560 -&gt; 387 -&gt; 532 -&gt; 778 -&gt; 528 -&gt; 713 -&gt; 253 -&gt;   Toplam : 7342
215 -&gt; 
124 -&gt; 
237 -&gt; 
935 -&gt; 
522 -&gt; 
835 -&gt; 
207 -&gt; 
516 -&gt; 
560 -&gt; 
387 -&gt; 
532 -&gt; 
778 -&gt; 
528 -&gt; 
713 -&gt; 
253 -&gt; 
  Toplam : 7342
215 -&gt; 124 -&gt; 237 -&gt; 935 -&gt; 522 -&gt; 835 -&gt; 207 -&gt; 516 -&gt; 560 -&gt; 387 -&gt; 532 -&gt; 778 -&gt; 528 -&gt; 713 -&gt;   Toplam : 7089
215 -&gt; 124 -&gt; 237 -&gt; 935 -&gt; 522 -&gt; 835 -&gt; 207 -&gt; 516 -&gt; 560 -&gt; 387 -&gt; 532 -&gt; 778 -&gt; 528 -&gt; 999 -&gt;   Toplam : 7375
215 -&gt; 124 -&gt; 237 -&gt; 935 -&gt; 522 -&gt; 835 -&gt; 207 -&gt; 516 -&gt; 560 -&gt; 387 -&gt; 532 -&gt; 778 -&gt; 528 -&gt; 999 -&gt;   Toplam : 7375
215 -&gt; 124 -&gt; 237 -&gt; 935 -&gt; 522 -&gt; 835 -&gt; 207 -&gt; 516 -&gt; 560 -&gt; 387 -&gt; 532 -&gt;   Toplam : 5070
215 -&gt; 124 -&gt; 237 -&gt; 935 -&gt; 522 -&gt; 835 -&gt; 207 -&gt; 516 -&gt; 560 -&gt; 387 -&gt; 532 -&gt;   Toplam : 5070
215 -&gt; 124 -&gt; 237 -&gt; 935 -&gt; 522 -&gt; 835 -&gt; 207 -&gt; 516 -&gt; 560 -&gt; 387 -&gt; 532 -&gt;   Toplam : 5070
215 -&gt; 124 -&gt; 237 -&gt; 935 -&gt; 522 -&gt; 835 -&gt; 207 -&gt; 516 -&gt; 560 -&gt; 387 -&gt; 532 -&gt;   Toplam : 5070
215 -&gt; 124 -&gt; 237 -&gt; 935 -&gt; 522 -&gt; 835 -&gt; 207 -&gt; 516 -&gt; 560 -&gt; 387 -&gt; 532 -&gt;   Toplam : 5070
215 -&gt; 124 -&gt; 237 -&gt; 935 -&gt; 522 -&gt; 835 -&gt; 207 -&gt; 516 -&gt; 560 -&gt; 387 -&gt; 532 -&gt;   Toplam : 5070
215 -&gt; 124 -&gt; 237 -&gt; 935 -&gt; 522 -&gt; 835 -&gt; 207 -&gt; 516 -&gt; 560 -&gt; 387 -&gt; 532 -&gt;   Toplam : 5070
215 -&gt; 124 -&gt; 237 -&gt; 935 -&gt; 522 -&gt; 835 -&gt; 207 -&gt; 516 -&gt; 560 -&gt; 387 -&gt; 532 -&gt;   Toplam : 5070
215 -&gt; 124 -&gt; 237 -&gt; 935 -&gt; 522 -&gt; 835 -&gt; 207 -&gt; 716 -&gt; 560 -&gt; 632 -&gt; 543 -&gt;   Toplam : 5526
215 -&gt; 124 -&gt; 237 -&gt; 935 -&gt; 522 -&gt; 835 -&gt; 207 -&gt; 716 -&gt; 560 -&gt; 632 -&gt; 543 -&gt;   Toplam : 5526
215 -&gt; 124 -&gt; 237 -&gt; 935 -&gt; 522 -&gt; 835 -&gt; 207 -&gt; 716 -&gt; 560 -&gt; 632 -&gt; 543 -&gt;   Toplam : 5526
215 -&gt; 124 -&gt; 237 -&gt; 935 -&gt; 522 -&gt; 835 -&gt; 207 -&gt; 716 -&gt; 560 -&gt; 632 -&gt; 543 -&gt;   Toplam : 5526
215 -&gt; 124 -&gt; 237 -&gt; 935 -&gt; 522 -&gt; 835 -&gt; 207 -&gt; 716 -&gt; 560 -&gt; 632 -&gt; 543 -&gt;   Toplam : 5526
215 -&gt; 124 -&gt; 237 -&gt; 935 -&gt; 522 -&gt; 835 -&gt; 207 -&gt; 716 -&gt; 560 -&gt; 632 -&gt; 543 -&gt;   Toplam : 5526
215 -&gt; 124 -&gt; 237 -&gt; 935 -&gt; 522 -&gt; 835 -&gt; 207 -&gt; 716 -&gt; 560 -&gt; 632 -&gt; 543 -&gt;   Toplam : 5526
215 -&gt; 124 -&gt; 237 -&gt; 935 -&gt; 522 -&gt; 835 -&gt; 207 -&gt; 716 -&gt; 560 -&gt; 632 -&gt; 543 -&gt;   Toplam : 5526
215 -&gt; 124 -&gt; 237 -&gt; 935 -&gt; 522 -&gt; 835 -&gt; 207 -&gt; 716 -&gt; 560 -&gt; 632 -&gt; 543 -&gt;   Toplam : 5526
215 -&gt; 124 -&gt; 237 -&gt; 935 -&gt; 522 -&gt; 835 -&gt; 207 -&gt; 716 -&gt; 560 -&gt; 632 -&gt; 543 -&gt;   Toplam : 5526
215 -&gt; 124 -&gt; 237 -&gt; 935 -&gt; 522 -&gt; 835 -&gt; 207 -&gt; 716 -&gt; 560 -&gt; 632 -&gt; 543 -&gt;   Toplam : 5526
215 -&gt; 124 -&gt; 237 -&gt; 935 -&gt; 522 -&gt; 835 -&gt; 207 -&gt; 716 -&gt; 560 -&gt; 632 -&gt; 543 -&gt;   Toplam : 5526
215 -&gt; 124 -&gt; 237 -&gt; 935 -&gt; 522 -&gt; 835 -&gt; 207 -&gt; 716 -&gt; 560 -&gt; 632 -&gt; 543 -&gt;   Toplam : 5526
215 -&gt; 124 -&gt; 237 -&gt; 935 -&gt; 522 -&gt; 835 -&gt; 207 -&gt; 716 -&gt; 560 -&gt; 632 -&gt; 543 -&gt;   Toplam : 5526
215 -&gt; 124 -&gt; 237 -&gt; 935 -&gt; 522 -&gt; 835 -&gt; 207 -&gt; 716 -&gt; 560 -&gt; 632 -&gt; 543 -&gt;   Toplam : 5526
215 -&gt; 124 -&gt; 237 -&gt; 935 -&gt; 522 -&gt; 835 -&gt; 207 -&gt; 716 -&gt; 560 -&gt; 632 -&gt; 543 -&gt;   Toplam : 5526
215 -&gt; 124 -&gt; 237 -&gt; 935 -&gt; 522 -&gt; 835 -&gt; 207 -&gt; 716 -&gt; 560 -&gt; 632 -&gt; 931 -&gt;   Toplam : 5914
215 -&gt; 124 -&gt; 237 -&gt; 935 -&gt; 522 -&gt; 835 -&gt; 207 -&gt; 716 -&gt; 560 -&gt; 632 -&gt; 931 -&gt;   Toplam : 5914
215 -&gt; 124 -&gt; 237 -&gt; 935 -&gt; 522 -&gt; 835 -&gt; 207 -&gt; 716 -&gt; 560 -&gt; 632 -&gt; 931 -&gt;   Toplam : 5914
215 -&gt; 124 -&gt; 237 -&gt; 935 -&gt; 522 -&gt; 835 -&gt; 207 -&gt; 716 -&gt; 560 -&gt; 632 -&gt; 931 -&gt;   Toplam : 5914
215 -&gt; 124 -&gt; 237 -&gt; 935 -&gt; 522 -&gt; 835 -&gt; 207 -&gt; 716 -&gt; 560 -&gt; 632 -&gt; 931 -&gt;   Toplam : 5914
215 -&gt; 124 -&gt; 237 -&gt; 935 -&gt; 522 -&gt; 835 -&gt; 207 -&gt; 716 -&gt; 560 -&gt; 632 -&gt; 931 -&gt;   Toplam : 5914
215 -&gt; 124 -&gt; 237 -&gt; 935 -&gt; 522 -&gt; 835 -&gt; 207 -&gt; 716 -&gt; 560 -&gt; 632 -&gt; 931 -&gt;   Toplam : 5914
215 -&gt; 124 -&gt; 237 -&gt; 935 -&gt; 522 -&gt; 835 -&gt; 207 -&gt; 716 -&gt; 560 -&gt; 632 -&gt; 931 -&gt;   Toplam : 5914
215 -&gt; 124 -&gt; 237 -&gt; 935 -&gt; 522 -&gt; 835 -&gt; 207 -&gt; 716 -&gt; 560 -&gt; 632 -&gt; 931 -&gt; 778 -&gt; 413 -&gt; 310 -&gt; 218 -&gt;   Toplam : 7633
215 -&gt; 
124 -&gt; 
237 -&gt; 
935 -&gt; 
522 -&gt; 
835 -&gt; 
207 -&gt; 
716 -&gt; 
560 -&gt; 
632 -&gt; 
931 -&gt; 
778 -&gt; 
413 -&gt; 
310 -&gt; 
218 -&gt; 
  Toplam : 7633
215 -&gt; 124 -&gt; 237 -&gt; 935 -&gt; 522 -&gt; 835 -&gt; 207 -&gt; 716 -&gt; 560 -&gt; 632 -&gt; 931 -&gt; 778 -&gt; 413 -&gt; 310 -&gt; 253 -&gt;   Toplam : 7668
215 -&gt; 
124 -&gt; 
237 -&gt; 
935 -&gt; 
522 -&gt; 
835 -&gt; 
207 -&gt; 
716 -&gt; 
560 -&gt; 
632 -&gt; 
931 -&gt; 
778 -&gt; 
413 -&gt; 
310 -&gt; 
253 -&gt; 
  Toplam : 7668
215 -&gt; 124 -&gt; 237 -&gt; 935 -&gt; 522 -&gt; 835 -&gt; 207 -&gt; 716 -&gt; 560 -&gt; 632 -&gt; 931 -&gt; 778 -&gt; 413 -&gt; 713 -&gt; 253 -&gt;   Toplam : 8071
215 -&gt; 
124 -&gt; 
237 -&gt; 
935 -&gt; 
522 -&gt; 
835 -&gt; 
207 -&gt; 
716 -&gt; 
560 -&gt; 
632 -&gt; 
931 -&gt; 
778 -&gt; 
413 -&gt; 
713 -&gt; 
253 -&gt; 
  Toplam : 8071
215 -&gt; 124 -&gt; 237 -&gt; 935 -&gt; 522 -&gt; 835 -&gt; 207 -&gt; 716 -&gt; 560 -&gt; 632 -&gt; 931 -&gt; 778 -&gt; 413 -&gt; 713 -&gt;   Toplam : 7818
215 -&gt; 124 -&gt; 237 -&gt; 935 -&gt; 522 -&gt; 835 -&gt; 207 -&gt; 716 -&gt; 560 -&gt; 632 -&gt; 931 -&gt; 778 -&gt; 528 -&gt; 713 -&gt; 253 -&gt;   Toplam : 8186
215 -&gt; 
124 -&gt; 
237 -&gt; 
935 -&gt; 
522 -&gt; 
835 -&gt; 
207 -&gt; 
716 -&gt; 
560 -&gt; 
632 -&gt; 
931 -&gt; 
778 -&gt; 
528 -&gt; 
713 -&gt; 
253 -&gt; 
  Toplam : 8186
215 -&gt; 124 -&gt; 237 -&gt; 935 -&gt; 522 -&gt; 835 -&gt; 207 -&gt; 716 -&gt; 560 -&gt; 632 -&gt; 931 -&gt; 778 -&gt; 528 -&gt; 713 -&gt;   Toplam : 7933
215 -&gt; 124 -&gt; 237 -&gt; 935 -&gt; 522 -&gt; 835 -&gt; 207 -&gt; 716 -&gt; 560 -&gt; 632 -&gt; 931 -&gt; 778 -&gt; 528 -&gt; 999 -&gt;   Toplam : 8219
215 -&gt; 124 -&gt; 237 -&gt; 935 -&gt; 522 -&gt; 835 -&gt; 207 -&gt; 716 -&gt; 560 -&gt; 632 -&gt; 931 -&gt; 778 -&gt; 528 -&gt; 999 -&gt;   Toplam : 8219
215 -&gt; 124 -&gt; 237 -&gt; 935 -&gt; 522 -&gt; 835 -&gt; 207 -&gt; 716 -&gt; 560 -&gt; 387 -&gt; 931 -&gt;   Toplam : 5669
215 -&gt; 124 -&gt; 237 -&gt; 935 -&gt; 522 -&gt; 835 -&gt; 207 -&gt; 716 -&gt; 560 -&gt; 387 -&gt; 931 -&gt;   Toplam : 5669
215 -&gt; 124 -&gt; 237 -&gt; 935 -&gt; 522 -&gt; 835 -&gt; 207 -&gt; 716 -&gt; 560 -&gt; 387 -&gt; 931 -&gt;   Toplam : 5669
215 -&gt; 124 -&gt; 237 -&gt; 935 -&gt; 522 -&gt; 835 -&gt; 207 -&gt; 716 -&gt; 560 -&gt; 387 -&gt; 931 -&gt;   Toplam : 5669
215 -&gt; 124 -&gt; 237 -&gt; 935 -&gt; 522 -&gt; 835 -&gt; 207 -&gt; 716 -&gt; 560 -&gt; 387 -&gt; 931 -&gt;   Toplam : 5669
215 -&gt; 124 -&gt; 237 -&gt; 935 -&gt; 522 -&gt; 835 -&gt; 207 -&gt; 716 -&gt; 560 -&gt; 387 -&gt; 931 -&gt;   Toplam : 5669
215 -&gt; 124 -&gt; 237 -&gt; 935 -&gt; 522 -&gt; 835 -&gt; 207 -&gt; 716 -&gt; 560 -&gt; 387 -&gt; 931 -&gt;   Toplam : 5669
215 -&gt; 124 -&gt; 237 -&gt; 935 -&gt; 522 -&gt; 835 -&gt; 207 -&gt; 716 -&gt; 560 -&gt; 387 -&gt; 931 -&gt;   Toplam : 5669
215 -&gt; 124 -&gt; 237 -&gt; 935 -&gt; 522 -&gt; 835 -&gt; 207 -&gt; 716 -&gt; 560 -&gt; 387 -&gt; 931 -&gt; 778 -&gt; 413 -&gt; 310 -&gt; 218 -&gt;   Toplam : 7388
215 -&gt; 
124 -&gt; 
237 -&gt; 
935 -&gt; 
522 -&gt; 
835 -&gt; 
207 -&gt; 
716 -&gt; 
560 -&gt; 
387 -&gt; 
931 -&gt; 
778 -&gt; 
413 -&gt; 
310 -&gt; 
218 -&gt; 
  Toplam : 7388
215 -&gt; 124 -&gt; 237 -&gt; 935 -&gt; 522 -&gt; 835 -&gt; 207 -&gt; 716 -&gt; 560 -&gt; 387 -&gt; 931 -&gt; 778 -&gt; 413 -&gt; 310 -&gt; 253 -&gt;   Toplam : 7423
215 -&gt; 
124 -&gt; 
237 -&gt; 
935 -&gt; 
522 -&gt; 
835 -&gt; 
207 -&gt; 
716 -&gt; 
560 -&gt; 
387 -&gt; 
931 -&gt; 
778 -&gt; 
413 -&gt; 
310 -&gt; 
253 -&gt; 
  Toplam : 7423
215 -&gt; 124 -&gt; 237 -&gt; 935 -&gt; 522 -&gt; 835 -&gt; 207 -&gt; 716 -&gt; 560 -&gt; 387 -&gt; 931 -&gt; 778 -&gt; 413 -&gt; 713 -&gt; 253 -&gt;   Toplam : 7826
215 -&gt; 
124 -&gt; 
237 -&gt; 
935 -&gt; 
522 -&gt; 
835 -&gt; 
207 -&gt; 
716 -&gt; 
560 -&gt; 
387 -&gt; 
931 -&gt; 
778 -&gt; 
413 -&gt; 
713 -&gt; 
253 -&gt; 
  Toplam : 7826
215 -&gt; 124 -&gt; 237 -&gt; 935 -&gt; 522 -&gt; 835 -&gt; 207 -&gt; 716 -&gt; 560 -&gt; 387 -&gt; 931 -&gt; 778 -&gt; 413 -&gt; 713 -&gt;   Toplam : 7573
215 -&gt; 124 -&gt; 237 -&gt; 935 -&gt; 522 -&gt; 835 -&gt; 207 -&gt; 716 -&gt; 560 -&gt; 387 -&gt; 931 -&gt; 778 -&gt; 528 -&gt; 713 -&gt; 253 -&gt;   Toplam : 7941
215 -&gt; 
124 -&gt; 
237 -&gt; 
935 -&gt; 
522 -&gt; 
835 -&gt; 
207 -&gt; 
716 -&gt; 
560 -&gt; 
387 -&gt; 
931 -&gt; 
778 -&gt; 
528 -&gt; 
713 -&gt; 
253 -&gt; 
  Toplam : 7941
215 -&gt; 124 -&gt; 237 -&gt; 935 -&gt; 522 -&gt; 835 -&gt; 207 -&gt; 716 -&gt; 560 -&gt; 387 -&gt; 931 -&gt; 778 -&gt; 528 -&gt; 713 -&gt;   Toplam : 7688
215 -&gt; 124 -&gt; 237 -&gt; 935 -&gt; 522 -&gt; 835 -&gt; 207 -&gt; 716 -&gt; 560 -&gt; 387 -&gt; 931 -&gt; 778 -&gt; 528 -&gt; 999 -&gt;   Toplam : 7974
215 -&gt; 124 -&gt; 237 -&gt; 935 -&gt; 522 -&gt; 835 -&gt; 207 -&gt; 716 -&gt; 560 -&gt; 387 -&gt; 931 -&gt; 778 -&gt; 528 -&gt; 999 -&gt;   Toplam : 7974
215 -&gt; 124 -&gt; 237 -&gt; 935 -&gt; 522 -&gt; 835 -&gt; 207 -&gt; 716 -&gt; 560 -&gt; 387 -&gt; 532 -&gt; 778 -&gt; 413 -&gt; 310 -&gt; 218 -&gt;   Toplam : 6989
215 -&gt; 
124 -&gt; 
237 -&gt; 
935 -&gt; 
522 -&gt; 
835 -&gt; 
207 -&gt; 
716 -&gt; 
560 -&gt; 
387 -&gt; 
532 -&gt; 
778 -&gt; 
413 -&gt; 
310 -&gt; 
218 -&gt; 
  Toplam : 6989
215 -&gt; 124 -&gt; 237 -&gt; 935 -&gt; 522 -&gt; 835 -&gt; 207 -&gt; 716 -&gt; 560 -&gt; 387 -&gt; 532 -&gt; 778 -&gt; 413 -&gt; 310 -&gt; 253 -&gt;   Toplam : 7024
215 -&gt; 
124 -&gt; 
237 -&gt; 
935 -&gt; 
522 -&gt; 
835 -&gt; 
207 -&gt; 
716 -&gt; 
560 -&gt; 
387 -&gt; 
532 -&gt; 
778 -&gt; 
413 -&gt; 
310 -&gt; 
253 -&gt; 
  Toplam : 7024
215 -&gt; 124 -&gt; 237 -&gt; 935 -&gt; 522 -&gt; 835 -&gt; 207 -&gt; 716 -&gt; 560 -&gt; 387 -&gt; 532 -&gt; 778 -&gt; 413 -&gt; 713 -&gt; 253 -&gt;   Toplam : 7427
215 -&gt; 
124 -&gt; 
237 -&gt; 
935 -&gt; 
522 -&gt; 
835 -&gt; 
207 -&gt; 
716 -&gt; 
560 -&gt; 
387 -&gt; 
532 -&gt; 
778 -&gt; 
413 -&gt; 
713 -&gt; 
253 -&gt; 
  Toplam : 7427
215 -&gt; 124 -&gt; 237 -&gt; 935 -&gt; 522 -&gt; 835 -&gt; 207 -&gt; 716 -&gt; 560 -&gt; 387 -&gt; 532 -&gt; 778 -&gt; 413 -&gt; 713 -&gt;   Toplam : 7174
215 -&gt; 124 -&gt; 237 -&gt; 935 -&gt; 522 -&gt; 835 -&gt; 207 -&gt; 716 -&gt; 560 -&gt; 387 -&gt; 532 -&gt; 778 -&gt; 528 -&gt; 713 -&gt; 253 -&gt;   Toplam : 7542
215 -&gt; 
124 -&gt; 
237 -&gt; 
935 -&gt; 
522 -&gt; 
835 -&gt; 
207 -&gt; 
716 -&gt; 
560 -&gt; 
387 -&gt; 
532 -&gt; 
778 -&gt; 
528 -&gt; 
713 -&gt; 
253 -&gt; 
  Toplam : 7542
215 -&gt; 124 -&gt; 237 -&gt; 935 -&gt; 522 -&gt; 835 -&gt; 207 -&gt; 716 -&gt; 560 -&gt; 387 -&gt; 532 -&gt; 778 -&gt; 528 -&gt; 713 -&gt;   Toplam : 7289
215 -&gt; 124 -&gt; 237 -&gt; 935 -&gt; 522 -&gt; 835 -&gt; 207 -&gt; 716 -&gt; 560 -&gt; 387 -&gt; 532 -&gt; 778 -&gt; 528 -&gt; 999 -&gt;   Toplam : 7575
215 -&gt; 124 -&gt; 237 -&gt; 935 -&gt; 522 -&gt; 835 -&gt; 207 -&gt; 716 -&gt; 560 -&gt; 387 -&gt; 532 -&gt; 778 -&gt; 528 -&gt; 999 -&gt;   Toplam : 7575
215 -&gt; 124 -&gt; 237 -&gt; 935 -&gt; 522 -&gt; 835 -&gt; 207 -&gt; 716 -&gt; 560 -&gt; 387 -&gt; 532 -&gt;   Toplam : 5270
215 -&gt; 124 -&gt; 237 -&gt; 935 -&gt; 522 -&gt; 835 -&gt; 207 -&gt; 716 -&gt; 560 -&gt; 387 -&gt; 532 -&gt;   Toplam : 5270
215 -&gt; 124 -&gt; 237 -&gt; 935 -&gt; 522 -&gt; 835 -&gt; 207 -&gt; 716 -&gt; 560 -&gt; 387 -&gt; 532 -&gt;   Toplam : 5270
215 -&gt; 124 -&gt; 237 -&gt; 935 -&gt; 522 -&gt; 835 -&gt; 207 -&gt; 716 -&gt; 560 -&gt; 387 -&gt; 532 -&gt;   Toplam : 5270
215 -&gt; 124 -&gt; 237 -&gt; 935 -&gt; 522 -&gt; 835 -&gt; 207 -&gt; 716 -&gt; 560 -&gt; 387 -&gt; 532 -&gt;   Toplam : 5270
215 -&gt; 124 -&gt; 237 -&gt; 935 -&gt; 522 -&gt; 835 -&gt; 207 -&gt; 716 -&gt; 560 -&gt; 387 -&gt; 532 -&gt;   Toplam : 5270
215 -&gt; 124 -&gt; 237 -&gt; 935 -&gt; 522 -&gt; 835 -&gt; 207 -&gt; 716 -&gt; 560 -&gt; 387 -&gt; 532 -&gt;   Toplam : 5270
215 -&gt; 124 -&gt; 237 -&gt; 935 -&gt; 522 -&gt; 835 -&gt; 207 -&gt; 716 -&gt; 560 -&gt; 387 -&gt; 532 -&gt;   Toplam : 5270
215 -&gt; 124 -&gt; 237 -&gt; 935 -&gt; 522 -&gt; 835 -&gt; 207 -&gt; 716 -&gt; 380 -&gt; 387 -&gt; 931 -&gt;   Toplam : 5489
215 -&gt; 124 -&gt; 237 -&gt; 935 -&gt; 522 -&gt; 835 -&gt; 207 -&gt; 716 -&gt; 380 -&gt; 387 -&gt; 931 -&gt;   Toplam : 5489
215 -&gt; 124 -&gt; 237 -&gt; 935 -&gt; 522 -&gt; 835 -&gt; 207 -&gt; 716 -&gt; 380 -&gt; 387 -&gt; 931 -&gt;   Toplam : 5489
215 -&gt; 124 -&gt; 237 -&gt; 935 -&gt; 522 -&gt; 835 -&gt; 207 -&gt; 716 -&gt; 380 -&gt; 387 -&gt; 931 -&gt;   Toplam : 5489
215 -&gt; 124 -&gt; 237 -&gt; 935 -&gt; 522 -&gt; 835 -&gt; 207 -&gt; 716 -&gt; 380 -&gt; 387 -&gt; 931 -&gt;   Toplam : 5489
215 -&gt; 124 -&gt; 237 -&gt; 935 -&gt; 522 -&gt; 835 -&gt; 207 -&gt; 716 -&gt; 380 -&gt; 387 -&gt; 931 -&gt;   Toplam : 5489
215 -&gt; 124 -&gt; 237 -&gt; 935 -&gt; 522 -&gt; 835 -&gt; 207 -&gt; 716 -&gt; 380 -&gt; 387 -&gt; 931 -&gt;   Toplam : 5489
215 -&gt; 124 -&gt; 237 -&gt; 935 -&gt; 522 -&gt; 835 -&gt; 207 -&gt; 716 -&gt; 380 -&gt; 387 -&gt; 931 -&gt;   Toplam : 5489
215 -&gt; 124 -&gt; 237 -&gt; 935 -&gt; 522 -&gt; 835 -&gt; 207 -&gt; 716 -&gt; 380 -&gt; 387 -&gt; 931 -&gt; 778 -&gt; 413 -&gt; 310 -&gt; 218 -&gt;   Toplam : 7208
215 -&gt; 
124 -&gt; 
237 -&gt; 
935 -&gt; 
522 -&gt; 
835 -&gt; 
207 -&gt; 
716 -&gt; 
380 -&gt; 
387 -&gt; 
931 -&gt; 
778 -&gt; 
413 -&gt; 
310 -&gt; 
218 -&gt; 
  Toplam : 7208
215 -&gt; 124 -&gt; 237 -&gt; 935 -&gt; 522 -&gt; 835 -&gt; 207 -&gt; 716 -&gt; 380 -&gt; 387 -&gt; 931 -&gt; 778 -&gt; 413 -&gt; 310 -&gt; 253 -&gt;   Toplam : 7243
215 -&gt; 
124 -&gt; 
237 -&gt; 
935 -&gt; 
522 -&gt; 
835 -&gt; 
207 -&gt; 
716 -&gt; 
380 -&gt; 
387 -&gt; 
931 -&gt; 
778 -&gt; 
413 -&gt; 
310 -&gt; 
253 -&gt; 
  Toplam : 7243
215 -&gt; 124 -&gt; 237 -&gt; 935 -&gt; 522 -&gt; 835 -&gt; 207 -&gt; 716 -&gt; 380 -&gt; 387 -&gt; 931 -&gt; 778 -&gt; 413 -&gt; 713 -&gt; 253 -&gt;   Toplam : 7646
215 -&gt; 
124 -&gt; 
237 -&gt; 
935 -&gt; 
522 -&gt; 
835 -&gt; 
207 -&gt; 
716 -&gt; 
380 -&gt; 
387 -&gt; 
931 -&gt; 
778 -&gt; 
413 -&gt; 
713 -&gt; 
253 -&gt; 
  Toplam : 7646
215 -&gt; 124 -&gt; 237 -&gt; 935 -&gt; 522 -&gt; 835 -&gt; 207 -&gt; 716 -&gt; 380 -&gt; 387 -&gt; 931 -&gt; 778 -&gt; 413 -&gt; 713 -&gt;   Toplam : 7393
215 -&gt; 124 -&gt; 237 -&gt; 935 -&gt; 522 -&gt; 835 -&gt; 207 -&gt; 716 -&gt; 380 -&gt; 387 -&gt; 931 -&gt; 778 -&gt; 528 -&gt; 713 -&gt; 253 -&gt;   Toplam : 7761
215 -&gt; 
124 -&gt; 
237 -&gt; 
935 -&gt; 
522 -&gt; 
835 -&gt; 
207 -&gt; 
716 -&gt; 
380 -&gt; 
387 -&gt; 
931 -&gt; 
778 -&gt; 
528 -&gt; 
713 -&gt; 
253 -&gt; 
  Toplam : 7761
215 -&gt; 124 -&gt; 237 -&gt; 935 -&gt; 522 -&gt; 835 -&gt; 207 -&gt; 716 -&gt; 380 -&gt; 387 -&gt; 931 -&gt; 778 -&gt; 528 -&gt; 713 -&gt;   Toplam : 7508
215 -&gt; 124 -&gt; 237 -&gt; 935 -&gt; 522 -&gt; 835 -&gt; 207 -&gt; 716 -&gt; 380 -&gt; 387 -&gt; 931 -&gt; 778 -&gt; 528 -&gt; 999 -&gt;   Toplam : 7794
215 -&gt; 124 -&gt; 237 -&gt; 935 -&gt; 522 -&gt; 835 -&gt; 207 -&gt; 716 -&gt; 380 -&gt; 387 -&gt; 931 -&gt; 778 -&gt; 528 -&gt; 999 -&gt;   Toplam : 7794
215 -&gt; 124 -&gt; 237 -&gt; 935 -&gt; 522 -&gt; 835 -&gt; 207 -&gt; 716 -&gt; 380 -&gt; 387 -&gt; 532 -&gt; 778 -&gt; 413 -&gt; 310 -&gt; 218 -&gt;   Toplam : 6809
215 -&gt; 
124 -&gt; 
237 -&gt; 
935 -&gt; 
522 -&gt; 
835 -&gt; 
207 -&gt; 
716 -&gt; 
380 -&gt; 
387 -&gt; 
532 -&gt; 
778 -&gt; 
413 -&gt; 
310 -&gt; 
218 -&gt; 
  Toplam : 6809
215 -&gt; 124 -&gt; 237 -&gt; 935 -&gt; 522 -&gt; 835 -&gt; 207 -&gt; 716 -&gt; 380 -&gt; 387 -&gt; 532 -&gt; 778 -&gt; 413 -&gt; 310 -&gt; 253 -&gt;   Toplam : 6844
215 -&gt; 
124 -&gt; 
237 -&gt; 
935 -&gt; 
522 -&gt; 
835 -&gt; 
207 -&gt; 
716 -&gt; 
380 -&gt; 
387 -&gt; 
532 -&gt; 
778 -&gt; 
413 -&gt; 
310 -&gt; 
253 -&gt; 
  Toplam : 6844
215 -&gt; 124 -&gt; 237 -&gt; 935 -&gt; 522 -&gt; 835 -&gt; 207 -&gt; 716 -&gt; 380 -&gt; 387 -&gt; 532 -&gt; 778 -&gt; 413 -&gt; 713 -&gt; 253 -&gt;   Toplam : 7247
215 -&gt; 
124 -&gt; 
237 -&gt; 
935 -&gt; 
522 -&gt; 
835 -&gt; 
207 -&gt; 
716 -&gt; 
380 -&gt; 
387 -&gt; 
532 -&gt; 
778 -&gt; 
413 -&gt; 
713 -&gt; 
253 -&gt; 
  Toplam : 7247
215 -&gt; 124 -&gt; 237 -&gt; 935 -&gt; 522 -&gt; 835 -&gt; 207 -&gt; 716 -&gt; 380 -&gt; 387 -&gt; 532 -&gt; 778 -&gt; 413 -&gt; 713 -&gt;   Toplam : 6994
215 -&gt; 124 -&gt; 237 -&gt; 935 -&gt; 522 -&gt; 835 -&gt; 207 -&gt; 716 -&gt; 380 -&gt; 387 -&gt; 532 -&gt; 778 -&gt; 528 -&gt; 713 -&gt; 253 -&gt;   Toplam : 7362
215 -&gt; 
124 -&gt; 
237 -&gt; 
935 -&gt; 
522 -&gt; 
835 -&gt; 
207 -&gt; 
716 -&gt; 
380 -&gt; 
387 -&gt; 
532 -&gt; 
778 -&gt; 
528 -&gt; 
713 -&gt; 
253 -&gt; 
  Toplam : 7362
215 -&gt; 124 -&gt; 237 -&gt; 935 -&gt; 522 -&gt; 835 -&gt; 207 -&gt; 716 -&gt; 380 -&gt; 387 -&gt; 532 -&gt; 778 -&gt; 528 -&gt; 713 -&gt;   Toplam : 7109
215 -&gt; 124 -&gt; 237 -&gt; 935 -&gt; 522 -&gt; 835 -&gt; 207 -&gt; 716 -&gt; 380 -&gt; 387 -&gt; 532 -&gt; 778 -&gt; 528 -&gt; 999 -&gt;   Toplam : 7395
215 -&gt; 124 -&gt; 237 -&gt; 935 -&gt; 522 -&gt; 835 -&gt; 207 -&gt; 716 -&gt; 380 -&gt; 387 -&gt; 532 -&gt; 778 -&gt; 528 -&gt; 999 -&gt;   Toplam : 7395
215 -&gt; 124 -&gt; 237 -&gt; 935 -&gt; 522 -&gt; 835 -&gt; 207 -&gt; 716 -&gt; 380 -&gt; 387 -&gt; 532 -&gt;   Toplam : 5090
215 -&gt; 124 -&gt; 237 -&gt; 935 -&gt; 522 -&gt; 835 -&gt; 207 -&gt; 716 -&gt; 380 -&gt; 387 -&gt; 532 -&gt;   Toplam : 5090
215 -&gt; 124 -&gt; 237 -&gt; 935 -&gt; 522 -&gt; 835 -&gt; 207 -&gt; 716 -&gt; 380 -&gt; 387 -&gt; 532 -&gt;   Toplam : 5090
215 -&gt; 124 -&gt; 237 -&gt; 935 -&gt; 522 -&gt; 835 -&gt; 207 -&gt; 716 -&gt; 380 -&gt; 387 -&gt; 532 -&gt;   Toplam : 5090
215 -&gt; 124 -&gt; 237 -&gt; 935 -&gt; 522 -&gt; 835 -&gt; 207 -&gt; 716 -&gt; 380 -&gt; 387 -&gt; 532 -&gt;   Toplam : 5090
215 -&gt; 124 -&gt; 237 -&gt; 935 -&gt; 522 -&gt; 835 -&gt; 207 -&gt; 716 -&gt; 380 -&gt; 387 -&gt; 532 -&gt;   Toplam : 5090
215 -&gt; 124 -&gt; 237 -&gt; 935 -&gt; 522 -&gt; 835 -&gt; 207 -&gt; 716 -&gt; 380 -&gt; 387 -&gt; 532 -&gt;   Toplam : 5090
215 -&gt; 124 -&gt; 237 -&gt; 935 -&gt; 522 -&gt; 835 -&gt; 207 -&gt; 716 -&gt; 380 -&gt; 387 -&gt; 532 -&gt;   Toplam : 5090
215 -&gt; 124 -&gt; 237 -&gt; 935 -&gt; 522 -&gt; 835 -&gt; 207 -&gt; 716 -&gt; 380 -&gt; 176 -&gt; 532 -&gt; 778 -&gt; 413 -&gt; 310 -&gt; 218 -&gt;   Toplam : 6598
215 -&gt; 
124 -&gt; 
237 -&gt; 
935 -&gt; 
522 -&gt; 
835 -&gt; 
207 -&gt; 
716 -&gt; 
380 -&gt; 
176 -&gt; 
532 -&gt; 
778 -&gt; 
413 -&gt; 
310 -&gt; 
218 -&gt; 
  Toplam : 6598
215 -&gt; 124 -&gt; 237 -&gt; 935 -&gt; 522 -&gt; 835 -&gt; 207 -&gt; 716 -&gt; 380 -&gt; 176 -&gt; 532 -&gt; 778 -&gt; 413 -&gt; 310 -&gt; 253 -&gt;   Toplam : 6633
215 -&gt; 
124 -&gt; 
237 -&gt; 
935 -&gt; 
522 -&gt; 
835 -&gt; 
207 -&gt; 
716 -&gt; 
380 -&gt; 
176 -&gt; 
532 -&gt; 
778 -&gt; 
413 -&gt; 
310 -&gt; 
253 -&gt; 
  Toplam : 6633
215 -&gt; 124 -&gt; 237 -&gt; 935 -&gt; 522 -&gt; 835 -&gt; 207 -&gt; 716 -&gt; 380 -&gt; 176 -&gt; 532 -&gt; 778 -&gt; 413 -&gt; 713 -&gt; 253 -&gt;   Toplam : 7036
215 -&gt; 
124 -&gt; 
237 -&gt; 
935 -&gt; 
522 -&gt; 
835 -&gt; 
207 -&gt; 
716 -&gt; 
380 -&gt; 
176 -&gt; 
532 -&gt; 
778 -&gt; 
413 -&gt; 
713 -&gt; 
253 -&gt; 
  Toplam : 7036
215 -&gt; 124 -&gt; 237 -&gt; 935 -&gt; 522 -&gt; 835 -&gt; 207 -&gt; 716 -&gt; 380 -&gt; 176 -&gt; 532 -&gt; 778 -&gt; 413 -&gt; 713 -&gt;   Toplam : 6783
215 -&gt; 124 -&gt; 237 -&gt; 935 -&gt; 522 -&gt; 835 -&gt; 207 -&gt; 716 -&gt; 380 -&gt; 176 -&gt; 532 -&gt; 778 -&gt; 528 -&gt; 713 -&gt; 253 -&gt;   Toplam : 7151
215 -&gt; 
124 -&gt; 
237 -&gt; 
935 -&gt; 
522 -&gt; 
835 -&gt; 
207 -&gt; 
716 -&gt; 
380 -&gt; 
176 -&gt; 
532 -&gt; 
778 -&gt; 
528 -&gt; 
713 -&gt; 
253 -&gt; 
  Toplam : 7151
215 -&gt; 124 -&gt; 237 -&gt; 935 -&gt; 522 -&gt; 835 -&gt; 207 -&gt; 716 -&gt; 380 -&gt; 176 -&gt; 532 -&gt; 778 -&gt; 528 -&gt; 713 -&gt;   Toplam : 6898
215 -&gt; 124 -&gt; 237 -&gt; 935 -&gt; 522 -&gt; 835 -&gt; 207 -&gt; 716 -&gt; 380 -&gt; 176 -&gt; 532 -&gt; 778 -&gt; 528 -&gt; 999 -&gt;   Toplam : 7184
215 -&gt; 124 -&gt; 237 -&gt; 935 -&gt; 522 -&gt; 835 -&gt; 207 -&gt; 716 -&gt; 380 -&gt; 176 -&gt; 532 -&gt; 778 -&gt; 528 -&gt; 999 -&gt;   Toplam : 7184
215 -&gt; 124 -&gt; 237 -&gt; 935 -&gt; 522 -&gt; 835 -&gt; 207 -&gt; 716 -&gt; 380 -&gt; 176 -&gt; 532 -&gt;   Toplam : 4879
215 -&gt; 124 -&gt; 237 -&gt; 935 -&gt; 522 -&gt; 835 -&gt; 207 -&gt; 716 -&gt; 380 -&gt; 176 -&gt; 532 -&gt;   Toplam : 4879
215 -&gt; 124 -&gt; 237 -&gt; 935 -&gt; 522 -&gt; 835 -&gt; 207 -&gt; 716 -&gt; 380 -&gt; 176 -&gt; 532 -&gt;   Toplam : 4879
215 -&gt; 124 -&gt; 237 -&gt; 935 -&gt; 522 -&gt; 835 -&gt; 207 -&gt; 716 -&gt; 380 -&gt; 176 -&gt; 532 -&gt;   Toplam : 4879
215 -&gt; 124 -&gt; 237 -&gt; 935 -&gt; 522 -&gt; 835 -&gt; 207 -&gt; 716 -&gt; 380 -&gt; 176 -&gt; 532 -&gt;   Toplam : 4879
215 -&gt; 124 -&gt; 237 -&gt; 935 -&gt; 522 -&gt; 835 -&gt; 207 -&gt; 716 -&gt; 380 -&gt; 176 -&gt; 532 -&gt;   Toplam : 4879
215 -&gt; 124 -&gt; 237 -&gt; 935 -&gt; 522 -&gt; 835 -&gt; 207 -&gt; 716 -&gt; 380 -&gt; 176 -&gt; 532 -&gt;   Toplam : 4879
215 -&gt; 124 -&gt; 237 -&gt; 935 -&gt; 522 -&gt; 835 -&gt; 207 -&gt; 716 -&gt; 380 -&gt; 176 -&gt; 532 -&gt;   Toplam : 4879
215 -&gt; 124 -&gt; 237 -&gt; 935 -&gt; 522 -&gt; 835 -&gt; 207 -&gt; 716 -&gt; 380 -&gt; 176 -&gt;   Toplam : 4347
215 -&gt; 124 -&gt; 237 -&gt; 935 -&gt; 522 -&gt; 835 -&gt; 207 -&gt; 716 -&gt; 380 -&gt; 176 -&gt;   Toplam : 4347
215 -&gt; 124 -&gt; 237 -&gt; 935 -&gt; 522 -&gt; 835 -&gt; 207 -&gt; 716 -&gt; 380 -&gt; 176 -&gt;   Toplam : 4347
215 -&gt; 124 -&gt; 237 -&gt; 935 -&gt; 522 -&gt; 835 -&gt; 207 -&gt; 716 -&gt; 380 -&gt; 176 -&gt;   Toplam : 4347
215 -&gt; 124 -&gt; 237 -&gt; 935 -&gt; 522 -&gt; 835 -&gt; 207 -&gt; 716 -&gt; 380 -&gt; 176 -&gt;   Toplam : 4347
215 -&gt; 124 -&gt; 237 -&gt; 935 -&gt; 522 -&gt; 835 -&gt; 207 -&gt; 716 -&gt; 380 -&gt; 176 -&gt;   Toplam : 4347
215 -&gt; 124 -&gt; 237 -&gt; 935 -&gt; 522 -&gt; 835 -&gt; 207 -&gt; 716 -&gt; 380 -&gt; 176 -&gt;   Toplam : 4347
215 -&gt; 124 -&gt; 237 -&gt; 935 -&gt; 522 -&gt; 835 -&gt; 207 -&gt; 716 -&gt; 380 -&gt; 176 -&gt;   Toplam : 4347
215 -&gt; 124 -&gt; 237 -&gt; 935 -&gt; 522 -&gt; 835 -&gt; 207 -&gt; 716 -&gt; 380 -&gt; 176 -&gt;   Toplam : 4347
215 -&gt; 124 -&gt; 237 -&gt; 935 -&gt; 522 -&gt; 835 -&gt; 207 -&gt; 716 -&gt; 380 -&gt; 176 -&gt;   Toplam : 4347
215 -&gt; 124 -&gt; 237 -&gt; 935 -&gt; 522 -&gt; 835 -&gt; 207 -&gt; 716 -&gt; 380 -&gt; 176 -&gt;   Toplam : 4347
215 -&gt; 124 -&gt; 237 -&gt; 935 -&gt; 522 -&gt; 835 -&gt; 207 -&gt; 716 -&gt; 380 -&gt; 176 -&gt;   Toplam : 4347
215 -&gt; 124 -&gt; 237 -&gt; 935 -&gt; 522 -&gt; 835 -&gt; 207 -&gt; 716 -&gt; 380 -&gt; 176 -&gt;   Toplam : 4347
215 -&gt; 124 -&gt; 237 -&gt; 935 -&gt; 522 -&gt; 835 -&gt; 207 -&gt; 716 -&gt; 380 -&gt; 176 -&gt;   Toplam : 4347
215 -&gt; 124 -&gt; 237 -&gt; 935 -&gt; 522 -&gt; 835 -&gt; 207 -&gt; 716 -&gt; 380 -&gt; 176 -&gt;   Toplam : 4347
215 -&gt; 124 -&gt; 237 -&gt; 935 -&gt; 522 -&gt; 835 -&gt; 207 -&gt; 716 -&gt; 380 -&gt; 176 -&gt;   Toplam : 4347
215 -&gt; 124 -&gt; 237 -&gt;   Toplam : 576
215 -&gt; 124 -&gt; 237 -&gt;   Toplam : 576
215 -&gt; 124 -&gt; 237 -&gt;   Toplam : 576
215 -&gt; 124 -&gt; 237 -&gt;   Toplam : 576
215 -&gt; 124 -&gt; 237 -&gt;   Toplam : 576
215 -&gt; 124 -&gt; 237 -&gt;   Toplam : 576
215 -&gt; 124 -&gt; 237 -&gt;   Toplam : 576
215 -&gt; 124 -&gt; 237 -&gt;   Toplam : 576
215 -&gt; 124 -&gt; 237 -&gt;   Toplam : 576
215 -&gt; 124 -&gt; 237 -&gt;   Toplam : 576
215 -&gt; 124 -&gt; 237 -&gt;   Toplam : 576
215 -&gt; 124 -&gt; 237 -&gt;   Toplam : 576
215 -&gt; 124 -&gt; 237 -&gt;   Toplam : 576
215 -&gt; 124 -&gt; 237 -&gt;   Toplam : 576
215 -&gt; 124 -&gt; 237 -&gt;   Toplam : 576
215 -&gt; 124 -&gt; 237 -&gt;   Toplam : 576
215 -&gt; 124 -&gt; 237 -&gt;   Toplam : 576
215 -&gt; 124 -&gt; 237 -&gt;   Toplam : 576
215 -&gt; 124 -&gt; 237 -&gt;   Toplam : 576
215 -&gt; 124 -&gt; 237 -&gt;   Toplam : 576
215 -&gt; 124 -&gt; 237 -&gt;   Toplam : 576
215 -&gt; 124 -&gt; 237 -&gt;   Toplam : 576
215 -&gt; 124 -&gt; 237 -&gt;   Toplam : 576
215 -&gt; 124 -&gt; 237 -&gt;   Toplam : 576
215 -&gt; 124 -&gt; 237 -&gt;   Toplam : 576
215 -&gt; 124 -&gt; 237 -&gt;   Toplam : 576
215 -&gt; 124 -&gt; 237 -&gt;   Toplam : 576
215 -&gt; 124 -&gt; 237 -&gt;   Toplam : 576
215 -&gt; 124 -&gt; 237 -&gt;   Toplam : 576
215 -&gt; 124 -&gt; 237 -&gt;   Toplam : 576
215 -&gt; 124 -&gt; 237 -&gt;   Toplam : 576
215 -&gt; 124 -&gt; 237 -&gt;   Toplam : 576
215 -&gt; 124 -&gt; 237 -&gt;   Toplam : 576
215 -&gt; 124 -&gt; 237 -&gt;   Toplam : 576
215 -&gt; 124 -&gt; 237 -&gt;   Toplam : 576
215 -&gt; 124 -&gt; 237 -&gt;   Toplam : 576
215 -&gt; 124 -&gt; 237 -&gt;   Toplam : 576
215 -&gt; 124 -&gt; 237 -&gt;   Toplam : 576
215 -&gt; 124 -&gt; 237 -&gt;   Toplam : 576
215 -&gt; 124 -&gt; 237 -&gt;   Toplam : 576
215 -&gt; 124 -&gt; 237 -&gt;   Toplam : 576
215 -&gt; 124 -&gt; 237 -&gt;   Toplam : 576
215 -&gt; 124 -&gt; 237 -&gt;   Toplam : 576
215 -&gt; 124 -&gt; 237 -&gt;   Toplam : 576
215 -&gt; 124 -&gt; 237 -&gt;   Toplam : 576
215 -&gt; 124 -&gt; 237 -&gt;   Toplam : 576
215 -&gt; 124 -&gt; 237 -&gt;   Toplam : 576
215 -&gt; 124 -&gt; 237 -&gt;   Toplam : 576
215 -&gt; 124 -&gt; 237 -&gt;   Toplam : 576
215 -&gt; 124 -&gt; 237 -&gt;   Toplam : 576
215 -&gt; 124 -&gt; 237 -&gt;   Toplam : 576
215 -&gt; 124 -&gt; 237 -&gt;   Toplam : 576
215 -&gt; 124 -&gt; 237 -&gt;   Toplam : 576
215 -&gt; 124 -&gt; 237 -&gt;   Toplam : 576
215 -&gt; 124 -&gt; 237 -&gt;   Toplam : 576
215 -&gt; 124 -&gt; 237 -&gt;   Toplam : 576
215 -&gt; 124 -&gt; 237 -&gt;   Toplam : 576
215 -&gt; 124 -&gt; 237 -&gt;   Toplam : 576
215 -&gt; 124 -&gt; 237 -&gt;   Toplam : 576
215 -&gt; 124 -&gt; 237 -&gt;   Toplam : 576
215 -&gt; 124 -&gt; 237 -&gt;   Toplam : 576
215 -&gt; 124 -&gt; 237 -&gt;   Toplam : 576
215 -&gt; 124 -&gt; 237 -&gt;   Toplam : 576
215 -&gt; 124 -&gt; 237 -&gt;   Toplam : 576
215 -&gt; 124 -&gt; 237 -&gt;   Toplam : 576
215 -&gt; 124 -&gt; 237 -&gt;   Toplam : 576
215 -&gt; 124 -&gt; 237 -&gt;   Toplam : 576
215 -&gt; 124 -&gt; 237 -&gt;   Toplam : 576
215 -&gt; 124 -&gt; 237 -&gt;   Toplam : 576
215 -&gt; 124 -&gt; 237 -&gt;   Toplam : 576
215 -&gt; 124 -&gt; 237 -&gt;   Toplam : 576
215 -&gt; 124 -&gt; 237 -&gt;   Toplam : 576
215 -&gt; 124 -&gt; 237 -&gt;   Toplam : 576
215 -&gt; 124 -&gt; 237 -&gt;   Toplam : 576
215 -&gt; 124 -&gt; 237 -&gt;   Toplam : 576
215 -&gt; 124 -&gt; 237 -&gt;   Toplam : 576
215 -&gt; 124 -&gt; 237 -&gt;   Toplam : 576
215 -&gt; 124 -&gt; 237 -&gt;   Toplam : 576
215 -&gt; 124 -&gt; 237 -&gt;   Toplam : 576
215 -&gt; 124 -&gt; 237 -&gt;   Toplam : 576
215 -&gt; 124 -&gt; 237 -&gt;   Toplam : 576
215 -&gt; 124 -&gt; 237 -&gt;   Toplam : 576
215 -&gt; 124 -&gt; 237 -&gt;   Toplam : 576
215 -&gt; 124 -&gt; 237 -&gt;   Toplam : 576
215 -&gt; 124 -&gt; 237 -&gt;   Toplam : 576
215 -&gt; 124 -&gt; 237 -&gt;   Toplam : 576
215 -&gt; 124 -&gt; 237 -&gt;   Toplam : 576
215 -&gt; 124 -&gt; 237 -&gt;   Toplam : 576
215 -&gt; 124 -&gt; 237 -&gt;   Toplam : 576
215 -&gt; 124 -&gt; 237 -&gt;   Toplam : 576
215 -&gt; 124 -&gt; 237 -&gt;   Toplam : 576
215 -&gt; 124 -&gt; 237 -&gt;   Toplam : 576
215 -&gt; 124 -&gt; 237 -&gt;   Toplam : 576
215 -&gt; 124 -&gt; 237 -&gt;   Toplam : 576
215 -&gt; 124 -&gt; 237 -&gt;   Toplam : 576
215 -&gt; 124 -&gt; 237 -&gt;   Toplam : 576
215 -&gt; 124 -&gt; 237 -&gt;   Toplam : 576
215 -&gt; 124 -&gt; 237 -&gt;   Toplam : 576
215 -&gt; 124 -&gt; 237 -&gt;   Toplam : 576
215 -&gt; 124 -&gt; 237 -&gt;   Toplam : 576
215 -&gt; 124 -&gt; 237 -&gt;   Toplam : 576
215 -&gt; 124 -&gt; 237 -&gt;   Toplam : 576
215 -&gt; 124 -&gt; 237 -&gt;   Toplam : 576
215 -&gt; 124 -&gt; 237 -&gt;   Toplam : 576
215 -&gt; 124 -&gt; 237 -&gt;   Toplam : 576
215 -&gt; 124 -&gt; 237 -&gt;   Toplam : 576
215 -&gt; 124 -&gt; 237 -&gt;   Toplam : 576
215 -&gt; 124 -&gt; 237 -&gt;   Toplam : 576
215 -&gt; 124 -&gt; 237 -&gt;   Toplam : 576
215 -&gt; 124 -&gt; 237 -&gt;   Toplam : 576
215 -&gt; 124 -&gt; 237 -&gt;   Toplam : 576
215 -&gt; 124 -&gt; 237 -&gt;   Toplam : 576
215 -&gt; 124 -&gt; 237 -&gt;   Toplam : 576
215 -&gt; 124 -&gt; 237 -&gt;   Toplam : 576
215 -&gt; 124 -&gt; 237 -&gt;   Toplam : 576
215 -&gt; 124 -&gt; 237 -&gt;   Toplam : 576
215 -&gt; 124 -&gt; 237 -&gt;   Toplam : 576
215 -&gt; 124 -&gt; 237 -&gt;   Toplam : 576
215 -&gt; 124 -&gt; 237 -&gt;   Toplam : 576
215 -&gt; 124 -&gt; 237 -&gt;   Toplam : 576
215 -&gt; 124 -&gt; 237 -&gt;   Toplam : 576
215 -&gt; 124 -&gt; 237 -&gt;   Toplam : 576
215 -&gt; 124 -&gt; 237 -&gt;   Toplam : 576
215 -&gt; 124 -&gt; 237 -&gt;   Toplam : 576
215 -&gt; 124 -&gt; 237 -&gt;   Toplam : 576
215 -&gt; 124 -&gt; 237 -&gt;   Toplam : 576
215 -&gt; 124 -&gt; 237 -&gt;   Toplam : 576
215 -&gt; 124 -&gt; 237 -&gt;   Toplam : 576
215 -&gt; 124 -&gt; 237 -&gt;   Toplam : 576
215 -&gt; 124 -&gt; 237 -&gt;   Toplam : 576
215 -&gt; 124 -&gt; 237 -&gt;   Toplam : 576
215 -&gt; 124 -&gt; 237 -&gt;   Toplam : 576
215 -&gt; 124 -&gt; 237 -&gt;   Toplam : 576
215 -&gt; 124 -&gt; 237 -&gt;   Toplam : 576
215 -&gt; 124 -&gt; 237 -&gt;   Toplam : 576
215 -&gt; 124 -&gt; 237 -&gt;   Toplam : 576
215 -&gt; 124 -&gt; 237 -&gt;   Toplam : 576
215 -&gt; 124 -&gt; 237 -&gt;   Toplam : 576
215 -&gt; 124 -&gt; 237 -&gt;   Toplam : 576
215 -&gt; 124 -&gt; 237 -&gt;   Toplam : 576
215 -&gt; 124 -&gt; 237 -&gt;   Toplam : 576
215 -&gt; 124 -&gt; 237 -&gt;   Toplam : 576
215 -&gt; 124 -&gt; 237 -&gt;   Toplam : 576
215 -&gt; 124 -&gt; 237 -&gt;   Toplam : 576
215 -&gt; 124 -&gt; 237 -&gt;   Toplam : 576
215 -&gt; 124 -&gt; 237 -&gt;   Toplam : 576
215 -&gt; 124 -&gt; 237 -&gt;   Toplam : 576
215 -&gt; 124 -&gt; 237 -&gt;   Toplam : 576
215 -&gt; 124 -&gt; 237 -&gt;   Toplam : 576
215 -&gt; 124 -&gt; 237 -&gt;   Toplam : 576
215 -&gt; 124 -&gt; 237 -&gt;   Toplam : 576
215 -&gt; 124 -&gt; 237 -&gt;   Toplam : 576
215 -&gt; 124 -&gt; 237 -&gt;   Toplam : 576
215 -&gt; 124 -&gt; 237 -&gt;   Toplam : 576
215 -&gt; 124 -&gt; 237 -&gt;   Toplam : 576
215 -&gt; 124 -&gt; 237 -&gt;   Toplam : 576
215 -&gt; 124 -&gt; 237 -&gt;   Toplam : 576
215 -&gt; 124 -&gt; 237 -&gt;   Toplam : 576
215 -&gt; 124 -&gt; 237 -&gt;   Toplam : 576
215 -&gt; 124 -&gt; 237 -&gt;   Toplam : 576
215 -&gt; 124 -&gt; 237 -&gt;   Toplam : 576
215 -&gt; 124 -&gt; 237 -&gt;   Toplam : 576
215 -&gt; 124 -&gt; 237 -&gt;   Toplam : 576
215 -&gt; 124 -&gt; 237 -&gt;   Toplam : 576
215 -&gt; 124 -&gt; 237 -&gt;   Toplam : 576
215 -&gt; 124 -&gt; 237 -&gt;   Toplam : 576
215 -&gt; 124 -&gt; 237 -&gt;   Toplam : 576
215 -&gt; 124 -&gt; 237 -&gt;   Toplam : 576
215 -&gt; 124 -&gt; 237 -&gt;   Toplam : 576
215 -&gt; 124 -&gt; 237 -&gt;   Toplam : 576
215 -&gt; 124 -&gt; 237 -&gt;   Toplam : 576
215 -&gt; 124 -&gt; 237 -&gt;   Toplam : 576
215 -&gt; 124 -&gt; 237 -&gt;   Toplam : 576
215 -&gt; 124 -&gt; 237 -&gt;   Toplam : 576
215 -&gt; 124 -&gt; 237 -&gt;   Toplam : 576
215 -&gt; 124 -&gt; 237 -&gt;   Toplam : 576
215 -&gt; 124 -&gt; 237 -&gt;   Toplam : 576
215 -&gt; 124 -&gt; 237 -&gt;   Toplam : 576
215 -&gt; 124 -&gt; 237 -&gt;   Toplam : 576
215 -&gt; 124 -&gt; 237 -&gt;   Toplam : 576
215 -&gt; 124 -&gt; 237 -&gt;   Toplam : 576
215 -&gt; 124 -&gt; 237 -&gt;   Toplam : 576
215 -&gt; 124 -&gt; 237 -&gt;   Toplam : 576
215 -&gt; 124 -&gt; 237 -&gt;   Toplam : 576
215 -&gt; 124 -&gt; 237 -&gt;   Toplam : 576
215 -&gt; 124 -&gt; 237 -&gt;   Toplam : 576
215 -&gt; 124 -&gt; 237 -&gt;   Toplam : 576
215 -&gt; 124 -&gt; 237 -&gt;   Toplam : 576
215 -&gt; 124 -&gt; 237 -&gt;   Toplam : 576
215 -&gt; 124 -&gt; 237 -&gt;   Toplam : 576
215 -&gt; 124 -&gt; 237 -&gt;   Toplam : 576
215 -&gt; 124 -&gt; 237 -&gt;   Toplam : 576
215 -&gt; 124 -&gt; 237 -&gt;   Toplam : 576
215 -&gt; 124 -&gt; 237 -&gt;   Toplam : 576
215 -&gt; 124 -&gt; 237 -&gt;   Toplam : 576
215 -&gt; 124 -&gt; 237 -&gt;   Toplam : 576
215 -&gt; 124 -&gt; 237 -&gt;   Toplam : 576
215 -&gt; 124 -&gt; 237 -&gt;   Toplam : 576
215 -&gt; 124 -&gt; 237 -&gt;   Toplam : 576
215 -&gt; 124 -&gt; 237 -&gt;   Toplam : 576
215 -&gt; 124 -&gt; 237 -&gt;   Toplam : 576
215 -&gt; 124 -&gt; 237 -&gt;   Toplam : 576
215 -&gt; 124 -&gt; 237 -&gt;   Toplam : 576
215 -&gt; 124 -&gt; 237 -&gt;   Toplam : 576
215 -&gt; 124 -&gt; 237 -&gt;   Toplam : 576
215 -&gt; 124 -&gt; 237 -&gt;   Toplam : 576
215 -&gt; 124 -&gt; 237 -&gt;   Toplam : 576
215 -&gt; 124 -&gt; 237 -&gt;   Toplam : 576
215 -&gt; 124 -&gt; 237 -&gt;   Toplam : 576
215 -&gt; 124 -&gt; 237 -&gt;   Toplam : 576
215 -&gt; 124 -&gt; 237 -&gt;   Toplam : 576
215 -&gt; 124 -&gt; 237 -&gt;   Toplam : 576
215 -&gt; 124 -&gt; 237 -&gt;   Toplam : 576
215 -&gt; 124 -&gt; 237 -&gt;   Toplam : 576
215 -&gt; 124 -&gt; 237 -&gt;   Toplam : 576
215 -&gt; 124 -&gt; 237 -&gt;   Toplam : 576
215 -&gt; 124 -&gt; 237 -&gt;   Toplam : 576
215 -&gt; 124 -&gt; 237 -&gt;   Toplam : 576
215 -&gt; 124 -&gt; 237 -&gt;   Toplam : 576
215 -&gt; 124 -&gt; 237 -&gt;   Toplam : 576
215 -&gt; 124 -&gt; 237 -&gt;   Toplam : 576
215 -&gt; 124 -&gt; 237 -&gt;   Toplam : 576
215 -&gt; 124 -&gt; 237 -&gt;   Toplam : 576
215 -&gt; 124 -&gt; 237 -&gt;   Toplam : 576
215 -&gt; 124 -&gt; 237 -&gt;   Toplam : 576
215 -&gt; 124 -&gt; 237 -&gt;   Toplam : 576
215 -&gt; 124 -&gt; 237 -&gt;   Toplam : 576
215 -&gt; 124 -&gt; 237 -&gt;   Toplam : 576
215 -&gt; 124 -&gt; 237 -&gt;   Toplam : 576
215 -&gt; 124 -&gt; 237 -&gt;   Toplam : 576
215 -&gt; 124 -&gt; 237 -&gt;   Toplam : 576
215 -&gt; 124 -&gt; 237 -&gt;   Toplam : 576
215 -&gt; 124 -&gt; 237 -&gt;   Toplam : 576
215 -&gt; 124 -&gt; 237 -&gt;   Toplam : 576
215 -&gt; 124 -&gt; 237 -&gt;   Toplam : 576
215 -&gt; 124 -&gt; 237 -&gt;   Toplam : 576
215 -&gt; 124 -&gt; 237 -&gt;   Toplam : 576
215 -&gt; 124 -&gt; 237 -&gt;   Toplam : 576
215 -&gt; 124 -&gt; 237 -&gt;   Toplam : 576
215 -&gt; 124 -&gt; 237 -&gt;   Toplam : 576
215 -&gt; 124 -&gt; 237 -&gt;   Toplam : 576
215 -&gt; 124 -&gt; 237 -&gt;   Toplam : 576
215 -&gt; 124 -&gt; 237 -&gt;   Toplam : 576
215 -&gt; 124 -&gt; 237 -&gt;   Toplam : 576
215 -&gt; 124 -&gt; 237 -&gt;   Toplam : 576
215 -&gt; 124 -&gt; 237 -&gt;   Toplam : 576
215 -&gt; 124 -&gt; 237 -&gt;   Toplam : 576
215 -&gt; 124 -&gt; 237 -&gt;   Toplam : 576
215 -&gt; 124 -&gt; 237 -&gt;   Toplam : 576
215 -&gt; 124 -&gt; 237 -&gt;   Toplam : 576
215 -&gt; 124 -&gt; 237 -&gt;   Toplam : 576
215 -&gt; 124 -&gt; 237 -&gt;   Toplam : 576
215 -&gt; 124 -&gt; 237 -&gt;   Toplam : 576
215 -&gt; 124 -&gt; 237 -&gt;   Toplam : 576
215 -&gt; 124 -&gt; 237 -&gt;   Toplam : 576
215 -&gt; 124 -&gt; 237 -&gt;   Toplam : 576
215 -&gt; 124 -&gt; 237 -&gt;   Toplam : 576
215 -&gt; 124 -&gt; 237 -&gt;   Toplam : 576
215 -&gt; 124 -&gt; 237 -&gt;   Toplam : 576
215 -&gt; 124 -&gt; 237 -&gt;   Toplam : 576
215 -&gt; 124 -&gt; 237 -&gt;   Toplam : 576
215 -&gt; 124 -&gt; 237 -&gt;   Toplam : 576
215 -&gt; 124 -&gt; 237 -&gt;   Toplam : 576
215 -&gt; 124 -&gt; 237 -&gt;   Toplam : 576
215 -&gt; 124 -&gt; 237 -&gt;   Toplam : 576
215 -&gt; 124 -&gt; 237 -&gt;   Toplam : 576
215 -&gt; 124 -&gt; 237 -&gt;   Toplam : 576
215 -&gt; 124 -&gt; 237 -&gt;   Toplam : 576
215 -&gt; 124 -&gt; 237 -&gt;   Toplam : 576
215 -&gt; 124 -&gt; 237 -&gt;   Toplam : 576
215 -&gt; 124 -&gt; 237 -&gt;   Toplam : 576
215 -&gt; 124 -&gt; 237 -&gt;   Toplam : 576
215 -&gt; 124 -&gt; 237 -&gt;   Toplam : 576
215 -&gt; 124 -&gt; 237 -&gt;   Toplam : 576
215 -&gt; 124 -&gt; 237 -&gt;   Toplam : 576
215 -&gt; 124 -&gt; 237 -&gt;   Toplam : 576
215 -&gt; 124 -&gt; 237 -&gt;   Toplam : 576
215 -&gt; 124 -&gt; 237 -&gt;   Toplam : 576
215 -&gt; 124 -&gt; 237 -&gt;   Toplam : 576
215 -&gt; 124 -&gt; 237 -&gt;   Toplam : 576
215 -&gt; 124 -&gt; 237 -&gt;   Toplam : 576
215 -&gt; 124 -&gt; 237 -&gt;   Toplam : 576
215 -&gt; 124 -&gt; 237 -&gt;   Toplam : 576
215 -&gt; 124 -&gt; 237 -&gt;   Toplam : 576
215 -&gt; 124 -&gt; 237 -&gt;   Toplam : 576
215 -&gt; 124 -&gt; 237 -&gt;   Toplam : 576
215 -&gt; 124 -&gt; 237 -&gt;   Toplam : 576
215 -&gt; 124 -&gt; 237 -&gt;   Toplam : 576
215 -&gt; 124 -&gt; 237 -&gt;   Toplam : 576
215 -&gt; 124 -&gt; 237 -&gt;   Toplam : 576
215 -&gt; 124 -&gt; 237 -&gt;   Toplam : 576
215 -&gt; 124 -&gt; 237 -&gt;   Toplam : 576
215 -&gt; 124 -&gt; 237 -&gt;   Toplam : 576
215 -&gt; 124 -&gt; 237 -&gt;   Toplam : 576
215 -&gt; 124 -&gt; 237 -&gt;   Toplam : 576
215 -&gt; 124 -&gt; 237 -&gt;   Toplam : 576
215 -&gt; 124 -&gt; 237 -&gt;   Toplam : 576
215 -&gt; 124 -&gt; 237 -&gt;   Toplam : 576
215 -&gt; 124 -&gt; 237 -&gt;   Toplam : 576
215 -&gt; 124 -&gt; 237 -&gt;   Toplam : 576
215 -&gt; 124 -&gt; 237 -&gt;   Toplam : 576
215 -&gt; 124 -&gt; 237 -&gt;   Toplam : 576
215 -&gt; 124 -&gt; 237 -&gt;   Toplam : 576
215 -&gt; 124 -&gt; 237 -&gt;   Toplam : 576
215 -&gt; 124 -&gt; 237 -&gt;   Toplam : 576
215 -&gt; 124 -&gt; 237 -&gt;   Toplam : 576
215 -&gt; 124 -&gt; 237 -&gt;   Toplam : 576
215 -&gt; 124 -&gt; 237 -&gt;   Toplam : 576
215 -&gt; 124 -&gt; 237 -&gt;   Toplam : 576
215 -&gt; 124 -&gt; 237 -&gt;   Toplam : 576
215 -&gt; 124 -&gt; 237 -&gt;   Toplam : 576
215 -&gt; 124 -&gt; 237 -&gt;   Toplam : 576
215 -&gt; 124 -&gt; 237 -&gt;   Toplam : 576
215 -&gt; 124 -&gt; 237 -&gt;   Toplam : 576
215 -&gt; 124 -&gt; 237 -&gt;   Toplam : 576
215 -&gt; 124 -&gt; 237 -&gt;   Toplam : 576
215 -&gt; 124 -&gt; 237 -&gt;   Toplam : 576
215 -&gt; 124 -&gt; 237 -&gt;   Toplam : 576
215 -&gt; 124 -&gt; 237 -&gt;   Toplam : 576
215 -&gt; 124 -&gt; 237 -&gt;   Toplam : 576
215 -&gt; 124 -&gt; 237 -&gt;   Toplam : 576
215 -&gt; 124 -&gt; 237 -&gt;   Toplam : 576
215 -&gt; 124 -&gt; 237 -&gt;   Toplam : 576
215 -&gt; 124 -&gt; 237 -&gt;   Toplam : 576
215 -&gt; 124 -&gt; 237 -&gt;   Toplam : 576
215 -&gt; 124 -&gt; 237 -&gt;   Toplam : 576
215 -&gt; 124 -&gt; 237 -&gt;   Toplam : 576
215 -&gt; 124 -&gt; 237 -&gt;   Toplam : 576
215 -&gt; 124 -&gt; 237 -&gt;   Toplam : 576
215 -&gt; 124 -&gt; 237 -&gt;   Toplam : 576
215 -&gt; 124 -&gt; 237 -&gt;   Toplam : 576
215 -&gt; 124 -&gt; 237 -&gt;   Toplam : 576
215 -&gt; 124 -&gt; 237 -&gt;   Toplam : 576
215 -&gt; 124 -&gt; 237 -&gt;   Toplam : 576
215 -&gt; 124 -&gt; 237 -&gt;   Toplam : 576
215 -&gt; 124 -&gt; 237 -&gt;   Toplam : 576
215 -&gt; 124 -&gt; 237 -&gt;   Toplam : 576
215 -&gt; 124 -&gt; 237 -&gt;   Toplam : 576
215 -&gt; 124 -&gt; 237 -&gt;   Toplam : 576
215 -&gt; 124 -&gt; 237 -&gt;   Toplam : 576
215 -&gt; 124 -&gt; 237 -&gt;   Toplam : 576
215 -&gt; 124 -&gt; 237 -&gt;   Toplam : 576
215 -&gt; 124 -&gt; 237 -&gt;   Toplam : 576
215 -&gt; 124 -&gt; 237 -&gt;   Toplam : 576
215 -&gt; 124 -&gt; 237 -&gt;   Toplam : 576
215 -&gt; 124 -&gt; 237 -&gt;   Toplam : 576
215 -&gt; 124 -&gt; 237 -&gt;   Toplam : 576
215 -&gt; 124 -&gt; 237 -&gt;   Toplam : 576
215 -&gt; 124 -&gt; 237 -&gt;   Toplam : 576
215 -&gt; 124 -&gt; 237 -&gt;   Toplam : 576
215 -&gt; 124 -&gt; 237 -&gt;   Toplam : 576
215 -&gt; 124 -&gt; 237 -&gt;   Toplam : 576
215 -&gt; 124 -&gt; 237 -&gt;   Toplam : 576
215 -&gt; 124 -&gt; 237 -&gt;   Toplam : 576
215 -&gt; 124 -&gt; 237 -&gt;   Toplam : 576
215 -&gt; 124 -&gt; 237 -&gt;   Toplam : 576
215 -&gt; 124 -&gt; 237 -&gt;   Toplam : 576
215 -&gt; 124 -&gt; 237 -&gt;   Toplam : 576
215 -&gt; 124 -&gt; 237 -&gt;   Toplam : 576
215 -&gt; 124 -&gt; 237 -&gt;   Toplam : 576
215 -&gt; 124 -&gt; 237 -&gt;   Toplam : 576
215 -&gt; 124 -&gt; 237 -&gt;   Toplam : 576
215 -&gt; 124 -&gt; 237 -&gt;   Toplam : 576
215 -&gt; 124 -&gt; 237 -&gt;   Toplam : 576
215 -&gt; 124 -&gt; 237 -&gt;   Toplam : 576
215 -&gt; 124 -&gt; 237 -&gt;   Toplam : 576
215 -&gt; 124 -&gt; 237 -&gt;   Toplam : 576
215 -&gt; 124 -&gt; 237 -&gt;   Toplam : 576
215 -&gt; 124 -&gt; 237 -&gt;   Toplam : 576
215 -&gt; 124 -&gt; 237 -&gt;   Toplam : 576
215 -&gt; 124 -&gt; 237 -&gt;   Toplam : 576
215 -&gt; 124 -&gt; 237 -&gt;   Toplam : 576
215 -&gt; 124 -&gt; 237 -&gt;   Toplam : 576
215 -&gt; 124 -&gt; 237 -&gt;   Toplam : 576
215 -&gt; 124 -&gt; 237 -&gt;   Toplam : 576
215 -&gt; 124 -&gt; 237 -&gt;   Toplam : 576
215 -&gt; 124 -&gt; 237 -&gt;   Toplam : 576
215 -&gt; 124 -&gt; 237 -&gt;   Toplam : 576
215 -&gt; 124 -&gt; 237 -&gt;   Toplam : 576
215 -&gt; 124 -&gt; 237 -&gt;   Toplam : 576
215 -&gt; 124 -&gt; 237 -&gt;   Toplam : 576
215 -&gt; 124 -&gt; 237 -&gt;   Toplam : 576
215 -&gt; 124 -&gt; 237 -&gt;   Toplam : 576
215 -&gt; 124 -&gt; 237 -&gt;   Toplam : 576
215 -&gt; 124 -&gt; 237 -&gt;   Toplam : 576
215 -&gt; 124 -&gt; 237 -&gt;   Toplam : 576
215 -&gt; 124 -&gt; 237 -&gt;   Toplam : 576
215 -&gt; 124 -&gt; 237 -&gt;   Toplam : 576
215 -&gt; 124 -&gt; 237 -&gt;   Toplam : 576
215 -&gt; 124 -&gt; 237 -&gt;   Toplam : 576
215 -&gt; 124 -&gt; 237 -&gt;   Toplam : 576
215 -&gt; 124 -&gt; 237 -&gt;   Toplam : 576
215 -&gt; 124 -&gt; 237 -&gt;   Toplam : 576
215 -&gt; 124 -&gt; 237 -&gt;   Toplam : 576
215 -&gt; 124 -&gt; 237 -&gt;   Toplam : 576
215 -&gt; 124 -&gt; 237 -&gt;   Toplam : 576
215 -&gt; 124 -&gt; 237 -&gt;   Toplam : 576
215 -&gt; 124 -&gt; 237 -&gt;   Toplam : 576
215 -&gt; 124 -&gt; 237 -&gt;   Toplam : 576
215 -&gt; 124 -&gt; 237 -&gt;   Toplam : 576
215 -&gt; 124 -&gt; 237 -&gt;   Toplam : 576
215 -&gt; 124 -&gt; 237 -&gt;   Toplam : 576
215 -&gt; 124 -&gt; 237 -&gt;   Toplam : 576
215 -&gt; 124 -&gt; 237 -&gt;   Toplam : 576
215 -&gt; 124 -&gt; 237 -&gt;   Toplam : 576
215 -&gt; 124 -&gt; 237 -&gt;   Toplam : 576
215 -&gt; 124 -&gt; 237 -&gt;   Toplam : 576
215 -&gt; 124 -&gt; 237 -&gt;   Toplam : 576
215 -&gt; 124 -&gt; 237 -&gt;   Toplam : 576
215 -&gt; 124 -&gt; 237 -&gt;   Toplam : 576
215 -&gt; 124 -&gt; 237 -&gt;   Toplam : 576
215 -&gt; 124 -&gt; 237 -&gt;   Toplam : 576
215 -&gt; 124 -&gt; 237 -&gt;   Toplam : 576
215 -&gt; 124 -&gt; 237 -&gt;   Toplam : 576
215 -&gt; 124 -&gt; 237 -&gt;   Toplam : 576
215 -&gt; 124 -&gt; 237 -&gt;   Toplam : 576
215 -&gt; 124 -&gt; 237 -&gt;   Toplam : 576
215 -&gt; 124 -&gt; 237 -&gt;   Toplam : 576
215 -&gt; 124 -&gt; 237 -&gt;   Toplam : 576
215 -&gt; 124 -&gt; 237 -&gt;   Toplam : 576
215 -&gt; 124 -&gt; 237 -&gt;   Toplam : 576
215 -&gt; 124 -&gt; 237 -&gt;   Toplam : 576
215 -&gt; 124 -&gt; 237 -&gt;   Toplam : 576
215 -&gt; 124 -&gt; 237 -&gt;   Toplam : 576
215 -&gt; 124 -&gt; 237 -&gt;   Toplam : 576
215 -&gt; 124 -&gt; 237 -&gt;   Toplam : 576
215 -&gt; 124 -&gt; 237 -&gt;   Toplam : 576
215 -&gt; 124 -&gt; 237 -&gt;   Toplam : 576
215 -&gt; 124 -&gt; 237 -&gt;   Toplam : 576
215 -&gt; 124 -&gt; 237 -&gt;   Toplam : 576
215 -&gt; 124 -&gt; 237 -&gt;   Toplam : 576
215 -&gt; 124 -&gt; 237 -&gt;   Toplam : 576
215 -&gt; 124 -&gt; 237 -&gt;   Toplam : 576
215 -&gt; 124 -&gt; 237 -&gt;   Toplam : 576
215 -&gt; 124 -&gt; 237 -&gt;   Toplam : 576
215 -&gt; 124 -&gt; 237 -&gt;   Toplam : 576
215 -&gt; 124 -&gt; 237 -&gt;   Toplam : 576
215 -&gt; 124 -&gt; 237 -&gt;   Toplam : 576
215 -&gt; 124 -&gt; 237 -&gt;   Toplam : 576
215 -&gt; 124 -&gt; 237 -&gt;   Toplam : 576
215 -&gt; 124 -&gt; 237 -&gt;   Toplam : 576
215 -&gt; 124 -&gt; 237 -&gt;   Toplam : 576
215 -&gt; 124 -&gt; 237 -&gt;   Toplam : 576
215 -&gt; 124 -&gt; 237 -&gt;   Toplam : 576
215 -&gt; 124 -&gt; 237 -&gt;   Toplam : 576
215 -&gt; 124 -&gt; 237 -&gt;   Toplam : 576
215 -&gt; 124 -&gt; 237 -&gt;   Toplam : 576
215 -&gt; 124 -&gt; 237 -&gt;   Toplam : 576
215 -&gt; 124 -&gt; 237 -&gt;   Toplam : 576
215 -&gt; 124 -&gt; 237 -&gt;   Toplam : 576
215 -&gt; 124 -&gt; 237 -&gt;   Toplam : 576
215 -&gt; 124 -&gt; 237 -&gt;   Toplam : 576
215 -&gt; 124 -&gt; 237 -&gt;   Toplam : 576
215 -&gt; 124 -&gt; 237 -&gt;   Toplam : 576
215 -&gt; 124 -&gt; 237 -&gt;   Toplam : 576
215 -&gt; 124 -&gt; 237 -&gt;   Toplam : 576
215 -&gt; 124 -&gt; 237 -&gt;   Toplam : 576
215 -&gt; 124 -&gt; 237 -&gt;   Toplam : 576
215 -&gt; 124 -&gt; 237 -&gt;   Toplam : 576
215 -&gt; 124 -&gt; 237 -&gt;   Toplam : 576
215 -&gt; 124 -&gt; 237 -&gt;   Toplam : 576
215 -&gt; 124 -&gt; 237 -&gt;   Toplam : 576
215 -&gt; 124 -&gt; 237 -&gt;   Toplam : 576
215 -&gt; 124 -&gt; 237 -&gt;   Toplam : 576
215 -&gt; 124 -&gt; 237 -&gt;   Toplam : 576
215 -&gt; 124 -&gt; 237 -&gt;   Toplam : 576
215 -&gt; 124 -&gt; 237 -&gt;   Toplam : 576
215 -&gt; 124 -&gt; 237 -&gt;   Toplam : 576
215 -&gt; 124 -&gt; 237 -&gt;   Toplam : 576
215 -&gt; 124 -&gt; 237 -&gt;   Toplam : 576
215 -&gt; 124 -&gt; 237 -&gt;   Toplam : 576
215 -&gt; 124 -&gt; 237 -&gt;   Toplam : 576
215 -&gt; 124 -&gt; 237 -&gt;   Toplam : 576
215 -&gt; 124 -&gt; 237 -&gt;   Toplam : 576
215 -&gt; 124 -&gt; 237 -&gt;   Toplam : 576
215 -&gt; 124 -&gt; 237 -&gt;   Toplam : 576
215 -&gt; 124 -&gt; 237 -&gt;   Toplam : 576
215 -&gt; 124 -&gt; 237 -&gt;   Toplam : 576
215 -&gt; 124 -&gt; 237 -&gt;   Toplam : 576
215 -&gt; 124 -&gt; 237 -&gt;   Toplam : 576
215 -&gt; 124 -&gt; 237 -&gt;   Toplam : 576
215 -&gt; 124 -&gt; 237 -&gt;   Toplam : 576
215 -&gt; 124 -&gt; 237 -&gt;   Toplam : 576
215 -&gt; 124 -&gt; 237 -&gt;   Toplam : 576
215 -&gt; 124 -&gt; 237 -&gt;   Toplam : 576
215 -&gt; 124 -&gt; 237 -&gt;   Toplam : 576
215 -&gt; 124 -&gt; 237 -&gt;   Toplam : 576
215 -&gt; 124 -&gt; 237 -&gt;   Toplam : 576
215 -&gt; 124 -&gt; 237 -&gt;   Toplam : 576
215 -&gt; 124 -&gt; 237 -&gt;   Toplam : 576
215 -&gt; 124 -&gt; 237 -&gt;   Toplam : 576
215 -&gt; 124 -&gt; 237 -&gt;   Toplam : 576
215 -&gt; 124 -&gt; 237 -&gt;   Toplam : 576
215 -&gt; 124 -&gt; 237 -&gt;   Toplam : 576
215 -&gt; 124 -&gt; 237 -&gt;   Toplam : 576
215 -&gt; 124 -&gt; 237 -&gt;   Toplam : 576
215 -&gt; 124 -&gt; 237 -&gt;   Toplam : 576
215 -&gt; 124 -&gt; 237 -&gt;   Toplam : 576
215 -&gt; 124 -&gt; 237 -&gt;   Toplam : 576
215 -&gt; 124 -&gt; 237 -&gt;   Toplam : 576
215 -&gt; 124 -&gt; 237 -&gt;   Toplam : 576
215 -&gt; 124 -&gt; 237 -&gt;   Toplam : 576
215 -&gt; 124 -&gt; 237 -&gt;   Toplam : 576
215 -&gt; 124 -&gt; 237 -&gt;   Toplam : 576
215 -&gt; 124 -&gt; 237 -&gt;   Toplam : 576
215 -&gt; 124 -&gt; 237 -&gt;   Toplam : 576
215 -&gt; 124 -&gt; 237 -&gt;   Toplam : 576
215 -&gt; 124 -&gt; 237 -&gt;   Toplam : 576
215 -&gt; 124 -&gt; 237 -&gt;   Toplam : 576
215 -&gt; 124 -&gt; 237 -&gt;   Toplam : 576
215 -&gt; 124 -&gt; 237 -&gt;   Toplam : 576
215 -&gt; 124 -&gt; 237 -&gt;   Toplam : 576
215 -&gt; 124 -&gt; 237 -&gt;   Toplam : 576
215 -&gt; 124 -&gt; 237 -&gt;   Toplam : 576
215 -&gt; 124 -&gt; 237 -&gt;   Toplam : 576
215 -&gt; 124 -&gt; 237 -&gt;   Toplam : 576
215 -&gt; 124 -&gt; 237 -&gt;   Toplam : 576
215 -&gt; 124 -&gt; 237 -&gt;   Toplam : 576
215 -&gt; 124 -&gt; 237 -&gt;   Toplam : 576
215 -&gt; 124 -&gt; 237 -&gt;   Toplam : 576
215 -&gt; 124 -&gt; 237 -&gt;   Toplam : 576
215 -&gt; 124 -&gt; 237 -&gt;   Toplam : 576
215 -&gt; 124 -&gt; 237 -&gt;   Toplam : 576
215 -&gt; 124 -&gt; 237 -&gt;   Toplam : 576
215 -&gt; 124 -&gt; 237 -&gt;   Toplam : 576
215 -&gt; 124 -&gt; 237 -&gt;   Toplam : 576
215 -&gt; 124 -&gt; 237 -&gt;   Toplam : 576
215 -&gt; 124 -&gt; 237 -&gt;   Toplam : 576
215 -&gt; 124 -&gt; 237 -&gt;   Toplam : 576
215 -&gt; 124 -&gt; 237 -&gt;   Toplam : 576
215 -&gt; 124 -&gt; 237 -&gt;   Toplam : 576
215 -&gt; 124 -&gt; 237 -&gt;   Toplam : 576
215 -&gt; 124 -&gt; 237 -&gt;   Toplam : 576
215 -&gt; 124 -&gt; 237 -&gt;   Toplam : 576
215 -&gt; 124 -&gt; 237 -&gt;   Toplam : 576
215 -&gt; 124 -&gt; 237 -&gt;   Toplam : 576
215 -&gt; 124 -&gt; 237 -&gt;   Toplam : 576
215 -&gt; 124 -&gt; 237 -&gt;   Toplam : 576
215 -&gt; 124 -&gt; 237 -&gt;   Toplam : 576
215 -&gt; 124 -&gt; 237 -&gt;   Toplam : 576
215 -&gt; 124 -&gt; 237 -&gt;   Toplam : 576
215 -&gt; 124 -&gt; 237 -&gt;   Toplam : 576
215 -&gt; 124 -&gt; 237 -&gt;   Toplam : 576
215 -&gt; 124 -&gt; 237 -&gt;   Toplam : 576
215 -&gt; 124 -&gt; 237 -&gt;   Toplam : 576
215 -&gt; 124 -&gt; 237 -&gt;   Toplam : 576
215 -&gt; 124 -&gt; 237 -&gt;   Toplam : 576
215 -&gt; 124 -&gt; 237 -&gt;   Toplam : 576
215 -&gt; 124 -&gt; 237 -&gt;   Toplam : 576
215 -&gt; 124 -&gt; 237 -&gt;   Toplam : 576
215 -&gt; 124 -&gt; 237 -&gt;   Toplam : 576
215 -&gt; 124 -&gt; 237 -&gt;   Toplam : 576
215 -&gt; 124 -&gt; 237 -&gt;   Toplam : 576
215 -&gt; 124 -&gt; 237 -&gt;   Toplam : 576
215 -&gt; 124 -&gt; 237 -&gt;   Toplam : 576
215 -&gt; 124 -&gt; 237 -&gt;   Toplam : 576
215 -&gt; 124 -&gt; 237 -&gt;   Toplam : 576
215 -&gt; 124 -&gt; 237 -&gt;   Toplam : 576
215 -&gt; 124 -&gt; 237 -&gt;   Toplam : 576
215 -&gt; 124 -&gt; 237 -&gt;   Toplam : 576
215 -&gt; 124 -&gt; 237 -&gt;   Toplam : 576
215 -&gt; 124 -&gt; 237 -&gt;   Toplam : 576
215 -&gt; 124 -&gt; 237 -&gt;   Toplam : 576
215 -&gt; 124 -&gt; 237 -&gt;   Toplam : 576
215 -&gt; 124 -&gt; 237 -&gt;   Toplam : 576
215 -&gt; 124 -&gt; 237 -&gt;   Toplam : 576
215 -&gt; 124 -&gt; 237 -&gt;   Toplam : 576
215 -&gt; 124 -&gt; 237 -&gt;   Toplam : 576
215 -&gt; 124 -&gt; 237 -&gt;   Toplam : 576
215 -&gt; 124 -&gt; 237 -&gt;   Toplam : 576
215 -&gt; 124 -&gt; 237 -&gt;   Toplam : 576
215 -&gt; 124 -&gt; 237 -&gt;   Toplam : 576
215 -&gt; 124 -&gt; 237 -&gt;   Toplam : 576
215 -&gt; 124 -&gt; 237 -&gt;   Toplam : 576
215 -&gt; 124 -&gt; 237 -&gt;   Toplam : 576
215 -&gt; 124 -&gt; 237 -&gt;   Toplam : 576
215 -&gt; 124 -&gt; 237 -&gt;   Toplam : 576
215 -&gt; 124 -&gt; 237 -&gt;   Toplam : 576
215 -&gt; 124 -&gt; 237 -&gt;   Toplam : 576
215 -&gt; 124 -&gt; 237 -&gt;   Toplam : 576
215 -&gt; 124 -&gt; 237 -&gt;   Toplam : 576
215 -&gt; 124 -&gt; 237 -&gt;   Toplam : 576
215 -&gt; 124 -&gt; 237 -&gt;   Toplam : 576
215 -&gt; 124 -&gt; 237 -&gt;   Toplam : 576
215 -&gt; 124 -&gt; 237 -&gt;   Toplam : 576
215 -&gt; 124 -&gt; 237 -&gt;   Toplam : 576
215 -&gt; 124 -&gt; 237 -&gt;   Toplam : 576
215 -&gt; 124 -&gt; 237 -&gt;   Toplam : 576
215 -&gt; 124 -&gt; 237 -&gt;   Toplam : 576
215 -&gt; 124 -&gt; 237 -&gt;   Toplam : 576
215 -&gt; 124 -&gt; 237 -&gt;   Toplam : 576
215 -&gt; 124 -&gt; 237 -&gt;   Toplam : 576
215 -&gt; 124 -&gt; 237 -&gt;   Toplam : 576
215 -&gt; 124 -&gt; 237 -&gt;   Toplam : 576
215 -&gt; 124 -&gt; 237 -&gt;   Toplam : 576
215 -&gt; 124 -&gt; 237 -&gt;   Toplam : 576
215 -&gt; 124 -&gt; 237 -&gt;   Toplam : 576
215 -&gt; 124 -&gt; 237 -&gt;   Toplam : 576
215 -&gt; 124 -&gt; 237 -&gt;   Toplam : 576
215 -&gt; 124 -&gt; 237 -&gt;   Toplam : 576
215 -&gt; 124 -&gt; 237 -&gt;   Toplam : 576
215 -&gt; 124 -&gt; 237 -&gt;   Toplam : 576
215 -&gt; 124 -&gt; 237 -&gt;   Toplam : 576
215 -&gt; 124 -&gt; 237 -&gt;   Toplam : 576
215 -&gt; 124 -&gt; 237 -&gt;   Toplam : 576
215 -&gt; 124 -&gt; 237 -&gt;   Toplam : 576
215 -&gt; 124 -&gt; 237 -&gt;   Toplam : 576
215 -&gt; 124 -&gt; 237 -&gt;   Toplam : 576
215 -&gt; 124 -&gt; 237 -&gt;   Toplam : 576
215 -&gt; 124 -&gt; 237 -&gt;   Toplam : 576
215 -&gt; 124 -&gt; 237 -&gt;   Toplam : 576
215 -&gt; 124 -&gt; 237 -&gt;   Toplam : 576
215 -&gt; 124 -&gt; 237 -&gt;   Toplam : 576
215 -&gt; 124 -&gt; 237 -&gt;   Toplam : 576
215 -&gt; 124 -&gt; 237 -&gt;   Toplam : 576
215 -&gt; 124 -&gt; 237 -&gt;   Toplam : 576
215 -&gt; 124 -&gt; 237 -&gt;   Toplam : 576
215 -&gt; 124 -&gt; 237 -&gt;   Toplam : 576
215 -&gt; 124 -&gt; 237 -&gt;   Toplam : 576
215 -&gt; 124 -&gt; 237 -&gt;   Toplam : 576
215 -&gt; 124 -&gt; 237 -&gt;   Toplam : 576
215 -&gt; 124 -&gt; 237 -&gt;   Toplam : 576
215 -&gt; 124 -&gt; 237 -&gt;   Toplam : 576
215 -&gt; 124 -&gt; 237 -&gt;   Toplam : 576
215 -&gt; 124 -&gt; 237 -&gt;   Toplam : 576
215 -&gt; 124 -&gt; 237 -&gt;   Toplam : 576
215 -&gt; 124 -&gt; 237 -&gt;   Toplam : 576
215 -&gt; 124 -&gt; 237 -&gt;   Toplam : 576
215 -&gt; 124 -&gt; 237 -&gt;   Toplam : 576
215 -&gt; 124 -&gt; 237 -&gt;   Toplam : 576
215 -&gt; 124 -&gt; 237 -&gt;   Toplam : 576
215 -&gt; 124 -&gt; 237 -&gt;   Toplam : 576
215 -&gt; 124 -&gt; 237 -&gt;   Toplam : 576
215 -&gt; 124 -&gt; 237 -&gt;   Toplam : 576
215 -&gt; 124 -&gt; 237 -&gt;   Toplam : 576
215 -&gt; 124 -&gt; 237 -&gt;   Toplam : 576
215 -&gt; 124 -&gt; 237 -&gt;   Toplam : 576
215 -&gt; 124 -&gt; 237 -&gt;   Toplam : 576
215 -&gt; 124 -&gt; 237 -&gt;   Toplam : 576
215 -&gt; 124 -&gt; 237 -&gt;   Toplam : 576
215 -&gt; 124 -&gt; 237 -&gt;   Toplam : 576
215 -&gt; 124 -&gt; 237 -&gt;   Toplam : 576
215 -&gt; 124 -&gt; 237 -&gt;   Toplam : 576
215 -&gt; 124 -&gt; 237 -&gt;   Toplam : 576
215 -&gt; 124 -&gt; 237 -&gt;   Toplam : 576
215 -&gt; 124 -&gt; 237 -&gt;   Toplam : 576
215 -&gt; 124 -&gt; 237 -&gt;   Toplam : 576
215 -&gt; 124 -&gt; 237 -&gt;   Toplam : 576
215 -&gt; 124 -&gt; 237 -&gt;   Toplam : 576
215 -&gt; 124 -&gt; 237 -&gt;   Toplam : 576
215 -&gt; 124 -&gt; 237 -&gt;   Toplam : 576
215 -&gt; 124 -&gt; 237 -&gt;   Toplam : 576
215 -&gt; 124 -&gt; 237 -&gt;   Toplam : 576
215 -&gt; 124 -&gt; 237 -&gt;   Toplam : 576
215 -&gt; 124 -&gt; 237 -&gt;   Toplam : 576
215 -&gt; 124 -&gt; 237 -&gt;   Toplam : 576
215 -&gt; 124 -&gt; 237 -&gt;   Toplam : 576
215 -&gt; 124 -&gt; 237 -&gt;   Toplam : 576
215 -&gt; 124 -&gt; 237 -&gt;   Toplam : 576
215 -&gt; 124 -&gt; 237 -&gt;   Toplam : 576
215 -&gt; 124 -&gt; 237 -&gt;   Toplam : 576
215 -&gt; 124 -&gt; 237 -&gt;   Toplam : 576
215 -&gt; 124 -&gt; 237 -&gt;   Toplam : 576
215 -&gt; 124 -&gt; 237 -&gt;   Toplam : 576
215 -&gt; 124 -&gt; 237 -&gt;   Toplam : 576
215 -&gt; 124 -&gt; 237 -&gt;   Toplam : 576
215 -&gt; 124 -&gt; 237 -&gt;   Toplam : 576
215 -&gt; 124 -&gt; 237 -&gt;   Toplam : 576
215 -&gt; 124 -&gt; 237 -&gt;   Toplam : 576
215 -&gt; 124 -&gt; 237 -&gt;   Toplam : 576
215 -&gt; 124 -&gt; 237 -&gt;   Toplam : 576
215 -&gt; 124 -&gt; 237 -&gt;   Toplam : 576
215 -&gt; 124 -&gt; 237 -&gt;   Toplam : 576
215 -&gt; 124 -&gt; 237 -&gt;   Toplam : 576
215 -&gt; 124 -&gt; 237 -&gt;   Toplam : 576
215 -&gt; 124 -&gt; 237 -&gt;   Toplam : 576
215 -&gt; 124 -&gt; 237 -&gt;   Toplam : 576
215 -&gt; 124 -&gt; 237 -&gt;   Toplam : 576
215 -&gt; 124 -&gt; 237 -&gt;   Toplam : 576
215 -&gt; 124 -&gt; 237 -&gt;   Toplam : 576
215 -&gt; 124 -&gt; 237 -&gt;   Toplam : 576
215 -&gt; 124 -&gt; 237 -&gt;   Toplam : 576
215 -&gt; 124 -&gt; 237 -&gt;   Toplam : 576
215 -&gt; 124 -&gt; 237 -&gt;   Toplam : 576
215 -&gt; 124 -&gt; 237 -&gt;   Toplam : 576
215 -&gt; 124 -&gt; 237 -&gt;   Toplam : 576
215 -&gt; 124 -&gt; 237 -&gt;   Toplam : 576
215 -&gt; 124 -&gt; 237 -&gt;   Toplam : 576
215 -&gt; 124 -&gt; 237 -&gt;   Toplam : 576
215 -&gt; 124 -&gt; 237 -&gt;   Toplam : 576
215 -&gt; 124 -&gt; 237 -&gt;   Toplam : 576
215 -&gt; 124 -&gt; 237 -&gt;   Toplam : 576
215 -&gt; 124 -&gt; 237 -&gt;   Toplam : 576
215 -&gt; 124 -&gt; 237 -&gt;   Toplam : 576
215 -&gt; 124 -&gt; 237 -&gt;   Toplam : 576
215 -&gt; 124 -&gt; 237 -&gt;   Toplam : 576
215 -&gt; 124 -&gt; 237 -&gt;   Toplam : 576
215 -&gt; 124 -&gt; 237 -&gt;   Toplam : 576
215 -&gt; 124 -&gt; 237 -&gt;   Toplam : 576
215 -&gt; 124 -&gt; 237 -&gt;   Toplam : 576
215 -&gt; 124 -&gt; 237 -&gt;   Toplam : 576
215 -&gt; 124 -&gt; 237 -&gt;   Toplam : 576
215 -&gt; 124 -&gt; 237 -&gt;   Toplam : 576
215 -&gt; 124 -&gt; 237 -&gt;   Toplam : 576
215 -&gt; 124 -&gt; 237 -&gt;   Toplam : 576
215 -&gt; 124 -&gt; 237 -&gt;   Toplam : 576
215 -&gt; 124 -&gt; 237 -&gt;   Toplam : 576
215 -&gt; 124 -&gt; 237 -&gt;   Toplam : 576
215 -&gt; 124 -&gt; 237 -&gt;   Toplam : 576
215 -&gt; 124 -&gt; 237 -&gt;   Toplam : 576
215 -&gt; 124 -&gt; 237 -&gt;   Toplam : 576
215 -&gt; 124 -&gt; 237 -&gt;   Toplam : 576
215 -&gt; 124 -&gt; 237 -&gt;   Toplam : 576
215 -&gt; 124 -&gt; 237 -&gt;   Toplam : 576
215 -&gt; 124 -&gt; 237 -&gt;   Toplam : 576
215 -&gt; 124 -&gt; 237 -&gt;   Toplam : 576
215 -&gt; 124 -&gt; 237 -&gt;   Toplam : 576
215 -&gt; 124 -&gt; 237 -&gt;   Toplam : 576
215 -&gt; 124 -&gt; 237 -&gt;   Toplam : 576
215 -&gt; 124 -&gt; 237 -&gt;   Toplam : 576
215 -&gt; 124 -&gt; 237 -&gt;   Toplam : 576
215 -&gt; 124 -&gt; 237 -&gt;   Toplam : 576
215 -&gt; 124 -&gt; 237 -&gt;   Toplam : 576
215 -&gt; 124 -&gt; 237 -&gt;   Toplam : 576
215 -&gt; 124 -&gt; 237 -&gt;   Toplam : 576
215 -&gt; 124 -&gt; 237 -&gt;   Toplam : 576
215 -&gt; 124 -&gt; 237 -&gt;   Toplam : 576
215 -&gt; 124 -&gt; 237 -&gt;   Toplam : 576
215 -&gt; 124 -&gt; 237 -&gt;   Toplam : 576
215 -&gt; 124 -&gt; 237 -&gt;   Toplam : 576
215 -&gt; 124 -&gt; 237 -&gt;   Toplam : 576
215 -&gt; 124 -&gt; 237 -&gt;   Toplam : 576
215 -&gt; 124 -&gt; 237 -&gt;   Toplam : 576
215 -&gt; 124 -&gt; 237 -&gt;   Toplam : 576
215 -&gt; 124 -&gt; 237 -&gt;   Toplam : 576
215 -&gt; 124 -&gt; 237 -&gt;   Toplam : 576
215 -&gt; 124 -&gt; 237 -&gt;   Toplam : 576
215 -&gt; 124 -&gt; 237 -&gt;   Toplam : 576
215 -&gt; 124 -&gt; 237 -&gt;   Toplam : 576
215 -&gt; 124 -&gt; 237 -&gt;   Toplam : 576
215 -&gt; 124 -&gt; 237 -&gt;   Toplam : 576
215 -&gt; 124 -&gt; 237 -&gt;   Toplam : 576
215 -&gt; 124 -&gt; 237 -&gt;   Toplam : 576
215 -&gt; 124 -&gt; 237 -&gt;   Toplam : 576
215 -&gt; 124 -&gt; 237 -&gt;   Toplam : 576
215 -&gt; 124 -&gt; 237 -&gt;   Toplam : 576
215 -&gt; 124 -&gt; 237 -&gt;   Toplam : 576
215 -&gt; 124 -&gt; 237 -&gt;   Toplam : 576
215 -&gt; 124 -&gt; 237 -&gt;   Toplam : 576
215 -&gt; 124 -&gt; 237 -&gt;   Toplam : 576
215 -&gt; 124 -&gt; 237 -&gt;   Toplam : 576
215 -&gt; 124 -&gt; 237 -&gt;   Toplam : 576
215 -&gt; 124 -&gt; 237 -&gt;   Toplam : 576
215 -&gt; 124 -&gt; 237 -&gt;   Toplam : 576
215 -&gt; 124 -&gt; 237 -&gt;   Toplam : 576
215 -&gt; 124 -&gt; 237 -&gt;   Toplam : 576
215 -&gt; 124 -&gt; 237 -&gt;   Toplam : 576
215 -&gt; 124 -&gt; 237 -&gt;   Toplam : 576
215 -&gt; 124 -&gt; 237 -&gt;   Toplam : 576
215 -&gt; 124 -&gt; 237 -&gt;   Toplam : 576
215 -&gt; 124 -&gt; 237 -&gt;   Toplam : 576
215 -&gt; 124 -&gt; 237 -&gt;   Toplam : 576
215 -&gt; 124 -&gt; 237 -&gt;   Toplam : 576
215 -&gt; 124 -&gt; 237 -&gt;   Toplam : 576
215 -&gt; 124 -&gt; 237 -&gt;   Toplam : 576
215 -&gt; 124 -&gt; 237 -&gt;   Toplam : 576
215 -&gt; 124 -&gt; 237 -&gt;   Toplam : 576
215 -&gt; 124 -&gt; 237 -&gt;   Toplam : 576
215 -&gt; 124 -&gt; 237 -&gt;   Toplam : 576
215 -&gt; 124 -&gt; 237 -&gt;   Toplam : 576
215 -&gt; 124 -&gt; 237 -&gt;   Toplam : 576
215 -&gt; 124 -&gt; 237 -&gt;   Toplam : 576
215 -&gt; 124 -&gt; 237 -&gt;   Toplam : 576
215 -&gt; 124 -&gt; 237 -&gt;   Toplam : 576
215 -&gt; 124 -&gt; 237 -&gt;   Toplam : 576
215 -&gt; 124 -&gt; 237 -&gt;   Toplam : 576
215 -&gt; 124 -&gt; 237 -&gt;   Toplam : 576
215 -&gt; 124 -&gt; 237 -&gt;   Toplam : 576
215 -&gt; 124 -&gt; 237 -&gt;   Toplam : 576
215 -&gt; 124 -&gt; 237 -&gt;   Toplam : 576
215 -&gt; 124 -&gt; 237 -&gt;   Toplam : 576
215 -&gt; 124 -&gt; 237 -&gt;   Toplam : 576
215 -&gt; 124 -&gt; 237 -&gt;   Toplam : 576
215 -&gt; 124 -&gt; 237 -&gt;   Toplam : 576
215 -&gt; 124 -&gt; 237 -&gt;   Toplam : 576
215 -&gt; 124 -&gt; 237 -&gt;   Toplam : 576
215 -&gt; 124 -&gt; 237 -&gt;   Toplam : 576
215 -&gt; 124 -&gt; 237 -&gt;   Toplam : 576
215 -&gt; 124 -&gt; 237 -&gt;   Toplam : 576
215 -&gt; 124 -&gt; 237 -&gt;   Toplam : 576
215 -&gt; 124 -&gt; 237 -&gt;   Toplam : 576
215 -&gt; 124 -&gt; 237 -&gt;   Toplam : 576
215 -&gt; 124 -&gt; 237 -&gt;   Toplam : 576
215 -&gt; 124 -&gt; 237 -&gt;   Toplam : 576
215 -&gt; 124 -&gt; 237 -&gt;   Toplam : 576
215 -&gt; 124 -&gt; 237 -&gt;   Toplam : 576
215 -&gt; 124 -&gt; 237 -&gt;   Toplam : 576
215 -&gt; 124 -&gt; 237 -&gt;   Toplam : 576
215 -&gt; 124 -&gt; 237 -&gt;   Toplam : 576
215 -&gt; 124 -&gt; 237 -&gt;   Toplam : 576
215 -&gt; 124 -&gt; 237 -&gt;   Toplam : 576
215 -&gt; 124 -&gt; 237 -&gt;   Toplam : 576
215 -&gt; 124 -&gt; 237 -&gt;   Toplam : 576
215 -&gt; 124 -&gt; 237 -&gt;   Toplam : 576
215 -&gt; 124 -&gt; 237 -&gt;   Toplam : 576
215 -&gt; 124 -&gt; 237 -&gt;   Toplam : 576
215 -&gt; 124 -&gt; 237 -&gt;   Toplam : 576
215 -&gt; 124 -&gt; 237 -&gt;   Toplam : 576
215 -&gt; 124 -&gt; 237 -&gt;   Toplam : 576
215 -&gt; 124 -&gt; 237 -&gt;   Toplam : 576
215 -&gt; 124 -&gt; 237 -&gt;   Toplam : 576
215 -&gt; 124 -&gt; 237 -&gt;   Toplam : 576
215 -&gt; 124 -&gt; 237 -&gt;   Toplam : 576
215 -&gt; 124 -&gt; 237 -&gt;   Toplam : 576
215 -&gt; 124 -&gt; 237 -&gt;   Toplam : 576
215 -&gt; 124 -&gt; 237 -&gt;   Toplam : 576
215 -&gt; 124 -&gt; 237 -&gt;   Toplam : 576
215 -&gt; 124 -&gt; 237 -&gt;   Toplam : 576
215 -&gt; 124 -&gt; 237 -&gt;   Toplam : 576
215 -&gt; 124 -&gt; 237 -&gt;   Toplam : 576
215 -&gt; 124 -&gt; 237 -&gt;   Toplam : 576
215 -&gt; 124 -&gt; 237 -&gt;   Toplam : 576
215 -&gt; 124 -&gt; 237 -&gt;   Toplam : 576
215 -&gt; 124 -&gt; 237 -&gt;   Toplam : 576
215 -&gt; 124 -&gt; 237 -&gt;   Toplam : 576
215 -&gt; 124 -&gt; 237 -&gt;   Toplam : 576
215 -&gt; 124 -&gt; 237 -&gt;   Toplam : 576
215 -&gt; 124 -&gt; 237 -&gt;   Toplam : 576
215 -&gt; 124 -&gt; 237 -&gt;   Toplam : 576
215 -&gt; 124 -&gt; 237 -&gt;   Toplam : 576
215 -&gt; 124 -&gt; 237 -&gt;   Toplam : 576
215 -&gt; 124 -&gt; 237 -&gt;   Toplam : 576
215 -&gt; 124 -&gt; 237 -&gt;   Toplam : 576
215 -&gt; 124 -&gt; 237 -&gt;   Toplam : 576
215 -&gt; 124 -&gt; 237 -&gt;   Toplam : 576
215 -&gt; 124 -&gt; 237 -&gt;   Toplam : 576
215 -&gt; 124 -&gt; 237 -&gt;   Toplam : 576
215 -&gt; 124 -&gt; 237 -&gt;   Toplam : 576
215 -&gt; 124 -&gt; 237 -&gt;   Toplam : 576
215 -&gt; 124 -&gt; 237 -&gt;   Toplam : 576
215 -&gt; 124 -&gt; 237 -&gt;   Toplam : 576
215 -&gt; 124 -&gt; 237 -&gt;   Toplam : 576
215 -&gt; 124 -&gt; 237 -&gt;   Toplam : 576
215 -&gt; 124 -&gt; 237 -&gt;   Toplam : 576
215 -&gt; 124 -&gt; 237 -&gt;   Toplam : 576
215 -&gt; 124 -&gt; 237 -&gt;   Toplam : 576
215 -&gt; 124 -&gt; 237 -&gt;   Toplam : 576
215 -&gt; 124 -&gt; 237 -&gt;   Toplam : 576
215 -&gt; 124 -&gt; 237 -&gt;   Toplam : 576
215 -&gt; 124 -&gt; 237 -&gt;   Toplam : 576
215 -&gt; 124 -&gt; 237 -&gt;   Toplam : 576
215 -&gt; 124 -&gt; 237 -&gt;   Toplam : 576
215 -&gt; 124 -&gt; 237 -&gt;   Toplam : 576
215 -&gt; 124 -&gt; 237 -&gt;   Toplam : 576
215 -&gt; 124 -&gt; 237 -&gt;   Toplam : 576
215 -&gt; 124 -&gt; 237 -&gt;   Toplam : 576
215 -&gt; 124 -&gt; 237 -&gt;   Toplam : 576
215 -&gt; 124 -&gt; 237 -&gt;   Toplam : 576
215 -&gt; 124 -&gt; 237 -&gt;   Toplam : 576
215 -&gt; 124 -&gt; 237 -&gt;   Toplam : 576
215 -&gt; 124 -&gt; 237 -&gt;   Toplam : 576
215 -&gt; 124 -&gt; 237 -&gt;   Toplam : 576
215 -&gt; 124 -&gt; 237 -&gt;   Toplam : 576
215 -&gt; 124 -&gt; 237 -&gt;   Toplam : 576
215 -&gt; 124 -&gt; 237 -&gt;   Toplam : 576
215 -&gt; 124 -&gt; 237 -&gt;   Toplam : 576
215 -&gt; 124 -&gt; 237 -&gt;   Toplam : 576
215 -&gt; 124 -&gt; 237 -&gt;   Toplam : 576
215 -&gt; 124 -&gt; 237 -&gt;   Toplam : 576
215 -&gt; 124 -&gt; 237 -&gt;   Toplam : 576
215 -&gt; 124 -&gt; 237 -&gt;   Toplam : 576
215 -&gt; 124 -&gt; 237 -&gt;   Toplam : 576
215 -&gt; 124 -&gt; 237 -&gt;   Toplam : 576
215 -&gt; 124 -&gt; 237 -&gt;   Toplam : 576
215 -&gt; 124 -&gt; 237 -&gt;   Toplam : 576
215 -&gt; 124 -&gt; 237 -&gt;   Toplam : 576
215 -&gt; 124 -&gt; 237 -&gt;   Toplam : 576
215 -&gt; 124 -&gt; 237 -&gt;   Toplam : 576
215 -&gt; 124 -&gt; 237 -&gt;   Toplam : 576
215 -&gt; 124 -&gt; 237 -&gt;   Toplam : 576
215 -&gt; 124 -&gt; 237 -&gt;   Toplam : 576
215 -&gt; 124 -&gt; 237 -&gt;   Toplam : 576
215 -&gt; 124 -&gt; 237 -&gt;   Toplam : 576
215 -&gt; 124 -&gt; 237 -&gt;   Toplam : 576
215 -&gt; 124 -&gt; 237 -&gt;   Toplam : 576
215 -&gt; 124 -&gt; 237 -&gt;   Toplam : 576
215 -&gt; 124 -&gt; 237 -&gt;   Toplam : 576
215 -&gt; 124 -&gt; 237 -&gt;   Toplam : 576
215 -&gt; 124 -&gt; 237 -&gt;   Toplam : 576
215 -&gt; 124 -&gt; 237 -&gt;   Toplam : 576
215 -&gt; 124 -&gt; 237 -&gt;   Toplam : 576
215 -&gt; 124 -&gt; 237 -&gt;   Toplam : 576
215 -&gt; 124 -&gt; 237 -&gt;   Toplam : 576
215 -&gt; 124 -&gt; 237 -&gt;   Toplam : 576
215 -&gt; 124 -&gt; 237 -&gt;   Toplam : 576
215 -&gt; 124 -&gt; 237 -&gt;   Toplam : 576
215 -&gt; 124 -&gt; 237 -&gt;   Toplam : 576
215 -&gt; 124 -&gt; 237 -&gt;   Toplam : 576
215 -&gt; 124 -&gt; 237 -&gt;   Toplam : 576
215 -&gt; 124 -&gt; 237 -&gt;   Toplam : 576
215 -&gt; 124 -&gt; 237 -&gt;   Toplam : 576
215 -&gt; 124 -&gt; 237 -&gt;   Toplam : 576
215 -&gt; 124 -&gt; 237 -&gt;   Toplam : 576
215 -&gt; 124 -&gt; 237 -&gt;   Toplam : 576
215 -&gt; 124 -&gt; 237 -&gt;   Toplam : 576
215 -&gt; 124 -&gt; 237 -&gt;   Toplam : 576
215 -&gt; 124 -&gt; 237 -&gt;   Toplam : 576
215 -&gt; 124 -&gt; 237 -&gt;   Toplam : 576
215 -&gt; 124 -&gt; 237 -&gt;   Toplam : 576
215 -&gt; 124 -&gt; 237 -&gt;   Toplam : 576
215 -&gt; 124 -&gt; 237 -&gt;   Toplam : 576
215 -&gt; 124 -&gt; 237 -&gt;   Toplam : 576
215 -&gt; 124 -&gt; 237 -&gt;   Toplam : 576
215 -&gt; 124 -&gt; 237 -&gt;   Toplam : 576
215 -&gt; 124 -&gt; 237 -&gt;   Toplam : 576
215 -&gt; 124 -&gt; 237 -&gt;   Toplam : 576
215 -&gt; 124 -&gt; 237 -&gt;   Toplam : 576
215 -&gt; 124 -&gt; 237 -&gt;   Toplam : 576
215 -&gt; 124 -&gt; 237 -&gt;   Toplam : 576
215 -&gt; 124 -&gt; 237 -&gt;   Toplam : 576
215 -&gt; 124 -&gt; 237 -&gt;   Toplam : 576
215 -&gt; 124 -&gt; 237 -&gt;   Toplam : 576
215 -&gt; 124 -&gt; 237 -&gt;   Toplam : 576
215 -&gt; 124 -&gt; 237 -&gt;   Toplam : 576
215 -&gt; 124 -&gt; 237 -&gt;   Toplam : 576
215 -&gt; 124 -&gt; 237 -&gt;   Toplam : 576
215 -&gt; 124 -&gt; 237 -&gt;   Toplam : 576
215 -&gt; 124 -&gt; 237 -&gt;   Toplam : 576
215 -&gt; 124 -&gt; 237 -&gt;   Toplam : 576
215 -&gt; 124 -&gt; 237 -&gt;   Toplam : 576
215 -&gt; 124 -&gt; 237 -&gt;   Toplam : 576
215 -&gt; 124 -&gt; 237 -&gt;   Toplam : 576
215 -&gt; 124 -&gt; 237 -&gt;   Toplam : 576
215 -&gt; 124 -&gt; 237 -&gt;   Toplam : 576
215 -&gt; 124 -&gt; 237 -&gt;   Toplam : 576
215 -&gt; 124 -&gt; 237 -&gt;   Toplam : 576
215 -&gt; 124 -&gt; 237 -&gt;   Toplam : 576
215 -&gt; 124 -&gt; 237 -&gt;   Toplam : 576
215 -&gt; 124 -&gt; 237 -&gt;   Toplam : 576
215 -&gt; 124 -&gt; 237 -&gt;   Toplam : 576
215 -&gt; 124 -&gt; 237 -&gt;   Toplam : 576
215 -&gt; 124 -&gt; 237 -&gt;   Toplam : 576
215 -&gt; 124 -&gt; 237 -&gt;   Toplam : 576
215 -&gt; 124 -&gt; 237 -&gt;   Toplam : 576
215 -&gt; 124 -&gt; 237 -&gt;   Toplam : 576
215 -&gt; 124 -&gt; 237 -&gt;   Toplam : 576
215 -&gt; 124 -&gt; 237 -&gt;   Toplam : 576
215 -&gt; 124 -&gt; 237 -&gt;   Toplam : 576
215 -&gt; 124 -&gt; 237 -&gt;   Toplam : 576
215 -&gt; 124 -&gt; 237 -&gt;   Toplam : 576
215 -&gt; 124 -&gt; 237 -&gt;   Toplam : 576
215 -&gt; 124 -&gt; 237 -&gt;   Toplam : 576
215 -&gt; 124 -&gt; 237 -&gt;   Toplam : 576
215 -&gt; 124 -&gt; 237 -&gt;   Toplam : 576
215 -&gt; 124 -&gt; 237 -&gt;   Toplam : 576
215 -&gt; 124 -&gt; 237 -&gt;   Toplam : 576
215 -&gt; 124 -&gt; 237 -&gt;   Toplam : 576
215 -&gt; 124 -&gt; 237 -&gt;   Toplam : 576
215 -&gt; 124 -&gt; 237 -&gt;   Toplam : 576
215 -&gt; 124 -&gt; 237 -&gt;   Toplam : 576
215 -&gt; 124 -&gt; 237 -&gt;   Toplam : 576
215 -&gt; 124 -&gt; 237 -&gt;   Toplam : 576
215 -&gt; 124 -&gt; 237 -&gt;   Toplam : 576
215 -&gt; 124 -&gt; 237 -&gt;   Toplam : 576
215 -&gt; 124 -&gt; 237 -&gt;   Toplam : 576
215 -&gt; 124 -&gt; 237 -&gt;   Toplam : 576
215 -&gt; 124 -&gt; 237 -&gt;   Toplam : 576
215 -&gt; 124 -&gt; 237 -&gt;   Toplam : 576
215 -&gt; 124 -&gt; 237 -&gt;   Toplam : 576
215 -&gt; 124 -&gt; 237 -&gt;   Toplam : 576
215 -&gt; 124 -&gt; 237 -&gt;   Toplam : 576
215 -&gt; 124 -&gt; 237 -&gt;   Toplam : 576
215 -&gt; 124 -&gt; 237 -&gt;   Toplam : 576
215 -&gt; 124 -&gt; 237 -&gt;   Toplam : 576
215 -&gt; 124 -&gt; 237 -&gt;   Toplam : 576
215 -&gt; 124 -&gt; 237 -&gt;   Toplam : 576
215 -&gt; 124 -&gt; 237 -&gt;   Toplam : 576
215 -&gt; 124 -&gt; 237 -&gt;   Toplam : 576
215 -&gt; 124 -&gt; 237 -&gt;   Toplam : 576
215 -&gt; 124 -&gt; 237 -&gt;   Toplam : 576
215 -&gt; 124 -&gt; 237 -&gt;   Toplam : 576
215 -&gt; 124 -&gt; 237 -&gt;   Toplam : 576
215 -&gt; 124 -&gt; 237 -&gt;   Toplam : 576
215 -&gt; 124 -&gt; 237 -&gt;   Toplam : 576
215 -&gt; 124 -&gt; 237 -&gt;   Toplam : 576
215 -&gt; 124 -&gt; 237 -&gt;   Toplam : 576
215 -&gt; 124 -&gt; 237 -&gt;   Toplam : 576
215 -&gt; 124 -&gt; 237 -&gt;   Toplam : 576
215 -&gt; 124 -&gt; 237 -&gt;   Toplam : 576
215 -&gt; 124 -&gt; 237 -&gt;   Toplam : 576
215 -&gt; 124 -&gt; 237 -&gt;   Toplam : 576
215 -&gt; 124 -&gt; 237 -&gt;   Toplam : 576
215 -&gt; 124 -&gt; 237 -&gt;   Toplam : 576
215 -&gt; 124 -&gt; 237 -&gt;   Toplam : 576
215 -&gt; 124 -&gt; 237 -&gt;   Toplam : 576
215 -&gt; 124 -&gt; 237 -&gt;   Toplam : 576
215 -&gt; 124 -&gt; 237 -&gt;   Toplam : 576
215 -&gt; 124 -&gt; 237 -&gt;   Toplam : 576
215 -&gt; 124 -&gt; 237 -&gt;   Toplam : 576
215 -&gt; 124 -&gt; 237 -&gt;   Toplam : 576
215 -&gt; 124 -&gt; 237 -&gt;   Toplam : 576
215 -&gt; 124 -&gt; 237 -&gt;   Toplam : 576
215 -&gt; 124 -&gt; 237 -&gt;   Toplam : 576
215 -&gt; 124 -&gt; 237 -&gt;   Toplam : 576
215 -&gt; 124 -&gt; 237 -&gt;   Toplam : 576
215 -&gt; 124 -&gt; 237 -&gt;   Toplam : 576
215 -&gt; 124 -&gt; 237 -&gt;   Toplam : 576
215 -&gt; 124 -&gt; 237 -&gt;   Toplam : 576
215 -&gt; 124 -&gt; 237 -&gt;   Toplam : 576
215 -&gt; 124 -&gt; 237 -&gt;   Toplam : 576
215 -&gt; 124 -&gt; 237 -&gt;   Toplam : 576
215 -&gt; 124 -&gt; 237 -&gt;   Toplam : 576
215 -&gt; 124 -&gt; 237 -&gt;   Toplam : 576
215 -&gt; 124 -&gt; 237 -&gt;   Toplam : 576
215 -&gt; 124 -&gt; 237 -&gt;   Toplam : 576
215 -&gt; 124 -&gt; 237 -&gt;   Toplam : 576
215 -&gt; 124 -&gt; 237 -&gt;   Toplam : 576
215 -&gt; 124 -&gt; 237 -&gt;   Toplam : 576
215 -&gt; 124 -&gt; 237 -&gt;   Toplam : 576
215 -&gt; 124 -&gt; 237 -&gt;   Toplam : 576
215 -&gt; 124 -&gt; 237 -&gt;   Toplam : 576
215 -&gt; 124 -&gt; 237 -&gt;   Toplam : 576
215 -&gt; 124 -&gt; 237 -&gt;   Toplam : 576
215 -&gt; 124 -&gt; 237 -&gt;   Toplam : 576
215 -&gt; 124 -&gt; 237 -&gt;   Toplam : 576
215 -&gt; 124 -&gt; 237 -&gt;   Toplam : 576
215 -&gt; 124 -&gt; 237 -&gt;   Toplam : 576
215 -&gt; 124 -&gt; 237 -&gt;   Toplam : 576
215 -&gt; 124 -&gt; 237 -&gt;   Toplam : 576
215 -&gt; 124 -&gt; 237 -&gt;   Toplam : 576
215 -&gt; 124 -&gt; 237 -&gt;   Toplam : 576
215 -&gt; 124 -&gt; 237 -&gt;   Toplam : 576
215 -&gt; 124 -&gt; 237 -&gt;   Toplam : 576
215 -&gt; 124 -&gt; 237 -&gt;   Toplam : 576
215 -&gt; 124 -&gt; 237 -&gt;   Toplam : 576
215 -&gt; 124 -&gt; 237 -&gt;   Toplam : 576
215 -&gt; 124 -&gt; 237 -&gt;   Toplam : 576
215 -&gt; 124 -&gt; 237 -&gt;   Toplam : 576
215 -&gt; 124 -&gt; 237 -&gt;   Toplam : 576
215 -&gt; 124 -&gt; 237 -&gt;   Toplam : 576
215 -&gt; 124 -&gt; 237 -&gt;   Toplam : 576
215 -&gt; 124 -&gt; 237 -&gt;   Toplam : 576
215 -&gt; 124 -&gt; 237 -&gt;   Toplam : 576
215 -&gt; 124 -&gt; 237 -&gt;   Toplam : 576
215 -&gt; 124 -&gt; 237 -&gt;   Toplam : 576
215 -&gt; 124 -&gt; 237 -&gt;   Toplam : 576
215 -&gt; 124 -&gt; 237 -&gt;   Toplam : 576
215 -&gt; 124 -&gt; 237 -&gt;   Toplam : 576
215 -&gt; 124 -&gt; 237 -&gt;   Toplam : 576
215 -&gt; 124 -&gt; 237 -&gt;   Toplam : 576
215 -&gt; 124 -&gt; 237 -&gt;   Toplam : 576
215 -&gt; 124 -&gt; 237 -&gt;   Toplam : 576
215 -&gt; 124 -&gt; 237 -&gt;   Toplam : 576
215 -&gt; 124 -&gt; 237 -&gt;   Toplam : 576
215 -&gt; 124 -&gt; 237 -&gt;   Toplam : 576
215 -&gt; 124 -&gt; 237 -&gt;   Toplam : 576
215 -&gt; 124 -&gt; 237 -&gt;   Toplam : 576
215 -&gt; 124 -&gt; 237 -&gt;   Toplam : 576
215 -&gt; 124 -&gt; 237 -&gt;   Toplam : 576
215 -&gt; 124 -&gt; 237 -&gt;   Toplam : 576
215 -&gt; 124 -&gt; 237 -&gt;   Toplam : 576
215 -&gt; 124 -&gt; 237 -&gt;   Toplam : 576
215 -&gt; 124 -&gt; 237 -&gt;   Toplam : 576
215 -&gt; 124 -&gt; 237 -&gt;   Toplam : 576
215 -&gt; 124 -&gt; 237 -&gt;   Toplam : 576
215 -&gt; 124 -&gt; 237 -&gt;   Toplam : 576
215 -&gt; 124 -&gt; 237 -&gt;   Toplam : 576
215 -&gt; 124 -&gt; 237 -&gt;   Toplam : 576
215 -&gt; 124 -&gt; 237 -&gt;   Toplam : 576
215 -&gt; 124 -&gt; 237 -&gt;   Toplam : 576
215 -&gt; 124 -&gt; 237 -&gt;   Toplam : 576
215 -&gt; 124 -&gt; 237 -&gt;   Toplam : 576
215 -&gt; 124 -&gt; 237 -&gt;   Toplam : 576
215 -&gt; 124 -&gt; 237 -&gt;   Toplam : 576
215 -&gt; 124 -&gt; 237 -&gt;   Toplam : 576
215 -&gt; 124 -&gt; 237 -&gt;   Toplam : 576
215 -&gt; 124 -&gt; 237 -&gt;   Toplam : 576
215 -&gt; 124 -&gt; 237 -&gt;   Toplam : 576
215 -&gt; 124 -&gt; 237 -&gt;   Toplam : 576
215 -&gt; 124 -&gt; 237 -&gt;   Toplam : 576
215 -&gt; 124 -&gt; 237 -&gt;   Toplam : 576
215 -&gt; 124 -&gt; 237 -&gt;   Toplam : 576
215 -&gt; 124 -&gt; 237 -&gt;   Toplam : 576
215 -&gt; 124 -&gt; 237 -&gt;   Toplam : 576
215 -&gt; 124 -&gt; 237 -&gt;   Toplam : 576
215 -&gt; 124 -&gt; 237 -&gt;   Toplam : 576
215 -&gt; 124 -&gt; 237 -&gt;   Toplam : 576
215 -&gt; 124 -&gt; 237 -&gt;   Toplam : 576
215 -&gt; 124 -&gt; 237 -&gt;   Toplam : 576
215 -&gt; 124 -&gt; 237 -&gt;   Toplam : 576
215 -&gt; 124 -&gt; 237 -&gt;   Toplam : 576
215 -&gt; 124 -&gt; 237 -&gt;   Toplam : 576
215 -&gt; 124 -&gt; 237 -&gt;   Toplam : 576
215 -&gt; 124 -&gt; 237 -&gt;   Toplam : 576
215 -&gt; 124 -&gt; 237 -&gt;   Toplam : 576
215 -&gt; 124 -&gt; 237 -&gt;   Toplam : 576
215 -&gt; 124 -&gt; 237 -&gt;   Toplam : 576
215 -&gt; 124 -&gt; 237 -&gt;   Toplam : 576
215 -&gt; 124 -&gt; 237 -&gt;   Toplam : 576
215 -&gt; 124 -&gt; 237 -&gt;   Toplam : 576
215 -&gt; 124 -&gt; 237 -&gt;   Toplam : 576
215 -&gt; 124 -&gt; 237 -&gt;   Toplam : 576
215 -&gt; 124 -&gt; 237 -&gt;   Toplam : 576
215 -&gt; 124 -&gt; 237 -&gt;   Toplam : 576
215 -&gt; 124 -&gt; 237 -&gt;   Toplam : 576
215 -&gt; 124 -&gt; 237 -&gt;   Toplam : 576
215 -&gt; 124 -&gt; 237 -&gt;   Toplam : 576
215 -&gt; 124 -&gt; 237 -&gt;   Toplam : 576
215 -&gt; 124 -&gt; 237 -&gt;   Toplam : 576
215 -&gt; 124 -&gt; 237 -&gt;   Toplam : 576
215 -&gt; 124 -&gt; 237 -&gt;   Toplam : 576
215 -&gt; 124 -&gt; 237 -&gt;   Toplam : 576
215 -&gt; 124 -&gt; 237 -&gt;   Toplam : 576
215 -&gt; 124 -&gt; 237 -&gt;   Toplam : 576
215 -&gt; 124 -&gt; 237 -&gt;   Toplam : 576
215 -&gt; 124 -&gt; 237 -&gt;   Toplam : 576
215 -&gt; 124 -&gt; 237 -&gt;   Toplam : 576
215 -&gt; 124 -&gt; 237 -&gt;   Toplam : 576
215 -&gt; 124 -&gt; 237 -&gt;   Toplam : 576
215 -&gt; 124 -&gt; 237 -&gt;   Toplam : 576
215 -&gt; 124 -&gt; 237 -&gt;   Toplam : 576
215 -&gt; 124 -&gt; 237 -&gt;   Toplam : 576
215 -&gt; 124 -&gt; 237 -&gt;   Toplam : 576
215 -&gt; 124 -&gt; 237 -&gt;   Toplam : 576
215 -&gt; 124 -&gt; 237 -&gt;   Toplam : 576
215 -&gt; 124 -&gt; 237 -&gt;   Toplam : 576
215 -&gt; 124 -&gt; 237 -&gt;   Toplam : 576
215 -&gt; 124 -&gt; 237 -&gt;   Toplam : 576
215 -&gt; 124 -&gt; 237 -&gt;   Toplam : 576
215 -&gt; 124 -&gt; 237 -&gt;   Toplam : 576
215 -&gt; 124 -&gt; 237 -&gt;   Toplam : 576
215 -&gt; 124 -&gt; 237 -&gt;   Toplam : 576
215 -&gt; 124 -&gt; 237 -&gt;   Toplam : 576
215 -&gt; 124 -&gt; 237 -&gt;   Toplam : 576
215 -&gt; 124 -&gt; 237 -&gt;   Toplam : 576
215 -&gt; 124 -&gt; 237 -&gt;   Toplam : 576
215 -&gt; 124 -&gt; 237 -&gt;   Toplam : 576
215 -&gt; 124 -&gt; 237 -&gt;   Toplam : 576
215 -&gt; 124 -&gt; 237 -&gt;   Toplam : 576
215 -&gt; 124 -&gt; 237 -&gt;   Toplam : 576
215 -&gt; 124 -&gt; 237 -&gt;   Toplam : 576
215 -&gt; 124 -&gt; 237 -&gt;   Toplam : 576
215 -&gt; 124 -&gt; 237 -&gt;   Toplam : 576
215 -&gt; 124 -&gt; 237 -&gt;   Toplam : 576
215 -&gt; 124 -&gt; 237 -&gt;   Toplam : 576
215 -&gt; 124 -&gt; 237 -&gt;   Toplam : 576
215 -&gt; 124 -&gt; 237 -&gt;   Toplam : 576
215 -&gt; 124 -&gt; 237 -&gt;   Toplam : 576
215 -&gt; 124 -&gt; 237 -&gt;   Toplam : 576
215 -&gt; 124 -&gt; 237 -&gt;   Toplam : 576
215 -&gt; 124 -&gt; 237 -&gt;   Toplam : 576
215 -&gt; 124 -&gt; 237 -&gt;   Toplam : 576
215 -&gt; 124 -&gt; 237 -&gt;   Toplam : 576
215 -&gt; 124 -&gt; 237 -&gt;   Toplam : 576
215 -&gt; 124 -&gt; 237 -&gt;   Toplam : 576
215 -&gt; 124 -&gt; 237 -&gt;   Toplam : 576
215 -&gt; 124 -&gt; 237 -&gt;   Toplam : 576
215 -&gt; 124 -&gt; 237 -&gt;   Toplam : 576
215 -&gt; 124 -&gt; 237 -&gt;   Toplam : 576
215 -&gt; 124 -&gt; 237 -&gt;   Toplam : 576
215 -&gt; 124 -&gt; 237 -&gt;   Toplam : 576
215 -&gt; 124 -&gt; 237 -&gt;   Toplam : 576
215 -&gt; 124 -&gt; 237 -&gt;   Toplam : 576
215 -&gt; 124 -&gt; 237 -&gt;   Toplam : 576
215 -&gt; 124 -&gt; 237 -&gt;   Toplam : 576
215 -&gt; 124 -&gt; 237 -&gt;   Toplam : 576
215 -&gt; 124 -&gt; 237 -&gt;   Toplam : 576
215 -&gt; 124 -&gt; 237 -&gt;   Toplam : 576
215 -&gt; 124 -&gt; 237 -&gt;   Toplam : 576
215 -&gt; 124 -&gt; 237 -&gt;   Toplam : 576
215 -&gt; 124 -&gt; 237 -&gt;   Toplam : 576
215 -&gt; 124 -&gt; 237 -&gt;   Toplam : 576
215 -&gt; 124 -&gt; 237 -&gt;   Toplam : 576
215 -&gt; 124 -&gt; 237 -&gt;   Toplam : 576
215 -&gt; 124 -&gt; 237 -&gt;   Toplam : 576
215 -&gt; 124 -&gt; 237 -&gt;   Toplam : 576
215 -&gt; 124 -&gt; 237 -&gt;   Toplam : 576
215 -&gt; 124 -&gt; 237 -&gt;   Toplam : 576
215 -&gt; 124 -&gt; 237 -&gt;   Toplam : 576
215 -&gt; 124 -&gt; 237 -&gt;   Toplam : 576
215 -&gt; 124 -&gt; 237 -&gt;   Toplam : 576
215 -&gt; 124 -&gt; 237 -&gt;   Toplam : 576
215 -&gt; 124 -&gt; 237 -&gt;   Toplam : 576
215 -&gt; 124 -&gt; 237 -&gt;   Toplam : 576
215 -&gt; 124 -&gt; 237 -&gt;   Toplam : 576
215 -&gt; 124 -&gt; 237 -&gt;   Toplam : 576
215 -&gt; 124 -&gt; 237 -&gt;   Toplam : 576
215 -&gt; 124 -&gt; 237 -&gt;   Toplam : 576
215 -&gt; 124 -&gt; 237 -&gt;   Toplam : 576
215 -&gt; 124 -&gt; 237 -&gt;   Toplam : 576
215 -&gt; 124 -&gt; 237 -&gt;   Toplam : 576
215 -&gt; 124 -&gt; 237 -&gt;   Toplam : 576
215 -&gt; 124 -&gt; 237 -&gt;   Toplam : 576
215 -&gt; 124 -&gt; 237 -&gt;   Toplam : 576
215 -&gt; 124 -&gt; 237 -&gt;   Toplam : 576
215 -&gt; 124 -&gt; 237 -&gt;   Toplam : 576
215 -&gt; 124 -&gt; 237 -&gt;   Toplam : 576
215 -&gt; 124 -&gt; 237 -&gt;   Toplam : 576
215 -&gt; 124 -&gt; 237 -&gt;   Toplam : 576
215 -&gt; 124 -&gt; 237 -&gt;   Toplam : 576
215 -&gt; 124 -&gt; 237 -&gt;   Toplam : 576
215 -&gt; 124 -&gt; 237 -&gt;   Toplam : 576
215 -&gt; 124 -&gt; 237 -&gt;   Toplam : 576
215 -&gt; 124 -&gt; 237 -&gt;   Toplam : 576
215 -&gt; 124 -&gt; 237 -&gt;   Toplam : 576
215 -&gt; 124 -&gt; 237 -&gt;   Toplam : 576
215 -&gt; 124 -&gt; 237 -&gt;   Toplam : 576
215 -&gt; 124 -&gt; 237 -&gt;   Toplam : 576
215 -&gt; 124 -&gt; 237 -&gt;   Toplam : 576
215 -&gt; 124 -&gt; 237 -&gt;   Toplam : 576
215 -&gt; 124 -&gt; 237 -&gt;   Toplam : 576
215 -&gt; 124 -&gt; 237 -&gt;   Toplam : 576
215 -&gt; 124 -&gt; 237 -&gt;   Toplam : 576
215 -&gt; 124 -&gt; 237 -&gt;   Toplam : 576
215 -&gt; 124 -&gt; 237 -&gt;   Toplam : 576
215 -&gt; 124 -&gt; 237 -&gt;   Toplam : 576
215 -&gt; 124 -&gt; 237 -&gt;   Toplam : 576
215 -&gt; 124 -&gt; 237 -&gt;   Toplam : 576
215 -&gt; 124 -&gt; 237 -&gt;   Toplam : 576
215 -&gt; 124 -&gt; 237 -&gt;   Toplam : 576
215 -&gt; 124 -&gt; 237 -&gt;   Toplam : 576
215 -&gt; 124 -&gt; 237 -&gt;   Toplam : 576
215 -&gt; 124 -&gt; 237 -&gt;   Toplam : 576
215 -&gt; 124 -&gt; 237 -&gt;   Toplam : 576
215 -&gt; 124 -&gt; 237 -&gt;   Toplam : 576
215 -&gt; 124 -&gt; 237 -&gt;   Toplam : 576
215 -&gt; 124 -&gt; 237 -&gt;   Toplam : 576
215 -&gt; 124 -&gt; 237 -&gt;   Toplam : 576
215 -&gt; 124 -&gt; 237 -&gt;   Toplam : 576
215 -&gt; 124 -&gt; 237 -&gt;   Toplam : 576
215 -&gt; 124 -&gt; 237 -&gt;   Toplam : 576
215 -&gt; 124 -&gt; 237 -&gt;   Toplam : 576
215 -&gt; 124 -&gt; 237 -&gt;   Toplam : 576
215 -&gt; 124 -&gt; 237 -&gt;   Toplam : 576
215 -&gt; 124 -&gt; 237 -&gt;   Toplam : 576
215 -&gt; 124 -&gt; 237 -&gt;   Toplam : 576
215 -&gt; 124 -&gt; 237 -&gt;   Toplam : 576
215 -&gt; 124 -&gt; 237 -&gt;   Toplam : 576
215 -&gt; 124 -&gt; 237 -&gt;   Toplam : 576
215 -&gt; 124 -&gt; 237 -&gt;   Toplam : 576
215 -&gt; 124 -&gt; 237 -&gt;   Toplam : 576
215 -&gt; 124 -&gt; 237 -&gt;   Toplam : 576
215 -&gt; 124 -&gt; 237 -&gt;   Toplam : 576
215 -&gt; 124 -&gt; 237 -&gt;   Toplam : 576
215 -&gt; 124 -&gt; 237 -&gt;   Toplam : 576
215 -&gt; 124 -&gt; 237 -&gt;   Toplam : 576
215 -&gt; 124 -&gt; 237 -&gt;   Toplam : 576
215 -&gt; 124 -&gt; 237 -&gt;   Toplam : 576
215 -&gt; 124 -&gt; 237 -&gt;   Toplam : 576
215 -&gt; 124 -&gt; 237 -&gt;   Toplam : 576
215 -&gt; 124 -&gt; 237 -&gt;   Toplam : 576
215 -&gt; 124 -&gt; 237 -&gt;   Toplam : 576
215 -&gt; 124 -&gt; 237 -&gt;   Toplam : 576
215 -&gt; 124 -&gt; 237 -&gt;   Toplam : 576
215 -&gt; 124 -&gt; 237 -&gt;   Toplam : 576
215 -&gt; 124 -&gt; 237 -&gt;   Toplam : 576
215 -&gt; 124 -&gt; 237 -&gt;   Toplam : 576
215 -&gt; 124 -&gt; 237 -&gt;   Toplam : 576
215 -&gt; 124 -&gt; 237 -&gt;   Toplam : 576
215 -&gt; 124 -&gt; 237 -&gt;   Toplam : 576
215 -&gt; 124 -&gt; 237 -&gt;   Toplam : 576
215 -&gt; 124 -&gt; 237 -&gt;   Toplam : 576
215 -&gt; 124 -&gt; 237 -&gt;   Toplam : 576
215 -&gt; 124 -&gt; 237 -&gt;   Toplam : 576
215 -&gt; 124 -&gt; 237 -&gt;   Toplam : 576
215 -&gt; 124 -&gt; 237 -&gt;   Toplam : 576
215 -&gt; 124 -&gt; 237 -&gt;   Toplam : 576
215 -&gt; 124 -&gt; 237 -&gt;   Toplam : 576
215 -&gt; 124 -&gt; 237 -&gt;   Toplam : 576
215 -&gt; 124 -&gt; 237 -&gt;   Toplam : 576
215 -&gt; 124 -&gt; 237 -&gt;   Toplam : 576
215 -&gt; 124 -&gt; 237 -&gt;   Toplam : 576
215 -&gt; 124 -&gt; 237 -&gt;   Toplam : 576
215 -&gt; 124 -&gt; 237 -&gt;   Toplam : 576
215 -&gt; 124 -&gt; 237 -&gt;   Toplam : 576
215 -&gt; 124 -&gt; 237 -&gt;   Toplam : 576
215 -&gt; 124 -&gt; 237 -&gt;   Toplam : 576
215 -&gt; 124 -&gt; 237 -&gt;   Toplam : 576
215 -&gt; 124 -&gt; 237 -&gt;   Toplam : 576
215 -&gt; 124 -&gt; 237 -&gt;   Toplam : 576
215 -&gt; 124 -&gt; 237 -&gt;   Toplam : 576
215 -&gt; 124 -&gt; 237 -&gt;   Toplam : 576
215 -&gt; 124 -&gt; 237 -&gt;   Toplam : 576
215 -&gt; 124 -&gt; 237 -&gt;   Toplam : 576
215 -&gt; 124 -&gt; 237 -&gt;   Toplam : 576
215 -&gt; 124 -&gt; 237 -&gt;   Toplam : 576
215 -&gt; 124 -&gt; 237 -&gt;   Toplam : 576
215 -&gt; 124 -&gt; 237 -&gt;   Toplam : 576
215 -&gt; 124 -&gt; 237 -&gt;   Toplam : 576
215 -&gt; 124 -&gt; 237 -&gt;   Toplam : 576
215 -&gt; 124 -&gt; 237 -&gt;   Toplam : 576
215 -&gt; 124 -&gt; 237 -&gt;   Toplam : 576
215 -&gt; 124 -&gt; 237 -&gt;   Toplam : 576
215 -&gt; 124 -&gt; 237 -&gt;   Toplam : 576
215 -&gt; 124 -&gt; 237 -&gt;   Toplam : 576
215 -&gt; 124 -&gt; 237 -&gt;   Toplam : 576
215 -&gt; 124 -&gt; 237 -&gt;   Toplam : 576
215 -&gt; 124 -&gt; 237 -&gt;   Toplam : 576
215 -&gt; 124 -&gt; 237 -&gt;   Toplam : 576
215 -&gt; 124 -&gt; 237 -&gt;   Toplam : 576
215 -&gt; 124 -&gt; 237 -&gt;   Toplam : 576
215 -&gt; 124 -&gt; 237 -&gt;   Toplam : 576
215 -&gt; 124 -&gt; 237 -&gt;   Toplam : 576
215 -&gt; 124 -&gt; 237 -&gt;   Toplam : 576
215 -&gt; 124 -&gt; 237 -&gt;   Toplam : 576
215 -&gt; 124 -&gt; 237 -&gt;   Toplam : 576
215 -&gt; 124 -&gt; 237 -&gt;   Toplam : 576
215 -&gt; 124 -&gt; 237 -&gt;   Toplam : 576
215 -&gt; 124 -&gt; 237 -&gt;   Toplam : 576
215 -&gt; 124 -&gt; 237 -&gt;   Toplam : 576
215 -&gt; 124 -&gt; 237 -&gt;   Toplam : 576
215 -&gt; 124 -&gt; 237 -&gt;   Toplam : 576
215 -&gt; 124 -&gt; 237 -&gt;   Toplam : 576
215 -&gt; 124 -&gt; 237 -&gt;   Toplam : 576
215 -&gt; 124 -&gt; 237 -&gt;   Toplam : 576
215 -&gt; 124 -&gt; 237 -&gt;   Toplam : 576
215 -&gt; 124 -&gt; 237 -&gt;   Toplam : 576
215 -&gt; 124 -&gt; 237 -&gt;   Toplam : 576
215 -&gt; 124 -&gt; 237 -&gt;   Toplam : 576
215 -&gt; 124 -&gt; 237 -&gt;   Toplam : 576
215 -&gt; 124 -&gt; 237 -&gt;   Toplam : 576
215 -&gt; 124 -&gt; 237 -&gt;   Toplam : 576
215 -&gt; 124 -&gt; 237 -&gt;   Toplam : 576
215 -&gt; 124 -&gt; 237 -&gt;   Toplam : 576
215 -&gt; 124 -&gt; 237 -&gt;   Toplam : 576
215 -&gt; 124 -&gt; 237 -&gt;   Toplam : 576
215 -&gt; 124 -&gt; 237 -&gt;   Toplam : 576
215 -&gt; 124 -&gt; 237 -&gt;   Toplam : 576
215 -&gt; 124 -&gt; 237 -&gt;   Toplam : 576
215 -&gt; 124 -&gt; 237 -&gt;   Toplam : 576
215 -&gt; 124 -&gt; 237 -&gt;   Toplam : 576
215 -&gt; 124 -&gt; 237 -&gt;   Toplam : 576
215 -&gt; 124 -&gt; 237 -&gt;   Toplam : 576
215 -&gt; 124 -&gt; 237 -&gt;   Toplam : 576
215 -&gt; 124 -&gt; 237 -&gt;   Toplam : 576
215 -&gt; 124 -&gt; 237 -&gt;   Toplam : 576
215 -&gt; 124 -&gt; 237 -&gt;   Toplam : 576
215 -&gt; 124 -&gt; 237 -&gt;   Toplam : 576
215 -&gt; 124 -&gt; 237 -&gt;   Toplam : 576
215 -&gt; 124 -&gt; 237 -&gt;   Toplam : 576
215 -&gt; 124 -&gt; 237 -&gt;   Toplam : 576
215 -&gt; 124 -&gt; 237 -&gt;   Toplam : 576
215 -&gt; 124 -&gt; 237 -&gt;   Toplam : 576
215 -&gt; 124 -&gt; 237 -&gt;   Toplam : 576
215 -&gt; 124 -&gt; 237 -&gt;   Toplam : 576
215 -&gt; 124 -&gt; 237 -&gt;   Toplam : 576
215 -&gt; 124 -&gt; 237 -&gt;   Toplam : 576
215 -&gt; 124 -&gt; 237 -&gt;   Toplam : 576
215 -&gt; 124 -&gt; 237 -&gt;   Toplam : 576
215 -&gt; 124 -&gt; 237 -&gt;   Toplam : 576
215 -&gt; 124 -&gt; 237 -&gt;   Toplam : 576
215 -&gt; 124 -&gt; 237 -&gt;   Toplam : 576
215 -&gt; 124 -&gt; 237 -&gt;   Toplam : 576
215 -&gt; 124 -&gt; 237 -&gt;   Toplam : 576
215 -&gt; 124 -&gt; 237 -&gt;   Toplam : 576
215 -&gt; 124 -&gt; 237 -&gt;   Toplam : 576
215 -&gt; 124 -&gt; 237 -&gt;   Toplam : 576
215 -&gt; 124 -&gt; 237 -&gt;   Toplam : 576
215 -&gt; 124 -&gt; 237 -&gt;   Toplam : 576
215 -&gt; 124 -&gt; 237 -&gt;   Toplam : 576
215 -&gt; 124 -&gt; 237 -&gt;   Toplam : 576
215 -&gt; 124 -&gt; 237 -&gt;   Toplam : 576
215 -&gt; 124 -&gt; 237 -&gt;   Toplam : 576
215 -&gt; 124 -&gt; 237 -&gt;   Toplam : 576
215 -&gt; 124 -&gt; 237 -&gt;   Toplam : 576
215 -&gt; 124 -&gt; 237 -&gt;   Toplam : 576
215 -&gt; 124 -&gt; 237 -&gt;   Toplam : 576
215 -&gt; 124 -&gt; 237 -&gt;   Toplam : 576
215 -&gt; 124 -&gt; 237 -&gt;   Toplam : 576
215 -&gt; 124 -&gt; 237 -&gt;   Toplam : 576
215 -&gt; 124 -&gt; 237 -&gt;   Toplam : 576
215 -&gt; 124 -&gt; 237 -&gt;   Toplam : 576
215 -&gt; 124 -&gt; 237 -&gt;   Toplam : 576
215 -&gt; 124 -&gt; 237 -&gt;   Toplam : 576
215 -&gt; 124 -&gt; 237 -&gt;   Toplam : 576
215 -&gt; 124 -&gt; 237 -&gt;   Toplam : 576
215 -&gt; 124 -&gt; 237 -&gt;   Toplam : 576
215 -&gt; 124 -&gt; 237 -&gt;   Toplam : 576
215 -&gt; 124 -&gt; 237 -&gt;   Toplam : 576
215 -&gt; 124 -&gt; 237 -&gt;   Toplam : 576
215 -&gt; 124 -&gt; 237 -&gt;   Toplam : 576
215 -&gt; 124 -&gt; 237 -&gt;   Toplam : 576
215 -&gt; 124 -&gt; 237 -&gt;   Toplam : 576
215 -&gt; 124 -&gt; 237 -&gt;   Toplam : 576
215 -&gt; 124 -&gt; 237 -&gt;   Toplam : 576
215 -&gt; 124 -&gt; 237 -&gt;   Toplam : 576
215 -&gt; 124 -&gt; 237 -&gt;   Toplam : 576
215 -&gt; 124 -&gt; 237 -&gt;   Toplam : 576
215 -&gt; 124 -&gt; 237 -&gt;   Toplam : 576
215 -&gt; 124 -&gt; 237 -&gt;   Toplam : 576
215 -&gt; 124 -&gt; 237 -&gt;   Toplam : 576
215 -&gt; 124 -&gt; 237 -&gt;   Toplam : 576
215 -&gt; 124 -&gt; 237 -&gt;   Toplam : 576
215 -&gt; 124 -&gt; 237 -&gt;   Toplam : 576
215 -&gt; 124 -&gt; 237 -&gt;   Toplam : 576
215 -&gt; 124 -&gt; 237 -&gt;   Toplam : 576
215 -&gt; 124 -&gt; 237 -&gt;   Toplam : 576
215 -&gt; 124 -&gt; 237 -&gt;   Toplam : 576
215 -&gt; 124 -&gt; 237 -&gt;   Toplam : 576
215 -&gt; 124 -&gt; 237 -&gt;   Toplam : 576
215 -&gt; 124 -&gt; 237 -&gt;   Toplam : 576
215 -&gt; 124 -&gt; 237 -&gt;   Toplam : 576
215 -&gt; 124 -&gt; 237 -&gt;   Toplam : 576
215 -&gt; 124 -&gt; 237 -&gt;   Toplam : 576
215 -&gt; 124 -&gt; 237 -&gt;   Toplam : 576
215 -&gt; 124 -&gt; 237 -&gt;   Toplam : 576
215 -&gt; 124 -&gt; 237 -&gt;   Toplam : 576
215 -&gt; 124 -&gt; 237 -&gt;   Toplam : 576
215 -&gt; 124 -&gt; 237 -&gt;   Toplam : 576
215 -&gt; 124 -&gt; 237 -&gt;   Toplam : 576
215 -&gt; 124 -&gt; 237 -&gt;   Toplam : 576
215 -&gt; 124 -&gt; 237 -&gt;   Toplam : 576
215 -&gt; 124 -&gt; 237 -&gt;   Toplam : 576
215 -&gt; 124 -&gt; 237 -&gt;   Toplam : 576
215 -&gt; 124 -&gt; 237 -&gt;   Toplam : 576
215 -&gt; 124 -&gt; 237 -&gt;   Toplam : 576
215 -&gt; 124 -&gt; 237 -&gt;   Toplam : 576
215 -&gt; 124 -&gt; 237 -&gt;   Toplam : 576
215 -&gt; 124 -&gt; 237 -&gt;   Toplam : 576
215 -&gt; 124 -&gt; 237 -&gt;   Toplam : 576
215 -&gt; 124 -&gt; 237 -&gt;   Toplam : 576
215 -&gt; 124 -&gt; 237 -&gt;   Toplam : 576
215 -&gt; 124 -&gt; 237 -&gt;   Toplam : 576
215 -&gt; 124 -&gt; 237 -&gt;   Toplam : 576
215 -&gt; 124 -&gt; 237 -&gt;   Toplam : 576
215 -&gt; 124 -&gt; 237 -&gt;   Toplam : 576
215 -&gt; 124 -&gt; 237 -&gt;   Toplam : 576
215 -&gt; 124 -&gt; 237 -&gt;   Toplam : 576
215 -&gt; 124 -&gt; 237 -&gt;   Toplam : 576
215 -&gt; 124 -&gt; 237 -&gt;   Toplam : 576
215 -&gt; 124 -&gt; 237 -&gt;   Toplam : 576
215 -&gt; 124 -&gt; 237 -&gt;   Toplam : 576
215 -&gt; 124 -&gt; 237 -&gt;   Toplam : 576
215 -&gt; 124 -&gt; 237 -&gt;   Toplam : 576
215 -&gt; 124 -&gt; 237 -&gt;   Toplam : 576
215 -&gt; 124 -&gt; 237 -&gt;   Toplam : 576
215 -&gt; 124 -&gt; 237 -&gt;   Toplam : 576
215 -&gt; 124 -&gt; 237 -&gt;   Toplam : 576
215 -&gt; 124 -&gt; 237 -&gt;   Toplam : 576
215 -&gt; 124 -&gt; 237 -&gt;   Toplam : 576
215 -&gt; 124 -&gt; 237 -&gt;   Toplam : 576
215 -&gt; 124 -&gt; 237 -&gt;   Toplam : 576
215 -&gt; 124 -&gt; 237 -&gt;   Toplam : 576
215 -&gt; 124 -&gt; 237 -&gt;   Toplam : 576
215 -&gt; 124 -&gt; 237 -&gt;   Toplam : 576
215 -&gt; 124 -&gt; 237 -&gt;   Toplam : 576
215 -&gt; 124 -&gt; 237 -&gt;   Toplam : 576
215 -&gt; 124 -&gt; 237 -&gt;   Toplam : 576
215 -&gt; 124 -&gt; 237 -&gt;   Toplam : 576
215 -&gt; 124 -&gt; 237 -&gt;   Toplam : 576
215 -&gt; 124 -&gt; 237 -&gt;   Toplam : 576
215 -&gt; 124 -&gt; 237 -&gt;   Toplam : 576
215 -&gt; 124 -&gt; 237 -&gt;   Toplam : 576
215 -&gt; 124 -&gt; 237 -&gt;   Toplam : 576
215 -&gt; 124 -&gt; 237 -&gt;   Toplam : 576
215 -&gt; 124 -&gt; 237 -&gt;   Toplam : 576
215 -&gt; 124 -&gt; 237 -&gt;   Toplam : 576
215 -&gt; 124 -&gt; 237 -&gt;   Toplam : 576
215 -&gt; 124 -&gt; 237 -&gt;   Toplam : 576
215 -&gt; 124 -&gt; 237 -&gt;   Toplam : 576
215 -&gt; 124 -&gt; 237 -&gt;   Toplam : 576
215 -&gt; 124 -&gt; 237 -&gt;   Toplam : 576
215 -&gt; 124 -&gt; 237 -&gt;   Toplam : 576
215 -&gt; 124 -&gt; 237 -&gt;   Toplam : 576
215 -&gt; 124 -&gt; 237 -&gt;   Toplam : 576
215 -&gt; 124 -&gt; 237 -&gt;   Toplam : 576
215 -&gt; 124 -&gt; 237 -&gt;   Toplam : 576
215 -&gt; 124 -&gt; 237 -&gt;   Toplam : 576
215 -&gt; 124 -&gt; 237 -&gt;   Toplam : 576
215 -&gt; 124 -&gt; 237 -&gt;   Toplam : 576
215 -&gt; 124 -&gt; 237 -&gt;   Toplam : 576
215 -&gt; 124 -&gt; 237 -&gt;   Toplam : 576
215 -&gt; 124 -&gt; 237 -&gt;   Toplam : 576
215 -&gt; 124 -&gt; 237 -&gt;   Toplam : 576
215 -&gt; 124 -&gt; 237 -&gt;   Toplam : 576
215 -&gt; 124 -&gt; 237 -&gt;   Toplam : 576
215 -&gt; 124 -&gt; 237 -&gt;   Toplam : 576
215 -&gt; 124 -&gt; 237 -&gt;   Toplam : 576
215 -&gt; 124 -&gt; 237 -&gt;   Toplam : 576
215 -&gt; 124 -&gt; 237 -&gt;   Toplam : 576
215 -&gt; 124 -&gt; 237 -&gt;   Toplam : 576
215 -&gt; 124 -&gt; 237 -&gt;   Toplam : 576
215 -&gt; 124 -&gt; 237 -&gt;   Toplam : 576
215 -&gt; 124 -&gt; 237 -&gt;   Toplam : 576
215 -&gt; 124 -&gt; 237 -&gt;   Toplam : 576
215 -&gt; 124 -&gt; 237 -&gt;   Toplam : 576
215 -&gt; 124 -&gt; 237 -&gt;   Toplam : 576
215 -&gt; 124 -&gt; 237 -&gt;   Toplam : 576
215 -&gt; 124 -&gt; 237 -&gt;   Toplam : 576
215 -&gt; 124 -&gt; 237 -&gt;   Toplam : 576
215 -&gt; 124 -&gt; 237 -&gt;   Toplam : 576
215 -&gt; 124 -&gt; 237 -&gt;   Toplam : 576
215 -&gt; 124 -&gt; 237 -&gt;   Toplam : 576
215 -&gt; 124 -&gt; 237 -&gt;   Toplam : 576
215 -&gt; 124 -&gt; 237 -&gt;   Toplam : 576
215 -&gt; 124 -&gt; 237 -&gt;   Toplam : 576
215 -&gt; 124 -&gt; 237 -&gt;   Toplam : 576
215 -&gt; 124 -&gt; 237 -&gt;   Toplam : 576
215 -&gt; 124 -&gt; 237 -&gt;   Toplam : 576
215 -&gt; 124 -&gt; 237 -&gt;   Toplam : 576
215 -&gt; 124 -&gt; 237 -&gt;   Toplam : 576
215 -&gt; 124 -&gt; 237 -&gt;   Toplam : 576
215 -&gt; 124 -&gt; 237 -&gt;   Toplam : 576
215 -&gt; 124 -&gt; 237 -&gt;   Toplam : 576
215 -&gt; 124 -&gt; 237 -&gt;   Toplam : 576
215 -&gt; 124 -&gt; 237 -&gt;   Toplam : 576
215 -&gt; 124 -&gt; 237 -&gt;   Toplam : 576
215 -&gt; 124 -&gt; 237 -&gt;   Toplam : 576
215 -&gt; 124 -&gt; 237 -&gt;   Toplam : 576
215 -&gt; 124 -&gt; 237 -&gt;   Toplam : 576
215 -&gt; 124 -&gt; 237 -&gt;   Toplam : 576
215 -&gt; 124 -&gt; 237 -&gt;   Toplam : 576
215 -&gt; 124 -&gt; 237 -&gt;   Toplam : 576
215 -&gt; 124 -&gt; 237 -&gt;   Toplam : 576
215 -&gt; 124 -&gt; 237 -&gt;   Toplam : 576
215 -&gt; 124 -&gt; 237 -&gt;   Toplam : 576
215 -&gt; 124 -&gt; 237 -&gt;   Toplam : 576
215 -&gt; 124 -&gt; 237 -&gt;   Toplam : 576
215 -&gt; 124 -&gt; 237 -&gt;   Toplam : 576
215 -&gt; 124 -&gt; 237 -&gt;   Toplam : 576
215 -&gt; 124 -&gt; 237 -&gt;   Toplam : 576
215 -&gt; 124 -&gt; 237 -&gt;   Toplam : 576
215 -&gt; 124 -&gt; 237 -&gt;   Toplam : 576
215 -&gt; 124 -&gt; 237 -&gt;   Toplam : 576
215 -&gt; 124 -&gt; 237 -&gt;   Toplam : 576
215 -&gt; 124 -&gt; 237 -&gt;   Toplam : 576
215 -&gt; 124 -&gt; 237 -&gt;   Toplam : 576
215 -&gt; 124 -&gt; 237 -&gt;   Toplam : 576
215 -&gt; 124 -&gt; 237 -&gt;   Toplam : 576
215 -&gt; 124 -&gt; 237 -&gt;   Toplam : 576
215 -&gt; 124 -&gt; 237 -&gt;   Toplam : 576
215 -&gt; 124 -&gt; 237 -&gt;   Toplam : 576
215 -&gt; 124 -&gt; 237 -&gt;   Toplam : 576
215 -&gt; 124 -&gt; 237 -&gt;   Toplam : 576
215 -&gt; 124 -&gt; 237 -&gt;   Toplam : 576
215 -&gt; 124 -&gt; 237 -&gt;   Toplam : 576
215 -&gt; 124 -&gt; 237 -&gt;   Toplam : 576
215 -&gt; 124 -&gt; 237 -&gt;   Toplam : 576
215 -&gt; 124 -&gt; 237 -&gt;   Toplam : 576
215 -&gt; 124 -&gt; 237 -&gt;   Toplam : 576
215 -&gt; 124 -&gt; 237 -&gt;   Toplam : 576
215 -&gt; 124 -&gt; 237 -&gt;   Toplam : 576
215 -&gt; 124 -&gt; 237 -&gt;   Toplam : 576
215 -&gt; 124 -&gt; 237 -&gt;   Toplam : 576
215 -&gt; 124 -&gt; 237 -&gt;   Toplam : 576
215 -&gt; 124 -&gt; 237 -&gt;   Toplam : 576
215 -&gt; 124 -&gt; 237 -&gt;   Toplam : 576
215 -&gt; 124 -&gt; 237 -&gt;   Toplam : 576
215 -&gt; 124 -&gt; 237 -&gt;   Toplam : 576
215 -&gt; 124 -&gt; 237 -&gt;   Toplam : 576
215 -&gt; 124 -&gt; 237 -&gt;   Toplam : 576
215 -&gt; 124 -&gt; 237 -&gt;   Toplam : 576
215 -&gt; 124 -&gt; 237 -&gt;   Toplam : 576
215 -&gt; 124 -&gt; 237 -&gt;   Toplam : 576
215 -&gt; 124 -&gt; 237 -&gt;   Toplam : 576
215 -&gt; 124 -&gt; 237 -&gt;   Toplam : 576
215 -&gt; 124 -&gt; 237 -&gt;   Toplam : 576
215 -&gt; 124 -&gt; 237 -&gt;   Toplam : 576
215 -&gt; 124 -&gt; 237 -&gt;   Toplam : 576
215 -&gt; 124 -&gt; 237 -&gt;   Toplam : 576
215 -&gt; 124 -&gt; 237 -&gt;   Toplam : 576
215 -&gt; 124 -&gt; 237 -&gt;   Toplam : 576
215 -&gt; 124 -&gt; 237 -&gt;   Toplam : 576
215 -&gt; 124 -&gt; 237 -&gt;   Toplam : 576
215 -&gt; 124 -&gt; 237 -&gt;   Toplam : 576
215 -&gt; 124 -&gt; 237 -&gt;   Toplam : 576
215 -&gt; 124 -&gt; 237 -&gt;   Toplam : 576
215 -&gt; 124 -&gt; 237 -&gt;   Toplam : 576
215 -&gt; 124 -&gt; 237 -&gt;   Toplam : 576
215 -&gt; 124 -&gt; 237 -&gt;   Toplam : 576
215 -&gt; 124 -&gt; 237 -&gt;   Toplam : 576
215 -&gt; 124 -&gt; 237 -&gt;   Toplam : 576
215 -&gt; 124 -&gt; 237 -&gt;   Toplam : 576
215 -&gt; 124 -&gt; 237 -&gt;   Toplam : 576
215 -&gt; 124 -&gt; 237 -&gt;   Toplam : 576
215 -&gt; 124 -&gt; 237 -&gt;   Toplam : 576
215 -&gt; 124 -&gt; 237 -&gt;   Toplam : 576
215 -&gt; 124 -&gt; 237 -&gt;   Toplam : 576
215 -&gt; 124 -&gt; 237 -&gt;   Toplam : 576
215 -&gt; 124 -&gt; 237 -&gt;   Toplam : 576
215 -&gt; 124 -&gt; 237 -&gt;   Toplam : 576
215 -&gt; 124 -&gt; 237 -&gt;   Toplam : 576
215 -&gt; 124 -&gt; 237 -&gt;   Toplam : 576
215 -&gt; 124 -&gt; 237 -&gt;   Toplam : 576
215 -&gt; 124 -&gt; 237 -&gt;   Toplam : 576
215 -&gt; 124 -&gt; 237 -&gt;   Toplam : 576
215 -&gt; 124 -&gt; 237 -&gt;   Toplam : 576
215 -&gt; 124 -&gt; 237 -&gt;   Toplam : 576
215 -&gt; 124 -&gt; 237 -&gt;   Toplam : 576
215 -&gt; 124 -&gt; 237 -&gt;   Toplam : 576
215 -&gt; 124 -&gt; 237 -&gt;   Toplam : 576
215 -&gt; 124 -&gt; 237 -&gt;   Toplam : 576
215 -&gt; 124 -&gt; 237 -&gt;   Toplam : 576
215 -&gt; 124 -&gt; 237 -&gt;   Toplam : 576
215 -&gt; 124 -&gt; 237 -&gt;   Toplam : 576
215 -&gt; 124 -&gt; 237 -&gt;   Toplam : 576
215 -&gt; 124 -&gt; 237 -&gt;   Toplam : 576
215 -&gt; 124 -&gt; 237 -&gt;   Toplam : 576
215 -&gt; 124 -&gt; 237 -&gt;   Toplam : 576
215 -&gt; 124 -&gt; 237 -&gt;   Toplam : 576
215 -&gt; 124 -&gt; 237 -&gt;   Toplam : 576
215 -&gt; 124 -&gt; 237 -&gt;   Toplam : 576
215 -&gt; 124 -&gt; 237 -&gt;   Toplam : 576
215 -&gt; 124 -&gt; 237 -&gt;   Toplam : 576
215 -&gt; 124 -&gt; 237 -&gt;   Toplam : 576
215 -&gt; 124 -&gt; 237 -&gt;   Toplam : 576
215 -&gt; 124 -&gt; 237 -&gt;   Toplam : 576
215 -&gt; 124 -&gt; 237 -&gt;   Toplam : 576
215 -&gt; 124 -&gt; 237 -&gt;   Toplam : 576
215 -&gt; 124 -&gt; 237 -&gt;   Toplam : 576
215 -&gt; 124 -&gt; 237 -&gt;   Toplam : 576
215 -&gt; 124 -&gt; 237 -&gt;   Toplam : 576
215 -&gt; 124 -&gt; 237 -&gt;   Toplam : 576
215 -&gt; 124 -&gt; 237 -&gt;   Toplam : 576
215 -&gt; 124 -&gt; 237 -&gt;   Toplam : 576
215 -&gt; 124 -&gt; 237 -&gt;   Toplam : 576
215 -&gt; 124 -&gt; 237 -&gt;   Toplam : 576
215 -&gt; 124 -&gt; 237 -&gt;   Toplam : 576
215 -&gt; 124 -&gt; 237 -&gt;   Toplam : 576
215 -&gt; 124 -&gt; 237 -&gt;   Toplam : 576
215 -&gt; 124 -&gt; 237 -&gt;   Toplam : 576
215 -&gt; 124 -&gt; 237 -&gt;   Toplam : 576
215 -&gt; 124 -&gt; 237 -&gt;   Toplam : 576
215 -&gt; 124 -&gt; 237 -&gt;   Toplam : 576
215 -&gt; 124 -&gt; 237 -&gt;   Toplam : 576
215 -&gt; 124 -&gt; 237 -&gt;   Toplam : 576
215 -&gt; 124 -&gt; 237 -&gt;   Toplam : 576
215 -&gt; 124 -&gt; 237 -&gt;   Toplam : 576
215 -&gt; 124 -&gt; 237 -&gt;   Toplam : 576
215 -&gt; 124 -&gt; 237 -&gt;   Toplam : 576
215 -&gt; 124 -&gt; 237 -&gt;   Toplam : 576
215 -&gt; 124 -&gt; 237 -&gt;   Toplam : 576
215 -&gt; 124 -&gt; 237 -&gt;   Toplam : 576
215 -&gt; 124 -&gt; 237 -&gt;   Toplam : 576
215 -&gt; 124 -&gt; 237 -&gt;   Toplam : 576
215 -&gt; 124 -&gt; 237 -&gt;   Toplam : 576
215 -&gt; 124 -&gt; 237 -&gt;   Toplam : 576
215 -&gt; 124 -&gt; 237 -&gt;   Toplam : 576
215 -&gt; 124 -&gt; 237 -&gt;   Toplam : 576
215 -&gt; 124 -&gt; 237 -&gt;   Toplam : 576
215 -&gt; 124 -&gt; 237 -&gt;   Toplam : 576
215 -&gt; 124 -&gt; 237 -&gt;   Toplam : 576
215 -&gt; 124 -&gt; 237 -&gt;   Toplam : 576
215 -&gt; 124 -&gt; 237 -&gt;   Toplam : 576
215 -&gt; 124 -&gt; 237 -&gt;   Toplam : 576
215 -&gt; 124 -&gt; 237 -&gt;   Toplam : 576
215 -&gt; 124 -&gt; 237 -&gt;   Toplam : 576
215 -&gt; 124 -&gt; 237 -&gt;   Toplam : 576
215 -&gt; 124 -&gt; 237 -&gt;   Toplam : 576
215 -&gt; 124 -&gt; 237 -&gt;   Toplam : 576
215 -&gt; 124 -&gt; 237 -&gt;   Toplam : 576
215 -&gt; 124 -&gt; 237 -&gt;   Toplam : 576
215 -&gt; 124 -&gt; 237 -&gt;   Toplam : 576
215 -&gt; 124 -&gt; 237 -&gt;   Toplam : 576
215 -&gt; 124 -&gt; 237 -&gt;   Toplam : 576
215 -&gt; 124 -&gt; 237 -&gt;   Toplam : 576
215 -&gt; 124 -&gt; 237 -&gt;   Toplam : 576
215 -&gt; 124 -&gt; 237 -&gt;   Toplam : 576
215 -&gt; 124 -&gt; 237 -&gt;   Toplam : 576
215 -&gt; 124 -&gt; 237 -&gt;   Toplam : 576
215 -&gt; 124 -&gt; 237 -&gt;   Toplam : 576
215 -&gt; 124 -&gt; 237 -&gt;   Toplam : 576
215 -&gt; 124 -&gt; 237 -&gt;   Toplam : 576
215 -&gt; 124 -&gt; 237 -&gt;   Toplam : 576
215 -&gt; 124 -&gt; 237 -&gt;   Toplam : 576
215 -&gt; 124 -&gt; 237 -&gt;   Toplam : 576
215 -&gt; 124 -&gt; 237 -&gt;   Toplam : 576
215 -&gt; 124 -&gt; 237 -&gt;   Toplam : 576
215 -&gt; 124 -&gt; 237 -&gt;   Toplam : 576
215 -&gt; 124 -&gt; 237 -&gt;   Toplam : 576
215 -&gt; 124 -&gt; 237 -&gt;   Toplam : 576
215 -&gt; 124 -&gt; 237 -&gt;   Toplam : 576
215 -&gt; 124 -&gt; 237 -&gt;   Toplam : 576
215 -&gt; 124 -&gt; 237 -&gt;   Toplam : 576
215 -&gt; 124 -&gt; 237 -&gt;   Toplam : 576
215 -&gt; 124 -&gt; 237 -&gt;   Toplam : 576
215 -&gt; 124 -&gt; 237 -&gt;   Toplam : 576
215 -&gt; 124 -&gt; 237 -&gt;   Toplam : 576
215 -&gt; 124 -&gt; 237 -&gt;   Toplam : 576
215 -&gt; 124 -&gt; 237 -&gt;   Toplam : 576
215 -&gt; 124 -&gt; 237 -&gt;   Toplam : 576
215 -&gt; 124 -&gt; 237 -&gt;   Toplam : 576
215 -&gt; 124 -&gt; 237 -&gt;   Toplam : 576
215 -&gt; 124 -&gt; 237 -&gt;   Toplam : 576
215 -&gt; 124 -&gt; 237 -&gt;   Toplam : 576
215 -&gt; 124 -&gt; 237 -&gt;   Toplam : 576
215 -&gt; 124 -&gt; 237 -&gt;   Toplam : 576
215 -&gt; 124 -&gt; 237 -&gt;   Toplam : 576
215 -&gt; 124 -&gt; 237 -&gt;   Toplam : 576
215 -&gt; 124 -&gt; 237 -&gt;   Toplam : 576
215 -&gt; 124 -&gt; 237 -&gt;   Toplam : 576
215 -&gt; 124 -&gt; 237 -&gt;   Toplam : 576
215 -&gt; 124 -&gt; 237 -&gt;   Toplam : 576
215 -&gt; 124 -&gt; 237 -&gt;   Toplam : 576
215 -&gt; 124 -&gt; 237 -&gt;   Toplam : 576
215 -&gt; 124 -&gt; 237 -&gt;   Toplam : 576
215 -&gt; 124 -&gt; 237 -&gt;   Toplam : 576
215 -&gt; 124 -&gt; 237 -&gt;   Toplam : 576
215 -&gt; 124 -&gt; 237 -&gt;   Toplam : 576
215 -&gt; 124 -&gt; 237 -&gt;   Toplam : 576
215 -&gt; 124 -&gt; 237 -&gt;   Toplam : 576
215 -&gt; 124 -&gt; 237 -&gt;   Toplam : 576
215 -&gt; 124 -&gt; 237 -&gt;   Toplam : 576
215 -&gt; 124 -&gt; 237 -&gt;   Toplam : 576
215 -&gt; 124 -&gt; 237 -&gt;   Toplam : 576
215 -&gt; 124 -&gt; 237 -&gt;   Toplam : 576
215 -&gt; 124 -&gt; 237 -&gt;   Toplam : 576
215 -&gt; 124 -&gt; 237 -&gt;   Toplam : 576
215 -&gt; 124 -&gt; 237 -&gt;   Toplam : 576
215 -&gt; 124 -&gt; 237 -&gt;   Toplam : 576
215 -&gt; 124 -&gt; 237 -&gt;   Toplam : 576
215 -&gt; 124 -&gt; 237 -&gt;   Toplam : 576
215 -&gt; 124 -&gt; 237 -&gt;   Toplam : 576
215 -&gt; 124 -&gt; 237 -&gt;   Toplam : 576
215 -&gt; 124 -&gt; 237 -&gt;   Toplam : 576
215 -&gt; 124 -&gt; 237 -&gt;   Toplam : 576
215 -&gt; 124 -&gt; 237 -&gt;   Toplam : 576
215 -&gt; 124 -&gt; 237 -&gt;   Toplam : 576
215 -&gt; 124 -&gt; 237 -&gt;   Toplam : 576
215 -&gt; 124 -&gt; 237 -&gt;   Toplam : 576
215 -&gt; 124 -&gt; 237 -&gt;   Toplam : 576
215 -&gt; 124 -&gt; 237 -&gt;   Toplam : 576
215 -&gt; 124 -&gt; 237 -&gt;   Toplam : 576
215 -&gt; 124 -&gt; 237 -&gt;   Toplam : 576
215 -&gt; 124 -&gt; 237 -&gt;   Toplam : 576
215 -&gt; 124 -&gt; 237 -&gt;   Toplam : 576
215 -&gt; 124 -&gt; 237 -&gt;   Toplam : 576
215 -&gt; 124 -&gt; 237 -&gt;   Toplam : 576
215 -&gt; 124 -&gt; 237 -&gt;   Toplam : 576
215 -&gt; 124 -&gt; 237 -&gt;   Toplam : 576
215 -&gt; 124 -&gt; 237 -&gt;   Toplam : 576
215 -&gt; 124 -&gt; 237 -&gt;   Toplam : 576
215 -&gt; 124 -&gt; 237 -&gt;   Toplam : 576
215 -&gt; 124 -&gt; 237 -&gt;   Toplam : 576
215 -&gt; 124 -&gt; 237 -&gt;   Toplam : 576
215 -&gt; 124 -&gt; 237 -&gt;   Toplam : 576
215 -&gt; 124 -&gt; 237 -&gt;   Toplam : 576
215 -&gt; 124 -&gt; 237 -&gt;   Toplam : 576
215 -&gt; 124 -&gt; 237 -&gt;   Toplam : 576
215 -&gt; 124 -&gt; 237 -&gt;   Toplam : 576
215 -&gt; 124 -&gt; 237 -&gt;   Toplam : 576
215 -&gt; 124 -&gt; 237 -&gt;   Toplam : 576
215 -&gt; 124 -&gt; 237 -&gt;   Toplam : 576
215 -&gt; 124 -&gt; 237 -&gt;   Toplam : 576
215 -&gt; 124 -&gt; 237 -&gt;   Toplam : 576
215 -&gt; 124 -&gt; 237 -&gt;   Toplam : 576
215 -&gt; 124 -&gt; 237 -&gt;   Toplam : 576
215 -&gt; 124 -&gt; 237 -&gt;   Toplam : 576
215 -&gt; 124 -&gt; 237 -&gt;   Toplam : 576
215 -&gt; 124 -&gt; 237 -&gt;   Toplam : 576
215 -&gt; 124 -&gt; 237 -&gt;   Toplam : 576
215 -&gt; 124 -&gt; 237 -&gt;   Toplam : 576
215 -&gt; 124 -&gt; 237 -&gt;   Toplam : 576
215 -&gt; 124 -&gt; 237 -&gt;   Toplam : 576
215 -&gt; 124 -&gt; 237 -&gt;   Toplam : 576
215 -&gt; 124 -&gt; 237 -&gt;   Toplam : 576
215 -&gt; 124 -&gt; 237 -&gt;   Toplam : 576
215 -&gt; 124 -&gt; 237 -&gt;   Toplam : 576
215 -&gt; 124 -&gt; 237 -&gt;   Toplam : 576
215 -&gt; 124 -&gt; 237 -&gt;   Toplam : 576
215 -&gt; 124 -&gt; 237 -&gt;   Toplam : 576
215 -&gt; 124 -&gt; 237 -&gt;   Toplam : 576
215 -&gt; 124 -&gt; 237 -&gt;   Toplam : 576
215 -&gt; 124 -&gt; 237 -&gt;   Toplam : 576
215 -&gt; 124 -&gt; 237 -&gt;   Toplam : 576
215 -&gt; 124 -&gt; 237 -&gt;   Toplam : 576
215 -&gt; 124 -&gt; 237 -&gt;   Toplam : 576
215 -&gt; 124 -&gt; 237 -&gt;   Toplam : 576
215 -&gt; 124 -&gt; 237 -&gt;   Toplam : 576
215 -&gt; 124 -&gt; 237 -&gt;   Toplam : 576
215 -&gt; 124 -&gt; 237 -&gt;   Toplam : 576
215 -&gt; 124 -&gt; 237 -&gt;   Toplam : 576
215 -&gt; 124 -&gt; 237 -&gt;   Toplam : 576
215 -&gt; 124 -&gt; 237 -&gt;   Toplam : 576
215 -&gt; 124 -&gt; 237 -&gt;   Toplam : 576
215 -&gt; 124 -&gt; 237 -&gt;   Toplam : 576
215 -&gt; 124 -&gt; 237 -&gt;   Toplam : 576
215 -&gt; 124 -&gt; 237 -&gt;   Toplam : 576
215 -&gt; 124 -&gt; 237 -&gt;   Toplam : 576
215 -&gt; 124 -&gt; 237 -&gt;   Toplam : 576
215 -&gt; 124 -&gt; 237 -&gt;   Toplam : 576
215 -&gt; 124 -&gt; 237 -&gt;   Toplam : 576
215 -&gt; 124 -&gt; 237 -&gt;   Toplam : 576
215 -&gt; 124 -&gt; 237 -&gt;   Toplam : 576
215 -&gt; 124 -&gt; 237 -&gt;   Toplam : 576
215 -&gt; 124 -&gt; 237 -&gt;   Toplam : 576
215 -&gt; 124 -&gt; 237 -&gt;   Toplam : 576
215 -&gt; 124 -&gt; 237 -&gt;   Toplam : 576
215 -&gt; 124 -&gt; 237 -&gt;   Toplam : 576
215 -&gt; 124 -&gt; 237 -&gt;   Toplam : 576
215 -&gt; 124 -&gt; 237 -&gt;   Toplam : 576
215 -&gt; 124 -&gt; 237 -&gt;   Toplam : 576
215 -&gt; 124 -&gt; 237 -&gt;   Toplam : 576
215 -&gt; 124 -&gt; 237 -&gt;   Toplam : 576
215 -&gt; 124 -&gt; 237 -&gt;   Toplam : 576
215 -&gt; 124 -&gt; 237 -&gt;   Toplam : 576
215 -&gt; 124 -&gt; 237 -&gt;   Toplam : 576
215 -&gt; 124 -&gt; 237 -&gt;   Toplam : 576
215 -&gt; 124 -&gt; 237 -&gt;   Toplam : 576
215 -&gt; 124 -&gt; 237 -&gt;   Toplam : 576
215 -&gt; 124 -&gt; 237 -&gt;   Toplam : 576
215 -&gt; 124 -&gt; 237 -&gt;   Toplam : 576
215 -&gt; 124 -&gt; 237 -&gt;   Toplam : 576
215 -&gt; 124 -&gt; 237 -&gt;   Toplam : 576
215 -&gt; 124 -&gt; 237 -&gt;   Toplam : 576
215 -&gt; 124 -&gt; 237 -&gt;   Toplam : 576
215 -&gt; 124 -&gt; 237 -&gt;   Toplam : 576
215 -&gt; 124 -&gt; 237 -&gt;   Toplam : 576
215 -&gt; 124 -&gt; 237 -&gt;   Toplam : 576
215 -&gt; 124 -&gt; 237 -&gt;   Toplam : 576
215 -&gt; 124 -&gt; 237 -&gt;   Toplam : 576
215 -&gt; 124 -&gt; 237 -&gt;   Toplam : 576
215 -&gt; 124 -&gt; 237 -&gt;   Toplam : 576
215 -&gt; 124 -&gt; 237 -&gt;   Toplam : 576
215 -&gt; 124 -&gt; 237 -&gt;   Toplam : 576
215 -&gt; 124 -&gt; 237 -&gt;   Toplam : 576
215 -&gt; 124 -&gt; 237 -&gt;   Toplam : 576
215 -&gt; 124 -&gt; 237 -&gt;   Toplam : 576
215 -&gt; 124 -&gt; 237 -&gt;   Toplam : 576
215 -&gt; 124 -&gt; 237 -&gt;   Toplam : 576
215 -&gt; 124 -&gt; 237 -&gt;   Toplam : 576
215 -&gt; 124 -&gt; 237 -&gt;   Toplam : 576
215 -&gt; 124 -&gt; 237 -&gt;   Toplam : 576
215 -&gt; 124 -&gt; 237 -&gt;   Toplam : 576
215 -&gt; 124 -&gt; 237 -&gt;   Toplam : 576
215 -&gt; 124 -&gt; 237 -&gt;   Toplam : 576
215 -&gt; 124 -&gt; 237 -&gt;   Toplam : 576
215 -&gt; 124 -&gt; 237 -&gt;   Toplam : 576
215 -&gt; 124 -&gt; 237 -&gt;   Toplam : 576
215 -&gt; 124 -&gt; 237 -&gt;   Toplam : 576
215 -&gt; 124 -&gt; 237 -&gt;   Toplam : 576
215 -&gt; 124 -&gt; 237 -&gt;   Toplam : 576
215 -&gt; 124 -&gt; 237 -&gt;   Toplam : 576
215 -&gt; 124 -&gt; 237 -&gt;   Toplam : 576
215 -&gt; 124 -&gt; 237 -&gt;   Toplam : 576
215 -&gt; 124 -&gt; 237 -&gt;   Toplam : 576
215 -&gt; 124 -&gt; 237 -&gt;   Toplam : 576
215 -&gt; 124 -&gt; 237 -&gt;   Toplam : 576
215 -&gt; 124 -&gt; 237 -&gt;   Toplam : 576
215 -&gt; 124 -&gt; 237 -&gt;   Toplam : 576
215 -&gt; 124 -&gt; 237 -&gt;   Toplam : 576
215 -&gt; 124 -&gt; 237 -&gt;   Toplam : 576
215 -&gt; 124 -&gt; 237 -&gt;   Toplam : 576
215 -&gt; 124 -&gt; 237 -&gt;   Toplam : 576
215 -&gt; 124 -&gt; 237 -&gt;   Toplam : 576
215 -&gt; 124 -&gt; 237 -&gt;   Toplam : 576
215 -&gt; 124 -&gt; 237 -&gt;   Toplam : 576
215 -&gt; 124 -&gt; 237 -&gt;   Toplam : 576
215 -&gt; 124 -&gt; 237 -&gt;   Toplam : 576
215 -&gt; 124 -&gt; 237 -&gt;   Toplam : 576
215 -&gt; 124 -&gt; 237 -&gt;   Toplam : 576
215 -&gt; 124 -&gt; 237 -&gt;   Toplam : 576
215 -&gt; 124 -&gt; 237 -&gt;   Toplam : 576
215 -&gt; 124 -&gt; 237 -&gt;   Toplam : 576
215 -&gt; 124 -&gt; 237 -&gt;   Toplam : 576
215 -&gt; 124 -&gt; 237 -&gt;   Toplam : 576
215 -&gt; 124 -&gt; 237 -&gt;   Toplam : 576
215 -&gt; 124 -&gt; 237 -&gt;   Toplam : 576
215 -&gt; 124 -&gt; 237 -&gt;   Toplam : 576
215 -&gt; 124 -&gt; 237 -&gt;   Toplam : 576
215 -&gt; 124 -&gt; 237 -&gt;   Toplam : 576
215 -&gt; 124 -&gt; 237 -&gt;   Toplam : 576
215 -&gt; 124 -&gt; 237 -&gt;   Toplam : 576
215 -&gt; 124 -&gt; 237 -&gt;   Toplam : 576
215 -&gt; 124 -&gt; 237 -&gt;   Toplam : 576
215 -&gt; 124 -&gt; 237 -&gt;   Toplam : 576
215 -&gt; 124 -&gt; 237 -&gt;   Toplam : 576
215 -&gt; 124 -&gt; 237 -&gt;   Toplam : 576
215 -&gt; 124 -&gt; 237 -&gt;   Toplam : 576
215 -&gt; 124 -&gt; 237 -&gt;   Toplam : 576
215 -&gt; 124 -&gt; 237 -&gt;   Toplam : 576
215 -&gt; 124 -&gt; 237 -&gt;   Toplam : 576
215 -&gt; 124 -&gt; 237 -&gt;   Toplam : 576
215 -&gt; 124 -&gt; 237 -&gt;   Toplam : 576
215 -&gt; 124 -&gt; 237 -&gt;   Toplam : 576
215 -&gt; 124 -&gt; 237 -&gt;   Toplam : 576
215 -&gt; 124 -&gt; 237 -&gt;   Toplam : 576
215 -&gt; 124 -&gt; 237 -&gt;   Toplam : 576
215 -&gt; 124 -&gt; 237 -&gt;   Toplam : 576
215 -&gt; 124 -&gt; 237 -&gt;   Toplam : 576
215 -&gt; 124 -&gt; 237 -&gt;   Toplam : 576
215 -&gt; 124 -&gt; 237 -&gt;   Toplam : 576
215 -&gt; 124 -&gt; 237 -&gt;   Toplam : 576
215 -&gt; 124 -&gt; 237 -&gt;   Toplam : 576
215 -&gt; 124 -&gt; 237 -&gt;   Toplam : 576
215 -&gt; 124 -&gt; 237 -&gt;   Toplam : 576
215 -&gt; 124 -&gt; 237 -&gt;   Toplam : 576
215 -&gt; 124 -&gt; 237 -&gt;   Toplam : 576
215 -&gt; 124 -&gt; 237 -&gt;   Toplam : 576
215 -&gt; 124 -&gt; 237 -&gt;   Toplam : 576
215 -&gt; 124 -&gt; 237 -&gt;   Toplam : 576
215 -&gt; 124 -&gt; 237 -&gt;   Toplam : 576
215 -&gt; 124 -&gt; 237 -&gt;   Toplam : 576
215 -&gt; 124 -&gt; 237 -&gt;   Toplam : 576
215 -&gt; 124 -&gt; 237 -&gt;   Toplam : 576
215 -&gt; 124 -&gt; 237 -&gt;   Toplam : 576
215 -&gt; 124 -&gt; 237 -&gt;   Toplam : 576
215 -&gt; 124 -&gt; 237 -&gt;   Toplam : 576
215 -&gt; 124 -&gt; 237 -&gt;   Toplam : 576
215 -&gt; 124 -&gt; 237 -&gt;   Toplam : 576
215 -&gt; 124 -&gt; 237 -&gt;   Toplam : 576
215 -&gt; 124 -&gt; 237 -&gt;   Toplam : 576
215 -&gt; 124 -&gt; 237 -&gt;   Toplam : 576
215 -&gt; 124 -&gt; 237 -&gt;   Toplam : 576
215 -&gt; 124 -&gt; 237 -&gt;   Toplam : 576
215 -&gt; 124 -&gt; 237 -&gt;   Toplam : 576
215 -&gt; 124 -&gt; 237 -&gt;   Toplam : 576
215 -&gt; 124 -&gt; 237 -&gt;   Toplam : 576
215 -&gt; 124 -&gt; 237 -&gt;   Toplam : 576
215 -&gt; 124 -&gt; 237 -&gt;   Toplam : 576
215 -&gt; 124 -&gt; 237 -&gt;   Toplam : 576
215 -&gt; 124 -&gt; 237 -&gt;   Toplam : 576
215 -&gt; 124 -&gt; 237 -&gt;   Toplam : 576
215 -&gt; 124 -&gt; 237 -&gt;   Toplam : 576
215 -&gt; 124 -&gt; 237 -&gt;   Toplam : 576
215 -&gt; 124 -&gt; 237 -&gt;   Toplam : 576
215 -&gt; 124 -&gt; 237 -&gt;   Toplam : 576
215 -&gt; 124 -&gt; 237 -&gt;   Toplam : 576
215 -&gt; 124 -&gt; 237 -&gt;   Toplam : 576
215 -&gt; 124 -&gt; 237 -&gt;   Toplam : 576
215 -&gt; 124 -&gt; 237 -&gt;   Toplam : 576
215 -&gt; 124 -&gt; 237 -&gt;   Toplam : 576
215 -&gt; 124 -&gt; 237 -&gt;   Toplam : 576
215 -&gt; 124 -&gt; 237 -&gt;   Toplam : 576
215 -&gt; 124 -&gt; 237 -&gt;   Toplam : 576
215 -&gt; 124 -&gt; 237 -&gt;   Toplam : 576
215 -&gt; 124 -&gt; 237 -&gt;   Toplam : 576
215 -&gt; 124 -&gt; 237 -&gt;   Toplam : 576
215 -&gt; 124 -&gt; 237 -&gt;   Toplam : 576
215 -&gt; 124 -&gt; 237 -&gt;   Toplam : 576
215 -&gt; 124 -&gt; 237 -&gt;   Toplam : 576
215 -&gt; 124 -&gt; 237 -&gt;   Toplam : 576
215 -&gt; 124 -&gt; 237 -&gt;   Toplam : 576
215 -&gt; 124 -&gt; 237 -&gt;   Toplam : 576
215 -&gt; 124 -&gt; 237 -&gt;   Toplam : 576
215 -&gt; 124 -&gt; 237 -&gt;   Toplam : 576
215 -&gt; 124 -&gt; 237 -&gt;   Toplam : 576
215 -&gt; 124 -&gt; 237 -&gt;   Toplam : 576
215 -&gt; 124 -&gt; 237 -&gt;   Toplam : 576
215 -&gt; 124 -&gt; 237 -&gt;   Toplam : 576
215 -&gt; 124 -&gt; 237 -&gt;   Toplam : 576
215 -&gt; 124 -&gt; 237 -&gt;   Toplam : 576
215 -&gt; 124 -&gt; 237 -&gt;   Toplam : 576
215 -&gt; 124 -&gt; 237 -&gt;   Toplam : 576
215 -&gt; 124 -&gt; 237 -&gt;   Toplam : 576
215 -&gt; 124 -&gt; 237 -&gt;   Toplam : 576
215 -&gt; 124 -&gt; 237 -&gt;   Toplam : 576
215 -&gt; 124 -&gt; 237 -&gt;   Toplam : 576
215 -&gt; 124 -&gt; 237 -&gt;   Toplam : 576
215 -&gt; 124 -&gt; 237 -&gt;   Toplam : 576
215 -&gt; 124 -&gt; 237 -&gt;   Toplam : 576
215 -&gt; 124 -&gt; 237 -&gt;   Toplam : 576
215 -&gt; 124 -&gt; 237 -&gt;   Toplam : 576
215 -&gt; 124 -&gt; 237 -&gt;   Toplam : 576
215 -&gt; 124 -&gt; 237 -&gt;   Toplam : 576
215 -&gt; 124 -&gt; 237 -&gt;   Toplam : 576
215 -&gt; 124 -&gt; 237 -&gt;   Toplam : 576
215 -&gt; 124 -&gt; 237 -&gt;   Toplam : 576
215 -&gt; 124 -&gt; 237 -&gt;   Toplam : 576
215 -&gt; 124 -&gt; 237 -&gt;   Toplam : 576
215 -&gt; 124 -&gt; 237 -&gt;   Toplam : 576
215 -&gt; 124 -&gt; 237 -&gt;   Toplam : 576
215 -&gt; 124 -&gt; 237 -&gt;   Toplam : 576
215 -&gt; 124 -&gt; 237 -&gt;   Toplam : 576
215 -&gt; 124 -&gt; 237 -&gt;   Toplam : 576
215 -&gt; 124 -&gt; 237 -&gt;   Toplam : 576
215 -&gt; 124 -&gt; 237 -&gt;   Toplam : 576
215 -&gt; 124 -&gt; 237 -&gt;   Toplam : 576
215 -&gt; 124 -&gt; 237 -&gt;   Toplam : 576
215 -&gt; 124 -&gt; 237 -&gt;   Toplam : 576
215 -&gt; 124 -&gt; 237 -&gt;   Toplam : 576
215 -&gt; 124 -&gt; 237 -&gt;   Toplam : 576
215 -&gt; 124 -&gt; 237 -&gt;   Toplam : 576
215 -&gt; 124 -&gt; 237 -&gt;   Toplam : 576
215 -&gt; 124 -&gt; 237 -&gt;   Toplam : 576
215 -&gt; 124 -&gt; 237 -&gt;   Toplam : 576
215 -&gt; 124 -&gt; 237 -&gt;   Toplam : 576
215 -&gt; 124 -&gt; 237 -&gt;   Toplam : 576
215 -&gt; 124 -&gt; 237 -&gt;   Toplam : 576
215 -&gt; 124 -&gt; 237 -&gt;   Toplam : 576
215 -&gt; 124 -&gt; 237 -&gt;   Toplam : 576
215 -&gt; 124 -&gt; 237 -&gt;   Toplam : 576
215 -&gt; 124 -&gt; 237 -&gt;   Toplam : 576
215 -&gt; 124 -&gt; 237 -&gt;   Toplam : 576
215 -&gt; 124 -&gt; 237 -&gt;   Toplam : 576
215 -&gt; 124 -&gt; 237 -&gt;   Toplam : 576
215 -&gt; 124 -&gt; 237 -&gt;   Toplam : 576
215 -&gt; 124 -&gt; 237 -&gt;   Toplam : 576
215 -&gt; 124 -&gt; 237 -&gt;   Toplam : 576
215 -&gt; 124 -&gt; 237 -&gt;   Toplam : 576
215 -&gt; 124 -&gt; 237 -&gt;   Toplam : 576
215 -&gt; 124 -&gt; 237 -&gt;   Toplam : 576
215 -&gt; 124 -&gt; 237 -&gt;   Toplam : 576
215 -&gt; 124 -&gt; 237 -&gt;   Toplam : 576
215 -&gt; 124 -&gt; 237 -&gt;   Toplam : 576
215 -&gt; 124 -&gt; 237 -&gt;   Toplam : 576
215 -&gt; 124 -&gt; 237 -&gt;   Toplam : 576
215 -&gt; 124 -&gt; 237 -&gt;   Toplam : 576
215 -&gt; 124 -&gt; 237 -&gt;   Toplam : 576
215 -&gt; 124 -&gt; 237 -&gt;   Toplam : 576
215 -&gt; 124 -&gt; 237 -&gt;   Toplam : 576
215 -&gt; 124 -&gt; 237 -&gt;   Toplam : 576
215 -&gt; 124 -&gt; 237 -&gt;   Toplam : 576
215 -&gt; 124 -&gt; 237 -&gt;   Toplam : 576
215 -&gt; 124 -&gt; 237 -&gt;   Toplam : 576
215 -&gt; 124 -&gt; 237 -&gt;   Toplam : 576
215 -&gt; 124 -&gt; 237 -&gt;   Toplam : 576
215 -&gt; 124 -&gt; 237 -&gt;   Toplam : 576
215 -&gt; 124 -&gt; 237 -&gt;   Toplam : 576
215 -&gt; 124 -&gt; 237 -&gt;   Toplam : 576
215 -&gt; 124 -&gt; 237 -&gt;   Toplam : 576
215 -&gt; 124 -&gt; 237 -&gt;   Toplam : 576
215 -&gt; 124 -&gt; 237 -&gt;   Toplam : 576
215 -&gt; 124 -&gt; 237 -&gt;   Toplam : 576
215 -&gt; 124 -&gt; 237 -&gt;   Toplam : 576
215 -&gt; 124 -&gt; 237 -&gt;   Toplam : 576
215 -&gt; 124 -&gt; 237 -&gt;   Toplam : 576
215 -&gt; 124 -&gt; 237 -&gt;   Toplam : 576
215 -&gt; 124 -&gt; 237 -&gt;   Toplam : 576
215 -&gt; 124 -&gt; 237 -&gt;   Toplam : 576
215 -&gt; 124 -&gt; 237 -&gt;   Toplam : 576
215 -&gt; 124 -&gt; 237 -&gt;   Toplam : 576
215 -&gt; 124 -&gt; 237 -&gt;   Toplam : 576
215 -&gt; 124 -&gt; 237 -&gt;   Toplam : 576
215 -&gt; 124 -&gt; 237 -&gt;   Toplam : 576
215 -&gt; 124 -&gt; 237 -&gt;   Toplam : 576
215 -&gt; 124 -&gt; 237 -&gt;   Toplam : 576
215 -&gt; 124 -&gt; 237 -&gt;   Toplam : 576
215 -&gt; 124 -&gt; 237 -&gt;   Toplam : 576
215 -&gt; 124 -&gt; 237 -&gt;   Toplam : 576
215 -&gt; 124 -&gt; 237 -&gt;   Toplam : 576
215 -&gt; 124 -&gt; 237 -&gt;   Toplam : 576
215 -&gt; 124 -&gt; 237 -&gt;   Toplam : 576
215 -&gt; 124 -&gt; 237 -&gt;   Toplam : 576
215 -&gt; 124 -&gt; 237 -&gt;   Toplam : 576
215 -&gt; 124 -&gt; 237 -&gt;   Toplam : 576
215 -&gt; 124 -&gt; 237 -&gt;   Toplam : 576
215 -&gt; 124 -&gt; 237 -&gt;   Toplam : 576
215 -&gt; 124 -&gt; 237 -&gt;   Toplam : 576
215 -&gt; 124 -&gt; 237 -&gt;   Toplam : 576
215 -&gt; 124 -&gt; 237 -&gt;   Toplam : 576
215 -&gt; 124 -&gt; 237 -&gt;   Toplam : 576
215 -&gt; 124 -&gt; 237 -&gt;   Toplam : 576
215 -&gt; 124 -&gt; 237 -&gt;   Toplam : 576
215 -&gt; 124 -&gt; 237 -&gt;   Toplam : 576
215 -&gt; 124 -&gt; 237 -&gt;   Toplam : 576
215 -&gt; 124 -&gt; 237 -&gt;   Toplam : 576
215 -&gt; 124 -&gt; 237 -&gt;   Toplam : 576
215 -&gt; 124 -&gt; 442 -&gt;   Toplam : 781
215 -&gt; 124 -&gt; 442 -&gt;   Toplam : 781
215 -&gt; 124 -&gt; 442 -&gt;   Toplam : 781
215 -&gt; 124 -&gt; 442 -&gt;   Toplam : 781
215 -&gt; 124 -&gt; 442 -&gt;   Toplam : 781
215 -&gt; 124 -&gt; 442 -&gt;   Toplam : 781
215 -&gt; 124 -&gt; 442 -&gt;   Toplam : 781
215 -&gt; 124 -&gt; 442 -&gt;   Toplam : 781
215 -&gt; 124 -&gt; 442 -&gt;   Toplam : 781
215 -&gt; 124 -&gt; 442 -&gt;   Toplam : 781
215 -&gt; 124 -&gt; 442 -&gt;   Toplam : 781
215 -&gt; 124 -&gt; 442 -&gt;   Toplam : 781
215 -&gt; 124 -&gt; 442 -&gt;   Toplam : 781
215 -&gt; 124 -&gt; 442 -&gt;   Toplam : 781
215 -&gt; 124 -&gt; 442 -&gt;   Toplam : 781
215 -&gt; 124 -&gt; 442 -&gt;   Toplam : 781
215 -&gt; 124 -&gt; 442 -&gt;   Toplam : 781
215 -&gt; 124 -&gt; 442 -&gt;   Toplam : 781
215 -&gt; 124 -&gt; 442 -&gt;   Toplam : 781
215 -&gt; 124 -&gt; 442 -&gt;   Toplam : 781
215 -&gt; 124 -&gt; 442 -&gt;   Toplam : 781
215 -&gt; 124 -&gt; 442 -&gt;   Toplam : 781
215 -&gt; 124 -&gt; 442 -&gt;   Toplam : 781
215 -&gt; 124 -&gt; 442 -&gt;   Toplam : 781
215 -&gt; 124 -&gt; 442 -&gt;   Toplam : 781
215 -&gt; 124 -&gt; 442 -&gt;   Toplam : 781
215 -&gt; 124 -&gt; 442 -&gt;   Toplam : 781
215 -&gt; 124 -&gt; 442 -&gt;   Toplam : 781
215 -&gt; 124 -&gt; 442 -&gt;   Toplam : 781
215 -&gt; 124 -&gt; 442 -&gt;   Toplam : 781
215 -&gt; 124 -&gt; 442 -&gt;   Toplam : 781
215 -&gt; 124 -&gt; 442 -&gt;   Toplam : 781
215 -&gt; 124 -&gt; 442 -&gt;   Toplam : 781
215 -&gt; 124 -&gt; 442 -&gt;   Toplam : 781
215 -&gt; 124 -&gt; 442 -&gt;   Toplam : 781
215 -&gt; 124 -&gt; 442 -&gt;   Toplam : 781
215 -&gt; 124 -&gt; 442 -&gt;   Toplam : 781
215 -&gt; 124 -&gt; 442 -&gt;   Toplam : 781
215 -&gt; 124 -&gt; 442 -&gt;   Toplam : 781
215 -&gt; 124 -&gt; 442 -&gt;   Toplam : 781
215 -&gt; 124 -&gt; 442 -&gt;   Toplam : 781
215 -&gt; 124 -&gt; 442 -&gt;   Toplam : 781
215 -&gt; 124 -&gt; 442 -&gt;   Toplam : 781
215 -&gt; 124 -&gt; 442 -&gt;   Toplam : 781
215 -&gt; 124 -&gt; 442 -&gt;   Toplam : 781
215 -&gt; 124 -&gt; 442 -&gt;   Toplam : 781
215 -&gt; 124 -&gt; 442 -&gt;   Toplam : 781
215 -&gt; 124 -&gt; 442 -&gt;   Toplam : 781
215 -&gt; 124 -&gt; 442 -&gt;   Toplam : 781
215 -&gt; 124 -&gt; 442 -&gt;   Toplam : 781
215 -&gt; 124 -&gt; 442 -&gt;   Toplam : 781
215 -&gt; 124 -&gt; 442 -&gt;   Toplam : 781
215 -&gt; 124 -&gt; 442 -&gt;   Toplam : 781
215 -&gt; 124 -&gt; 442 -&gt;   Toplam : 781
215 -&gt; 124 -&gt; 442 -&gt;   Toplam : 781
215 -&gt; 124 -&gt; 442 -&gt;   Toplam : 781
215 -&gt; 124 -&gt; 442 -&gt;   Toplam : 781
215 -&gt; 124 -&gt; 442 -&gt;   Toplam : 781
215 -&gt; 124 -&gt; 442 -&gt;   Toplam : 781
215 -&gt; 124 -&gt; 442 -&gt;   Toplam : 781
215 -&gt; 124 -&gt; 442 -&gt;   Toplam : 781
215 -&gt; 124 -&gt; 442 -&gt;   Toplam : 781
215 -&gt; 124 -&gt; 442 -&gt;   Toplam : 781
215 -&gt; 124 -&gt; 442 -&gt;   Toplam : 781
215 -&gt; 124 -&gt; 442 -&gt;   Toplam : 781
215 -&gt; 124 -&gt; 442 -&gt;   Toplam : 781
215 -&gt; 124 -&gt; 442 -&gt;   Toplam : 781
215 -&gt; 124 -&gt; 442 -&gt;   Toplam : 781
215 -&gt; 124 -&gt; 442 -&gt;   Toplam : 781
215 -&gt; 124 -&gt; 442 -&gt;   Toplam : 781
215 -&gt; 124 -&gt; 442 -&gt;   Toplam : 781
215 -&gt; 124 -&gt; 442 -&gt;   Toplam : 781
215 -&gt; 124 -&gt; 442 -&gt;   Toplam : 781
215 -&gt; 124 -&gt; 442 -&gt;   Toplam : 781
215 -&gt; 124 -&gt; 442 -&gt;   Toplam : 781
215 -&gt; 124 -&gt; 442 -&gt;   Toplam : 781
215 -&gt; 124 -&gt; 442 -&gt;   Toplam : 781
215 -&gt; 124 -&gt; 442 -&gt;   Toplam : 781
215 -&gt; 124 -&gt; 442 -&gt;   Toplam : 781
215 -&gt; 124 -&gt; 442 -&gt;   Toplam : 781
215 -&gt; 124 -&gt; 442 -&gt;   Toplam : 781
215 -&gt; 124 -&gt; 442 -&gt;   Toplam : 781
215 -&gt; 124 -&gt; 442 -&gt;   Toplam : 781
215 -&gt; 124 -&gt; 442 -&gt;   Toplam : 781
215 -&gt; 124 -&gt; 442 -&gt;   Toplam : 781
215 -&gt; 124 -&gt; 442 -&gt;   Toplam : 781
215 -&gt; 124 -&gt; 442 -&gt;   Toplam : 781
215 -&gt; 124 -&gt; 442 -&gt;   Toplam : 781
215 -&gt; 124 -&gt; 442 -&gt;   Toplam : 781
215 -&gt; 124 -&gt; 442 -&gt;   Toplam : 781
215 -&gt; 124 -&gt; 442 -&gt;   Toplam : 781
215 -&gt; 124 -&gt; 442 -&gt;   Toplam : 781
215 -&gt; 124 -&gt; 442 -&gt;   Toplam : 781
215 -&gt; 124 -&gt; 442 -&gt;   Toplam : 781
215 -&gt; 124 -&gt; 442 -&gt;   Toplam : 781
215 -&gt; 124 -&gt; 442 -&gt;   Toplam : 781
215 -&gt; 124 -&gt; 442 -&gt;   Toplam : 781
215 -&gt; 124 -&gt; 442 -&gt;   Toplam : 781
215 -&gt; 124 -&gt; 442 -&gt;   Toplam : 781
215 -&gt; 124 -&gt; 442 -&gt;   Toplam : 781
215 -&gt; 124 -&gt; 442 -&gt;   Toplam : 781
215 -&gt; 124 -&gt; 442 -&gt;   Toplam : 781
215 -&gt; 124 -&gt; 442 -&gt;   Toplam : 781
215 -&gt; 124 -&gt; 442 -&gt;   Toplam : 781
215 -&gt; 124 -&gt; 442 -&gt;   Toplam : 781
215 -&gt; 124 -&gt; 442 -&gt;   Toplam : 781
215 -&gt; 124 -&gt; 442 -&gt;   Toplam : 781
215 -&gt; 124 -&gt; 442 -&gt;   Toplam : 781
215 -&gt; 124 -&gt; 442 -&gt;   Toplam : 781
215 -&gt; 124 -&gt; 442 -&gt;   Toplam : 781
215 -&gt; 124 -&gt; 442 -&gt;   Toplam : 781
215 -&gt; 124 -&gt; 442 -&gt;   Toplam : 781
215 -&gt; 124 -&gt; 442 -&gt;   Toplam : 781
215 -&gt; 124 -&gt; 442 -&gt;   Toplam : 781
215 -&gt; 124 -&gt; 442 -&gt;   Toplam : 781
215 -&gt; 124 -&gt; 442 -&gt;   Toplam : 781
215 -&gt; 124 -&gt; 442 -&gt;   Toplam : 781
215 -&gt; 124 -&gt; 442 -&gt;   Toplam : 781
215 -&gt; 124 -&gt; 442 -&gt;   Toplam : 781
215 -&gt; 124 -&gt; 442 -&gt;   Toplam : 781
215 -&gt; 124 -&gt; 442 -&gt;   Toplam : 781
215 -&gt; 124 -&gt; 442 -&gt;   Toplam : 781
215 -&gt; 124 -&gt; 442 -&gt;   Toplam : 781
215 -&gt; 124 -&gt; 442 -&gt;   Toplam : 781
215 -&gt; 124 -&gt; 442 -&gt;   Toplam : 781
215 -&gt; 124 -&gt; 442 -&gt;   Toplam : 781
215 -&gt; 124 -&gt; 442 -&gt;   Toplam : 781
215 -&gt; 124 -&gt; 442 -&gt;   Toplam : 781
215 -&gt; 124 -&gt; 442 -&gt;   Toplam : 781
215 -&gt; 124 -&gt; 442 -&gt;   Toplam : 781
215 -&gt; 124 -&gt; 442 -&gt;   Toplam : 781
215 -&gt; 124 -&gt; 442 -&gt;   Toplam : 781
215 -&gt; 124 -&gt; 442 -&gt;   Toplam : 781
215 -&gt; 124 -&gt; 442 -&gt;   Toplam : 781
215 -&gt; 124 -&gt; 442 -&gt;   Toplam : 781
215 -&gt; 124 -&gt; 442 -&gt;   Toplam : 781
215 -&gt; 124 -&gt; 442 -&gt;   Toplam : 781
215 -&gt; 124 -&gt; 442 -&gt;   Toplam : 781
215 -&gt; 124 -&gt; 442 -&gt;   Toplam : 781
215 -&gt; 124 -&gt; 442 -&gt;   Toplam : 781
215 -&gt; 124 -&gt; 442 -&gt;   Toplam : 781
215 -&gt; 124 -&gt; 442 -&gt;   Toplam : 781
215 -&gt; 124 -&gt; 442 -&gt;   Toplam : 781
215 -&gt; 124 -&gt; 442 -&gt;   Toplam : 781
215 -&gt; 124 -&gt; 442 -&gt;   Toplam : 781
215 -&gt; 124 -&gt; 442 -&gt;   Toplam : 781
215 -&gt; 124 -&gt; 442 -&gt;   Toplam : 781
215 -&gt; 124 -&gt; 442 -&gt;   Toplam : 781
215 -&gt; 124 -&gt; 442 -&gt;   Toplam : 781
215 -&gt; 124 -&gt; 442 -&gt;   Toplam : 781
215 -&gt; 124 -&gt; 442 -&gt;   Toplam : 781
215 -&gt; 124 -&gt; 442 -&gt;   Toplam : 781
215 -&gt; 124 -&gt; 442 -&gt;   Toplam : 781
215 -&gt; 124 -&gt; 442 -&gt;   Toplam : 781
215 -&gt; 124 -&gt; 442 -&gt;   Toplam : 781
215 -&gt; 124 -&gt; 442 -&gt;   Toplam : 781
215 -&gt; 124 -&gt; 442 -&gt;   Toplam : 781
215 -&gt; 124 -&gt; 442 -&gt;   Toplam : 781
215 -&gt; 124 -&gt; 442 -&gt;   Toplam : 781
215 -&gt; 124 -&gt; 442 -&gt;   Toplam : 781
215 -&gt; 124 -&gt; 442 -&gt;   Toplam : 781
215 -&gt; 124 -&gt; 442 -&gt;   Toplam : 781
215 -&gt; 124 -&gt; 442 -&gt;   Toplam : 781
215 -&gt; 124 -&gt; 442 -&gt;   Toplam : 781
215 -&gt; 124 -&gt; 442 -&gt;   Toplam : 781
215 -&gt; 124 -&gt; 442 -&gt;   Toplam : 781
215 -&gt; 124 -&gt; 442 -&gt;   Toplam : 781
215 -&gt; 124 -&gt; 442 -&gt;   Toplam : 781
215 -&gt; 124 -&gt; 442 -&gt;   Toplam : 781
215 -&gt; 124 -&gt; 442 -&gt;   Toplam : 781
215 -&gt; 124 -&gt; 442 -&gt;   Toplam : 781
215 -&gt; 124 -&gt; 442 -&gt;   Toplam : 781
215 -&gt; 124 -&gt; 442 -&gt;   Toplam : 781
215 -&gt; 124 -&gt; 442 -&gt;   Toplam : 781
215 -&gt; 124 -&gt; 442 -&gt;   Toplam : 781
215 -&gt; 124 -&gt; 442 -&gt;   Toplam : 781
215 -&gt; 124 -&gt; 442 -&gt;   Toplam : 781
215 -&gt; 124 -&gt; 442 -&gt;   Toplam : 781
215 -&gt; 124 -&gt; 442 -&gt;   Toplam : 781
215 -&gt; 124 -&gt; 442 -&gt;   Toplam : 781
215 -&gt; 124 -&gt; 442 -&gt;   Toplam : 781
215 -&gt; 124 -&gt; 442 -&gt;   Toplam : 781
215 -&gt; 124 -&gt; 442 -&gt;   Toplam : 781
215 -&gt; 124 -&gt; 442 -&gt;   Toplam : 781
215 -&gt; 124 -&gt; 442 -&gt;   Toplam : 781
215 -&gt; 124 -&gt; 442 -&gt;   Toplam : 781
215 -&gt; 124 -&gt; 442 -&gt;   Toplam : 781
215 -&gt; 124 -&gt; 442 -&gt;   Toplam : 781
215 -&gt; 124 -&gt; 442 -&gt;   Toplam : 781
215 -&gt; 124 -&gt; 442 -&gt;   Toplam : 781
215 -&gt; 124 -&gt; 442 -&gt;   Toplam : 781
215 -&gt; 124 -&gt; 442 -&gt;   Toplam : 781
215 -&gt; 124 -&gt; 442 -&gt;   Toplam : 781
215 -&gt; 124 -&gt; 442 -&gt;   Toplam : 781
215 -&gt; 124 -&gt; 442 -&gt;   Toplam : 781
215 -&gt; 124 -&gt; 442 -&gt;   Toplam : 781
215 -&gt; 124 -&gt; 442 -&gt;   Toplam : 781
215 -&gt; 124 -&gt; 442 -&gt;   Toplam : 781
215 -&gt; 124 -&gt; 442 -&gt;   Toplam : 781
215 -&gt; 124 -&gt; 442 -&gt;   Toplam : 781
215 -&gt; 124 -&gt; 442 -&gt;   Toplam : 781
215 -&gt; 124 -&gt; 442 -&gt;   Toplam : 781
215 -&gt; 124 -&gt; 442 -&gt;   Toplam : 781
215 -&gt; 124 -&gt; 442 -&gt;   Toplam : 781
215 -&gt; 124 -&gt; 442 -&gt;   Toplam : 781
215 -&gt; 124 -&gt; 442 -&gt;   Toplam : 781
215 -&gt; 124 -&gt; 442 -&gt;   Toplam : 781
215 -&gt; 124 -&gt; 442 -&gt;   Toplam : 781
215 -&gt; 124 -&gt; 442 -&gt;   Toplam : 781
215 -&gt; 124 -&gt; 442 -&gt;   Toplam : 781
215 -&gt; 124 -&gt; 442 -&gt;   Toplam : 781
215 -&gt; 124 -&gt; 442 -&gt;   Toplam : 781
215 -&gt; 124 -&gt; 442 -&gt;   Toplam : 781
215 -&gt; 124 -&gt; 442 -&gt;   Toplam : 781
215 -&gt; 124 -&gt; 442 -&gt;   Toplam : 781
215 -&gt; 124 -&gt; 442 -&gt;   Toplam : 781
215 -&gt; 124 -&gt; 442 -&gt;   Toplam : 781
215 -&gt; 124 -&gt; 442 -&gt;   Toplam : 781
215 -&gt; 124 -&gt; 442 -&gt;   Toplam : 781
215 -&gt; 124 -&gt; 442 -&gt;   Toplam : 781
215 -&gt; 124 -&gt; 442 -&gt;   Toplam : 781
215 -&gt; 124 -&gt; 442 -&gt;   Toplam : 781
215 -&gt; 124 -&gt; 442 -&gt;   Toplam : 781
215 -&gt; 124 -&gt; 442 -&gt;   Toplam : 781
215 -&gt; 124 -&gt; 442 -&gt;   Toplam : 781
215 -&gt; 124 -&gt; 442 -&gt;   Toplam : 781
215 -&gt; 124 -&gt; 442 -&gt;   Toplam : 781
215 -&gt; 124 -&gt; 442 -&gt;   Toplam : 781
215 -&gt; 124 -&gt; 442 -&gt;   Toplam : 781
215 -&gt; 124 -&gt; 442 -&gt;   Toplam : 781
215 -&gt; 124 -&gt; 442 -&gt;   Toplam : 781
215 -&gt; 124 -&gt; 442 -&gt;   Toplam : 781
215 -&gt; 124 -&gt; 442 -&gt;   Toplam : 781
215 -&gt; 124 -&gt; 442 -&gt;   Toplam : 781
215 -&gt; 124 -&gt; 442 -&gt;   Toplam : 781
215 -&gt; 124 -&gt; 442 -&gt;   Toplam : 781
215 -&gt; 124 -&gt; 442 -&gt;   Toplam : 781
215 -&gt; 124 -&gt; 442 -&gt;   Toplam : 781
215 -&gt; 124 -&gt; 442 -&gt;   Toplam : 781
215 -&gt; 124 -&gt; 442 -&gt;   Toplam : 781
215 -&gt; 124 -&gt; 442 -&gt;   Toplam : 781
215 -&gt; 124 -&gt; 442 -&gt;   Toplam : 781
215 -&gt; 124 -&gt; 442 -&gt;   Toplam : 781
215 -&gt; 124 -&gt; 442 -&gt;   Toplam : 781
215 -&gt; 124 -&gt; 442 -&gt;   Toplam : 781
215 -&gt; 124 -&gt; 442 -&gt;   Toplam : 781
215 -&gt; 124 -&gt; 442 -&gt;   Toplam : 781
215 -&gt; 124 -&gt; 442 -&gt;   Toplam : 781
215 -&gt; 124 -&gt; 442 -&gt;   Toplam : 781
215 -&gt; 124 -&gt; 442 -&gt;   Toplam : 781
215 -&gt; 124 -&gt; 442 -&gt;   Toplam : 781
215 -&gt; 124 -&gt; 442 -&gt;   Toplam : 781
215 -&gt; 124 -&gt; 442 -&gt;   Toplam : 781
215 -&gt; 124 -&gt; 442 -&gt;   Toplam : 781
215 -&gt; 124 -&gt; 442 -&gt;   Toplam : 781
215 -&gt; 124 -&gt; 442 -&gt;   Toplam : 781
215 -&gt; 124 -&gt; 442 -&gt;   Toplam : 781
215 -&gt; 124 -&gt; 442 -&gt;   Toplam : 781
215 -&gt; 124 -&gt; 442 -&gt;   Toplam : 781
215 -&gt; 124 -&gt; 442 -&gt;   Toplam : 781
215 -&gt; 124 -&gt; 442 -&gt;   Toplam : 781
215 -&gt; 124 -&gt; 442 -&gt;   Toplam : 781
215 -&gt; 124 -&gt; 442 -&gt;   Toplam : 781
215 -&gt; 124 -&gt; 442 -&gt;   Toplam : 781
215 -&gt; 124 -&gt; 442 -&gt;   Toplam : 781
215 -&gt; 124 -&gt; 442 -&gt;   Toplam : 781
215 -&gt; 124 -&gt; 442 -&gt;   Toplam : 781
215 -&gt; 124 -&gt; 442 -&gt;   Toplam : 781
215 -&gt; 124 -&gt; 442 -&gt;   Toplam : 781
215 -&gt; 124 -&gt; 442 -&gt;   Toplam : 781
215 -&gt; 124 -&gt; 442 -&gt;   Toplam : 781
215 -&gt; 124 -&gt; 442 -&gt;   Toplam : 781
215 -&gt; 124 -&gt; 442 -&gt;   Toplam : 781
215 -&gt; 124 -&gt; 442 -&gt;   Toplam : 781
215 -&gt; 124 -&gt; 442 -&gt;   Toplam : 781
215 -&gt; 124 -&gt; 442 -&gt;   Toplam : 781
215 -&gt; 124 -&gt; 442 -&gt;   Toplam : 781
215 -&gt; 124 -&gt; 442 -&gt;   Toplam : 781
215 -&gt; 124 -&gt; 442 -&gt;   Toplam : 781
215 -&gt; 124 -&gt; 442 -&gt;   Toplam : 781
215 -&gt; 124 -&gt; 442 -&gt;   Toplam : 781
215 -&gt; 124 -&gt; 442 -&gt;   Toplam : 781
215 -&gt; 124 -&gt; 442 -&gt;   Toplam : 781
215 -&gt; 124 -&gt; 442 -&gt;   Toplam : 781
215 -&gt; 124 -&gt; 442 -&gt;   Toplam : 781
215 -&gt; 124 -&gt; 442 -&gt;   Toplam : 781
215 -&gt; 124 -&gt; 442 -&gt;   Toplam : 781
215 -&gt; 124 -&gt; 442 -&gt;   Toplam : 781
215 -&gt; 124 -&gt; 442 -&gt;   Toplam : 781
215 -&gt; 124 -&gt; 442 -&gt;   Toplam : 781
215 -&gt; 124 -&gt; 442 -&gt;   Toplam : 781
215 -&gt; 124 -&gt; 442 -&gt;   Toplam : 781
215 -&gt; 124 -&gt; 442 -&gt;   Toplam : 781
215 -&gt; 124 -&gt; 442 -&gt;   Toplam : 781
215 -&gt; 124 -&gt; 442 -&gt;   Toplam : 781
215 -&gt; 124 -&gt; 442 -&gt;   Toplam : 781
215 -&gt; 124 -&gt; 442 -&gt;   Toplam : 781
215 -&gt; 124 -&gt; 442 -&gt;   Toplam : 781
215 -&gt; 124 -&gt; 442 -&gt;   Toplam : 781
215 -&gt; 124 -&gt; 442 -&gt;   Toplam : 781
215 -&gt; 124 -&gt; 442 -&gt;   Toplam : 781
215 -&gt; 124 -&gt; 442 -&gt;   Toplam : 781
215 -&gt; 124 -&gt; 442 -&gt;   Toplam : 781
215 -&gt; 124 -&gt; 442 -&gt;   Toplam : 781
215 -&gt; 124 -&gt; 442 -&gt;   Toplam : 781
215 -&gt; 124 -&gt; 442 -&gt;   Toplam : 781
215 -&gt; 124 -&gt; 442 -&gt;   Toplam : 781
215 -&gt; 124 -&gt; 442 -&gt;   Toplam : 781
215 -&gt; 124 -&gt; 442 -&gt;   Toplam : 781
215 -&gt; 124 -&gt; 442 -&gt;   Toplam : 781
215 -&gt; 124 -&gt; 442 -&gt;   Toplam : 781
215 -&gt; 124 -&gt; 442 -&gt;   Toplam : 781
215 -&gt; 124 -&gt; 442 -&gt;   Toplam : 781
215 -&gt; 124 -&gt; 442 -&gt;   Toplam : 781
215 -&gt; 124 -&gt; 442 -&gt;   Toplam : 781
215 -&gt; 124 -&gt; 442 -&gt;   Toplam : 781
215 -&gt; 124 -&gt; 442 -&gt;   Toplam : 781
215 -&gt; 124 -&gt; 442 -&gt;   Toplam : 781
215 -&gt; 124 -&gt; 442 -&gt;   Toplam : 781
215 -&gt; 124 -&gt; 442 -&gt;   Toplam : 781
215 -&gt; 124 -&gt; 442 -&gt;   Toplam : 781
215 -&gt; 124 -&gt; 442 -&gt;   Toplam : 781
215 -&gt; 124 -&gt; 442 -&gt;   Toplam : 781
215 -&gt; 124 -&gt; 442 -&gt;   Toplam : 781
215 -&gt; 124 -&gt; 442 -&gt;   Toplam : 781
215 -&gt; 124 -&gt; 442 -&gt;   Toplam : 781
215 -&gt; 124 -&gt; 442 -&gt;   Toplam : 781
215 -&gt; 124 -&gt; 442 -&gt;   Toplam : 781
215 -&gt; 124 -&gt; 442 -&gt;   Toplam : 781
215 -&gt; 124 -&gt; 442 -&gt;   Toplam : 781
215 -&gt; 124 -&gt; 442 -&gt;   Toplam : 781
215 -&gt; 124 -&gt; 442 -&gt;   Toplam : 781
215 -&gt; 124 -&gt; 442 -&gt;   Toplam : 781
215 -&gt; 124 -&gt; 442 -&gt;   Toplam : 781
215 -&gt; 124 -&gt; 442 -&gt;   Toplam : 781
215 -&gt; 124 -&gt; 442 -&gt;   Toplam : 781
215 -&gt; 124 -&gt; 442 -&gt;   Toplam : 781
215 -&gt; 124 -&gt; 442 -&gt;   Toplam : 781
215 -&gt; 124 -&gt; 442 -&gt;   Toplam : 781
215 -&gt; 124 -&gt; 442 -&gt;   Toplam : 781
215 -&gt; 124 -&gt; 442 -&gt;   Toplam : 781
215 -&gt; 124 -&gt; 442 -&gt;   Toplam : 781
215 -&gt; 124 -&gt; 442 -&gt;   Toplam : 781
215 -&gt; 124 -&gt; 442 -&gt;   Toplam : 781
215 -&gt; 124 -&gt; 442 -&gt;   Toplam : 781
215 -&gt; 124 -&gt; 442 -&gt;   Toplam : 781
215 -&gt; 124 -&gt; 442 -&gt;   Toplam : 781
215 -&gt; 124 -&gt; 442 -&gt;   Toplam : 781
215 -&gt; 124 -&gt; 442 -&gt;   Toplam : 781
215 -&gt; 124 -&gt; 442 -&gt;   Toplam : 781
215 -&gt; 124 -&gt; 442 -&gt;   Toplam : 781
215 -&gt; 124 -&gt; 442 -&gt;   Toplam : 781
215 -&gt; 124 -&gt; 442 -&gt;   Toplam : 781
215 -&gt; 124 -&gt; 442 -&gt;   Toplam : 781
215 -&gt; 124 -&gt; 442 -&gt;   Toplam : 781
215 -&gt; 124 -&gt; 442 -&gt;   Toplam : 781
215 -&gt; 124 -&gt; 442 -&gt;   Toplam : 781
215 -&gt; 124 -&gt; 442 -&gt;   Toplam : 781
215 -&gt; 124 -&gt; 442 -&gt;   Toplam : 781
215 -&gt; 124 -&gt; 442 -&gt;   Toplam : 781
215 -&gt; 124 -&gt; 442 -&gt;   Toplam : 781
215 -&gt; 124 -&gt; 442 -&gt;   Toplam : 781
215 -&gt; 124 -&gt; 442 -&gt;   Toplam : 781
215 -&gt; 124 -&gt; 442 -&gt;   Toplam : 781
215 -&gt; 124 -&gt; 442 -&gt;   Toplam : 781
215 -&gt; 124 -&gt; 442 -&gt;   Toplam : 781
215 -&gt; 124 -&gt; 442 -&gt;   Toplam : 781
215 -&gt; 124 -&gt; 442 -&gt;   Toplam : 781
215 -&gt; 124 -&gt; 442 -&gt;   Toplam : 781
215 -&gt; 124 -&gt; 442 -&gt;   Toplam : 781
215 -&gt; 124 -&gt; 442 -&gt;   Toplam : 781
215 -&gt; 124 -&gt; 442 -&gt;   Toplam : 781
215 -&gt; 124 -&gt; 442 -&gt;   Toplam : 781
215 -&gt; 124 -&gt; 442 -&gt;   Toplam : 781
215 -&gt; 124 -&gt; 442 -&gt;   Toplam : 781
215 -&gt; 124 -&gt; 442 -&gt;   Toplam : 781
215 -&gt; 124 -&gt; 442 -&gt;   Toplam : 781
215 -&gt; 124 -&gt; 442 -&gt;   Toplam : 781
215 -&gt; 124 -&gt; 442 -&gt;   Toplam : 781
215 -&gt; 124 -&gt; 442 -&gt;   Toplam : 781
215 -&gt; 124 -&gt; 442 -&gt;   Toplam : 781
215 -&gt; 124 -&gt; 442 -&gt;   Toplam : 781
215 -&gt; 124 -&gt; 442 -&gt;   Toplam : 781
215 -&gt; 124 -&gt; 442 -&gt;   Toplam : 781
215 -&gt; 124 -&gt; 442 -&gt;   Toplam : 781
215 -&gt; 124 -&gt; 442 -&gt;   Toplam : 781
215 -&gt; 124 -&gt; 442 -&gt;   Toplam : 781
215 -&gt; 124 -&gt; 442 -&gt;   Toplam : 781
215 -&gt; 124 -&gt; 442 -&gt;   Toplam : 781
215 -&gt; 124 -&gt; 442 -&gt;   Toplam : 781
215 -&gt; 124 -&gt; 442 -&gt;   Toplam : 781
215 -&gt; 124 -&gt; 442 -&gt;   Toplam : 781
215 -&gt; 124 -&gt; 442 -&gt;   Toplam : 781
215 -&gt; 124 -&gt; 442 -&gt;   Toplam : 781
215 -&gt; 124 -&gt; 442 -&gt;   Toplam : 781
215 -&gt; 124 -&gt; 442 -&gt;   Toplam : 781
215 -&gt; 124 -&gt; 442 -&gt;   Toplam : 781
215 -&gt; 124 -&gt; 442 -&gt;   Toplam : 781
215 -&gt; 124 -&gt; 442 -&gt;   Toplam : 781
215 -&gt; 124 -&gt; 442 -&gt;   Toplam : 781
215 -&gt; 124 -&gt; 442 -&gt;   Toplam : 781
215 -&gt; 124 -&gt; 442 -&gt;   Toplam : 781
215 -&gt; 124 -&gt; 442 -&gt;   Toplam : 781
215 -&gt; 124 -&gt; 442 -&gt;   Toplam : 781
215 -&gt; 124 -&gt; 442 -&gt;   Toplam : 781
215 -&gt; 124 -&gt; 442 -&gt;   Toplam : 781
215 -&gt; 124 -&gt; 442 -&gt;   Toplam : 781
215 -&gt; 124 -&gt; 442 -&gt;   Toplam : 781
215 -&gt; 124 -&gt; 442 -&gt;   Toplam : 781
215 -&gt; 124 -&gt; 442 -&gt;   Toplam : 781
215 -&gt; 124 -&gt; 442 -&gt;   Toplam : 781
215 -&gt; 124 -&gt; 442 -&gt;   Toplam : 781
215 -&gt; 124 -&gt; 442 -&gt;   Toplam : 781
215 -&gt; 124 -&gt; 442 -&gt;   Toplam : 781
215 -&gt; 124 -&gt; 442 -&gt;   Toplam : 781
215 -&gt; 124 -&gt; 442 -&gt;   Toplam : 781
215 -&gt; 124 -&gt; 442 -&gt;   Toplam : 781
215 -&gt; 124 -&gt; 442 -&gt;   Toplam : 781
215 -&gt; 124 -&gt; 442 -&gt;   Toplam : 781
215 -&gt; 124 -&gt; 442 -&gt;   Toplam : 781
215 -&gt; 124 -&gt; 442 -&gt;   Toplam : 781
215 -&gt; 124 -&gt; 442 -&gt;   Toplam : 781
215 -&gt; 124 -&gt; 442 -&gt;   Toplam : 781
215 -&gt; 124 -&gt; 442 -&gt;   Toplam : 781
215 -&gt; 124 -&gt; 442 -&gt;   Toplam : 781
215 -&gt; 124 -&gt; 442 -&gt;   Toplam : 781
215 -&gt; 124 -&gt; 442 -&gt;   Toplam : 781
215 -&gt; 124 -&gt; 442 -&gt;   Toplam : 781
215 -&gt; 124 -&gt; 442 -&gt;   Toplam : 781
215 -&gt; 124 -&gt; 442 -&gt;   Toplam : 781
215 -&gt; 124 -&gt; 442 -&gt;   Toplam : 781
215 -&gt; 124 -&gt; 442 -&gt;   Toplam : 781
215 -&gt; 124 -&gt; 442 -&gt;   Toplam : 781
215 -&gt; 124 -&gt; 442 -&gt;   Toplam : 781
215 -&gt; 124 -&gt; 442 -&gt;   Toplam : 781
215 -&gt; 124 -&gt; 442 -&gt;   Toplam : 781
215 -&gt; 124 -&gt; 442 -&gt;   Toplam : 781
215 -&gt; 124 -&gt; 442 -&gt;   Toplam : 781
215 -&gt; 124 -&gt; 442 -&gt;   Toplam : 781
215 -&gt; 124 -&gt; 442 -&gt;   Toplam : 781
215 -&gt; 124 -&gt; 442 -&gt;   Toplam : 781
215 -&gt; 124 -&gt; 442 -&gt;   Toplam : 781
215 -&gt; 124 -&gt; 442 -&gt;   Toplam : 781
215 -&gt; 124 -&gt; 442 -&gt;   Toplam : 781
215 -&gt; 124 -&gt; 442 -&gt;   Toplam : 781
215 -&gt; 124 -&gt; 442 -&gt;   Toplam : 781
215 -&gt; 124 -&gt; 442 -&gt;   Toplam : 781
215 -&gt; 124 -&gt; 442 -&gt;   Toplam : 781
215 -&gt; 124 -&gt; 442 -&gt;   Toplam : 781
215 -&gt; 124 -&gt; 442 -&gt;   Toplam : 781
215 -&gt; 124 -&gt; 442 -&gt;   Toplam : 781
215 -&gt; 124 -&gt; 442 -&gt;   Toplam : 781
215 -&gt; 124 -&gt; 442 -&gt;   Toplam : 781
215 -&gt; 124 -&gt; 442 -&gt;   Toplam : 781
215 -&gt; 124 -&gt; 442 -&gt;   Toplam : 781
215 -&gt; 124 -&gt; 442 -&gt;   Toplam : 781
215 -&gt; 124 -&gt; 442 -&gt;   Toplam : 781
215 -&gt; 124 -&gt; 442 -&gt;   Toplam : 781
215 -&gt; 124 -&gt; 442 -&gt;   Toplam : 781
215 -&gt; 124 -&gt; 442 -&gt;   Toplam : 781
215 -&gt; 124 -&gt; 442 -&gt;   Toplam : 781
215 -&gt; 124 -&gt; 442 -&gt;   Toplam : 781
215 -&gt; 124 -&gt; 442 -&gt;   Toplam : 781
215 -&gt; 124 -&gt; 442 -&gt;   Toplam : 781
215 -&gt; 124 -&gt; 442 -&gt;   Toplam : 781
215 -&gt; 124 -&gt; 442 -&gt;   Toplam : 781
215 -&gt; 124 -&gt; 442 -&gt;   Toplam : 781
215 -&gt; 124 -&gt; 442 -&gt;   Toplam : 781
215 -&gt; 124 -&gt; 442 -&gt;   Toplam : 781
215 -&gt; 124 -&gt; 442 -&gt;   Toplam : 781
215 -&gt; 124 -&gt; 442 -&gt;   Toplam : 781
215 -&gt; 124 -&gt; 442 -&gt;   Toplam : 781
215 -&gt; 124 -&gt; 442 -&gt;   Toplam : 781
215 -&gt; 124 -&gt; 442 -&gt;   Toplam : 781
215 -&gt; 124 -&gt; 442 -&gt;   Toplam : 781
215 -&gt; 124 -&gt; 442 -&gt;   Toplam : 781
215 -&gt; 124 -&gt; 442 -&gt;   Toplam : 781
215 -&gt; 124 -&gt; 442 -&gt;   Toplam : 781
215 -&gt; 124 -&gt; 442 -&gt;   Toplam : 781
215 -&gt; 124 -&gt; 442 -&gt;   Toplam : 781
215 -&gt; 124 -&gt; 442 -&gt;   Toplam : 781
215 -&gt; 124 -&gt; 442 -&gt;   Toplam : 781
215 -&gt; 124 -&gt; 442 -&gt;   Toplam : 781
215 -&gt; 124 -&gt; 442 -&gt;   Toplam : 781
215 -&gt; 124 -&gt; 442 -&gt;   Toplam : 781
215 -&gt; 124 -&gt; 442 -&gt;   Toplam : 781
215 -&gt; 124 -&gt; 442 -&gt;   Toplam : 781
215 -&gt; 124 -&gt; 442 -&gt;   Toplam : 781
215 -&gt; 124 -&gt; 442 -&gt;   Toplam : 781
215 -&gt; 124 -&gt; 442 -&gt;   Toplam : 781
215 -&gt; 124 -&gt; 442 -&gt;   Toplam : 781
215 -&gt; 124 -&gt; 442 -&gt;   Toplam : 781
215 -&gt; 124 -&gt; 442 -&gt;   Toplam : 781
215 -&gt; 124 -&gt; 442 -&gt;   Toplam : 781
215 -&gt; 124 -&gt; 442 -&gt;   Toplam : 781
215 -&gt; 124 -&gt; 442 -&gt;   Toplam : 781
215 -&gt; 124 -&gt; 442 -&gt;   Toplam : 781
215 -&gt; 124 -&gt; 442 -&gt;   Toplam : 781
215 -&gt; 124 -&gt; 442 -&gt;   Toplam : 781
215 -&gt; 124 -&gt; 442 -&gt;   Toplam : 781
215 -&gt; 124 -&gt; 442 -&gt;   Toplam : 781
215 -&gt; 124 -&gt; 442 -&gt;   Toplam : 781
215 -&gt; 124 -&gt; 442 -&gt;   Toplam : 781
215 -&gt; 124 -&gt; 442 -&gt;   Toplam : 781
215 -&gt; 124 -&gt; 442 -&gt;   Toplam : 781
215 -&gt; 124 -&gt; 442 -&gt;   Toplam : 781
215 -&gt; 124 -&gt; 442 -&gt;   Toplam : 781
215 -&gt; 124 -&gt; 442 -&gt;   Toplam : 781
215 -&gt; 124 -&gt; 442 -&gt;   Toplam : 781
215 -&gt; 124 -&gt; 442 -&gt;   Toplam : 781
215 -&gt; 124 -&gt; 442 -&gt;   Toplam : 781
215 -&gt; 124 -&gt; 442 -&gt;   Toplam : 781
215 -&gt; 124 -&gt; 442 -&gt;   Toplam : 781
215 -&gt; 124 -&gt; 442 -&gt;   Toplam : 781
215 -&gt; 124 -&gt; 442 -&gt;   Toplam : 781
215 -&gt; 124 -&gt; 442 -&gt;   Toplam : 781
215 -&gt; 124 -&gt; 442 -&gt;   Toplam : 781
215 -&gt; 124 -&gt; 442 -&gt;   Toplam : 781
215 -&gt; 124 -&gt; 442 -&gt;   Toplam : 781
215 -&gt; 124 -&gt; 442 -&gt;   Toplam : 781
215 -&gt; 124 -&gt; 442 -&gt;   Toplam : 781
215 -&gt; 124 -&gt; 442 -&gt;   Toplam : 781
215 -&gt; 124 -&gt; 442 -&gt;   Toplam : 781
215 -&gt; 124 -&gt; 442 -&gt;   Toplam : 781
215 -&gt; 124 -&gt; 442 -&gt;   Toplam : 781
215 -&gt; 124 -&gt; 442 -&gt;   Toplam : 781
215 -&gt; 124 -&gt; 442 -&gt;   Toplam : 781
215 -&gt; 124 -&gt; 442 -&gt;   Toplam : 781
215 -&gt; 124 -&gt; 442 -&gt;   Toplam : 781
215 -&gt; 124 -&gt; 442 -&gt;   Toplam : 781
215 -&gt; 124 -&gt; 442 -&gt;   Toplam : 781
215 -&gt; 124 -&gt; 442 -&gt;   Toplam : 781
215 -&gt; 124 -&gt; 442 -&gt;   Toplam : 781
215 -&gt; 124 -&gt; 442 -&gt;   Toplam : 781
215 -&gt; 124 -&gt; 442 -&gt;   Toplam : 781
215 -&gt; 124 -&gt; 442 -&gt;   Toplam : 781
215 -&gt; 124 -&gt; 442 -&gt;   Toplam : 781
215 -&gt; 124 -&gt; 442 -&gt;   Toplam : 781
215 -&gt; 124 -&gt; 442 -&gt;   Toplam : 781
215 -&gt; 124 -&gt; 442 -&gt;   Toplam : 781
215 -&gt; 124 -&gt; 442 -&gt;   Toplam : 781
215 -&gt; 124 -&gt; 442 -&gt;   Toplam : 781
215 -&gt; 124 -&gt; 442 -&gt;   Toplam : 781
215 -&gt; 124 -&gt; 442 -&gt;   Toplam : 781
215 -&gt; 124 -&gt; 442 -&gt;   Toplam : 781
215 -&gt; 124 -&gt; 442 -&gt;   Toplam : 781
215 -&gt; 124 -&gt; 442 -&gt;   Toplam : 781
215 -&gt; 124 -&gt; 442 -&gt;   Toplam : 781
215 -&gt; 124 -&gt; 442 -&gt;   Toplam : 781
215 -&gt; 124 -&gt; 442 -&gt;   Toplam : 781
215 -&gt; 124 -&gt; 442 -&gt;   Toplam : 781
215 -&gt; 124 -&gt; 442 -&gt;   Toplam : 781
215 -&gt; 124 -&gt; 442 -&gt;   Toplam : 781
215 -&gt; 124 -&gt; 442 -&gt;   Toplam : 781
215 -&gt; 124 -&gt; 442 -&gt;   Toplam : 781
215 -&gt; 124 -&gt; 442 -&gt;   Toplam : 781
215 -&gt; 124 -&gt; 442 -&gt;   Toplam : 781
215 -&gt; 124 -&gt; 442 -&gt;   Toplam : 781
215 -&gt; 124 -&gt; 442 -&gt;   Toplam : 781
215 -&gt; 124 -&gt; 442 -&gt;   Toplam : 781
215 -&gt; 124 -&gt; 442 -&gt;   Toplam : 781
215 -&gt; 124 -&gt; 442 -&gt;   Toplam : 781
215 -&gt; 124 -&gt; 442 -&gt;   Toplam : 781
215 -&gt; 124 -&gt; 442 -&gt;   Toplam : 781
215 -&gt; 124 -&gt; 442 -&gt;   Toplam : 781
215 -&gt; 124 -&gt; 442 -&gt;   Toplam : 781
215 -&gt; 124 -&gt; 442 -&gt;   Toplam : 781
215 -&gt; 124 -&gt; 442 -&gt;   Toplam : 781
215 -&gt; 124 -&gt; 442 -&gt;   Toplam : 781
215 -&gt; 124 -&gt; 442 -&gt;   Toplam : 781
215 -&gt; 124 -&gt; 442 -&gt;   Toplam : 781
215 -&gt; 124 -&gt; 442 -&gt;   Toplam : 781
215 -&gt; 124 -&gt; 442 -&gt;   Toplam : 781
215 -&gt; 124 -&gt; 442 -&gt;   Toplam : 781
215 -&gt; 124 -&gt; 442 -&gt;   Toplam : 781
215 -&gt; 124 -&gt; 442 -&gt;   Toplam : 781
215 -&gt; 124 -&gt; 442 -&gt;   Toplam : 781
215 -&gt; 124 -&gt; 442 -&gt;   Toplam : 781
215 -&gt; 124 -&gt; 442 -&gt;   Toplam : 781
215 -&gt; 124 -&gt; 442 -&gt;   Toplam : 781
215 -&gt; 124 -&gt; 442 -&gt;   Toplam : 781
215 -&gt; 124 -&gt; 442 -&gt;   Toplam : 781
215 -&gt; 124 -&gt; 442 -&gt;   Toplam : 781
215 -&gt; 124 -&gt; 442 -&gt;   Toplam : 781
215 -&gt; 124 -&gt; 442 -&gt;   Toplam : 781
215 -&gt; 124 -&gt; 442 -&gt;   Toplam : 781
215 -&gt; 124 -&gt; 442 -&gt;   Toplam : 781
215 -&gt; 124 -&gt; 442 -&gt;   Toplam : 781
215 -&gt; 124 -&gt; 442 -&gt;   Toplam : 781
215 -&gt; 124 -&gt; 442 -&gt;   Toplam : 781
215 -&gt; 124 -&gt; 442 -&gt;   Toplam : 781
215 -&gt; 124 -&gt; 442 -&gt;   Toplam : 781
215 -&gt; 124 -&gt; 442 -&gt;   Toplam : 781
215 -&gt; 124 -&gt; 442 -&gt;   Toplam : 781
215 -&gt; 124 -&gt; 442 -&gt;   Toplam : 781
215 -&gt; 124 -&gt; 442 -&gt;   Toplam : 781
215 -&gt; 124 -&gt; 442 -&gt;   Toplam : 781
215 -&gt; 124 -&gt; 442 -&gt;   Toplam : 781
215 -&gt; 124 -&gt; 442 -&gt;   Toplam : 781
215 -&gt; 124 -&gt; 442 -&gt;   Toplam : 781
215 -&gt; 124 -&gt; 442 -&gt;   Toplam : 781
215 -&gt; 124 -&gt; 442 -&gt;   Toplam : 781
215 -&gt; 124 -&gt; 442 -&gt;   Toplam : 781
215 -&gt; 124 -&gt; 442 -&gt;   Toplam : 781
215 -&gt; 124 -&gt; 442 -&gt;   Toplam : 781
215 -&gt; 124 -&gt; 442 -&gt;   Toplam : 781
215 -&gt; 124 -&gt; 442 -&gt;   Toplam : 781
215 -&gt; 124 -&gt; 442 -&gt;   Toplam : 781
215 -&gt; 124 -&gt; 442 -&gt;   Toplam : 781
215 -&gt; 124 -&gt; 442 -&gt;   Toplam : 781
215 -&gt; 124 -&gt; 442 -&gt;   Toplam : 781
215 -&gt; 124 -&gt; 442 -&gt;   Toplam : 781
215 -&gt; 124 -&gt; 442 -&gt;   Toplam : 781
215 -&gt; 124 -&gt; 442 -&gt;   Toplam : 781
215 -&gt; 124 -&gt; 442 -&gt;   Toplam : 781
215 -&gt; 124 -&gt; 442 -&gt;   Toplam : 781
215 -&gt; 124 -&gt; 442 -&gt;   Toplam : 781
215 -&gt; 124 -&gt; 442 -&gt;   Toplam : 781
215 -&gt; 124 -&gt; 442 -&gt;   Toplam : 781
215 -&gt; 124 -&gt; 442 -&gt;   Toplam : 781
215 -&gt; 124 -&gt; 442 -&gt;   Toplam : 781
215 -&gt; 124 -&gt; 442 -&gt;   Toplam : 781
215 -&gt; 124 -&gt; 442 -&gt;   Toplam : 781
215 -&gt; 124 -&gt; 442 -&gt;   Toplam : 781
215 -&gt; 124 -&gt; 442 -&gt;   Toplam : 781
215 -&gt; 124 -&gt; 442 -&gt;   Toplam : 781
215 -&gt; 124 -&gt; 442 -&gt;   Toplam : 781
215 -&gt; 124 -&gt; 442 -&gt;   Toplam : 781
215 -&gt; 124 -&gt; 442 -&gt;   Toplam : 781
215 -&gt; 124 -&gt; 442 -&gt;   Toplam : 781
215 -&gt; 124 -&gt; 442 -&gt;   Toplam : 781
215 -&gt; 124 -&gt; 442 -&gt;   Toplam : 781
215 -&gt; 124 -&gt; 442 -&gt;   Toplam : 781
215 -&gt; 124 -&gt; 442 -&gt;   Toplam : 781
215 -&gt; 124 -&gt; 442 -&gt;   Toplam : 781
215 -&gt; 124 -&gt; 442 -&gt;   Toplam : 781
215 -&gt; 124 -&gt; 442 -&gt;   Toplam : 781
215 -&gt; 124 -&gt; 442 -&gt;   Toplam : 781
215 -&gt; 124 -&gt; 442 -&gt;   Toplam : 781
215 -&gt; 124 -&gt; 442 -&gt;   Toplam : 781
215 -&gt; 124 -&gt; 442 -&gt;   Toplam : 781
215 -&gt; 124 -&gt; 442 -&gt;   Toplam : 781
215 -&gt; 124 -&gt; 442 -&gt;   Toplam : 781
215 -&gt; 124 -&gt; 442 -&gt;   Toplam : 781
215 -&gt; 124 -&gt; 442 -&gt;   Toplam : 781
215 -&gt; 124 -&gt; 442 -&gt;   Toplam : 781
215 -&gt; 124 -&gt; 442 -&gt;   Toplam : 781
215 -&gt; 124 -&gt; 442 -&gt;   Toplam : 781
215 -&gt; 124 -&gt; 442 -&gt;   Toplam : 781
215 -&gt; 124 -&gt; 442 -&gt;   Toplam : 781
215 -&gt; 124 -&gt; 442 -&gt;   Toplam : 781
215 -&gt; 124 -&gt; 442 -&gt;   Toplam : 781
215 -&gt; 124 -&gt; 442 -&gt;   Toplam : 781
215 -&gt; 124 -&gt; 442 -&gt;   Toplam : 781
215 -&gt; 124 -&gt; 442 -&gt;   Toplam : 781
215 -&gt; 124 -&gt; 442 -&gt;   Toplam : 781
215 -&gt; 124 -&gt; 442 -&gt;   Toplam : 781
215 -&gt; 124 -&gt; 442 -&gt;   Toplam : 781
215 -&gt; 124 -&gt; 442 -&gt;   Toplam : 781
215 -&gt; 124 -&gt; 442 -&gt;   Toplam : 781
215 -&gt; 124 -&gt; 442 -&gt;   Toplam : 781
215 -&gt; 124 -&gt; 442 -&gt;   Toplam : 781
215 -&gt; 124 -&gt; 442 -&gt;   Toplam : 781
215 -&gt; 124 -&gt; 442 -&gt;   Toplam : 781
215 -&gt; 124 -&gt; 442 -&gt;   Toplam : 781
215 -&gt; 124 -&gt; 442 -&gt;   Toplam : 781
215 -&gt; 124 -&gt; 442 -&gt;   Toplam : 781
215 -&gt; 124 -&gt; 442 -&gt;   Toplam : 781
215 -&gt; 124 -&gt; 442 -&gt;   Toplam : 781
215 -&gt; 124 -&gt; 442 -&gt;   Toplam : 781
215 -&gt; 124 -&gt; 442 -&gt;   Toplam : 781
215 -&gt; 124 -&gt; 442 -&gt;   Toplam : 781
215 -&gt; 124 -&gt; 442 -&gt;   Toplam : 781
215 -&gt; 124 -&gt; 442 -&gt;   Toplam : 781
215 -&gt; 124 -&gt; 442 -&gt;   Toplam : 781
215 -&gt; 124 -&gt; 442 -&gt;   Toplam : 781
215 -&gt; 124 -&gt; 442 -&gt;   Toplam : 781
215 -&gt; 124 -&gt; 442 -&gt;   Toplam : 781
215 -&gt; 124 -&gt; 442 -&gt;   Toplam : 781
215 -&gt; 124 -&gt; 442 -&gt;   Toplam : 781
215 -&gt; 124 -&gt; 442 -&gt;   Toplam : 781
215 -&gt; 124 -&gt; 442 -&gt;   Toplam : 781
215 -&gt; 124 -&gt; 442 -&gt;   Toplam : 781
215 -&gt; 124 -&gt; 442 -&gt;   Toplam : 781
215 -&gt; 124 -&gt; 442 -&gt;   Toplam : 781
215 -&gt; 124 -&gt; 442 -&gt;   Toplam : 781
215 -&gt; 124 -&gt; 442 -&gt;   Toplam : 781
215 -&gt; 124 -&gt; 442 -&gt;   Toplam : 781
215 -&gt; 124 -&gt; 442 -&gt;   Toplam : 781
215 -&gt; 124 -&gt; 442 -&gt;   Toplam : 781
215 -&gt; 124 -&gt; 442 -&gt;   Toplam : 781
215 -&gt; 124 -&gt; 442 -&gt;   Toplam : 781
215 -&gt; 124 -&gt; 442 -&gt;   Toplam : 781
215 -&gt; 124 -&gt; 442 -&gt;   Toplam : 781
215 -&gt; 124 -&gt; 442 -&gt;   Toplam : 781
215 -&gt; 124 -&gt; 442 -&gt;   Toplam : 781
215 -&gt; 124 -&gt; 442 -&gt;   Toplam : 781
215 -&gt; 124 -&gt; 442 -&gt;   Toplam : 781
215 -&gt; 124 -&gt; 442 -&gt;   Toplam : 781
215 -&gt; 124 -&gt; 442 -&gt;   Toplam : 781
215 -&gt; 124 -&gt; 442 -&gt;   Toplam : 781
215 -&gt; 124 -&gt; 442 -&gt;   Toplam : 781
215 -&gt; 124 -&gt; 442 -&gt;   Toplam : 781
215 -&gt; 124 -&gt; 442 -&gt;   Toplam : 781
215 -&gt; 124 -&gt; 442 -&gt;   Toplam : 781
215 -&gt; 124 -&gt; 442 -&gt;   Toplam : 781
215 -&gt; 124 -&gt; 442 -&gt;   Toplam : 781
215 -&gt; 124 -&gt; 442 -&gt;   Toplam : 781
215 -&gt; 124 -&gt; 442 -&gt;   Toplam : 781
215 -&gt; 124 -&gt; 442 -&gt;   Toplam : 781
215 -&gt; 124 -&gt; 442 -&gt;   Toplam : 781
215 -&gt; 124 -&gt; 442 -&gt;   Toplam : 781
215 -&gt; 124 -&gt; 442 -&gt;   Toplam : 781
215 -&gt; 124 -&gt; 442 -&gt;   Toplam : 781
215 -&gt; 124 -&gt; 442 -&gt;   Toplam : 781
215 -&gt; 124 -&gt; 442 -&gt;   Toplam : 781
215 -&gt; 124 -&gt; 442 -&gt;   Toplam : 781
215 -&gt; 124 -&gt; 442 -&gt;   Toplam : 781
215 -&gt; 124 -&gt; 442 -&gt;   Toplam : 781
215 -&gt; 124 -&gt; 442 -&gt;   Toplam : 781
215 -&gt; 124 -&gt; 442 -&gt;   Toplam : 781
215 -&gt; 124 -&gt; 442 -&gt;   Toplam : 781
215 -&gt; 124 -&gt; 442 -&gt;   Toplam : 781
215 -&gt; 124 -&gt; 442 -&gt;   Toplam : 781
215 -&gt; 124 -&gt; 442 -&gt;   Toplam : 781
215 -&gt; 124 -&gt; 442 -&gt;   Toplam : 781
215 -&gt; 124 -&gt; 442 -&gt;   Toplam : 781
215 -&gt; 124 -&gt; 442 -&gt;   Toplam : 781
215 -&gt; 124 -&gt; 442 -&gt;   Toplam : 781
215 -&gt; 124 -&gt; 442 -&gt;   Toplam : 781
215 -&gt; 124 -&gt; 442 -&gt;   Toplam : 781
215 -&gt; 124 -&gt; 442 -&gt;   Toplam : 781
215 -&gt; 124 -&gt; 442 -&gt;   Toplam : 781
215 -&gt; 124 -&gt; 442 -&gt;   Toplam : 781
215 -&gt; 124 -&gt; 442 -&gt;   Toplam : 781
215 -&gt; 124 -&gt; 442 -&gt;   Toplam : 781
215 -&gt; 124 -&gt; 442 -&gt;   Toplam : 781
215 -&gt; 124 -&gt; 442 -&gt;   Toplam : 781
215 -&gt; 124 -&gt; 442 -&gt;   Toplam : 781
215 -&gt; 124 -&gt; 442 -&gt;   Toplam : 781
215 -&gt; 124 -&gt; 442 -&gt;   Toplam : 781
215 -&gt; 124 -&gt; 442 -&gt;   Toplam : 781
215 -&gt; 124 -&gt; 442 -&gt;   Toplam : 781
215 -&gt; 124 -&gt; 442 -&gt;   Toplam : 781
215 -&gt; 124 -&gt; 442 -&gt;   Toplam : 781
215 -&gt; 124 -&gt; 442 -&gt;   Toplam : 781
215 -&gt; 124 -&gt; 442 -&gt;   Toplam : 781
215 -&gt; 124 -&gt; 442 -&gt;   Toplam : 781
215 -&gt; 124 -&gt; 442 -&gt;   Toplam : 781
215 -&gt; 124 -&gt; 442 -&gt;   Toplam : 781
215 -&gt; 124 -&gt; 442 -&gt;   Toplam : 781
215 -&gt; 124 -&gt; 442 -&gt;   Toplam : 781
215 -&gt; 124 -&gt; 442 -&gt;   Toplam : 781
215 -&gt; 124 -&gt; 442 -&gt;   Toplam : 781
215 -&gt; 124 -&gt; 442 -&gt;   Toplam : 781
215 -&gt; 124 -&gt; 442 -&gt;   Toplam : 781
215 -&gt; 124 -&gt; 442 -&gt;   Toplam : 781
215 -&gt; 124 -&gt; 442 -&gt;   Toplam : 781
215 -&gt; 124 -&gt; 442 -&gt;   Toplam : 781
215 -&gt; 124 -&gt; 442 -&gt;   Toplam : 781
215 -&gt; 124 -&gt; 442 -&gt;   Toplam : 781
215 -&gt; 124 -&gt; 442 -&gt;   Toplam : 781
215 -&gt; 124 -&gt; 442 -&gt;   Toplam : 781
215 -&gt; 124 -&gt; 442 -&gt;   Toplam : 781
215 -&gt; 124 -&gt; 442 -&gt;   Toplam : 781
215 -&gt; 124 -&gt; 442 -&gt;   Toplam : 781
215 -&gt; 124 -&gt; 442 -&gt;   Toplam : 781
215 -&gt; 124 -&gt; 442 -&gt;   Toplam : 781
215 -&gt; 124 -&gt; 442 -&gt;   Toplam : 781
215 -&gt; 124 -&gt; 442 -&gt;   Toplam : 781
215 -&gt; 124 -&gt; 442 -&gt;   Toplam : 781
215 -&gt; 124 -&gt; 442 -&gt;   Toplam : 781
215 -&gt; 124 -&gt; 442 -&gt;   Toplam : 781
215 -&gt; 124 -&gt; 442 -&gt;   Toplam : 781
215 -&gt; 124 -&gt; 442 -&gt;   Toplam : 781
215 -&gt; 124 -&gt; 442 -&gt;   Toplam : 781
215 -&gt; 124 -&gt; 442 -&gt;   Toplam : 781
215 -&gt; 124 -&gt; 442 -&gt;   Toplam : 781
215 -&gt; 124 -&gt; 442 -&gt;   Toplam : 781
215 -&gt; 124 -&gt; 442 -&gt;   Toplam : 781
215 -&gt; 124 -&gt; 442 -&gt;   Toplam : 781
215 -&gt; 124 -&gt; 442 -&gt;   Toplam : 781
215 -&gt; 124 -&gt; 442 -&gt;   Toplam : 781
215 -&gt; 124 -&gt; 442 -&gt;   Toplam : 781
215 -&gt; 124 -&gt; 442 -&gt;   Toplam : 781
215 -&gt; 124 -&gt; 442 -&gt;   Toplam : 781
215 -&gt; 124 -&gt; 442 -&gt;   Toplam : 781
215 -&gt; 124 -&gt; 442 -&gt;   Toplam : 781
215 -&gt; 124 -&gt; 442 -&gt;   Toplam : 781
215 -&gt; 124 -&gt; 442 -&gt;   Toplam : 781
215 -&gt; 124 -&gt; 442 -&gt;   Toplam : 781
215 -&gt; 124 -&gt; 442 -&gt;   Toplam : 781
215 -&gt; 124 -&gt; 442 -&gt;   Toplam : 781
215 -&gt; 124 -&gt; 442 -&gt;   Toplam : 781
215 -&gt; 124 -&gt; 442 -&gt;   Toplam : 781
215 -&gt; 124 -&gt; 442 -&gt;   Toplam : 781
215 -&gt; 124 -&gt; 442 -&gt;   Toplam : 781
215 -&gt; 124 -&gt; 442 -&gt;   Toplam : 781
215 -&gt; 124 -&gt; 442 -&gt;   Toplam : 781
215 -&gt; 124 -&gt; 442 -&gt;   Toplam : 781
215 -&gt; 124 -&gt; 442 -&gt;   Toplam : 781
215 -&gt; 124 -&gt; 442 -&gt;   Toplam : 781
215 -&gt; 124 -&gt; 442 -&gt;   Toplam : 781
215 -&gt; 124 -&gt; 442 -&gt;   Toplam : 781
215 -&gt; 124 -&gt; 442 -&gt;   Toplam : 781
215 -&gt; 124 -&gt; 442 -&gt;   Toplam : 781
215 -&gt; 124 -&gt; 442 -&gt;   Toplam : 781
215 -&gt; 124 -&gt; 442 -&gt;   Toplam : 781
215 -&gt; 124 -&gt; 442 -&gt;   Toplam : 781
215 -&gt; 124 -&gt; 442 -&gt;   Toplam : 781
215 -&gt; 124 -&gt; 442 -&gt;   Toplam : 781
215 -&gt; 124 -&gt; 442 -&gt;   Toplam : 781
215 -&gt; 124 -&gt; 442 -&gt;   Toplam : 781
215 -&gt; 124 -&gt; 442 -&gt;   Toplam : 781
215 -&gt; 124 -&gt; 442 -&gt;   Toplam : 781
215 -&gt; 124 -&gt; 442 -&gt;   Toplam : 781
215 -&gt; 124 -&gt; 442 -&gt;   Toplam : 781
215 -&gt; 124 -&gt; 442 -&gt;   Toplam : 781
215 -&gt; 124 -&gt; 442 -&gt;   Toplam : 781
215 -&gt; 124 -&gt; 442 -&gt;   Toplam : 781
215 -&gt; 124 -&gt; 442 -&gt;   Toplam : 781
215 -&gt; 124 -&gt; 442 -&gt;   Toplam : 781
215 -&gt; 124 -&gt; 442 -&gt;   Toplam : 781
215 -&gt; 124 -&gt; 442 -&gt;   Toplam : 781
215 -&gt; 124 -&gt; 442 -&gt;   Toplam : 781
215 -&gt; 124 -&gt; 442 -&gt;   Toplam : 781
215 -&gt; 124 -&gt; 442 -&gt;   Toplam : 781
215 -&gt; 124 -&gt; 442 -&gt;   Toplam : 781
215 -&gt; 124 -&gt; 442 -&gt;   Toplam : 781
215 -&gt; 124 -&gt; 442 -&gt;   Toplam : 781
215 -&gt; 124 -&gt; 442 -&gt;   Toplam : 781
215 -&gt; 124 -&gt; 442 -&gt;   Toplam : 781
215 -&gt; 124 -&gt; 442 -&gt;   Toplam : 781
215 -&gt; 124 -&gt; 442 -&gt;   Toplam : 781
215 -&gt; 124 -&gt; 442 -&gt;   Toplam : 781
215 -&gt; 124 -&gt; 442 -&gt;   Toplam : 781
215 -&gt; 124 -&gt; 442 -&gt;   Toplam : 781
215 -&gt; 124 -&gt; 442 -&gt;   Toplam : 781
215 -&gt; 124 -&gt; 442 -&gt;   Toplam : 781
215 -&gt; 124 -&gt; 442 -&gt;   Toplam : 781
215 -&gt; 124 -&gt; 442 -&gt;   Toplam : 781
215 -&gt; 124 -&gt; 442 -&gt;   Toplam : 781
215 -&gt; 124 -&gt; 442 -&gt;   Toplam : 781
215 -&gt; 124 -&gt; 442 -&gt;   Toplam : 781
215 -&gt; 124 -&gt; 442 -&gt;   Toplam : 781
215 -&gt; 124 -&gt; 442 -&gt;   Toplam : 781
215 -&gt; 124 -&gt; 442 -&gt;   Toplam : 781
215 -&gt; 124 -&gt; 442 -&gt;   Toplam : 781
215 -&gt; 124 -&gt; 442 -&gt;   Toplam : 781
215 -&gt; 124 -&gt; 442 -&gt;   Toplam : 781
215 -&gt; 124 -&gt; 442 -&gt;   Toplam : 781
215 -&gt; 124 -&gt; 442 -&gt;   Toplam : 781
215 -&gt; 124 -&gt; 442 -&gt;   Toplam : 781
215 -&gt; 124 -&gt; 442 -&gt;   Toplam : 781
215 -&gt; 124 -&gt; 442 -&gt;   Toplam : 781
215 -&gt; 124 -&gt; 442 -&gt;   Toplam : 781
215 -&gt; 124 -&gt; 442 -&gt;   Toplam : 781
215 -&gt; 124 -&gt; 442 -&gt;   Toplam : 781
215 -&gt; 124 -&gt; 442 -&gt;   Toplam : 781
215 -&gt; 124 -&gt; 442 -&gt;   Toplam : 781
215 -&gt; 124 -&gt; 442 -&gt;   Toplam : 781
215 -&gt; 124 -&gt; 442 -&gt;   Toplam : 781
215 -&gt; 124 -&gt; 442 -&gt;   Toplam : 781
215 -&gt; 124 -&gt; 442 -&gt;   Toplam : 781
215 -&gt; 124 -&gt; 442 -&gt;   Toplam : 781
215 -&gt; 124 -&gt; 442 -&gt;   Toplam : 781
215 -&gt; 124 -&gt; 442 -&gt;   Toplam : 781
215 -&gt; 124 -&gt; 442 -&gt;   Toplam : 781
215 -&gt; 124 -&gt; 442 -&gt;   Toplam : 781
215 -&gt; 124 -&gt; 442 -&gt;   Toplam : 781
215 -&gt; 124 -&gt; 442 -&gt;   Toplam : 781
215 -&gt; 124 -&gt; 442 -&gt;   Toplam : 781
215 -&gt; 124 -&gt; 442 -&gt;   Toplam : 781
215 -&gt; 124 -&gt; 442 -&gt;   Toplam : 781
215 -&gt; 124 -&gt; 442 -&gt;   Toplam : 781
215 -&gt; 124 -&gt; 442 -&gt;   Toplam : 781
215 -&gt; 124 -&gt; 442 -&gt;   Toplam : 781
215 -&gt; 124 -&gt; 442 -&gt;   Toplam : 781
215 -&gt; 124 -&gt; 442 -&gt;   Toplam : 781
215 -&gt; 124 -&gt; 442 -&gt;   Toplam : 781
215 -&gt; 124 -&gt; 442 -&gt;   Toplam : 781
215 -&gt; 124 -&gt; 442 -&gt;   Toplam : 781
215 -&gt; 124 -&gt; 442 -&gt;   Toplam : 781
215 -&gt; 124 -&gt; 442 -&gt;   Toplam : 781
215 -&gt; 124 -&gt; 442 -&gt;   Toplam : 781
215 -&gt; 124 -&gt; 442 -&gt;   Toplam : 781
215 -&gt; 124 -&gt; 442 -&gt;   Toplam : 781
215 -&gt; 124 -&gt; 442 -&gt;   Toplam : 781
215 -&gt; 124 -&gt; 442 -&gt;   Toplam : 781
215 -&gt; 124 -&gt; 442 -&gt;   Toplam : 781
215 -&gt; 124 -&gt; 442 -&gt;   Toplam : 781
215 -&gt; 124 -&gt; 442 -&gt;   Toplam : 781
215 -&gt; 124 -&gt; 442 -&gt;   Toplam : 781
215 -&gt; 124 -&gt; 442 -&gt;   Toplam : 781
215 -&gt; 124 -&gt; 442 -&gt;   Toplam : 781
215 -&gt; 124 -&gt; 442 -&gt;   Toplam : 781
215 -&gt; 124 -&gt; 442 -&gt;   Toplam : 781
215 -&gt; 124 -&gt; 442 -&gt;   Toplam : 781
215 -&gt; 124 -&gt; 442 -&gt;   Toplam : 781
215 -&gt; 124 -&gt; 442 -&gt;   Toplam : 781
215 -&gt; 124 -&gt; 442 -&gt;   Toplam : 781
215 -&gt; 124 -&gt; 442 -&gt;   Toplam : 781
215 -&gt; 124 -&gt; 442 -&gt;   Toplam : 781
215 -&gt; 124 -&gt; 442 -&gt;   Toplam : 781
215 -&gt; 124 -&gt; 442 -&gt;   Toplam : 781
215 -&gt; 124 -&gt; 442 -&gt;   Toplam : 781
215 -&gt; 124 -&gt; 442 -&gt;   Toplam : 781
215 -&gt; 124 -&gt; 442 -&gt;   Toplam : 781
215 -&gt; 124 -&gt; 442 -&gt;   Toplam : 781
215 -&gt; 124 -&gt; 442 -&gt;   Toplam : 781
215 -&gt; 124 -&gt; 442 -&gt;   Toplam : 781
215 -&gt; 124 -&gt; 442 -&gt;   Toplam : 781
215 -&gt; 124 -&gt; 442 -&gt;   Toplam : 781
215 -&gt; 124 -&gt; 442 -&gt;   Toplam : 781
215 -&gt; 124 -&gt; 442 -&gt;   Toplam : 781
215 -&gt; 124 -&gt; 442 -&gt;   Toplam : 781
215 -&gt; 124 -&gt; 442 -&gt;   Toplam : 781
215 -&gt; 124 -&gt; 442 -&gt;   Toplam : 781
215 -&gt; 124 -&gt; 442 -&gt;   Toplam : 781
215 -&gt; 124 -&gt; 442 -&gt;   Toplam : 781
215 -&gt; 124 -&gt; 442 -&gt;   Toplam : 781
215 -&gt; 124 -&gt; 442 -&gt;   Toplam : 781
215 -&gt; 124 -&gt; 442 -&gt;   Toplam : 781
215 -&gt; 124 -&gt; 442 -&gt;   Toplam : 781
215 -&gt; 124 -&gt; 442 -&gt;   Toplam : 781
215 -&gt; 124 -&gt; 442 -&gt;   Toplam : 781
215 -&gt; 124 -&gt; 442 -&gt;   Toplam : 781
215 -&gt; 124 -&gt; 442 -&gt;   Toplam : 781
215 -&gt; 124 -&gt; 442 -&gt;   Toplam : 781
215 -&gt; 124 -&gt; 442 -&gt;   Toplam : 781
215 -&gt; 124 -&gt; 442 -&gt;   Toplam : 781
215 -&gt; 124 -&gt; 442 -&gt;   Toplam : 781
215 -&gt; 124 -&gt; 442 -&gt;   Toplam : 781
215 -&gt; 124 -&gt; 442 -&gt;   Toplam : 781
215 -&gt; 124 -&gt; 442 -&gt;   Toplam : 781
215 -&gt; 124 -&gt; 442 -&gt;   Toplam : 781
215 -&gt; 124 -&gt; 442 -&gt;   Toplam : 781
215 -&gt; 124 -&gt; 442 -&gt;   Toplam : 781
215 -&gt; 124 -&gt; 442 -&gt;   Toplam : 781
215 -&gt; 124 -&gt; 442 -&gt;   Toplam : 781
215 -&gt; 124 -&gt; 442 -&gt;   Toplam : 781
215 -&gt; 124 -&gt; 442 -&gt;   Toplam : 781
215 -&gt; 124 -&gt; 442 -&gt;   Toplam : 781
215 -&gt; 124 -&gt; 442 -&gt;   Toplam : 781
215 -&gt; 124 -&gt; 442 -&gt;   Toplam : 781
215 -&gt; 124 -&gt; 442 -&gt;   Toplam : 781
215 -&gt; 124 -&gt; 442 -&gt;   Toplam : 781
215 -&gt; 124 -&gt; 442 -&gt;   Toplam : 781
215 -&gt; 124 -&gt; 442 -&gt;   Toplam : 781
215 -&gt; 124 -&gt; 442 -&gt;   Toplam : 781
215 -&gt; 124 -&gt; 442 -&gt;   Toplam : 781
215 -&gt; 124 -&gt; 442 -&gt;   Toplam : 781
215 -&gt; 124 -&gt; 442 -&gt;   Toplam : 781
215 -&gt; 124 -&gt; 442 -&gt;   Toplam : 781
215 -&gt; 124 -&gt; 442 -&gt;   Toplam : 781
215 -&gt; 124 -&gt; 442 -&gt;   Toplam : 781
215 -&gt; 124 -&gt; 442 -&gt;   Toplam : 781
215 -&gt; 124 -&gt; 442 -&gt;   Toplam : 781
215 -&gt; 124 -&gt; 442 -&gt;   Toplam : 781
215 -&gt; 124 -&gt; 442 -&gt;   Toplam : 781
215 -&gt; 124 -&gt; 442 -&gt;   Toplam : 781
215 -&gt; 124 -&gt; 442 -&gt;   Toplam : 781
215 -&gt; 124 -&gt; 442 -&gt;   Toplam : 781
215 -&gt; 124 -&gt; 442 -&gt;   Toplam : 781
215 -&gt; 124 -&gt; 442 -&gt;   Toplam : 781
215 -&gt; 124 -&gt; 442 -&gt;   Toplam : 781
215 -&gt; 124 -&gt; 442 -&gt;   Toplam : 781
215 -&gt; 124 -&gt; 442 -&gt;   Toplam : 781
215 -&gt; 124 -&gt; 442 -&gt;   Toplam : 781
215 -&gt; 124 -&gt; 442 -&gt;   Toplam : 781
215 -&gt; 124 -&gt; 442 -&gt;   Toplam : 781
215 -&gt; 124 -&gt; 442 -&gt;   Toplam : 781
215 -&gt; 124 -&gt; 442 -&gt;   Toplam : 781
215 -&gt; 124 -&gt; 442 -&gt;   Toplam : 781
215 -&gt; 124 -&gt; 442 -&gt;   Toplam : 781
215 -&gt; 124 -&gt; 442 -&gt;   Toplam : 781
215 -&gt; 124 -&gt; 442 -&gt;   Toplam : 781
215 -&gt; 124 -&gt; 442 -&gt;   Toplam : 781
215 -&gt; 124 -&gt; 442 -&gt;   Toplam : 781
215 -&gt; 124 -&gt; 442 -&gt;   Toplam : 781
215 -&gt; 124 -&gt; 442 -&gt;   Toplam : 781
215 -&gt; 124 -&gt; 442 -&gt;   Toplam : 781
215 -&gt; 124 -&gt; 442 -&gt;   Toplam : 781
215 -&gt; 124 -&gt; 442 -&gt;   Toplam : 781
215 -&gt; 124 -&gt; 442 -&gt;   Toplam : 781
215 -&gt; 124 -&gt; 442 -&gt;   Toplam : 781
215 -&gt; 124 -&gt; 442 -&gt;   Toplam : 781
215 -&gt; 124 -&gt; 442 -&gt;   Toplam : 781
215 -&gt; 124 -&gt; 442 -&gt;   Toplam : 781
215 -&gt; 124 -&gt; 442 -&gt;   Toplam : 781
215 -&gt; 124 -&gt; 442 -&gt;   Toplam : 781
215 -&gt; 124 -&gt; 442 -&gt;   Toplam : 781
215 -&gt; 124 -&gt; 442 -&gt;   Toplam : 781
215 -&gt; 124 -&gt; 442 -&gt;   Toplam : 781
215 -&gt; 124 -&gt; 442 -&gt;   Toplam : 781
215 -&gt; 124 -&gt; 442 -&gt;   Toplam : 781
215 -&gt; 124 -&gt; 442 -&gt;   Toplam : 781
215 -&gt; 124 -&gt; 442 -&gt;   Toplam : 781
215 -&gt; 124 -&gt; 442 -&gt;   Toplam : 781
215 -&gt; 124 -&gt; 442 -&gt;   Toplam : 781
215 -&gt; 124 -&gt; 442 -&gt;   Toplam : 781
215 -&gt; 124 -&gt; 442 -&gt;   Toplam : 781
215 -&gt; 124 -&gt; 442 -&gt;   Toplam : 781
215 -&gt; 124 -&gt; 442 -&gt;   Toplam : 781
215 -&gt; 124 -&gt; 442 -&gt;   Toplam : 781
215 -&gt; 124 -&gt; 442 -&gt;   Toplam : 781
215 -&gt; 124 -&gt; 442 -&gt;   Toplam : 781
215 -&gt; 124 -&gt; 442 -&gt;   Toplam : 781
215 -&gt; 124 -&gt; 442 -&gt;   Toplam : 781
215 -&gt; 124 -&gt; 442 -&gt;   Toplam : 781
215 -&gt; 124 -&gt; 442 -&gt;   Toplam : 781
215 -&gt; 124 -&gt; 442 -&gt;   Toplam : 781
215 -&gt; 124 -&gt; 442 -&gt;   Toplam : 781
215 -&gt; 124 -&gt; 442 -&gt;   Toplam : 781
215 -&gt; 124 -&gt; 442 -&gt;   Toplam : 781
215 -&gt; 124 -&gt; 442 -&gt;   Toplam : 781
215 -&gt; 124 -&gt; 442 -&gt;   Toplam : 781
215 -&gt; 124 -&gt; 442 -&gt;   Toplam : 781
215 -&gt; 124 -&gt; 442 -&gt;   Toplam : 781
215 -&gt; 124 -&gt; 442 -&gt;   Toplam : 781
215 -&gt; 124 -&gt; 442 -&gt;   Toplam : 781
215 -&gt; 124 -&gt; 442 -&gt;   Toplam : 781
215 -&gt; 124 -&gt; 442 -&gt;   Toplam : 781
215 -&gt; 124 -&gt; 442 -&gt;   Toplam : 781
215 -&gt; 124 -&gt; 442 -&gt;   Toplam : 781
215 -&gt; 124 -&gt; 442 -&gt;   Toplam : 781
215 -&gt; 124 -&gt; 442 -&gt;   Toplam : 781
215 -&gt; 124 -&gt; 442 -&gt;   Toplam : 781
215 -&gt; 124 -&gt; 442 -&gt;   Toplam : 781
215 -&gt; 124 -&gt; 442 -&gt;   Toplam : 781
215 -&gt; 124 -&gt; 442 -&gt;   Toplam : 781
215 -&gt; 124 -&gt; 442 -&gt;   Toplam : 781
215 -&gt; 124 -&gt; 442 -&gt;   Toplam : 781
215 -&gt; 124 -&gt; 442 -&gt;   Toplam : 781
215 -&gt; 124 -&gt; 442 -&gt;   Toplam : 781
215 -&gt; 124 -&gt; 442 -&gt;   Toplam : 781
215 -&gt; 124 -&gt; 442 -&gt;   Toplam : 781
215 -&gt; 124 -&gt; 442 -&gt;   Toplam : 781
215 -&gt; 124 -&gt; 442 -&gt;   Toplam : 781
215 -&gt; 124 -&gt; 442 -&gt;   Toplam : 781
215 -&gt; 124 -&gt; 442 -&gt;   Toplam : 781
215 -&gt; 124 -&gt; 442 -&gt;   Toplam : 781
215 -&gt; 124 -&gt; 442 -&gt;   Toplam : 781
215 -&gt; 124 -&gt; 442 -&gt;   Toplam : 781
215 -&gt; 124 -&gt; 442 -&gt;   Toplam : 781
215 -&gt; 124 -&gt; 442 -&gt;   Toplam : 781
215 -&gt; 124 -&gt; 442 -&gt;   Toplam : 781
215 -&gt; 124 -&gt; 442 -&gt;   Toplam : 781
215 -&gt; 124 -&gt; 442 -&gt;   Toplam : 781
215 -&gt; 124 -&gt; 442 -&gt;   Toplam : 781
215 -&gt; 124 -&gt; 442 -&gt;   Toplam : 781
215 -&gt; 124 -&gt; 442 -&gt;   Toplam : 781
215 -&gt; 124 -&gt; 442 -&gt;   Toplam : 781
215 -&gt; 124 -&gt; 442 -&gt;   Toplam : 781
215 -&gt; 124 -&gt; 442 -&gt;   Toplam : 781
215 -&gt; 124 -&gt; 442 -&gt;   Toplam : 781
215 -&gt; 124 -&gt; 442 -&gt;   Toplam : 781
215 -&gt; 124 -&gt; 442 -&gt;   Toplam : 781
215 -&gt; 124 -&gt; 442 -&gt;   Toplam : 781
215 -&gt; 124 -&gt; 442 -&gt;   Toplam : 781
215 -&gt; 124 -&gt; 442 -&gt;   Toplam : 781
215 -&gt; 124 -&gt; 442 -&gt;   Toplam : 781
215 -&gt; 124 -&gt; 442 -&gt;   Toplam : 781
215 -&gt; 124 -&gt; 442 -&gt;   Toplam : 781
215 -&gt; 124 -&gt; 442 -&gt;   Toplam : 781
215 -&gt; 124 -&gt; 442 -&gt;   Toplam : 781
215 -&gt; 124 -&gt; 442 -&gt;   Toplam : 781
215 -&gt; 124 -&gt; 442 -&gt;   Toplam : 781
215 -&gt; 124 -&gt; 442 -&gt;   Toplam : 781
215 -&gt; 124 -&gt; 442 -&gt;   Toplam : 781
215 -&gt; 124 -&gt; 442 -&gt;   Toplam : 781
215 -&gt; 124 -&gt; 442 -&gt;   Toplam : 781
215 -&gt; 124 -&gt; 442 -&gt;   Toplam : 781
215 -&gt; 124 -&gt; 442 -&gt;   Toplam : 781
215 -&gt; 124 -&gt; 442 -&gt;   Toplam : 781
215 -&gt; 124 -&gt; 442 -&gt;   Toplam : 781
215 -&gt; 124 -&gt; 442 -&gt;   Toplam : 781
215 -&gt; 124 -&gt; 442 -&gt;   Toplam : 781
215 -&gt; 124 -&gt; 442 -&gt;   Toplam : 781
215 -&gt; 124 -&gt; 442 -&gt;   Toplam : 781
215 -&gt; 124 -&gt; 442 -&gt;   Toplam : 781
215 -&gt; 124 -&gt; 442 -&gt;   Toplam : 781
215 -&gt; 124 -&gt; 442 -&gt;   Toplam : 781
215 -&gt; 124 -&gt; 442 -&gt;   Toplam : 781
215 -&gt; 124 -&gt; 442 -&gt;   Toplam : 781
215 -&gt; 124 -&gt; 442 -&gt;   Toplam : 781
215 -&gt; 124 -&gt; 442 -&gt;   Toplam : 781
215 -&gt; 124 -&gt; 442 -&gt;   Toplam : 781
215 -&gt; 124 -&gt; 442 -&gt;   Toplam : 781
215 -&gt; 124 -&gt; 442 -&gt;   Toplam : 781
215 -&gt; 124 -&gt; 442 -&gt;   Toplam : 781
215 -&gt; 124 -&gt; 442 -&gt;   Toplam : 781
215 -&gt; 124 -&gt; 442 -&gt;   Toplam : 781
215 -&gt; 124 -&gt; 442 -&gt;   Toplam : 781
215 -&gt; 124 -&gt; 442 -&gt;   Toplam : 781
215 -&gt; 124 -&gt; 442 -&gt;   Toplam : 781
215 -&gt; 124 -&gt; 442 -&gt;   Toplam : 781
215 -&gt; 124 -&gt; 442 -&gt;   Toplam : 781
215 -&gt; 124 -&gt; 442 -&gt;   Toplam : 781
215 -&gt; 124 -&gt; 442 -&gt;   Toplam : 781
215 -&gt; 124 -&gt; 442 -&gt;   Toplam : 781
215 -&gt; 124 -&gt; 442 -&gt;   Toplam : 781
215 -&gt; 124 -&gt; 442 -&gt;   Toplam : 781
215 -&gt; 124 -&gt; 442 -&gt;   Toplam : 781
215 -&gt; 124 -&gt; 442 -&gt;   Toplam : 781
215 -&gt; 124 -&gt; 442 -&gt;   Toplam : 781
215 -&gt; 124 -&gt; 442 -&gt;   Toplam : 781
215 -&gt; 124 -&gt; 442 -&gt;   Toplam : 781
215 -&gt; 124 -&gt; 442 -&gt;   Toplam : 781
215 -&gt; 124 -&gt; 442 -&gt;   Toplam : 781
215 -&gt; 124 -&gt; 442 -&gt;   Toplam : 781
215 -&gt; 124 -&gt; 442 -&gt;   Toplam : 781
215 -&gt; 124 -&gt; 442 -&gt;   Toplam : 781
215 -&gt; 124 -&gt; 442 -&gt;   Toplam : 781
215 -&gt; 124 -&gt; 442 -&gt;   Toplam : 781
215 -&gt; 124 -&gt; 442 -&gt;   Toplam : 781
215 -&gt; 124 -&gt; 442 -&gt;   Toplam : 781
215 -&gt; 124 -&gt; 442 -&gt;   Toplam : 781
215 -&gt; 124 -&gt; 442 -&gt;   Toplam : 781
215 -&gt; 124 -&gt; 442 -&gt;   Toplam : 781
215 -&gt; 124 -&gt; 442 -&gt;   Toplam : 781
215 -&gt; 124 -&gt; 442 -&gt;   Toplam : 781
215 -&gt; 124 -&gt; 442 -&gt;   Toplam : 781
215 -&gt; 124 -&gt; 442 -&gt;   Toplam : 781
215 -&gt; 124 -&gt; 442 -&gt;   Toplam : 781
215 -&gt; 124 -&gt; 442 -&gt;   Toplam : 781
215 -&gt; 124 -&gt; 442 -&gt;   Toplam : 781
215 -&gt; 124 -&gt; 442 -&gt;   Toplam : 781
215 -&gt; 124 -&gt; 442 -&gt;   Toplam : 781
215 -&gt; 124 -&gt; 442 -&gt;   Toplam : 781
215 -&gt; 124 -&gt; 442 -&gt;   Toplam : 781
215 -&gt; 124 -&gt; 442 -&gt;   Toplam : 781
215 -&gt; 124 -&gt; 442 -&gt;   Toplam : 781
215 -&gt; 124 -&gt; 442 -&gt;   Toplam : 781
215 -&gt; 124 -&gt; 442 -&gt;   Toplam : 781
215 -&gt; 124 -&gt; 442 -&gt;   Toplam : 781
215 -&gt; 124 -&gt; 442 -&gt;   Toplam : 781
215 -&gt; 124 -&gt; 442 -&gt;   Toplam : 781
215 -&gt; 124 -&gt; 442 -&gt;   Toplam : 781
215 -&gt; 124 -&gt; 442 -&gt;   Toplam : 781
215 -&gt; 124 -&gt; 442 -&gt;   Toplam : 781
215 -&gt; 124 -&gt; 442 -&gt;   Toplam : 781
215 -&gt; 124 -&gt; 442 -&gt;   Toplam : 781
215 -&gt; 124 -&gt; 442 -&gt;   Toplam : 781
215 -&gt; 124 -&gt; 442 -&gt;   Toplam : 781
215 -&gt; 124 -&gt; 442 -&gt;   Toplam : 781
215 -&gt; 124 -&gt; 442 -&gt;   Toplam : 781
215 -&gt; 124 -&gt; 442 -&gt;   Toplam : 781
215 -&gt; 124 -&gt; 442 -&gt;   Toplam : 781
215 -&gt; 124 -&gt; 442 -&gt;   Toplam : 781
215 -&gt; 124 -&gt; 442 -&gt;   Toplam : 781
215 -&gt; 124 -&gt; 442 -&gt;   Toplam : 781
215 -&gt; 124 -&gt; 442 -&gt;   Toplam : 781
215 -&gt; 124 -&gt; 442 -&gt;   Toplam : 781
215 -&gt; 124 -&gt; 442 -&gt;   Toplam : 781
215 -&gt; 124 -&gt; 442 -&gt;   Toplam : 781
215 -&gt; 124 -&gt; 442 -&gt;   Toplam : 781
215 -&gt; 124 -&gt; 442 -&gt;   Toplam : 781
215 -&gt; 124 -&gt; 442 -&gt;   Toplam : 781
215 -&gt; 124 -&gt; 442 -&gt;   Toplam : 781
215 -&gt; 124 -&gt; 442 -&gt;   Toplam : 781
215 -&gt; 124 -&gt; 442 -&gt;   Toplam : 781
215 -&gt; 124 -&gt; 442 -&gt;   Toplam : 781
215 -&gt; 124 -&gt; 442 -&gt;   Toplam : 781
215 -&gt; 124 -&gt; 442 -&gt;   Toplam : 781
215 -&gt; 124 -&gt; 442 -&gt;   Toplam : 781
215 -&gt; 124 -&gt; 442 -&gt;   Toplam : 781
215 -&gt; 124 -&gt; 442 -&gt;   Toplam : 781
215 -&gt; 124 -&gt; 442 -&gt;   Toplam : 781
215 -&gt; 124 -&gt; 442 -&gt;   Toplam : 781
215 -&gt; 124 -&gt; 442 -&gt;   Toplam : 781
215 -&gt; 124 -&gt; 442 -&gt;   Toplam : 781
215 -&gt; 124 -&gt; 442 -&gt;   Toplam : 781
215 -&gt; 124 -&gt; 442 -&gt;   Toplam : 781
215 -&gt; 124 -&gt; 442 -&gt;   Toplam : 781
215 -&gt; 124 -&gt; 442 -&gt;   Toplam : 781
215 -&gt; 124 -&gt; 442 -&gt;   Toplam : 781
215 -&gt; 124 -&gt; 442 -&gt;   Toplam : 781
215 -&gt; 124 -&gt; 442 -&gt;   Toplam : 781
215 -&gt; 124 -&gt; 442 -&gt;   Toplam : 781
215 -&gt; 124 -&gt; 442 -&gt;   Toplam : 781
215 -&gt; 124 -&gt; 442 -&gt;   Toplam : 781
215 -&gt; 124 -&gt; 442 -&gt;   Toplam : 781
215 -&gt; 124 -&gt; 442 -&gt;   Toplam : 781
215 -&gt; 124 -&gt; 442 -&gt;   Toplam : 781
215 -&gt; 124 -&gt; 442 -&gt;   Toplam : 781
215 -&gt; 124 -&gt; 442 -&gt;   Toplam : 781
215 -&gt; 124 -&gt; 442 -&gt;   Toplam : 781
215 -&gt; 124 -&gt; 442 -&gt;   Toplam : 781
215 -&gt; 124 -&gt; 442 -&gt;   Toplam : 781
215 -&gt; 124 -&gt; 442 -&gt;   Toplam : 781
215 -&gt; 124 -&gt; 442 -&gt;   Toplam : 781
215 -&gt; 124 -&gt; 442 -&gt;   Toplam : 781
215 -&gt; 124 -&gt; 442 -&gt;   Toplam : 781
215 -&gt; 124 -&gt; 442 -&gt;   Toplam : 781
215 -&gt; 124 -&gt; 442 -&gt;   Toplam : 781
215 -&gt; 124 -&gt; 442 -&gt;   Toplam : 781
215 -&gt; 124 -&gt; 442 -&gt;   Toplam : 781
215 -&gt; 124 -&gt; 442 -&gt;   Toplam : 781
215 -&gt; 124 -&gt; 442 -&gt;   Toplam : 781
215 -&gt; 124 -&gt; 442 -&gt;   Toplam : 781
215 -&gt; 124 -&gt; 442 -&gt;   Toplam : 781
215 -&gt; 124 -&gt; 442 -&gt;   Toplam : 781
215 -&gt; 124 -&gt; 442 -&gt;   Toplam : 781
215 -&gt; 124 -&gt; 442 -&gt;   Toplam : 781
215 -&gt; 124 -&gt; 442 -&gt;   Toplam : 781
215 -&gt; 124 -&gt; 442 -&gt;   Toplam : 781
215 -&gt; 124 -&gt; 442 -&gt;   Toplam : 781
215 -&gt; 124 -&gt; 442 -&gt;   Toplam : 781
215 -&gt; 124 -&gt; 442 -&gt;   Toplam : 781
215 -&gt; 124 -&gt; 442 -&gt;   Toplam : 781
215 -&gt; 124 -&gt; 442 -&gt;   Toplam : 781
215 -&gt; 124 -&gt; 442 -&gt;   Toplam : 781
215 -&gt; 124 -&gt; 442 -&gt;   Toplam : 781
215 -&gt; 124 -&gt; 442 -&gt;   Toplam : 781
215 -&gt; 124 -&gt; 442 -&gt;   Toplam : 781
215 -&gt; 124 -&gt; 442 -&gt;   Toplam : 781
215 -&gt; 124 -&gt; 442 -&gt;   Toplam : 781
215 -&gt; 124 -&gt; 442 -&gt;   Toplam : 781
215 -&gt; 124 -&gt; 442 -&gt;   Toplam : 781
215 -&gt; 124 -&gt; 442 -&gt;   Toplam : 781
215 -&gt; 124 -&gt; 442 -&gt;   Toplam : 781
215 -&gt; 124 -&gt; 442 -&gt;   Toplam : 781
215 -&gt; 124 -&gt; 442 -&gt;   Toplam : 781
215 -&gt; 124 -&gt; 442 -&gt;   Toplam : 781
215 -&gt; 124 -&gt; 442 -&gt;   Toplam : 781
215 -&gt; 124 -&gt; 442 -&gt;   Toplam : 781
215 -&gt; 124 -&gt; 442 -&gt;   Toplam : 781
215 -&gt; 124 -&gt; 442 -&gt;   Toplam : 781
215 -&gt; 124 -&gt; 442 -&gt;   Toplam : 781
215 -&gt; 124 -&gt; 442 -&gt;   Toplam : 781
215 -&gt; 124 -&gt; 442 -&gt;   Toplam : 781
215 -&gt; 124 -&gt; 442 -&gt;   Toplam : 781
215 -&gt; 124 -&gt; 442 -&gt;   Toplam : 781
215 -&gt; 124 -&gt; 442 -&gt;   Toplam : 781
215 -&gt; 124 -&gt; 442 -&gt;   Toplam : 781
215 -&gt; 124 -&gt; 442 -&gt;   Toplam : 781
215 -&gt; 124 -&gt; 442 -&gt;   Toplam : 781
215 -&gt; 124 -&gt; 442 -&gt;   Toplam : 781
215 -&gt; 124 -&gt; 442 -&gt;   Toplam : 781
215 -&gt; 124 -&gt; 442 -&gt;   Toplam : 781
215 -&gt; 124 -&gt; 442 -&gt;   Toplam : 781
215 -&gt; 124 -&gt; 442 -&gt;   Toplam : 781
215 -&gt; 124 -&gt; 442 -&gt;   Toplam : 781
215 -&gt; 124 -&gt; 442 -&gt;   Toplam : 781
215 -&gt; 124 -&gt; 442 -&gt;   Toplam : 781
215 -&gt; 124 -&gt; 442 -&gt;   Toplam : 781
215 -&gt; 124 -&gt; 442 -&gt;   Toplam : 781
215 -&gt; 124 -&gt; 442 -&gt;   Toplam : 781
215 -&gt; 124 -&gt; 442 -&gt;   Toplam : 781
215 -&gt; 124 -&gt; 442 -&gt;   Toplam : 781
215 -&gt; 124 -&gt; 442 -&gt;   Toplam : 781
215 -&gt; 124 -&gt; 442 -&gt;   Toplam : 781
215 -&gt; 124 -&gt; 442 -&gt;   Toplam : 781
215 -&gt; 124 -&gt; 442 -&gt;   Toplam : 781
215 -&gt; 124 -&gt; 442 -&gt;   Toplam : 781
215 -&gt; 124 -&gt; 442 -&gt;   Toplam : 781
215 -&gt; 124 -&gt; 442 -&gt;   Toplam : 781
215 -&gt; 124 -&gt; 442 -&gt;   Toplam : 781
215 -&gt; 124 -&gt; 442 -&gt;   Toplam : 781
215 -&gt; 124 -&gt; 442 -&gt;   Toplam : 781
215 -&gt; 124 -&gt; 442 -&gt;   Toplam : 781
215 -&gt; 124 -&gt; 442 -&gt;   Toplam : 781
215 -&gt; 124 -&gt; 442 -&gt;   Toplam : 781
215 -&gt; 124 -&gt; 442 -&gt;   Toplam : 781
215 -&gt; 124 -&gt; 442 -&gt;   Toplam : 781
215 -&gt; 124 -&gt; 442 -&gt;   Toplam : 781
215 -&gt; 124 -&gt; 442 -&gt;   Toplam : 781
215 -&gt; 124 -&gt; 442 -&gt;   Toplam : 781
215 -&gt; 124 -&gt; 442 -&gt;   Toplam : 781
215 -&gt; 124 -&gt; 442 -&gt;   Toplam : 781
215 -&gt; 124 -&gt; 442 -&gt;   Toplam : 781
215 -&gt; 124 -&gt; 442 -&gt;   Toplam : 781
215 -&gt; 124 -&gt; 442 -&gt;   Toplam : 781
215 -&gt; 124 -&gt; 442 -&gt;   Toplam : 781
215 -&gt; 124 -&gt; 442 -&gt;   Toplam : 781
215 -&gt; 124 -&gt; 442 -&gt;   Toplam : 781
215 -&gt; 124 -&gt; 442 -&gt;   Toplam : 781
215 -&gt; 124 -&gt; 442 -&gt;   Toplam : 781
215 -&gt; 124 -&gt; 442 -&gt;   Toplam : 781
215 -&gt; 124 -&gt; 442 -&gt;   Toplam : 781
215 -&gt; 124 -&gt; 442 -&gt;   Toplam : 781
215 -&gt; 124 -&gt; 442 -&gt;   Toplam : 781
215 -&gt; 124 -&gt; 442 -&gt;   Toplam : 781
215 -&gt; 124 -&gt; 442 -&gt;   Toplam : 781
215 -&gt; 124 -&gt; 442 -&gt;   Toplam : 781
215 -&gt; 124 -&gt; 442 -&gt;   Toplam : 781
215 -&gt; 124 -&gt; 442 -&gt;   Toplam : 781
215 -&gt; 124 -&gt; 442 -&gt;   Toplam : 781
215 -&gt; 124 -&gt; 442 -&gt;   Toplam : 781
215 -&gt; 124 -&gt; 442 -&gt;   Toplam : 781
215 -&gt; 124 -&gt; 442 -&gt;   Toplam : 781
215 -&gt; 124 -&gt; 442 -&gt;   Toplam : 781
215 -&gt; 124 -&gt; 442 -&gt;   Toplam : 781
215 -&gt; 124 -&gt; 442 -&gt;   Toplam : 781
215 -&gt; 124 -&gt; 442 -&gt;   Toplam : 781
215 -&gt; 124 -&gt; 442 -&gt;   Toplam : 781
215 -&gt; 124 -&gt; 442 -&gt;   Toplam : 781
215 -&gt; 124 -&gt; 442 -&gt;   Toplam : 781
215 -&gt; 124 -&gt; 442 -&gt;   Toplam : 781
215 -&gt; 124 -&gt; 442 -&gt;   Toplam : 781
215 -&gt; 124 -&gt; 442 -&gt;   Toplam : 781
215 -&gt; 124 -&gt; 442 -&gt;   Toplam : 781
215 -&gt; 124 -&gt; 442 -&gt;   Toplam : 781
215 -&gt; 124 -&gt; 442 -&gt;   Toplam : 781
215 -&gt; 124 -&gt; 442 -&gt;   Toplam : 781
215 -&gt; 124 -&gt; 442 -&gt;   Toplam : 781
215 -&gt; 124 -&gt; 442 -&gt;   Toplam : 781
215 -&gt; 124 -&gt; 442 -&gt;   Toplam : 781
215 -&gt; 124 -&gt; 442 -&gt;   Toplam : 781
215 -&gt; 124 -&gt; 442 -&gt;   Toplam : 781
215 -&gt; 124 -&gt; 442 -&gt;   Toplam : 781
215 -&gt; 124 -&gt; 442 -&gt;   Toplam : 781
215 -&gt; 124 -&gt; 442 -&gt;   Toplam : 781
215 -&gt; 124 -&gt; 442 -&gt;   Toplam : 781
215 -&gt; 124 -&gt; 442 -&gt;   Toplam : 781
215 -&gt; 124 -&gt; 442 -&gt;   Toplam : 781
215 -&gt; 124 -&gt; 442 -&gt;   Toplam : 781
215 -&gt; 124 -&gt; 442 -&gt;   Toplam : 781
215 -&gt; 124 -&gt; 442 -&gt;   Toplam : 781
215 -&gt; 124 -&gt; 442 -&gt;   Toplam : 781
215 -&gt; 124 -&gt; 442 -&gt;   Toplam : 781
215 -&gt; 124 -&gt; 442 -&gt;   Toplam : 781
215 -&gt; 124 -&gt; 442 -&gt;   Toplam : 781
215 -&gt; 124 -&gt; 442 -&gt;   Toplam : 781
215 -&gt; 124 -&gt; 442 -&gt;   Toplam : 781
215 -&gt; 124 -&gt; 442 -&gt;   Toplam : 781
215 -&gt; 124 -&gt; 442 -&gt;   Toplam : 781
215 -&gt; 124 -&gt; 442 -&gt;   Toplam : 781
215 -&gt; 124 -&gt; 442 -&gt;   Toplam : 781
215 -&gt; 124 -&gt; 442 -&gt;   Toplam : 781
215 -&gt; 124 -&gt; 442 -&gt;   Toplam : 781
215 -&gt; 124 -&gt; 442 -&gt;   Toplam : 781
215 -&gt; 124 -&gt; 442 -&gt;   Toplam : 781
215 -&gt; 124 -&gt; 442 -&gt;   Toplam : 781
215 -&gt; 124 -&gt; 442 -&gt;   Toplam : 781
215 -&gt; 124 -&gt; 442 -&gt;   Toplam : 781
215 -&gt; 124 -&gt; 442 -&gt;   Toplam : 781
215 -&gt; 124 -&gt; 442 -&gt;   Toplam : 781
215 -&gt; 124 -&gt; 442 -&gt;   Toplam : 781
215 -&gt; 124 -&gt; 442 -&gt;   Toplam : 781
215 -&gt; 124 -&gt; 442 -&gt;   Toplam : 781
215 -&gt; 124 -&gt; 442 -&gt;   Toplam : 781
215 -&gt; 124 -&gt; 442 -&gt;   Toplam : 781
215 -&gt; 124 -&gt; 442 -&gt;   Toplam : 781
215 -&gt; 124 -&gt; 442 -&gt;   Toplam : 781
215 -&gt; 124 -&gt; 442 -&gt;   Toplam : 781
215 -&gt; 124 -&gt; 442 -&gt;   Toplam : 781
215 -&gt; 124 -&gt; 442 -&gt;   Toplam : 781
215 -&gt; 124 -&gt; 442 -&gt;   Toplam : 781
215 -&gt; 124 -&gt; 442 -&gt;   Toplam : 781
215 -&gt; 124 -&gt; 442 -&gt;   Toplam : 781
215 -&gt; 124 -&gt; 442 -&gt;   Toplam : 781
215 -&gt; 124 -&gt; 442 -&gt;   Toplam : 781
215 -&gt; 124 -&gt; 442 -&gt;   Toplam : 781
215 -&gt; 124 -&gt; 442 -&gt;   Toplam : 781
215 -&gt; 124 -&gt; 442 -&gt;   Toplam : 781
215 -&gt; 124 -&gt; 442 -&gt;   Toplam : 781
215 -&gt; 124 -&gt; 442 -&gt;   Toplam : 781
215 -&gt; 124 -&gt; 442 -&gt;   Toplam : 781
215 -&gt; 124 -&gt; 442 -&gt;   Toplam : 781
215 -&gt; 124 -&gt; 442 -&gt;   Toplam : 781
215 -&gt; 124 -&gt; 442 -&gt;   Toplam : 781
215 -&gt; 124 -&gt; 442 -&gt;   Toplam : 781
215 -&gt; 124 -&gt; 442 -&gt;   Toplam : 781
215 -&gt; 124 -&gt; 442 -&gt;   Toplam : 781
215 -&gt; 124 -&gt; 442 -&gt;   Toplam : 781
215 -&gt; 124 -&gt; 442 -&gt;   Toplam : 781
215 -&gt; 124 -&gt; 442 -&gt;   Toplam : 781
215 -&gt; 124 -&gt; 442 -&gt;   Toplam : 781
215 -&gt; 124 -&gt; 442 -&gt;   Toplam : 781
215 -&gt; 124 -&gt; 442 -&gt;   Toplam : 781
215 -&gt; 124 -&gt; 442 -&gt;   Toplam : 781
215 -&gt; 124 -&gt; 442 -&gt;   Toplam : 781
215 -&gt; 124 -&gt; 442 -&gt;   Toplam : 781
215 -&gt; 124 -&gt; 442 -&gt;   Toplam : 781
215 -&gt; 124 -&gt; 442 -&gt;   Toplam : 781
215 -&gt; 124 -&gt; 442 -&gt;   Toplam : 781
215 -&gt; 124 -&gt; 442 -&gt;   Toplam : 781
215 -&gt; 124 -&gt; 442 -&gt;   Toplam : 781
215 -&gt; 124 -&gt; 442 -&gt;   Toplam : 781
215 -&gt; 124 -&gt; 442 -&gt;   Toplam : 781
215 -&gt; 124 -&gt; 442 -&gt;   Toplam : 781
215 -&gt; 124 -&gt; 442 -&gt;   Toplam : 781
215 -&gt; 124 -&gt; 442 -&gt;   Toplam : 781
215 -&gt; 124 -&gt; 442 -&gt;   Toplam : 781
215 -&gt; 124 -&gt; 442 -&gt;   Toplam : 781
215 -&gt; 124 -&gt; 442 -&gt;   Toplam : 781
215 -&gt; 124 -&gt; 442 -&gt;   Toplam : 781
215 -&gt; 124 -&gt; 442 -&gt;   Toplam : 781
215 -&gt; 124 -&gt; 442 -&gt;   Toplam : 781
215 -&gt; 124 -&gt; 442 -&gt;   Toplam : 781
215 -&gt; 124 -&gt; 442 -&gt;   Toplam : 781
215 -&gt; 124 -&gt; 442 -&gt;   Toplam : 781
215 -&gt; 124 -&gt; 442 -&gt;   Toplam : 781
215 -&gt; 124 -&gt; 442 -&gt;   Toplam : 781
215 -&gt; 124 -&gt; 442 -&gt;   Toplam : 781
215 -&gt; 124 -&gt; 442 -&gt;   Toplam : 781
215 -&gt; 124 -&gt; 442 -&gt;   Toplam : 781
215 -&gt; 124 -&gt; 442 -&gt;   Toplam : 781
215 -&gt; 124 -&gt; 442 -&gt;   Toplam : 781
215 -&gt; 124 -&gt; 442 -&gt;   Toplam : 781
215 -&gt; 124 -&gt; 442 -&gt;   Toplam : 781
215 -&gt; 124 -&gt; 442 -&gt;   Toplam : 781
215 -&gt; 124 -&gt; 442 -&gt;   Toplam : 781
215 -&gt; 124 -&gt; 442 -&gt;   Toplam : 781
215 -&gt; 124 -&gt; 442 -&gt;   Toplam : 781
215 -&gt; 124 -&gt; 442 -&gt;   Toplam : 781
215 -&gt; 124 -&gt; 442 -&gt;   Toplam : 781
215 -&gt; 124 -&gt; 442 -&gt;   Toplam : 781
215 -&gt; 124 -&gt; 442 -&gt;   Toplam : 781
215 -&gt; 124 -&gt; 442 -&gt;   Toplam : 781
215 -&gt; 124 -&gt; 442 -&gt;   Toplam : 781
215 -&gt; 124 -&gt; 442 -&gt;   Toplam : 781
215 -&gt; 124 -&gt; 442 -&gt;   Toplam : 781
215 -&gt; 124 -&gt; 442 -&gt;   Toplam : 781
215 -&gt; 124 -&gt; 442 -&gt;   Toplam : 781
215 -&gt; 124 -&gt; 442 -&gt;   Toplam : 781
215 -&gt; 124 -&gt; 442 -&gt;   Toplam : 781
215 -&gt; 124 -&gt; 442 -&gt;   Toplam : 781
215 -&gt; 124 -&gt; 442 -&gt;   Toplam : 781
215 -&gt; 124 -&gt; 442 -&gt;   Toplam : 781
215 -&gt; 124 -&gt; 442 -&gt;   Toplam : 781
215 -&gt; 124 -&gt; 442 -&gt;   Toplam : 781
215 -&gt; 124 -&gt; 442 -&gt;   Toplam : 781
215 -&gt; 124 -&gt; 442 -&gt;   Toplam : 781
215 -&gt; 124 -&gt; 442 -&gt;   Toplam : 781
215 -&gt; 124 -&gt; 442 -&gt;   Toplam : 781
215 -&gt; 124 -&gt; 442 -&gt;   Toplam : 781
215 -&gt; 124 -&gt; 442 -&gt;   Toplam : 781
215 -&gt; 124 -&gt; 442 -&gt;   Toplam : 781
215 -&gt; 124 -&gt; 442 -&gt;   Toplam : 781
215 -&gt; 124 -&gt; 442 -&gt;   Toplam : 781
215 -&gt; 124 -&gt; 442 -&gt;   Toplam : 781
215 -&gt; 124 -&gt; 442 -&gt;   Toplam : 781
215 -&gt; 124 -&gt; 442 -&gt;   Toplam : 781
215 -&gt; 124 -&gt; 442 -&gt;   Toplam : 781
215 -&gt; 124 -&gt; 442 -&gt;   Toplam : 781
215 -&gt; 124 -&gt; 442 -&gt;   Toplam : 781
215 -&gt; 124 -&gt; 442 -&gt;   Toplam : 781
215 -&gt; 124 -&gt; 442 -&gt;   Toplam : 781
215 -&gt; 124 -&gt; 442 -&gt;   Toplam : 781
215 -&gt; 124 -&gt; 442 -&gt;   Toplam : 781
215 -&gt; 124 -&gt; 442 -&gt;   Toplam : 781
215 -&gt; 124 -&gt; 442 -&gt;   Toplam : 781
215 -&gt; 124 -&gt; 442 -&gt;   Toplam : 781
215 -&gt; 124 -&gt; 442 -&gt;   Toplam : 781
215 -&gt; 124 -&gt; 442 -&gt;   Toplam : 781
215 -&gt; 124 -&gt; 442 -&gt;   Toplam : 781
215 -&gt; 124 -&gt; 442 -&gt;   Toplam : 781
215 -&gt; 124 -&gt; 442 -&gt;   Toplam : 781
215 -&gt; 124 -&gt; 442 -&gt;   Toplam : 781
215 -&gt; 124 -&gt; 442 -&gt;   Toplam : 781
215 -&gt; 124 -&gt; 442 -&gt;   Toplam : 781
215 -&gt; 124 -&gt; 442 -&gt;   Toplam : 781
215 -&gt; 124 -&gt; 442 -&gt;   Toplam : 781
215 -&gt; 124 -&gt; 442 -&gt;   Toplam : 781
215 -&gt; 124 -&gt; 442 -&gt;   Toplam : 781
215 -&gt; 124 -&gt; 442 -&gt;   Toplam : 781
215 -&gt; 124 -&gt; 442 -&gt;   Toplam : 781
215 -&gt; 124 -&gt; 442 -&gt;   Toplam : 781
215 -&gt; 124 -&gt; 442 -&gt;   Toplam : 781
215 -&gt; 124 -&gt; 442 -&gt;   Toplam : 781
215 -&gt; 124 -&gt; 442 -&gt;   Toplam : 781
215 -&gt; 124 -&gt; 442 -&gt;   Toplam : 781
215 -&gt; 124 -&gt; 442 -&gt;   Toplam : 781
215 -&gt; 124 -&gt; 442 -&gt;   Toplam : 781
215 -&gt; 124 -&gt; 442 -&gt;   Toplam : 781
215 -&gt; 124 -&gt; 442 -&gt;   Toplam : 781
215 -&gt; 124 -&gt; 442 -&gt;   Toplam : 781
215 -&gt; 124 -&gt; 442 -&gt;   Toplam : 781
215 -&gt; 124 -&gt; 442 -&gt;   Toplam : 781
215 -&gt; 124 -&gt; 442 -&gt;   Toplam : 781
215 -&gt; 124 -&gt; 442 -&gt;   Toplam : 781
215 -&gt; 124 -&gt; 442 -&gt;   Toplam : 781
215 -&gt; 124 -&gt; 442 -&gt;   Toplam : 781
215 -&gt; 124 -&gt; 442 -&gt;   Toplam : 781
215 -&gt; 124 -&gt; 442 -&gt;   Toplam : 781
215 -&gt; 124 -&gt; 442 -&gt;   Toplam : 781
215 -&gt; 124 -&gt; 442 -&gt;   Toplam : 781
215 -&gt; 124 -&gt; 442 -&gt;   Toplam : 781
215 -&gt; 124 -&gt; 442 -&gt;   Toplam : 781
215 -&gt; 124 -&gt; 442 -&gt;   Toplam : 781
215 -&gt; 124 -&gt; 442 -&gt;   Toplam : 781
215 -&gt; 124 -&gt; 442 -&gt;   Toplam : 781
215 -&gt; 124 -&gt; 442 -&gt;   Toplam : 781
215 -&gt; 124 -&gt; 442 -&gt;   Toplam : 781
215 -&gt; 124 -&gt; 442 -&gt;   Toplam : 781
215 -&gt; 124 -&gt; 442 -&gt;   Toplam : 781
215 -&gt; 124 -&gt; 442 -&gt;   Toplam : 781
215 -&gt; 124 -&gt; 442 -&gt;   Toplam : 781
215 -&gt; 124 -&gt; 442 -&gt;   Toplam : 781
215 -&gt; 124 -&gt; 442 -&gt;   Toplam : 781
215 -&gt; 124 -&gt; 442 -&gt;   Toplam : 781
215 -&gt; 124 -&gt; 442 -&gt;   Toplam : 781
215 -&gt; 124 -&gt; 442 -&gt;   Toplam : 781
215 -&gt; 124 -&gt; 442 -&gt;   Toplam : 781
215 -&gt; 124 -&gt; 442 -&gt;   Toplam : 781
215 -&gt; 124 -&gt; 442 -&gt;   Toplam : 781
215 -&gt; 124 -&gt; 442 -&gt;   Toplam : 781
215 -&gt; 124 -&gt; 442 -&gt;   Toplam : 781
215 -&gt; 124 -&gt; 442 -&gt;   Toplam : 781
215 -&gt; 124 -&gt; 442 -&gt;   Toplam : 781
215 -&gt; 124 -&gt; 442 -&gt;   Toplam : 781
215 -&gt; 124 -&gt; 442 -&gt;   Toplam : 781
215 -&gt; 124 -&gt; 442 -&gt;   Toplam : 781
215 -&gt; 124 -&gt; 442 -&gt;   Toplam : 781
215 -&gt; 124 -&gt; 442 -&gt;   Toplam : 781
215 -&gt; 124 -&gt; 442 -&gt;   Toplam : 781
215 -&gt; 124 -&gt; 442 -&gt;   Toplam : 781
215 -&gt; 124 -&gt; 442 -&gt;   Toplam : 781
215 -&gt; 124 -&gt; 442 -&gt;   Toplam : 781
215 -&gt; 124 -&gt; 442 -&gt;   Toplam : 781
215 -&gt; 124 -&gt; 442 -&gt;   Toplam : 781
215 -&gt; 124 -&gt; 442 -&gt;   Toplam : 781
215 -&gt; 124 -&gt; 442 -&gt;   Toplam : 781
215 -&gt; 124 -&gt; 442 -&gt;   Toplam : 781
215 -&gt; 124 -&gt; 442 -&gt;   Toplam : 781
215 -&gt; 124 -&gt; 442 -&gt;   Toplam : 781
215 -&gt; 124 -&gt; 442 -&gt;   Toplam : 781
215 -&gt; 124 -&gt; 442 -&gt;   Toplam : 781
215 -&gt; 124 -&gt; 442 -&gt;   Toplam : 781
215 -&gt; 124 -&gt; 442 -&gt;   Toplam : 781
215 -&gt; 124 -&gt; 442 -&gt;   Toplam : 781
215 -&gt; 124 -&gt; 442 -&gt;   Toplam : 781
215 -&gt; 124 -&gt; 442 -&gt;   Toplam : 781
215 -&gt; 124 -&gt; 442 -&gt;   Toplam : 781
215 -&gt; 124 -&gt; 442 -&gt;   Toplam : 781
215 -&gt; 124 -&gt; 442 -&gt;   Toplam : 781
215 -&gt; 124 -&gt; 442 -&gt;   Toplam : 781
215 -&gt; 124 -&gt; 442 -&gt;   Toplam : 781
215 -&gt; 124 -&gt; 442 -&gt;   Toplam : 781
215 -&gt; 124 -&gt; 442 -&gt;   Toplam : 781
215 -&gt; 124 -&gt; 442 -&gt;   Toplam : 781
215 -&gt; 124 -&gt; 442 -&gt;   Toplam : 781
215 -&gt; 124 -&gt; 442 -&gt;   Toplam : 781
215 -&gt; 124 -&gt; 442 -&gt;   Toplam : 781
215 -&gt; 124 -&gt; 442 -&gt;   Toplam : 781
215 -&gt; 124 -&gt; 442 -&gt;   Toplam : 781
215 -&gt; 124 -&gt; 442 -&gt;   Toplam : 781
215 -&gt; 124 -&gt; 442 -&gt;   Toplam : 781
215 -&gt; 124 -&gt; 442 -&gt;   Toplam : 781
215 -&gt; 124 -&gt; 442 -&gt;   Toplam : 781
215 -&gt; 124 -&gt; 442 -&gt;   Toplam : 781
215 -&gt; 124 -&gt; 442 -&gt;   Toplam : 781
215 -&gt; 124 -&gt; 442 -&gt;   Toplam : 781
215 -&gt; 124 -&gt; 442 -&gt;   Toplam : 781
215 -&gt; 124 -&gt; 442 -&gt;   Toplam : 781
215 -&gt; 124 -&gt; 442 -&gt;   Toplam : 781
215 -&gt; 124 -&gt; 442 -&gt;   Toplam : 781
215 -&gt; 124 -&gt; 442 -&gt;   Toplam : 781
215 -&gt; 124 -&gt; 442 -&gt;   Toplam : 781
215 -&gt; 124 -&gt; 442 -&gt;   Toplam : 781
215 -&gt; 124 -&gt; 442 -&gt;   Toplam : 781
215 -&gt; 124 -&gt; 442 -&gt;   Toplam : 781
215 -&gt; 124 -&gt; 442 -&gt;   Toplam : 781
215 -&gt; 124 -&gt; 442 -&gt;   Toplam : 781
215 -&gt; 124 -&gt; 442 -&gt;   Toplam : 781
215 -&gt; 124 -&gt; 442 -&gt;   Toplam : 781
215 -&gt; 124 -&gt; 442 -&gt;   Toplam : 781
215 -&gt; 124 -&gt; 442 -&gt;   Toplam : 781
215 -&gt; 124 -&gt; 442 -&gt;   Toplam : 781
215 -&gt; 124 -&gt; 442 -&gt;   Toplam : 781
215 -&gt; 124 -&gt; 442 -&gt;   Toplam : 781
215 -&gt; 124 -&gt; 442 -&gt;   Toplam : 781
215 -&gt; 124 -&gt; 442 -&gt;   Toplam : 781
215 -&gt; 124 -&gt; 442 -&gt;   Toplam : 781
215 -&gt; 124 -&gt; 442 -&gt;   Toplam : 781
215 -&gt; 124 -&gt; 442 -&gt;   Toplam : 781
215 -&gt; 124 -&gt; 442 -&gt;   Toplam : 781
215 -&gt; 124 -&gt; 442 -&gt;   Toplam : 781
215 -&gt; 124 -&gt; 442 -&gt;   Toplam : 781
215 -&gt; 124 -&gt; 442 -&gt;   Toplam : 781
215 -&gt; 124 -&gt; 442 -&gt;   Toplam : 781
215 -&gt; 124 -&gt; 442 -&gt;   Toplam : 781
215 -&gt; 124 -&gt; 442 -&gt;   Toplam : 781
215 -&gt; 124 -&gt; 442 -&gt;   Toplam : 781
215 -&gt; 124 -&gt; 442 -&gt;   Toplam : 781
215 -&gt; 124 -&gt; 442 -&gt;   Toplam : 781
215 -&gt; 124 -&gt; 442 -&gt;   Toplam : 781
215 -&gt; 124 -&gt; 442 -&gt;   Toplam : 781
215 -&gt; 124 -&gt; 442 -&gt;   Toplam : 781
215 -&gt; 124 -&gt; 442 -&gt;   Toplam : 781
215 -&gt; 124 -&gt; 442 -&gt;   Toplam : 781
215 -&gt; 124 -&gt; 442 -&gt;   Toplam : 781
215 -&gt; 124 -&gt; 442 -&gt;   Toplam : 781
215 -&gt; 124 -&gt; 442 -&gt;   Toplam : 781
215 -&gt; 124 -&gt; 442 -&gt;   Toplam : 781
215 -&gt; 124 -&gt; 442 -&gt;   Toplam : 781
215 -&gt; 124 -&gt; 442 -&gt;   Toplam : 781
215 -&gt; 124 -&gt; 442 -&gt;   Toplam : 781
215 -&gt; 124 -&gt; 442 -&gt;   Toplam : 781
215 -&gt; 124 -&gt; 442 -&gt;   Toplam : 781
215 -&gt; 124 -&gt; 442 -&gt;   Toplam : 781
215 -&gt; 124 -&gt; 442 -&gt;   Toplam : 781
215 -&gt; 124 -&gt; 442 -&gt;   Toplam : 781
215 -&gt; 124 -&gt; 442 -&gt;   Toplam : 781
215 -&gt; 124 -&gt; 442 -&gt;   Toplam : 781
215 -&gt; 124 -&gt; 442 -&gt;   Toplam : 781
215 -&gt; 124 -&gt; 442 -&gt;   Toplam : 781
215 -&gt; 124 -&gt; 442 -&gt;   Toplam : 781
215 -&gt; 124 -&gt; 442 -&gt;   Toplam : 781
215 -&gt; 124 -&gt; 442 -&gt;   Toplam : 781
215 -&gt; 124 -&gt; 442 -&gt;   Toplam : 781
215 -&gt; 124 -&gt; 442 -&gt;   Toplam : 781
215 -&gt; 124 -&gt; 442 -&gt;   Toplam : 781
215 -&gt; 124 -&gt; 442 -&gt;   Toplam : 781
215 -&gt; 124 -&gt; 442 -&gt;   Toplam : 781
215 -&gt; 124 -&gt; 442 -&gt;   Toplam : 781
215 -&gt; 124 -&gt; 442 -&gt;   Toplam : 781
215 -&gt; 124 -&gt; 442 -&gt;   Toplam : 781
215 -&gt; 124 -&gt; 442 -&gt;   Toplam : 781
215 -&gt; 124 -&gt; 442 -&gt;   Toplam : 781
215 -&gt; 124 -&gt; 442 -&gt;   Toplam : 781
215 -&gt; 124 -&gt; 442 -&gt;   Toplam : 781
215 -&gt; 124 -&gt; 442 -&gt;   Toplam : 781
215 -&gt; 124 -&gt; 442 -&gt;   Toplam : 781
215 -&gt; 124 -&gt; 442 -&gt;   Toplam : 781
215 -&gt; 124 -&gt; 442 -&gt;   Toplam : 781
215 -&gt; 124 -&gt; 442 -&gt;   Toplam : 781
215 -&gt; 124 -&gt; 442 -&gt;   Toplam : 781
215 -&gt; 124 -&gt; 442 -&gt;   Toplam : 781
215 -&gt; 124 -&gt; 442 -&gt;   Toplam : 781
215 -&gt; 124 -&gt; 442 -&gt;   Toplam : 781
215 -&gt; 124 -&gt; 442 -&gt;   Toplam : 781
215 -&gt; 124 -&gt; 442 -&gt;   Toplam : 781
215 -&gt; 124 -&gt; 442 -&gt;   Toplam : 781
215 -&gt; 124 -&gt; 442 -&gt;   Toplam : 781
215 -&gt; 124 -&gt; 442 -&gt;   Toplam : 781
215 -&gt; 124 -&gt; 442 -&gt;   Toplam : 781
215 -&gt; 124 -&gt; 442 -&gt;   Toplam : 781
215 -&gt; 124 -&gt; 442 -&gt;   Toplam : 781
215 -&gt; 124 -&gt; 442 -&gt;   Toplam : 781
215 -&gt; 124 -&gt; 442 -&gt;   Toplam : 781
215 -&gt; 124 -&gt; 442 -&gt;   Toplam : 781
215 -&gt; 124 -&gt; 442 -&gt;   Toplam : 781
215 -&gt; 124 -&gt; 442 -&gt;   Toplam : 781
215 -&gt; 124 -&gt; 442 -&gt;   Toplam : 781
215 -&gt; 124 -&gt; 442 -&gt;   Toplam : 781
215 -&gt; 124 -&gt; 442 -&gt;   Toplam : 781
215 -&gt; 124 -&gt; 442 -&gt;   Toplam : 781
215 -&gt; 124 -&gt; 442 -&gt;   Toplam : 781
215 -&gt; 124 -&gt; 442 -&gt;   Toplam : 781
215 -&gt; 124 -&gt; 442 -&gt;   Toplam : 781
215 -&gt; 124 -&gt; 442 -&gt;   Toplam : 781
215 -&gt; 124 -&gt; 442 -&gt;   Toplam : 781
215 -&gt; 124 -&gt; 442 -&gt;   Toplam : 781
215 -&gt; 124 -&gt; 442 -&gt;   Toplam : 781
215 -&gt; 124 -&gt; 442 -&gt;   Toplam : 781
215 -&gt; 124 -&gt; 442 -&gt;   Toplam : 781
215 -&gt; 124 -&gt; 442 -&gt;   Toplam : 781
215 -&gt; 124 -&gt; 442 -&gt;   Toplam : 781
215 -&gt; 124 -&gt; 442 -&gt;   Toplam : 781
215 -&gt; 124 -&gt; 442 -&gt;   Toplam : 781
215 -&gt; 124 -&gt; 442 -&gt;   Toplam : 781
215 -&gt; 124 -&gt; 442 -&gt;   Toplam : 781
215 -&gt; 124 -&gt; 442 -&gt;   Toplam : 781
215 -&gt; 124 -&gt; 442 -&gt;   Toplam : 781
215 -&gt; 124 -&gt; 442 -&gt;   Toplam : 781
215 -&gt; 124 -&gt; 442 -&gt;   Toplam : 781
215 -&gt; 124 -&gt; 442 -&gt;   Toplam : 781
215 -&gt; 124 -&gt; 442 -&gt;   Toplam : 781
215 -&gt; 124 -&gt; 442 -&gt;   Toplam : 781
215 -&gt; 124 -&gt; 442 -&gt;   Toplam : 781
215 -&gt; 124 -&gt; 442 -&gt;   Toplam : 781
215 -&gt; 124 -&gt; 442 -&gt;   Toplam : 781
215 -&gt; 124 -&gt; 442 -&gt;   Toplam : 781
215 -&gt; 124 -&gt; 442 -&gt;   Toplam : 781
215 -&gt; 124 -&gt; 442 -&gt;   Toplam : 781
215 -&gt; 124 -&gt; 442 -&gt;   Toplam : 781
215 -&gt; 124 -&gt; 442 -&gt;   Toplam : 781
215 -&gt; 124 -&gt; 442 -&gt;   Toplam : 781
215 -&gt; 124 -&gt; 442 -&gt;   Toplam : 781
215 -&gt; 124 -&gt; 442 -&gt;   Toplam : 781
215 -&gt; 124 -&gt; 442 -&gt;   Toplam : 781
215 -&gt; 124 -&gt; 442 -&gt;   Toplam : 781
215 -&gt; 124 -&gt; 442 -&gt;   Toplam : 781
215 -&gt; 124 -&gt; 442 -&gt;   Toplam : 781
215 -&gt; 124 -&gt; 442 -&gt;   Toplam : 781
215 -&gt; 124 -&gt; 442 -&gt;   Toplam : 781
215 -&gt; 124 -&gt; 442 -&gt;   Toplam : 781
215 -&gt; 124 -&gt; 442 -&gt;   Toplam : 781
215 -&gt; 124 -&gt; 442 -&gt;   Toplam : 781
215 -&gt; 124 -&gt; 442 -&gt;   Toplam : 781
215 -&gt; 124 -&gt; 442 -&gt;   Toplam : 781
215 -&gt; 124 -&gt; 442 -&gt;   Toplam : 781
215 -&gt; 124 -&gt; 442 -&gt;   Toplam : 781
215 -&gt; 124 -&gt; 442 -&gt;   Toplam : 781
215 -&gt; 124 -&gt; 442 -&gt;   Toplam : 781
215 -&gt; 124 -&gt; 442 -&gt;   Toplam : 781
215 -&gt; 124 -&gt; 442 -&gt;   Toplam : 781
215 -&gt; 124 -&gt; 442 -&gt;   Toplam : 781
215 -&gt; 124 -&gt; 442 -&gt;   Toplam : 781
215 -&gt; 124 -&gt; 442 -&gt;   Toplam : 781
215 -&gt; 124 -&gt; 442 -&gt;   Toplam : 781
215 -&gt; 124 -&gt; 442 -&gt;   Toplam : 781
215 -&gt; 124 -&gt; 442 -&gt;   Toplam : 781
215 -&gt; 124 -&gt; 442 -&gt;   Toplam : 781
215 -&gt; 124 -&gt; 442 -&gt;   Toplam : 781
215 -&gt; 124 -&gt; 442 -&gt;   Toplam : 781
215 -&gt; 124 -&gt; 442 -&gt;   Toplam : 781
215 -&gt; 124 -&gt; 442 -&gt;   Toplam : 781
215 -&gt; 124 -&gt; 442 -&gt;   Toplam : 781
215 -&gt; 124 -&gt; 442 -&gt;   Toplam : 781
215 -&gt; 124 -&gt; 442 -&gt;   Toplam : 781
215 -&gt; 124 -&gt; 442 -&gt;   Toplam : 781
215 -&gt; 124 -&gt; 442 -&gt;   Toplam : 781
215 -&gt; 124 -&gt; 442 -&gt;   Toplam : 781
215 -&gt; 124 -&gt; 442 -&gt;   Toplam : 781
215 -&gt; 124 -&gt; 442 -&gt;   Toplam : 781
215 -&gt; 124 -&gt; 442 -&gt;   Toplam : 781
215 -&gt; 124 -&gt; 442 -&gt;   Toplam : 781
215 -&gt; 124 -&gt; 442 -&gt;   Toplam : 781
215 -&gt; 124 -&gt; 442 -&gt;   Toplam : 781
215 -&gt; 124 -&gt; 442 -&gt;   Toplam : 781
215 -&gt; 124 -&gt; 442 -&gt;   Toplam : 781
215 -&gt; 124 -&gt; 442 -&gt;   Toplam : 781
215 -&gt; 124 -&gt; 442 -&gt;   Toplam : 781
215 -&gt; 124 -&gt; 442 -&gt;   Toplam : 781
215 -&gt; 124 -&gt; 442 -&gt;   Toplam : 781
215 -&gt; 124 -&gt; 442 -&gt;   Toplam : 781
215 -&gt; 124 -&gt; 442 -&gt;   Toplam : 781
215 -&gt; 124 -&gt; 442 -&gt;   Toplam : 781
215 -&gt; 124 -&gt; 442 -&gt;   Toplam : 781
215 -&gt; 124 -&gt; 442 -&gt;   Toplam : 781
215 -&gt; 124 -&gt; 442 -&gt;   Toplam : 781
215 -&gt; 124 -&gt; 442 -&gt;   Toplam : 781
215 -&gt; 124 -&gt; 442 -&gt;   Toplam : 781
215 -&gt; 124 -&gt; 442 -&gt;   Toplam : 781
215 -&gt; 124 -&gt; 442 -&gt;   Toplam : 781
215 -&gt; 124 -&gt; 442 -&gt;   Toplam : 781
215 -&gt; 124 -&gt; 442 -&gt;   Toplam : 781
215 -&gt; 124 -&gt; 442 -&gt;   Toplam : 781
215 -&gt; 124 -&gt; 442 -&gt;   Toplam : 781
215 -&gt; 124 -&gt; 442 -&gt;   Toplam : 781
215 -&gt; 124 -&gt; 442 -&gt;   Toplam : 781
215 -&gt; 124 -&gt; 442 -&gt;   Toplam : 781
215 -&gt; 124 -&gt; 442 -&gt;   Toplam : 781
215 -&gt; 124 -&gt; 442 -&gt;   Toplam : 781
215 -&gt; 124 -&gt; 442 -&gt;   Toplam : 781
215 -&gt; 124 -&gt; 442 -&gt;   Toplam : 781
215 -&gt; 124 -&gt; 442 -&gt;   Toplam : 781
215 -&gt; 124 -&gt; 442 -&gt;   Toplam : 781
215 -&gt; 124 -&gt; 442 -&gt;   Toplam : 781
215 -&gt; 124 -&gt; 442 -&gt;   Toplam : 781
215 -&gt; 124 -&gt; 442 -&gt;   Toplam : 781
215 -&gt; 124 -&gt; 442 -&gt;   Toplam : 781
215 -&gt; 124 -&gt; 442 -&gt;   Toplam : 781
215 -&gt; 124 -&gt; 442 -&gt;   Toplam : 781
215 -&gt; 124 -&gt; 442 -&gt;   Toplam : 781
215 -&gt; 124 -&gt; 442 -&gt;   Toplam : 781
215 -&gt; 124 -&gt; 442 -&gt;   Toplam : 781
215 -&gt; 124 -&gt; 442 -&gt;   Toplam : 781
215 -&gt; 124 -&gt; 442 -&gt;   Toplam : 781
215 -&gt; 124 -&gt; 442 -&gt;   Toplam : 781
215 -&gt; 124 -&gt; 442 -&gt;   Toplam : 781
215 -&gt; 124 -&gt; 442 -&gt;   Toplam : 781
215 -&gt; 124 -&gt; 442 -&gt;   Toplam : 781
215 -&gt; 124 -&gt; 442 -&gt;   Toplam : 781
215 -&gt; 124 -&gt; 442 -&gt;   Toplam : 781
215 -&gt; 124 -&gt; 442 -&gt;   Toplam : 781
215 -&gt; 124 -&gt; 442 -&gt;   Toplam : 781
215 -&gt; 124 -&gt; 442 -&gt;   Toplam : 781
215 -&gt; 124 -&gt; 442 -&gt;   Toplam : 781
215 -&gt; 124 -&gt; 442 -&gt;   Toplam : 781
215 -&gt; 124 -&gt; 442 -&gt;   Toplam : 781
215 -&gt; 124 -&gt; 442 -&gt;   Toplam : 781
215 -&gt; 124 -&gt; 442 -&gt;   Toplam : 781
215 -&gt; 124 -&gt; 442 -&gt;   Toplam : 781
215 -&gt; 124 -&gt; 442 -&gt;   Toplam : 781
215 -&gt; 124 -&gt; 442 -&gt;   Toplam : 781
215 -&gt; 124 -&gt; 442 -&gt;   Toplam : 781
215 -&gt; 124 -&gt; 442 -&gt;   Toplam : 781
215 -&gt; 124 -&gt; 442 -&gt;   Toplam : 781
215 -&gt; 124 -&gt; 442 -&gt;   Toplam : 781
215 -&gt; 124 -&gt; 442 -&gt;   Toplam : 781
215 -&gt; 124 -&gt; 442 -&gt;   Toplam : 781
215 -&gt; 124 -&gt; 442 -&gt;   Toplam : 781
215 -&gt; 124 -&gt; 442 -&gt;   Toplam : 781
215 -&gt; 124 -&gt; 442 -&gt;   Toplam : 781
215 -&gt; 124 -&gt; 442 -&gt;   Toplam : 781
215 -&gt; 124 -&gt; 442 -&gt;   Toplam : 781
215 -&gt; 124 -&gt; 442 -&gt;   Toplam : 781
215 -&gt; 124 -&gt; 442 -&gt;   Toplam : 781
215 -&gt; 124 -&gt; 442 -&gt;   Toplam : 781
215 -&gt; 124 -&gt; 442 -&gt;   Toplam : 781
215 -&gt; 124 -&gt; 442 -&gt;   Toplam : 781
215 -&gt; 124 -&gt; 442 -&gt;   Toplam : 781
215 -&gt; 124 -&gt; 442 -&gt;   Toplam : 781
215 -&gt; 124 -&gt; 442 -&gt;   Toplam : 781
215 -&gt; 124 -&gt; 442 -&gt;   Toplam : 781
215 -&gt; 124 -&gt; 442 -&gt;   Toplam : 781
215 -&gt; 124 -&gt; 442 -&gt;   Toplam : 781
215 -&gt; 124 -&gt; 442 -&gt;   Toplam : 781
215 -&gt; 124 -&gt; 442 -&gt;   Toplam : 781
215 -&gt; 124 -&gt; 442 -&gt;   Toplam : 781
215 -&gt; 124 -&gt; 442 -&gt;   Toplam : 781
215 -&gt; 124 -&gt; 442 -&gt;   Toplam : 781
215 -&gt; 124 -&gt; 442 -&gt;   Toplam : 781
215 -&gt; 124 -&gt; 442 -&gt;   Toplam : 781
215 -&gt; 124 -&gt; 442 -&gt;   Toplam : 781
215 -&gt; 124 -&gt; 442 -&gt;   Toplam : 781
215 -&gt; 124 -&gt; 442 -&gt;   Toplam : 781
215 -&gt; 124 -&gt; 442 -&gt;   Toplam : 781
215 -&gt; 124 -&gt; 442 -&gt;   Toplam : 781
215 -&gt; 124 -&gt; 442 -&gt;   Toplam : 781
215 -&gt; 124 -&gt; 442 -&gt;   Toplam : 781
215 -&gt; 124 -&gt; 442 -&gt;   Toplam : 781
215 -&gt; 124 -&gt; 442 -&gt;   Toplam : 781
215 -&gt; 124 -&gt; 442 -&gt;   Toplam : 781
215 -&gt; 124 -&gt; 442 -&gt;   Toplam : 781
215 -&gt; 124 -&gt; 442 -&gt;   Toplam : 781
215 -&gt; 124 -&gt; 442 -&gt;   Toplam : 781
215 -&gt; 124 -&gt; 442 -&gt;   Toplam : 781
215 -&gt; 124 -&gt; 442 -&gt;   Toplam : 781
215 -&gt; 124 -&gt; 442 -&gt;   Toplam : 781
215 -&gt; 124 -&gt; 442 -&gt;   Toplam : 781
215 -&gt; 124 -&gt; 442 -&gt;   Toplam : 781
215 -&gt; 124 -&gt; 442 -&gt;   Toplam : 781
215 -&gt; 124 -&gt; 442 -&gt;   Toplam : 781
215 -&gt; 124 -&gt; 442 -&gt;   Toplam : 781
215 -&gt; 124 -&gt; 442 -&gt;   Toplam : 781
215 -&gt; 124 -&gt; 442 -&gt;   Toplam : 781
215 -&gt; 124 -&gt; 442 -&gt;   Toplam : 781
215 -&gt; 124 -&gt; 442 -&gt;   Toplam : 781
215 -&gt; 124 -&gt; 442 -&gt;   Toplam : 781
215 -&gt; 124 -&gt; 442 -&gt;   Toplam : 781
215 -&gt; 124 -&gt; 442 -&gt;   Toplam : 781
215 -&gt; 124 -&gt; 442 -&gt;   Toplam : 781
215 -&gt; 124 -&gt; 442 -&gt;   Toplam : 781
215 -&gt; 124 -&gt; 442 -&gt;   Toplam : 781
215 -&gt; 124 -&gt; 442 -&gt;   Toplam : 781
215 -&gt; 124 -&gt; 442 -&gt;   Toplam : 781
215 -&gt; 124 -&gt; 442 -&gt;   Toplam : 781
215 -&gt; 124 -&gt; 442 -&gt;   Toplam : 781
215 -&gt; 124 -&gt; 442 -&gt;   Toplam : 781
215 -&gt; 124 -&gt; 442 -&gt;   Toplam : 781
215 -&gt; 124 -&gt; 442 -&gt;   Toplam : 781
215 -&gt; 124 -&gt; 442 -&gt;   Toplam : 781
215 -&gt; 124 -&gt; 442 -&gt;   Toplam : 781
215 -&gt; 124 -&gt; 442 -&gt;   Toplam : 781
215 -&gt; 124 -&gt; 442 -&gt;   Toplam : 781
215 -&gt; 124 -&gt; 442 -&gt;   Toplam : 781
215 -&gt; 124 -&gt; 442 -&gt;   Toplam : 781
215 -&gt; 124 -&gt; 442 -&gt;   Toplam : 781
215 -&gt; 124 -&gt; 442 -&gt;   Toplam : 781
215 -&gt; 124 -&gt; 442 -&gt;   Toplam : 781
215 -&gt; 124 -&gt; 442 -&gt;   Toplam : 781
215 -&gt; 124 -&gt; 442 -&gt;   Toplam : 781
215 -&gt; 124 -&gt; 442 -&gt;   Toplam : 781
215 -&gt; 124 -&gt; 442 -&gt;   Toplam : 781
215 -&gt; 124 -&gt; 442 -&gt;   Toplam : 781
215 -&gt; 124 -&gt; 442 -&gt;   Toplam : 781
215 -&gt; 124 -&gt; 442 -&gt;   Toplam : 781
215 -&gt; 124 -&gt; 442 -&gt;   Toplam : 781
215 -&gt; 124 -&gt; 442 -&gt;   Toplam : 781
215 -&gt; 124 -&gt; 442 -&gt;   Toplam : 781
215 -&gt; 124 -&gt; 442 -&gt;   Toplam : 781
215 -&gt; 124 -&gt; 442 -&gt;   Toplam : 781
215 -&gt; 124 -&gt; 442 -&gt;   Toplam : 781
215 -&gt; 124 -&gt; 442 -&gt;   Toplam : 781
215 -&gt; 124 -&gt; 442 -&gt;   Toplam : 781
215 -&gt; 124 -&gt; 442 -&gt;   Toplam : 781
215 -&gt; 124 -&gt; 442 -&gt;   Toplam : 781
215 -&gt; 124 -&gt; 442 -&gt;   Toplam : 781
215 -&gt; 124 -&gt; 442 -&gt;   Toplam : 781
215 -&gt; 124 -&gt; 442 -&gt;   Toplam : 781
215 -&gt; 124 -&gt; 442 -&gt;   Toplam : 781
215 -&gt; 124 -&gt; 442 -&gt;   Toplam : 781
215 -&gt; 124 -&gt; 442 -&gt;   Toplam : 781
215 -&gt; 124 -&gt; 442 -&gt;   Toplam : 781
215 -&gt; 124 -&gt; 442 -&gt;   Toplam : 781
215 -&gt; 124 -&gt; 442 -&gt;   Toplam : 781
215 -&gt; 124 -&gt; 442 -&gt;   Toplam : 781
215 -&gt; 124 -&gt; 442 -&gt;   Toplam : 781
215 -&gt; 124 -&gt; 442 -&gt;   Toplam : 781
215 -&gt; 124 -&gt; 442 -&gt;   Toplam : 781
215 -&gt; 124 -&gt; 442 -&gt;   Toplam : 781
215 -&gt; 124 -&gt; 442 -&gt;   Toplam : 781
215 -&gt; 124 -&gt; 442 -&gt;   Toplam : 781
215 -&gt; 124 -&gt; 442 -&gt;   Toplam : 781
215 -&gt; 124 -&gt; 442 -&gt;   Toplam : 781
215 -&gt; 124 -&gt; 442 -&gt;   Toplam : 781
215 -&gt; 124 -&gt; 442 -&gt;   Toplam : 781
215 -&gt; 124 -&gt; 442 -&gt;   Toplam : 781
215 -&gt; 124 -&gt; 442 -&gt;   Toplam : 781
215 -&gt; 124 -&gt; 442 -&gt;   Toplam : 781
215 -&gt; 124 -&gt; 442 -&gt;   Toplam : 781
215 -&gt; 124 -&gt; 442 -&gt;   Toplam : 781
215 -&gt; 124 -&gt; 442 -&gt;   Toplam : 781
215 -&gt; 124 -&gt; 442 -&gt;   Toplam : 781
215 -&gt; 124 -&gt; 442 -&gt;   Toplam : 781
215 -&gt; 124 -&gt; 442 -&gt;   Toplam : 781
215 -&gt; 124 -&gt; 442 -&gt;   Toplam : 781
215 -&gt; 124 -&gt; 442 -&gt;   Toplam : 781
215 -&gt; 124 -&gt; 442 -&gt;   Toplam : 781
215 -&gt; 124 -&gt; 442 -&gt;   Toplam : 781
215 -&gt; 124 -&gt; 442 -&gt;   Toplam : 781
215 -&gt; 124 -&gt; 442 -&gt;   Toplam : 781
215 -&gt; 124 -&gt; 442 -&gt;   Toplam : 781
215 -&gt; 124 -&gt; 442 -&gt;   Toplam : 781
215 -&gt; 124 -&gt; 442 -&gt;   Toplam : 781
215 -&gt; 124 -&gt; 442 -&gt;   Toplam : 781
215 -&gt; 124 -&gt; 442 -&gt;   Toplam : 781
215 -&gt; 124 -&gt; 442 -&gt;   Toplam : 781
215 -&gt; 124 -&gt; 442 -&gt;   Toplam : 781
215 -&gt; 124 -&gt; 442 -&gt;   Toplam : 781
215 -&gt; 124 -&gt; 442 -&gt;   Toplam : 781
215 -&gt; 124 -&gt; 442 -&gt;   Toplam : 781
215 -&gt; 124 -&gt; 442 -&gt;   Toplam : 781
215 -&gt; 124 -&gt; 442 -&gt;   Toplam : 781
215 -&gt; 124 -&gt; 442 -&gt;   Toplam : 781
215 -&gt; 124 -&gt; 442 -&gt;   Toplam : 781
215 -&gt; 124 -&gt; 442 -&gt;   Toplam : 781
215 -&gt; 124 -&gt; 442 -&gt;   Toplam : 781
215 -&gt; 124 -&gt; 442 -&gt;   Toplam : 781
215 -&gt; 124 -&gt; 442 -&gt;   Toplam : 781
215 -&gt; 124 -&gt; 442 -&gt;   Toplam : 781
215 -&gt; 124 -&gt; 442 -&gt;   Toplam : 781
215 -&gt; 124 -&gt; 442 -&gt;   Toplam : 781
215 -&gt; 124 -&gt; 442 -&gt;   Toplam : 781
215 -&gt; 124 -&gt; 442 -&gt;   Toplam : 781
215 -&gt; 124 -&gt; 442 -&gt;   Toplam : 781
215 -&gt; 124 -&gt; 442 -&gt;   Toplam : 781
215 -&gt; 124 -&gt; 442 -&gt;   Toplam : 781
215 -&gt; 124 -&gt; 442 -&gt;   Toplam : 781
215 -&gt; 124 -&gt; 442 -&gt;   Toplam : 781
215 -&gt; 124 -&gt; 442 -&gt;   Toplam : 781
215 -&gt; 124 -&gt; 442 -&gt;   Toplam : 781
215 -&gt; 124 -&gt; 442 -&gt;   Toplam : 781
215 -&gt; 124 -&gt; 442 -&gt;   Toplam : 781
215 -&gt; 124 -&gt; 442 -&gt;   Toplam : 781
215 -&gt; 124 -&gt; 442 -&gt;   Toplam : 781
215 -&gt; 124 -&gt; 442 -&gt;   Toplam : 781
215 -&gt; 124 -&gt; 442 -&gt;   Toplam : 781
215 -&gt; 124 -&gt; 442 -&gt;   Toplam : 781
215 -&gt; 124 -&gt; 442 -&gt;   Toplam : 781
215 -&gt; 124 -&gt; 442 -&gt;   Toplam : 781
215 -&gt; 124 -&gt; 442 -&gt;   Toplam : 781
215 -&gt; 124 -&gt; 442 -&gt;   Toplam : 781
215 -&gt; 124 -&gt; 442 -&gt;   Toplam : 781
215 -&gt; 124 -&gt; 442 -&gt;   Toplam : 781
215 -&gt; 124 -&gt; 442 -&gt;   Toplam : 781
215 -&gt; 124 -&gt; 442 -&gt;   Toplam : 781
215 -&gt; 124 -&gt; 442 -&gt;   Toplam : 781
215 -&gt; 124 -&gt; 442 -&gt;   Toplam : 781
215 -&gt; 124 -&gt; 442 -&gt;   Toplam : 781
215 -&gt; 124 -&gt; 442 -&gt;   Toplam : 781
215 -&gt; 124 -&gt; 442 -&gt;   Toplam : 781
215 -&gt; 124 -&gt; 442 -&gt;   Toplam : 781
215 -&gt; 124 -&gt; 442 -&gt;   Toplam : 781
215 -&gt; 124 -&gt; 442 -&gt;   Toplam : 781
215 -&gt; 124 -&gt; 442 -&gt;   Toplam : 781
215 -&gt; 124 -&gt; 442 -&gt;   Toplam : 781
215 -&gt; 124 -&gt; 442 -&gt;   Toplam : 781
215 -&gt; 124 -&gt; 442 -&gt;   Toplam : 781
215 -&gt; 124 -&gt; 442 -&gt;   Toplam : 781
215 -&gt; 124 -&gt; 442 -&gt;   Toplam : 781
215 -&gt; 124 -&gt; 442 -&gt;   Toplam : 781
215 -&gt; 124 -&gt; 442 -&gt;   Toplam : 781
215 -&gt; 124 -&gt; 442 -&gt;   Toplam : 781
215 -&gt; 124 -&gt; 442 -&gt;   Toplam : 781
215 -&gt; 124 -&gt; 442 -&gt;   Toplam : 781
215 -&gt; 124 -&gt; 442 -&gt;   Toplam : 781
215 -&gt; 124 -&gt; 442 -&gt;   Toplam : 781
215 -&gt; 124 -&gt; 442 -&gt;   Toplam : 781
215 -&gt; 124 -&gt; 442 -&gt;   Toplam : 781
215 -&gt; 124 -&gt; 442 -&gt;   Toplam : 781
215 -&gt; 124 -&gt; 442 -&gt;   Toplam : 781
215 -&gt; 124 -&gt; 442 -&gt;   Toplam : 781
215 -&gt; 124 -&gt; 442 -&gt;   Toplam : 781
215 -&gt; 124 -&gt; 442 -&gt;   Toplam : 781
215 -&gt; 124 -&gt; 442 -&gt;   Toplam : 781
215 -&gt; 124 -&gt; 442 -&gt;   Toplam : 781
215 -&gt; 124 -&gt; 442 -&gt;   Toplam : 781
215 -&gt; 124 -&gt; 442 -&gt;   Toplam : 781
215 -&gt; 124 -&gt; 442 -&gt;   Toplam : 781
215 -&gt; 124 -&gt; 442 -&gt;   Toplam : 781
215 -&gt; 124 -&gt; 442 -&gt;   Toplam : 781
215 -&gt; 124 -&gt; 442 -&gt;   Toplam : 781
215 -&gt; 124 -&gt; 442 -&gt;   Toplam : 781
215 -&gt; 124 -&gt; 442 -&gt;   Toplam : 781
215 -&gt; 124 -&gt; 442 -&gt;   Toplam : 781
215 -&gt; 124 -&gt; 442 -&gt;   Toplam : 781
215 -&gt; 124 -&gt; 442 -&gt;   Toplam : 781
215 -&gt; 124 -&gt; 442 -&gt;   Toplam : 781
215 -&gt; 124 -&gt; 442 -&gt;   Toplam : 781
215 -&gt; 124 -&gt; 442 -&gt;   Toplam : 781
215 -&gt; 124 -&gt; 442 -&gt;   Toplam : 781
215 -&gt; 124 -&gt; 442 -&gt;   Toplam : 781
215 -&gt; 124 -&gt; 442 -&gt;   Toplam : 781
215 -&gt; 124 -&gt; 442 -&gt;   Toplam : 781
215 -&gt; 124 -&gt; 442 -&gt;   Toplam : 781
215 -&gt; 124 -&gt; 442 -&gt;   Toplam : 781
215 -&gt; 124 -&gt; 442 -&gt;   Toplam : 781
215 -&gt; 124 -&gt; 442 -&gt;   Toplam : 781
215 -&gt; 124 -&gt; 442 -&gt;   Toplam : 781
215 -&gt; 124 -&gt; 442 -&gt;   Toplam : 781
215 -&gt; 124 -&gt; 442 -&gt;   Toplam : 781
215 -&gt; 124 -&gt; 442 -&gt;   Toplam : 781
215 -&gt; 124 -&gt; 442 -&gt;   Toplam : 781
215 -&gt; 124 -&gt; 442 -&gt;   Toplam : 781
215 -&gt; 124 -&gt; 442 -&gt;   Toplam : 781
215 -&gt; 124 -&gt; 442 -&gt;   Toplam : 781
215 -&gt; 124 -&gt; 442 -&gt;   Toplam : 781
215 -&gt; 124 -&gt; 442 -&gt;   Toplam : 781
215 -&gt; 124 -&gt; 442 -&gt;   Toplam : 781
215 -&gt; 124 -&gt; 442 -&gt;   Toplam : 781
215 -&gt; 124 -&gt; 442 -&gt;   Toplam : 781
215 -&gt; 124 -&gt; 442 -&gt;   Toplam : 781
215 -&gt; 124 -&gt; 442 -&gt;   Toplam : 781
215 -&gt; 124 -&gt; 442 -&gt;   Toplam : 781
215 -&gt; 124 -&gt; 442 -&gt;   Toplam : 781
215 -&gt; 124 -&gt; 442 -&gt;   Toplam : 781
215 -&gt; 124 -&gt; 442 -&gt;   Toplam : 781
215 -&gt; 124 -&gt; 442 -&gt;   Toplam : 781
215 -&gt; 124 -&gt; 442 -&gt;   Toplam : 781
215 -&gt; 124 -&gt; 442 -&gt;   Toplam : 781
215 -&gt; 124 -&gt; 442 -&gt;   Toplam : 781
215 -&gt; 124 -&gt; 442 -&gt;   Toplam : 781
215 -&gt; 124 -&gt; 442 -&gt;   Toplam : 781
215 -&gt; 124 -&gt; 442 -&gt;   Toplam : 781
215 -&gt; 124 -&gt; 442 -&gt;   Toplam : 781
215 -&gt; 124 -&gt; 442 -&gt;   Toplam : 781
215 -&gt; 124 -&gt; 442 -&gt;   Toplam : 781
215 -&gt; 124 -&gt; 442 -&gt;   Toplam : 781
215 -&gt; 124 -&gt; 442 -&gt;   Toplam : 781
215 -&gt; 124 -&gt; 442 -&gt;   Toplam : 781
215 -&gt; 124 -&gt; 442 -&gt;   Toplam : 781
215 -&gt; 124 -&gt; 442 -&gt;   Toplam : 781
215 -&gt; 124 -&gt; 442 -&gt;   Toplam : 781
215 -&gt; 124 -&gt; 442 -&gt;   Toplam : 781
215 -&gt; 124 -&gt; 442 -&gt;   Toplam : 781
215 -&gt; 124 -&gt; 442 -&gt;   Toplam : 781
215 -&gt; 124 -&gt; 442 -&gt;   Toplam : 781
215 -&gt; 124 -&gt; 442 -&gt;   Toplam : 781
215 -&gt; 124 -&gt; 442 -&gt;   Toplam : 781
215 -&gt; 124 -&gt; 442 -&gt;   Toplam : 781
215 -&gt; 124 -&gt; 442 -&gt;   Toplam : 781
215 -&gt; 124 -&gt; 442 -&gt;   Toplam : 781
215 -&gt; 124 -&gt; 442 -&gt;   Toplam : 781
215 -&gt; 124 -&gt; 442 -&gt;   Toplam : 781
215 -&gt; 124 -&gt; 442 -&gt;   Toplam : 781
215 -&gt; 124 -&gt; 442 -&gt;   Toplam : 781
215 -&gt; 124 -&gt; 442 -&gt;   Toplam : 781
215 -&gt; 124 -&gt; 442 -&gt;   Toplam : 781
215 -&gt; 124 -&gt; 442 -&gt;   Toplam : 781
215 -&gt; 124 -&gt; 442 -&gt;   Toplam : 781
215 -&gt; 124 -&gt; 442 -&gt; 235 -&gt; 417 -&gt; 835 -&gt;   Toplam : 2268
215 -&gt; 124 -&gt; 442 -&gt; 235 -&gt; 417 -&gt; 835 -&gt;   Toplam : 2268
215 -&gt; 124 -&gt; 442 -&gt; 235 -&gt; 417 -&gt; 835 -&gt;   Toplam : 2268
215 -&gt; 124 -&gt; 442 -&gt; 235 -&gt; 417 -&gt; 835 -&gt;   Toplam : 2268
215 -&gt; 124 -&gt; 442 -&gt; 235 -&gt; 417 -&gt; 835 -&gt;   Toplam : 2268
215 -&gt; 124 -&gt; 442 -&gt; 235 -&gt; 417 -&gt; 835 -&gt;   Toplam : 2268
215 -&gt; 124 -&gt; 442 -&gt; 235 -&gt; 417 -&gt; 835 -&gt;   Toplam : 2268
215 -&gt; 124 -&gt; 442 -&gt; 235 -&gt; 417 -&gt; 835 -&gt;   Toplam : 2268
215 -&gt; 124 -&gt; 442 -&gt; 235 -&gt; 417 -&gt; 835 -&gt;   Toplam : 2268
215 -&gt; 124 -&gt; 442 -&gt; 235 -&gt; 417 -&gt; 835 -&gt;   Toplam : 2268
215 -&gt; 124 -&gt; 442 -&gt; 235 -&gt; 417 -&gt; 835 -&gt;   Toplam : 2268
215 -&gt; 124 -&gt; 442 -&gt; 235 -&gt; 417 -&gt; 835 -&gt;   Toplam : 2268
215 -&gt; 124 -&gt; 442 -&gt; 235 -&gt; 417 -&gt; 835 -&gt;   Toplam : 2268
215 -&gt; 124 -&gt; 442 -&gt; 235 -&gt; 417 -&gt; 835 -&gt;   Toplam : 2268
215 -&gt; 124 -&gt; 442 -&gt; 235 -&gt; 417 -&gt; 835 -&gt;   Toplam : 2268
215 -&gt; 124 -&gt; 442 -&gt; 235 -&gt; 417 -&gt; 835 -&gt;   Toplam : 2268
215 -&gt; 124 -&gt; 442 -&gt; 235 -&gt; 417 -&gt; 835 -&gt;   Toplam : 2268
215 -&gt; 124 -&gt; 442 -&gt; 235 -&gt; 417 -&gt; 835 -&gt;   Toplam : 2268
215 -&gt; 124 -&gt; 442 -&gt; 235 -&gt; 417 -&gt; 835 -&gt;   Toplam : 2268
215 -&gt; 124 -&gt; 442 -&gt; 235 -&gt; 417 -&gt; 835 -&gt;   Toplam : 2268
215 -&gt; 124 -&gt; 442 -&gt; 235 -&gt; 417 -&gt; 835 -&gt;   Toplam : 2268
215 -&gt; 124 -&gt; 442 -&gt; 235 -&gt; 417 -&gt; 835 -&gt;   Toplam : 2268
215 -&gt; 124 -&gt; 442 -&gt; 235 -&gt; 417 -&gt; 835 -&gt;   Toplam : 2268
215 -&gt; 124 -&gt; 442 -&gt; 235 -&gt; 417 -&gt; 835 -&gt;   Toplam : 2268
215 -&gt; 124 -&gt; 442 -&gt; 235 -&gt; 417 -&gt; 835 -&gt;   Toplam : 2268
215 -&gt; 124 -&gt; 442 -&gt; 235 -&gt; 417 -&gt; 835 -&gt;   Toplam : 2268
215 -&gt; 124 -&gt; 442 -&gt; 235 -&gt; 417 -&gt; 835 -&gt;   Toplam : 2268
215 -&gt; 124 -&gt; 442 -&gt; 235 -&gt; 417 -&gt; 835 -&gt;   Toplam : 2268
215 -&gt; 124 -&gt; 442 -&gt; 235 -&gt; 417 -&gt; 835 -&gt;   Toplam : 2268
215 -&gt; 124 -&gt; 442 -&gt; 235 -&gt; 417 -&gt; 835 -&gt;   Toplam : 2268
215 -&gt; 124 -&gt; 442 -&gt; 235 -&gt; 417 -&gt; 835 -&gt;   Toplam : 2268
215 -&gt; 124 -&gt; 442 -&gt; 235 -&gt; 417 -&gt; 835 -&gt;   Toplam : 2268
215 -&gt; 124 -&gt; 442 -&gt; 235 -&gt; 417 -&gt; 835 -&gt;   Toplam : 2268
215 -&gt; 124 -&gt; 442 -&gt; 235 -&gt; 417 -&gt; 835 -&gt;   Toplam : 2268
215 -&gt; 124 -&gt; 442 -&gt; 235 -&gt; 417 -&gt; 835 -&gt;   Toplam : 2268
215 -&gt; 124 -&gt; 442 -&gt; 235 -&gt; 417 -&gt; 835 -&gt;   Toplam : 2268
215 -&gt; 124 -&gt; 442 -&gt; 235 -&gt; 417 -&gt; 835 -&gt;   Toplam : 2268
215 -&gt; 124 -&gt; 442 -&gt; 235 -&gt; 417 -&gt; 835 -&gt;   Toplam : 2268
215 -&gt; 124 -&gt; 442 -&gt; 235 -&gt; 417 -&gt; 835 -&gt;   Toplam : 2268
215 -&gt; 124 -&gt; 442 -&gt; 235 -&gt; 417 -&gt; 835 -&gt;   Toplam : 2268
215 -&gt; 124 -&gt; 442 -&gt; 235 -&gt; 417 -&gt; 835 -&gt;   Toplam : 2268
215 -&gt; 124 -&gt; 442 -&gt; 235 -&gt; 417 -&gt; 835 -&gt;   Toplam : 2268
215 -&gt; 124 -&gt; 442 -&gt; 235 -&gt; 417 -&gt; 835 -&gt;   Toplam : 2268
215 -&gt; 124 -&gt; 442 -&gt; 235 -&gt; 417 -&gt; 835 -&gt;   Toplam : 2268
215 -&gt; 124 -&gt; 442 -&gt; 235 -&gt; 417 -&gt; 835 -&gt;   Toplam : 2268
215 -&gt; 124 -&gt; 442 -&gt; 235 -&gt; 417 -&gt; 835 -&gt;   Toplam : 2268
215 -&gt; 124 -&gt; 442 -&gt; 235 -&gt; 417 -&gt; 835 -&gt;   Toplam : 2268
215 -&gt; 124 -&gt; 442 -&gt; 235 -&gt; 417 -&gt; 835 -&gt;   Toplam : 2268
215 -&gt; 124 -&gt; 442 -&gt; 235 -&gt; 417 -&gt; 835 -&gt;   Toplam : 2268
215 -&gt; 124 -&gt; 442 -&gt; 235 -&gt; 417 -&gt; 835 -&gt;   Toplam : 2268
215 -&gt; 124 -&gt; 442 -&gt; 235 -&gt; 417 -&gt; 835 -&gt;   Toplam : 2268
215 -&gt; 124 -&gt; 442 -&gt; 235 -&gt; 417 -&gt; 835 -&gt;   Toplam : 2268
215 -&gt; 124 -&gt; 442 -&gt; 235 -&gt; 417 -&gt; 835 -&gt;   Toplam : 2268
215 -&gt; 124 -&gt; 442 -&gt; 235 -&gt; 417 -&gt; 835 -&gt;   Toplam : 2268
215 -&gt; 124 -&gt; 442 -&gt; 235 -&gt; 417 -&gt; 835 -&gt;   Toplam : 2268
215 -&gt; 124 -&gt; 442 -&gt; 235 -&gt; 417 -&gt; 835 -&gt;   Toplam : 2268
215 -&gt; 124 -&gt; 442 -&gt; 235 -&gt; 417 -&gt; 835 -&gt;   Toplam : 2268
215 -&gt; 124 -&gt; 442 -&gt; 235 -&gt; 417 -&gt; 835 -&gt;   Toplam : 2268
215 -&gt; 124 -&gt; 442 -&gt; 235 -&gt; 417 -&gt; 835 -&gt;   Toplam : 2268
215 -&gt; 124 -&gt; 442 -&gt; 235 -&gt; 417 -&gt; 835 -&gt;   Toplam : 2268
215 -&gt; 124 -&gt; 442 -&gt; 235 -&gt; 417 -&gt; 835 -&gt;   Toplam : 2268
215 -&gt; 124 -&gt; 442 -&gt; 235 -&gt; 417 -&gt; 835 -&gt;   Toplam : 2268
215 -&gt; 124 -&gt; 442 -&gt; 235 -&gt; 417 -&gt; 835 -&gt;   Toplam : 2268
215 -&gt; 124 -&gt; 442 -&gt; 235 -&gt; 417 -&gt; 835 -&gt;   Toplam : 2268
215 -&gt; 124 -&gt; 442 -&gt; 235 -&gt; 417 -&gt; 835 -&gt;   Toplam : 2268
215 -&gt; 124 -&gt; 442 -&gt; 235 -&gt; 417 -&gt; 835 -&gt;   Toplam : 2268
215 -&gt; 124 -&gt; 442 -&gt; 235 -&gt; 417 -&gt; 835 -&gt;   Toplam : 2268
215 -&gt; 124 -&gt; 442 -&gt; 235 -&gt; 417 -&gt; 835 -&gt;   Toplam : 2268
215 -&gt; 124 -&gt; 442 -&gt; 235 -&gt; 417 -&gt; 835 -&gt;   Toplam : 2268
215 -&gt; 124 -&gt; 442 -&gt; 235 -&gt; 417 -&gt; 835 -&gt;   Toplam : 2268
215 -&gt; 124 -&gt; 442 -&gt; 235 -&gt; 417 -&gt; 835 -&gt;   Toplam : 2268
215 -&gt; 124 -&gt; 442 -&gt; 235 -&gt; 417 -&gt; 835 -&gt;   Toplam : 2268
215 -&gt; 124 -&gt; 442 -&gt; 235 -&gt; 417 -&gt; 835 -&gt;   Toplam : 2268
215 -&gt; 124 -&gt; 442 -&gt; 235 -&gt; 417 -&gt; 835 -&gt;   Toplam : 2268
215 -&gt; 124 -&gt; 442 -&gt; 235 -&gt; 417 -&gt; 835 -&gt;   Toplam : 2268
215 -&gt; 124 -&gt; 442 -&gt; 235 -&gt; 417 -&gt; 835 -&gt;   Toplam : 2268
215 -&gt; 124 -&gt; 442 -&gt; 235 -&gt; 417 -&gt; 835 -&gt;   Toplam : 2268
215 -&gt; 124 -&gt; 442 -&gt; 235 -&gt; 417 -&gt; 835 -&gt;   Toplam : 2268
215 -&gt; 124 -&gt; 442 -&gt; 235 -&gt; 417 -&gt; 835 -&gt;   Toplam : 2268
215 -&gt; 124 -&gt; 442 -&gt; 235 -&gt; 417 -&gt; 835 -&gt;   Toplam : 2268
215 -&gt; 124 -&gt; 442 -&gt; 235 -&gt; 417 -&gt; 835 -&gt;   Toplam : 2268
215 -&gt; 124 -&gt; 442 -&gt; 235 -&gt; 417 -&gt; 835 -&gt;   Toplam : 2268
215 -&gt; 124 -&gt; 442 -&gt; 235 -&gt; 417 -&gt; 835 -&gt;   Toplam : 2268
215 -&gt; 124 -&gt; 442 -&gt; 235 -&gt; 417 -&gt; 835 -&gt;   Toplam : 2268
215 -&gt; 124 -&gt; 442 -&gt; 235 -&gt; 417 -&gt; 835 -&gt;   Toplam : 2268
215 -&gt; 124 -&gt; 442 -&gt; 235 -&gt; 417 -&gt; 835 -&gt;   Toplam : 2268
215 -&gt; 124 -&gt; 442 -&gt; 235 -&gt; 417 -&gt; 835 -&gt;   Toplam : 2268
215 -&gt; 124 -&gt; 442 -&gt; 235 -&gt; 417 -&gt; 835 -&gt;   Toplam : 2268
215 -&gt; 124 -&gt; 442 -&gt; 235 -&gt; 417 -&gt; 835 -&gt;   Toplam : 2268
215 -&gt; 124 -&gt; 442 -&gt; 235 -&gt; 417 -&gt; 835 -&gt;   Toplam : 2268
215 -&gt; 124 -&gt; 442 -&gt; 235 -&gt; 417 -&gt; 835 -&gt;   Toplam : 2268
215 -&gt; 124 -&gt; 442 -&gt; 235 -&gt; 417 -&gt; 835 -&gt;   Toplam : 2268
215 -&gt; 124 -&gt; 442 -&gt; 235 -&gt; 417 -&gt; 835 -&gt;   Toplam : 2268
215 -&gt; 124 -&gt; 442 -&gt; 235 -&gt; 417 -&gt; 835 -&gt;   Toplam : 2268
215 -&gt; 124 -&gt; 442 -&gt; 235 -&gt; 417 -&gt; 835 -&gt;   Toplam : 2268
215 -&gt; 124 -&gt; 442 -&gt; 235 -&gt; 417 -&gt; 835 -&gt;   Toplam : 2268
215 -&gt; 124 -&gt; 442 -&gt; 235 -&gt; 417 -&gt; 835 -&gt;   Toplam : 2268
215 -&gt; 124 -&gt; 442 -&gt; 235 -&gt; 417 -&gt; 835 -&gt;   Toplam : 2268
215 -&gt; 124 -&gt; 442 -&gt; 235 -&gt; 417 -&gt; 835 -&gt;   Toplam : 2268
215 -&gt; 124 -&gt; 442 -&gt; 235 -&gt; 417 -&gt; 835 -&gt;   Toplam : 2268
215 -&gt; 124 -&gt; 442 -&gt; 235 -&gt; 417 -&gt; 835 -&gt;   Toplam : 2268
215 -&gt; 124 -&gt; 442 -&gt; 235 -&gt; 417 -&gt; 835 -&gt;   Toplam : 2268
215 -&gt; 124 -&gt; 442 -&gt; 235 -&gt; 417 -&gt; 835 -&gt;   Toplam : 2268
215 -&gt; 124 -&gt; 442 -&gt; 235 -&gt; 417 -&gt; 835 -&gt;   Toplam : 2268
215 -&gt; 124 -&gt; 442 -&gt; 235 -&gt; 417 -&gt; 835 -&gt;   Toplam : 2268
215 -&gt; 124 -&gt; 442 -&gt; 235 -&gt; 417 -&gt; 835 -&gt;   Toplam : 2268
215 -&gt; 124 -&gt; 442 -&gt; 235 -&gt; 417 -&gt; 835 -&gt;   Toplam : 2268
215 -&gt; 124 -&gt; 442 -&gt; 235 -&gt; 417 -&gt; 835 -&gt;   Toplam : 2268
215 -&gt; 124 -&gt; 442 -&gt; 235 -&gt; 417 -&gt; 835 -&gt;   Toplam : 2268
215 -&gt; 124 -&gt; 442 -&gt; 235 -&gt; 417 -&gt; 835 -&gt;   Toplam : 2268
215 -&gt; 124 -&gt; 442 -&gt; 235 -&gt; 417 -&gt; 835 -&gt;   Toplam : 2268
215 -&gt; 124 -&gt; 442 -&gt; 235 -&gt; 417 -&gt; 835 -&gt;   Toplam : 2268
215 -&gt; 124 -&gt; 442 -&gt; 235 -&gt; 417 -&gt; 835 -&gt;   Toplam : 2268
215 -&gt; 124 -&gt; 442 -&gt; 235 -&gt; 417 -&gt; 835 -&gt;   Toplam : 2268
215 -&gt; 124 -&gt; 442 -&gt; 235 -&gt; 417 -&gt; 835 -&gt;   Toplam : 2268
215 -&gt; 124 -&gt; 442 -&gt; 235 -&gt; 417 -&gt; 835 -&gt;   Toplam : 2268
215 -&gt; 124 -&gt; 442 -&gt; 235 -&gt; 417 -&gt; 835 -&gt;   Toplam : 2268
215 -&gt; 124 -&gt; 442 -&gt; 235 -&gt; 417 -&gt; 835 -&gt;   Toplam : 2268
215 -&gt; 124 -&gt; 442 -&gt; 235 -&gt; 417 -&gt; 835 -&gt;   Toplam : 2268
215 -&gt; 124 -&gt; 442 -&gt; 235 -&gt; 417 -&gt; 835 -&gt;   Toplam : 2268
215 -&gt; 124 -&gt; 442 -&gt; 235 -&gt; 417 -&gt; 835 -&gt;   Toplam : 2268
215 -&gt; 124 -&gt; 442 -&gt; 235 -&gt; 417 -&gt; 835 -&gt;   Toplam : 2268
215 -&gt; 124 -&gt; 442 -&gt; 235 -&gt; 417 -&gt; 835 -&gt;   Toplam : 2268
215 -&gt; 124 -&gt; 442 -&gt; 235 -&gt; 417 -&gt; 835 -&gt;   Toplam : 2268
215 -&gt; 124 -&gt; 442 -&gt; 235 -&gt; 417 -&gt; 835 -&gt;   Toplam : 2268
215 -&gt; 124 -&gt; 442 -&gt; 235 -&gt; 417 -&gt; 835 -&gt;   Toplam : 2268
215 -&gt; 124 -&gt; 442 -&gt; 235 -&gt; 417 -&gt; 835 -&gt;   Toplam : 2268
215 -&gt; 124 -&gt; 442 -&gt; 235 -&gt; 417 -&gt; 835 -&gt;   Toplam : 2268
215 -&gt; 124 -&gt; 442 -&gt; 235 -&gt; 417 -&gt; 835 -&gt;   Toplam : 2268
215 -&gt; 124 -&gt; 442 -&gt; 235 -&gt; 417 -&gt; 835 -&gt;   Toplam : 2268
215 -&gt; 124 -&gt; 442 -&gt; 235 -&gt; 417 -&gt; 835 -&gt;   Toplam : 2268
215 -&gt; 124 -&gt; 442 -&gt; 235 -&gt; 417 -&gt; 835 -&gt;   Toplam : 2268
215 -&gt; 124 -&gt; 442 -&gt; 235 -&gt; 417 -&gt; 835 -&gt;   Toplam : 2268
215 -&gt; 124 -&gt; 442 -&gt; 235 -&gt; 417 -&gt; 835 -&gt;   Toplam : 2268
215 -&gt; 124 -&gt; 442 -&gt; 235 -&gt; 417 -&gt; 835 -&gt;   Toplam : 2268
215 -&gt; 124 -&gt; 442 -&gt; 235 -&gt; 417 -&gt; 835 -&gt;   Toplam : 2268
215 -&gt; 124 -&gt; 442 -&gt; 235 -&gt; 417 -&gt; 835 -&gt;   Toplam : 2268
215 -&gt; 124 -&gt; 442 -&gt; 235 -&gt; 417 -&gt; 835 -&gt;   Toplam : 2268
215 -&gt; 124 -&gt; 442 -&gt; 235 -&gt; 417 -&gt; 835 -&gt;   Toplam : 2268
215 -&gt; 124 -&gt; 442 -&gt; 235 -&gt; 417 -&gt; 835 -&gt;   Toplam : 2268
215 -&gt; 124 -&gt; 442 -&gt; 235 -&gt; 417 -&gt; 835 -&gt;   Toplam : 2268
215 -&gt; 124 -&gt; 442 -&gt; 235 -&gt; 417 -&gt; 835 -&gt;   Toplam : 2268
215 -&gt; 124 -&gt; 442 -&gt; 235 -&gt; 417 -&gt; 835 -&gt;   Toplam : 2268
215 -&gt; 124 -&gt; 442 -&gt; 235 -&gt; 417 -&gt; 835 -&gt;   Toplam : 2268
215 -&gt; 124 -&gt; 442 -&gt; 235 -&gt; 417 -&gt; 835 -&gt;   Toplam : 2268
215 -&gt; 124 -&gt; 442 -&gt; 235 -&gt; 417 -&gt; 835 -&gt;   Toplam : 2268
215 -&gt; 124 -&gt; 442 -&gt; 235 -&gt; 417 -&gt; 835 -&gt;   Toplam : 2268
215 -&gt; 124 -&gt; 442 -&gt; 235 -&gt; 417 -&gt; 835 -&gt;   Toplam : 2268
215 -&gt; 124 -&gt; 442 -&gt; 235 -&gt; 417 -&gt; 835 -&gt;   Toplam : 2268
215 -&gt; 124 -&gt; 442 -&gt; 235 -&gt; 417 -&gt; 835 -&gt;   Toplam : 2268
215 -&gt; 124 -&gt; 442 -&gt; 235 -&gt; 417 -&gt; 835 -&gt;   Toplam : 2268
215 -&gt; 124 -&gt; 442 -&gt; 235 -&gt; 417 -&gt; 835 -&gt;   Toplam : 2268
215 -&gt; 124 -&gt; 442 -&gt; 235 -&gt; 417 -&gt; 835 -&gt;   Toplam : 2268
215 -&gt; 124 -&gt; 442 -&gt; 235 -&gt; 417 -&gt; 835 -&gt;   Toplam : 2268
215 -&gt; 124 -&gt; 442 -&gt; 235 -&gt; 417 -&gt; 835 -&gt;   Toplam : 2268
215 -&gt; 124 -&gt; 442 -&gt; 235 -&gt; 417 -&gt; 835 -&gt;   Toplam : 2268
215 -&gt; 124 -&gt; 442 -&gt; 235 -&gt; 417 -&gt; 835 -&gt;   Toplam : 2268
215 -&gt; 124 -&gt; 442 -&gt; 235 -&gt; 417 -&gt; 835 -&gt;   Toplam : 2268
215 -&gt; 124 -&gt; 442 -&gt; 235 -&gt; 417 -&gt; 835 -&gt;   Toplam : 2268
215 -&gt; 124 -&gt; 442 -&gt; 235 -&gt; 417 -&gt; 835 -&gt;   Toplam : 2268
215 -&gt; 124 -&gt; 442 -&gt; 235 -&gt; 417 -&gt; 835 -&gt;   Toplam : 2268
215 -&gt; 124 -&gt; 442 -&gt; 235 -&gt; 417 -&gt; 835 -&gt;   Toplam : 2268
215 -&gt; 124 -&gt; 442 -&gt; 235 -&gt; 417 -&gt; 835 -&gt;   Toplam : 2268
215 -&gt; 124 -&gt; 442 -&gt; 235 -&gt; 417 -&gt; 835 -&gt;   Toplam : 2268
215 -&gt; 124 -&gt; 442 -&gt; 235 -&gt; 417 -&gt; 835 -&gt;   Toplam : 2268
215 -&gt; 124 -&gt; 442 -&gt; 235 -&gt; 417 -&gt; 835 -&gt;   Toplam : 2268
215 -&gt; 124 -&gt; 442 -&gt; 235 -&gt; 417 -&gt; 835 -&gt;   Toplam : 2268
215 -&gt; 124 -&gt; 442 -&gt; 235 -&gt; 417 -&gt; 835 -&gt;   Toplam : 2268
215 -&gt; 124 -&gt; 442 -&gt; 235 -&gt; 417 -&gt; 835 -&gt;   Toplam : 2268
215 -&gt; 124 -&gt; 442 -&gt; 235 -&gt; 417 -&gt; 835 -&gt;   Toplam : 2268
215 -&gt; 124 -&gt; 442 -&gt; 235 -&gt; 417 -&gt; 835 -&gt;   Toplam : 2268
215 -&gt; 124 -&gt; 442 -&gt; 235 -&gt; 417 -&gt; 835 -&gt;   Toplam : 2268
215 -&gt; 124 -&gt; 442 -&gt; 235 -&gt; 417 -&gt; 835 -&gt;   Toplam : 2268
215 -&gt; 124 -&gt; 442 -&gt; 235 -&gt; 417 -&gt; 835 -&gt;   Toplam : 2268
215 -&gt; 124 -&gt; 442 -&gt; 235 -&gt; 417 -&gt; 835 -&gt;   Toplam : 2268
215 -&gt; 124 -&gt; 442 -&gt; 235 -&gt; 417 -&gt; 835 -&gt;   Toplam : 2268
215 -&gt; 124 -&gt; 442 -&gt; 235 -&gt; 417 -&gt; 835 -&gt;   Toplam : 2268
215 -&gt; 124 -&gt; 442 -&gt; 235 -&gt; 417 -&gt; 835 -&gt;   Toplam : 2268
215 -&gt; 124 -&gt; 442 -&gt; 235 -&gt; 417 -&gt; 835 -&gt;   Toplam : 2268
215 -&gt; 124 -&gt; 442 -&gt; 235 -&gt; 417 -&gt; 835 -&gt;   Toplam : 2268
215 -&gt; 124 -&gt; 442 -&gt; 235 -&gt; 417 -&gt; 835 -&gt;   Toplam : 2268
215 -&gt; 124 -&gt; 442 -&gt; 235 -&gt; 417 -&gt; 835 -&gt;   Toplam : 2268
215 -&gt; 124 -&gt; 442 -&gt; 235 -&gt; 417 -&gt; 835 -&gt;   Toplam : 2268
215 -&gt; 124 -&gt; 442 -&gt; 235 -&gt; 417 -&gt; 835 -&gt;   Toplam : 2268
215 -&gt; 124 -&gt; 442 -&gt; 235 -&gt; 417 -&gt; 835 -&gt;   Toplam : 2268
215 -&gt; 124 -&gt; 442 -&gt; 235 -&gt; 417 -&gt; 835 -&gt;   Toplam : 2268
215 -&gt; 124 -&gt; 442 -&gt; 235 -&gt; 417 -&gt; 835 -&gt;   Toplam : 2268
215 -&gt; 124 -&gt; 442 -&gt; 235 -&gt; 417 -&gt; 835 -&gt;   Toplam : 2268
215 -&gt; 124 -&gt; 442 -&gt; 235 -&gt; 417 -&gt; 835 -&gt;   Toplam : 2268
215 -&gt; 124 -&gt; 442 -&gt; 235 -&gt; 417 -&gt; 835 -&gt;   Toplam : 2268
215 -&gt; 124 -&gt; 442 -&gt; 235 -&gt; 417 -&gt; 835 -&gt;   Toplam : 2268
215 -&gt; 124 -&gt; 442 -&gt; 235 -&gt; 417 -&gt; 835 -&gt;   Toplam : 2268
215 -&gt; 124 -&gt; 442 -&gt; 235 -&gt; 417 -&gt; 835 -&gt;   Toplam : 2268
215 -&gt; 124 -&gt; 442 -&gt; 235 -&gt; 417 -&gt; 835 -&gt;   Toplam : 2268
215 -&gt; 124 -&gt; 442 -&gt; 235 -&gt; 417 -&gt; 835 -&gt;   Toplam : 2268
215 -&gt; 124 -&gt; 442 -&gt; 235 -&gt; 417 -&gt; 835 -&gt;   Toplam : 2268
215 -&gt; 124 -&gt; 442 -&gt; 235 -&gt; 417 -&gt; 835 -&gt;   Toplam : 2268
215 -&gt; 124 -&gt; 442 -&gt; 235 -&gt; 417 -&gt; 835 -&gt;   Toplam : 2268
215 -&gt; 124 -&gt; 442 -&gt; 235 -&gt; 417 -&gt; 835 -&gt;   Toplam : 2268
215 -&gt; 124 -&gt; 442 -&gt; 235 -&gt; 417 -&gt; 835 -&gt;   Toplam : 2268
215 -&gt; 124 -&gt; 442 -&gt; 235 -&gt; 417 -&gt; 835 -&gt;   Toplam : 2268
215 -&gt; 124 -&gt; 442 -&gt; 235 -&gt; 417 -&gt; 835 -&gt;   Toplam : 2268
215 -&gt; 124 -&gt; 442 -&gt; 235 -&gt; 417 -&gt; 835 -&gt;   Toplam : 2268
215 -&gt; 124 -&gt; 442 -&gt; 235 -&gt; 417 -&gt; 835 -&gt;   Toplam : 2268
215 -&gt; 124 -&gt; 442 -&gt; 235 -&gt; 417 -&gt; 835 -&gt;   Toplam : 2268
215 -&gt; 124 -&gt; 442 -&gt; 235 -&gt; 417 -&gt; 835 -&gt;   Toplam : 2268
215 -&gt; 124 -&gt; 442 -&gt; 235 -&gt; 417 -&gt; 835 -&gt;   Toplam : 2268
215 -&gt; 124 -&gt; 442 -&gt; 235 -&gt; 417 -&gt; 835 -&gt;   Toplam : 2268
215 -&gt; 124 -&gt; 442 -&gt; 235 -&gt; 417 -&gt; 835 -&gt;   Toplam : 2268
215 -&gt; 124 -&gt; 442 -&gt; 235 -&gt; 417 -&gt; 835 -&gt;   Toplam : 2268
215 -&gt; 124 -&gt; 442 -&gt; 235 -&gt; 417 -&gt; 835 -&gt;   Toplam : 2268
215 -&gt; 124 -&gt; 442 -&gt; 235 -&gt; 417 -&gt; 835 -&gt;   Toplam : 2268
215 -&gt; 124 -&gt; 442 -&gt; 235 -&gt; 417 -&gt; 835 -&gt;   Toplam : 2268
215 -&gt; 124 -&gt; 442 -&gt; 235 -&gt; 417 -&gt; 835 -&gt;   Toplam : 2268
215 -&gt; 124 -&gt; 442 -&gt; 235 -&gt; 417 -&gt; 835 -&gt;   Toplam : 2268
215 -&gt; 124 -&gt; 442 -&gt; 235 -&gt; 417 -&gt; 835 -&gt;   Toplam : 2268
215 -&gt; 124 -&gt; 442 -&gt; 235 -&gt; 417 -&gt; 835 -&gt;   Toplam : 2268
215 -&gt; 124 -&gt; 442 -&gt; 235 -&gt; 417 -&gt; 835 -&gt;   Toplam : 2268
215 -&gt; 124 -&gt; 442 -&gt; 235 -&gt; 417 -&gt; 835 -&gt;   Toplam : 2268
215 -&gt; 124 -&gt; 442 -&gt; 235 -&gt; 417 -&gt; 835 -&gt;   Toplam : 2268
215 -&gt; 124 -&gt; 442 -&gt; 235 -&gt; 417 -&gt; 835 -&gt;   Toplam : 2268
215 -&gt; 124 -&gt; 442 -&gt; 235 -&gt; 417 -&gt; 835 -&gt;   Toplam : 2268
215 -&gt; 124 -&gt; 442 -&gt; 235 -&gt; 417 -&gt; 835 -&gt;   Toplam : 2268
215 -&gt; 124 -&gt; 442 -&gt; 235 -&gt; 417 -&gt; 835 -&gt;   Toplam : 2268
215 -&gt; 124 -&gt; 442 -&gt; 235 -&gt; 417 -&gt; 835 -&gt;   Toplam : 2268
215 -&gt; 124 -&gt; 442 -&gt; 235 -&gt; 417 -&gt; 835 -&gt;   Toplam : 2268
215 -&gt; 124 -&gt; 442 -&gt; 235 -&gt; 417 -&gt; 835 -&gt;   Toplam : 2268
215 -&gt; 124 -&gt; 442 -&gt; 235 -&gt; 417 -&gt; 835 -&gt;   Toplam : 2268
215 -&gt; 124 -&gt; 442 -&gt; 235 -&gt; 417 -&gt; 835 -&gt;   Toplam : 2268
215 -&gt; 124 -&gt; 442 -&gt; 235 -&gt; 417 -&gt; 835 -&gt;   Toplam : 2268
215 -&gt; 124 -&gt; 442 -&gt; 235 -&gt; 417 -&gt; 835 -&gt;   Toplam : 2268
215 -&gt; 124 -&gt; 442 -&gt; 235 -&gt; 417 -&gt; 835 -&gt;   Toplam : 2268
215 -&gt; 124 -&gt; 442 -&gt; 235 -&gt; 417 -&gt; 835 -&gt;   Toplam : 2268
215 -&gt; 124 -&gt; 442 -&gt; 235 -&gt; 417 -&gt; 835 -&gt;   Toplam : 2268
215 -&gt; 124 -&gt; 442 -&gt; 235 -&gt; 417 -&gt; 835 -&gt;   Toplam : 2268
215 -&gt; 124 -&gt; 442 -&gt; 235 -&gt; 417 -&gt; 835 -&gt;   Toplam : 2268
215 -&gt; 124 -&gt; 442 -&gt; 235 -&gt; 417 -&gt; 835 -&gt;   Toplam : 2268
215 -&gt; 124 -&gt; 442 -&gt; 235 -&gt; 417 -&gt; 835 -&gt;   Toplam : 2268
215 -&gt; 124 -&gt; 442 -&gt; 235 -&gt; 417 -&gt; 835 -&gt;   Toplam : 2268
215 -&gt; 124 -&gt; 442 -&gt; 235 -&gt; 417 -&gt; 835 -&gt;   Toplam : 2268
215 -&gt; 124 -&gt; 442 -&gt; 235 -&gt; 417 -&gt; 835 -&gt;   Toplam : 2268
215 -&gt; 124 -&gt; 442 -&gt; 235 -&gt; 417 -&gt; 835 -&gt;   Toplam : 2268
215 -&gt; 124 -&gt; 442 -&gt; 235 -&gt; 417 -&gt; 835 -&gt;   Toplam : 2268
215 -&gt; 124 -&gt; 442 -&gt; 235 -&gt; 417 -&gt; 835 -&gt;   Toplam : 2268
215 -&gt; 124 -&gt; 442 -&gt; 235 -&gt; 417 -&gt; 835 -&gt;   Toplam : 2268
215 -&gt; 124 -&gt; 442 -&gt; 235 -&gt; 417 -&gt; 835 -&gt;   Toplam : 2268
215 -&gt; 124 -&gt; 442 -&gt; 235 -&gt; 417 -&gt; 835 -&gt;   Toplam : 2268
215 -&gt; 124 -&gt; 442 -&gt; 235 -&gt; 417 -&gt; 835 -&gt;   Toplam : 2268
215 -&gt; 124 -&gt; 442 -&gt; 235 -&gt; 417 -&gt; 835 -&gt;   Toplam : 2268
215 -&gt; 124 -&gt; 442 -&gt; 235 -&gt; 417 -&gt; 835 -&gt;   Toplam : 2268
215 -&gt; 124 -&gt; 442 -&gt; 235 -&gt; 417 -&gt; 835 -&gt;   Toplam : 2268
215 -&gt; 124 -&gt; 442 -&gt; 235 -&gt; 417 -&gt; 835 -&gt;   Toplam : 2268
215 -&gt; 124 -&gt; 442 -&gt; 235 -&gt; 417 -&gt; 835 -&gt;   Toplam : 2268
215 -&gt; 124 -&gt; 442 -&gt; 235 -&gt; 417 -&gt; 835 -&gt;   Toplam : 2268
215 -&gt; 124 -&gt; 442 -&gt; 235 -&gt; 417 -&gt; 835 -&gt;   Toplam : 2268
215 -&gt; 124 -&gt; 442 -&gt; 235 -&gt; 417 -&gt; 835 -&gt;   Toplam : 2268
215 -&gt; 124 -&gt; 442 -&gt; 235 -&gt; 417 -&gt; 835 -&gt; 207 -&gt; 516 -&gt;   Toplam : 2991
215 -&gt; 124 -&gt; 442 -&gt; 235 -&gt; 417 -&gt; 835 -&gt; 207 -&gt; 516 -&gt;   Toplam : 2991
215 -&gt; 124 -&gt; 442 -&gt; 235 -&gt; 417 -&gt; 835 -&gt; 207 -&gt; 516 -&gt;   Toplam : 2991
215 -&gt; 124 -&gt; 442 -&gt; 235 -&gt; 417 -&gt; 835 -&gt; 207 -&gt; 516 -&gt;   Toplam : 2991
215 -&gt; 124 -&gt; 442 -&gt; 235 -&gt; 417 -&gt; 835 -&gt; 207 -&gt; 516 -&gt;   Toplam : 2991
215 -&gt; 124 -&gt; 442 -&gt; 235 -&gt; 417 -&gt; 835 -&gt; 207 -&gt; 516 -&gt;   Toplam : 2991
215 -&gt; 124 -&gt; 442 -&gt; 235 -&gt; 417 -&gt; 835 -&gt; 207 -&gt; 516 -&gt;   Toplam : 2991
215 -&gt; 124 -&gt; 442 -&gt; 235 -&gt; 417 -&gt; 835 -&gt; 207 -&gt; 516 -&gt;   Toplam : 2991
215 -&gt; 124 -&gt; 442 -&gt; 235 -&gt; 417 -&gt; 835 -&gt; 207 -&gt; 516 -&gt;   Toplam : 2991
215 -&gt; 124 -&gt; 442 -&gt; 235 -&gt; 417 -&gt; 835 -&gt; 207 -&gt; 516 -&gt;   Toplam : 2991
215 -&gt; 124 -&gt; 442 -&gt; 235 -&gt; 417 -&gt; 835 -&gt; 207 -&gt; 516 -&gt;   Toplam : 2991
215 -&gt; 124 -&gt; 442 -&gt; 235 -&gt; 417 -&gt; 835 -&gt; 207 -&gt; 516 -&gt;   Toplam : 2991
215 -&gt; 124 -&gt; 442 -&gt; 235 -&gt; 417 -&gt; 835 -&gt; 207 -&gt; 516 -&gt;   Toplam : 2991
215 -&gt; 124 -&gt; 442 -&gt; 235 -&gt; 417 -&gt; 835 -&gt; 207 -&gt; 516 -&gt;   Toplam : 2991
215 -&gt; 124 -&gt; 442 -&gt; 235 -&gt; 417 -&gt; 835 -&gt; 207 -&gt; 516 -&gt;   Toplam : 2991
215 -&gt; 124 -&gt; 442 -&gt; 235 -&gt; 417 -&gt; 835 -&gt; 207 -&gt; 516 -&gt;   Toplam : 2991
215 -&gt; 124 -&gt; 442 -&gt; 235 -&gt; 417 -&gt; 835 -&gt; 207 -&gt; 516 -&gt;   Toplam : 2991
215 -&gt; 124 -&gt; 442 -&gt; 235 -&gt; 417 -&gt; 835 -&gt; 207 -&gt; 516 -&gt;   Toplam : 2991
215 -&gt; 124 -&gt; 442 -&gt; 235 -&gt; 417 -&gt; 835 -&gt; 207 -&gt; 516 -&gt;   Toplam : 2991
215 -&gt; 124 -&gt; 442 -&gt; 235 -&gt; 417 -&gt; 835 -&gt; 207 -&gt; 516 -&gt;   Toplam : 2991
215 -&gt; 124 -&gt; 442 -&gt; 235 -&gt; 417 -&gt; 835 -&gt; 207 -&gt; 516 -&gt;   Toplam : 2991
215 -&gt; 124 -&gt; 442 -&gt; 235 -&gt; 417 -&gt; 835 -&gt; 207 -&gt; 516 -&gt;   Toplam : 2991
215 -&gt; 124 -&gt; 442 -&gt; 235 -&gt; 417 -&gt; 835 -&gt; 207 -&gt; 516 -&gt;   Toplam : 2991
215 -&gt; 124 -&gt; 442 -&gt; 235 -&gt; 417 -&gt; 835 -&gt; 207 -&gt; 516 -&gt;   Toplam : 2991
215 -&gt; 124 -&gt; 442 -&gt; 235 -&gt; 417 -&gt; 835 -&gt; 207 -&gt; 516 -&gt;   Toplam : 2991
215 -&gt; 124 -&gt; 442 -&gt; 235 -&gt; 417 -&gt; 835 -&gt; 207 -&gt; 516 -&gt;   Toplam : 2991
215 -&gt; 124 -&gt; 442 -&gt; 235 -&gt; 417 -&gt; 835 -&gt; 207 -&gt; 516 -&gt;   Toplam : 2991
215 -&gt; 124 -&gt; 442 -&gt; 235 -&gt; 417 -&gt; 835 -&gt; 207 -&gt; 516 -&gt;   Toplam : 2991
215 -&gt; 124 -&gt; 442 -&gt; 235 -&gt; 417 -&gt; 835 -&gt; 207 -&gt; 516 -&gt;   Toplam : 2991
215 -&gt; 124 -&gt; 442 -&gt; 235 -&gt; 417 -&gt; 835 -&gt; 207 -&gt; 516 -&gt;   Toplam : 2991
215 -&gt; 124 -&gt; 442 -&gt; 235 -&gt; 417 -&gt; 835 -&gt; 207 -&gt; 516 -&gt;   Toplam : 2991
215 -&gt; 124 -&gt; 442 -&gt; 235 -&gt; 417 -&gt; 835 -&gt; 207 -&gt; 516 -&gt;   Toplam : 2991
215 -&gt; 124 -&gt; 442 -&gt; 235 -&gt; 417 -&gt; 835 -&gt; 207 -&gt; 516 -&gt;   Toplam : 2991
215 -&gt; 124 -&gt; 442 -&gt; 235 -&gt; 417 -&gt; 835 -&gt; 207 -&gt; 516 -&gt;   Toplam : 2991
215 -&gt; 124 -&gt; 442 -&gt; 235 -&gt; 417 -&gt; 835 -&gt; 207 -&gt; 516 -&gt;   Toplam : 2991
215 -&gt; 124 -&gt; 442 -&gt; 235 -&gt; 417 -&gt; 835 -&gt; 207 -&gt; 516 -&gt;   Toplam : 2991
215 -&gt; 124 -&gt; 442 -&gt; 235 -&gt; 417 -&gt; 835 -&gt; 207 -&gt; 516 -&gt;   Toplam : 2991
215 -&gt; 124 -&gt; 442 -&gt; 235 -&gt; 417 -&gt; 835 -&gt; 207 -&gt; 516 -&gt;   Toplam : 2991
215 -&gt; 124 -&gt; 442 -&gt; 235 -&gt; 417 -&gt; 835 -&gt; 207 -&gt; 516 -&gt;   Toplam : 2991
215 -&gt; 124 -&gt; 442 -&gt; 235 -&gt; 417 -&gt; 835 -&gt; 207 -&gt; 516 -&gt;   Toplam : 2991
215 -&gt; 124 -&gt; 442 -&gt; 235 -&gt; 417 -&gt; 835 -&gt; 207 -&gt; 516 -&gt;   Toplam : 2991
215 -&gt; 124 -&gt; 442 -&gt; 235 -&gt; 417 -&gt; 835 -&gt; 207 -&gt; 516 -&gt;   Toplam : 2991
215 -&gt; 124 -&gt; 442 -&gt; 235 -&gt; 417 -&gt; 835 -&gt; 207 -&gt; 516 -&gt;   Toplam : 2991
215 -&gt; 124 -&gt; 442 -&gt; 235 -&gt; 417 -&gt; 835 -&gt; 207 -&gt; 516 -&gt;   Toplam : 2991
215 -&gt; 124 -&gt; 442 -&gt; 235 -&gt; 417 -&gt; 835 -&gt; 207 -&gt; 516 -&gt;   Toplam : 2991
215 -&gt; 124 -&gt; 442 -&gt; 235 -&gt; 417 -&gt; 835 -&gt; 207 -&gt; 516 -&gt;   Toplam : 2991
215 -&gt; 124 -&gt; 442 -&gt; 235 -&gt; 417 -&gt; 835 -&gt; 207 -&gt; 516 -&gt;   Toplam : 2991
215 -&gt; 124 -&gt; 442 -&gt; 235 -&gt; 417 -&gt; 835 -&gt; 207 -&gt; 516 -&gt;   Toplam : 2991
215 -&gt; 124 -&gt; 442 -&gt; 235 -&gt; 417 -&gt; 835 -&gt; 207 -&gt; 516 -&gt;   Toplam : 2991
215 -&gt; 124 -&gt; 442 -&gt; 235 -&gt; 417 -&gt; 835 -&gt; 207 -&gt; 516 -&gt;   Toplam : 2991
215 -&gt; 124 -&gt; 442 -&gt; 235 -&gt; 417 -&gt; 835 -&gt; 207 -&gt; 516 -&gt;   Toplam : 2991
215 -&gt; 124 -&gt; 442 -&gt; 235 -&gt; 417 -&gt; 835 -&gt; 207 -&gt; 516 -&gt;   Toplam : 2991
215 -&gt; 124 -&gt; 442 -&gt; 235 -&gt; 417 -&gt; 835 -&gt; 207 -&gt; 516 -&gt;   Toplam : 2991
215 -&gt; 124 -&gt; 442 -&gt; 235 -&gt; 417 -&gt; 835 -&gt; 207 -&gt; 516 -&gt;   Toplam : 2991
215 -&gt; 124 -&gt; 442 -&gt; 235 -&gt; 417 -&gt; 835 -&gt; 207 -&gt; 516 -&gt;   Toplam : 2991
215 -&gt; 124 -&gt; 442 -&gt; 235 -&gt; 417 -&gt; 835 -&gt; 207 -&gt; 516 -&gt;   Toplam : 2991
215 -&gt; 124 -&gt; 442 -&gt; 235 -&gt; 417 -&gt; 835 -&gt; 207 -&gt; 516 -&gt;   Toplam : 2991
215 -&gt; 124 -&gt; 442 -&gt; 235 -&gt; 417 -&gt; 835 -&gt; 207 -&gt; 516 -&gt;   Toplam : 2991
215 -&gt; 124 -&gt; 442 -&gt; 235 -&gt; 417 -&gt; 835 -&gt; 207 -&gt; 516 -&gt;   Toplam : 2991
215 -&gt; 124 -&gt; 442 -&gt; 235 -&gt; 417 -&gt; 835 -&gt; 207 -&gt; 516 -&gt;   Toplam : 2991
215 -&gt; 124 -&gt; 442 -&gt; 235 -&gt; 417 -&gt; 835 -&gt; 207 -&gt; 516 -&gt;   Toplam : 2991
215 -&gt; 124 -&gt; 442 -&gt; 235 -&gt; 417 -&gt; 835 -&gt; 207 -&gt; 516 -&gt;   Toplam : 2991
215 -&gt; 124 -&gt; 442 -&gt; 235 -&gt; 417 -&gt; 835 -&gt; 207 -&gt; 516 -&gt;   Toplam : 2991
215 -&gt; 124 -&gt; 442 -&gt; 235 -&gt; 417 -&gt; 835 -&gt; 207 -&gt; 516 -&gt;   Toplam : 2991
215 -&gt; 124 -&gt; 442 -&gt; 235 -&gt; 417 -&gt; 835 -&gt; 207 -&gt; 516 -&gt; 560 -&gt; 632 -&gt; 543 -&gt;   Toplam : 4726
215 -&gt; 124 -&gt; 442 -&gt; 235 -&gt; 417 -&gt; 835 -&gt; 207 -&gt; 516 -&gt; 560 -&gt; 632 -&gt; 543 -&gt;   Toplam : 4726
215 -&gt; 124 -&gt; 442 -&gt; 235 -&gt; 417 -&gt; 835 -&gt; 207 -&gt; 516 -&gt; 560 -&gt; 632 -&gt; 543 -&gt;   Toplam : 4726
215 -&gt; 124 -&gt; 442 -&gt; 235 -&gt; 417 -&gt; 835 -&gt; 207 -&gt; 516 -&gt; 560 -&gt; 632 -&gt; 543 -&gt;   Toplam : 4726
215 -&gt; 124 -&gt; 442 -&gt; 235 -&gt; 417 -&gt; 835 -&gt; 207 -&gt; 516 -&gt; 560 -&gt; 632 -&gt; 543 -&gt;   Toplam : 4726
215 -&gt; 124 -&gt; 442 -&gt; 235 -&gt; 417 -&gt; 835 -&gt; 207 -&gt; 516 -&gt; 560 -&gt; 632 -&gt; 543 -&gt;   Toplam : 4726
215 -&gt; 124 -&gt; 442 -&gt; 235 -&gt; 417 -&gt; 835 -&gt; 207 -&gt; 516 -&gt; 560 -&gt; 632 -&gt; 543 -&gt;   Toplam : 4726
215 -&gt; 124 -&gt; 442 -&gt; 235 -&gt; 417 -&gt; 835 -&gt; 207 -&gt; 516 -&gt; 560 -&gt; 632 -&gt; 543 -&gt;   Toplam : 4726
215 -&gt; 124 -&gt; 442 -&gt; 235 -&gt; 417 -&gt; 835 -&gt; 207 -&gt; 516 -&gt; 560 -&gt; 632 -&gt; 543 -&gt;   Toplam : 4726
215 -&gt; 124 -&gt; 442 -&gt; 235 -&gt; 417 -&gt; 835 -&gt; 207 -&gt; 516 -&gt; 560 -&gt; 632 -&gt; 543 -&gt;   Toplam : 4726
215 -&gt; 124 -&gt; 442 -&gt; 235 -&gt; 417 -&gt; 835 -&gt; 207 -&gt; 516 -&gt; 560 -&gt; 632 -&gt; 543 -&gt;   Toplam : 4726
215 -&gt; 124 -&gt; 442 -&gt; 235 -&gt; 417 -&gt; 835 -&gt; 207 -&gt; 516 -&gt; 560 -&gt; 632 -&gt; 543 -&gt;   Toplam : 4726
215 -&gt; 124 -&gt; 442 -&gt; 235 -&gt; 417 -&gt; 835 -&gt; 207 -&gt; 516 -&gt; 560 -&gt; 632 -&gt; 543 -&gt;   Toplam : 4726
215 -&gt; 124 -&gt; 442 -&gt; 235 -&gt; 417 -&gt; 835 -&gt; 207 -&gt; 516 -&gt; 560 -&gt; 632 -&gt; 543 -&gt;   Toplam : 4726
215 -&gt; 124 -&gt; 442 -&gt; 235 -&gt; 417 -&gt; 835 -&gt; 207 -&gt; 516 -&gt; 560 -&gt; 632 -&gt; 543 -&gt;   Toplam : 4726
215 -&gt; 124 -&gt; 442 -&gt; 235 -&gt; 417 -&gt; 835 -&gt; 207 -&gt; 516 -&gt; 560 -&gt; 632 -&gt; 543 -&gt;   Toplam : 4726
215 -&gt; 124 -&gt; 442 -&gt; 235 -&gt; 417 -&gt; 835 -&gt; 207 -&gt; 516 -&gt; 560 -&gt; 632 -&gt; 931 -&gt;   Toplam : 5114
215 -&gt; 124 -&gt; 442 -&gt; 235 -&gt; 417 -&gt; 835 -&gt; 207 -&gt; 516 -&gt; 560 -&gt; 632 -&gt; 931 -&gt;   Toplam : 5114
215 -&gt; 124 -&gt; 442 -&gt; 235 -&gt; 417 -&gt; 835 -&gt; 207 -&gt; 516 -&gt; 560 -&gt; 632 -&gt; 931 -&gt;   Toplam : 5114
215 -&gt; 124 -&gt; 442 -&gt; 235 -&gt; 417 -&gt; 835 -&gt; 207 -&gt; 516 -&gt; 560 -&gt; 632 -&gt; 931 -&gt;   Toplam : 5114
215 -&gt; 124 -&gt; 442 -&gt; 235 -&gt; 417 -&gt; 835 -&gt; 207 -&gt; 516 -&gt; 560 -&gt; 632 -&gt; 931 -&gt;   Toplam : 5114
215 -&gt; 124 -&gt; 442 -&gt; 235 -&gt; 417 -&gt; 835 -&gt; 207 -&gt; 516 -&gt; 560 -&gt; 632 -&gt; 931 -&gt;   Toplam : 5114
215 -&gt; 124 -&gt; 442 -&gt; 235 -&gt; 417 -&gt; 835 -&gt; 207 -&gt; 516 -&gt; 560 -&gt; 632 -&gt; 931 -&gt;   Toplam : 5114
215 -&gt; 124 -&gt; 442 -&gt; 235 -&gt; 417 -&gt; 835 -&gt; 207 -&gt; 516 -&gt; 560 -&gt; 632 -&gt; 931 -&gt;   Toplam : 5114
215 -&gt; 124 -&gt; 442 -&gt; 235 -&gt; 417 -&gt; 835 -&gt; 207 -&gt; 516 -&gt; 560 -&gt; 632 -&gt; 931 -&gt; 778 -&gt; 413 -&gt; 310 -&gt; 218 -&gt;   Toplam : 6833
215 -&gt; 
124 -&gt; 
442 -&gt; 
235 -&gt; 
417 -&gt; 
835 -&gt; 
207 -&gt; 
516 -&gt; 
560 -&gt; 
632 -&gt; 
931 -&gt; 
778 -&gt; 
413 -&gt; 
310 -&gt; 
218 -&gt; 
  Toplam : 6833
215 -&gt; 124 -&gt; 442 -&gt; 235 -&gt; 417 -&gt; 835 -&gt; 207 -&gt; 516 -&gt; 560 -&gt; 632 -&gt; 931 -&gt; 778 -&gt; 413 -&gt; 310 -&gt; 253 -&gt;   Toplam : 6868
215 -&gt; 
124 -&gt; 
442 -&gt; 
235 -&gt; 
417 -&gt; 
835 -&gt; 
207 -&gt; 
516 -&gt; 
560 -&gt; 
632 -&gt; 
931 -&gt; 
778 -&gt; 
413 -&gt; 
310 -&gt; 
253 -&gt; 
  Toplam : 6868
215 -&gt; 124 -&gt; 442 -&gt; 235 -&gt; 417 -&gt; 835 -&gt; 207 -&gt; 516 -&gt; 560 -&gt; 632 -&gt; 931 -&gt; 778 -&gt; 413 -&gt; 713 -&gt; 253 -&gt;   Toplam : 7271
215 -&gt; 
124 -&gt; 
442 -&gt; 
235 -&gt; 
417 -&gt; 
835 -&gt; 
207 -&gt; 
516 -&gt; 
560 -&gt; 
632 -&gt; 
931 -&gt; 
778 -&gt; 
413 -&gt; 
713 -&gt; 
253 -&gt; 
  Toplam : 7271
215 -&gt; 124 -&gt; 442 -&gt; 235 -&gt; 417 -&gt; 835 -&gt; 207 -&gt; 516 -&gt; 560 -&gt; 632 -&gt; 931 -&gt; 778 -&gt; 413 -&gt; 713 -&gt;   Toplam : 7018
215 -&gt; 124 -&gt; 442 -&gt; 235 -&gt; 417 -&gt; 835 -&gt; 207 -&gt; 516 -&gt; 560 -&gt; 632 -&gt; 931 -&gt; 778 -&gt; 528 -&gt; 713 -&gt; 253 -&gt;   Toplam : 7386
215 -&gt; 
124 -&gt; 
442 -&gt; 
235 -&gt; 
417 -&gt; 
835 -&gt; 
207 -&gt; 
516 -&gt; 
560 -&gt; 
632 -&gt; 
931 -&gt; 
778 -&gt; 
528 -&gt; 
713 -&gt; 
253 -&gt; 
  Toplam : 7386
215 -&gt; 124 -&gt; 442 -&gt; 235 -&gt; 417 -&gt; 835 -&gt; 207 -&gt; 516 -&gt; 560 -&gt; 632 -&gt; 931 -&gt; 778 -&gt; 528 -&gt; 713 -&gt;   Toplam : 7133
215 -&gt; 124 -&gt; 442 -&gt; 235 -&gt; 417 -&gt; 835 -&gt; 207 -&gt; 516 -&gt; 560 -&gt; 632 -&gt; 931 -&gt; 778 -&gt; 528 -&gt; 999 -&gt;   Toplam : 7419
215 -&gt; 124 -&gt; 442 -&gt; 235 -&gt; 417 -&gt; 835 -&gt; 207 -&gt; 516 -&gt; 560 -&gt; 632 -&gt; 931 -&gt; 778 -&gt; 528 -&gt; 999 -&gt;   Toplam : 7419
215 -&gt; 124 -&gt; 442 -&gt; 235 -&gt; 417 -&gt; 835 -&gt; 207 -&gt; 516 -&gt; 560 -&gt; 387 -&gt; 931 -&gt;   Toplam : 4869
215 -&gt; 124 -&gt; 442 -&gt; 235 -&gt; 417 -&gt; 835 -&gt; 207 -&gt; 516 -&gt; 560 -&gt; 387 -&gt; 931 -&gt;   Toplam : 4869
215 -&gt; 124 -&gt; 442 -&gt; 235 -&gt; 417 -&gt; 835 -&gt; 207 -&gt; 516 -&gt; 560 -&gt; 387 -&gt; 931 -&gt;   Toplam : 4869
215 -&gt; 124 -&gt; 442 -&gt; 235 -&gt; 417 -&gt; 835 -&gt; 207 -&gt; 516 -&gt; 560 -&gt; 387 -&gt; 931 -&gt;   Toplam : 4869
215 -&gt; 124 -&gt; 442 -&gt; 235 -&gt; 417 -&gt; 835 -&gt; 207 -&gt; 516 -&gt; 560 -&gt; 387 -&gt; 931 -&gt;   Toplam : 4869
215 -&gt; 124 -&gt; 442 -&gt; 235 -&gt; 417 -&gt; 835 -&gt; 207 -&gt; 516 -&gt; 560 -&gt; 387 -&gt; 931 -&gt;   Toplam : 4869
215 -&gt; 124 -&gt; 442 -&gt; 235 -&gt; 417 -&gt; 835 -&gt; 207 -&gt; 516 -&gt; 560 -&gt; 387 -&gt; 931 -&gt;   Toplam : 4869
215 -&gt; 124 -&gt; 442 -&gt; 235 -&gt; 417 -&gt; 835 -&gt; 207 -&gt; 516 -&gt; 560 -&gt; 387 -&gt; 931 -&gt;   Toplam : 4869
215 -&gt; 124 -&gt; 442 -&gt; 235 -&gt; 417 -&gt; 835 -&gt; 207 -&gt; 516 -&gt; 560 -&gt; 387 -&gt; 931 -&gt; 778 -&gt; 413 -&gt; 310 -&gt; 218 -&gt;   Toplam : 6588
215 -&gt; 
124 -&gt; 
442 -&gt; 
235 -&gt; 
417 -&gt; 
835 -&gt; 
207 -&gt; 
516 -&gt; 
560 -&gt; 
387 -&gt; 
931 -&gt; 
778 -&gt; 
413 -&gt; 
310 -&gt; 
218 -&gt; 
  Toplam : 6588
215 -&gt; 124 -&gt; 442 -&gt; 235 -&gt; 417 -&gt; 835 -&gt; 207 -&gt; 516 -&gt; 560 -&gt; 387 -&gt; 931 -&gt; 778 -&gt; 413 -&gt; 310 -&gt; 253 -&gt;   Toplam : 6623
215 -&gt; 
124 -&gt; 
442 -&gt; 
235 -&gt; 
417 -&gt; 
835 -&gt; 
207 -&gt; 
516 -&gt; 
560 -&gt; 
387 -&gt; 
931 -&gt; 
778 -&gt; 
413 -&gt; 
310 -&gt; 
253 -&gt; 
  Toplam : 6623
215 -&gt; 124 -&gt; 442 -&gt; 235 -&gt; 417 -&gt; 835 -&gt; 207 -&gt; 516 -&gt; 560 -&gt; 387 -&gt; 931 -&gt; 778 -&gt; 413 -&gt; 713 -&gt; 253 -&gt;   Toplam : 7026
215 -&gt; 
124 -&gt; 
442 -&gt; 
235 -&gt; 
417 -&gt; 
835 -&gt; 
207 -&gt; 
516 -&gt; 
560 -&gt; 
387 -&gt; 
931 -&gt; 
778 -&gt; 
413 -&gt; 
713 -&gt; 
253 -&gt; 
  Toplam : 7026
215 -&gt; 124 -&gt; 442 -&gt; 235 -&gt; 417 -&gt; 835 -&gt; 207 -&gt; 516 -&gt; 560 -&gt; 387 -&gt; 931 -&gt; 778 -&gt; 413 -&gt; 713 -&gt;   Toplam : 6773
215 -&gt; 124 -&gt; 442 -&gt; 235 -&gt; 417 -&gt; 835 -&gt; 207 -&gt; 516 -&gt; 560 -&gt; 387 -&gt; 931 -&gt; 778 -&gt; 528 -&gt; 713 -&gt; 253 -&gt;   Toplam : 7141
215 -&gt; 
124 -&gt; 
442 -&gt; 
235 -&gt; 
417 -&gt; 
835 -&gt; 
207 -&gt; 
516 -&gt; 
560 -&gt; 
387 -&gt; 
931 -&gt; 
778 -&gt; 
528 -&gt; 
713 -&gt; 
253 -&gt; 
  Toplam : 7141
215 -&gt; 124 -&gt; 442 -&gt; 235 -&gt; 417 -&gt; 835 -&gt; 207 -&gt; 516 -&gt; 560 -&gt; 387 -&gt; 931 -&gt; 778 -&gt; 528 -&gt; 713 -&gt;   Toplam : 6888
215 -&gt; 124 -&gt; 442 -&gt; 235 -&gt; 417 -&gt; 835 -&gt; 207 -&gt; 516 -&gt; 560 -&gt; 387 -&gt; 931 -&gt; 778 -&gt; 528 -&gt; 999 -&gt;   Toplam : 7174
215 -&gt; 124 -&gt; 442 -&gt; 235 -&gt; 417 -&gt; 835 -&gt; 207 -&gt; 516 -&gt; 560 -&gt; 387 -&gt; 931 -&gt; 778 -&gt; 528 -&gt; 999 -&gt;   Toplam : 7174
215 -&gt; 124 -&gt; 442 -&gt; 235 -&gt; 417 -&gt; 835 -&gt; 207 -&gt; 516 -&gt; 560 -&gt; 387 -&gt; 532 -&gt; 778 -&gt; 413 -&gt; 310 -&gt; 218 -&gt;   Toplam : 6189
215 -&gt; 
124 -&gt; 
442 -&gt; 
235 -&gt; 
417 -&gt; 
835 -&gt; 
207 -&gt; 
516 -&gt; 
560 -&gt; 
387 -&gt; 
532 -&gt; 
778 -&gt; 
413 -&gt; 
310 -&gt; 
218 -&gt; 
  Toplam : 6189
215 -&gt; 124 -&gt; 442 -&gt; 235 -&gt; 417 -&gt; 835 -&gt; 207 -&gt; 516 -&gt; 560 -&gt; 387 -&gt; 532 -&gt; 778 -&gt; 413 -&gt; 310 -&gt; 253 -&gt;   Toplam : 6224
215 -&gt; 
124 -&gt; 
442 -&gt; 
235 -&gt; 
417 -&gt; 
835 -&gt; 
207 -&gt; 
516 -&gt; 
560 -&gt; 
387 -&gt; 
532 -&gt; 
778 -&gt; 
413 -&gt; 
310 -&gt; 
253 -&gt; 
  Toplam : 6224
215 -&gt; 124 -&gt; 442 -&gt; 235 -&gt; 417 -&gt; 835 -&gt; 207 -&gt; 516 -&gt; 560 -&gt; 387 -&gt; 532 -&gt; 778 -&gt; 413 -&gt; 713 -&gt; 253 -&gt;   Toplam : 6627
215 -&gt; 
124 -&gt; 
442 -&gt; 
235 -&gt; 
417 -&gt; 
835 -&gt; 
207 -&gt; 
516 -&gt; 
560 -&gt; 
387 -&gt; 
532 -&gt; 
778 -&gt; 
413 -&gt; 
713 -&gt; 
253 -&gt; 
  Toplam : 6627
215 -&gt; 124 -&gt; 442 -&gt; 235 -&gt; 417 -&gt; 835 -&gt; 207 -&gt; 516 -&gt; 560 -&gt; 387 -&gt; 532 -&gt; 778 -&gt; 413 -&gt; 713 -&gt;   Toplam : 6374
215 -&gt; 124 -&gt; 442 -&gt; 235 -&gt; 417 -&gt; 835 -&gt; 207 -&gt; 516 -&gt; 560 -&gt; 387 -&gt; 532 -&gt; 778 -&gt; 528 -&gt; 713 -&gt; 253 -&gt;   Toplam : 6742
215 -&gt; 
124 -&gt; 
442 -&gt; 
235 -&gt; 
417 -&gt; 
835 -&gt; 
207 -&gt; 
516 -&gt; 
560 -&gt; 
387 -&gt; 
532 -&gt; 
778 -&gt; 
528 -&gt; 
713 -&gt; 
253 -&gt; 
  Toplam : 6742
215 -&gt; 124 -&gt; 442 -&gt; 235 -&gt; 417 -&gt; 835 -&gt; 207 -&gt; 516 -&gt; 560 -&gt; 387 -&gt; 532 -&gt; 778 -&gt; 528 -&gt; 713 -&gt;   Toplam : 6489
215 -&gt; 124 -&gt; 442 -&gt; 235 -&gt; 417 -&gt; 835 -&gt; 207 -&gt; 516 -&gt; 560 -&gt; 387 -&gt; 532 -&gt; 778 -&gt; 528 -&gt; 999 -&gt;   Toplam : 6775
215 -&gt; 124 -&gt; 442 -&gt; 235 -&gt; 417 -&gt; 835 -&gt; 207 -&gt; 516 -&gt; 560 -&gt; 387 -&gt; 532 -&gt; 778 -&gt; 528 -&gt; 999 -&gt;   Toplam : 6775
215 -&gt; 124 -&gt; 442 -&gt; 235 -&gt; 417 -&gt; 835 -&gt; 207 -&gt; 516 -&gt; 560 -&gt; 387 -&gt; 532 -&gt;   Toplam : 4470
215 -&gt; 124 -&gt; 442 -&gt; 235 -&gt; 417 -&gt; 835 -&gt; 207 -&gt; 516 -&gt; 560 -&gt; 387 -&gt; 532 -&gt;   Toplam : 4470
215 -&gt; 124 -&gt; 442 -&gt; 235 -&gt; 417 -&gt; 835 -&gt; 207 -&gt; 516 -&gt; 560 -&gt; 387 -&gt; 532 -&gt;   Toplam : 4470
215 -&gt; 124 -&gt; 442 -&gt; 235 -&gt; 417 -&gt; 835 -&gt; 207 -&gt; 516 -&gt; 560 -&gt; 387 -&gt; 532 -&gt;   Toplam : 4470
215 -&gt; 124 -&gt; 442 -&gt; 235 -&gt; 417 -&gt; 835 -&gt; 207 -&gt; 516 -&gt; 560 -&gt; 387 -&gt; 532 -&gt;   Toplam : 4470
215 -&gt; 124 -&gt; 442 -&gt; 235 -&gt; 417 -&gt; 835 -&gt; 207 -&gt; 516 -&gt; 560 -&gt; 387 -&gt; 532 -&gt;   Toplam : 4470
215 -&gt; 124 -&gt; 442 -&gt; 235 -&gt; 417 -&gt; 835 -&gt; 207 -&gt; 516 -&gt; 560 -&gt; 387 -&gt; 532 -&gt;   Toplam : 4470
215 -&gt; 124 -&gt; 442 -&gt; 235 -&gt; 417 -&gt; 835 -&gt; 207 -&gt; 516 -&gt; 560 -&gt; 387 -&gt; 532 -&gt;   Toplam : 4470
215 -&gt; 124 -&gt; 442 -&gt; 235 -&gt; 417 -&gt; 835 -&gt; 207 -&gt; 716 -&gt; 560 -&gt; 632 -&gt; 543 -&gt;   Toplam : 4926
215 -&gt; 124 -&gt; 442 -&gt; 235 -&gt; 417 -&gt; 835 -&gt; 207 -&gt; 716 -&gt; 560 -&gt; 632 -&gt; 543 -&gt;   Toplam : 4926
215 -&gt; 124 -&gt; 442 -&gt; 235 -&gt; 417 -&gt; 835 -&gt; 207 -&gt; 716 -&gt; 560 -&gt; 632 -&gt; 543 -&gt;   Toplam : 4926
215 -&gt; 124 -&gt; 442 -&gt; 235 -&gt; 417 -&gt; 835 -&gt; 207 -&gt; 716 -&gt; 560 -&gt; 632 -&gt; 543 -&gt;   Toplam : 4926
215 -&gt; 124 -&gt; 442 -&gt; 235 -&gt; 417 -&gt; 835 -&gt; 207 -&gt; 716 -&gt; 560 -&gt; 632 -&gt; 543 -&gt;   Toplam : 4926
215 -&gt; 124 -&gt; 442 -&gt; 235 -&gt; 417 -&gt; 835 -&gt; 207 -&gt; 716 -&gt; 560 -&gt; 632 -&gt; 543 -&gt;   Toplam : 4926
215 -&gt; 124 -&gt; 442 -&gt; 235 -&gt; 417 -&gt; 835 -&gt; 207 -&gt; 716 -&gt; 560 -&gt; 632 -&gt; 543 -&gt;   Toplam : 4926
215 -&gt; 124 -&gt; 442 -&gt; 235 -&gt; 417 -&gt; 835 -&gt; 207 -&gt; 716 -&gt; 560 -&gt; 632 -&gt; 543 -&gt;   Toplam : 4926
215 -&gt; 124 -&gt; 442 -&gt; 235 -&gt; 417 -&gt; 835 -&gt; 207 -&gt; 716 -&gt; 560 -&gt; 632 -&gt; 543 -&gt;   Toplam : 4926
215 -&gt; 124 -&gt; 442 -&gt; 235 -&gt; 417 -&gt; 835 -&gt; 207 -&gt; 716 -&gt; 560 -&gt; 632 -&gt; 543 -&gt;   Toplam : 4926
215 -&gt; 124 -&gt; 442 -&gt; 235 -&gt; 417 -&gt; 835 -&gt; 207 -&gt; 716 -&gt; 560 -&gt; 632 -&gt; 543 -&gt;   Toplam : 4926
215 -&gt; 124 -&gt; 442 -&gt; 235 -&gt; 417 -&gt; 835 -&gt; 207 -&gt; 716 -&gt; 560 -&gt; 632 -&gt; 543 -&gt;   Toplam : 4926
215 -&gt; 124 -&gt; 442 -&gt; 235 -&gt; 417 -&gt; 835 -&gt; 207 -&gt; 716 -&gt; 560 -&gt; 632 -&gt; 543 -&gt;   Toplam : 4926
215 -&gt; 124 -&gt; 442 -&gt; 235 -&gt; 417 -&gt; 835 -&gt; 207 -&gt; 716 -&gt; 560 -&gt; 632 -&gt; 543 -&gt;   Toplam : 4926
215 -&gt; 124 -&gt; 442 -&gt; 235 -&gt; 417 -&gt; 835 -&gt; 207 -&gt; 716 -&gt; 560 -&gt; 632 -&gt; 543 -&gt;   Toplam : 4926
215 -&gt; 124 -&gt; 442 -&gt; 235 -&gt; 417 -&gt; 835 -&gt; 207 -&gt; 716 -&gt; 560 -&gt; 632 -&gt; 543 -&gt;   Toplam : 4926
215 -&gt; 124 -&gt; 442 -&gt; 235 -&gt; 417 -&gt; 835 -&gt; 207 -&gt; 716 -&gt; 560 -&gt; 632 -&gt; 931 -&gt;   Toplam : 5314
215 -&gt; 124 -&gt; 442 -&gt; 235 -&gt; 417 -&gt; 835 -&gt; 207 -&gt; 716 -&gt; 560 -&gt; 632 -&gt; 931 -&gt;   Toplam : 5314
215 -&gt; 124 -&gt; 442 -&gt; 235 -&gt; 417 -&gt; 835 -&gt; 207 -&gt; 716 -&gt; 560 -&gt; 632 -&gt; 931 -&gt;   Toplam : 5314
215 -&gt; 124 -&gt; 442 -&gt; 235 -&gt; 417 -&gt; 835 -&gt; 207 -&gt; 716 -&gt; 560 -&gt; 632 -&gt; 931 -&gt;   Toplam : 5314
215 -&gt; 124 -&gt; 442 -&gt; 235 -&gt; 417 -&gt; 835 -&gt; 207 -&gt; 716 -&gt; 560 -&gt; 632 -&gt; 931 -&gt;   Toplam : 5314
215 -&gt; 124 -&gt; 442 -&gt; 235 -&gt; 417 -&gt; 835 -&gt; 207 -&gt; 716 -&gt; 560 -&gt; 632 -&gt; 931 -&gt;   Toplam : 5314
215 -&gt; 124 -&gt; 442 -&gt; 235 -&gt; 417 -&gt; 835 -&gt; 207 -&gt; 716 -&gt; 560 -&gt; 632 -&gt; 931 -&gt;   Toplam : 5314
215 -&gt; 124 -&gt; 442 -&gt; 235 -&gt; 417 -&gt; 835 -&gt; 207 -&gt; 716 -&gt; 560 -&gt; 632 -&gt; 931 -&gt;   Toplam : 5314
215 -&gt; 124 -&gt; 442 -&gt; 235 -&gt; 417 -&gt; 835 -&gt; 207 -&gt; 716 -&gt; 560 -&gt; 632 -&gt; 931 -&gt; 778 -&gt; 413 -&gt; 310 -&gt; 218 -&gt;   Toplam : 7033
215 -&gt; 
124 -&gt; 
442 -&gt; 
235 -&gt; 
417 -&gt; 
835 -&gt; 
207 -&gt; 
716 -&gt; 
560 -&gt; 
632 -&gt; 
931 -&gt; 
778 -&gt; 
413 -&gt; 
310 -&gt; 
218 -&gt; 
  Toplam : 7033
215 -&gt; 124 -&gt; 442 -&gt; 235 -&gt; 417 -&gt; 835 -&gt; 207 -&gt; 716 -&gt; 560 -&gt; 632 -&gt; 931 -&gt; 778 -&gt; 413 -&gt; 310 -&gt; 253 -&gt;   Toplam : 7068
215 -&gt; 
124 -&gt; 
442 -&gt; 
235 -&gt; 
417 -&gt; 
835 -&gt; 
207 -&gt; 
716 -&gt; 
560 -&gt; 
632 -&gt; 
931 -&gt; 
778 -&gt; 
413 -&gt; 
310 -&gt; 
253 -&gt; 
  Toplam : 7068
215 -&gt; 124 -&gt; 442 -&gt; 235 -&gt; 417 -&gt; 835 -&gt; 207 -&gt; 716 -&gt; 560 -&gt; 632 -&gt; 931 -&gt; 778 -&gt; 413 -&gt; 713 -&gt; 253 -&gt;   Toplam : 7471
215 -&gt; 
124 -&gt; 
442 -&gt; 
235 -&gt; 
417 -&gt; 
835 -&gt; 
207 -&gt; 
716 -&gt; 
560 -&gt; 
632 -&gt; 
931 -&gt; 
778 -&gt; 
413 -&gt; 
713 -&gt; 
253 -&gt; 
  Toplam : 7471
215 -&gt; 124 -&gt; 442 -&gt; 235 -&gt; 417 -&gt; 835 -&gt; 207 -&gt; 716 -&gt; 560 -&gt; 632 -&gt; 931 -&gt; 778 -&gt; 413 -&gt; 713 -&gt;   Toplam : 7218
215 -&gt; 124 -&gt; 442 -&gt; 235 -&gt; 417 -&gt; 835 -&gt; 207 -&gt; 716 -&gt; 560 -&gt; 632 -&gt; 931 -&gt; 778 -&gt; 528 -&gt; 713 -&gt; 253 -&gt;   Toplam : 7586
215 -&gt; 
124 -&gt; 
442 -&gt; 
235 -&gt; 
417 -&gt; 
835 -&gt; 
207 -&gt; 
716 -&gt; 
560 -&gt; 
632 -&gt; 
931 -&gt; 
778 -&gt; 
528 -&gt; 
713 -&gt; 
253 -&gt; 
  Toplam : 7586
215 -&gt; 124 -&gt; 442 -&gt; 235 -&gt; 417 -&gt; 835 -&gt; 207 -&gt; 716 -&gt; 560 -&gt; 632 -&gt; 931 -&gt; 778 -&gt; 528 -&gt; 713 -&gt;   Toplam : 7333
215 -&gt; 124 -&gt; 442 -&gt; 235 -&gt; 417 -&gt; 835 -&gt; 207 -&gt; 716 -&gt; 560 -&gt; 632 -&gt; 931 -&gt; 778 -&gt; 528 -&gt; 999 -&gt;   Toplam : 7619
215 -&gt; 124 -&gt; 442 -&gt; 235 -&gt; 417 -&gt; 835 -&gt; 207 -&gt; 716 -&gt; 560 -&gt; 632 -&gt; 931 -&gt; 778 -&gt; 528 -&gt; 999 -&gt;   Toplam : 7619
215 -&gt; 124 -&gt; 442 -&gt; 235 -&gt; 417 -&gt; 835 -&gt; 207 -&gt; 716 -&gt; 560 -&gt; 387 -&gt; 931 -&gt;   Toplam : 5069
215 -&gt; 124 -&gt; 442 -&gt; 235 -&gt; 417 -&gt; 835 -&gt; 207 -&gt; 716 -&gt; 560 -&gt; 387 -&gt; 931 -&gt;   Toplam : 5069
215 -&gt; 124 -&gt; 442 -&gt; 235 -&gt; 417 -&gt; 835 -&gt; 207 -&gt; 716 -&gt; 560 -&gt; 387 -&gt; 931 -&gt;   Toplam : 5069
215 -&gt; 124 -&gt; 442 -&gt; 235 -&gt; 417 -&gt; 835 -&gt; 207 -&gt; 716 -&gt; 560 -&gt; 387 -&gt; 931 -&gt;   Toplam : 5069
215 -&gt; 124 -&gt; 442 -&gt; 235 -&gt; 417 -&gt; 835 -&gt; 207 -&gt; 716 -&gt; 560 -&gt; 387 -&gt; 931 -&gt;   Toplam : 5069
215 -&gt; 124 -&gt; 442 -&gt; 235 -&gt; 417 -&gt; 835 -&gt; 207 -&gt; 716 -&gt; 560 -&gt; 387 -&gt; 931 -&gt;   Toplam : 5069
215 -&gt; 124 -&gt; 442 -&gt; 235 -&gt; 417 -&gt; 835 -&gt; 207 -&gt; 716 -&gt; 560 -&gt; 387 -&gt; 931 -&gt;   Toplam : 5069
215 -&gt; 124 -&gt; 442 -&gt; 235 -&gt; 417 -&gt; 835 -&gt; 207 -&gt; 716 -&gt; 560 -&gt; 387 -&gt; 931 -&gt;   Toplam : 5069
215 -&gt; 124 -&gt; 442 -&gt; 235 -&gt; 417 -&gt; 835 -&gt; 207 -&gt; 716 -&gt; 560 -&gt; 387 -&gt; 931 -&gt; 778 -&gt; 413 -&gt; 310 -&gt; 218 -&gt;   Toplam : 6788
215 -&gt; 
124 -&gt; 
442 -&gt; 
235 -&gt; 
417 -&gt; 
835 -&gt; 
207 -&gt; 
716 -&gt; 
560 -&gt; 
387 -&gt; 
931 -&gt; 
778 -&gt; 
413 -&gt; 
310 -&gt; 
218 -&gt; 
  Toplam : 6788
215 -&gt; 124 -&gt; 442 -&gt; 235 -&gt; 417 -&gt; 835 -&gt; 207 -&gt; 716 -&gt; 560 -&gt; 387 -&gt; 931 -&gt; 778 -&gt; 413 -&gt; 310 -&gt; 253 -&gt;   Toplam : 6823
215 -&gt; 
124 -&gt; 
442 -&gt; 
235 -&gt; 
417 -&gt; 
835 -&gt; 
207 -&gt; 
716 -&gt; 
560 -&gt; 
387 -&gt; 
931 -&gt; 
778 -&gt; 
413 -&gt; 
310 -&gt; 
253 -&gt; 
  Toplam : 6823
215 -&gt; 124 -&gt; 442 -&gt; 235 -&gt; 417 -&gt; 835 -&gt; 207 -&gt; 716 -&gt; 560 -&gt; 387 -&gt; 931 -&gt; 778 -&gt; 413 -&gt; 713 -&gt; 253 -&gt;   Toplam : 7226
215 -&gt; 
124 -&gt; 
442 -&gt; 
235 -&gt; 
417 -&gt; 
835 -&gt; 
207 -&gt; 
716 -&gt; 
560 -&gt; 
387 -&gt; 
931 -&gt; 
778 -&gt; 
413 -&gt; 
713 -&gt; 
253 -&gt; 
  Toplam : 7226
215 -&gt; 124 -&gt; 442 -&gt; 235 -&gt; 417 -&gt; 835 -&gt; 207 -&gt; 716 -&gt; 560 -&gt; 387 -&gt; 931 -&gt; 778 -&gt; 413 -&gt; 713 -&gt;   Toplam : 6973
215 -&gt; 124 -&gt; 442 -&gt; 235 -&gt; 417 -&gt; 835 -&gt; 207 -&gt; 716 -&gt; 560 -&gt; 387 -&gt; 931 -&gt; 778 -&gt; 528 -&gt; 713 -&gt; 253 -&gt;   Toplam : 7341
215 -&gt; 
124 -&gt; 
442 -&gt; 
235 -&gt; 
417 -&gt; 
835 -&gt; 
207 -&gt; 
716 -&gt; 
560 -&gt; 
387 -&gt; 
931 -&gt; 
778 -&gt; 
528 -&gt; 
713 -&gt; 
253 -&gt; 
  Toplam : 7341
215 -&gt; 124 -&gt; 442 -&gt; 235 -&gt; 417 -&gt; 835 -&gt; 207 -&gt; 716 -&gt; 560 -&gt; 387 -&gt; 931 -&gt; 778 -&gt; 528 -&gt; 713 -&gt;   Toplam : 7088
215 -&gt; 124 -&gt; 442 -&gt; 235 -&gt; 417 -&gt; 835 -&gt; 207 -&gt; 716 -&gt; 560 -&gt; 387 -&gt; 931 -&gt; 778 -&gt; 528 -&gt; 999 -&gt;   Toplam : 7374
215 -&gt; 124 -&gt; 442 -&gt; 235 -&gt; 417 -&gt; 835 -&gt; 207 -&gt; 716 -&gt; 560 -&gt; 387 -&gt; 931 -&gt; 778 -&gt; 528 -&gt; 999 -&gt;   Toplam : 7374
215 -&gt; 124 -&gt; 442 -&gt; 235 -&gt; 417 -&gt; 835 -&gt; 207 -&gt; 716 -&gt; 560 -&gt; 387 -&gt; 532 -&gt; 778 -&gt; 413 -&gt; 310 -&gt; 218 -&gt;   Toplam : 6389
215 -&gt; 
124 -&gt; 
442 -&gt; 
235 -&gt; 
417 -&gt; 
835 -&gt; 
207 -&gt; 
716 -&gt; 
560 -&gt; 
387 -&gt; 
532 -&gt; 
778 -&gt; 
413 -&gt; 
310 -&gt; 
218 -&gt; 
  Toplam : 6389
215 -&gt; 124 -&gt; 442 -&gt; 235 -&gt; 417 -&gt; 835 -&gt; 207 -&gt; 716 -&gt; 560 -&gt; 387 -&gt; 532 -&gt; 778 -&gt; 413 -&gt; 310 -&gt; 253 -&gt;   Toplam : 6424
215 -&gt; 
124 -&gt; 
442 -&gt; 
235 -&gt; 
417 -&gt; 
835 -&gt; 
207 -&gt; 
716 -&gt; 
560 -&gt; 
387 -&gt; 
532 -&gt; 
778 -&gt; 
413 -&gt; 
310 -&gt; 
253 -&gt; 
  Toplam : 6424
215 -&gt; 124 -&gt; 442 -&gt; 235 -&gt; 417 -&gt; 835 -&gt; 207 -&gt; 716 -&gt; 560 -&gt; 387 -&gt; 532 -&gt; 778 -&gt; 413 -&gt; 713 -&gt; 253 -&gt;   Toplam : 6827
215 -&gt; 
124 -&gt; 
442 -&gt; 
235 -&gt; 
417 -&gt; 
835 -&gt; 
207 -&gt; 
716 -&gt; 
560 -&gt; 
387 -&gt; 
532 -&gt; 
778 -&gt; 
413 -&gt; 
713 -&gt; 
253 -&gt; 
  Toplam : 6827
215 -&gt; 124 -&gt; 442 -&gt; 235 -&gt; 417 -&gt; 835 -&gt; 207 -&gt; 716 -&gt; 560 -&gt; 387 -&gt; 532 -&gt; 778 -&gt; 413 -&gt; 713 -&gt;   Toplam : 6574
215 -&gt; 124 -&gt; 442 -&gt; 235 -&gt; 417 -&gt; 835 -&gt; 207 -&gt; 716 -&gt; 560 -&gt; 387 -&gt; 532 -&gt; 778 -&gt; 528 -&gt; 713 -&gt; 253 -&gt;   Toplam : 6942
215 -&gt; 
124 -&gt; 
442 -&gt; 
235 -&gt; 
417 -&gt; 
835 -&gt; 
207 -&gt; 
716 -&gt; 
560 -&gt; 
387 -&gt; 
532 -&gt; 
778 -&gt; 
528 -&gt; 
713 -&gt; 
253 -&gt; 
  Toplam : 6942
215 -&gt; 124 -&gt; 442 -&gt; 235 -&gt; 417 -&gt; 835 -&gt; 207 -&gt; 716 -&gt; 560 -&gt; 387 -&gt; 532 -&gt; 778 -&gt; 528 -&gt; 713 -&gt;   Toplam : 6689
215 -&gt; 124 -&gt; 442 -&gt; 235 -&gt; 417 -&gt; 835 -&gt; 207 -&gt; 716 -&gt; 560 -&gt; 387 -&gt; 532 -&gt; 778 -&gt; 528 -&gt; 999 -&gt;   Toplam : 6975
215 -&gt; 124 -&gt; 442 -&gt; 235 -&gt; 417 -&gt; 835 -&gt; 207 -&gt; 716 -&gt; 560 -&gt; 387 -&gt; 532 -&gt; 778 -&gt; 528 -&gt; 999 -&gt;   Toplam : 6975
215 -&gt; 124 -&gt; 442 -&gt; 235 -&gt; 417 -&gt; 835 -&gt; 207 -&gt; 716 -&gt; 560 -&gt; 387 -&gt; 532 -&gt;   Toplam : 4670
215 -&gt; 124 -&gt; 442 -&gt; 235 -&gt; 417 -&gt; 835 -&gt; 207 -&gt; 716 -&gt; 560 -&gt; 387 -&gt; 532 -&gt;   Toplam : 4670
215 -&gt; 124 -&gt; 442 -&gt; 235 -&gt; 417 -&gt; 835 -&gt; 207 -&gt; 716 -&gt; 560 -&gt; 387 -&gt; 532 -&gt;   Toplam : 4670
215 -&gt; 124 -&gt; 442 -&gt; 235 -&gt; 417 -&gt; 835 -&gt; 207 -&gt; 716 -&gt; 560 -&gt; 387 -&gt; 532 -&gt;   Toplam : 4670
215 -&gt; 124 -&gt; 442 -&gt; 235 -&gt; 417 -&gt; 835 -&gt; 207 -&gt; 716 -&gt; 560 -&gt; 387 -&gt; 532 -&gt;   Toplam : 4670
215 -&gt; 124 -&gt; 442 -&gt; 235 -&gt; 417 -&gt; 835 -&gt; 207 -&gt; 716 -&gt; 560 -&gt; 387 -&gt; 532 -&gt;   Toplam : 4670
215 -&gt; 124 -&gt; 442 -&gt; 235 -&gt; 417 -&gt; 835 -&gt; 207 -&gt; 716 -&gt; 560 -&gt; 387 -&gt; 532 -&gt;   Toplam : 4670
215 -&gt; 124 -&gt; 442 -&gt; 235 -&gt; 417 -&gt; 835 -&gt; 207 -&gt; 716 -&gt; 560 -&gt; 387 -&gt; 532 -&gt;   Toplam : 4670
215 -&gt; 124 -&gt; 442 -&gt; 235 -&gt; 417 -&gt; 835 -&gt; 207 -&gt; 716 -&gt; 380 -&gt; 387 -&gt; 931 -&gt;   Toplam : 4889
215 -&gt; 124 -&gt; 442 -&gt; 235 -&gt; 417 -&gt; 835 -&gt; 207 -&gt; 716 -&gt; 380 -&gt; 387 -&gt; 931 -&gt;   Toplam : 4889
215 -&gt; 124 -&gt; 442 -&gt; 235 -&gt; 417 -&gt; 835 -&gt; 207 -&gt; 716 -&gt; 380 -&gt; 387 -&gt; 931 -&gt;   Toplam : 4889
215 -&gt; 124 -&gt; 442 -&gt; 235 -&gt; 417 -&gt; 835 -&gt; 207 -&gt; 716 -&gt; 380 -&gt; 387 -&gt; 931 -&gt;   Toplam : 4889
215 -&gt; 124 -&gt; 442 -&gt; 235 -&gt; 417 -&gt; 835 -&gt; 207 -&gt; 716 -&gt; 380 -&gt; 387 -&gt; 931 -&gt;   Toplam : 4889
215 -&gt; 124 -&gt; 442 -&gt; 235 -&gt; 417 -&gt; 835 -&gt; 207 -&gt; 716 -&gt; 380 -&gt; 387 -&gt; 931 -&gt;   Toplam : 4889
215 -&gt; 124 -&gt; 442 -&gt; 235 -&gt; 417 -&gt; 835 -&gt; 207 -&gt; 716 -&gt; 380 -&gt; 387 -&gt; 931 -&gt;   Toplam : 4889
215 -&gt; 124 -&gt; 442 -&gt; 235 -&gt; 417 -&gt; 835 -&gt; 207 -&gt; 716 -&gt; 380 -&gt; 387 -&gt; 931 -&gt;   Toplam : 4889
215 -&gt; 124 -&gt; 442 -&gt; 235 -&gt; 417 -&gt; 835 -&gt; 207 -&gt; 716 -&gt; 380 -&gt; 387 -&gt; 931 -&gt; 778 -&gt; 413 -&gt; 310 -&gt; 218 -&gt;   Toplam : 6608
215 -&gt; 
124 -&gt; 
442 -&gt; 
235 -&gt; 
417 -&gt; 
835 -&gt; 
207 -&gt; 
716 -&gt; 
380 -&gt; 
387 -&gt; 
931 -&gt; 
778 -&gt; 
413 -&gt; 
310 -&gt; 
218 -&gt; 
  Toplam : 6608
215 -&gt; 124 -&gt; 442 -&gt; 235 -&gt; 417 -&gt; 835 -&gt; 207 -&gt; 716 -&gt; 380 -&gt; 387 -&gt; 931 -&gt; 778 -&gt; 413 -&gt; 310 -&gt; 253 -&gt;   Toplam : 6643
215 -&gt; 
124 -&gt; 
442 -&gt; 
235 -&gt; 
417 -&gt; 
835 -&gt; 
207 -&gt; 
716 -&gt; 
380 -&gt; 
387 -&gt; 
931 -&gt; 
778 -&gt; 
413 -&gt; 
310 -&gt; 
253 -&gt; 
  Toplam : 6643
215 -&gt; 124 -&gt; 442 -&gt; 235 -&gt; 417 -&gt; 835 -&gt; 207 -&gt; 716 -&gt; 380 -&gt; 387 -&gt; 931 -&gt; 778 -&gt; 413 -&gt; 713 -&gt; 253 -&gt;   Toplam : 7046
215 -&gt; 
124 -&gt; 
442 -&gt; 
235 -&gt; 
417 -&gt; 
835 -&gt; 
207 -&gt; 
716 -&gt; 
380 -&gt; 
387 -&gt; 
931 -&gt; 
778 -&gt; 
413 -&gt; 
713 -&gt; 
253 -&gt; 
  Toplam : 7046
215 -&gt; 124 -&gt; 442 -&gt; 235 -&gt; 417 -&gt; 835 -&gt; 207 -&gt; 716 -&gt; 380 -&gt; 387 -&gt; 931 -&gt; 778 -&gt; 413 -&gt; 713 -&gt;   Toplam : 6793
215 -&gt; 124 -&gt; 442 -&gt; 235 -&gt; 417 -&gt; 835 -&gt; 207 -&gt; 716 -&gt; 380 -&gt; 387 -&gt; 931 -&gt; 778 -&gt; 528 -&gt; 713 -&gt; 253 -&gt;   Toplam : 7161
215 -&gt; 
124 -&gt; 
442 -&gt; 
235 -&gt; 
417 -&gt; 
835 -&gt; 
207 -&gt; 
716 -&gt; 
380 -&gt; 
387 -&gt; 
931 -&gt; 
778 -&gt; 
528 -&gt; 
713 -&gt; 
253 -&gt; 
  Toplam : 7161
215 -&gt; 124 -&gt; 442 -&gt; 235 -&gt; 417 -&gt; 835 -&gt; 207 -&gt; 716 -&gt; 380 -&gt; 387 -&gt; 931 -&gt; 778 -&gt; 528 -&gt; 713 -&gt;   Toplam : 6908
215 -&gt; 124 -&gt; 442 -&gt; 235 -&gt; 417 -&gt; 835 -&gt; 207 -&gt; 716 -&gt; 380 -&gt; 387 -&gt; 931 -&gt; 778 -&gt; 528 -&gt; 999 -&gt;   Toplam : 7194
215 -&gt; 124 -&gt; 442 -&gt; 235 -&gt; 417 -&gt; 835 -&gt; 207 -&gt; 716 -&gt; 380 -&gt; 387 -&gt; 931 -&gt; 778 -&gt; 528 -&gt; 999 -&gt;   Toplam : 7194
215 -&gt; 124 -&gt; 442 -&gt; 235 -&gt; 417 -&gt; 835 -&gt; 207 -&gt; 716 -&gt; 380 -&gt; 387 -&gt; 532 -&gt; 778 -&gt; 413 -&gt; 310 -&gt; 218 -&gt;   Toplam : 6209
215 -&gt; 
124 -&gt; 
442 -&gt; 
235 -&gt; 
417 -&gt; 
835 -&gt; 
207 -&gt; 
716 -&gt; 
380 -&gt; 
387 -&gt; 
532 -&gt; 
778 -&gt; 
413 -&gt; 
310 -&gt; 
218 -&gt; 
  Toplam : 6209
215 -&gt; 124 -&gt; 442 -&gt; 235 -&gt; 417 -&gt; 835 -&gt; 207 -&gt; 716 -&gt; 380 -&gt; 387 -&gt; 532 -&gt; 778 -&gt; 413 -&gt; 310 -&gt; 253 -&gt;   Toplam : 6244
215 -&gt; 
124 -&gt; 
442 -&gt; 
235 -&gt; 
417 -&gt; 
835 -&gt; 
207 -&gt; 
716 -&gt; 
380 -&gt; 
387 -&gt; 
532 -&gt; 
778 -&gt; 
413 -&gt; 
310 -&gt; 
253 -&gt; 
  Toplam : 6244
215 -&gt; 124 -&gt; 442 -&gt; 235 -&gt; 417 -&gt; 835 -&gt; 207 -&gt; 716 -&gt; 380 -&gt; 387 -&gt; 532 -&gt; 778 -&gt; 413 -&gt; 713 -&gt; 253 -&gt;   Toplam : 6647
215 -&gt; 
124 -&gt; 
442 -&gt; 
235 -&gt; 
417 -&gt; 
835 -&gt; 
207 -&gt; 
716 -&gt; 
380 -&gt; 
387 -&gt; 
532 -&gt; 
778 -&gt; 
413 -&gt; 
713 -&gt; 
253 -&gt; 
  Toplam : 6647
215 -&gt; 124 -&gt; 442 -&gt; 235 -&gt; 417 -&gt; 835 -&gt; 207 -&gt; 716 -&gt; 380 -&gt; 387 -&gt; 532 -&gt; 778 -&gt; 413 -&gt; 713 -&gt;   Toplam : 6394
215 -&gt; 124 -&gt; 442 -&gt; 235 -&gt; 417 -&gt; 835 -&gt; 207 -&gt; 716 -&gt; 380 -&gt; 387 -&gt; 532 -&gt; 778 -&gt; 528 -&gt; 713 -&gt; 253 -&gt;   Toplam : 6762
215 -&gt; 
124 -&gt; 
442 -&gt; 
235 -&gt; 
417 -&gt; 
835 -&gt; 
207 -&gt; 
716 -&gt; 
380 -&gt; 
387 -&gt; 
532 -&gt; 
778 -&gt; 
528 -&gt; 
713 -&gt; 
253 -&gt; 
  Toplam : 6762
215 -&gt; 124 -&gt; 442 -&gt; 235 -&gt; 417 -&gt; 835 -&gt; 207 -&gt; 716 -&gt; 380 -&gt; 387 -&gt; 532 -&gt; 778 -&gt; 528 -&gt; 713 -&gt;   Toplam : 6509
215 -&gt; 124 -&gt; 442 -&gt; 235 -&gt; 417 -&gt; 835 -&gt; 207 -&gt; 716 -&gt; 380 -&gt; 387 -&gt; 532 -&gt; 778 -&gt; 528 -&gt; 999 -&gt;   Toplam : 6795
215 -&gt; 124 -&gt; 442 -&gt; 235 -&gt; 417 -&gt; 835 -&gt; 207 -&gt; 716 -&gt; 380 -&gt; 387 -&gt; 532 -&gt; 778 -&gt; 528 -&gt; 999 -&gt;   Toplam : 6795
215 -&gt; 124 -&gt; 442 -&gt; 235 -&gt; 417 -&gt; 835 -&gt; 207 -&gt; 716 -&gt; 380 -&gt; 387 -&gt; 532 -&gt;   Toplam : 4490
215 -&gt; 124 -&gt; 442 -&gt; 235 -&gt; 417 -&gt; 835 -&gt; 207 -&gt; 716 -&gt; 380 -&gt; 387 -&gt; 532 -&gt;   Toplam : 4490
215 -&gt; 124 -&gt; 442 -&gt; 235 -&gt; 417 -&gt; 835 -&gt; 207 -&gt; 716 -&gt; 380 -&gt; 387 -&gt; 532 -&gt;   Toplam : 4490
215 -&gt; 124 -&gt; 442 -&gt; 235 -&gt; 417 -&gt; 835 -&gt; 207 -&gt; 716 -&gt; 380 -&gt; 387 -&gt; 532 -&gt;   Toplam : 4490
215 -&gt; 124 -&gt; 442 -&gt; 235 -&gt; 417 -&gt; 835 -&gt; 207 -&gt; 716 -&gt; 380 -&gt; 387 -&gt; 532 -&gt;   Toplam : 4490
215 -&gt; 124 -&gt; 442 -&gt; 235 -&gt; 417 -&gt; 835 -&gt; 207 -&gt; 716 -&gt; 380 -&gt; 387 -&gt; 532 -&gt;   Toplam : 4490
215 -&gt; 124 -&gt; 442 -&gt; 235 -&gt; 417 -&gt; 835 -&gt; 207 -&gt; 716 -&gt; 380 -&gt; 387 -&gt; 532 -&gt;   Toplam : 4490
215 -&gt; 124 -&gt; 442 -&gt; 235 -&gt; 417 -&gt; 835 -&gt; 207 -&gt; 716 -&gt; 380 -&gt; 387 -&gt; 532 -&gt;   Toplam : 4490
215 -&gt; 124 -&gt; 442 -&gt; 235 -&gt; 417 -&gt; 835 -&gt; 207 -&gt; 716 -&gt; 380 -&gt; 176 -&gt; 532 -&gt; 778 -&gt; 413 -&gt; 310 -&gt; 218 -&gt;   Toplam : 5998
215 -&gt; 
124 -&gt; 
442 -&gt; 
235 -&gt; 
417 -&gt; 
835 -&gt; 
207 -&gt; 
716 -&gt; 
380 -&gt; 
176 -&gt; 
532 -&gt; 
778 -&gt; 
413 -&gt; 
310 -&gt; 
218 -&gt; 
  Toplam : 5998
215 -&gt; 124 -&gt; 442 -&gt; 235 -&gt; 417 -&gt; 835 -&gt; 207 -&gt; 716 -&gt; 380 -&gt; 176 -&gt; 532 -&gt; 778 -&gt; 413 -&gt; 310 -&gt; 253 -&gt;   Toplam : 6033
215 -&gt; 
124 -&gt; 
442 -&gt; 
235 -&gt; 
417 -&gt; 
835 -&gt; 
207 -&gt; 
716 -&gt; 
380 -&gt; 
176 -&gt; 
532 -&gt; 
778 -&gt; 
413 -&gt; 
310 -&gt; 
253 -&gt; 
  Toplam : 6033
215 -&gt; 124 -&gt; 442 -&gt; 235 -&gt; 417 -&gt; 835 -&gt; 207 -&gt; 716 -&gt; 380 -&gt; 176 -&gt; 532 -&gt; 778 -&gt; 413 -&gt; 713 -&gt; 253 -&gt;   Toplam : 6436
215 -&gt; 
124 -&gt; 
442 -&gt; 
235 -&gt; 
417 -&gt; 
835 -&gt; 
207 -&gt; 
716 -&gt; 
380 -&gt; 
176 -&gt; 
532 -&gt; 
778 -&gt; 
413 -&gt; 
713 -&gt; 
253 -&gt; 
  Toplam : 6436
215 -&gt; 124 -&gt; 442 -&gt; 235 -&gt; 417 -&gt; 835 -&gt; 207 -&gt; 716 -&gt; 380 -&gt; 176 -&gt; 532 -&gt; 778 -&gt; 413 -&gt; 713 -&gt;   Toplam : 6183
215 -&gt; 124 -&gt; 442 -&gt; 235 -&gt; 417 -&gt; 835 -&gt; 207 -&gt; 716 -&gt; 380 -&gt; 176 -&gt; 532 -&gt; 778 -&gt; 528 -&gt; 713 -&gt; 253 -&gt;   Toplam : 6551
215 -&gt; 
124 -&gt; 
442 -&gt; 
235 -&gt; 
417 -&gt; 
835 -&gt; 
207 -&gt; 
716 -&gt; 
380 -&gt; 
176 -&gt; 
532 -&gt; 
778 -&gt; 
528 -&gt; 
713 -&gt; 
253 -&gt; 
  Toplam : 6551
215 -&gt; 124 -&gt; 442 -&gt; 235 -&gt; 417 -&gt; 835 -&gt; 207 -&gt; 716 -&gt; 380 -&gt; 176 -&gt; 532 -&gt; 778 -&gt; 528 -&gt; 713 -&gt;   Toplam : 6298
215 -&gt; 124 -&gt; 442 -&gt; 235 -&gt; 417 -&gt; 835 -&gt; 207 -&gt; 716 -&gt; 380 -&gt; 176 -&gt; 532 -&gt; 778 -&gt; 528 -&gt; 999 -&gt;   Toplam : 6584
215 -&gt; 124 -&gt; 442 -&gt; 235 -&gt; 417 -&gt; 835 -&gt; 207 -&gt; 716 -&gt; 380 -&gt; 176 -&gt; 532 -&gt; 778 -&gt; 528 -&gt; 999 -&gt;   Toplam : 6584
215 -&gt; 124 -&gt; 442 -&gt; 235 -&gt; 417 -&gt; 835 -&gt; 207 -&gt; 716 -&gt; 380 -&gt; 176 -&gt; 532 -&gt;   Toplam : 4279
215 -&gt; 124 -&gt; 442 -&gt; 235 -&gt; 417 -&gt; 835 -&gt; 207 -&gt; 716 -&gt; 380 -&gt; 176 -&gt; 532 -&gt;   Toplam : 4279
215 -&gt; 124 -&gt; 442 -&gt; 235 -&gt; 417 -&gt; 835 -&gt; 207 -&gt; 716 -&gt; 380 -&gt; 176 -&gt; 532 -&gt;   Toplam : 4279
215 -&gt; 124 -&gt; 442 -&gt; 235 -&gt; 417 -&gt; 835 -&gt; 207 -&gt; 716 -&gt; 380 -&gt; 176 -&gt; 532 -&gt;   Toplam : 4279
215 -&gt; 124 -&gt; 442 -&gt; 235 -&gt; 417 -&gt; 835 -&gt; 207 -&gt; 716 -&gt; 380 -&gt; 176 -&gt; 532 -&gt;   Toplam : 4279
215 -&gt; 124 -&gt; 442 -&gt; 235 -&gt; 417 -&gt; 835 -&gt; 207 -&gt; 716 -&gt; 380 -&gt; 176 -&gt; 532 -&gt;   Toplam : 4279
215 -&gt; 124 -&gt; 442 -&gt; 235 -&gt; 417 -&gt; 835 -&gt; 207 -&gt; 716 -&gt; 380 -&gt; 176 -&gt; 532 -&gt;   Toplam : 4279
215 -&gt; 124 -&gt; 442 -&gt; 235 -&gt; 417 -&gt; 835 -&gt; 207 -&gt; 716 -&gt; 380 -&gt; 176 -&gt; 532 -&gt;   Toplam : 4279
215 -&gt; 124 -&gt; 442 -&gt; 235 -&gt; 417 -&gt; 835 -&gt; 207 -&gt; 716 -&gt; 380 -&gt; 176 -&gt;   Toplam : 3747
215 -&gt; 124 -&gt; 442 -&gt; 235 -&gt; 417 -&gt; 835 -&gt; 207 -&gt; 716 -&gt; 380 -&gt; 176 -&gt;   Toplam : 3747
215 -&gt; 124 -&gt; 442 -&gt; 235 -&gt; 417 -&gt; 835 -&gt; 207 -&gt; 716 -&gt; 380 -&gt; 176 -&gt;   Toplam : 3747
215 -&gt; 124 -&gt; 442 -&gt; 235 -&gt; 417 -&gt; 835 -&gt; 207 -&gt; 716 -&gt; 380 -&gt; 176 -&gt;   Toplam : 3747
215 -&gt; 124 -&gt; 442 -&gt; 235 -&gt; 417 -&gt; 835 -&gt; 207 -&gt; 716 -&gt; 380 -&gt; 176 -&gt;   Toplam : 3747
215 -&gt; 124 -&gt; 442 -&gt; 235 -&gt; 417 -&gt; 835 -&gt; 207 -&gt; 716 -&gt; 380 -&gt; 176 -&gt;   Toplam : 3747
215 -&gt; 124 -&gt; 442 -&gt; 235 -&gt; 417 -&gt; 835 -&gt; 207 -&gt; 716 -&gt; 380 -&gt; 176 -&gt;   Toplam : 3747
215 -&gt; 124 -&gt; 442 -&gt; 235 -&gt; 417 -&gt; 835 -&gt; 207 -&gt; 716 -&gt; 380 -&gt; 176 -&gt;   Toplam : 3747
215 -&gt; 124 -&gt; 442 -&gt; 235 -&gt; 417 -&gt; 835 -&gt; 207 -&gt; 716 -&gt; 380 -&gt; 176 -&gt;   Toplam : 3747
215 -&gt; 124 -&gt; 442 -&gt; 235 -&gt; 417 -&gt; 835 -&gt; 207 -&gt; 716 -&gt; 380 -&gt; 176 -&gt;   Toplam : 3747
215 -&gt; 124 -&gt; 442 -&gt; 235 -&gt; 417 -&gt; 835 -&gt; 207 -&gt; 716 -&gt; 380 -&gt; 176 -&gt;   Toplam : 3747
215 -&gt; 124 -&gt; 442 -&gt; 235 -&gt; 417 -&gt; 835 -&gt; 207 -&gt; 716 -&gt; 380 -&gt; 176 -&gt;   Toplam : 3747
215 -&gt; 124 -&gt; 442 -&gt; 235 -&gt; 417 -&gt; 835 -&gt; 207 -&gt; 716 -&gt; 380 -&gt; 176 -&gt;   Toplam : 3747
215 -&gt; 124 -&gt; 442 -&gt; 235 -&gt; 417 -&gt; 835 -&gt; 207 -&gt; 716 -&gt; 380 -&gt; 176 -&gt;   Toplam : 3747
215 -&gt; 124 -&gt; 442 -&gt; 235 -&gt; 417 -&gt; 835 -&gt; 207 -&gt; 716 -&gt; 380 -&gt; 176 -&gt;   Toplam : 3747
215 -&gt; 124 -&gt; 442 -&gt; 235 -&gt; 417 -&gt; 835 -&gt; 207 -&gt; 716 -&gt; 380 -&gt; 176 -&gt;   Toplam : 3747
215 -&gt; 124 -&gt; 442 -&gt; 235 -&gt; 417 -&gt; 133 -&gt; 207 -&gt; 516 -&gt;   Toplam : 2289
215 -&gt; 124 -&gt; 442 -&gt; 235 -&gt; 417 -&gt; 133 -&gt; 207 -&gt; 516 -&gt;   Toplam : 2289
215 -&gt; 124 -&gt; 442 -&gt; 235 -&gt; 417 -&gt; 133 -&gt; 207 -&gt; 516 -&gt;   Toplam : 2289
215 -&gt; 124 -&gt; 442 -&gt; 235 -&gt; 417 -&gt; 133 -&gt; 207 -&gt; 516 -&gt;   Toplam : 2289
215 -&gt; 124 -&gt; 442 -&gt; 235 -&gt; 417 -&gt; 133 -&gt; 207 -&gt; 516 -&gt;   Toplam : 2289
215 -&gt; 124 -&gt; 442 -&gt; 235 -&gt; 417 -&gt; 133 -&gt; 207 -&gt; 516 -&gt;   Toplam : 2289
215 -&gt; 124 -&gt; 442 -&gt; 235 -&gt; 417 -&gt; 133 -&gt; 207 -&gt; 516 -&gt;   Toplam : 2289
215 -&gt; 124 -&gt; 442 -&gt; 235 -&gt; 417 -&gt; 133 -&gt; 207 -&gt; 516 -&gt;   Toplam : 2289
215 -&gt; 124 -&gt; 442 -&gt; 235 -&gt; 417 -&gt; 133 -&gt; 207 -&gt; 516 -&gt;   Toplam : 2289
215 -&gt; 124 -&gt; 442 -&gt; 235 -&gt; 417 -&gt; 133 -&gt; 207 -&gt; 516 -&gt;   Toplam : 2289
215 -&gt; 124 -&gt; 442 -&gt; 235 -&gt; 417 -&gt; 133 -&gt; 207 -&gt; 516 -&gt;   Toplam : 2289
215 -&gt; 124 -&gt; 442 -&gt; 235 -&gt; 417 -&gt; 133 -&gt; 207 -&gt; 516 -&gt;   Toplam : 2289
215 -&gt; 124 -&gt; 442 -&gt; 235 -&gt; 417 -&gt; 133 -&gt; 207 -&gt; 516 -&gt;   Toplam : 2289
215 -&gt; 124 -&gt; 442 -&gt; 235 -&gt; 417 -&gt; 133 -&gt; 207 -&gt; 516 -&gt;   Toplam : 2289
215 -&gt; 124 -&gt; 442 -&gt; 235 -&gt; 417 -&gt; 133 -&gt; 207 -&gt; 516 -&gt;   Toplam : 2289
215 -&gt; 124 -&gt; 442 -&gt; 235 -&gt; 417 -&gt; 133 -&gt; 207 -&gt; 516 -&gt;   Toplam : 2289
215 -&gt; 124 -&gt; 442 -&gt; 235 -&gt; 417 -&gt; 133 -&gt; 207 -&gt; 516 -&gt;   Toplam : 2289
215 -&gt; 124 -&gt; 442 -&gt; 235 -&gt; 417 -&gt; 133 -&gt; 207 -&gt; 516 -&gt;   Toplam : 2289
215 -&gt; 124 -&gt; 442 -&gt; 235 -&gt; 417 -&gt; 133 -&gt; 207 -&gt; 516 -&gt;   Toplam : 2289
215 -&gt; 124 -&gt; 442 -&gt; 235 -&gt; 417 -&gt; 133 -&gt; 207 -&gt; 516 -&gt;   Toplam : 2289
215 -&gt; 124 -&gt; 442 -&gt; 235 -&gt; 417 -&gt; 133 -&gt; 207 -&gt; 516 -&gt;   Toplam : 2289
215 -&gt; 124 -&gt; 442 -&gt; 235 -&gt; 417 -&gt; 133 -&gt; 207 -&gt; 516 -&gt;   Toplam : 2289
215 -&gt; 124 -&gt; 442 -&gt; 235 -&gt; 417 -&gt; 133 -&gt; 207 -&gt; 516 -&gt;   Toplam : 2289
215 -&gt; 124 -&gt; 442 -&gt; 235 -&gt; 417 -&gt; 133 -&gt; 207 -&gt; 516 -&gt;   Toplam : 2289
215 -&gt; 124 -&gt; 442 -&gt; 235 -&gt; 417 -&gt; 133 -&gt; 207 -&gt; 516 -&gt;   Toplam : 2289
215 -&gt; 124 -&gt; 442 -&gt; 235 -&gt; 417 -&gt; 133 -&gt; 207 -&gt; 516 -&gt;   Toplam : 2289
215 -&gt; 124 -&gt; 442 -&gt; 235 -&gt; 417 -&gt; 133 -&gt; 207 -&gt; 516 -&gt;   Toplam : 2289
215 -&gt; 124 -&gt; 442 -&gt; 235 -&gt; 417 -&gt; 133 -&gt; 207 -&gt; 516 -&gt;   Toplam : 2289
215 -&gt; 124 -&gt; 442 -&gt; 235 -&gt; 417 -&gt; 133 -&gt; 207 -&gt; 516 -&gt;   Toplam : 2289
215 -&gt; 124 -&gt; 442 -&gt; 235 -&gt; 417 -&gt; 133 -&gt; 207 -&gt; 516 -&gt;   Toplam : 2289
215 -&gt; 124 -&gt; 442 -&gt; 235 -&gt; 417 -&gt; 133 -&gt; 207 -&gt; 516 -&gt;   Toplam : 2289
215 -&gt; 124 -&gt; 442 -&gt; 235 -&gt; 417 -&gt; 133 -&gt; 207 -&gt; 516 -&gt;   Toplam : 2289
215 -&gt; 124 -&gt; 442 -&gt; 235 -&gt; 417 -&gt; 133 -&gt; 207 -&gt; 516 -&gt;   Toplam : 2289
215 -&gt; 124 -&gt; 442 -&gt; 235 -&gt; 417 -&gt; 133 -&gt; 207 -&gt; 516 -&gt;   Toplam : 2289
215 -&gt; 124 -&gt; 442 -&gt; 235 -&gt; 417 -&gt; 133 -&gt; 207 -&gt; 516 -&gt;   Toplam : 2289
215 -&gt; 124 -&gt; 442 -&gt; 235 -&gt; 417 -&gt; 133 -&gt; 207 -&gt; 516 -&gt;   Toplam : 2289
215 -&gt; 124 -&gt; 442 -&gt; 235 -&gt; 417 -&gt; 133 -&gt; 207 -&gt; 516 -&gt;   Toplam : 2289
215 -&gt; 124 -&gt; 442 -&gt; 235 -&gt; 417 -&gt; 133 -&gt; 207 -&gt; 516 -&gt;   Toplam : 2289
215 -&gt; 124 -&gt; 442 -&gt; 235 -&gt; 417 -&gt; 133 -&gt; 207 -&gt; 516 -&gt;   Toplam : 2289
215 -&gt; 124 -&gt; 442 -&gt; 235 -&gt; 417 -&gt; 133 -&gt; 207 -&gt; 516 -&gt;   Toplam : 2289
215 -&gt; 124 -&gt; 442 -&gt; 235 -&gt; 417 -&gt; 133 -&gt; 207 -&gt; 516 -&gt;   Toplam : 2289
215 -&gt; 124 -&gt; 442 -&gt; 235 -&gt; 417 -&gt; 133 -&gt; 207 -&gt; 516 -&gt;   Toplam : 2289
215 -&gt; 124 -&gt; 442 -&gt; 235 -&gt; 417 -&gt; 133 -&gt; 207 -&gt; 516 -&gt;   Toplam : 2289
215 -&gt; 124 -&gt; 442 -&gt; 235 -&gt; 417 -&gt; 133 -&gt; 207 -&gt; 516 -&gt;   Toplam : 2289
215 -&gt; 124 -&gt; 442 -&gt; 235 -&gt; 417 -&gt; 133 -&gt; 207 -&gt; 516 -&gt;   Toplam : 2289
215 -&gt; 124 -&gt; 442 -&gt; 235 -&gt; 417 -&gt; 133 -&gt; 207 -&gt; 516 -&gt;   Toplam : 2289
215 -&gt; 124 -&gt; 442 -&gt; 235 -&gt; 417 -&gt; 133 -&gt; 207 -&gt; 516 -&gt;   Toplam : 2289
215 -&gt; 124 -&gt; 442 -&gt; 235 -&gt; 417 -&gt; 133 -&gt; 207 -&gt; 516 -&gt;   Toplam : 2289
215 -&gt; 124 -&gt; 442 -&gt; 235 -&gt; 417 -&gt; 133 -&gt; 207 -&gt; 516 -&gt;   Toplam : 2289
215 -&gt; 124 -&gt; 442 -&gt; 235 -&gt; 417 -&gt; 133 -&gt; 207 -&gt; 516 -&gt;   Toplam : 2289
215 -&gt; 124 -&gt; 442 -&gt; 235 -&gt; 417 -&gt; 133 -&gt; 207 -&gt; 516 -&gt;   Toplam : 2289
215 -&gt; 124 -&gt; 442 -&gt; 235 -&gt; 417 -&gt; 133 -&gt; 207 -&gt; 516 -&gt;   Toplam : 2289
215 -&gt; 124 -&gt; 442 -&gt; 235 -&gt; 417 -&gt; 133 -&gt; 207 -&gt; 516 -&gt;   Toplam : 2289
215 -&gt; 124 -&gt; 442 -&gt; 235 -&gt; 417 -&gt; 133 -&gt; 207 -&gt; 516 -&gt;   Toplam : 2289
215 -&gt; 124 -&gt; 442 -&gt; 235 -&gt; 417 -&gt; 133 -&gt; 207 -&gt; 516 -&gt;   Toplam : 2289
215 -&gt; 124 -&gt; 442 -&gt; 235 -&gt; 417 -&gt; 133 -&gt; 207 -&gt; 516 -&gt;   Toplam : 2289
215 -&gt; 124 -&gt; 442 -&gt; 235 -&gt; 417 -&gt; 133 -&gt; 207 -&gt; 516 -&gt;   Toplam : 2289
215 -&gt; 124 -&gt; 442 -&gt; 235 -&gt; 417 -&gt; 133 -&gt; 207 -&gt; 516 -&gt;   Toplam : 2289
215 -&gt; 124 -&gt; 442 -&gt; 235 -&gt; 417 -&gt; 133 -&gt; 207 -&gt; 516 -&gt;   Toplam : 2289
215 -&gt; 124 -&gt; 442 -&gt; 235 -&gt; 417 -&gt; 133 -&gt; 207 -&gt; 516 -&gt;   Toplam : 2289
215 -&gt; 124 -&gt; 442 -&gt; 235 -&gt; 417 -&gt; 133 -&gt; 207 -&gt; 516 -&gt;   Toplam : 2289
215 -&gt; 124 -&gt; 442 -&gt; 235 -&gt; 417 -&gt; 133 -&gt; 207 -&gt; 516 -&gt;   Toplam : 2289
215 -&gt; 124 -&gt; 442 -&gt; 235 -&gt; 417 -&gt; 133 -&gt; 207 -&gt; 516 -&gt;   Toplam : 2289
215 -&gt; 124 -&gt; 442 -&gt; 235 -&gt; 417 -&gt; 133 -&gt; 207 -&gt; 516 -&gt;   Toplam : 2289
215 -&gt; 124 -&gt; 442 -&gt; 235 -&gt; 417 -&gt; 133 -&gt; 207 -&gt; 516 -&gt; 560 -&gt; 632 -&gt; 543 -&gt;   Toplam : 4024
215 -&gt; 124 -&gt; 442 -&gt; 235 -&gt; 417 -&gt; 133 -&gt; 207 -&gt; 516 -&gt; 560 -&gt; 632 -&gt; 543 -&gt;   Toplam : 4024
215 -&gt; 124 -&gt; 442 -&gt; 235 -&gt; 417 -&gt; 133 -&gt; 207 -&gt; 516 -&gt; 560 -&gt; 632 -&gt; 543 -&gt;   Toplam : 4024
215 -&gt; 124 -&gt; 442 -&gt; 235 -&gt; 417 -&gt; 133 -&gt; 207 -&gt; 516 -&gt; 560 -&gt; 632 -&gt; 543 -&gt;   Toplam : 4024
215 -&gt; 124 -&gt; 442 -&gt; 235 -&gt; 417 -&gt; 133 -&gt; 207 -&gt; 516 -&gt; 560 -&gt; 632 -&gt; 543 -&gt;   Toplam : 4024
215 -&gt; 124 -&gt; 442 -&gt; 235 -&gt; 417 -&gt; 133 -&gt; 207 -&gt; 516 -&gt; 560 -&gt; 632 -&gt; 543 -&gt;   Toplam : 4024
215 -&gt; 124 -&gt; 442 -&gt; 235 -&gt; 417 -&gt; 133 -&gt; 207 -&gt; 516 -&gt; 560 -&gt; 632 -&gt; 543 -&gt;   Toplam : 4024
215 -&gt; 124 -&gt; 442 -&gt; 235 -&gt; 417 -&gt; 133 -&gt; 207 -&gt; 516 -&gt; 560 -&gt; 632 -&gt; 543 -&gt;   Toplam : 4024
215 -&gt; 124 -&gt; 442 -&gt; 235 -&gt; 417 -&gt; 133 -&gt; 207 -&gt; 516 -&gt; 560 -&gt; 632 -&gt; 543 -&gt;   Toplam : 4024
215 -&gt; 124 -&gt; 442 -&gt; 235 -&gt; 417 -&gt; 133 -&gt; 207 -&gt; 516 -&gt; 560 -&gt; 632 -&gt; 543 -&gt;   Toplam : 4024
215 -&gt; 124 -&gt; 442 -&gt; 235 -&gt; 417 -&gt; 133 -&gt; 207 -&gt; 516 -&gt; 560 -&gt; 632 -&gt; 543 -&gt;   Toplam : 4024
215 -&gt; 124 -&gt; 442 -&gt; 235 -&gt; 417 -&gt; 133 -&gt; 207 -&gt; 516 -&gt; 560 -&gt; 632 -&gt; 543 -&gt;   Toplam : 4024
215 -&gt; 124 -&gt; 442 -&gt; 235 -&gt; 417 -&gt; 133 -&gt; 207 -&gt; 516 -&gt; 560 -&gt; 632 -&gt; 543 -&gt;   Toplam : 4024
215 -&gt; 124 -&gt; 442 -&gt; 235 -&gt; 417 -&gt; 133 -&gt; 207 -&gt; 516 -&gt; 560 -&gt; 632 -&gt; 543 -&gt;   Toplam : 4024
215 -&gt; 124 -&gt; 442 -&gt; 235 -&gt; 417 -&gt; 133 -&gt; 207 -&gt; 516 -&gt; 560 -&gt; 632 -&gt; 543 -&gt;   Toplam : 4024
215 -&gt; 124 -&gt; 442 -&gt; 235 -&gt; 417 -&gt; 133 -&gt; 207 -&gt; 516 -&gt; 560 -&gt; 632 -&gt; 543 -&gt;   Toplam : 4024
215 -&gt; 124 -&gt; 442 -&gt; 235 -&gt; 417 -&gt; 133 -&gt; 207 -&gt; 516 -&gt; 560 -&gt; 632 -&gt; 931 -&gt;   Toplam : 4412
215 -&gt; 124 -&gt; 442 -&gt; 235 -&gt; 417 -&gt; 133 -&gt; 207 -&gt; 516 -&gt; 560 -&gt; 632 -&gt; 931 -&gt;   Toplam : 4412
215 -&gt; 124 -&gt; 442 -&gt; 235 -&gt; 417 -&gt; 133 -&gt; 207 -&gt; 516 -&gt; 560 -&gt; 632 -&gt; 931 -&gt;   Toplam : 4412
215 -&gt; 124 -&gt; 442 -&gt; 235 -&gt; 417 -&gt; 133 -&gt; 207 -&gt; 516 -&gt; 560 -&gt; 632 -&gt; 931 -&gt;   Toplam : 4412
215 -&gt; 124 -&gt; 442 -&gt; 235 -&gt; 417 -&gt; 133 -&gt; 207 -&gt; 516 -&gt; 560 -&gt; 632 -&gt; 931 -&gt;   Toplam : 4412
215 -&gt; 124 -&gt; 442 -&gt; 235 -&gt; 417 -&gt; 133 -&gt; 207 -&gt; 516 -&gt; 560 -&gt; 632 -&gt; 931 -&gt;   Toplam : 4412
215 -&gt; 124 -&gt; 442 -&gt; 235 -&gt; 417 -&gt; 133 -&gt; 207 -&gt; 516 -&gt; 560 -&gt; 632 -&gt; 931 -&gt;   Toplam : 4412
215 -&gt; 124 -&gt; 442 -&gt; 235 -&gt; 417 -&gt; 133 -&gt; 207 -&gt; 516 -&gt; 560 -&gt; 632 -&gt; 931 -&gt;   Toplam : 4412
215 -&gt; 124 -&gt; 442 -&gt; 235 -&gt; 417 -&gt; 133 -&gt; 207 -&gt; 516 -&gt; 560 -&gt; 632 -&gt; 931 -&gt; 778 -&gt; 413 -&gt; 310 -&gt; 218 -&gt;   Toplam : 6131
215 -&gt; 
124 -&gt; 
442 -&gt; 
235 -&gt; 
417 -&gt; 
133 -&gt; 
207 -&gt; 
516 -&gt; 
560 -&gt; 
632 -&gt; 
931 -&gt; 
778 -&gt; 
413 -&gt; 
310 -&gt; 
218 -&gt; 
  Toplam : 6131
215 -&gt; 124 -&gt; 442 -&gt; 235 -&gt; 417 -&gt; 133 -&gt; 207 -&gt; 516 -&gt; 560 -&gt; 632 -&gt; 931 -&gt; 778 -&gt; 413 -&gt; 310 -&gt; 253 -&gt;   Toplam : 6166
215 -&gt; 
124 -&gt; 
442 -&gt; 
235 -&gt; 
417 -&gt; 
133 -&gt; 
207 -&gt; 
516 -&gt; 
560 -&gt; 
632 -&gt; 
931 -&gt; 
778 -&gt; 
413 -&gt; 
310 -&gt; 
253 -&gt; 
  Toplam : 6166
215 -&gt; 124 -&gt; 442 -&gt; 235 -&gt; 417 -&gt; 133 -&gt; 207 -&gt; 516 -&gt; 560 -&gt; 632 -&gt; 931 -&gt; 778 -&gt; 413 -&gt; 713 -&gt; 253 -&gt;   Toplam : 6569
215 -&gt; 
124 -&gt; 
442 -&gt; 
235 -&gt; 
417 -&gt; 
133 -&gt; 
207 -&gt; 
516 -&gt; 
560 -&gt; 
632 -&gt; 
931 -&gt; 
778 -&gt; 
413 -&gt; 
713 -&gt; 
253 -&gt; 
  Toplam : 6569
215 -&gt; 124 -&gt; 442 -&gt; 235 -&gt; 417 -&gt; 133 -&gt; 207 -&gt; 516 -&gt; 560 -&gt; 632 -&gt; 931 -&gt; 778 -&gt; 413 -&gt; 713 -&gt;   Toplam : 6316
215 -&gt; 124 -&gt; 442 -&gt; 235 -&gt; 417 -&gt; 133 -&gt; 207 -&gt; 516 -&gt; 560 -&gt; 632 -&gt; 931 -&gt; 778 -&gt; 528 -&gt; 713 -&gt; 253 -&gt;   Toplam : 6684
215 -&gt; 
124 -&gt; 
442 -&gt; 
235 -&gt; 
417 -&gt; 
133 -&gt; 
207 -&gt; 
516 -&gt; 
560 -&gt; 
632 -&gt; 
931 -&gt; 
778 -&gt; 
528 -&gt; 
713 -&gt; 
253 -&gt; 
  Toplam : 6684
215 -&gt; 124 -&gt; 442 -&gt; 235 -&gt; 417 -&gt; 133 -&gt; 207 -&gt; 516 -&gt; 560 -&gt; 632 -&gt; 931 -&gt; 778 -&gt; 528 -&gt; 713 -&gt;   Toplam : 6431
215 -&gt; 124 -&gt; 442 -&gt; 235 -&gt; 417 -&gt; 133 -&gt; 207 -&gt; 516 -&gt; 560 -&gt; 632 -&gt; 931 -&gt; 778 -&gt; 528 -&gt; 999 -&gt;   Toplam : 6717
215 -&gt; 124 -&gt; 442 -&gt; 235 -&gt; 417 -&gt; 133 -&gt; 207 -&gt; 516 -&gt; 560 -&gt; 632 -&gt; 931 -&gt; 778 -&gt; 528 -&gt; 999 -&gt;   Toplam : 6717
215 -&gt; 124 -&gt; 442 -&gt; 235 -&gt; 417 -&gt; 133 -&gt; 207 -&gt; 516 -&gt; 560 -&gt; 387 -&gt; 931 -&gt;   Toplam : 4167
215 -&gt; 124 -&gt; 442 -&gt; 235 -&gt; 417 -&gt; 133 -&gt; 207 -&gt; 516 -&gt; 560 -&gt; 387 -&gt; 931 -&gt;   Toplam : 4167
215 -&gt; 124 -&gt; 442 -&gt; 235 -&gt; 417 -&gt; 133 -&gt; 207 -&gt; 516 -&gt; 560 -&gt; 387 -&gt; 931 -&gt;   Toplam : 4167
215 -&gt; 124 -&gt; 442 -&gt; 235 -&gt; 417 -&gt; 133 -&gt; 207 -&gt; 516 -&gt; 560 -&gt; 387 -&gt; 931 -&gt;   Toplam : 4167
215 -&gt; 124 -&gt; 442 -&gt; 235 -&gt; 417 -&gt; 133 -&gt; 207 -&gt; 516 -&gt; 560 -&gt; 387 -&gt; 931 -&gt;   Toplam : 4167
215 -&gt; 124 -&gt; 442 -&gt; 235 -&gt; 417 -&gt; 133 -&gt; 207 -&gt; 516 -&gt; 560 -&gt; 387 -&gt; 931 -&gt;   Toplam : 4167
215 -&gt; 124 -&gt; 442 -&gt; 235 -&gt; 417 -&gt; 133 -&gt; 207 -&gt; 516 -&gt; 560 -&gt; 387 -&gt; 931 -&gt;   Toplam : 4167
215 -&gt; 124 -&gt; 442 -&gt; 235 -&gt; 417 -&gt; 133 -&gt; 207 -&gt; 516 -&gt; 560 -&gt; 387 -&gt; 931 -&gt;   Toplam : 4167
215 -&gt; 124 -&gt; 442 -&gt; 235 -&gt; 417 -&gt; 133 -&gt; 207 -&gt; 516 -&gt; 560 -&gt; 387 -&gt; 931 -&gt; 778 -&gt; 413 -&gt; 310 -&gt; 218 -&gt;   Toplam : 5886
215 -&gt; 
124 -&gt; 
442 -&gt; 
235 -&gt; 
417 -&gt; 
133 -&gt; 
207 -&gt; 
516 -&gt; 
560 -&gt; 
387 -&gt; 
931 -&gt; 
778 -&gt; 
413 -&gt; 
310 -&gt; 
218 -&gt; 
  Toplam : 5886
215 -&gt; 124 -&gt; 442 -&gt; 235 -&gt; 417 -&gt; 133 -&gt; 207 -&gt; 516 -&gt; 560 -&gt; 387 -&gt; 931 -&gt; 778 -&gt; 413 -&gt; 310 -&gt; 253 -&gt;   Toplam : 5921
215 -&gt; 
124 -&gt; 
442 -&gt; 
235 -&gt; 
417 -&gt; 
133 -&gt; 
207 -&gt; 
516 -&gt; 
560 -&gt; 
387 -&gt; 
931 -&gt; 
778 -&gt; 
413 -&gt; 
310 -&gt; 
253 -&gt; 
  Toplam : 5921
215 -&gt; 124 -&gt; 442 -&gt; 235 -&gt; 417 -&gt; 133 -&gt; 207 -&gt; 516 -&gt; 560 -&gt; 387 -&gt; 931 -&gt; 778 -&gt; 413 -&gt; 713 -&gt; 253 -&gt;   Toplam : 6324
215 -&gt; 
124 -&gt; 
442 -&gt; 
235 -&gt; 
417 -&gt; 
133 -&gt; 
207 -&gt; 
516 -&gt; 
560 -&gt; 
387 -&gt; 
931 -&gt; 
778 -&gt; 
413 -&gt; 
713 -&gt; 
253 -&gt; 
  Toplam : 6324
215 -&gt; 124 -&gt; 442 -&gt; 235 -&gt; 417 -&gt; 133 -&gt; 207 -&gt; 516 -&gt; 560 -&gt; 387 -&gt; 931 -&gt; 778 -&gt; 413 -&gt; 713 -&gt;   Toplam : 6071
215 -&gt; 124 -&gt; 442 -&gt; 235 -&gt; 417 -&gt; 133 -&gt; 207 -&gt; 516 -&gt; 560 -&gt; 387 -&gt; 931 -&gt; 778 -&gt; 528 -&gt; 713 -&gt; 253 -&gt;   Toplam : 6439
215 -&gt; 
124 -&gt; 
442 -&gt; 
235 -&gt; 
417 -&gt; 
133 -&gt; 
207 -&gt; 
516 -&gt; 
560 -&gt; 
387 -&gt; 
931 -&gt; 
778 -&gt; 
528 -&gt; 
713 -&gt; 
253 -&gt; 
  Toplam : 6439
215 -&gt; 124 -&gt; 442 -&gt; 235 -&gt; 417 -&gt; 133 -&gt; 207 -&gt; 516 -&gt; 560 -&gt; 387 -&gt; 931 -&gt; 778 -&gt; 528 -&gt; 713 -&gt;   Toplam : 6186
215 -&gt; 124 -&gt; 442 -&gt; 235 -&gt; 417 -&gt; 133 -&gt; 207 -&gt; 516 -&gt; 560 -&gt; 387 -&gt; 931 -&gt; 778 -&gt; 528 -&gt; 999 -&gt;   Toplam : 6472
215 -&gt; 124 -&gt; 442 -&gt; 235 -&gt; 417 -&gt; 133 -&gt; 207 -&gt; 516 -&gt; 560 -&gt; 387 -&gt; 931 -&gt; 778 -&gt; 528 -&gt; 999 -&gt;   Toplam : 6472
215 -&gt; 124 -&gt; 442 -&gt; 235 -&gt; 417 -&gt; 133 -&gt; 207 -&gt; 516 -&gt; 560 -&gt; 387 -&gt; 532 -&gt; 778 -&gt; 413 -&gt; 310 -&gt; 218 -&gt;   Toplam : 5487
215 -&gt; 
124 -&gt; 
442 -&gt; 
235 -&gt; 
417 -&gt; 
133 -&gt; 
207 -&gt; 
516 -&gt; 
560 -&gt; 
387 -&gt; 
532 -&gt; 
778 -&gt; 
413 -&gt; 
310 -&gt; 
218 -&gt; 
  Toplam : 5487
215 -&gt; 124 -&gt; 442 -&gt; 235 -&gt; 417 -&gt; 133 -&gt; 207 -&gt; 516 -&gt; 560 -&gt; 387 -&gt; 532 -&gt; 778 -&gt; 413 -&gt; 310 -&gt; 253 -&gt;   Toplam : 5522
215 -&gt; 
124 -&gt; 
442 -&gt; 
235 -&gt; 
417 -&gt; 
133 -&gt; 
207 -&gt; 
516 -&gt; 
560 -&gt; 
387 -&gt; 
532 -&gt; 
778 -&gt; 
413 -&gt; 
310 -&gt; 
253 -&gt; 
  Toplam : 5522
215 -&gt; 124 -&gt; 442 -&gt; 235 -&gt; 417 -&gt; 133 -&gt; 207 -&gt; 516 -&gt; 560 -&gt; 387 -&gt; 532 -&gt; 778 -&gt; 413 -&gt; 713 -&gt; 253 -&gt;   Toplam : 5925
215 -&gt; 
124 -&gt; 
442 -&gt; 
235 -&gt; 
417 -&gt; 
133 -&gt; 
207 -&gt; 
516 -&gt; 
560 -&gt; 
387 -&gt; 
532 -&gt; 
778 -&gt; 
413 -&gt; 
713 -&gt; 
253 -&gt; 
  Toplam : 5925
215 -&gt; 124 -&gt; 442 -&gt; 235 -&gt; 417 -&gt; 133 -&gt; 207 -&gt; 516 -&gt; 560 -&gt; 387 -&gt; 532 -&gt; 778 -&gt; 413 -&gt; 713 -&gt;   Toplam : 5672
215 -&gt; 124 -&gt; 442 -&gt; 235 -&gt; 417 -&gt; 133 -&gt; 207 -&gt; 516 -&gt; 560 -&gt; 387 -&gt; 532 -&gt; 778 -&gt; 528 -&gt; 713 -&gt; 253 -&gt;   Toplam : 6040
215 -&gt; 
124 -&gt; 
442 -&gt; 
235 -&gt; 
417 -&gt; 
133 -&gt; 
207 -&gt; 
516 -&gt; 
560 -&gt; 
387 -&gt; 
532 -&gt; 
778 -&gt; 
528 -&gt; 
713 -&gt; 
253 -&gt; 
  Toplam : 6040
215 -&gt; 124 -&gt; 442 -&gt; 235 -&gt; 417 -&gt; 133 -&gt; 207 -&gt; 516 -&gt; 560 -&gt; 387 -&gt; 532 -&gt; 778 -&gt; 528 -&gt; 713 -&gt;   Toplam : 5787
215 -&gt; 124 -&gt; 442 -&gt; 235 -&gt; 417 -&gt; 133 -&gt; 207 -&gt; 516 -&gt; 560 -&gt; 387 -&gt; 532 -&gt; 778 -&gt; 528 -&gt; 999 -&gt;   Toplam : 6073
215 -&gt; 124 -&gt; 442 -&gt; 235 -&gt; 417 -&gt; 133 -&gt; 207 -&gt; 516 -&gt; 560 -&gt; 387 -&gt; 532 -&gt; 778 -&gt; 528 -&gt; 999 -&gt;   Toplam : 6073
215 -&gt; 124 -&gt; 442 -&gt; 235 -&gt; 417 -&gt; 133 -&gt; 207 -&gt; 516 -&gt; 560 -&gt; 387 -&gt; 532 -&gt;   Toplam : 3768
215 -&gt; 124 -&gt; 442 -&gt; 235 -&gt; 417 -&gt; 133 -&gt; 207 -&gt; 516 -&gt; 560 -&gt; 387 -&gt; 532 -&gt;   Toplam : 3768
215 -&gt; 124 -&gt; 442 -&gt; 235 -&gt; 417 -&gt; 133 -&gt; 207 -&gt; 516 -&gt; 560 -&gt; 387 -&gt; 532 -&gt;   Toplam : 3768
215 -&gt; 124 -&gt; 442 -&gt; 235 -&gt; 417 -&gt; 133 -&gt; 207 -&gt; 516 -&gt; 560 -&gt; 387 -&gt; 532 -&gt;   Toplam : 3768
215 -&gt; 124 -&gt; 442 -&gt; 235 -&gt; 417 -&gt; 133 -&gt; 207 -&gt; 516 -&gt; 560 -&gt; 387 -&gt; 532 -&gt;   Toplam : 3768
215 -&gt; 124 -&gt; 442 -&gt; 235 -&gt; 417 -&gt; 133 -&gt; 207 -&gt; 516 -&gt; 560 -&gt; 387 -&gt; 532 -&gt;   Toplam : 3768
215 -&gt; 124 -&gt; 442 -&gt; 235 -&gt; 417 -&gt; 133 -&gt; 207 -&gt; 516 -&gt; 560 -&gt; 387 -&gt; 532 -&gt;   Toplam : 3768
215 -&gt; 124 -&gt; 442 -&gt; 235 -&gt; 417 -&gt; 133 -&gt; 207 -&gt; 516 -&gt; 560 -&gt; 387 -&gt; 532 -&gt;   Toplam : 3768
215 -&gt; 124 -&gt; 442 -&gt; 235 -&gt; 417 -&gt; 133 -&gt; 207 -&gt; 716 -&gt; 560 -&gt; 632 -&gt; 543 -&gt;   Toplam : 4224
215 -&gt; 124 -&gt; 442 -&gt; 235 -&gt; 417 -&gt; 133 -&gt; 207 -&gt; 716 -&gt; 560 -&gt; 632 -&gt; 543 -&gt;   Toplam : 4224
215 -&gt; 124 -&gt; 442 -&gt; 235 -&gt; 417 -&gt; 133 -&gt; 207 -&gt; 716 -&gt; 560 -&gt; 632 -&gt; 543 -&gt;   Toplam : 4224
215 -&gt; 124 -&gt; 442 -&gt; 235 -&gt; 417 -&gt; 133 -&gt; 207 -&gt; 716 -&gt; 560 -&gt; 632 -&gt; 543 -&gt;   Toplam : 4224
215 -&gt; 124 -&gt; 442 -&gt; 235 -&gt; 417 -&gt; 133 -&gt; 207 -&gt; 716 -&gt; 560 -&gt; 632 -&gt; 543 -&gt;   Toplam : 4224
215 -&gt; 124 -&gt; 442 -&gt; 235 -&gt; 417 -&gt; 133 -&gt; 207 -&gt; 716 -&gt; 560 -&gt; 632 -&gt; 543 -&gt;   Toplam : 4224
215 -&gt; 124 -&gt; 442 -&gt; 235 -&gt; 417 -&gt; 133 -&gt; 207 -&gt; 716 -&gt; 560 -&gt; 632 -&gt; 543 -&gt;   Toplam : 4224
215 -&gt; 124 -&gt; 442 -&gt; 235 -&gt; 417 -&gt; 133 -&gt; 207 -&gt; 716 -&gt; 560 -&gt; 632 -&gt; 543 -&gt;   Toplam : 4224
215 -&gt; 124 -&gt; 442 -&gt; 235 -&gt; 417 -&gt; 133 -&gt; 207 -&gt; 716 -&gt; 560 -&gt; 632 -&gt; 543 -&gt;   Toplam : 4224
215 -&gt; 124 -&gt; 442 -&gt; 235 -&gt; 417 -&gt; 133 -&gt; 207 -&gt; 716 -&gt; 560 -&gt; 632 -&gt; 543 -&gt;   Toplam : 4224
215 -&gt; 124 -&gt; 442 -&gt; 235 -&gt; 417 -&gt; 133 -&gt; 207 -&gt; 716 -&gt; 560 -&gt; 632 -&gt; 543 -&gt;   Toplam : 4224
215 -&gt; 124 -&gt; 442 -&gt; 235 -&gt; 417 -&gt; 133 -&gt; 207 -&gt; 716 -&gt; 560 -&gt; 632 -&gt; 543 -&gt;   Toplam : 4224
215 -&gt; 124 -&gt; 442 -&gt; 235 -&gt; 417 -&gt; 133 -&gt; 207 -&gt; 716 -&gt; 560 -&gt; 632 -&gt; 543 -&gt;   Toplam : 4224
215 -&gt; 124 -&gt; 442 -&gt; 235 -&gt; 417 -&gt; 133 -&gt; 207 -&gt; 716 -&gt; 560 -&gt; 632 -&gt; 543 -&gt;   Toplam : 4224
215 -&gt; 124 -&gt; 442 -&gt; 235 -&gt; 417 -&gt; 133 -&gt; 207 -&gt; 716 -&gt; 560 -&gt; 632 -&gt; 543 -&gt;   Toplam : 4224
215 -&gt; 124 -&gt; 442 -&gt; 235 -&gt; 417 -&gt; 133 -&gt; 207 -&gt; 716 -&gt; 560 -&gt; 632 -&gt; 543 -&gt;   Toplam : 4224
215 -&gt; 124 -&gt; 442 -&gt; 235 -&gt; 417 -&gt; 133 -&gt; 207 -&gt; 716 -&gt; 560 -&gt; 632 -&gt; 931 -&gt;   Toplam : 4612
215 -&gt; 124 -&gt; 442 -&gt; 235 -&gt; 417 -&gt; 133 -&gt; 207 -&gt; 716 -&gt; 560 -&gt; 632 -&gt; 931 -&gt;   Toplam : 4612
215 -&gt; 124 -&gt; 442 -&gt; 235 -&gt; 417 -&gt; 133 -&gt; 207 -&gt; 716 -&gt; 560 -&gt; 632 -&gt; 931 -&gt;   Toplam : 4612
215 -&gt; 124 -&gt; 442 -&gt; 235 -&gt; 417 -&gt; 133 -&gt; 207 -&gt; 716 -&gt; 560 -&gt; 632 -&gt; 931 -&gt;   Toplam : 4612
215 -&gt; 124 -&gt; 442 -&gt; 235 -&gt; 417 -&gt; 133 -&gt; 207 -&gt; 716 -&gt; 560 -&gt; 632 -&gt; 931 -&gt;   Toplam : 4612
215 -&gt; 124 -&gt; 442 -&gt; 235 -&gt; 417 -&gt; 133 -&gt; 207 -&gt; 716 -&gt; 560 -&gt; 632 -&gt; 931 -&gt;   Toplam : 4612
215 -&gt; 124 -&gt; 442 -&gt; 235 -&gt; 417 -&gt; 133 -&gt; 207 -&gt; 716 -&gt; 560 -&gt; 632 -&gt; 931 -&gt;   Toplam : 4612
215 -&gt; 124 -&gt; 442 -&gt; 235 -&gt; 417 -&gt; 133 -&gt; 207 -&gt; 716 -&gt; 560 -&gt; 632 -&gt; 931 -&gt;   Toplam : 4612
215 -&gt; 124 -&gt; 442 -&gt; 235 -&gt; 417 -&gt; 133 -&gt; 207 -&gt; 716 -&gt; 560 -&gt; 632 -&gt; 931 -&gt; 778 -&gt; 413 -&gt; 310 -&gt; 218 -&gt;   Toplam : 6331
215 -&gt; 
124 -&gt; 
442 -&gt; 
235 -&gt; 
417 -&gt; 
133 -&gt; 
207 -&gt; 
716 -&gt; 
560 -&gt; 
632 -&gt; 
931 -&gt; 
778 -&gt; 
413 -&gt; 
310 -&gt; 
218 -&gt; 
  Toplam : 6331
215 -&gt; 124 -&gt; 442 -&gt; 235 -&gt; 417 -&gt; 133 -&gt; 207 -&gt; 716 -&gt; 560 -&gt; 632 -&gt; 931 -&gt; 778 -&gt; 413 -&gt; 310 -&gt; 253 -&gt;   Toplam : 6366
215 -&gt; 
124 -&gt; 
442 -&gt; 
235 -&gt; 
417 -&gt; 
133 -&gt; 
207 -&gt; 
716 -&gt; 
560 -&gt; 
632 -&gt; 
931 -&gt; 
778 -&gt; 
413 -&gt; 
310 -&gt; 
253 -&gt; 
  Toplam : 6366
215 -&gt; 124 -&gt; 442 -&gt; 235 -&gt; 417 -&gt; 133 -&gt; 207 -&gt; 716 -&gt; 560 -&gt; 632 -&gt; 931 -&gt; 778 -&gt; 413 -&gt; 713 -&gt; 253 -&gt;   Toplam : 6769
215 -&gt; 
124 -&gt; 
442 -&gt; 
235 -&gt; 
417 -&gt; 
133 -&gt; 
207 -&gt; 
716 -&gt; 
560 -&gt; 
632 -&gt; 
931 -&gt; 
778 -&gt; 
413 -&gt; 
713 -&gt; 
253 -&gt; 
  Toplam : 6769
215 -&gt; 124 -&gt; 442 -&gt; 235 -&gt; 417 -&gt; 133 -&gt; 207 -&gt; 716 -&gt; 560 -&gt; 632 -&gt; 931 -&gt; 778 -&gt; 413 -&gt; 713 -&gt;   Toplam : 6516
215 -&gt; 124 -&gt; 442 -&gt; 235 -&gt; 417 -&gt; 133 -&gt; 207 -&gt; 716 -&gt; 560 -&gt; 632 -&gt; 931 -&gt; 778 -&gt; 528 -&gt; 713 -&gt; 253 -&gt;   Toplam : 6884
215 -&gt; 
124 -&gt; 
442 -&gt; 
235 -&gt; 
417 -&gt; 
133 -&gt; 
207 -&gt; 
716 -&gt; 
560 -&gt; 
632 -&gt; 
931 -&gt; 
778 -&gt; 
528 -&gt; 
713 -&gt; 
253 -&gt; 
  Toplam : 6884
215 -&gt; 124 -&gt; 442 -&gt; 235 -&gt; 417 -&gt; 133 -&gt; 207 -&gt; 716 -&gt; 560 -&gt; 632 -&gt; 931 -&gt; 778 -&gt; 528 -&gt; 713 -&gt;   Toplam : 6631
215 -&gt; 124 -&gt; 442 -&gt; 235 -&gt; 417 -&gt; 133 -&gt; 207 -&gt; 716 -&gt; 560 -&gt; 632 -&gt; 931 -&gt; 778 -&gt; 528 -&gt; 999 -&gt;   Toplam : 6917
215 -&gt; 124 -&gt; 442 -&gt; 235 -&gt; 417 -&gt; 133 -&gt; 207 -&gt; 716 -&gt; 560 -&gt; 632 -&gt; 931 -&gt; 778 -&gt; 528 -&gt; 999 -&gt;   Toplam : 6917
215 -&gt; 124 -&gt; 442 -&gt; 235 -&gt; 417 -&gt; 133 -&gt; 207 -&gt; 716 -&gt; 560 -&gt; 387 -&gt; 931 -&gt;   Toplam : 4367
215 -&gt; 124 -&gt; 442 -&gt; 235 -&gt; 417 -&gt; 133 -&gt; 207 -&gt; 716 -&gt; 560 -&gt; 387 -&gt; 931 -&gt;   Toplam : 4367
215 -&gt; 124 -&gt; 442 -&gt; 235 -&gt; 417 -&gt; 133 -&gt; 207 -&gt; 716 -&gt; 560 -&gt; 387 -&gt; 931 -&gt;   Toplam : 4367
215 -&gt; 124 -&gt; 442 -&gt; 235 -&gt; 417 -&gt; 133 -&gt; 207 -&gt; 716 -&gt; 560 -&gt; 387 -&gt; 931 -&gt;   Toplam : 4367
215 -&gt; 124 -&gt; 442 -&gt; 235 -&gt; 417 -&gt; 133 -&gt; 207 -&gt; 716 -&gt; 560 -&gt; 387 -&gt; 931 -&gt;   Toplam : 4367
215 -&gt; 124 -&gt; 442 -&gt; 235 -&gt; 417 -&gt; 133 -&gt; 207 -&gt; 716 -&gt; 560 -&gt; 387 -&gt; 931 -&gt;   Toplam : 4367
215 -&gt; 124 -&gt; 442 -&gt; 235 -&gt; 417 -&gt; 133 -&gt; 207 -&gt; 716 -&gt; 560 -&gt; 387 -&gt; 931 -&gt;   Toplam : 4367
215 -&gt; 124 -&gt; 442 -&gt; 235 -&gt; 417 -&gt; 133 -&gt; 207 -&gt; 716 -&gt; 560 -&gt; 387 -&gt; 931 -&gt;   Toplam : 4367
215 -&gt; 124 -&gt; 442 -&gt; 235 -&gt; 417 -&gt; 133 -&gt; 207 -&gt; 716 -&gt; 560 -&gt; 387 -&gt; 931 -&gt; 778 -&gt; 413 -&gt; 310 -&gt; 218 -&gt;   Toplam : 6086
215 -&gt; 
124 -&gt; 
442 -&gt; 
235 -&gt; 
417 -&gt; 
133 -&gt; 
207 -&gt; 
716 -&gt; 
560 -&gt; 
387 -&gt; 
931 -&gt; 
778 -&gt; 
413 -&gt; 
310 -&gt; 
218 -&gt; 
  Toplam : 6086
215 -&gt; 124 -&gt; 442 -&gt; 235 -&gt; 417 -&gt; 133 -&gt; 207 -&gt; 716 -&gt; 560 -&gt; 387 -&gt; 931 -&gt; 778 -&gt; 413 -&gt; 310 -&gt; 253 -&gt;   Toplam : 6121
215 -&gt; 
124 -&gt; 
442 -&gt; 
235 -&gt; 
417 -&gt; 
133 -&gt; 
207 -&gt; 
716 -&gt; 
560 -&gt; 
387 -&gt; 
931 -&gt; 
778 -&gt; 
413 -&gt; 
310 -&gt; 
253 -&gt; 
  Toplam : 6121
215 -&gt; 124 -&gt; 442 -&gt; 235 -&gt; 417 -&gt; 133 -&gt; 207 -&gt; 716 -&gt; 560 -&gt; 387 -&gt; 931 -&gt; 778 -&gt; 413 -&gt; 713 -&gt; 253 -&gt;   Toplam : 6524
215 -&gt; 
124 -&gt; 
442 -&gt; 
235 -&gt; 
417 -&gt; 
133 -&gt; 
207 -&gt; 
716 -&gt; 
560 -&gt; 
387 -&gt; 
931 -&gt; 
778 -&gt; 
413 -&gt; 
713 -&gt; 
253 -&gt; 
  Toplam : 6524
215 -&gt; 124 -&gt; 442 -&gt; 235 -&gt; 417 -&gt; 133 -&gt; 207 -&gt; 716 -&gt; 560 -&gt; 387 -&gt; 931 -&gt; 778 -&gt; 413 -&gt; 713 -&gt;   Toplam : 6271
215 -&gt; 124 -&gt; 442 -&gt; 235 -&gt; 417 -&gt; 133 -&gt; 207 -&gt; 716 -&gt; 560 -&gt; 387 -&gt; 931 -&gt; 778 -&gt; 528 -&gt; 713 -&gt; 253 -&gt;   Toplam : 6639
215 -&gt; 
124 -&gt; 
442 -&gt; 
235 -&gt; 
417 -&gt; 
133 -&gt; 
207 -&gt; 
716 -&gt; 
560 -&gt; 
387 -&gt; 
931 -&gt; 
778 -&gt; 
528 -&gt; 
713 -&gt; 
253 -&gt; 
  Toplam : 6639
215 -&gt; 124 -&gt; 442 -&gt; 235 -&gt; 417 -&gt; 133 -&gt; 207 -&gt; 716 -&gt; 560 -&gt; 387 -&gt; 931 -&gt; 778 -&gt; 528 -&gt; 713 -&gt;   Toplam : 6386
215 -&gt; 124 -&gt; 442 -&gt; 235 -&gt; 417 -&gt; 133 -&gt; 207 -&gt; 716 -&gt; 560 -&gt; 387 -&gt; 931 -&gt; 778 -&gt; 528 -&gt; 999 -&gt;   Toplam : 6672
215 -&gt; 124 -&gt; 442 -&gt; 235 -&gt; 417 -&gt; 133 -&gt; 207 -&gt; 716 -&gt; 560 -&gt; 387 -&gt; 931 -&gt; 778 -&gt; 528 -&gt; 999 -&gt;   Toplam : 6672
215 -&gt; 124 -&gt; 442 -&gt; 235 -&gt; 417 -&gt; 133 -&gt; 207 -&gt; 716 -&gt; 560 -&gt; 387 -&gt; 532 -&gt; 778 -&gt; 413 -&gt; 310 -&gt; 218 -&gt;   Toplam : 5687
215 -&gt; 
124 -&gt; 
442 -&gt; 
235 -&gt; 
417 -&gt; 
133 -&gt; 
207 -&gt; 
716 -&gt; 
560 -&gt; 
387 -&gt; 
532 -&gt; 
778 -&gt; 
413 -&gt; 
310 -&gt; 
218 -&gt; 
  Toplam : 5687
215 -&gt; 124 -&gt; 442 -&gt; 235 -&gt; 417 -&gt; 133 -&gt; 207 -&gt; 716 -&gt; 560 -&gt; 387 -&gt; 532 -&gt; 778 -&gt; 413 -&gt; 310 -&gt; 253 -&gt;   Toplam : 5722
215 -&gt; 
124 -&gt; 
442 -&gt; 
235 -&gt; 
417 -&gt; 
133 -&gt; 
207 -&gt; 
716 -&gt; 
560 -&gt; 
387 -&gt; 
532 -&gt; 
778 -&gt; 
413 -&gt; 
310 -&gt; 
253 -&gt; 
  Toplam : 5722
215 -&gt; 124 -&gt; 442 -&gt; 235 -&gt; 417 -&gt; 133 -&gt; 207 -&gt; 716 -&gt; 560 -&gt; 387 -&gt; 532 -&gt; 778 -&gt; 413 -&gt; 713 -&gt; 253 -&gt;   Toplam : 6125
215 -&gt; 
124 -&gt; 
442 -&gt; 
235 -&gt; 
417 -&gt; 
133 -&gt; 
207 -&gt; 
716 -&gt; 
560 -&gt; 
387 -&gt; 
532 -&gt; 
778 -&gt; 
413 -&gt; 
713 -&gt; 
253 -&gt; 
  Toplam : 6125
215 -&gt; 124 -&gt; 442 -&gt; 235 -&gt; 417 -&gt; 133 -&gt; 207 -&gt; 716 -&gt; 560 -&gt; 387 -&gt; 532 -&gt; 778 -&gt; 413 -&gt; 713 -&gt;   Toplam : 5872
215 -&gt; 124 -&gt; 442 -&gt; 235 -&gt; 417 -&gt; 133 -&gt; 207 -&gt; 716 -&gt; 560 -&gt; 387 -&gt; 532 -&gt; 778 -&gt; 528 -&gt; 713 -&gt; 253 -&gt;   Toplam : 6240
215 -&gt; 
124 -&gt; 
442 -&gt; 
235 -&gt; 
417 -&gt; 
133 -&gt; 
207 -&gt; 
716 -&gt; 
560 -&gt; 
387 -&gt; 
532 -&gt; 
778 -&gt; 
528 -&gt; 
713 -&gt; 
253 -&gt; 
  Toplam : 6240
215 -&gt; 124 -&gt; 442 -&gt; 235 -&gt; 417 -&gt; 133 -&gt; 207 -&gt; 716 -&gt; 560 -&gt; 387 -&gt; 532 -&gt; 778 -&gt; 528 -&gt; 713 -&gt;   Toplam : 5987
215 -&gt; 124 -&gt; 442 -&gt; 235 -&gt; 417 -&gt; 133 -&gt; 207 -&gt; 716 -&gt; 560 -&gt; 387 -&gt; 532 -&gt; 778 -&gt; 528 -&gt; 999 -&gt;   Toplam : 6273
215 -&gt; 124 -&gt; 442 -&gt; 235 -&gt; 417 -&gt; 133 -&gt; 207 -&gt; 716 -&gt; 560 -&gt; 387 -&gt; 532 -&gt; 778 -&gt; 528 -&gt; 999 -&gt;   Toplam : 6273
215 -&gt; 124 -&gt; 442 -&gt; 235 -&gt; 417 -&gt; 133 -&gt; 207 -&gt; 716 -&gt; 560 -&gt; 387 -&gt; 532 -&gt;   Toplam : 3968
215 -&gt; 124 -&gt; 442 -&gt; 235 -&gt; 417 -&gt; 133 -&gt; 207 -&gt; 716 -&gt; 560 -&gt; 387 -&gt; 532 -&gt;   Toplam : 3968
215 -&gt; 124 -&gt; 442 -&gt; 235 -&gt; 417 -&gt; 133 -&gt; 207 -&gt; 716 -&gt; 560 -&gt; 387 -&gt; 532 -&gt;   Toplam : 3968
215 -&gt; 124 -&gt; 442 -&gt; 235 -&gt; 417 -&gt; 133 -&gt; 207 -&gt; 716 -&gt; 560 -&gt; 387 -&gt; 532 -&gt;   Toplam : 3968
215 -&gt; 124 -&gt; 442 -&gt; 235 -&gt; 417 -&gt; 133 -&gt; 207 -&gt; 716 -&gt; 560 -&gt; 387 -&gt; 532 -&gt;   Toplam : 3968
215 -&gt; 124 -&gt; 442 -&gt; 235 -&gt; 417 -&gt; 133 -&gt; 207 -&gt; 716 -&gt; 560 -&gt; 387 -&gt; 532 -&gt;   Toplam : 3968
215 -&gt; 124 -&gt; 442 -&gt; 235 -&gt; 417 -&gt; 133 -&gt; 207 -&gt; 716 -&gt; 560 -&gt; 387 -&gt; 532 -&gt;   Toplam : 3968
215 -&gt; 124 -&gt; 442 -&gt; 235 -&gt; 417 -&gt; 133 -&gt; 207 -&gt; 716 -&gt; 560 -&gt; 387 -&gt; 532 -&gt;   Toplam : 3968
215 -&gt; 124 -&gt; 442 -&gt; 235 -&gt; 417 -&gt; 133 -&gt; 207 -&gt; 716 -&gt; 380 -&gt; 387 -&gt; 931 -&gt;   Toplam : 4187
215 -&gt; 124 -&gt; 442 -&gt; 235 -&gt; 417 -&gt; 133 -&gt; 207 -&gt; 716 -&gt; 380 -&gt; 387 -&gt; 931 -&gt;   Toplam : 4187
215 -&gt; 124 -&gt; 442 -&gt; 235 -&gt; 417 -&gt; 133 -&gt; 207 -&gt; 716 -&gt; 380 -&gt; 387 -&gt; 931 -&gt;   Toplam : 4187
215 -&gt; 124 -&gt; 442 -&gt; 235 -&gt; 417 -&gt; 133 -&gt; 207 -&gt; 716 -&gt; 380 -&gt; 387 -&gt; 931 -&gt;   Toplam : 4187
215 -&gt; 124 -&gt; 442 -&gt; 235 -&gt; 417 -&gt; 133 -&gt; 207 -&gt; 716 -&gt; 380 -&gt; 387 -&gt; 931 -&gt;   Toplam : 4187
215 -&gt; 124 -&gt; 442 -&gt; 235 -&gt; 417 -&gt; 133 -&gt; 207 -&gt; 716 -&gt; 380 -&gt; 387 -&gt; 931 -&gt;   Toplam : 4187
215 -&gt; 124 -&gt; 442 -&gt; 235 -&gt; 417 -&gt; 133 -&gt; 207 -&gt; 716 -&gt; 380 -&gt; 387 -&gt; 931 -&gt;   Toplam : 4187
215 -&gt; 124 -&gt; 442 -&gt; 235 -&gt; 417 -&gt; 133 -&gt; 207 -&gt; 716 -&gt; 380 -&gt; 387 -&gt; 931 -&gt;   Toplam : 4187
215 -&gt; 124 -&gt; 442 -&gt; 235 -&gt; 417 -&gt; 133 -&gt; 207 -&gt; 716 -&gt; 380 -&gt; 387 -&gt; 931 -&gt; 778 -&gt; 413 -&gt; 310 -&gt; 218 -&gt;   Toplam : 5906
215 -&gt; 
124 -&gt; 
442 -&gt; 
235 -&gt; 
417 -&gt; 
133 -&gt; 
207 -&gt; 
716 -&gt; 
380 -&gt; 
387 -&gt; 
931 -&gt; 
778 -&gt; 
413 -&gt; 
310 -&gt; 
218 -&gt; 
  Toplam : 5906
215 -&gt; 124 -&gt; 442 -&gt; 235 -&gt; 417 -&gt; 133 -&gt; 207 -&gt; 716 -&gt; 380 -&gt; 387 -&gt; 931 -&gt; 778 -&gt; 413 -&gt; 310 -&gt; 253 -&gt;   Toplam : 5941
215 -&gt; 
124 -&gt; 
442 -&gt; 
235 -&gt; 
417 -&gt; 
133 -&gt; 
207 -&gt; 
716 -&gt; 
380 -&gt; 
387 -&gt; 
931 -&gt; 
778 -&gt; 
413 -&gt; 
310 -&gt; 
253 -&gt; 
  Toplam : 5941
215 -&gt; 124 -&gt; 442 -&gt; 235 -&gt; 417 -&gt; 133 -&gt; 207 -&gt; 716 -&gt; 380 -&gt; 387 -&gt; 931 -&gt; 778 -&gt; 413 -&gt; 713 -&gt; 253 -&gt;   Toplam : 6344
215 -&gt; 
124 -&gt; 
442 -&gt; 
235 -&gt; 
417 -&gt; 
133 -&gt; 
207 -&gt; 
716 -&gt; 
380 -&gt; 
387 -&gt; 
931 -&gt; 
778 -&gt; 
413 -&gt; 
713 -&gt; 
253 -&gt; 
  Toplam : 6344
215 -&gt; 124 -&gt; 442 -&gt; 235 -&gt; 417 -&gt; 133 -&gt; 207 -&gt; 716 -&gt; 380 -&gt; 387 -&gt; 931 -&gt; 778 -&gt; 413 -&gt; 713 -&gt;   Toplam : 6091
215 -&gt; 124 -&gt; 442 -&gt; 235 -&gt; 417 -&gt; 133 -&gt; 207 -&gt; 716 -&gt; 380 -&gt; 387 -&gt; 931 -&gt; 778 -&gt; 528 -&gt; 713 -&gt; 253 -&gt;   Toplam : 6459
215 -&gt; 
124 -&gt; 
442 -&gt; 
235 -&gt; 
417 -&gt; 
133 -&gt; 
207 -&gt; 
716 -&gt; 
380 -&gt; 
387 -&gt; 
931 -&gt; 
778 -&gt; 
528 -&gt; 
713 -&gt; 
253 -&gt; 
  Toplam : 6459
215 -&gt; 124 -&gt; 442 -&gt; 235 -&gt; 417 -&gt; 133 -&gt; 207 -&gt; 716 -&gt; 380 -&gt; 387 -&gt; 931 -&gt; 778 -&gt; 528 -&gt; 713 -&gt;   Toplam : 6206
215 -&gt; 124 -&gt; 442 -&gt; 235 -&gt; 417 -&gt; 133 -&gt; 207 -&gt; 716 -&gt; 380 -&gt; 387 -&gt; 931 -&gt; 778 -&gt; 528 -&gt; 999 -&gt;   Toplam : 6492
215 -&gt; 124 -&gt; 442 -&gt; 235 -&gt; 417 -&gt; 133 -&gt; 207 -&gt; 716 -&gt; 380 -&gt; 387 -&gt; 931 -&gt; 778 -&gt; 528 -&gt; 999 -&gt;   Toplam : 6492
215 -&gt; 124 -&gt; 442 -&gt; 235 -&gt; 417 -&gt; 133 -&gt; 207 -&gt; 716 -&gt; 380 -&gt; 387 -&gt; 532 -&gt; 778 -&gt; 413 -&gt; 310 -&gt; 218 -&gt;   Toplam : 5507
215 -&gt; 
124 -&gt; 
442 -&gt; 
235 -&gt; 
417 -&gt; 
133 -&gt; 
207 -&gt; 
716 -&gt; 
380 -&gt; 
387 -&gt; 
532 -&gt; 
778 -&gt; 
413 -&gt; 
310 -&gt; 
218 -&gt; 
  Toplam : 5507
215 -&gt; 124 -&gt; 442 -&gt; 235 -&gt; 417 -&gt; 133 -&gt; 207 -&gt; 716 -&gt; 380 -&gt; 387 -&gt; 532 -&gt; 778 -&gt; 413 -&gt; 310 -&gt; 253 -&gt;   Toplam : 5542
215 -&gt; 
124 -&gt; 
442 -&gt; 
235 -&gt; 
417 -&gt; 
133 -&gt; 
207 -&gt; 
716 -&gt; 
380 -&gt; 
387 -&gt; 
532 -&gt; 
778 -&gt; 
413 -&gt; 
310 -&gt; 
253 -&gt; 
  Toplam : 5542
215 -&gt; 124 -&gt; 442 -&gt; 235 -&gt; 417 -&gt; 133 -&gt; 207 -&gt; 716 -&gt; 380 -&gt; 387 -&gt; 532 -&gt; 778 -&gt; 413 -&gt; 713 -&gt; 253 -&gt;   Toplam : 5945
215 -&gt; 
124 -&gt; 
442 -&gt; 
235 -&gt; 
417 -&gt; 
133 -&gt; 
207 -&gt; 
716 -&gt; 
380 -&gt; 
387 -&gt; 
532 -&gt; 
778 -&gt; 
413 -&gt; 
713 -&gt; 
253 -&gt; 
  Toplam : 5945
215 -&gt; 124 -&gt; 442 -&gt; 235 -&gt; 417 -&gt; 133 -&gt; 207 -&gt; 716 -&gt; 380 -&gt; 387 -&gt; 532 -&gt; 778 -&gt; 413 -&gt; 713 -&gt;   Toplam : 5692
215 -&gt; 124 -&gt; 442 -&gt; 235 -&gt; 417 -&gt; 133 -&gt; 207 -&gt; 716 -&gt; 380 -&gt; 387 -&gt; 532 -&gt; 778 -&gt; 528 -&gt; 713 -&gt; 253 -&gt;   Toplam : 6060
215 -&gt; 
124 -&gt; 
442 -&gt; 
235 -&gt; 
417 -&gt; 
133 -&gt; 
207 -&gt; 
716 -&gt; 
380 -&gt; 
387 -&gt; 
532 -&gt; 
778 -&gt; 
528 -&gt; 
713 -&gt; 
253 -&gt; 
  Toplam : 6060
215 -&gt; 124 -&gt; 442 -&gt; 235 -&gt; 417 -&gt; 133 -&gt; 207 -&gt; 716 -&gt; 380 -&gt; 387 -&gt; 532 -&gt; 778 -&gt; 528 -&gt; 713 -&gt;   Toplam : 5807
215 -&gt; 124 -&gt; 442 -&gt; 235 -&gt; 417 -&gt; 133 -&gt; 207 -&gt; 716 -&gt; 380 -&gt; 387 -&gt; 532 -&gt; 778 -&gt; 528 -&gt; 999 -&gt;   Toplam : 6093
215 -&gt; 124 -&gt; 442 -&gt; 235 -&gt; 417 -&gt; 133 -&gt; 207 -&gt; 716 -&gt; 380 -&gt; 387 -&gt; 532 -&gt; 778 -&gt; 528 -&gt; 999 -&gt;   Toplam : 6093
215 -&gt; 124 -&gt; 442 -&gt; 235 -&gt; 417 -&gt; 133 -&gt; 207 -&gt; 716 -&gt; 380 -&gt; 387 -&gt; 532 -&gt;   Toplam : 3788
215 -&gt; 124 -&gt; 442 -&gt; 235 -&gt; 417 -&gt; 133 -&gt; 207 -&gt; 716 -&gt; 380 -&gt; 387 -&gt; 532 -&gt;   Toplam : 3788
215 -&gt; 124 -&gt; 442 -&gt; 235 -&gt; 417 -&gt; 133 -&gt; 207 -&gt; 716 -&gt; 380 -&gt; 387 -&gt; 532 -&gt;   Toplam : 3788
215 -&gt; 124 -&gt; 442 -&gt; 235 -&gt; 417 -&gt; 133 -&gt; 207 -&gt; 716 -&gt; 380 -&gt; 387 -&gt; 532 -&gt;   Toplam : 3788
215 -&gt; 124 -&gt; 442 -&gt; 235 -&gt; 417 -&gt; 133 -&gt; 207 -&gt; 716 -&gt; 380 -&gt; 387 -&gt; 532 -&gt;   Toplam : 3788
215 -&gt; 124 -&gt; 442 -&gt; 235 -&gt; 417 -&gt; 133 -&gt; 207 -&gt; 716 -&gt; 380 -&gt; 387 -&gt; 532 -&gt;   Toplam : 3788
215 -&gt; 124 -&gt; 442 -&gt; 235 -&gt; 417 -&gt; 133 -&gt; 207 -&gt; 716 -&gt; 380 -&gt; 387 -&gt; 532 -&gt;   Toplam : 3788
215 -&gt; 124 -&gt; 442 -&gt; 235 -&gt; 417 -&gt; 133 -&gt; 207 -&gt; 716 -&gt; 380 -&gt; 387 -&gt; 532 -&gt;   Toplam : 3788
215 -&gt; 124 -&gt; 442 -&gt; 235 -&gt; 417 -&gt; 133 -&gt; 207 -&gt; 716 -&gt; 380 -&gt; 176 -&gt; 532 -&gt; 778 -&gt; 413 -&gt; 310 -&gt; 218 -&gt;   Toplam : 5296
215 -&gt; 
124 -&gt; 
442 -&gt; 
235 -&gt; 
417 -&gt; 
133 -&gt; 
207 -&gt; 
716 -&gt; 
380 -&gt; 
176 -&gt; 
532 -&gt; 
778 -&gt; 
413 -&gt; 
310 -&gt; 
218 -&gt; 
  Toplam : 5296
215 -&gt; 124 -&gt; 442 -&gt; 235 -&gt; 417 -&gt; 133 -&gt; 207 -&gt; 716 -&gt; 380 -&gt; 176 -&gt; 532 -&gt; 778 -&gt; 413 -&gt; 310 -&gt; 253 -&gt;   Toplam : 5331
215 -&gt; 
124 -&gt; 
442 -&gt; 
235 -&gt; 
417 -&gt; 
133 -&gt; 
207 -&gt; 
716 -&gt; 
380 -&gt; 
176 -&gt; 
532 -&gt; 
778 -&gt; 
413 -&gt; 
310 -&gt; 
253 -&gt; 
  Toplam : 5331
215 -&gt; 124 -&gt; 442 -&gt; 235 -&gt; 417 -&gt; 133 -&gt; 207 -&gt; 716 -&gt; 380 -&gt; 176 -&gt; 532 -&gt; 778 -&gt; 413 -&gt; 713 -&gt; 253 -&gt;   Toplam : 5734
215 -&gt; 
124 -&gt; 
442 -&gt; 
235 -&gt; 
417 -&gt; 
133 -&gt; 
207 -&gt; 
716 -&gt; 
380 -&gt; 
176 -&gt; 
532 -&gt; 
778 -&gt; 
413 -&gt; 
713 -&gt; 
253 -&gt; 
  Toplam : 5734
215 -&gt; 124 -&gt; 442 -&gt; 235 -&gt; 417 -&gt; 133 -&gt; 207 -&gt; 716 -&gt; 380 -&gt; 176 -&gt; 532 -&gt; 778 -&gt; 413 -&gt; 713 -&gt;   Toplam : 5481
215 -&gt; 124 -&gt; 442 -&gt; 235 -&gt; 417 -&gt; 133 -&gt; 207 -&gt; 716 -&gt; 380 -&gt; 176 -&gt; 532 -&gt; 778 -&gt; 528 -&gt; 713 -&gt; 253 -&gt;   Toplam : 5849
215 -&gt; 
124 -&gt; 
442 -&gt; 
235 -&gt; 
417 -&gt; 
133 -&gt; 
207 -&gt; 
716 -&gt; 
380 -&gt; 
176 -&gt; 
532 -&gt; 
778 -&gt; 
528 -&gt; 
713 -&gt; 
253 -&gt; 
  Toplam : 5849
215 -&gt; 124 -&gt; 442 -&gt; 235 -&gt; 417 -&gt; 133 -&gt; 207 -&gt; 716 -&gt; 380 -&gt; 176 -&gt; 532 -&gt; 778 -&gt; 528 -&gt; 713 -&gt;   Toplam : 5596
215 -&gt; 124 -&gt; 442 -&gt; 235 -&gt; 417 -&gt; 133 -&gt; 207 -&gt; 716 -&gt; 380 -&gt; 176 -&gt; 532 -&gt; 778 -&gt; 528 -&gt; 999 -&gt;   Toplam : 5882
215 -&gt; 124 -&gt; 442 -&gt; 235 -&gt; 417 -&gt; 133 -&gt; 207 -&gt; 716 -&gt; 380 -&gt; 176 -&gt; 532 -&gt; 778 -&gt; 528 -&gt; 999 -&gt;   Toplam : 5882
215 -&gt; 124 -&gt; 442 -&gt; 235 -&gt; 417 -&gt; 133 -&gt; 207 -&gt; 716 -&gt; 380 -&gt; 176 -&gt; 532 -&gt;   Toplam : 3577
215 -&gt; 124 -&gt; 442 -&gt; 235 -&gt; 417 -&gt; 133 -&gt; 207 -&gt; 716 -&gt; 380 -&gt; 176 -&gt; 532 -&gt;   Toplam : 3577
215 -&gt; 124 -&gt; 442 -&gt; 235 -&gt; 417 -&gt; 133 -&gt; 207 -&gt; 716 -&gt; 380 -&gt; 176 -&gt; 532 -&gt;   Toplam : 3577
215 -&gt; 124 -&gt; 442 -&gt; 235 -&gt; 417 -&gt; 133 -&gt; 207 -&gt; 716 -&gt; 380 -&gt; 176 -&gt; 532 -&gt;   Toplam : 3577
215 -&gt; 124 -&gt; 442 -&gt; 235 -&gt; 417 -&gt; 133 -&gt; 207 -&gt; 716 -&gt; 380 -&gt; 176 -&gt; 532 -&gt;   Toplam : 3577
215 -&gt; 124 -&gt; 442 -&gt; 235 -&gt; 417 -&gt; 133 -&gt; 207 -&gt; 716 -&gt; 380 -&gt; 176 -&gt; 532 -&gt;   Toplam : 3577
215 -&gt; 124 -&gt; 442 -&gt; 235 -&gt; 417 -&gt; 133 -&gt; 207 -&gt; 716 -&gt; 380 -&gt; 176 -&gt; 532 -&gt;   Toplam : 3577
215 -&gt; 124 -&gt; 442 -&gt; 235 -&gt; 417 -&gt; 133 -&gt; 207 -&gt; 716 -&gt; 380 -&gt; 176 -&gt; 532 -&gt;   Toplam : 3577
215 -&gt; 124 -&gt; 442 -&gt; 235 -&gt; 417 -&gt; 133 -&gt; 207 -&gt; 716 -&gt; 380 -&gt; 176 -&gt;   Toplam : 3045
215 -&gt; 124 -&gt; 442 -&gt; 235 -&gt; 417 -&gt; 133 -&gt; 207 -&gt; 716 -&gt; 380 -&gt; 176 -&gt;   Toplam : 3045
215 -&gt; 124 -&gt; 442 -&gt; 235 -&gt; 417 -&gt; 133 -&gt; 207 -&gt; 716 -&gt; 380 -&gt; 176 -&gt;   Toplam : 3045
215 -&gt; 124 -&gt; 442 -&gt; 235 -&gt; 417 -&gt; 133 -&gt; 207 -&gt; 716 -&gt; 380 -&gt; 176 -&gt;   Toplam : 3045
215 -&gt; 124 -&gt; 442 -&gt; 235 -&gt; 417 -&gt; 133 -&gt; 207 -&gt; 716 -&gt; 380 -&gt; 176 -&gt;   Toplam : 3045
215 -&gt; 124 -&gt; 442 -&gt; 235 -&gt; 417 -&gt; 133 -&gt; 207 -&gt; 716 -&gt; 380 -&gt; 176 -&gt;   Toplam : 3045
215 -&gt; 124 -&gt; 442 -&gt; 235 -&gt; 417 -&gt; 133 -&gt; 207 -&gt; 716 -&gt; 380 -&gt; 176 -&gt;   Toplam : 3045
215 -&gt; 124 -&gt; 442 -&gt; 235 -&gt; 417 -&gt; 133 -&gt; 207 -&gt; 716 -&gt; 380 -&gt; 176 -&gt;   Toplam : 3045
215 -&gt; 124 -&gt; 442 -&gt; 235 -&gt; 417 -&gt; 133 -&gt; 207 -&gt; 716 -&gt; 380 -&gt; 176 -&gt;   Toplam : 3045
215 -&gt; 124 -&gt; 442 -&gt; 235 -&gt; 417 -&gt; 133 -&gt; 207 -&gt; 716 -&gt; 380 -&gt; 176 -&gt;   Toplam : 3045
215 -&gt; 124 -&gt; 442 -&gt; 235 -&gt; 417 -&gt; 133 -&gt; 207 -&gt; 716 -&gt; 380 -&gt; 176 -&gt;   Toplam : 3045
215 -&gt; 124 -&gt; 442 -&gt; 235 -&gt; 417 -&gt; 133 -&gt; 207 -&gt; 716 -&gt; 380 -&gt; 176 -&gt;   Toplam : 3045
215 -&gt; 124 -&gt; 442 -&gt; 235 -&gt; 417 -&gt; 133 -&gt; 207 -&gt; 716 -&gt; 380 -&gt; 176 -&gt;   Toplam : 3045
215 -&gt; 124 -&gt; 442 -&gt; 235 -&gt; 417 -&gt; 133 -&gt; 207 -&gt; 716 -&gt; 380 -&gt; 176 -&gt;   Toplam : 3045
215 -&gt; 124 -&gt; 442 -&gt; 235 -&gt; 417 -&gt; 133 -&gt; 207 -&gt; 716 -&gt; 380 -&gt; 176 -&gt;   Toplam : 3045
215 -&gt; 124 -&gt; 442 -&gt; 235 -&gt; 417 -&gt; 133 -&gt; 207 -&gt; 716 -&gt; 380 -&gt; 176 -&gt;   Toplam : 3045
215 -&gt; 124 -&gt; 442 -&gt; 235 -&gt; 417 -&gt; 133 -&gt;   Toplam : 1566
215 -&gt; 124 -&gt; 442 -&gt; 235 -&gt; 417 -&gt; 133 -&gt;   Toplam : 1566
215 -&gt; 124 -&gt; 442 -&gt; 235 -&gt; 417 -&gt; 133 -&gt;   Toplam : 1566
215 -&gt; 124 -&gt; 442 -&gt; 235 -&gt; 417 -&gt; 133 -&gt;   Toplam : 1566
215 -&gt; 124 -&gt; 442 -&gt; 235 -&gt; 417 -&gt; 133 -&gt;   Toplam : 1566
215 -&gt; 124 -&gt; 442 -&gt; 235 -&gt; 417 -&gt; 133 -&gt;   Toplam : 1566
215 -&gt; 124 -&gt; 442 -&gt; 235 -&gt; 417 -&gt; 133 -&gt;   Toplam : 1566
215 -&gt; 124 -&gt; 442 -&gt; 235 -&gt; 417 -&gt; 133 -&gt;   Toplam : 1566
215 -&gt; 124 -&gt; 442 -&gt; 235 -&gt; 417 -&gt; 133 -&gt;   Toplam : 1566
215 -&gt; 124 -&gt; 442 -&gt; 235 -&gt; 417 -&gt; 133 -&gt;   Toplam : 1566
215 -&gt; 124 -&gt; 442 -&gt; 235 -&gt; 417 -&gt; 133 -&gt;   Toplam : 1566
215 -&gt; 124 -&gt; 442 -&gt; 235 -&gt; 417 -&gt; 133 -&gt;   Toplam : 1566
215 -&gt; 124 -&gt; 442 -&gt; 235 -&gt; 417 -&gt; 133 -&gt;   Toplam : 1566
215 -&gt; 124 -&gt; 442 -&gt; 235 -&gt; 417 -&gt; 133 -&gt;   Toplam : 1566
215 -&gt; 124 -&gt; 442 -&gt; 235 -&gt; 417 -&gt; 133 -&gt;   Toplam : 1566
215 -&gt; 124 -&gt; 442 -&gt; 235 -&gt; 417 -&gt; 133 -&gt;   Toplam : 1566
215 -&gt; 124 -&gt; 442 -&gt; 235 -&gt; 417 -&gt; 133 -&gt;   Toplam : 1566
215 -&gt; 124 -&gt; 442 -&gt; 235 -&gt; 417 -&gt; 133 -&gt;   Toplam : 1566
215 -&gt; 124 -&gt; 442 -&gt; 235 -&gt; 417 -&gt; 133 -&gt;   Toplam : 1566
215 -&gt; 124 -&gt; 442 -&gt; 235 -&gt; 417 -&gt; 133 -&gt;   Toplam : 1566
215 -&gt; 124 -&gt; 442 -&gt; 235 -&gt; 417 -&gt; 133 -&gt;   Toplam : 1566
215 -&gt; 124 -&gt; 442 -&gt; 235 -&gt; 417 -&gt; 133 -&gt;   Toplam : 1566
215 -&gt; 124 -&gt; 442 -&gt; 235 -&gt; 417 -&gt; 133 -&gt;   Toplam : 1566
215 -&gt; 124 -&gt; 442 -&gt; 235 -&gt; 417 -&gt; 133 -&gt;   Toplam : 1566
215 -&gt; 124 -&gt; 442 -&gt; 235 -&gt; 417 -&gt; 133 -&gt;   Toplam : 1566
215 -&gt; 124 -&gt; 442 -&gt; 235 -&gt; 417 -&gt; 133 -&gt;   Toplam : 1566
215 -&gt; 124 -&gt; 442 -&gt; 235 -&gt; 417 -&gt; 133 -&gt;   Toplam : 1566
215 -&gt; 124 -&gt; 442 -&gt; 235 -&gt; 417 -&gt; 133 -&gt;   Toplam : 1566
215 -&gt; 124 -&gt; 442 -&gt; 235 -&gt; 417 -&gt; 133 -&gt;   Toplam : 1566
215 -&gt; 124 -&gt; 442 -&gt; 235 -&gt; 417 -&gt; 133 -&gt;   Toplam : 1566
215 -&gt; 124 -&gt; 442 -&gt; 235 -&gt; 417 -&gt; 133 -&gt;   Toplam : 1566
215 -&gt; 124 -&gt; 442 -&gt; 235 -&gt; 417 -&gt; 133 -&gt;   Toplam : 1566
215 -&gt; 124 -&gt; 442 -&gt; 235 -&gt; 417 -&gt; 133 -&gt;   Toplam : 1566
215 -&gt; 124 -&gt; 442 -&gt; 235 -&gt; 417 -&gt; 133 -&gt;   Toplam : 1566
215 -&gt; 124 -&gt; 442 -&gt; 235 -&gt; 417 -&gt; 133 -&gt;   Toplam : 1566
215 -&gt; 124 -&gt; 442 -&gt; 235 -&gt; 417 -&gt; 133 -&gt;   Toplam : 1566
215 -&gt; 124 -&gt; 442 -&gt; 235 -&gt; 417 -&gt; 133 -&gt;   Toplam : 1566
215 -&gt; 124 -&gt; 442 -&gt; 235 -&gt; 417 -&gt; 133 -&gt;   Toplam : 1566
215 -&gt; 124 -&gt; 442 -&gt; 235 -&gt; 417 -&gt; 133 -&gt;   Toplam : 1566
215 -&gt; 124 -&gt; 442 -&gt; 235 -&gt; 417 -&gt; 133 -&gt;   Toplam : 1566
215 -&gt; 124 -&gt; 442 -&gt; 235 -&gt; 417 -&gt; 133 -&gt;   Toplam : 1566
215 -&gt; 124 -&gt; 442 -&gt; 235 -&gt; 417 -&gt; 133 -&gt;   Toplam : 1566
215 -&gt; 124 -&gt; 442 -&gt; 235 -&gt; 417 -&gt; 133 -&gt;   Toplam : 1566
215 -&gt; 124 -&gt; 442 -&gt; 235 -&gt; 417 -&gt; 133 -&gt;   Toplam : 1566
215 -&gt; 124 -&gt; 442 -&gt; 235 -&gt; 417 -&gt; 133 -&gt;   Toplam : 1566
215 -&gt; 124 -&gt; 442 -&gt; 235 -&gt; 417 -&gt; 133 -&gt;   Toplam : 1566
215 -&gt; 124 -&gt; 442 -&gt; 235 -&gt; 417 -&gt; 133 -&gt;   Toplam : 1566
215 -&gt; 124 -&gt; 442 -&gt; 235 -&gt; 417 -&gt; 133 -&gt;   Toplam : 1566
215 -&gt; 124 -&gt; 442 -&gt; 235 -&gt; 417 -&gt; 133 -&gt;   Toplam : 1566
215 -&gt; 124 -&gt; 442 -&gt; 235 -&gt; 417 -&gt; 133 -&gt;   Toplam : 1566
215 -&gt; 124 -&gt; 442 -&gt; 235 -&gt; 417 -&gt; 133 -&gt;   Toplam : 1566
215 -&gt; 124 -&gt; 442 -&gt; 235 -&gt; 417 -&gt; 133 -&gt;   Toplam : 1566
215 -&gt; 124 -&gt; 442 -&gt; 235 -&gt; 417 -&gt; 133 -&gt;   Toplam : 1566
215 -&gt; 124 -&gt; 442 -&gt; 235 -&gt; 417 -&gt; 133 -&gt;   Toplam : 1566
215 -&gt; 124 -&gt; 442 -&gt; 235 -&gt; 417 -&gt; 133 -&gt;   Toplam : 1566
215 -&gt; 124 -&gt; 442 -&gt; 235 -&gt; 417 -&gt; 133 -&gt;   Toplam : 1566
215 -&gt; 124 -&gt; 442 -&gt; 235 -&gt; 417 -&gt; 133 -&gt;   Toplam : 1566
215 -&gt; 124 -&gt; 442 -&gt; 235 -&gt; 417 -&gt; 133 -&gt;   Toplam : 1566
215 -&gt; 124 -&gt; 442 -&gt; 235 -&gt; 417 -&gt; 133 -&gt;   Toplam : 1566
215 -&gt; 124 -&gt; 442 -&gt; 235 -&gt; 417 -&gt; 133 -&gt;   Toplam : 1566
215 -&gt; 124 -&gt; 442 -&gt; 235 -&gt; 417 -&gt; 133 -&gt;   Toplam : 1566
215 -&gt; 124 -&gt; 442 -&gt; 235 -&gt; 417 -&gt; 133 -&gt;   Toplam : 1566
215 -&gt; 124 -&gt; 442 -&gt; 235 -&gt; 417 -&gt; 133 -&gt;   Toplam : 1566
215 -&gt; 124 -&gt; 442 -&gt; 235 -&gt; 417 -&gt; 133 -&gt;   Toplam : 1566
215 -&gt; 124 -&gt; 442 -&gt; 235 -&gt; 417 -&gt; 133 -&gt;   Toplam : 1566
215 -&gt; 124 -&gt; 442 -&gt; 235 -&gt; 417 -&gt; 133 -&gt;   Toplam : 1566
215 -&gt; 124 -&gt; 442 -&gt; 235 -&gt; 417 -&gt; 133 -&gt;   Toplam : 1566
215 -&gt; 124 -&gt; 442 -&gt; 235 -&gt; 417 -&gt; 133 -&gt;   Toplam : 1566
215 -&gt; 124 -&gt; 442 -&gt; 235 -&gt; 417 -&gt; 133 -&gt;   Toplam : 1566
215 -&gt; 124 -&gt; 442 -&gt; 235 -&gt; 417 -&gt; 133 -&gt;   Toplam : 1566
215 -&gt; 124 -&gt; 442 -&gt; 235 -&gt; 417 -&gt; 133 -&gt;   Toplam : 1566
215 -&gt; 124 -&gt; 442 -&gt; 235 -&gt; 417 -&gt; 133 -&gt;   Toplam : 1566
215 -&gt; 124 -&gt; 442 -&gt; 235 -&gt; 417 -&gt; 133 -&gt;   Toplam : 1566
215 -&gt; 124 -&gt; 442 -&gt; 235 -&gt; 417 -&gt; 133 -&gt;   Toplam : 1566
215 -&gt; 124 -&gt; 442 -&gt; 235 -&gt; 417 -&gt; 133 -&gt;   Toplam : 1566
215 -&gt; 124 -&gt; 442 -&gt; 235 -&gt; 417 -&gt; 133 -&gt;   Toplam : 1566
215 -&gt; 124 -&gt; 442 -&gt; 235 -&gt; 417 -&gt; 133 -&gt;   Toplam : 1566
215 -&gt; 124 -&gt; 442 -&gt; 235 -&gt; 417 -&gt; 133 -&gt;   Toplam : 1566
215 -&gt; 124 -&gt; 442 -&gt; 235 -&gt; 417 -&gt; 133 -&gt;   Toplam : 1566
215 -&gt; 124 -&gt; 442 -&gt; 235 -&gt; 417 -&gt; 133 -&gt;   Toplam : 1566
215 -&gt; 124 -&gt; 442 -&gt; 235 -&gt; 417 -&gt; 133 -&gt;   Toplam : 1566
215 -&gt; 124 -&gt; 442 -&gt; 235 -&gt; 417 -&gt; 133 -&gt;   Toplam : 1566
215 -&gt; 124 -&gt; 442 -&gt; 235 -&gt; 417 -&gt; 133 -&gt;   Toplam : 1566
215 -&gt; 124 -&gt; 442 -&gt; 235 -&gt; 417 -&gt; 133 -&gt;   Toplam : 1566
215 -&gt; 124 -&gt; 442 -&gt; 235 -&gt; 417 -&gt; 133 -&gt;   Toplam : 1566
215 -&gt; 124 -&gt; 442 -&gt; 235 -&gt; 417 -&gt; 133 -&gt;   Toplam : 1566
215 -&gt; 124 -&gt; 442 -&gt; 235 -&gt; 417 -&gt; 133 -&gt;   Toplam : 1566
215 -&gt; 124 -&gt; 442 -&gt; 235 -&gt; 417 -&gt; 133 -&gt;   Toplam : 1566
215 -&gt; 124 -&gt; 442 -&gt; 235 -&gt; 417 -&gt; 133 -&gt;   Toplam : 1566
215 -&gt; 124 -&gt; 442 -&gt; 235 -&gt; 417 -&gt; 133 -&gt;   Toplam : 1566
215 -&gt; 124 -&gt; 442 -&gt; 235 -&gt; 417 -&gt; 133 -&gt;   Toplam : 1566
215 -&gt; 124 -&gt; 442 -&gt; 235 -&gt; 417 -&gt; 133 -&gt;   Toplam : 1566
215 -&gt; 124 -&gt; 442 -&gt; 235 -&gt; 417 -&gt; 133 -&gt;   Toplam : 1566
215 -&gt; 124 -&gt; 442 -&gt; 235 -&gt; 417 -&gt; 133 -&gt;   Toplam : 1566
215 -&gt; 124 -&gt; 442 -&gt; 235 -&gt; 417 -&gt; 133 -&gt;   Toplam : 1566
215 -&gt; 124 -&gt; 442 -&gt; 235 -&gt; 417 -&gt; 133 -&gt;   Toplam : 1566
215 -&gt; 124 -&gt; 442 -&gt; 235 -&gt; 417 -&gt; 133 -&gt;   Toplam : 1566
215 -&gt; 124 -&gt; 442 -&gt; 235 -&gt; 417 -&gt; 133 -&gt;   Toplam : 1566
215 -&gt; 124 -&gt; 442 -&gt; 235 -&gt; 417 -&gt; 133 -&gt;   Toplam : 1566
215 -&gt; 124 -&gt; 442 -&gt; 235 -&gt; 417 -&gt; 133 -&gt;   Toplam : 1566
215 -&gt; 124 -&gt; 442 -&gt; 235 -&gt; 417 -&gt; 133 -&gt;   Toplam : 1566
215 -&gt; 124 -&gt; 442 -&gt; 235 -&gt; 417 -&gt; 133 -&gt;   Toplam : 1566
215 -&gt; 124 -&gt; 442 -&gt; 235 -&gt; 417 -&gt; 133 -&gt;   Toplam : 1566
215 -&gt; 124 -&gt; 442 -&gt; 235 -&gt; 417 -&gt; 133 -&gt;   Toplam : 1566
215 -&gt; 124 -&gt; 442 -&gt; 235 -&gt; 417 -&gt; 133 -&gt;   Toplam : 1566
215 -&gt; 124 -&gt; 442 -&gt; 235 -&gt; 417 -&gt; 133 -&gt;   Toplam : 1566
215 -&gt; 124 -&gt; 442 -&gt; 235 -&gt; 417 -&gt; 133 -&gt;   Toplam : 1566
215 -&gt; 124 -&gt; 442 -&gt; 235 -&gt; 417 -&gt; 133 -&gt;   Toplam : 1566
215 -&gt; 124 -&gt; 442 -&gt; 235 -&gt; 417 -&gt; 133 -&gt;   Toplam : 1566
215 -&gt; 124 -&gt; 442 -&gt; 235 -&gt; 417 -&gt; 133 -&gt;   Toplam : 1566
215 -&gt; 124 -&gt; 442 -&gt; 235 -&gt; 417 -&gt; 133 -&gt;   Toplam : 1566
215 -&gt; 124 -&gt; 442 -&gt; 235 -&gt; 417 -&gt; 133 -&gt;   Toplam : 1566
215 -&gt; 124 -&gt; 442 -&gt; 235 -&gt; 417 -&gt; 133 -&gt;   Toplam : 1566
215 -&gt; 124 -&gt; 442 -&gt; 235 -&gt; 417 -&gt; 133 -&gt;   Toplam : 1566
215 -&gt; 124 -&gt; 442 -&gt; 235 -&gt; 417 -&gt; 133 -&gt;   Toplam : 1566
215 -&gt; 124 -&gt; 442 -&gt; 235 -&gt; 417 -&gt; 133 -&gt;   Toplam : 1566
215 -&gt; 124 -&gt; 442 -&gt; 235 -&gt; 417 -&gt; 133 -&gt;   Toplam : 1566
215 -&gt; 124 -&gt; 442 -&gt; 235 -&gt; 417 -&gt; 133 -&gt;   Toplam : 1566
215 -&gt; 124 -&gt; 442 -&gt; 235 -&gt; 417 -&gt; 133 -&gt;   Toplam : 1566
215 -&gt; 124 -&gt; 442 -&gt; 235 -&gt; 417 -&gt; 133 -&gt;   Toplam : 1566
215 -&gt; 124 -&gt; 442 -&gt; 235 -&gt; 417 -&gt; 133 -&gt;   Toplam : 1566
215 -&gt; 124 -&gt; 442 -&gt; 235 -&gt; 417 -&gt; 133 -&gt;   Toplam : 1566
215 -&gt; 124 -&gt; 442 -&gt; 235 -&gt; 417 -&gt; 133 -&gt;   Toplam : 1566
215 -&gt; 124 -&gt; 442 -&gt; 235 -&gt; 417 -&gt; 133 -&gt;   Toplam : 1566
215 -&gt; 124 -&gt; 442 -&gt; 235 -&gt; 417 -&gt; 133 -&gt;   Toplam : 1566
215 -&gt; 124 -&gt; 442 -&gt; 235 -&gt; 417 -&gt; 133 -&gt;   Toplam : 1566
215 -&gt; 124 -&gt; 442 -&gt; 235 -&gt; 417 -&gt; 133 -&gt;   Toplam : 1566
215 -&gt; 124 -&gt; 442 -&gt; 235 -&gt; 417 -&gt; 133 -&gt;   Toplam : 1566
215 -&gt; 124 -&gt; 442 -&gt; 235 -&gt; 417 -&gt; 133 -&gt;   Toplam : 1566
215 -&gt; 124 -&gt; 442 -&gt; 235 -&gt; 417 -&gt; 133 -&gt;   Toplam : 1566
215 -&gt; 124 -&gt; 442 -&gt; 235 -&gt; 417 -&gt; 133 -&gt;   Toplam : 1566
215 -&gt; 124 -&gt; 442 -&gt; 235 -&gt; 417 -&gt; 133 -&gt;   Toplam : 1566
215 -&gt; 124 -&gt; 442 -&gt; 235 -&gt; 417 -&gt; 133 -&gt;   Toplam : 1566
215 -&gt; 124 -&gt; 442 -&gt; 235 -&gt; 417 -&gt; 133 -&gt;   Toplam : 1566
215 -&gt; 124 -&gt; 442 -&gt; 235 -&gt; 417 -&gt; 133 -&gt;   Toplam : 1566
215 -&gt; 124 -&gt; 442 -&gt; 235 -&gt; 417 -&gt; 133 -&gt;   Toplam : 1566
215 -&gt; 124 -&gt; 442 -&gt; 235 -&gt; 417 -&gt; 133 -&gt;   Toplam : 1566
215 -&gt; 124 -&gt; 442 -&gt; 235 -&gt; 417 -&gt; 133 -&gt;   Toplam : 1566
215 -&gt; 124 -&gt; 442 -&gt; 235 -&gt; 417 -&gt; 133 -&gt;   Toplam : 1566
215 -&gt; 124 -&gt; 442 -&gt; 235 -&gt; 417 -&gt; 133 -&gt;   Toplam : 1566
215 -&gt; 124 -&gt; 442 -&gt; 235 -&gt; 417 -&gt; 133 -&gt;   Toplam : 1566
215 -&gt; 124 -&gt; 442 -&gt; 235 -&gt; 417 -&gt; 133 -&gt;   Toplam : 1566
215 -&gt; 124 -&gt; 442 -&gt; 235 -&gt; 417 -&gt; 133 -&gt;   Toplam : 1566
215 -&gt; 124 -&gt; 442 -&gt; 235 -&gt; 417 -&gt; 133 -&gt;   Toplam : 1566
215 -&gt; 124 -&gt; 442 -&gt; 235 -&gt; 417 -&gt; 133 -&gt;   Toplam : 1566
215 -&gt; 124 -&gt; 442 -&gt; 235 -&gt; 417 -&gt; 133 -&gt;   Toplam : 1566
215 -&gt; 124 -&gt; 442 -&gt; 235 -&gt; 417 -&gt; 133 -&gt;   Toplam : 1566
215 -&gt; 124 -&gt; 442 -&gt; 235 -&gt; 417 -&gt; 133 -&gt;   Toplam : 1566
215 -&gt; 124 -&gt; 442 -&gt; 235 -&gt; 417 -&gt; 133 -&gt;   Toplam : 1566
215 -&gt; 124 -&gt; 442 -&gt; 235 -&gt; 417 -&gt; 133 -&gt;   Toplam : 1566
215 -&gt; 124 -&gt; 442 -&gt; 235 -&gt; 417 -&gt; 133 -&gt;   Toplam : 1566
215 -&gt; 124 -&gt; 442 -&gt; 235 -&gt; 417 -&gt; 133 -&gt;   Toplam : 1566
215 -&gt; 124 -&gt; 442 -&gt; 235 -&gt; 417 -&gt; 133 -&gt;   Toplam : 1566
215 -&gt; 124 -&gt; 442 -&gt; 235 -&gt; 417 -&gt; 133 -&gt;   Toplam : 1566
215 -&gt; 124 -&gt; 442 -&gt; 235 -&gt; 417 -&gt; 133 -&gt;   Toplam : 1566
215 -&gt; 124 -&gt; 442 -&gt; 235 -&gt; 417 -&gt; 133 -&gt;   Toplam : 1566
215 -&gt; 124 -&gt; 442 -&gt; 235 -&gt; 417 -&gt; 133 -&gt;   Toplam : 1566
215 -&gt; 124 -&gt; 442 -&gt; 235 -&gt; 417 -&gt; 133 -&gt;   Toplam : 1566
215 -&gt; 124 -&gt; 442 -&gt; 235 -&gt; 417 -&gt; 133 -&gt;   Toplam : 1566
215 -&gt; 124 -&gt; 442 -&gt; 235 -&gt; 417 -&gt; 133 -&gt;   Toplam : 1566
215 -&gt; 124 -&gt; 442 -&gt; 235 -&gt; 417 -&gt; 133 -&gt;   Toplam : 1566
215 -&gt; 124 -&gt; 442 -&gt; 235 -&gt; 417 -&gt; 133 -&gt;   Toplam : 1566
215 -&gt; 124 -&gt; 442 -&gt; 235 -&gt; 417 -&gt; 133 -&gt;   Toplam : 1566
215 -&gt; 124 -&gt; 442 -&gt; 235 -&gt; 417 -&gt; 133 -&gt;   Toplam : 1566
215 -&gt; 124 -&gt; 442 -&gt; 235 -&gt; 417 -&gt; 133 -&gt;   Toplam : 1566
215 -&gt; 124 -&gt; 442 -&gt; 235 -&gt; 417 -&gt; 133 -&gt;   Toplam : 1566
215 -&gt; 124 -&gt; 442 -&gt; 235 -&gt; 417 -&gt; 133 -&gt;   Toplam : 1566
215 -&gt; 124 -&gt; 442 -&gt; 235 -&gt; 417 -&gt; 133 -&gt;   Toplam : 1566
215 -&gt; 124 -&gt; 442 -&gt; 235 -&gt; 417 -&gt; 133 -&gt;   Toplam : 1566
215 -&gt; 124 -&gt; 442 -&gt; 235 -&gt; 417 -&gt; 133 -&gt;   Toplam : 1566
215 -&gt; 124 -&gt; 442 -&gt; 235 -&gt; 417 -&gt; 133 -&gt;   Toplam : 1566
215 -&gt; 124 -&gt; 442 -&gt; 235 -&gt; 417 -&gt; 133 -&gt;   Toplam : 1566
215 -&gt; 124 -&gt; 442 -&gt; 235 -&gt; 417 -&gt; 133 -&gt;   Toplam : 1566
215 -&gt; 124 -&gt; 442 -&gt; 235 -&gt; 417 -&gt; 133 -&gt;   Toplam : 1566
215 -&gt; 124 -&gt; 442 -&gt; 235 -&gt; 417 -&gt; 133 -&gt;   Toplam : 1566
215 -&gt; 124 -&gt; 442 -&gt; 235 -&gt; 417 -&gt; 133 -&gt;   Toplam : 1566
215 -&gt; 124 -&gt; 442 -&gt; 235 -&gt; 417 -&gt; 133 -&gt;   Toplam : 1566
215 -&gt; 124 -&gt; 442 -&gt; 235 -&gt; 417 -&gt; 133 -&gt;   Toplam : 1566
215 -&gt; 124 -&gt; 442 -&gt; 235 -&gt; 417 -&gt; 133 -&gt;   Toplam : 1566
215 -&gt; 124 -&gt; 442 -&gt; 235 -&gt; 417 -&gt; 133 -&gt;   Toplam : 1566
215 -&gt; 124 -&gt; 442 -&gt; 235 -&gt; 417 -&gt; 133 -&gt;   Toplam : 1566
215 -&gt; 124 -&gt; 442 -&gt; 235 -&gt; 417 -&gt; 133 -&gt;   Toplam : 1566
215 -&gt; 124 -&gt; 442 -&gt; 235 -&gt; 417 -&gt; 133 -&gt;   Toplam : 1566
215 -&gt; 124 -&gt; 442 -&gt; 235 -&gt; 417 -&gt; 133 -&gt;   Toplam : 1566
215 -&gt; 124 -&gt; 442 -&gt; 235 -&gt; 417 -&gt; 133 -&gt;   Toplam : 1566
215 -&gt; 124 -&gt; 442 -&gt; 235 -&gt; 417 -&gt; 133 -&gt;   Toplam : 1566
215 -&gt; 124 -&gt; 442 -&gt; 235 -&gt; 417 -&gt; 133 -&gt;   Toplam : 1566
215 -&gt; 124 -&gt; 442 -&gt; 235 -&gt; 417 -&gt; 133 -&gt;   Toplam : 1566
215 -&gt; 124 -&gt; 442 -&gt; 235 -&gt; 417 -&gt; 133 -&gt;   Toplam : 1566
215 -&gt; 124 -&gt; 442 -&gt; 235 -&gt; 417 -&gt; 133 -&gt;   Toplam : 1566
215 -&gt; 124 -&gt; 442 -&gt; 235 -&gt; 417 -&gt; 133 -&gt;   Toplam : 1566
215 -&gt; 124 -&gt; 442 -&gt; 235 -&gt; 417 -&gt; 133 -&gt;   Toplam : 1566
215 -&gt; 124 -&gt; 442 -&gt; 235 -&gt; 417 -&gt; 133 -&gt;   Toplam : 1566
215 -&gt; 124 -&gt; 442 -&gt; 235 -&gt; 417 -&gt; 133 -&gt;   Toplam : 1566
215 -&gt; 124 -&gt; 442 -&gt; 235 -&gt; 417 -&gt; 133 -&gt;   Toplam : 1566
215 -&gt; 124 -&gt; 442 -&gt; 235 -&gt; 417 -&gt; 133 -&gt;   Toplam : 1566
215 -&gt; 124 -&gt; 442 -&gt; 235 -&gt; 417 -&gt; 133 -&gt;   Toplam : 1566
215 -&gt; 124 -&gt; 442 -&gt; 235 -&gt; 417 -&gt; 133 -&gt;   Toplam : 1566
215 -&gt; 124 -&gt; 442 -&gt; 235 -&gt; 417 -&gt; 133 -&gt;   Toplam : 1566
215 -&gt; 124 -&gt; 442 -&gt; 235 -&gt; 417 -&gt; 133 -&gt;   Toplam : 1566
215 -&gt; 124 -&gt; 442 -&gt; 235 -&gt; 417 -&gt; 133 -&gt;   Toplam : 1566
215 -&gt; 124 -&gt; 442 -&gt; 235 -&gt; 417 -&gt; 133 -&gt;   Toplam : 1566
215 -&gt; 124 -&gt; 442 -&gt; 235 -&gt; 417 -&gt; 133 -&gt;   Toplam : 1566
215 -&gt; 124 -&gt; 442 -&gt; 235 -&gt; 417 -&gt; 133 -&gt;   Toplam : 1566
215 -&gt; 124 -&gt; 442 -&gt; 235 -&gt; 417 -&gt; 133 -&gt;   Toplam : 1566
215 -&gt; 124 -&gt; 442 -&gt; 235 -&gt; 417 -&gt; 133 -&gt;   Toplam : 1566
215 -&gt; 124 -&gt; 442 -&gt; 235 -&gt; 417 -&gt; 133 -&gt;   Toplam : 1566
215 -&gt; 124 -&gt; 442 -&gt; 235 -&gt; 417 -&gt; 133 -&gt;   Toplam : 1566
215 -&gt; 124 -&gt; 442 -&gt; 235 -&gt; 417 -&gt; 133 -&gt;   Toplam : 1566
215 -&gt; 124 -&gt; 442 -&gt; 235 -&gt; 417 -&gt; 133 -&gt;   Toplam : 1566
215 -&gt; 124 -&gt; 442 -&gt; 235 -&gt; 417 -&gt; 133 -&gt;   Toplam : 1566
215 -&gt; 124 -&gt; 442 -&gt; 235 -&gt; 417 -&gt; 133 -&gt;   Toplam : 1566
215 -&gt; 124 -&gt; 442 -&gt; 235 -&gt; 417 -&gt; 133 -&gt;   Toplam : 1566
215 -&gt; 124 -&gt; 442 -&gt; 235 -&gt; 417 -&gt; 133 -&gt;   Toplam : 1566
215 -&gt; 124 -&gt; 442 -&gt; 235 -&gt; 417 -&gt; 133 -&gt;   Toplam : 1566
215 -&gt; 124 -&gt; 442 -&gt; 235 -&gt; 417 -&gt; 133 -&gt;   Toplam : 1566
215 -&gt; 124 -&gt; 442 -&gt; 235 -&gt; 417 -&gt; 133 -&gt;   Toplam : 1566
215 -&gt; 124 -&gt; 442 -&gt; 235 -&gt; 417 -&gt; 133 -&gt;   Toplam : 1566
215 -&gt; 124 -&gt; 442 -&gt; 235 -&gt; 417 -&gt; 133 -&gt;   Toplam : 1566
215 -&gt; 124 -&gt; 442 -&gt; 235 -&gt; 417 -&gt; 133 -&gt;   Toplam : 1566
215 -&gt; 124 -&gt; 442 -&gt; 235 -&gt; 417 -&gt; 133 -&gt;   Toplam : 1566
215 -&gt; 124 -&gt; 442 -&gt; 235 -&gt; 417 -&gt; 133 -&gt;   Toplam : 1566
215 -&gt; 124 -&gt; 442 -&gt; 235 -&gt; 417 -&gt; 133 -&gt;   Toplam : 1566
215 -&gt; 124 -&gt; 442 -&gt; 235 -&gt; 417 -&gt; 133 -&gt;   Toplam : 1566
215 -&gt; 124 -&gt; 442 -&gt; 235 -&gt; 417 -&gt; 133 -&gt;   Toplam : 1566
215 -&gt; 124 -&gt; 442 -&gt; 235 -&gt; 417 -&gt; 133 -&gt;   Toplam : 1566
215 -&gt; 124 -&gt; 442 -&gt; 235 -&gt; 417 -&gt; 133 -&gt;   Toplam : 1566
215 -&gt; 124 -&gt; 442 -&gt; 235 -&gt; 417 -&gt; 133 -&gt;   Toplam : 1566
215 -&gt; 124 -&gt; 442 -&gt; 235 -&gt; 417 -&gt; 133 -&gt;   Toplam : 1566
215 -&gt; 124 -&gt; 442 -&gt; 235 -&gt; 417 -&gt; 133 -&gt;   Toplam : 1566
215 -&gt; 124 -&gt; 442 -&gt; 235 -&gt; 417 -&gt; 133 -&gt;   Toplam : 1566
215 -&gt; 124 -&gt; 442 -&gt; 235 -&gt; 417 -&gt; 133 -&gt;   Toplam : 1566
215 -&gt; 124 -&gt; 442 -&gt; 235 -&gt; 417 -&gt; 133 -&gt;   Toplam : 1566
215 -&gt; 124 -&gt; 442 -&gt; 235 -&gt; 417 -&gt; 133 -&gt;   Toplam : 1566
215 -&gt; 124 -&gt; 442 -&gt; 235 -&gt; 417 -&gt; 133 -&gt;   Toplam : 1566
215 -&gt; 124 -&gt; 442 -&gt; 235 -&gt; 417 -&gt; 133 -&gt;   Toplam : 1566
215 -&gt; 124 -&gt; 442 -&gt; 235 -&gt; 417 -&gt; 133 -&gt;   Toplam : 1566
215 -&gt; 124 -&gt; 442 -&gt; 235 -&gt; 417 -&gt; 133 -&gt;   Toplam : 1566
215 -&gt; 124 -&gt; 442 -&gt; 235 -&gt; 417 -&gt; 133 -&gt;   Toplam : 1566
215 -&gt; 124 -&gt; 442 -&gt; 235 -&gt; 417 -&gt; 133 -&gt;   Toplam : 1566
215 -&gt; 124 -&gt; 442 -&gt; 235 -&gt; 417 -&gt; 133 -&gt;   Toplam : 1566
215 -&gt; 124 -&gt; 442 -&gt; 235 -&gt; 417 -&gt; 133 -&gt;   Toplam : 1566
215 -&gt; 124 -&gt; 442 -&gt; 235 -&gt; 417 -&gt; 133 -&gt;   Toplam : 1566
215 -&gt; 124 -&gt; 442 -&gt; 235 -&gt; 417 -&gt; 133 -&gt;   Toplam : 1566
215 -&gt; 124 -&gt; 442 -&gt; 235 -&gt; 417 -&gt; 133 -&gt;   Toplam : 1566
215 -&gt; 124 -&gt; 442 -&gt; 235 -&gt; 417 -&gt; 133 -&gt;   Toplam : 1566
215 -&gt; 124 -&gt; 442 -&gt; 235 -&gt; 417 -&gt; 133 -&gt;   Toplam : 1566
215 -&gt; 124 -&gt; 442 -&gt; 235 -&gt; 417 -&gt; 133 -&gt;   Toplam : 1566
215 -&gt; 124 -&gt; 442 -&gt; 235 -&gt; 417 -&gt; 133 -&gt;   Toplam : 1566
215 -&gt; 124 -&gt; 442 -&gt; 235 -&gt; 417 -&gt; 133 -&gt;   Toplam : 1566
215 -&gt; 124 -&gt; 442 -&gt; 235 -&gt; 417 -&gt; 133 -&gt;   Toplam : 1566
215 -&gt; 124 -&gt; 442 -&gt; 235 -&gt; 417 -&gt; 133 -&gt;   Toplam : 1566
215 -&gt; 124 -&gt; 442 -&gt; 235 -&gt; 417 -&gt; 133 -&gt;   Toplam : 1566
215 -&gt; 124 -&gt; 442 -&gt; 235 -&gt; 417 -&gt; 133 -&gt;   Toplam : 1566
215 -&gt; 124 -&gt; 442 -&gt; 235 -&gt; 417 -&gt; 133 -&gt;   Toplam : 1566
215 -&gt; 124 -&gt; 442 -&gt; 235 -&gt; 417 -&gt; 133 -&gt;   Toplam : 1566
215 -&gt; 124 -&gt; 442 -&gt; 235 -&gt; 345 -&gt; 133 -&gt; 207 -&gt; 516 -&gt;   Toplam : 2217
215 -&gt; 124 -&gt; 442 -&gt; 235 -&gt; 345 -&gt; 133 -&gt; 207 -&gt; 516 -&gt;   Toplam : 2217
215 -&gt; 124 -&gt; 442 -&gt; 235 -&gt; 345 -&gt; 133 -&gt; 207 -&gt; 516 -&gt;   Toplam : 2217
215 -&gt; 124 -&gt; 442 -&gt; 235 -&gt; 345 -&gt; 133 -&gt; 207 -&gt; 516 -&gt;   Toplam : 2217
215 -&gt; 124 -&gt; 442 -&gt; 235 -&gt; 345 -&gt; 133 -&gt; 207 -&gt; 516 -&gt;   Toplam : 2217
215 -&gt; 124 -&gt; 442 -&gt; 235 -&gt; 345 -&gt; 133 -&gt; 207 -&gt; 516 -&gt;   Toplam : 2217
215 -&gt; 124 -&gt; 442 -&gt; 235 -&gt; 345 -&gt; 133 -&gt; 207 -&gt; 516 -&gt;   Toplam : 2217
215 -&gt; 124 -&gt; 442 -&gt; 235 -&gt; 345 -&gt; 133 -&gt; 207 -&gt; 516 -&gt;   Toplam : 2217
215 -&gt; 124 -&gt; 442 -&gt; 235 -&gt; 345 -&gt; 133 -&gt; 207 -&gt; 516 -&gt;   Toplam : 2217
215 -&gt; 124 -&gt; 442 -&gt; 235 -&gt; 345 -&gt; 133 -&gt; 207 -&gt; 516 -&gt;   Toplam : 2217
215 -&gt; 124 -&gt; 442 -&gt; 235 -&gt; 345 -&gt; 133 -&gt; 207 -&gt; 516 -&gt;   Toplam : 2217
215 -&gt; 124 -&gt; 442 -&gt; 235 -&gt; 345 -&gt; 133 -&gt; 207 -&gt; 516 -&gt;   Toplam : 2217
215 -&gt; 124 -&gt; 442 -&gt; 235 -&gt; 345 -&gt; 133 -&gt; 207 -&gt; 516 -&gt;   Toplam : 2217
215 -&gt; 124 -&gt; 442 -&gt; 235 -&gt; 345 -&gt; 133 -&gt; 207 -&gt; 516 -&gt;   Toplam : 2217
215 -&gt; 124 -&gt; 442 -&gt; 235 -&gt; 345 -&gt; 133 -&gt; 207 -&gt; 516 -&gt;   Toplam : 2217
215 -&gt; 124 -&gt; 442 -&gt; 235 -&gt; 345 -&gt; 133 -&gt; 207 -&gt; 516 -&gt;   Toplam : 2217
215 -&gt; 124 -&gt; 442 -&gt; 235 -&gt; 345 -&gt; 133 -&gt; 207 -&gt; 516 -&gt;   Toplam : 2217
215 -&gt; 124 -&gt; 442 -&gt; 235 -&gt; 345 -&gt; 133 -&gt; 207 -&gt; 516 -&gt;   Toplam : 2217
215 -&gt; 124 -&gt; 442 -&gt; 235 -&gt; 345 -&gt; 133 -&gt; 207 -&gt; 516 -&gt;   Toplam : 2217
215 -&gt; 124 -&gt; 442 -&gt; 235 -&gt; 345 -&gt; 133 -&gt; 207 -&gt; 516 -&gt;   Toplam : 2217
215 -&gt; 124 -&gt; 442 -&gt; 235 -&gt; 345 -&gt; 133 -&gt; 207 -&gt; 516 -&gt;   Toplam : 2217
215 -&gt; 124 -&gt; 442 -&gt; 235 -&gt; 345 -&gt; 133 -&gt; 207 -&gt; 516 -&gt;   Toplam : 2217
215 -&gt; 124 -&gt; 442 -&gt; 235 -&gt; 345 -&gt; 133 -&gt; 207 -&gt; 516 -&gt;   Toplam : 2217
215 -&gt; 124 -&gt; 442 -&gt; 235 -&gt; 345 -&gt; 133 -&gt; 207 -&gt; 516 -&gt;   Toplam : 2217
215 -&gt; 124 -&gt; 442 -&gt; 235 -&gt; 345 -&gt; 133 -&gt; 207 -&gt; 516 -&gt;   Toplam : 2217
215 -&gt; 124 -&gt; 442 -&gt; 235 -&gt; 345 -&gt; 133 -&gt; 207 -&gt; 516 -&gt;   Toplam : 2217
215 -&gt; 124 -&gt; 442 -&gt; 235 -&gt; 345 -&gt; 133 -&gt; 207 -&gt; 516 -&gt;   Toplam : 2217
215 -&gt; 124 -&gt; 442 -&gt; 235 -&gt; 345 -&gt; 133 -&gt; 207 -&gt; 516 -&gt;   Toplam : 2217
215 -&gt; 124 -&gt; 442 -&gt; 235 -&gt; 345 -&gt; 133 -&gt; 207 -&gt; 516 -&gt;   Toplam : 2217
215 -&gt; 124 -&gt; 442 -&gt; 235 -&gt; 345 -&gt; 133 -&gt; 207 -&gt; 516 -&gt;   Toplam : 2217
215 -&gt; 124 -&gt; 442 -&gt; 235 -&gt; 345 -&gt; 133 -&gt; 207 -&gt; 516 -&gt;   Toplam : 2217
215 -&gt; 124 -&gt; 442 -&gt; 235 -&gt; 345 -&gt; 133 -&gt; 207 -&gt; 516 -&gt;   Toplam : 2217
215 -&gt; 124 -&gt; 442 -&gt; 235 -&gt; 345 -&gt; 133 -&gt; 207 -&gt; 516 -&gt;   Toplam : 2217
215 -&gt; 124 -&gt; 442 -&gt; 235 -&gt; 345 -&gt; 133 -&gt; 207 -&gt; 516 -&gt;   Toplam : 2217
215 -&gt; 124 -&gt; 442 -&gt; 235 -&gt; 345 -&gt; 133 -&gt; 207 -&gt; 516 -&gt;   Toplam : 2217
215 -&gt; 124 -&gt; 442 -&gt; 235 -&gt; 345 -&gt; 133 -&gt; 207 -&gt; 516 -&gt;   Toplam : 2217
215 -&gt; 124 -&gt; 442 -&gt; 235 -&gt; 345 -&gt; 133 -&gt; 207 -&gt; 516 -&gt;   Toplam : 2217
215 -&gt; 124 -&gt; 442 -&gt; 235 -&gt; 345 -&gt; 133 -&gt; 207 -&gt; 516 -&gt;   Toplam : 2217
215 -&gt; 124 -&gt; 442 -&gt; 235 -&gt; 345 -&gt; 133 -&gt; 207 -&gt; 516 -&gt;   Toplam : 2217
215 -&gt; 124 -&gt; 442 -&gt; 235 -&gt; 345 -&gt; 133 -&gt; 207 -&gt; 516 -&gt;   Toplam : 2217
215 -&gt; 124 -&gt; 442 -&gt; 235 -&gt; 345 -&gt; 133 -&gt; 207 -&gt; 516 -&gt;   Toplam : 2217
215 -&gt; 124 -&gt; 442 -&gt; 235 -&gt; 345 -&gt; 133 -&gt; 207 -&gt; 516 -&gt;   Toplam : 2217
215 -&gt; 124 -&gt; 442 -&gt; 235 -&gt; 345 -&gt; 133 -&gt; 207 -&gt; 516 -&gt;   Toplam : 2217
215 -&gt; 124 -&gt; 442 -&gt; 235 -&gt; 345 -&gt; 133 -&gt; 207 -&gt; 516 -&gt;   Toplam : 2217
215 -&gt; 124 -&gt; 442 -&gt; 235 -&gt; 345 -&gt; 133 -&gt; 207 -&gt; 516 -&gt;   Toplam : 2217
215 -&gt; 124 -&gt; 442 -&gt; 235 -&gt; 345 -&gt; 133 -&gt; 207 -&gt; 516 -&gt;   Toplam : 2217
215 -&gt; 124 -&gt; 442 -&gt; 235 -&gt; 345 -&gt; 133 -&gt; 207 -&gt; 516 -&gt;   Toplam : 2217
215 -&gt; 124 -&gt; 442 -&gt; 235 -&gt; 345 -&gt; 133 -&gt; 207 -&gt; 516 -&gt;   Toplam : 2217
215 -&gt; 124 -&gt; 442 -&gt; 235 -&gt; 345 -&gt; 133 -&gt; 207 -&gt; 516 -&gt;   Toplam : 2217
215 -&gt; 124 -&gt; 442 -&gt; 235 -&gt; 345 -&gt; 133 -&gt; 207 -&gt; 516 -&gt;   Toplam : 2217
215 -&gt; 124 -&gt; 442 -&gt; 235 -&gt; 345 -&gt; 133 -&gt; 207 -&gt; 516 -&gt;   Toplam : 2217
215 -&gt; 124 -&gt; 442 -&gt; 235 -&gt; 345 -&gt; 133 -&gt; 207 -&gt; 516 -&gt;   Toplam : 2217
215 -&gt; 124 -&gt; 442 -&gt; 235 -&gt; 345 -&gt; 133 -&gt; 207 -&gt; 516 -&gt;   Toplam : 2217
215 -&gt; 124 -&gt; 442 -&gt; 235 -&gt; 345 -&gt; 133 -&gt; 207 -&gt; 516 -&gt;   Toplam : 2217
215 -&gt; 124 -&gt; 442 -&gt; 235 -&gt; 345 -&gt; 133 -&gt; 207 -&gt; 516 -&gt;   Toplam : 2217
215 -&gt; 124 -&gt; 442 -&gt; 235 -&gt; 345 -&gt; 133 -&gt; 207 -&gt; 516 -&gt;   Toplam : 2217
215 -&gt; 124 -&gt; 442 -&gt; 235 -&gt; 345 -&gt; 133 -&gt; 207 -&gt; 516 -&gt;   Toplam : 2217
215 -&gt; 124 -&gt; 442 -&gt; 235 -&gt; 345 -&gt; 133 -&gt; 207 -&gt; 516 -&gt;   Toplam : 2217
215 -&gt; 124 -&gt; 442 -&gt; 235 -&gt; 345 -&gt; 133 -&gt; 207 -&gt; 516 -&gt;   Toplam : 2217
215 -&gt; 124 -&gt; 442 -&gt; 235 -&gt; 345 -&gt; 133 -&gt; 207 -&gt; 516 -&gt;   Toplam : 2217
215 -&gt; 124 -&gt; 442 -&gt; 235 -&gt; 345 -&gt; 133 -&gt; 207 -&gt; 516 -&gt;   Toplam : 2217
215 -&gt; 124 -&gt; 442 -&gt; 235 -&gt; 345 -&gt; 133 -&gt; 207 -&gt; 516 -&gt;   Toplam : 2217
215 -&gt; 124 -&gt; 442 -&gt; 235 -&gt; 345 -&gt; 133 -&gt; 207 -&gt; 516 -&gt;   Toplam : 2217
215 -&gt; 124 -&gt; 442 -&gt; 235 -&gt; 345 -&gt; 133 -&gt; 207 -&gt; 516 -&gt;   Toplam : 2217
215 -&gt; 124 -&gt; 442 -&gt; 235 -&gt; 345 -&gt; 133 -&gt; 207 -&gt; 516 -&gt; 560 -&gt; 632 -&gt; 543 -&gt;   Toplam : 3952
215 -&gt; 124 -&gt; 442 -&gt; 235 -&gt; 345 -&gt; 133 -&gt; 207 -&gt; 516 -&gt; 560 -&gt; 632 -&gt; 543 -&gt;   Toplam : 3952
215 -&gt; 124 -&gt; 442 -&gt; 235 -&gt; 345 -&gt; 133 -&gt; 207 -&gt; 516 -&gt; 560 -&gt; 632 -&gt; 543 -&gt;   Toplam : 3952
215 -&gt; 124 -&gt; 442 -&gt; 235 -&gt; 345 -&gt; 133 -&gt; 207 -&gt; 516 -&gt; 560 -&gt; 632 -&gt; 543 -&gt;   Toplam : 3952
215 -&gt; 124 -&gt; 442 -&gt; 235 -&gt; 345 -&gt; 133 -&gt; 207 -&gt; 516 -&gt; 560 -&gt; 632 -&gt; 543 -&gt;   Toplam : 3952
215 -&gt; 124 -&gt; 442 -&gt; 235 -&gt; 345 -&gt; 133 -&gt; 207 -&gt; 516 -&gt; 560 -&gt; 632 -&gt; 543 -&gt;   Toplam : 3952
215 -&gt; 124 -&gt; 442 -&gt; 235 -&gt; 345 -&gt; 133 -&gt; 207 -&gt; 516 -&gt; 560 -&gt; 632 -&gt; 543 -&gt;   Toplam : 3952
215 -&gt; 124 -&gt; 442 -&gt; 235 -&gt; 345 -&gt; 133 -&gt; 207 -&gt; 516 -&gt; 560 -&gt; 632 -&gt; 543 -&gt;   Toplam : 3952
215 -&gt; 124 -&gt; 442 -&gt; 235 -&gt; 345 -&gt; 133 -&gt; 207 -&gt; 516 -&gt; 560 -&gt; 632 -&gt; 543 -&gt;   Toplam : 3952
215 -&gt; 124 -&gt; 442 -&gt; 235 -&gt; 345 -&gt; 133 -&gt; 207 -&gt; 516 -&gt; 560 -&gt; 632 -&gt; 543 -&gt;   Toplam : 3952
215 -&gt; 124 -&gt; 442 -&gt; 235 -&gt; 345 -&gt; 133 -&gt; 207 -&gt; 516 -&gt; 560 -&gt; 632 -&gt; 543 -&gt;   Toplam : 3952
215 -&gt; 124 -&gt; 442 -&gt; 235 -&gt; 345 -&gt; 133 -&gt; 207 -&gt; 516 -&gt; 560 -&gt; 632 -&gt; 543 -&gt;   Toplam : 3952
215 -&gt; 124 -&gt; 442 -&gt; 235 -&gt; 345 -&gt; 133 -&gt; 207 -&gt; 516 -&gt; 560 -&gt; 632 -&gt; 543 -&gt;   Toplam : 3952
215 -&gt; 124 -&gt; 442 -&gt; 235 -&gt; 345 -&gt; 133 -&gt; 207 -&gt; 516 -&gt; 560 -&gt; 632 -&gt; 543 -&gt;   Toplam : 3952
215 -&gt; 124 -&gt; 442 -&gt; 235 -&gt; 345 -&gt; 133 -&gt; 207 -&gt; 516 -&gt; 560 -&gt; 632 -&gt; 543 -&gt;   Toplam : 3952
215 -&gt; 124 -&gt; 442 -&gt; 235 -&gt; 345 -&gt; 133 -&gt; 207 -&gt; 516 -&gt; 560 -&gt; 632 -&gt; 543 -&gt;   Toplam : 3952
215 -&gt; 124 -&gt; 442 -&gt; 235 -&gt; 345 -&gt; 133 -&gt; 207 -&gt; 516 -&gt; 560 -&gt; 632 -&gt; 931 -&gt;   Toplam : 4340
215 -&gt; 124 -&gt; 442 -&gt; 235 -&gt; 345 -&gt; 133 -&gt; 207 -&gt; 516 -&gt; 560 -&gt; 632 -&gt; 931 -&gt;   Toplam : 4340
215 -&gt; 124 -&gt; 442 -&gt; 235 -&gt; 345 -&gt; 133 -&gt; 207 -&gt; 516 -&gt; 560 -&gt; 632 -&gt; 931 -&gt;   Toplam : 4340
215 -&gt; 124 -&gt; 442 -&gt; 235 -&gt; 345 -&gt; 133 -&gt; 207 -&gt; 516 -&gt; 560 -&gt; 632 -&gt; 931 -&gt;   Toplam : 4340
215 -&gt; 124 -&gt; 442 -&gt; 235 -&gt; 345 -&gt; 133 -&gt; 207 -&gt; 516 -&gt; 560 -&gt; 632 -&gt; 931 -&gt;   Toplam : 4340
215 -&gt; 124 -&gt; 442 -&gt; 235 -&gt; 345 -&gt; 133 -&gt; 207 -&gt; 516 -&gt; 560 -&gt; 632 -&gt; 931 -&gt;   Toplam : 4340
215 -&gt; 124 -&gt; 442 -&gt; 235 -&gt; 345 -&gt; 133 -&gt; 207 -&gt; 516 -&gt; 560 -&gt; 632 -&gt; 931 -&gt;   Toplam : 4340
215 -&gt; 124 -&gt; 442 -&gt; 235 -&gt; 345 -&gt; 133 -&gt; 207 -&gt; 516 -&gt; 560 -&gt; 632 -&gt; 931 -&gt;   Toplam : 4340
215 -&gt; 124 -&gt; 442 -&gt; 235 -&gt; 345 -&gt; 133 -&gt; 207 -&gt; 516 -&gt; 560 -&gt; 632 -&gt; 931 -&gt; 778 -&gt; 413 -&gt; 310 -&gt; 218 -&gt;   Toplam : 6059
215 -&gt; 
124 -&gt; 
442 -&gt; 
235 -&gt; 
345 -&gt; 
133 -&gt; 
207 -&gt; 
516 -&gt; 
560 -&gt; 
632 -&gt; 
931 -&gt; 
778 -&gt; 
413 -&gt; 
310 -&gt; 
218 -&gt; 
  Toplam : 6059
215 -&gt; 124 -&gt; 442 -&gt; 235 -&gt; 345 -&gt; 133 -&gt; 207 -&gt; 516 -&gt; 560 -&gt; 632 -&gt; 931 -&gt; 778 -&gt; 413 -&gt; 310 -&gt; 253 -&gt;   Toplam : 6094
215 -&gt; 
124 -&gt; 
442 -&gt; 
235 -&gt; 
345 -&gt; 
133 -&gt; 
207 -&gt; 
516 -&gt; 
560 -&gt; 
632 -&gt; 
931 -&gt; 
778 -&gt; 
413 -&gt; 
310 -&gt; 
253 -&gt; 
  Toplam : 6094
215 -&gt; 124 -&gt; 442 -&gt; 235 -&gt; 345 -&gt; 133 -&gt; 207 -&gt; 516 -&gt; 560 -&gt; 632 -&gt; 931 -&gt; 778 -&gt; 413 -&gt; 713 -&gt; 253 -&gt;   Toplam : 6497
215 -&gt; 
124 -&gt; 
442 -&gt; 
235 -&gt; 
345 -&gt; 
133 -&gt; 
207 -&gt; 
516 -&gt; 
560 -&gt; 
632 -&gt; 
931 -&gt; 
778 -&gt; 
413 -&gt; 
713 -&gt; 
253 -&gt; 
  Toplam : 6497
215 -&gt; 124 -&gt; 442 -&gt; 235 -&gt; 345 -&gt; 133 -&gt; 207 -&gt; 516 -&gt; 560 -&gt; 632 -&gt; 931 -&gt; 778 -&gt; 413 -&gt; 713 -&gt;   Toplam : 6244
215 -&gt; 124 -&gt; 442 -&gt; 235 -&gt; 345 -&gt; 133 -&gt; 207 -&gt; 516 -&gt; 560 -&gt; 632 -&gt; 931 -&gt; 778 -&gt; 528 -&gt; 713 -&gt; 253 -&gt;   Toplam : 6612
215 -&gt; 
124 -&gt; 
442 -&gt; 
235 -&gt; 
345 -&gt; 
133 -&gt; 
207 -&gt; 
516 -&gt; 
560 -&gt; 
632 -&gt; 
931 -&gt; 
778 -&gt; 
528 -&gt; 
713 -&gt; 
253 -&gt; 
  Toplam : 6612
215 -&gt; 124 -&gt; 442 -&gt; 235 -&gt; 345 -&gt; 133 -&gt; 207 -&gt; 516 -&gt; 560 -&gt; 632 -&gt; 931 -&gt; 778 -&gt; 528 -&gt; 713 -&gt;   Toplam : 6359
215 -&gt; 124 -&gt; 442 -&gt; 235 -&gt; 345 -&gt; 133 -&gt; 207 -&gt; 516 -&gt; 560 -&gt; 632 -&gt; 931 -&gt; 778 -&gt; 528 -&gt; 999 -&gt;   Toplam : 6645
215 -&gt; 124 -&gt; 442 -&gt; 235 -&gt; 345 -&gt; 133 -&gt; 207 -&gt; 516 -&gt; 560 -&gt; 632 -&gt; 931 -&gt; 778 -&gt; 528 -&gt; 999 -&gt;   Toplam : 6645
215 -&gt; 124 -&gt; 442 -&gt; 235 -&gt; 345 -&gt; 133 -&gt; 207 -&gt; 516 -&gt; 560 -&gt; 387 -&gt; 931 -&gt;   Toplam : 4095
215 -&gt; 124 -&gt; 442 -&gt; 235 -&gt; 345 -&gt; 133 -&gt; 207 -&gt; 516 -&gt; 560 -&gt; 387 -&gt; 931 -&gt;   Toplam : 4095
215 -&gt; 124 -&gt; 442 -&gt; 235 -&gt; 345 -&gt; 133 -&gt; 207 -&gt; 516 -&gt; 560 -&gt; 387 -&gt; 931 -&gt;   Toplam : 4095
215 -&gt; 124 -&gt; 442 -&gt; 235 -&gt; 345 -&gt; 133 -&gt; 207 -&gt; 516 -&gt; 560 -&gt; 387 -&gt; 931 -&gt;   Toplam : 4095
215 -&gt; 124 -&gt; 442 -&gt; 235 -&gt; 345 -&gt; 133 -&gt; 207 -&gt; 516 -&gt; 560 -&gt; 387 -&gt; 931 -&gt;   Toplam : 4095
215 -&gt; 124 -&gt; 442 -&gt; 235 -&gt; 345 -&gt; 133 -&gt; 207 -&gt; 516 -&gt; 560 -&gt; 387 -&gt; 931 -&gt;   Toplam : 4095
215 -&gt; 124 -&gt; 442 -&gt; 235 -&gt; 345 -&gt; 133 -&gt; 207 -&gt; 516 -&gt; 560 -&gt; 387 -&gt; 931 -&gt;   Toplam : 4095
215 -&gt; 124 -&gt; 442 -&gt; 235 -&gt; 345 -&gt; 133 -&gt; 207 -&gt; 516 -&gt; 560 -&gt; 387 -&gt; 931 -&gt;   Toplam : 4095
215 -&gt; 124 -&gt; 442 -&gt; 235 -&gt; 345 -&gt; 133 -&gt; 207 -&gt; 516 -&gt; 560 -&gt; 387 -&gt; 931 -&gt; 778 -&gt; 413 -&gt; 310 -&gt; 218 -&gt;   Toplam : 5814
215 -&gt; 
124 -&gt; 
442 -&gt; 
235 -&gt; 
345 -&gt; 
133 -&gt; 
207 -&gt; 
516 -&gt; 
560 -&gt; 
387 -&gt; 
931 -&gt; 
778 -&gt; 
413 -&gt; 
310 -&gt; 
218 -&gt; 
  Toplam : 5814
215 -&gt; 124 -&gt; 442 -&gt; 235 -&gt; 345 -&gt; 133 -&gt; 207 -&gt; 516 -&gt; 560 -&gt; 387 -&gt; 931 -&gt; 778 -&gt; 413 -&gt; 310 -&gt; 253 -&gt;   Toplam : 5849
215 -&gt; 
124 -&gt; 
442 -&gt; 
235 -&gt; 
345 -&gt; 
133 -&gt; 
207 -&gt; 
516 -&gt; 
560 -&gt; 
387 -&gt; 
931 -&gt; 
778 -&gt; 
413 -&gt; 
310 -&gt; 
253 -&gt; 
  Toplam : 5849
215 -&gt; 124 -&gt; 442 -&gt; 235 -&gt; 345 -&gt; 133 -&gt; 207 -&gt; 516 -&gt; 560 -&gt; 387 -&gt; 931 -&gt; 778 -&gt; 413 -&gt; 713 -&gt; 253 -&gt;   Toplam : 6252
215 -&gt; 
124 -&gt; 
442 -&gt; 
235 -&gt; 
345 -&gt; 
133 -&gt; 
207 -&gt; 
516 -&gt; 
560 -&gt; 
387 -&gt; 
931 -&gt; 
778 -&gt; 
413 -&gt; 
713 -&gt; 
253 -&gt; 
  Toplam : 6252
215 -&gt; 124 -&gt; 442 -&gt; 235 -&gt; 345 -&gt; 133 -&gt; 207 -&gt; 516 -&gt; 560 -&gt; 387 -&gt; 931 -&gt; 778 -&gt; 413 -&gt; 713 -&gt;   Toplam : 5999
215 -&gt; 124 -&gt; 442 -&gt; 235 -&gt; 345 -&gt; 133 -&gt; 207 -&gt; 516 -&gt; 560 -&gt; 387 -&gt; 931 -&gt; 778 -&gt; 528 -&gt; 713 -&gt; 253 -&gt;   Toplam : 6367
215 -&gt; 
124 -&gt; 
442 -&gt; 
235 -&gt; 
345 -&gt; 
133 -&gt; 
207 -&gt; 
516 -&gt; 
560 -&gt; 
387 -&gt; 
931 -&gt; 
778 -&gt; 
528 -&gt; 
713 -&gt; 
253 -&gt; 
  Toplam : 6367
215 -&gt; 124 -&gt; 442 -&gt; 235 -&gt; 345 -&gt; 133 -&gt; 207 -&gt; 516 -&gt; 560 -&gt; 387 -&gt; 931 -&gt; 778 -&gt; 528 -&gt; 713 -&gt;   Toplam : 6114
215 -&gt; 124 -&gt; 442 -&gt; 235 -&gt; 345 -&gt; 133 -&gt; 207 -&gt; 516 -&gt; 560 -&gt; 387 -&gt; 931 -&gt; 778 -&gt; 528 -&gt; 999 -&gt;   Toplam : 6400
215 -&gt; 124 -&gt; 442 -&gt; 235 -&gt; 345 -&gt; 133 -&gt; 207 -&gt; 516 -&gt; 560 -&gt; 387 -&gt; 931 -&gt; 778 -&gt; 528 -&gt; 999 -&gt;   Toplam : 6400
215 -&gt; 124 -&gt; 442 -&gt; 235 -&gt; 345 -&gt; 133 -&gt; 207 -&gt; 516 -&gt; 560 -&gt; 387 -&gt; 532 -&gt; 778 -&gt; 413 -&gt; 310 -&gt; 218 -&gt;   Toplam : 5415
215 -&gt; 
124 -&gt; 
442 -&gt; 
235 -&gt; 
345 -&gt; 
133 -&gt; 
207 -&gt; 
516 -&gt; 
560 -&gt; 
387 -&gt; 
532 -&gt; 
778 -&gt; 
413 -&gt; 
310 -&gt; 
218 -&gt; 
  Toplam : 5415
215 -&gt; 124 -&gt; 442 -&gt; 235 -&gt; 345 -&gt; 133 -&gt; 207 -&gt; 516 -&gt; 560 -&gt; 387 -&gt; 532 -&gt; 778 -&gt; 413 -&gt; 310 -&gt; 253 -&gt;   Toplam : 5450
215 -&gt; 
124 -&gt; 
442 -&gt; 
235 -&gt; 
345 -&gt; 
133 -&gt; 
207 -&gt; 
516 -&gt; 
560 -&gt; 
387 -&gt; 
532 -&gt; 
778 -&gt; 
413 -&gt; 
310 -&gt; 
253 -&gt; 
  Toplam : 5450
215 -&gt; 124 -&gt; 442 -&gt; 235 -&gt; 345 -&gt; 133 -&gt; 207 -&gt; 516 -&gt; 560 -&gt; 387 -&gt; 532 -&gt; 778 -&gt; 413 -&gt; 713 -&gt; 253 -&gt;   Toplam : 5853
215 -&gt; 
124 -&gt; 
442 -&gt; 
235 -&gt; 
345 -&gt; 
133 -&gt; 
207 -&gt; 
516 -&gt; 
560 -&gt; 
387 -&gt; 
532 -&gt; 
778 -&gt; 
413 -&gt; 
713 -&gt; 
253 -&gt; 
  Toplam : 5853
215 -&gt; 124 -&gt; 442 -&gt; 235 -&gt; 345 -&gt; 133 -&gt; 207 -&gt; 516 -&gt; 560 -&gt; 387 -&gt; 532 -&gt; 778 -&gt; 413 -&gt; 713 -&gt;   Toplam : 5600
215 -&gt; 124 -&gt; 442 -&gt; 235 -&gt; 345 -&gt; 133 -&gt; 207 -&gt; 516 -&gt; 560 -&gt; 387 -&gt; 532 -&gt; 778 -&gt; 528 -&gt; 713 -&gt; 253 -&gt;   Toplam : 5968
215 -&gt; 
124 -&gt; 
442 -&gt; 
235 -&gt; 
345 -&gt; 
133 -&gt; 
207 -&gt; 
516 -&gt; 
560 -&gt; 
387 -&gt; 
532 -&gt; 
778 -&gt; 
528 -&gt; 
713 -&gt; 
253 -&gt; 
  Toplam : 5968
215 -&gt; 124 -&gt; 442 -&gt; 235 -&gt; 345 -&gt; 133 -&gt; 207 -&gt; 516 -&gt; 560 -&gt; 387 -&gt; 532 -&gt; 778 -&gt; 528 -&gt; 713 -&gt;   Toplam : 5715
215 -&gt; 124 -&gt; 442 -&gt; 235 -&gt; 345 -&gt; 133 -&gt; 207 -&gt; 516 -&gt; 560 -&gt; 387 -&gt; 532 -&gt; 778 -&gt; 528 -&gt; 999 -&gt;   Toplam : 6001
215 -&gt; 124 -&gt; 442 -&gt; 235 -&gt; 345 -&gt; 133 -&gt; 207 -&gt; 516 -&gt; 560 -&gt; 387 -&gt; 532 -&gt; 778 -&gt; 528 -&gt; 999 -&gt;   Toplam : 6001
215 -&gt; 124 -&gt; 442 -&gt; 235 -&gt; 345 -&gt; 133 -&gt; 207 -&gt; 516 -&gt; 560 -&gt; 387 -&gt; 532 -&gt;   Toplam : 3696
215 -&gt; 124 -&gt; 442 -&gt; 235 -&gt; 345 -&gt; 133 -&gt; 207 -&gt; 516 -&gt; 560 -&gt; 387 -&gt; 532 -&gt;   Toplam : 3696
215 -&gt; 124 -&gt; 442 -&gt; 235 -&gt; 345 -&gt; 133 -&gt; 207 -&gt; 516 -&gt; 560 -&gt; 387 -&gt; 532 -&gt;   Toplam : 3696
215 -&gt; 124 -&gt; 442 -&gt; 235 -&gt; 345 -&gt; 133 -&gt; 207 -&gt; 516 -&gt; 560 -&gt; 387 -&gt; 532 -&gt;   Toplam : 3696
215 -&gt; 124 -&gt; 442 -&gt; 235 -&gt; 345 -&gt; 133 -&gt; 207 -&gt; 516 -&gt; 560 -&gt; 387 -&gt; 532 -&gt;   Toplam : 3696
215 -&gt; 124 -&gt; 442 -&gt; 235 -&gt; 345 -&gt; 133 -&gt; 207 -&gt; 516 -&gt; 560 -&gt; 387 -&gt; 532 -&gt;   Toplam : 3696
215 -&gt; 124 -&gt; 442 -&gt; 235 -&gt; 345 -&gt; 133 -&gt; 207 -&gt; 516 -&gt; 560 -&gt; 387 -&gt; 532 -&gt;   Toplam : 3696
215 -&gt; 124 -&gt; 442 -&gt; 235 -&gt; 345 -&gt; 133 -&gt; 207 -&gt; 516 -&gt; 560 -&gt; 387 -&gt; 532 -&gt;   Toplam : 3696
215 -&gt; 124 -&gt; 442 -&gt; 235 -&gt; 345 -&gt; 133 -&gt; 207 -&gt; 716 -&gt; 560 -&gt; 632 -&gt; 543 -&gt;   Toplam : 4152
215 -&gt; 124 -&gt; 442 -&gt; 235 -&gt; 345 -&gt; 133 -&gt; 207 -&gt; 716 -&gt; 560 -&gt; 632 -&gt; 543 -&gt;   Toplam : 4152
215 -&gt; 124 -&gt; 442 -&gt; 235 -&gt; 345 -&gt; 133 -&gt; 207 -&gt; 716 -&gt; 560 -&gt; 632 -&gt; 543 -&gt;   Toplam : 4152
215 -&gt; 124 -&gt; 442 -&gt; 235 -&gt; 345 -&gt; 133 -&gt; 207 -&gt; 716 -&gt; 560 -&gt; 632 -&gt; 543 -&gt;   Toplam : 4152
215 -&gt; 124 -&gt; 442 -&gt; 235 -&gt; 345 -&gt; 133 -&gt; 207 -&gt; 716 -&gt; 560 -&gt; 632 -&gt; 543 -&gt;   Toplam : 4152
215 -&gt; 124 -&gt; 442 -&gt; 235 -&gt; 345 -&gt; 133 -&gt; 207 -&gt; 716 -&gt; 560 -&gt; 632 -&gt; 543 -&gt;   Toplam : 4152
215 -&gt; 124 -&gt; 442 -&gt; 235 -&gt; 345 -&gt; 133 -&gt; 207 -&gt; 716 -&gt; 560 -&gt; 632 -&gt; 543 -&gt;   Toplam : 4152
215 -&gt; 124 -&gt; 442 -&gt; 235 -&gt; 345 -&gt; 133 -&gt; 207 -&gt; 716 -&gt; 560 -&gt; 632 -&gt; 543 -&gt;   Toplam : 4152
215 -&gt; 124 -&gt; 442 -&gt; 235 -&gt; 345 -&gt; 133 -&gt; 207 -&gt; 716 -&gt; 560 -&gt; 632 -&gt; 543 -&gt;   Toplam : 4152
215 -&gt; 124 -&gt; 442 -&gt; 235 -&gt; 345 -&gt; 133 -&gt; 207 -&gt; 716 -&gt; 560 -&gt; 632 -&gt; 543 -&gt;   Toplam : 4152
215 -&gt; 124 -&gt; 442 -&gt; 235 -&gt; 345 -&gt; 133 -&gt; 207 -&gt; 716 -&gt; 560 -&gt; 632 -&gt; 543 -&gt;   Toplam : 4152
215 -&gt; 124 -&gt; 442 -&gt; 235 -&gt; 345 -&gt; 133 -&gt; 207 -&gt; 716 -&gt; 560 -&gt; 632 -&gt; 543 -&gt;   Toplam : 4152
215 -&gt; 124 -&gt; 442 -&gt; 235 -&gt; 345 -&gt; 133 -&gt; 207 -&gt; 716 -&gt; 560 -&gt; 632 -&gt; 543 -&gt;   Toplam : 4152
215 -&gt; 124 -&gt; 442 -&gt; 235 -&gt; 345 -&gt; 133 -&gt; 207 -&gt; 716 -&gt; 560 -&gt; 632 -&gt; 543 -&gt;   Toplam : 4152
215 -&gt; 124 -&gt; 442 -&gt; 235 -&gt; 345 -&gt; 133 -&gt; 207 -&gt; 716 -&gt; 560 -&gt; 632 -&gt; 543 -&gt;   Toplam : 4152
215 -&gt; 124 -&gt; 442 -&gt; 235 -&gt; 345 -&gt; 133 -&gt; 207 -&gt; 716 -&gt; 560 -&gt; 632 -&gt; 543 -&gt;   Toplam : 4152
215 -&gt; 124 -&gt; 442 -&gt; 235 -&gt; 345 -&gt; 133 -&gt; 207 -&gt; 716 -&gt; 560 -&gt; 632 -&gt; 931 -&gt;   Toplam : 4540
215 -&gt; 124 -&gt; 442 -&gt; 235 -&gt; 345 -&gt; 133 -&gt; 207 -&gt; 716 -&gt; 560 -&gt; 632 -&gt; 931 -&gt;   Toplam : 4540
215 -&gt; 124 -&gt; 442 -&gt; 235 -&gt; 345 -&gt; 133 -&gt; 207 -&gt; 716 -&gt; 560 -&gt; 632 -&gt; 931 -&gt;   Toplam : 4540
215 -&gt; 124 -&gt; 442 -&gt; 235 -&gt; 345 -&gt; 133 -&gt; 207 -&gt; 716 -&gt; 560 -&gt; 632 -&gt; 931 -&gt;   Toplam : 4540
215 -&gt; 124 -&gt; 442 -&gt; 235 -&gt; 345 -&gt; 133 -&gt; 207 -&gt; 716 -&gt; 560 -&gt; 632 -&gt; 931 -&gt;   Toplam : 4540
215 -&gt; 124 -&gt; 442 -&gt; 235 -&gt; 345 -&gt; 133 -&gt; 207 -&gt; 716 -&gt; 560 -&gt; 632 -&gt; 931 -&gt;   Toplam : 4540
215 -&gt; 124 -&gt; 442 -&gt; 235 -&gt; 345 -&gt; 133 -&gt; 207 -&gt; 716 -&gt; 560 -&gt; 632 -&gt; 931 -&gt;   Toplam : 4540
215 -&gt; 124 -&gt; 442 -&gt; 235 -&gt; 345 -&gt; 133 -&gt; 207 -&gt; 716 -&gt; 560 -&gt; 632 -&gt; 931 -&gt;   Toplam : 4540
215 -&gt; 124 -&gt; 442 -&gt; 235 -&gt; 345 -&gt; 133 -&gt; 207 -&gt; 716 -&gt; 560 -&gt; 632 -&gt; 931 -&gt; 778 -&gt; 413 -&gt; 310 -&gt; 218 -&gt;   Toplam : 6259
215 -&gt; 
124 -&gt; 
442 -&gt; 
235 -&gt; 
345 -&gt; 
133 -&gt; 
207 -&gt; 
716 -&gt; 
560 -&gt; 
632 -&gt; 
931 -&gt; 
778 -&gt; 
413 -&gt; 
310 -&gt; 
218 -&gt; 
  Toplam : 6259
215 -&gt; 124 -&gt; 442 -&gt; 235 -&gt; 345 -&gt; 133 -&gt; 207 -&gt; 716 -&gt; 560 -&gt; 632 -&gt; 931 -&gt; 778 -&gt; 413 -&gt; 310 -&gt; 253 -&gt;   Toplam : 6294
215 -&gt; 
124 -&gt; 
442 -&gt; 
235 -&gt; 
345 -&gt; 
133 -&gt; 
207 -&gt; 
716 -&gt; 
560 -&gt; 
632 -&gt; 
931 -&gt; 
778 -&gt; 
413 -&gt; 
310 -&gt; 
253 -&gt; 
  Toplam : 6294
215 -&gt; 124 -&gt; 442 -&gt; 235 -&gt; 345 -&gt; 133 -&gt; 207 -&gt; 716 -&gt; 560 -&gt; 632 -&gt; 931 -&gt; 778 -&gt; 413 -&gt; 713 -&gt; 253 -&gt;   Toplam : 6697
215 -&gt; 
124 -&gt; 
442 -&gt; 
235 -&gt; 
345 -&gt; 
133 -&gt; 
207 -&gt; 
716 -&gt; 
560 -&gt; 
632 -&gt; 
931 -&gt; 
778 -&gt; 
413 -&gt; 
713 -&gt; 
253 -&gt; 
  Toplam : 6697
215 -&gt; 124 -&gt; 442 -&gt; 235 -&gt; 345 -&gt; 133 -&gt; 207 -&gt; 716 -&gt; 560 -&gt; 632 -&gt; 931 -&gt; 778 -&gt; 413 -&gt; 713 -&gt;   Toplam : 6444
215 -&gt; 124 -&gt; 442 -&gt; 235 -&gt; 345 -&gt; 133 -&gt; 207 -&gt; 716 -&gt; 560 -&gt; 632 -&gt; 931 -&gt; 778 -&gt; 528 -&gt; 713 -&gt; 253 -&gt;   Toplam : 6812
215 -&gt; 
124 -&gt; 
442 -&gt; 
235 -&gt; 
345 -&gt; 
133 -&gt; 
207 -&gt; 
716 -&gt; 
560 -&gt; 
632 -&gt; 
931 -&gt; 
778 -&gt; 
528 -&gt; 
713 -&gt; 
253 -&gt; 
  Toplam : 6812
215 -&gt; 124 -&gt; 442 -&gt; 235 -&gt; 345 -&gt; 133 -&gt; 207 -&gt; 716 -&gt; 560 -&gt; 632 -&gt; 931 -&gt; 778 -&gt; 528 -&gt; 713 -&gt;   Toplam : 6559
215 -&gt; 124 -&gt; 442 -&gt; 235 -&gt; 345 -&gt; 133 -&gt; 207 -&gt; 716 -&gt; 560 -&gt; 632 -&gt; 931 -&gt; 778 -&gt; 528 -&gt; 999 -&gt;   Toplam : 6845
215 -&gt; 124 -&gt; 442 -&gt; 235 -&gt; 345 -&gt; 133 -&gt; 207 -&gt; 716 -&gt; 560 -&gt; 632 -&gt; 931 -&gt; 778 -&gt; 528 -&gt; 999 -&gt;   Toplam : 6845
215 -&gt; 124 -&gt; 442 -&gt; 235 -&gt; 345 -&gt; 133 -&gt; 207 -&gt; 716 -&gt; 560 -&gt; 387 -&gt; 931 -&gt;   Toplam : 4295
215 -&gt; 124 -&gt; 442 -&gt; 235 -&gt; 345 -&gt; 133 -&gt; 207 -&gt; 716 -&gt; 560 -&gt; 387 -&gt; 931 -&gt;   Toplam : 4295
215 -&gt; 124 -&gt; 442 -&gt; 235 -&gt; 345 -&gt; 133 -&gt; 207 -&gt; 716 -&gt; 560 -&gt; 387 -&gt; 931 -&gt;   Toplam : 4295
215 -&gt; 124 -&gt; 442 -&gt; 235 -&gt; 345 -&gt; 133 -&gt; 207 -&gt; 716 -&gt; 560 -&gt; 387 -&gt; 931 -&gt;   Toplam : 4295
215 -&gt; 124 -&gt; 442 -&gt; 235 -&gt; 345 -&gt; 133 -&gt; 207 -&gt; 716 -&gt; 560 -&gt; 387 -&gt; 931 -&gt;   Toplam : 4295
215 -&gt; 124 -&gt; 442 -&gt; 235 -&gt; 345 -&gt; 133 -&gt; 207 -&gt; 716 -&gt; 560 -&gt; 387 -&gt; 931 -&gt;   Toplam : 4295
215 -&gt; 124 -&gt; 442 -&gt; 235 -&gt; 345 -&gt; 133 -&gt; 207 -&gt; 716 -&gt; 560 -&gt; 387 -&gt; 931 -&gt;   Toplam : 4295
215 -&gt; 124 -&gt; 442 -&gt; 235 -&gt; 345 -&gt; 133 -&gt; 207 -&gt; 716 -&gt; 560 -&gt; 387 -&gt; 931 -&gt;   Toplam : 4295
215 -&gt; 124 -&gt; 442 -&gt; 235 -&gt; 345 -&gt; 133 -&gt; 207 -&gt; 716 -&gt; 560 -&gt; 387 -&gt; 931 -&gt; 778 -&gt; 413 -&gt; 310 -&gt; 218 -&gt;   Toplam : 6014
215 -&gt; 
124 -&gt; 
442 -&gt; 
235 -&gt; 
345 -&gt; 
133 -&gt; 
207 -&gt; 
716 -&gt; 
560 -&gt; 
387 -&gt; 
931 -&gt; 
778 -&gt; 
413 -&gt; 
310 -&gt; 
218 -&gt; 
  Toplam : 6014
215 -&gt; 124 -&gt; 442 -&gt; 235 -&gt; 345 -&gt; 133 -&gt; 207 -&gt; 716 -&gt; 560 -&gt; 387 -&gt; 931 -&gt; 778 -&gt; 413 -&gt; 310 -&gt; 253 -&gt;   Toplam : 6049
215 -&gt; 
124 -&gt; 
442 -&gt; 
235 -&gt; 
345 -&gt; 
133 -&gt; 
207 -&gt; 
716 -&gt; 
560 -&gt; 
387 -&gt; 
931 -&gt; 
778 -&gt; 
413 -&gt; 
310 -&gt; 
253 -&gt; 
  Toplam : 6049
215 -&gt; 124 -&gt; 442 -&gt; 235 -&gt; 345 -&gt; 133 -&gt; 207 -&gt; 716 -&gt; 560 -&gt; 387 -&gt; 931 -&gt; 778 -&gt; 413 -&gt; 713 -&gt; 253 -&gt;   Toplam : 6452
215 -&gt; 
124 -&gt; 
442 -&gt; 
235 -&gt; 
345 -&gt; 
133 -&gt; 
207 -&gt; 
716 -&gt; 
560 -&gt; 
387 -&gt; 
931 -&gt; 
778 -&gt; 
413 -&gt; 
713 -&gt; 
253 -&gt; 
  Toplam : 6452
215 -&gt; 124 -&gt; 442 -&gt; 235 -&gt; 345 -&gt; 133 -&gt; 207 -&gt; 716 -&gt; 560 -&gt; 387 -&gt; 931 -&gt; 778 -&gt; 413 -&gt; 713 -&gt;   Toplam : 6199
215 -&gt; 124 -&gt; 442 -&gt; 235 -&gt; 345 -&gt; 133 -&gt; 207 -&gt; 716 -&gt; 560 -&gt; 387 -&gt; 931 -&gt; 778 -&gt; 528 -&gt; 713 -&gt; 253 -&gt;   Toplam : 6567
215 -&gt; 
124 -&gt; 
442 -&gt; 
235 -&gt; 
345 -&gt; 
133 -&gt; 
207 -&gt; 
716 -&gt; 
560 -&gt; 
387 -&gt; 
931 -&gt; 
778 -&gt; 
528 -&gt; 
713 -&gt; 
253 -&gt; 
  Toplam : 6567
215 -&gt; 124 -&gt; 442 -&gt; 235 -&gt; 345 -&gt; 133 -&gt; 207 -&gt; 716 -&gt; 560 -&gt; 387 -&gt; 931 -&gt; 778 -&gt; 528 -&gt; 713 -&gt;   Toplam : 6314
215 -&gt; 124 -&gt; 442 -&gt; 235 -&gt; 345 -&gt; 133 -&gt; 207 -&gt; 716 -&gt; 560 -&gt; 387 -&gt; 931 -&gt; 778 -&gt; 528 -&gt; 999 -&gt;   Toplam : 6600
215 -&gt; 124 -&gt; 442 -&gt; 235 -&gt; 345 -&gt; 133 -&gt; 207 -&gt; 716 -&gt; 560 -&gt; 387 -&gt; 931 -&gt; 778 -&gt; 528 -&gt; 999 -&gt;   Toplam : 6600
215 -&gt; 124 -&gt; 442 -&gt; 235 -&gt; 345 -&gt; 133 -&gt; 207 -&gt; 716 -&gt; 560 -&gt; 387 -&gt; 532 -&gt; 778 -&gt; 413 -&gt; 310 -&gt; 218 -&gt;   Toplam : 5615
215 -&gt; 
124 -&gt; 
442 -&gt; 
235 -&gt; 
345 -&gt; 
133 -&gt; 
207 -&gt; 
716 -&gt; 
560 -&gt; 
387 -&gt; 
532 -&gt; 
778 -&gt; 
413 -&gt; 
310 -&gt; 
218 -&gt; 
  Toplam : 5615
215 -&gt; 124 -&gt; 442 -&gt; 235 -&gt; 345 -&gt; 133 -&gt; 207 -&gt; 716 -&gt; 560 -&gt; 387 -&gt; 532 -&gt; 778 -&gt; 413 -&gt; 310 -&gt; 253 -&gt;   Toplam : 5650
215 -&gt; 
124 -&gt; 
442 -&gt; 
235 -&gt; 
345 -&gt; 
133 -&gt; 
207 -&gt; 
716 -&gt; 
560 -&gt; 
387 -&gt; 
532 -&gt; 
778 -&gt; 
413 -&gt; 
310 -&gt; 
253 -&gt; 
  Toplam : 5650
215 -&gt; 124 -&gt; 442 -&gt; 235 -&gt; 345 -&gt; 133 -&gt; 207 -&gt; 716 -&gt; 560 -&gt; 387 -&gt; 532 -&gt; 778 -&gt; 413 -&gt; 713 -&gt; 253 -&gt;   Toplam : 6053
215 -&gt; 
124 -&gt; 
442 -&gt; 
235 -&gt; 
345 -&gt; 
133 -&gt; 
207 -&gt; 
716 -&gt; 
560 -&gt; 
387 -&gt; 
532 -&gt; 
778 -&gt; 
413 -&gt; 
713 -&gt; 
253 -&gt; 
  Toplam : 6053
215 -&gt; 124 -&gt; 442 -&gt; 235 -&gt; 345 -&gt; 133 -&gt; 207 -&gt; 716 -&gt; 560 -&gt; 387 -&gt; 532 -&gt; 778 -&gt; 413 -&gt; 713 -&gt;   Toplam : 5800
215 -&gt; 124 -&gt; 442 -&gt; 235 -&gt; 345 -&gt; 133 -&gt; 207 -&gt; 716 -&gt; 560 -&gt; 387 -&gt; 532 -&gt; 778 -&gt; 528 -&gt; 713 -&gt; 253 -&gt;   Toplam : 6168
215 -&gt; 
124 -&gt; 
442 -&gt; 
235 -&gt; 
345 -&gt; 
133 -&gt; 
207 -&gt; 
716 -&gt; 
560 -&gt; 
387 -&gt; 
532 -&gt; 
778 -&gt; 
528 -&gt; 
713 -&gt; 
253 -&gt; 
  Toplam : 6168
215 -&gt; 124 -&gt; 442 -&gt; 235 -&gt; 345 -&gt; 133 -&gt; 207 -&gt; 716 -&gt; 560 -&gt; 387 -&gt; 532 -&gt; 778 -&gt; 528 -&gt; 713 -&gt;   Toplam : 5915
215 -&gt; 124 -&gt; 442 -&gt; 235 -&gt; 345 -&gt; 133 -&gt; 207 -&gt; 716 -&gt; 560 -&gt; 387 -&gt; 532 -&gt; 778 -&gt; 528 -&gt; 999 -&gt;   Toplam : 6201
215 -&gt; 124 -&gt; 442 -&gt; 235 -&gt; 345 -&gt; 133 -&gt; 207 -&gt; 716 -&gt; 560 -&gt; 387 -&gt; 532 -&gt; 778 -&gt; 528 -&gt; 999 -&gt;   Toplam : 6201
215 -&gt; 124 -&gt; 442 -&gt; 235 -&gt; 345 -&gt; 133 -&gt; 207 -&gt; 716 -&gt; 560 -&gt; 387 -&gt; 532 -&gt;   Toplam : 3896
215 -&gt; 124 -&gt; 442 -&gt; 235 -&gt; 345 -&gt; 133 -&gt; 207 -&gt; 716 -&gt; 560 -&gt; 387 -&gt; 532 -&gt;   Toplam : 3896
215 -&gt; 124 -&gt; 442 -&gt; 235 -&gt; 345 -&gt; 133 -&gt; 207 -&gt; 716 -&gt; 560 -&gt; 387 -&gt; 532 -&gt;   Toplam : 3896
215 -&gt; 124 -&gt; 442 -&gt; 235 -&gt; 345 -&gt; 133 -&gt; 207 -&gt; 716 -&gt; 560 -&gt; 387 -&gt; 532 -&gt;   Toplam : 3896
215 -&gt; 124 -&gt; 442 -&gt; 235 -&gt; 345 -&gt; 133 -&gt; 207 -&gt; 716 -&gt; 560 -&gt; 387 -&gt; 532 -&gt;   Toplam : 3896
215 -&gt; 124 -&gt; 442 -&gt; 235 -&gt; 345 -&gt; 133 -&gt; 207 -&gt; 716 -&gt; 560 -&gt; 387 -&gt; 532 -&gt;   Toplam : 3896
215 -&gt; 124 -&gt; 442 -&gt; 235 -&gt; 345 -&gt; 133 -&gt; 207 -&gt; 716 -&gt; 560 -&gt; 387 -&gt; 532 -&gt;   Toplam : 3896
215 -&gt; 124 -&gt; 442 -&gt; 235 -&gt; 345 -&gt; 133 -&gt; 207 -&gt; 716 -&gt; 560 -&gt; 387 -&gt; 532 -&gt;   Toplam : 3896
215 -&gt; 124 -&gt; 442 -&gt; 235 -&gt; 345 -&gt; 133 -&gt; 207 -&gt; 716 -&gt; 380 -&gt; 387 -&gt; 931 -&gt;   Toplam : 4115
215 -&gt; 124 -&gt; 442 -&gt; 235 -&gt; 345 -&gt; 133 -&gt; 207 -&gt; 716 -&gt; 380 -&gt; 387 -&gt; 931 -&gt;   Toplam : 4115
215 -&gt; 124 -&gt; 442 -&gt; 235 -&gt; 345 -&gt; 133 -&gt; 207 -&gt; 716 -&gt; 380 -&gt; 387 -&gt; 931 -&gt;   Toplam : 4115
215 -&gt; 124 -&gt; 442 -&gt; 235 -&gt; 345 -&gt; 133 -&gt; 207 -&gt; 716 -&gt; 380 -&gt; 387 -&gt; 931 -&gt;   Toplam : 4115
215 -&gt; 124 -&gt; 442 -&gt; 235 -&gt; 345 -&gt; 133 -&gt; 207 -&gt; 716 -&gt; 380 -&gt; 387 -&gt; 931 -&gt;   Toplam : 4115
215 -&gt; 124 -&gt; 442 -&gt; 235 -&gt; 345 -&gt; 133 -&gt; 207 -&gt; 716 -&gt; 380 -&gt; 387 -&gt; 931 -&gt;   Toplam : 4115
215 -&gt; 124 -&gt; 442 -&gt; 235 -&gt; 345 -&gt; 133 -&gt; 207 -&gt; 716 -&gt; 380 -&gt; 387 -&gt; 931 -&gt;   Toplam : 4115
215 -&gt; 124 -&gt; 442 -&gt; 235 -&gt; 345 -&gt; 133 -&gt; 207 -&gt; 716 -&gt; 380 -&gt; 387 -&gt; 931 -&gt;   Toplam : 4115
215 -&gt; 124 -&gt; 442 -&gt; 235 -&gt; 345 -&gt; 133 -&gt; 207 -&gt; 716 -&gt; 380 -&gt; 387 -&gt; 931 -&gt; 778 -&gt; 413 -&gt; 310 -&gt; 218 -&gt;   Toplam : 5834
215 -&gt; 
124 -&gt; 
442 -&gt; 
235 -&gt; 
345 -&gt; 
133 -&gt; 
207 -&gt; 
716 -&gt; 
380 -&gt; 
387 -&gt; 
931 -&gt; 
778 -&gt; 
413 -&gt; 
310 -&gt; 
218 -&gt; 
  Toplam : 5834
215 -&gt; 124 -&gt; 442 -&gt; 235 -&gt; 345 -&gt; 133 -&gt; 207 -&gt; 716 -&gt; 380 -&gt; 387 -&gt; 931 -&gt; 778 -&gt; 413 -&gt; 310 -&gt; 253 -&gt;   Toplam : 5869
215 -&gt; 
124 -&gt; 
442 -&gt; 
235 -&gt; 
345 -&gt; 
133 -&gt; 
207 -&gt; 
716 -&gt; 
380 -&gt; 
387 -&gt; 
931 -&gt; 
778 -&gt; 
413 -&gt; 
310 -&gt; 
253 -&gt; 
  Toplam : 5869
215 -&gt; 124 -&gt; 442 -&gt; 235 -&gt; 345 -&gt; 133 -&gt; 207 -&gt; 716 -&gt; 380 -&gt; 387 -&gt; 931 -&gt; 778 -&gt; 413 -&gt; 713 -&gt; 253 -&gt;   Toplam : 6272
215 -&gt; 
124 -&gt; 
442 -&gt; 
235 -&gt; 
345 -&gt; 
133 -&gt; 
207 -&gt; 
716 -&gt; 
380 -&gt; 
387 -&gt; 
931 -&gt; 
778 -&gt; 
413 -&gt; 
713 -&gt; 
253 -&gt; 
  Toplam : 6272
215 -&gt; 124 -&gt; 442 -&gt; 235 -&gt; 345 -&gt; 133 -&gt; 207 -&gt; 716 -&gt; 380 -&gt; 387 -&gt; 931 -&gt; 778 -&gt; 413 -&gt; 713 -&gt;   Toplam : 6019
215 -&gt; 124 -&gt; 442 -&gt; 235 -&gt; 345 -&gt; 133 -&gt; 207 -&gt; 716 -&gt; 380 -&gt; 387 -&gt; 931 -&gt; 778 -&gt; 528 -&gt; 713 -&gt; 253 -&gt;   Toplam : 6387
215 -&gt; 
124 -&gt; 
442 -&gt; 
235 -&gt; 
345 -&gt; 
133 -&gt; 
207 -&gt; 
716 -&gt; 
380 -&gt; 
387 -&gt; 
931 -&gt; 
778 -&gt; 
528 -&gt; 
713 -&gt; 
253 -&gt; 
  Toplam : 6387
215 -&gt; 124 -&gt; 442 -&gt; 235 -&gt; 345 -&gt; 133 -&gt; 207 -&gt; 716 -&gt; 380 -&gt; 387 -&gt; 931 -&gt; 778 -&gt; 528 -&gt; 713 -&gt;   Toplam : 6134
215 -&gt; 124 -&gt; 442 -&gt; 235 -&gt; 345 -&gt; 133 -&gt; 207 -&gt; 716 -&gt; 380 -&gt; 387 -&gt; 931 -&gt; 778 -&gt; 528 -&gt; 999 -&gt;   Toplam : 6420
215 -&gt; 124 -&gt; 442 -&gt; 235 -&gt; 345 -&gt; 133 -&gt; 207 -&gt; 716 -&gt; 380 -&gt; 387 -&gt; 931 -&gt; 778 -&gt; 528 -&gt; 999 -&gt;   Toplam : 6420
215 -&gt; 124 -&gt; 442 -&gt; 235 -&gt; 345 -&gt; 133 -&gt; 207 -&gt; 716 -&gt; 380 -&gt; 387 -&gt; 532 -&gt; 778 -&gt; 413 -&gt; 310 -&gt; 218 -&gt;   Toplam : 5435
215 -&gt; 
124 -&gt; 
442 -&gt; 
235 -&gt; 
345 -&gt; 
133 -&gt; 
207 -&gt; 
716 -&gt; 
380 -&gt; 
387 -&gt; 
532 -&gt; 
778 -&gt; 
413 -&gt; 
310 -&gt; 
218 -&gt; 
  Toplam : 5435
215 -&gt; 124 -&gt; 442 -&gt; 235 -&gt; 345 -&gt; 133 -&gt; 207 -&gt; 716 -&gt; 380 -&gt; 387 -&gt; 532 -&gt; 778 -&gt; 413 -&gt; 310 -&gt; 253 -&gt;   Toplam : 5470
215 -&gt; 
124 -&gt; 
442 -&gt; 
235 -&gt; 
345 -&gt; 
133 -&gt; 
207 -&gt; 
716 -&gt; 
380 -&gt; 
387 -&gt; 
532 -&gt; 
778 -&gt; 
413 -&gt; 
310 -&gt; 
253 -&gt; 
  Toplam : 5470
215 -&gt; 124 -&gt; 442 -&gt; 235 -&gt; 345 -&gt; 133 -&gt; 207 -&gt; 716 -&gt; 380 -&gt; 387 -&gt; 532 -&gt; 778 -&gt; 413 -&gt; 713 -&gt; 253 -&gt;   Toplam : 5873
215 -&gt; 
124 -&gt; 
442 -&gt; 
235 -&gt; 
345 -&gt; 
133 -&gt; 
207 -&gt; 
716 -&gt; 
380 -&gt; 
387 -&gt; 
532 -&gt; 
778 -&gt; 
413 -&gt; 
713 -&gt; 
253 -&gt; 
  Toplam : 5873
215 -&gt; 124 -&gt; 442 -&gt; 235 -&gt; 345 -&gt; 133 -&gt; 207 -&gt; 716 -&gt; 380 -&gt; 387 -&gt; 532 -&gt; 778 -&gt; 413 -&gt; 713 -&gt;   Toplam : 5620
215 -&gt; 124 -&gt; 442 -&gt; 235 -&gt; 345 -&gt; 133 -&gt; 207 -&gt; 716 -&gt; 380 -&gt; 387 -&gt; 532 -&gt; 778 -&gt; 528 -&gt; 713 -&gt; 253 -&gt;   Toplam : 5988
215 -&gt; 
124 -&gt; 
442 -&gt; 
235 -&gt; 
345 -&gt; 
133 -&gt; 
207 -&gt; 
716 -&gt; 
380 -&gt; 
387 -&gt; 
532 -&gt; 
778 -&gt; 
528 -&gt; 
713 -&gt; 
253 -&gt; 
  Toplam : 5988
215 -&gt; 124 -&gt; 442 -&gt; 235 -&gt; 345 -&gt; 133 -&gt; 207 -&gt; 716 -&gt; 380 -&gt; 387 -&gt; 532 -&gt; 778 -&gt; 528 -&gt; 713 -&gt;   Toplam : 5735
215 -&gt; 124 -&gt; 442 -&gt; 235 -&gt; 345 -&gt; 133 -&gt; 207 -&gt; 716 -&gt; 380 -&gt; 387 -&gt; 532 -&gt; 778 -&gt; 528 -&gt; 999 -&gt;   Toplam : 6021
215 -&gt; 124 -&gt; 442 -&gt; 235 -&gt; 345 -&gt; 133 -&gt; 207 -&gt; 716 -&gt; 380 -&gt; 387 -&gt; 532 -&gt; 778 -&gt; 528 -&gt; 999 -&gt;   Toplam : 6021
215 -&gt; 124 -&gt; 442 -&gt; 235 -&gt; 345 -&gt; 133 -&gt; 207 -&gt; 716 -&gt; 380 -&gt; 387 -&gt; 532 -&gt;   Toplam : 3716
215 -&gt; 124 -&gt; 442 -&gt; 235 -&gt; 345 -&gt; 133 -&gt; 207 -&gt; 716 -&gt; 380 -&gt; 387 -&gt; 532 -&gt;   Toplam : 3716
215 -&gt; 124 -&gt; 442 -&gt; 235 -&gt; 345 -&gt; 133 -&gt; 207 -&gt; 716 -&gt; 380 -&gt; 387 -&gt; 532 -&gt;   Toplam : 3716
215 -&gt; 124 -&gt; 442 -&gt; 235 -&gt; 345 -&gt; 133 -&gt; 207 -&gt; 716 -&gt; 380 -&gt; 387 -&gt; 532 -&gt;   Toplam : 3716
215 -&gt; 124 -&gt; 442 -&gt; 235 -&gt; 345 -&gt; 133 -&gt; 207 -&gt; 716 -&gt; 380 -&gt; 387 -&gt; 532 -&gt;   Toplam : 3716
215 -&gt; 124 -&gt; 442 -&gt; 235 -&gt; 345 -&gt; 133 -&gt; 207 -&gt; 716 -&gt; 380 -&gt; 387 -&gt; 532 -&gt;   Toplam : 3716
215 -&gt; 124 -&gt; 442 -&gt; 235 -&gt; 345 -&gt; 133 -&gt; 207 -&gt; 716 -&gt; 380 -&gt; 387 -&gt; 532 -&gt;   Toplam : 3716
215 -&gt; 124 -&gt; 442 -&gt; 235 -&gt; 345 -&gt; 133 -&gt; 207 -&gt; 716 -&gt; 380 -&gt; 387 -&gt; 532 -&gt;   Toplam : 3716
215 -&gt; 124 -&gt; 442 -&gt; 235 -&gt; 345 -&gt; 133 -&gt; 207 -&gt; 716 -&gt; 380 -&gt; 176 -&gt; 532 -&gt; 778 -&gt; 413 -&gt; 310 -&gt; 218 -&gt;   Toplam : 5224
215 -&gt; 
124 -&gt; 
442 -&gt; 
235 -&gt; 
345 -&gt; 
133 -&gt; 
207 -&gt; 
716 -&gt; 
380 -&gt; 
176 -&gt; 
532 -&gt; 
778 -&gt; 
413 -&gt; 
310 -&gt; 
218 -&gt; 
  Toplam : 5224
215 -&gt; 124 -&gt; 442 -&gt; 235 -&gt; 345 -&gt; 133 -&gt; 207 -&gt; 716 -&gt; 380 -&gt; 176 -&gt; 532 -&gt; 778 -&gt; 413 -&gt; 310 -&gt; 253 -&gt;   Toplam : 5259
215 -&gt; 
124 -&gt; 
442 -&gt; 
235 -&gt; 
345 -&gt; 
133 -&gt; 
207 -&gt; 
716 -&gt; 
380 -&gt; 
176 -&gt; 
532 -&gt; 
778 -&gt; 
413 -&gt; 
310 -&gt; 
253 -&gt; 
  Toplam : 5259
215 -&gt; 124 -&gt; 442 -&gt; 235 -&gt; 345 -&gt; 133 -&gt; 207 -&gt; 716 -&gt; 380 -&gt; 176 -&gt; 532 -&gt; 778 -&gt; 413 -&gt; 713 -&gt; 253 -&gt;   Toplam : 5662
215 -&gt; 
124 -&gt; 
442 -&gt; 
235 -&gt; 
345 -&gt; 
133 -&gt; 
207 -&gt; 
716 -&gt; 
380 -&gt; 
176 -&gt; 
532 -&gt; 
778 -&gt; 
413 -&gt; 
713 -&gt; 
253 -&gt; 
  Toplam : 5662
215 -&gt; 124 -&gt; 442 -&gt; 235 -&gt; 345 -&gt; 133 -&gt; 207 -&gt; 716 -&gt; 380 -&gt; 176 -&gt; 532 -&gt; 778 -&gt; 413 -&gt; 713 -&gt;   Toplam : 5409
215 -&gt; 124 -&gt; 442 -&gt; 235 -&gt; 345 -&gt; 133 -&gt; 207 -&gt; 716 -&gt; 380 -&gt; 176 -&gt; 532 -&gt; 778 -&gt; 528 -&gt; 713 -&gt; 253 -&gt;   Toplam : 5777
215 -&gt; 
124 -&gt; 
442 -&gt; 
235 -&gt; 
345 -&gt; 
133 -&gt; 
207 -&gt; 
716 -&gt; 
380 -&gt; 
176 -&gt; 
532 -&gt; 
778 -&gt; 
528 -&gt; 
713 -&gt; 
253 -&gt; 
  Toplam : 5777
215 -&gt; 124 -&gt; 442 -&gt; 235 -&gt; 345 -&gt; 133 -&gt; 207 -&gt; 716 -&gt; 380 -&gt; 176 -&gt; 532 -&gt; 778 -&gt; 528 -&gt; 713 -&gt;   Toplam : 5524
215 -&gt; 124 -&gt; 442 -&gt; 235 -&gt; 345 -&gt; 133 -&gt; 207 -&gt; 716 -&gt; 380 -&gt; 176 -&gt; 532 -&gt; 778 -&gt; 528 -&gt; 999 -&gt;   Toplam : 5810
215 -&gt; 124 -&gt; 442 -&gt; 235 -&gt; 345 -&gt; 133 -&gt; 207 -&gt; 716 -&gt; 380 -&gt; 176 -&gt; 532 -&gt; 778 -&gt; 528 -&gt; 999 -&gt;   Toplam : 5810
215 -&gt; 124 -&gt; 442 -&gt; 235 -&gt; 345 -&gt; 133 -&gt; 207 -&gt; 716 -&gt; 380 -&gt; 176 -&gt; 532 -&gt;   Toplam : 3505
215 -&gt; 124 -&gt; 442 -&gt; 235 -&gt; 345 -&gt; 133 -&gt; 207 -&gt; 716 -&gt; 380 -&gt; 176 -&gt; 532 -&gt;   Toplam : 3505
215 -&gt; 124 -&gt; 442 -&gt; 235 -&gt; 345 -&gt; 133 -&gt; 207 -&gt; 716 -&gt; 380 -&gt; 176 -&gt; 532 -&gt;   Toplam : 3505
215 -&gt; 124 -&gt; 442 -&gt; 235 -&gt; 345 -&gt; 133 -&gt; 207 -&gt; 716 -&gt; 380 -&gt; 176 -&gt; 532 -&gt;   Toplam : 3505
215 -&gt; 124 -&gt; 442 -&gt; 235 -&gt; 345 -&gt; 133 -&gt; 207 -&gt; 716 -&gt; 380 -&gt; 176 -&gt; 532 -&gt;   Toplam : 3505
215 -&gt; 124 -&gt; 442 -&gt; 235 -&gt; 345 -&gt; 133 -&gt; 207 -&gt; 716 -&gt; 380 -&gt; 176 -&gt; 532 -&gt;   Toplam : 3505
215 -&gt; 124 -&gt; 442 -&gt; 235 -&gt; 345 -&gt; 133 -&gt; 207 -&gt; 716 -&gt; 380 -&gt; 176 -&gt; 532 -&gt;   Toplam : 3505
215 -&gt; 124 -&gt; 442 -&gt; 235 -&gt; 345 -&gt; 133 -&gt; 207 -&gt; 716 -&gt; 380 -&gt; 176 -&gt; 532 -&gt;   Toplam : 3505
215 -&gt; 124 -&gt; 442 -&gt; 235 -&gt; 345 -&gt; 133 -&gt; 207 -&gt; 716 -&gt; 380 -&gt; 176 -&gt;   Toplam : 2973
215 -&gt; 124 -&gt; 442 -&gt; 235 -&gt; 345 -&gt; 133 -&gt; 207 -&gt; 716 -&gt; 380 -&gt; 176 -&gt;   Toplam : 2973
215 -&gt; 124 -&gt; 442 -&gt; 235 -&gt; 345 -&gt; 133 -&gt; 207 -&gt; 716 -&gt; 380 -&gt; 176 -&gt;   Toplam : 2973
215 -&gt; 124 -&gt; 442 -&gt; 235 -&gt; 345 -&gt; 133 -&gt; 207 -&gt; 716 -&gt; 380 -&gt; 176 -&gt;   Toplam : 2973
215 -&gt; 124 -&gt; 442 -&gt; 235 -&gt; 345 -&gt; 133 -&gt; 207 -&gt; 716 -&gt; 380 -&gt; 176 -&gt;   Toplam : 2973
215 -&gt; 124 -&gt; 442 -&gt; 235 -&gt; 345 -&gt; 133 -&gt; 207 -&gt; 716 -&gt; 380 -&gt; 176 -&gt;   Toplam : 2973
215 -&gt; 124 -&gt; 442 -&gt; 235 -&gt; 345 -&gt; 133 -&gt; 207 -&gt; 716 -&gt; 380 -&gt; 176 -&gt;   Toplam : 2973
215 -&gt; 124 -&gt; 442 -&gt; 235 -&gt; 345 -&gt; 133 -&gt; 207 -&gt; 716 -&gt; 380 -&gt; 176 -&gt;   Toplam : 2973
215 -&gt; 124 -&gt; 442 -&gt; 235 -&gt; 345 -&gt; 133 -&gt; 207 -&gt; 716 -&gt; 380 -&gt; 176 -&gt;   Toplam : 2973
215 -&gt; 124 -&gt; 442 -&gt; 235 -&gt; 345 -&gt; 133 -&gt; 207 -&gt; 716 -&gt; 380 -&gt; 176 -&gt;   Toplam : 2973
215 -&gt; 124 -&gt; 442 -&gt; 235 -&gt; 345 -&gt; 133 -&gt; 207 -&gt; 716 -&gt; 380 -&gt; 176 -&gt;   Toplam : 2973
215 -&gt; 124 -&gt; 442 -&gt; 235 -&gt; 345 -&gt; 133 -&gt; 207 -&gt; 716 -&gt; 380 -&gt; 176 -&gt;   Toplam : 2973
215 -&gt; 124 -&gt; 442 -&gt; 235 -&gt; 345 -&gt; 133 -&gt; 207 -&gt; 716 -&gt; 380 -&gt; 176 -&gt;   Toplam : 2973
215 -&gt; 124 -&gt; 442 -&gt; 235 -&gt; 345 -&gt; 133 -&gt; 207 -&gt; 716 -&gt; 380 -&gt; 176 -&gt;   Toplam : 2973
215 -&gt; 124 -&gt; 442 -&gt; 235 -&gt; 345 -&gt; 133 -&gt; 207 -&gt; 716 -&gt; 380 -&gt; 176 -&gt;   Toplam : 2973
215 -&gt; 124 -&gt; 442 -&gt; 235 -&gt; 345 -&gt; 133 -&gt; 207 -&gt; 716 -&gt; 380 -&gt; 176 -&gt;   Toplam : 2973
215 -&gt; 124 -&gt; 442 -&gt; 235 -&gt; 345 -&gt; 133 -&gt;   Toplam : 1494
215 -&gt; 124 -&gt; 442 -&gt; 235 -&gt; 345 -&gt; 133 -&gt;   Toplam : 1494
215 -&gt; 124 -&gt; 442 -&gt; 235 -&gt; 345 -&gt; 133 -&gt;   Toplam : 1494
215 -&gt; 124 -&gt; 442 -&gt; 235 -&gt; 345 -&gt; 133 -&gt;   Toplam : 1494
215 -&gt; 124 -&gt; 442 -&gt; 235 -&gt; 345 -&gt; 133 -&gt;   Toplam : 1494
215 -&gt; 124 -&gt; 442 -&gt; 235 -&gt; 345 -&gt; 133 -&gt;   Toplam : 1494
215 -&gt; 124 -&gt; 442 -&gt; 235 -&gt; 345 -&gt; 133 -&gt;   Toplam : 1494
215 -&gt; 124 -&gt; 442 -&gt; 235 -&gt; 345 -&gt; 133 -&gt;   Toplam : 1494
215 -&gt; 124 -&gt; 442 -&gt; 235 -&gt; 345 -&gt; 133 -&gt;   Toplam : 1494
215 -&gt; 124 -&gt; 442 -&gt; 235 -&gt; 345 -&gt; 133 -&gt;   Toplam : 1494
215 -&gt; 124 -&gt; 442 -&gt; 235 -&gt; 345 -&gt; 133 -&gt;   Toplam : 1494
215 -&gt; 124 -&gt; 442 -&gt; 235 -&gt; 345 -&gt; 133 -&gt;   Toplam : 1494
215 -&gt; 124 -&gt; 442 -&gt; 235 -&gt; 345 -&gt; 133 -&gt;   Toplam : 1494
215 -&gt; 124 -&gt; 442 -&gt; 235 -&gt; 345 -&gt; 133 -&gt;   Toplam : 1494
215 -&gt; 124 -&gt; 442 -&gt; 235 -&gt; 345 -&gt; 133 -&gt;   Toplam : 1494
215 -&gt; 124 -&gt; 442 -&gt; 235 -&gt; 345 -&gt; 133 -&gt;   Toplam : 1494
215 -&gt; 124 -&gt; 442 -&gt; 235 -&gt; 345 -&gt; 133 -&gt;   Toplam : 1494
215 -&gt; 124 -&gt; 442 -&gt; 235 -&gt; 345 -&gt; 133 -&gt;   Toplam : 1494
215 -&gt; 124 -&gt; 442 -&gt; 235 -&gt; 345 -&gt; 133 -&gt;   Toplam : 1494
215 -&gt; 124 -&gt; 442 -&gt; 235 -&gt; 345 -&gt; 133 -&gt;   Toplam : 1494
215 -&gt; 124 -&gt; 442 -&gt; 235 -&gt; 345 -&gt; 133 -&gt;   Toplam : 1494
215 -&gt; 124 -&gt; 442 -&gt; 235 -&gt; 345 -&gt; 133 -&gt;   Toplam : 1494
215 -&gt; 124 -&gt; 442 -&gt; 235 -&gt; 345 -&gt; 133 -&gt;   Toplam : 1494
215 -&gt; 124 -&gt; 442 -&gt; 235 -&gt; 345 -&gt; 133 -&gt;   Toplam : 1494
215 -&gt; 124 -&gt; 442 -&gt; 235 -&gt; 345 -&gt; 133 -&gt;   Toplam : 1494
215 -&gt; 124 -&gt; 442 -&gt; 235 -&gt; 345 -&gt; 133 -&gt;   Toplam : 1494
215 -&gt; 124 -&gt; 442 -&gt; 235 -&gt; 345 -&gt; 133 -&gt;   Toplam : 1494
215 -&gt; 124 -&gt; 442 -&gt; 235 -&gt; 345 -&gt; 133 -&gt;   Toplam : 1494
215 -&gt; 124 -&gt; 442 -&gt; 235 -&gt; 345 -&gt; 133 -&gt;   Toplam : 1494
215 -&gt; 124 -&gt; 442 -&gt; 235 -&gt; 345 -&gt; 133 -&gt;   Toplam : 1494
215 -&gt; 124 -&gt; 442 -&gt; 235 -&gt; 345 -&gt; 133 -&gt;   Toplam : 1494
215 -&gt; 124 -&gt; 442 -&gt; 235 -&gt; 345 -&gt; 133 -&gt;   Toplam : 1494
215 -&gt; 124 -&gt; 442 -&gt; 235 -&gt; 345 -&gt; 133 -&gt;   Toplam : 1494
215 -&gt; 124 -&gt; 442 -&gt; 235 -&gt; 345 -&gt; 133 -&gt;   Toplam : 1494
215 -&gt; 124 -&gt; 442 -&gt; 235 -&gt; 345 -&gt; 133 -&gt;   Toplam : 1494
215 -&gt; 124 -&gt; 442 -&gt; 235 -&gt; 345 -&gt; 133 -&gt;   Toplam : 1494
215 -&gt; 124 -&gt; 442 -&gt; 235 -&gt; 345 -&gt; 133 -&gt;   Toplam : 1494
215 -&gt; 124 -&gt; 442 -&gt; 235 -&gt; 345 -&gt; 133 -&gt;   Toplam : 1494
215 -&gt; 124 -&gt; 442 -&gt; 235 -&gt; 345 -&gt; 133 -&gt;   Toplam : 1494
215 -&gt; 124 -&gt; 442 -&gt; 235 -&gt; 345 -&gt; 133 -&gt;   Toplam : 1494
215 -&gt; 124 -&gt; 442 -&gt; 235 -&gt; 345 -&gt; 133 -&gt;   Toplam : 1494
215 -&gt; 124 -&gt; 442 -&gt; 235 -&gt; 345 -&gt; 133 -&gt;   Toplam : 1494
215 -&gt; 124 -&gt; 442 -&gt; 235 -&gt; 345 -&gt; 133 -&gt;   Toplam : 1494
215 -&gt; 124 -&gt; 442 -&gt; 235 -&gt; 345 -&gt; 133 -&gt;   Toplam : 1494
215 -&gt; 124 -&gt; 442 -&gt; 235 -&gt; 345 -&gt; 133 -&gt;   Toplam : 1494
215 -&gt; 124 -&gt; 442 -&gt; 235 -&gt; 345 -&gt; 133 -&gt;   Toplam : 1494
215 -&gt; 124 -&gt; 442 -&gt; 235 -&gt; 345 -&gt; 133 -&gt;   Toplam : 1494
215 -&gt; 124 -&gt; 442 -&gt; 235 -&gt; 345 -&gt; 133 -&gt;   Toplam : 1494
215 -&gt; 124 -&gt; 442 -&gt; 235 -&gt; 345 -&gt; 133 -&gt;   Toplam : 1494
215 -&gt; 124 -&gt; 442 -&gt; 235 -&gt; 345 -&gt; 133 -&gt;   Toplam : 1494
215 -&gt; 124 -&gt; 442 -&gt; 235 -&gt; 345 -&gt; 133 -&gt;   Toplam : 1494
215 -&gt; 124 -&gt; 442 -&gt; 235 -&gt; 345 -&gt; 133 -&gt;   Toplam : 1494
215 -&gt; 124 -&gt; 442 -&gt; 235 -&gt; 345 -&gt; 133 -&gt;   Toplam : 1494
215 -&gt; 124 -&gt; 442 -&gt; 235 -&gt; 345 -&gt; 133 -&gt;   Toplam : 1494
215 -&gt; 124 -&gt; 442 -&gt; 235 -&gt; 345 -&gt; 133 -&gt;   Toplam : 1494
215 -&gt; 124 -&gt; 442 -&gt; 235 -&gt; 345 -&gt; 133 -&gt;   Toplam : 1494
215 -&gt; 124 -&gt; 442 -&gt; 235 -&gt; 345 -&gt; 133 -&gt;   Toplam : 1494
215 -&gt; 124 -&gt; 442 -&gt; 235 -&gt; 345 -&gt; 133 -&gt;   Toplam : 1494
215 -&gt; 124 -&gt; 442 -&gt; 235 -&gt; 345 -&gt; 133 -&gt;   Toplam : 1494
215 -&gt; 124 -&gt; 442 -&gt; 235 -&gt; 345 -&gt; 133 -&gt;   Toplam : 1494
215 -&gt; 124 -&gt; 442 -&gt; 235 -&gt; 345 -&gt; 133 -&gt;   Toplam : 1494
215 -&gt; 124 -&gt; 442 -&gt; 235 -&gt; 345 -&gt; 133 -&gt;   Toplam : 1494
215 -&gt; 124 -&gt; 442 -&gt; 235 -&gt; 345 -&gt; 133 -&gt;   Toplam : 1494
215 -&gt; 124 -&gt; 442 -&gt; 235 -&gt; 345 -&gt; 133 -&gt;   Toplam : 1494
215 -&gt; 124 -&gt; 442 -&gt; 235 -&gt; 345 -&gt; 133 -&gt;   Toplam : 1494
215 -&gt; 124 -&gt; 442 -&gt; 235 -&gt; 345 -&gt; 133 -&gt;   Toplam : 1494
215 -&gt; 124 -&gt; 442 -&gt; 235 -&gt; 345 -&gt; 133 -&gt;   Toplam : 1494
215 -&gt; 124 -&gt; 442 -&gt; 235 -&gt; 345 -&gt; 133 -&gt;   Toplam : 1494
215 -&gt; 124 -&gt; 442 -&gt; 235 -&gt; 345 -&gt; 133 -&gt;   Toplam : 1494
215 -&gt; 124 -&gt; 442 -&gt; 235 -&gt; 345 -&gt; 133 -&gt;   Toplam : 1494
215 -&gt; 124 -&gt; 442 -&gt; 235 -&gt; 345 -&gt; 133 -&gt;   Toplam : 1494
215 -&gt; 124 -&gt; 442 -&gt; 235 -&gt; 345 -&gt; 133 -&gt;   Toplam : 1494
215 -&gt; 124 -&gt; 442 -&gt; 235 -&gt; 345 -&gt; 133 -&gt;   Toplam : 1494
215 -&gt; 124 -&gt; 442 -&gt; 235 -&gt; 345 -&gt; 133 -&gt;   Toplam : 1494
215 -&gt; 124 -&gt; 442 -&gt; 235 -&gt; 345 -&gt; 133 -&gt;   Toplam : 1494
215 -&gt; 124 -&gt; 442 -&gt; 235 -&gt; 345 -&gt; 133 -&gt;   Toplam : 1494
215 -&gt; 124 -&gt; 442 -&gt; 235 -&gt; 345 -&gt; 133 -&gt;   Toplam : 1494
215 -&gt; 124 -&gt; 442 -&gt; 235 -&gt; 345 -&gt; 133 -&gt;   Toplam : 1494
215 -&gt; 124 -&gt; 442 -&gt; 235 -&gt; 345 -&gt; 133 -&gt;   Toplam : 1494
215 -&gt; 124 -&gt; 442 -&gt; 235 -&gt; 345 -&gt; 133 -&gt;   Toplam : 1494
215 -&gt; 124 -&gt; 442 -&gt; 235 -&gt; 345 -&gt; 133 -&gt;   Toplam : 1494
215 -&gt; 124 -&gt; 442 -&gt; 235 -&gt; 345 -&gt; 133 -&gt;   Toplam : 1494
215 -&gt; 124 -&gt; 442 -&gt; 235 -&gt; 345 -&gt; 133 -&gt;   Toplam : 1494
215 -&gt; 124 -&gt; 442 -&gt; 235 -&gt; 345 -&gt; 133 -&gt;   Toplam : 1494
215 -&gt; 124 -&gt; 442 -&gt; 235 -&gt; 345 -&gt; 133 -&gt;   Toplam : 1494
215 -&gt; 124 -&gt; 442 -&gt; 235 -&gt; 345 -&gt; 133 -&gt;   Toplam : 1494
215 -&gt; 124 -&gt; 442 -&gt; 235 -&gt; 345 -&gt; 133 -&gt;   Toplam : 1494
215 -&gt; 124 -&gt; 442 -&gt; 235 -&gt; 345 -&gt; 133 -&gt;   Toplam : 1494
215 -&gt; 124 -&gt; 442 -&gt; 235 -&gt; 345 -&gt; 133 -&gt;   Toplam : 1494
215 -&gt; 124 -&gt; 442 -&gt; 235 -&gt; 345 -&gt; 133 -&gt;   Toplam : 1494
215 -&gt; 124 -&gt; 442 -&gt; 235 -&gt; 345 -&gt; 133 -&gt;   Toplam : 1494
215 -&gt; 124 -&gt; 442 -&gt; 235 -&gt; 345 -&gt; 133 -&gt;   Toplam : 1494
215 -&gt; 124 -&gt; 442 -&gt; 235 -&gt; 345 -&gt; 133 -&gt;   Toplam : 1494
215 -&gt; 124 -&gt; 442 -&gt; 235 -&gt; 345 -&gt; 133 -&gt;   Toplam : 1494
215 -&gt; 124 -&gt; 442 -&gt; 235 -&gt; 345 -&gt; 133 -&gt;   Toplam : 1494
215 -&gt; 124 -&gt; 442 -&gt; 235 -&gt; 345 -&gt; 133 -&gt;   Toplam : 1494
215 -&gt; 124 -&gt; 442 -&gt; 235 -&gt; 345 -&gt; 133 -&gt;   Toplam : 1494
215 -&gt; 124 -&gt; 442 -&gt; 235 -&gt; 345 -&gt; 133 -&gt;   Toplam : 1494
215 -&gt; 124 -&gt; 442 -&gt; 235 -&gt; 345 -&gt; 133 -&gt;   Toplam : 1494
215 -&gt; 124 -&gt; 442 -&gt; 235 -&gt; 345 -&gt; 133 -&gt;   Toplam : 1494
215 -&gt; 124 -&gt; 442 -&gt; 235 -&gt; 345 -&gt; 133 -&gt;   Toplam : 1494
215 -&gt; 124 -&gt; 442 -&gt; 235 -&gt; 345 -&gt; 133 -&gt;   Toplam : 1494
215 -&gt; 124 -&gt; 442 -&gt; 235 -&gt; 345 -&gt; 133 -&gt;   Toplam : 1494
215 -&gt; 124 -&gt; 442 -&gt; 235 -&gt; 345 -&gt; 133 -&gt;   Toplam : 1494
215 -&gt; 124 -&gt; 442 -&gt; 235 -&gt; 345 -&gt; 133 -&gt;   Toplam : 1494
215 -&gt; 124 -&gt; 442 -&gt; 235 -&gt; 345 -&gt; 133 -&gt;   Toplam : 1494
215 -&gt; 124 -&gt; 442 -&gt; 235 -&gt; 345 -&gt; 133 -&gt;   Toplam : 1494
215 -&gt; 124 -&gt; 442 -&gt; 235 -&gt; 345 -&gt; 133 -&gt;   Toplam : 1494
215 -&gt; 124 -&gt; 442 -&gt; 235 -&gt; 345 -&gt; 133 -&gt;   Toplam : 1494
215 -&gt; 124 -&gt; 442 -&gt; 235 -&gt; 345 -&gt; 133 -&gt;   Toplam : 1494
215 -&gt; 124 -&gt; 442 -&gt; 235 -&gt; 345 -&gt; 133 -&gt;   Toplam : 1494
215 -&gt; 124 -&gt; 442 -&gt; 235 -&gt; 345 -&gt; 133 -&gt;   Toplam : 1494
215 -&gt; 124 -&gt; 442 -&gt; 235 -&gt; 345 -&gt; 133 -&gt;   Toplam : 1494
215 -&gt; 124 -&gt; 442 -&gt; 235 -&gt; 345 -&gt; 133 -&gt;   Toplam : 1494
215 -&gt; 124 -&gt; 442 -&gt; 235 -&gt; 345 -&gt; 133 -&gt;   Toplam : 1494
215 -&gt; 124 -&gt; 442 -&gt; 235 -&gt; 345 -&gt; 133 -&gt;   Toplam : 1494
215 -&gt; 124 -&gt; 442 -&gt; 235 -&gt; 345 -&gt; 133 -&gt;   Toplam : 1494
215 -&gt; 124 -&gt; 442 -&gt; 235 -&gt; 345 -&gt; 133 -&gt;   Toplam : 1494
215 -&gt; 124 -&gt; 442 -&gt; 235 -&gt; 345 -&gt; 133 -&gt;   Toplam : 1494
215 -&gt; 124 -&gt; 442 -&gt; 235 -&gt; 345 -&gt; 133 -&gt;   Toplam : 1494
215 -&gt; 124 -&gt; 442 -&gt; 235 -&gt; 345 -&gt; 133 -&gt;   Toplam : 1494
215 -&gt; 124 -&gt; 442 -&gt; 235 -&gt; 345 -&gt; 133 -&gt;   Toplam : 1494
215 -&gt; 124 -&gt; 442 -&gt; 235 -&gt; 345 -&gt; 133 -&gt;   Toplam : 1494
215 -&gt; 124 -&gt; 442 -&gt; 235 -&gt; 345 -&gt; 133 -&gt;   Toplam : 1494
215 -&gt; 124 -&gt; 442 -&gt; 235 -&gt; 345 -&gt; 133 -&gt;   Toplam : 1494
215 -&gt; 124 -&gt; 442 -&gt; 235 -&gt; 345 -&gt; 133 -&gt;   Toplam : 1494
215 -&gt; 124 -&gt; 442 -&gt; 235 -&gt; 345 -&gt; 133 -&gt;   Toplam : 1494
215 -&gt; 124 -&gt; 442 -&gt; 235 -&gt; 345 -&gt; 133 -&gt;   Toplam : 1494
215 -&gt; 124 -&gt; 442 -&gt; 235 -&gt; 345 -&gt; 133 -&gt;   Toplam : 1494
215 -&gt; 124 -&gt; 442 -&gt; 235 -&gt; 345 -&gt; 133 -&gt;   Toplam : 1494
215 -&gt; 124 -&gt; 442 -&gt; 235 -&gt; 345 -&gt; 133 -&gt;   Toplam : 1494
215 -&gt; 124 -&gt; 442 -&gt; 235 -&gt; 345 -&gt; 133 -&gt;   Toplam : 1494
215 -&gt; 124 -&gt; 442 -&gt; 235 -&gt; 345 -&gt; 133 -&gt;   Toplam : 1494
215 -&gt; 124 -&gt; 442 -&gt; 235 -&gt; 345 -&gt; 133 -&gt;   Toplam : 1494
215 -&gt; 124 -&gt; 442 -&gt; 235 -&gt; 345 -&gt; 133 -&gt;   Toplam : 1494
215 -&gt; 124 -&gt; 442 -&gt; 235 -&gt; 345 -&gt; 133 -&gt;   Toplam : 1494
215 -&gt; 124 -&gt; 442 -&gt; 235 -&gt; 345 -&gt; 133 -&gt;   Toplam : 1494
215 -&gt; 124 -&gt; 442 -&gt; 235 -&gt; 345 -&gt; 133 -&gt;   Toplam : 1494
215 -&gt; 124 -&gt; 442 -&gt; 235 -&gt; 345 -&gt; 133 -&gt;   Toplam : 1494
215 -&gt; 124 -&gt; 442 -&gt; 235 -&gt; 345 -&gt; 133 -&gt;   Toplam : 1494
215 -&gt; 124 -&gt; 442 -&gt; 235 -&gt; 345 -&gt; 133 -&gt;   Toplam : 1494
215 -&gt; 124 -&gt; 442 -&gt; 235 -&gt; 345 -&gt; 133 -&gt;   Toplam : 1494
215 -&gt; 124 -&gt; 442 -&gt; 235 -&gt; 345 -&gt; 133 -&gt;   Toplam : 1494
215 -&gt; 124 -&gt; 442 -&gt; 235 -&gt; 345 -&gt; 133 -&gt;   Toplam : 1494
215 -&gt; 124 -&gt; 442 -&gt; 235 -&gt; 345 -&gt; 133 -&gt;   Toplam : 1494
215 -&gt; 124 -&gt; 442 -&gt; 235 -&gt; 345 -&gt; 133 -&gt;   Toplam : 1494
215 -&gt; 124 -&gt; 442 -&gt; 235 -&gt; 345 -&gt; 133 -&gt;   Toplam : 1494
215 -&gt; 124 -&gt; 442 -&gt; 235 -&gt; 345 -&gt; 133 -&gt;   Toplam : 1494
215 -&gt; 124 -&gt; 442 -&gt; 235 -&gt; 345 -&gt; 133 -&gt;   Toplam : 1494
215 -&gt; 124 -&gt; 442 -&gt; 235 -&gt; 345 -&gt; 133 -&gt;   Toplam : 1494
215 -&gt; 124 -&gt; 442 -&gt; 235 -&gt; 345 -&gt; 133 -&gt;   Toplam : 1494
215 -&gt; 124 -&gt; 442 -&gt; 235 -&gt; 345 -&gt; 133 -&gt;   Toplam : 1494
215 -&gt; 124 -&gt; 442 -&gt; 235 -&gt; 345 -&gt; 133 -&gt;   Toplam : 1494
215 -&gt; 124 -&gt; 442 -&gt; 235 -&gt; 345 -&gt; 133 -&gt;   Toplam : 1494
215 -&gt; 124 -&gt; 442 -&gt; 235 -&gt; 345 -&gt; 133 -&gt;   Toplam : 1494
215 -&gt; 124 -&gt; 442 -&gt; 235 -&gt; 345 -&gt; 133 -&gt;   Toplam : 1494
215 -&gt; 124 -&gt; 442 -&gt; 235 -&gt; 345 -&gt; 133 -&gt;   Toplam : 1494
215 -&gt; 124 -&gt; 442 -&gt; 235 -&gt; 345 -&gt; 133 -&gt;   Toplam : 1494
215 -&gt; 124 -&gt; 442 -&gt; 235 -&gt; 345 -&gt; 133 -&gt;   Toplam : 1494
215 -&gt; 124 -&gt; 442 -&gt; 235 -&gt; 345 -&gt; 133 -&gt;   Toplam : 1494
215 -&gt; 124 -&gt; 442 -&gt; 235 -&gt; 345 -&gt; 133 -&gt;   Toplam : 1494
215 -&gt; 124 -&gt; 442 -&gt; 235 -&gt; 345 -&gt; 133 -&gt;   Toplam : 1494
215 -&gt; 124 -&gt; 442 -&gt; 235 -&gt; 345 -&gt; 133 -&gt;   Toplam : 1494
215 -&gt; 124 -&gt; 442 -&gt; 235 -&gt; 345 -&gt; 133 -&gt;   Toplam : 1494
215 -&gt; 124 -&gt; 442 -&gt; 235 -&gt; 345 -&gt; 133 -&gt;   Toplam : 1494
215 -&gt; 124 -&gt; 442 -&gt; 235 -&gt; 345 -&gt; 133 -&gt;   Toplam : 1494
215 -&gt; 124 -&gt; 442 -&gt; 235 -&gt; 345 -&gt; 133 -&gt;   Toplam : 1494
215 -&gt; 124 -&gt; 442 -&gt; 235 -&gt; 345 -&gt; 133 -&gt;   Toplam : 1494
215 -&gt; 124 -&gt; 442 -&gt; 235 -&gt; 345 -&gt; 133 -&gt;   Toplam : 1494
215 -&gt; 124 -&gt; 442 -&gt; 235 -&gt; 345 -&gt; 133 -&gt;   Toplam : 1494
215 -&gt; 124 -&gt; 442 -&gt; 235 -&gt; 345 -&gt; 133 -&gt;   Toplam : 1494
215 -&gt; 124 -&gt; 442 -&gt; 235 -&gt; 345 -&gt; 133 -&gt;   Toplam : 1494
215 -&gt; 124 -&gt; 442 -&gt; 235 -&gt; 345 -&gt; 133 -&gt;   Toplam : 1494
215 -&gt; 124 -&gt; 442 -&gt; 235 -&gt; 345 -&gt; 133 -&gt;   Toplam : 1494
215 -&gt; 124 -&gt; 442 -&gt; 235 -&gt; 345 -&gt; 133 -&gt;   Toplam : 1494
215 -&gt; 124 -&gt; 442 -&gt; 235 -&gt; 345 -&gt; 133 -&gt;   Toplam : 1494
215 -&gt; 124 -&gt; 442 -&gt; 235 -&gt; 345 -&gt; 133 -&gt;   Toplam : 1494
215 -&gt; 124 -&gt; 442 -&gt; 235 -&gt; 345 -&gt; 133 -&gt;   Toplam : 1494
215 -&gt; 124 -&gt; 442 -&gt; 235 -&gt; 345 -&gt; 133 -&gt;   Toplam : 1494
215 -&gt; 124 -&gt; 442 -&gt; 235 -&gt; 345 -&gt; 133 -&gt;   Toplam : 1494
215 -&gt; 124 -&gt; 442 -&gt; 235 -&gt; 345 -&gt; 133 -&gt;   Toplam : 1494
215 -&gt; 124 -&gt; 442 -&gt; 235 -&gt; 345 -&gt; 133 -&gt;   Toplam : 1494
215 -&gt; 124 -&gt; 442 -&gt; 235 -&gt; 345 -&gt; 133 -&gt;   Toplam : 1494
215 -&gt; 124 -&gt; 442 -&gt; 235 -&gt; 345 -&gt; 133 -&gt;   Toplam : 1494
215 -&gt; 124 -&gt; 442 -&gt; 235 -&gt; 345 -&gt; 133 -&gt;   Toplam : 1494
215 -&gt; 124 -&gt; 442 -&gt; 235 -&gt; 345 -&gt; 133 -&gt;   Toplam : 1494
215 -&gt; 124 -&gt; 442 -&gt; 235 -&gt; 345 -&gt; 133 -&gt;   Toplam : 1494
215 -&gt; 124 -&gt; 442 -&gt; 235 -&gt; 345 -&gt; 133 -&gt;   Toplam : 1494
215 -&gt; 124 -&gt; 442 -&gt; 235 -&gt; 345 -&gt; 133 -&gt;   Toplam : 1494
215 -&gt; 124 -&gt; 442 -&gt; 235 -&gt; 345 -&gt; 133 -&gt;   Toplam : 1494
215 -&gt; 124 -&gt; 442 -&gt; 235 -&gt; 345 -&gt; 133 -&gt;   Toplam : 1494
215 -&gt; 124 -&gt; 442 -&gt; 235 -&gt; 345 -&gt; 133 -&gt;   Toplam : 1494
215 -&gt; 124 -&gt; 442 -&gt; 235 -&gt; 345 -&gt; 133 -&gt;   Toplam : 1494
215 -&gt; 124 -&gt; 442 -&gt; 235 -&gt; 345 -&gt; 133 -&gt;   Toplam : 1494
215 -&gt; 124 -&gt; 442 -&gt; 235 -&gt; 345 -&gt; 133 -&gt;   Toplam : 1494
215 -&gt; 124 -&gt; 442 -&gt; 235 -&gt; 345 -&gt; 133 -&gt;   Toplam : 1494
215 -&gt; 124 -&gt; 442 -&gt; 235 -&gt; 345 -&gt; 133 -&gt;   Toplam : 1494
215 -&gt; 124 -&gt; 442 -&gt; 235 -&gt; 345 -&gt; 133 -&gt;   Toplam : 1494
215 -&gt; 124 -&gt; 442 -&gt; 235 -&gt; 345 -&gt; 133 -&gt;   Toplam : 1494
215 -&gt; 124 -&gt; 442 -&gt; 235 -&gt; 345 -&gt; 133 -&gt;   Toplam : 1494
215 -&gt; 124 -&gt; 442 -&gt; 235 -&gt; 345 -&gt; 133 -&gt;   Toplam : 1494
215 -&gt; 124 -&gt; 442 -&gt; 235 -&gt; 345 -&gt; 133 -&gt;   Toplam : 1494
215 -&gt; 124 -&gt; 442 -&gt; 235 -&gt; 345 -&gt; 133 -&gt;   Toplam : 1494
215 -&gt; 124 -&gt; 442 -&gt; 235 -&gt; 345 -&gt; 133 -&gt;   Toplam : 1494
215 -&gt; 124 -&gt; 442 -&gt; 235 -&gt; 345 -&gt; 133 -&gt;   Toplam : 1494
215 -&gt; 124 -&gt; 442 -&gt; 235 -&gt; 345 -&gt; 133 -&gt;   Toplam : 1494
215 -&gt; 124 -&gt; 442 -&gt; 235 -&gt; 345 -&gt; 133 -&gt;   Toplam : 1494
215 -&gt; 124 -&gt; 442 -&gt; 235 -&gt; 345 -&gt; 133 -&gt;   Toplam : 1494
215 -&gt; 124 -&gt; 442 -&gt; 235 -&gt; 345 -&gt; 133 -&gt;   Toplam : 1494
215 -&gt; 124 -&gt; 442 -&gt; 235 -&gt; 345 -&gt; 133 -&gt;   Toplam : 1494
215 -&gt; 124 -&gt; 442 -&gt; 235 -&gt; 345 -&gt; 133 -&gt;   Toplam : 1494
215 -&gt; 124 -&gt; 442 -&gt; 235 -&gt; 345 -&gt; 133 -&gt;   Toplam : 1494
215 -&gt; 124 -&gt; 442 -&gt; 235 -&gt; 345 -&gt; 133 -&gt;   Toplam : 1494
215 -&gt; 124 -&gt; 442 -&gt; 235 -&gt; 345 -&gt; 133 -&gt;   Toplam : 1494
215 -&gt; 124 -&gt; 442 -&gt; 235 -&gt; 345 -&gt; 133 -&gt;   Toplam : 1494
215 -&gt; 124 -&gt; 442 -&gt; 235 -&gt; 345 -&gt; 133 -&gt;   Toplam : 1494
215 -&gt; 124 -&gt; 442 -&gt; 235 -&gt; 345 -&gt; 133 -&gt;   Toplam : 1494
215 -&gt; 124 -&gt; 442 -&gt; 235 -&gt; 345 -&gt; 133 -&gt;   Toplam : 1494
215 -&gt; 124 -&gt; 442 -&gt; 235 -&gt; 345 -&gt; 133 -&gt;   Toplam : 1494
215 -&gt; 124 -&gt; 442 -&gt; 235 -&gt; 345 -&gt; 133 -&gt;   Toplam : 1494
215 -&gt; 124 -&gt; 442 -&gt; 235 -&gt; 345 -&gt; 133 -&gt;   Toplam : 1494
215 -&gt; 124 -&gt; 442 -&gt; 235 -&gt; 345 -&gt; 133 -&gt;   Toplam : 1494
215 -&gt; 124 -&gt; 442 -&gt; 235 -&gt; 345 -&gt; 133 -&gt;   Toplam : 1494
215 -&gt; 124 -&gt; 442 -&gt; 235 -&gt; 345 -&gt; 133 -&gt;   Toplam : 1494
215 -&gt; 124 -&gt; 442 -&gt; 235 -&gt; 345 -&gt; 133 -&gt;   Toplam : 1494
215 -&gt; 124 -&gt; 442 -&gt; 235 -&gt; 345 -&gt; 133 -&gt;   Toplam : 1494
215 -&gt; 124 -&gt; 442 -&gt; 235 -&gt; 345 -&gt; 133 -&gt;   Toplam : 1494
215 -&gt; 124 -&gt; 442 -&gt; 235 -&gt; 345 -&gt; 133 -&gt;   Toplam : 1494
215 -&gt; 124 -&gt; 442 -&gt; 235 -&gt; 345 -&gt; 133 -&gt;   Toplam : 1494
215 -&gt; 124 -&gt; 442 -&gt; 235 -&gt; 345 -&gt; 133 -&gt;   Toplam : 1494
215 -&gt; 124 -&gt; 442 -&gt; 235 -&gt; 345 -&gt; 133 -&gt;   Toplam : 1494
215 -&gt; 124 -&gt; 442 -&gt; 235 -&gt; 345 -&gt; 133 -&gt;   Toplam : 1494
215 -&gt; 124 -&gt; 442 -&gt; 235 -&gt; 345 -&gt; 133 -&gt;   Toplam : 1494
215 -&gt; 124 -&gt; 442 -&gt; 235 -&gt; 345 -&gt; 133 -&gt;   Toplam : 1494
215 -&gt; 124 -&gt; 442 -&gt; 235 -&gt; 345 -&gt; 133 -&gt;   Toplam : 1494
215 -&gt; 124 -&gt; 442 -&gt; 235 -&gt; 345 -&gt; 133 -&gt;   Toplam : 1494
215 -&gt; 124 -&gt; 442 -&gt; 235 -&gt; 345 -&gt; 133 -&gt;   Toplam : 1494
215 -&gt; 124 -&gt; 442 -&gt; 235 -&gt; 345 -&gt; 133 -&gt;   Toplam : 1494
215 -&gt; 124 -&gt; 442 -&gt; 235 -&gt; 345 -&gt; 133 -&gt;   Toplam : 1494
215 -&gt; 124 -&gt; 442 -&gt; 235 -&gt; 345 -&gt; 133 -&gt;   Toplam : 1494
215 -&gt; 124 -&gt; 442 -&gt; 235 -&gt; 345 -&gt; 133 -&gt;   Toplam : 1494
215 -&gt; 124 -&gt; 442 -&gt; 235 -&gt; 345 -&gt; 133 -&gt;   Toplam : 1494
215 -&gt; 124 -&gt; 442 -&gt; 235 -&gt; 345 -&gt; 133 -&gt;   Toplam : 1494
215 -&gt; 124 -&gt; 442 -&gt; 235 -&gt; 345 -&gt; 133 -&gt;   Toplam : 1494
215 -&gt; 124 -&gt; 442 -&gt; 235 -&gt; 345 -&gt; 133 -&gt;   Toplam : 1494
215 -&gt; 124 -&gt; 442 -&gt; 235 -&gt; 345 -&gt; 133 -&gt;   Toplam : 1494
215 -&gt; 124 -&gt; 442 -&gt; 235 -&gt; 345 -&gt; 133 -&gt;   Toplam : 1494
215 -&gt; 124 -&gt; 442 -&gt; 235 -&gt; 345 -&gt; 133 -&gt;   Toplam : 1494
215 -&gt; 124 -&gt; 442 -&gt; 235 -&gt; 345 -&gt; 133 -&gt;   Toplam : 1494
215 -&gt; 124 -&gt; 442 -&gt; 235 -&gt; 345 -&gt; 133 -&gt;   Toplam : 1494
215 -&gt; 124 -&gt; 442 -&gt; 235 -&gt; 345 -&gt; 133 -&gt;   Toplam : 1494
215 -&gt; 124 -&gt; 442 -&gt; 235 -&gt; 345 -&gt; 133 -&gt;   Toplam : 1494
215 -&gt; 124 -&gt; 442 -&gt; 235 -&gt; 345 -&gt; 133 -&gt;   Toplam : 1494
215 -&gt; 124 -&gt; 442 -&gt; 235 -&gt; 345 -&gt; 133 -&gt;   Toplam : 1494
215 -&gt; 124 -&gt; 442 -&gt; 235 -&gt; 345 -&gt; 133 -&gt;   Toplam : 1494
215 -&gt; 124 -&gt; 442 -&gt; 235 -&gt; 345 -&gt; 133 -&gt;   Toplam : 1494
215 -&gt; 124 -&gt; 442 -&gt; 235 -&gt; 345 -&gt; 124 -&gt;   Toplam : 1485
215 -&gt; 124 -&gt; 442 -&gt; 235 -&gt; 345 -&gt; 124 -&gt;   Toplam : 1485
215 -&gt; 124 -&gt; 442 -&gt; 235 -&gt; 345 -&gt; 124 -&gt;   Toplam : 1485
215 -&gt; 124 -&gt; 442 -&gt; 235 -&gt; 345 -&gt; 124 -&gt;   Toplam : 1485
215 -&gt; 124 -&gt; 442 -&gt; 235 -&gt; 345 -&gt; 124 -&gt;   Toplam : 1485
215 -&gt; 124 -&gt; 442 -&gt; 235 -&gt; 345 -&gt; 124 -&gt;   Toplam : 1485
215 -&gt; 124 -&gt; 442 -&gt; 235 -&gt; 345 -&gt; 124 -&gt;   Toplam : 1485
215 -&gt; 124 -&gt; 442 -&gt; 235 -&gt; 345 -&gt; 124 -&gt;   Toplam : 1485
215 -&gt; 124 -&gt; 442 -&gt; 235 -&gt; 345 -&gt; 124 -&gt;   Toplam : 1485
215 -&gt; 124 -&gt; 442 -&gt; 235 -&gt; 345 -&gt; 124 -&gt;   Toplam : 1485
215 -&gt; 124 -&gt; 442 -&gt; 235 -&gt; 345 -&gt; 124 -&gt;   Toplam : 1485
215 -&gt; 124 -&gt; 442 -&gt; 235 -&gt; 345 -&gt; 124 -&gt;   Toplam : 1485
215 -&gt; 124 -&gt; 442 -&gt; 235 -&gt; 345 -&gt; 124 -&gt;   Toplam : 1485
215 -&gt; 124 -&gt; 442 -&gt; 235 -&gt; 345 -&gt; 124 -&gt;   Toplam : 1485
215 -&gt; 124 -&gt; 442 -&gt; 235 -&gt; 345 -&gt; 124 -&gt;   Toplam : 1485
215 -&gt; 124 -&gt; 442 -&gt; 235 -&gt; 345 -&gt; 124 -&gt;   Toplam : 1485
215 -&gt; 124 -&gt; 442 -&gt; 235 -&gt; 345 -&gt; 124 -&gt;   Toplam : 1485
215 -&gt; 124 -&gt; 442 -&gt; 235 -&gt; 345 -&gt; 124 -&gt;   Toplam : 1485
215 -&gt; 124 -&gt; 442 -&gt; 235 -&gt; 345 -&gt; 124 -&gt;   Toplam : 1485
215 -&gt; 124 -&gt; 442 -&gt; 235 -&gt; 345 -&gt; 124 -&gt;   Toplam : 1485
215 -&gt; 124 -&gt; 442 -&gt; 235 -&gt; 345 -&gt; 124 -&gt;   Toplam : 1485
215 -&gt; 124 -&gt; 442 -&gt; 235 -&gt; 345 -&gt; 124 -&gt;   Toplam : 1485
215 -&gt; 124 -&gt; 442 -&gt; 235 -&gt; 345 -&gt; 124 -&gt;   Toplam : 1485
215 -&gt; 124 -&gt; 442 -&gt; 235 -&gt; 345 -&gt; 124 -&gt;   Toplam : 1485
215 -&gt; 124 -&gt; 442 -&gt; 235 -&gt; 345 -&gt; 124 -&gt;   Toplam : 1485
215 -&gt; 124 -&gt; 442 -&gt; 235 -&gt; 345 -&gt; 124 -&gt;   Toplam : 1485
215 -&gt; 124 -&gt; 442 -&gt; 235 -&gt; 345 -&gt; 124 -&gt;   Toplam : 1485
215 -&gt; 124 -&gt; 442 -&gt; 235 -&gt; 345 -&gt; 124 -&gt;   Toplam : 1485
215 -&gt; 124 -&gt; 442 -&gt; 235 -&gt; 345 -&gt; 124 -&gt;   Toplam : 1485
215 -&gt; 124 -&gt; 442 -&gt; 235 -&gt; 345 -&gt; 124 -&gt;   Toplam : 1485
215 -&gt; 124 -&gt; 442 -&gt; 235 -&gt; 345 -&gt; 124 -&gt;   Toplam : 1485
215 -&gt; 124 -&gt; 442 -&gt; 235 -&gt; 345 -&gt; 124 -&gt;   Toplam : 1485
215 -&gt; 124 -&gt; 442 -&gt; 235 -&gt; 345 -&gt; 124 -&gt;   Toplam : 1485
215 -&gt; 124 -&gt; 442 -&gt; 235 -&gt; 345 -&gt; 124 -&gt;   Toplam : 1485
215 -&gt; 124 -&gt; 442 -&gt; 235 -&gt; 345 -&gt; 124 -&gt;   Toplam : 1485
215 -&gt; 124 -&gt; 442 -&gt; 235 -&gt; 345 -&gt; 124 -&gt;   Toplam : 1485
215 -&gt; 124 -&gt; 442 -&gt; 235 -&gt; 345 -&gt; 124 -&gt;   Toplam : 1485
215 -&gt; 124 -&gt; 442 -&gt; 235 -&gt; 345 -&gt; 124 -&gt;   Toplam : 1485
215 -&gt; 124 -&gt; 442 -&gt; 235 -&gt; 345 -&gt; 124 -&gt;   Toplam : 1485
215 -&gt; 124 -&gt; 442 -&gt; 235 -&gt; 345 -&gt; 124 -&gt;   Toplam : 1485
215 -&gt; 124 -&gt; 442 -&gt; 235 -&gt; 345 -&gt; 124 -&gt;   Toplam : 1485
215 -&gt; 124 -&gt; 442 -&gt; 235 -&gt; 345 -&gt; 124 -&gt;   Toplam : 1485
215 -&gt; 124 -&gt; 442 -&gt; 235 -&gt; 345 -&gt; 124 -&gt;   Toplam : 1485
215 -&gt; 124 -&gt; 442 -&gt; 235 -&gt; 345 -&gt; 124 -&gt;   Toplam : 1485
215 -&gt; 124 -&gt; 442 -&gt; 235 -&gt; 345 -&gt; 124 -&gt;   Toplam : 1485
215 -&gt; 124 -&gt; 442 -&gt; 235 -&gt; 345 -&gt; 124 -&gt;   Toplam : 1485
215 -&gt; 124 -&gt; 442 -&gt; 235 -&gt; 345 -&gt; 124 -&gt;   Toplam : 1485
215 -&gt; 124 -&gt; 442 -&gt; 235 -&gt; 345 -&gt; 124 -&gt;   Toplam : 1485
215 -&gt; 124 -&gt; 442 -&gt; 235 -&gt; 345 -&gt; 124 -&gt;   Toplam : 1485
215 -&gt; 124 -&gt; 442 -&gt; 235 -&gt; 345 -&gt; 124 -&gt;   Toplam : 1485
215 -&gt; 124 -&gt; 442 -&gt; 235 -&gt; 345 -&gt; 124 -&gt;   Toplam : 1485
215 -&gt; 124 -&gt; 442 -&gt; 235 -&gt; 345 -&gt; 124 -&gt;   Toplam : 1485
215 -&gt; 124 -&gt; 442 -&gt; 235 -&gt; 345 -&gt; 124 -&gt;   Toplam : 1485
215 -&gt; 124 -&gt; 442 -&gt; 235 -&gt; 345 -&gt; 124 -&gt;   Toplam : 1485
215 -&gt; 124 -&gt; 442 -&gt; 235 -&gt; 345 -&gt; 124 -&gt;   Toplam : 1485
215 -&gt; 124 -&gt; 442 -&gt; 235 -&gt; 345 -&gt; 124 -&gt;   Toplam : 1485
215 -&gt; 124 -&gt; 442 -&gt; 235 -&gt; 345 -&gt; 124 -&gt;   Toplam : 1485
215 -&gt; 124 -&gt; 442 -&gt; 235 -&gt; 345 -&gt; 124 -&gt;   Toplam : 1485
215 -&gt; 124 -&gt; 442 -&gt; 235 -&gt; 345 -&gt; 124 -&gt;   Toplam : 1485
215 -&gt; 124 -&gt; 442 -&gt; 235 -&gt; 345 -&gt; 124 -&gt;   Toplam : 1485
215 -&gt; 124 -&gt; 442 -&gt; 235 -&gt; 345 -&gt; 124 -&gt;   Toplam : 1485
215 -&gt; 124 -&gt; 442 -&gt; 235 -&gt; 345 -&gt; 124 -&gt;   Toplam : 1485
215 -&gt; 124 -&gt; 442 -&gt; 235 -&gt; 345 -&gt; 124 -&gt;   Toplam : 1485
215 -&gt; 124 -&gt; 442 -&gt; 235 -&gt; 345 -&gt; 124 -&gt;   Toplam : 1485
215 -&gt; 124 -&gt; 442 -&gt; 235 -&gt; 345 -&gt; 124 -&gt;   Toplam : 1485
215 -&gt; 124 -&gt; 442 -&gt; 235 -&gt; 345 -&gt; 124 -&gt;   Toplam : 1485
215 -&gt; 124 -&gt; 442 -&gt; 235 -&gt; 345 -&gt; 124 -&gt;   Toplam : 1485
215 -&gt; 124 -&gt; 442 -&gt; 235 -&gt; 345 -&gt; 124 -&gt;   Toplam : 1485
215 -&gt; 124 -&gt; 442 -&gt; 235 -&gt; 345 -&gt; 124 -&gt;   Toplam : 1485
215 -&gt; 124 -&gt; 442 -&gt; 235 -&gt; 345 -&gt; 124 -&gt;   Toplam : 1485
215 -&gt; 124 -&gt; 442 -&gt; 235 -&gt; 345 -&gt; 124 -&gt;   Toplam : 1485
215 -&gt; 124 -&gt; 442 -&gt; 235 -&gt; 345 -&gt; 124 -&gt;   Toplam : 1485
215 -&gt; 124 -&gt; 442 -&gt; 235 -&gt; 345 -&gt; 124 -&gt;   Toplam : 1485
215 -&gt; 124 -&gt; 442 -&gt; 235 -&gt; 345 -&gt; 124 -&gt;   Toplam : 1485
215 -&gt; 124 -&gt; 442 -&gt; 235 -&gt; 345 -&gt; 124 -&gt;   Toplam : 1485
215 -&gt; 124 -&gt; 442 -&gt; 235 -&gt; 345 -&gt; 124 -&gt;   Toplam : 1485
215 -&gt; 124 -&gt; 442 -&gt; 235 -&gt; 345 -&gt; 124 -&gt;   Toplam : 1485
215 -&gt; 124 -&gt; 442 -&gt; 235 -&gt; 345 -&gt; 124 -&gt;   Toplam : 1485
215 -&gt; 124 -&gt; 442 -&gt; 235 -&gt; 345 -&gt; 124 -&gt;   Toplam : 1485
215 -&gt; 124 -&gt; 442 -&gt; 235 -&gt; 345 -&gt; 124 -&gt;   Toplam : 1485
215 -&gt; 124 -&gt; 442 -&gt; 235 -&gt; 345 -&gt; 124 -&gt;   Toplam : 1485
215 -&gt; 124 -&gt; 442 -&gt; 235 -&gt; 345 -&gt; 124 -&gt;   Toplam : 1485
215 -&gt; 124 -&gt; 442 -&gt; 235 -&gt; 345 -&gt; 124 -&gt;   Toplam : 1485
215 -&gt; 124 -&gt; 442 -&gt; 235 -&gt; 345 -&gt; 124 -&gt;   Toplam : 1485
215 -&gt; 124 -&gt; 442 -&gt; 235 -&gt; 345 -&gt; 124 -&gt;   Toplam : 1485
215 -&gt; 124 -&gt; 442 -&gt; 235 -&gt; 345 -&gt; 124 -&gt;   Toplam : 1485
215 -&gt; 124 -&gt; 442 -&gt; 235 -&gt; 345 -&gt; 124 -&gt;   Toplam : 1485
215 -&gt; 124 -&gt; 442 -&gt; 235 -&gt; 345 -&gt; 124 -&gt;   Toplam : 1485
215 -&gt; 124 -&gt; 442 -&gt; 235 -&gt; 345 -&gt; 124 -&gt;   Toplam : 1485
215 -&gt; 124 -&gt; 442 -&gt; 235 -&gt; 345 -&gt; 124 -&gt;   Toplam : 1485
215 -&gt; 124 -&gt; 442 -&gt; 235 -&gt; 345 -&gt; 124 -&gt;   Toplam : 1485
215 -&gt; 124 -&gt; 442 -&gt; 235 -&gt; 345 -&gt; 124 -&gt;   Toplam : 1485
215 -&gt; 124 -&gt; 442 -&gt; 235 -&gt; 345 -&gt; 124 -&gt;   Toplam : 1485
215 -&gt; 124 -&gt; 442 -&gt; 235 -&gt; 345 -&gt; 124 -&gt;   Toplam : 1485
215 -&gt; 124 -&gt; 442 -&gt; 235 -&gt; 345 -&gt; 124 -&gt;   Toplam : 1485
215 -&gt; 124 -&gt; 442 -&gt; 235 -&gt; 345 -&gt; 124 -&gt;   Toplam : 1485
215 -&gt; 124 -&gt; 442 -&gt; 235 -&gt; 345 -&gt; 124 -&gt;   Toplam : 1485
215 -&gt; 124 -&gt; 442 -&gt; 235 -&gt; 345 -&gt; 124 -&gt;   Toplam : 1485
215 -&gt; 124 -&gt; 442 -&gt; 235 -&gt; 345 -&gt; 124 -&gt;   Toplam : 1485
215 -&gt; 124 -&gt; 442 -&gt; 235 -&gt; 345 -&gt; 124 -&gt;   Toplam : 1485
215 -&gt; 124 -&gt; 442 -&gt; 235 -&gt; 345 -&gt; 124 -&gt;   Toplam : 1485
215 -&gt; 124 -&gt; 442 -&gt; 235 -&gt; 345 -&gt; 124 -&gt;   Toplam : 1485
215 -&gt; 124 -&gt; 442 -&gt; 235 -&gt; 345 -&gt; 124 -&gt;   Toplam : 1485
215 -&gt; 124 -&gt; 442 -&gt; 235 -&gt; 345 -&gt; 124 -&gt;   Toplam : 1485
215 -&gt; 124 -&gt; 442 -&gt; 235 -&gt; 345 -&gt; 124 -&gt;   Toplam : 1485
215 -&gt; 124 -&gt; 442 -&gt; 235 -&gt; 345 -&gt; 124 -&gt;   Toplam : 1485
215 -&gt; 124 -&gt; 442 -&gt; 235 -&gt; 345 -&gt; 124 -&gt;   Toplam : 1485
215 -&gt; 124 -&gt; 442 -&gt; 235 -&gt; 345 -&gt; 124 -&gt;   Toplam : 1485
215 -&gt; 124 -&gt; 442 -&gt; 235 -&gt; 345 -&gt; 124 -&gt;   Toplam : 1485
215 -&gt; 124 -&gt; 442 -&gt; 235 -&gt; 345 -&gt; 124 -&gt;   Toplam : 1485
215 -&gt; 124 -&gt; 442 -&gt; 235 -&gt; 345 -&gt; 124 -&gt;   Toplam : 1485
215 -&gt; 124 -&gt; 442 -&gt; 235 -&gt; 345 -&gt; 124 -&gt;   Toplam : 1485
215 -&gt; 124 -&gt; 442 -&gt; 235 -&gt; 345 -&gt; 124 -&gt;   Toplam : 1485
215 -&gt; 124 -&gt; 442 -&gt; 235 -&gt; 345 -&gt; 124 -&gt;   Toplam : 1485
215 -&gt; 124 -&gt; 442 -&gt; 235 -&gt; 345 -&gt; 124 -&gt;   Toplam : 1485
215 -&gt; 124 -&gt; 442 -&gt; 235 -&gt; 345 -&gt; 124 -&gt;   Toplam : 1485
215 -&gt; 124 -&gt; 442 -&gt; 235 -&gt; 345 -&gt; 124 -&gt;   Toplam : 1485
215 -&gt; 124 -&gt; 442 -&gt; 235 -&gt; 345 -&gt; 124 -&gt;   Toplam : 1485
215 -&gt; 124 -&gt; 442 -&gt; 235 -&gt; 345 -&gt; 124 -&gt;   Toplam : 1485
215 -&gt; 124 -&gt; 442 -&gt; 235 -&gt; 345 -&gt; 124 -&gt;   Toplam : 1485
215 -&gt; 124 -&gt; 442 -&gt; 235 -&gt; 345 -&gt; 124 -&gt;   Toplam : 1485
215 -&gt; 124 -&gt; 442 -&gt; 235 -&gt; 345 -&gt; 124 -&gt;   Toplam : 1485
215 -&gt; 124 -&gt; 442 -&gt; 235 -&gt; 345 -&gt; 124 -&gt;   Toplam : 1485
215 -&gt; 124 -&gt; 442 -&gt; 235 -&gt; 345 -&gt; 124 -&gt;   Toplam : 1485
215 -&gt; 124 -&gt; 442 -&gt; 235 -&gt; 345 -&gt; 124 -&gt;   Toplam : 1485
215 -&gt; 124 -&gt; 442 -&gt; 235 -&gt; 345 -&gt; 124 -&gt;   Toplam : 1485
215 -&gt; 124 -&gt; 442 -&gt; 235 -&gt; 345 -&gt; 124 -&gt;   Toplam : 1485
215 -&gt; 124 -&gt; 442 -&gt; 235 -&gt; 345 -&gt; 124 -&gt;   Toplam : 1485
215 -&gt; 124 -&gt; 442 -&gt; 235 -&gt; 345 -&gt; 124 -&gt;   Toplam : 1485
215 -&gt; 124 -&gt; 442 -&gt; 235 -&gt; 345 -&gt; 124 -&gt;   Toplam : 1485
215 -&gt; 124 -&gt; 442 -&gt; 235 -&gt; 345 -&gt; 124 -&gt;   Toplam : 1485
215 -&gt; 124 -&gt; 442 -&gt; 235 -&gt; 345 -&gt; 124 -&gt;   Toplam : 1485
215 -&gt; 124 -&gt; 442 -&gt; 235 -&gt; 345 -&gt; 124 -&gt;   Toplam : 1485
215 -&gt; 124 -&gt; 442 -&gt; 235 -&gt; 345 -&gt; 124 -&gt;   Toplam : 1485
215 -&gt; 124 -&gt; 442 -&gt; 235 -&gt; 345 -&gt; 124 -&gt;   Toplam : 1485
215 -&gt; 124 -&gt; 442 -&gt; 235 -&gt; 345 -&gt; 124 -&gt;   Toplam : 1485
215 -&gt; 124 -&gt; 442 -&gt; 235 -&gt; 345 -&gt; 124 -&gt;   Toplam : 1485
215 -&gt; 124 -&gt; 442 -&gt; 235 -&gt; 345 -&gt; 124 -&gt;   Toplam : 1485
215 -&gt; 124 -&gt; 442 -&gt; 235 -&gt; 345 -&gt; 124 -&gt;   Toplam : 1485
215 -&gt; 124 -&gt; 442 -&gt; 235 -&gt; 345 -&gt; 124 -&gt;   Toplam : 1485
215 -&gt; 124 -&gt; 442 -&gt; 235 -&gt; 345 -&gt; 124 -&gt;   Toplam : 1485
215 -&gt; 124 -&gt; 442 -&gt; 235 -&gt; 345 -&gt; 124 -&gt;   Toplam : 1485
215 -&gt; 124 -&gt; 442 -&gt; 235 -&gt; 345 -&gt; 124 -&gt;   Toplam : 1485
215 -&gt; 124 -&gt; 442 -&gt; 235 -&gt; 345 -&gt; 124 -&gt;   Toplam : 1485
215 -&gt; 124 -&gt; 442 -&gt; 235 -&gt; 345 -&gt; 124 -&gt;   Toplam : 1485
215 -&gt; 124 -&gt; 442 -&gt; 235 -&gt; 345 -&gt; 124 -&gt;   Toplam : 1485
215 -&gt; 124 -&gt; 442 -&gt; 235 -&gt; 345 -&gt; 124 -&gt;   Toplam : 1485
215 -&gt; 124 -&gt; 442 -&gt; 235 -&gt; 345 -&gt; 124 -&gt;   Toplam : 1485
215 -&gt; 124 -&gt; 442 -&gt; 235 -&gt; 345 -&gt; 124 -&gt;   Toplam : 1485
215 -&gt; 124 -&gt; 442 -&gt; 235 -&gt; 345 -&gt; 124 -&gt;   Toplam : 1485
215 -&gt; 124 -&gt; 442 -&gt; 235 -&gt; 345 -&gt; 124 -&gt;   Toplam : 1485
215 -&gt; 124 -&gt; 442 -&gt; 235 -&gt; 345 -&gt; 124 -&gt;   Toplam : 1485
215 -&gt; 124 -&gt; 442 -&gt; 235 -&gt; 345 -&gt; 124 -&gt;   Toplam : 1485
215 -&gt; 124 -&gt; 442 -&gt; 235 -&gt; 345 -&gt; 124 -&gt;   Toplam : 1485
215 -&gt; 124 -&gt; 442 -&gt; 235 -&gt; 345 -&gt; 124 -&gt;   Toplam : 1485
215 -&gt; 124 -&gt; 442 -&gt; 235 -&gt; 345 -&gt; 124 -&gt;   Toplam : 1485
215 -&gt; 124 -&gt; 442 -&gt; 235 -&gt; 345 -&gt; 124 -&gt;   Toplam : 1485
215 -&gt; 124 -&gt; 442 -&gt; 235 -&gt; 345 -&gt; 124 -&gt;   Toplam : 1485
215 -&gt; 124 -&gt; 442 -&gt; 235 -&gt; 345 -&gt; 124 -&gt;   Toplam : 1485
215 -&gt; 124 -&gt; 442 -&gt; 235 -&gt; 345 -&gt; 124 -&gt;   Toplam : 1485
215 -&gt; 124 -&gt; 442 -&gt; 235 -&gt; 345 -&gt; 124 -&gt;   Toplam : 1485
215 -&gt; 124 -&gt; 442 -&gt; 235 -&gt; 345 -&gt; 124 -&gt;   Toplam : 1485
215 -&gt; 124 -&gt; 442 -&gt; 235 -&gt; 345 -&gt; 124 -&gt;   Toplam : 1485
215 -&gt; 124 -&gt; 442 -&gt; 235 -&gt; 345 -&gt; 124 -&gt;   Toplam : 1485
215 -&gt; 124 -&gt; 442 -&gt; 235 -&gt; 345 -&gt; 124 -&gt;   Toplam : 1485
215 -&gt; 124 -&gt; 442 -&gt; 235 -&gt; 345 -&gt; 124 -&gt;   Toplam : 1485
215 -&gt; 124 -&gt; 442 -&gt; 235 -&gt; 345 -&gt; 124 -&gt;   Toplam : 1485
215 -&gt; 124 -&gt; 442 -&gt; 235 -&gt; 345 -&gt; 124 -&gt;   Toplam : 1485
215 -&gt; 124 -&gt; 442 -&gt; 235 -&gt; 345 -&gt; 124 -&gt;   Toplam : 1485
215 -&gt; 124 -&gt; 442 -&gt; 235 -&gt; 345 -&gt; 124 -&gt;   Toplam : 1485
215 -&gt; 124 -&gt; 442 -&gt; 235 -&gt; 345 -&gt; 124 -&gt;   Toplam : 1485
215 -&gt; 124 -&gt; 442 -&gt; 235 -&gt; 345 -&gt; 124 -&gt;   Toplam : 1485
215 -&gt; 124 -&gt; 442 -&gt; 235 -&gt; 345 -&gt; 124 -&gt;   Toplam : 1485
215 -&gt; 124 -&gt; 442 -&gt; 235 -&gt; 345 -&gt; 124 -&gt;   Toplam : 1485
215 -&gt; 124 -&gt; 442 -&gt; 235 -&gt; 345 -&gt; 124 -&gt;   Toplam : 1485
215 -&gt; 124 -&gt; 442 -&gt; 235 -&gt; 345 -&gt; 124 -&gt;   Toplam : 1485
215 -&gt; 124 -&gt; 442 -&gt; 235 -&gt; 345 -&gt; 124 -&gt;   Toplam : 1485
215 -&gt; 124 -&gt; 442 -&gt; 235 -&gt; 345 -&gt; 124 -&gt;   Toplam : 1485
215 -&gt; 124 -&gt; 442 -&gt; 235 -&gt; 345 -&gt; 124 -&gt;   Toplam : 1485
215 -&gt; 124 -&gt; 442 -&gt; 235 -&gt; 345 -&gt; 124 -&gt;   Toplam : 1485
215 -&gt; 124 -&gt; 442 -&gt; 235 -&gt; 345 -&gt; 124 -&gt;   Toplam : 1485
215 -&gt; 124 -&gt; 442 -&gt; 235 -&gt; 345 -&gt; 124 -&gt;   Toplam : 1485
215 -&gt; 124 -&gt; 442 -&gt; 235 -&gt; 345 -&gt; 124 -&gt;   Toplam : 1485
215 -&gt; 124 -&gt; 442 -&gt; 235 -&gt; 345 -&gt; 124 -&gt;   Toplam : 1485
215 -&gt; 124 -&gt; 442 -&gt; 235 -&gt; 345 -&gt; 124 -&gt;   Toplam : 1485
215 -&gt; 124 -&gt; 442 -&gt; 235 -&gt; 345 -&gt; 124 -&gt;   Toplam : 1485
215 -&gt; 124 -&gt; 442 -&gt; 235 -&gt; 345 -&gt; 124 -&gt;   Toplam : 1485
215 -&gt; 124 -&gt; 442 -&gt; 235 -&gt; 345 -&gt; 124 -&gt;   Toplam : 1485
215 -&gt; 124 -&gt; 442 -&gt; 235 -&gt; 345 -&gt; 124 -&gt;   Toplam : 1485
215 -&gt; 124 -&gt; 442 -&gt; 235 -&gt; 345 -&gt; 124 -&gt;   Toplam : 1485
215 -&gt; 124 -&gt; 442 -&gt; 235 -&gt; 345 -&gt; 124 -&gt;   Toplam : 1485
215 -&gt; 124 -&gt; 442 -&gt; 235 -&gt; 345 -&gt; 124 -&gt;   Toplam : 1485
215 -&gt; 124 -&gt; 442 -&gt; 235 -&gt; 345 -&gt; 124 -&gt;   Toplam : 1485
215 -&gt; 124 -&gt; 442 -&gt; 235 -&gt; 345 -&gt; 124 -&gt;   Toplam : 1485
215 -&gt; 124 -&gt; 442 -&gt; 235 -&gt; 345 -&gt; 124 -&gt;   Toplam : 1485
215 -&gt; 124 -&gt; 442 -&gt; 235 -&gt; 345 -&gt; 124 -&gt;   Toplam : 1485
215 -&gt; 124 -&gt; 442 -&gt; 235 -&gt; 345 -&gt; 124 -&gt;   Toplam : 1485
215 -&gt; 124 -&gt; 442 -&gt; 235 -&gt; 345 -&gt; 124 -&gt;   Toplam : 1485
215 -&gt; 124 -&gt; 442 -&gt; 235 -&gt; 345 -&gt; 124 -&gt;   Toplam : 1485
215 -&gt; 124 -&gt; 442 -&gt; 235 -&gt; 345 -&gt; 124 -&gt;   Toplam : 1485
215 -&gt; 124 -&gt; 442 -&gt; 235 -&gt; 345 -&gt; 124 -&gt;   Toplam : 1485
215 -&gt; 124 -&gt; 442 -&gt; 235 -&gt; 345 -&gt; 124 -&gt;   Toplam : 1485
215 -&gt; 124 -&gt; 442 -&gt; 235 -&gt; 345 -&gt; 124 -&gt;   Toplam : 1485
215 -&gt; 124 -&gt; 442 -&gt; 235 -&gt; 345 -&gt; 124 -&gt;   Toplam : 1485
215 -&gt; 124 -&gt; 442 -&gt; 235 -&gt; 345 -&gt; 124 -&gt;   Toplam : 1485
215 -&gt; 124 -&gt; 442 -&gt; 235 -&gt; 345 -&gt; 124 -&gt;   Toplam : 1485
215 -&gt; 124 -&gt; 442 -&gt; 235 -&gt; 345 -&gt; 124 -&gt;   Toplam : 1485
215 -&gt; 124 -&gt; 442 -&gt; 235 -&gt; 345 -&gt; 124 -&gt;   Toplam : 1485
215 -&gt; 124 -&gt; 442 -&gt; 235 -&gt; 345 -&gt; 124 -&gt;   Toplam : 1485
215 -&gt; 124 -&gt; 442 -&gt; 235 -&gt; 345 -&gt; 124 -&gt;   Toplam : 1485
215 -&gt; 124 -&gt; 442 -&gt; 235 -&gt; 345 -&gt; 124 -&gt;   Toplam : 1485
215 -&gt; 124 -&gt; 442 -&gt; 235 -&gt; 345 -&gt; 124 -&gt;   Toplam : 1485
215 -&gt; 124 -&gt; 442 -&gt; 235 -&gt; 345 -&gt; 124 -&gt;   Toplam : 1485
215 -&gt; 124 -&gt; 442 -&gt; 235 -&gt; 345 -&gt; 124 -&gt;   Toplam : 1485
215 -&gt; 124 -&gt; 442 -&gt; 235 -&gt; 345 -&gt; 124 -&gt;   Toplam : 1485
215 -&gt; 124 -&gt; 442 -&gt; 235 -&gt; 345 -&gt; 124 -&gt;   Toplam : 1485
215 -&gt; 124 -&gt; 442 -&gt; 235 -&gt; 345 -&gt; 124 -&gt;   Toplam : 1485
215 -&gt; 124 -&gt; 442 -&gt; 235 -&gt; 345 -&gt; 124 -&gt;   Toplam : 1485
215 -&gt; 124 -&gt; 442 -&gt; 235 -&gt; 345 -&gt; 124 -&gt;   Toplam : 1485
215 -&gt; 124 -&gt; 442 -&gt; 235 -&gt; 345 -&gt; 124 -&gt;   Toplam : 1485
215 -&gt; 124 -&gt; 442 -&gt; 235 -&gt; 345 -&gt; 124 -&gt;   Toplam : 1485
215 -&gt; 124 -&gt; 442 -&gt; 235 -&gt; 345 -&gt; 124 -&gt;   Toplam : 1485
215 -&gt; 124 -&gt; 442 -&gt; 235 -&gt; 345 -&gt; 124 -&gt;   Toplam : 1485
215 -&gt; 124 -&gt; 442 -&gt; 235 -&gt; 345 -&gt; 124 -&gt;   Toplam : 1485
215 -&gt; 124 -&gt; 442 -&gt; 235 -&gt; 345 -&gt; 124 -&gt;   Toplam : 1485
215 -&gt; 124 -&gt; 442 -&gt; 235 -&gt; 345 -&gt; 124 -&gt;   Toplam : 1485
215 -&gt; 124 -&gt; 442 -&gt; 235 -&gt; 345 -&gt; 124 -&gt;   Toplam : 1485
215 -&gt; 124 -&gt; 442 -&gt; 235 -&gt; 345 -&gt; 124 -&gt;   Toplam : 1485
215 -&gt; 124 -&gt; 442 -&gt; 235 -&gt; 345 -&gt; 124 -&gt;   Toplam : 1485
215 -&gt; 124 -&gt; 442 -&gt; 235 -&gt; 345 -&gt; 124 -&gt;   Toplam : 1485
215 -&gt; 124 -&gt; 442 -&gt; 235 -&gt; 345 -&gt; 124 -&gt;   Toplam : 1485
215 -&gt; 124 -&gt; 442 -&gt; 235 -&gt; 345 -&gt; 124 -&gt;   Toplam : 1485
215 -&gt; 124 -&gt; 442 -&gt; 235 -&gt; 345 -&gt; 124 -&gt;   Toplam : 1485
215 -&gt; 124 -&gt; 442 -&gt; 235 -&gt; 345 -&gt; 124 -&gt;   Toplam : 1485
215 -&gt; 124 -&gt; 442 -&gt; 235 -&gt; 345 -&gt; 124 -&gt;   Toplam : 1485
215 -&gt; 124 -&gt; 442 -&gt; 235 -&gt; 345 -&gt; 124 -&gt;   Toplam : 1485
215 -&gt; 124 -&gt; 442 -&gt; 235 -&gt; 345 -&gt; 124 -&gt;   Toplam : 1485
215 -&gt; 124 -&gt; 442 -&gt; 235 -&gt; 345 -&gt; 124 -&gt;   Toplam : 1485
215 -&gt; 124 -&gt; 442 -&gt; 235 -&gt; 345 -&gt; 124 -&gt;   Toplam : 1485
215 -&gt; 124 -&gt; 442 -&gt; 235 -&gt; 345 -&gt; 124 -&gt;   Toplam : 1485
215 -&gt; 124 -&gt; 442 -&gt; 235 -&gt; 345 -&gt; 124 -&gt;   Toplam : 1485
215 -&gt; 124 -&gt; 442 -&gt; 235 -&gt; 345 -&gt; 124 -&gt;   Toplam : 1485
215 -&gt; 124 -&gt; 442 -&gt; 235 -&gt; 345 -&gt; 124 -&gt;   Toplam : 1485
215 -&gt; 124 -&gt; 442 -&gt; 235 -&gt; 345 -&gt; 124 -&gt;   Toplam : 1485
215 -&gt; 124 -&gt; 442 -&gt; 235 -&gt; 345 -&gt; 124 -&gt;   Toplam : 1485
215 -&gt; 124 -&gt; 442 -&gt; 235 -&gt; 345 -&gt; 124 -&gt;   Toplam : 1485
215 -&gt; 124 -&gt; 442 -&gt; 235 -&gt; 345 -&gt; 124 -&gt;   Toplam : 1485
215 -&gt; 124 -&gt; 442 -&gt; 235 -&gt; 345 -&gt; 124 -&gt;   Toplam : 1485
215 -&gt; 124 -&gt; 442 -&gt; 235 -&gt; 345 -&gt; 124 -&gt;   Toplam : 1485
215 -&gt; 124 -&gt; 442 -&gt; 235 -&gt; 345 -&gt; 124 -&gt;   Toplam : 1485
215 -&gt; 124 -&gt; 442 -&gt; 235 -&gt; 345 -&gt; 124 -&gt;   Toplam : 1485
215 -&gt; 124 -&gt; 442 -&gt; 235 -&gt; 345 -&gt; 124 -&gt;   Toplam : 1485
215 -&gt; 124 -&gt; 442 -&gt; 235 -&gt; 345 -&gt; 124 -&gt;   Toplam : 1485
215 -&gt; 124 -&gt; 442 -&gt; 235 -&gt; 345 -&gt; 124 -&gt;   Toplam : 1485
215 -&gt; 124 -&gt; 442 -&gt; 235 -&gt; 345 -&gt; 124 -&gt;   Toplam : 1485
215 -&gt; 124 -&gt; 442 -&gt; 235 -&gt; 345 -&gt; 124 -&gt;   Toplam : 1485
215 -&gt; 124 -&gt; 442 -&gt; 235 -&gt; 345 -&gt; 124 -&gt;   Toplam : 1485
215 -&gt; 124 -&gt; 442 -&gt; 235 -&gt; 345 -&gt; 124 -&gt;   Toplam : 1485
215 -&gt; 124 -&gt; 442 -&gt; 235 -&gt; 345 -&gt; 124 -&gt;   Toplam : 1485
215 -&gt; 124 -&gt; 442 -&gt; 235 -&gt; 345 -&gt; 124 -&gt;   Toplam : 1485
215 -&gt; 124 -&gt; 442 -&gt; 235 -&gt; 345 -&gt; 124 -&gt;   Toplam : 1485
215 -&gt; 124 -&gt; 442 -&gt; 235 -&gt; 345 -&gt; 124 -&gt;   Toplam : 1485
215 -&gt; 124 -&gt; 442 -&gt; 235 -&gt; 345 -&gt; 124 -&gt;   Toplam : 1485
215 -&gt; 124 -&gt; 442 -&gt; 235 -&gt; 345 -&gt; 124 -&gt;   Toplam : 1485
215 -&gt; 124 -&gt; 442 -&gt; 235 -&gt; 345 -&gt; 124 -&gt;   Toplam : 1485
215 -&gt; 124 -&gt; 442 -&gt; 235 -&gt; 345 -&gt; 124 -&gt;   Toplam : 1485
215 -&gt; 124 -&gt; 442 -&gt; 235 -&gt; 345 -&gt; 124 -&gt;   Toplam : 1485
215 -&gt; 124 -&gt; 442 -&gt; 235 -&gt; 345 -&gt; 124 -&gt;   Toplam : 1485
215 -&gt; 124 -&gt; 442 -&gt; 235 -&gt; 345 -&gt; 124 -&gt;   Toplam : 1485
215 -&gt; 124 -&gt; 442 -&gt; 235 -&gt; 345 -&gt; 124 -&gt;   Toplam : 1485
215 -&gt; 124 -&gt; 442 -&gt; 235 -&gt; 345 -&gt; 124 -&gt;   Toplam : 1485
215 -&gt; 124 -&gt; 442 -&gt; 235 -&gt; 345 -&gt; 124 -&gt;   Toplam : 1485
215 -&gt; 124 -&gt; 442 -&gt; 235 -&gt; 345 -&gt; 124 -&gt;   Toplam : 1485
215 -&gt; 124 -&gt; 442 -&gt; 235 -&gt; 345 -&gt; 124 -&gt;   Toplam : 1485
215 -&gt; 124 -&gt; 442 -&gt; 235 -&gt; 345 -&gt; 124 -&gt;   Toplam : 1485
215 -&gt; 124 -&gt; 442 -&gt; 235 -&gt; 345 -&gt; 124 -&gt;   Toplam : 1485
215 -&gt; 124 -&gt; 442 -&gt; 235 -&gt; 345 -&gt; 124 -&gt;   Toplam : 1485
215 -&gt; 124 -&gt; 442 -&gt; 235 -&gt; 345 -&gt; 124 -&gt;   Toplam : 1485
215 -&gt; 124 -&gt; 442 -&gt; 235 -&gt; 345 -&gt; 124 -&gt;   Toplam : 1485
215 -&gt; 124 -&gt; 442 -&gt; 235 -&gt; 345 -&gt; 124 -&gt;   Toplam : 1485
215 -&gt; 124 -&gt; 442 -&gt; 235 -&gt; 345 -&gt; 124 -&gt;   Toplam : 1485
215 -&gt; 124 -&gt; 442 -&gt; 235 -&gt; 345 -&gt; 124 -&gt;   Toplam : 1485
215 -&gt; 124 -&gt; 442 -&gt; 235 -&gt; 345 -&gt; 124 -&gt;   Toplam : 1485
215 -&gt; 124 -&gt; 442 -&gt; 235 -&gt; 345 -&gt; 124 -&gt;   Toplam : 1485
215 -&gt; 124 -&gt; 442 -&gt; 235 -&gt; 345 -&gt; 124 -&gt;   Toplam : 1485
215 -&gt; 124 -&gt; 442 -&gt; 235 -&gt; 345 -&gt; 124 -&gt;   Toplam : 1485
215 -&gt; 124 -&gt; 442 -&gt; 235 -&gt; 345 -&gt; 124 -&gt;   Toplam : 1485
215 -&gt; 124 -&gt; 442 -&gt; 235 -&gt; 345 -&gt; 124 -&gt;   Toplam : 1485
215 -&gt; 124 -&gt; 442 -&gt; 235 -&gt; 345 -&gt; 124 -&gt;   Toplam : 1485
215 -&gt; 124 -&gt; 442 -&gt; 235 -&gt; 345 -&gt; 124 -&gt;   Toplam : 1485
215 -&gt; 124 -&gt; 442 -&gt; 235 -&gt; 345 -&gt; 124 -&gt;   Toplam : 1485
215 -&gt; 124 -&gt; 442 -&gt; 235 -&gt; 345 -&gt; 124 -&gt;   Toplam : 1485
215 -&gt; 124 -&gt; 442 -&gt; 235 -&gt; 345 -&gt; 124 -&gt;   Toplam : 1485
215 -&gt; 124 -&gt; 442 -&gt; 235 -&gt; 345 -&gt; 124 -&gt;   Toplam : 1485
215 -&gt; 124 -&gt; 442 -&gt; 235 -&gt; 345 -&gt; 124 -&gt;   Toplam : 1485
215 -&gt; 124 -&gt; 442 -&gt; 235 -&gt; 345 -&gt; 124 -&gt;   Toplam : 1485
215 -&gt; 124 -&gt; 442 -&gt; 235 -&gt; 345 -&gt; 124 -&gt;   Toplam : 1485
215 -&gt; 124 -&gt; 442 -&gt; 235 -&gt; 345 -&gt; 124 -&gt;   Toplam : 1485
215 -&gt; 124 -&gt; 442 -&gt; 235 -&gt; 345 -&gt; 124 -&gt;   Toplam : 1485
215 -&gt; 124 -&gt; 442 -&gt; 235 -&gt; 345 -&gt; 124 -&gt;   Toplam : 1485
215 -&gt; 124 -&gt; 442 -&gt; 235 -&gt; 345 -&gt; 124 -&gt;   Toplam : 1485
215 -&gt; 124 -&gt; 442 -&gt; 235 -&gt; 345 -&gt; 124 -&gt;   Toplam : 1485
215 -&gt; 124 -&gt; 442 -&gt; 235 -&gt; 345 -&gt; 124 -&gt;   Toplam : 1485
215 -&gt; 124 -&gt; 442 -&gt; 235 -&gt; 345 -&gt; 124 -&gt;   Toplam : 1485
215 -&gt; 124 -&gt; 442 -&gt; 235 -&gt; 345 -&gt; 124 -&gt;   Toplam : 1485
215 -&gt; 124 -&gt; 442 -&gt; 235 -&gt; 345 -&gt; 124 -&gt;   Toplam : 1485
215 -&gt; 124 -&gt; 442 -&gt; 235 -&gt; 345 -&gt; 124 -&gt;   Toplam : 1485
215 -&gt; 124 -&gt; 442 -&gt; 235 -&gt; 345 -&gt; 124 -&gt;   Toplam : 1485
215 -&gt; 124 -&gt; 442 -&gt; 235 -&gt; 345 -&gt; 124 -&gt;   Toplam : 1485
215 -&gt; 124 -&gt; 442 -&gt; 235 -&gt; 345 -&gt; 124 -&gt;   Toplam : 1485
215 -&gt; 124 -&gt; 442 -&gt; 235 -&gt; 345 -&gt; 124 -&gt;   Toplam : 1485
215 -&gt; 124 -&gt; 442 -&gt; 235 -&gt; 345 -&gt; 124 -&gt;   Toplam : 1485
215 -&gt; 124 -&gt; 442 -&gt; 235 -&gt; 345 -&gt; 124 -&gt;   Toplam : 1485
215 -&gt; 124 -&gt; 442 -&gt; 235 -&gt; 345 -&gt; 124 -&gt;   Toplam : 1485
215 -&gt; 124 -&gt; 442 -&gt; 235 -&gt; 345 -&gt; 124 -&gt;   Toplam : 1485
215 -&gt; 124 -&gt; 442 -&gt; 235 -&gt; 345 -&gt; 124 -&gt;   Toplam : 1485
215 -&gt; 124 -&gt; 442 -&gt; 235 -&gt; 345 -&gt; 124 -&gt;   Toplam : 1485
215 -&gt; 124 -&gt; 442 -&gt; 235 -&gt; 345 -&gt; 124 -&gt;   Toplam : 1485
215 -&gt; 124 -&gt; 442 -&gt; 235 -&gt; 345 -&gt; 124 -&gt;   Toplam : 1485
215 -&gt; 124 -&gt; 442 -&gt; 235 -&gt; 345 -&gt; 124 -&gt;   Toplam : 1485
215 -&gt; 124 -&gt; 442 -&gt; 235 -&gt; 345 -&gt; 124 -&gt;   Toplam : 1485
215 -&gt; 124 -&gt; 442 -&gt; 235 -&gt; 345 -&gt; 124 -&gt;   Toplam : 1485
215 -&gt; 124 -&gt; 442 -&gt; 235 -&gt; 345 -&gt; 124 -&gt;   Toplam : 1485
215 -&gt; 124 -&gt; 442 -&gt; 235 -&gt; 345 -&gt; 124 -&gt;   Toplam : 1485
215 -&gt; 124 -&gt; 442 -&gt; 235 -&gt; 345 -&gt; 124 -&gt;   Toplam : 1485
215 -&gt; 124 -&gt; 442 -&gt; 235 -&gt; 345 -&gt; 124 -&gt;   Toplam : 1485
215 -&gt; 124 -&gt; 442 -&gt; 235 -&gt; 345 -&gt; 124 -&gt;   Toplam : 1485
215 -&gt; 124 -&gt; 442 -&gt; 235 -&gt; 345 -&gt; 124 -&gt;   Toplam : 1485
215 -&gt; 124 -&gt; 442 -&gt; 235 -&gt; 345 -&gt; 124 -&gt;   Toplam : 1485
215 -&gt; 124 -&gt; 442 -&gt; 235 -&gt; 345 -&gt; 124 -&gt;   Toplam : 1485
215 -&gt; 124 -&gt; 442 -&gt; 235 -&gt; 345 -&gt; 124 -&gt;   Toplam : 1485
215 -&gt; 124 -&gt; 442 -&gt; 235 -&gt; 345 -&gt; 124 -&gt;   Toplam : 1485
215 -&gt; 124 -&gt; 442 -&gt; 235 -&gt; 345 -&gt; 124 -&gt;   Toplam : 1485
215 -&gt; 124 -&gt; 442 -&gt; 235 -&gt; 345 -&gt; 124 -&gt;   Toplam : 1485
215 -&gt; 124 -&gt; 442 -&gt; 235 -&gt; 345 -&gt; 124 -&gt;   Toplam : 1485
215 -&gt; 124 -&gt; 442 -&gt; 235 -&gt; 345 -&gt; 124 -&gt;   Toplam : 1485
215 -&gt; 124 -&gt; 442 -&gt; 235 -&gt; 345 -&gt; 124 -&gt;   Toplam : 1485
215 -&gt; 124 -&gt; 442 -&gt; 235 -&gt; 345 -&gt; 124 -&gt;   Toplam : 1485
215 -&gt; 124 -&gt; 442 -&gt; 235 -&gt; 345 -&gt; 124 -&gt;   Toplam : 1485
215 -&gt; 124 -&gt; 442 -&gt; 235 -&gt; 345 -&gt; 124 -&gt;   Toplam : 1485
215 -&gt; 124 -&gt; 442 -&gt; 235 -&gt; 345 -&gt; 124 -&gt;   Toplam : 1485
215 -&gt; 124 -&gt; 442 -&gt; 235 -&gt; 345 -&gt; 124 -&gt;   Toplam : 1485
215 -&gt; 124 -&gt; 442 -&gt; 235 -&gt; 345 -&gt; 124 -&gt;   Toplam : 1485
215 -&gt; 124 -&gt; 442 -&gt; 235 -&gt; 345 -&gt; 124 -&gt;   Toplam : 1485
215 -&gt; 124 -&gt; 442 -&gt; 235 -&gt; 345 -&gt; 124 -&gt;   Toplam : 1485
215 -&gt; 124 -&gt; 442 -&gt; 235 -&gt; 345 -&gt; 124 -&gt;   Toplam : 1485
215 -&gt; 124 -&gt; 442 -&gt; 235 -&gt; 345 -&gt; 124 -&gt;   Toplam : 1485
215 -&gt; 124 -&gt; 442 -&gt; 235 -&gt; 345 -&gt; 124 -&gt;   Toplam : 1485
215 -&gt; 124 -&gt; 442 -&gt; 235 -&gt; 345 -&gt; 124 -&gt;   Toplam : 1485
215 -&gt; 124 -&gt; 442 -&gt; 235 -&gt; 345 -&gt; 124 -&gt;   Toplam : 1485
215 -&gt; 124 -&gt; 442 -&gt; 235 -&gt; 345 -&gt; 124 -&gt;   Toplam : 1485
215 -&gt; 124 -&gt; 442 -&gt; 235 -&gt; 345 -&gt; 124 -&gt;   Toplam : 1485
215 -&gt; 124 -&gt; 442 -&gt; 235 -&gt; 345 -&gt; 124 -&gt;   Toplam : 1485
215 -&gt; 124 -&gt; 442 -&gt; 235 -&gt; 345 -&gt; 124 -&gt;   Toplam : 1485
215 -&gt; 124 -&gt; 442 -&gt; 235 -&gt; 345 -&gt; 124 -&gt;   Toplam : 1485
215 -&gt; 124 -&gt; 442 -&gt; 235 -&gt; 345 -&gt; 124 -&gt;   Toplam : 1485
215 -&gt; 124 -&gt; 442 -&gt; 235 -&gt; 345 -&gt; 124 -&gt;   Toplam : 1485
215 -&gt; 124 -&gt; 442 -&gt; 235 -&gt; 345 -&gt; 124 -&gt;   Toplam : 1485
215 -&gt; 124 -&gt; 442 -&gt; 235 -&gt; 345 -&gt; 124 -&gt;   Toplam : 1485
215 -&gt; 124 -&gt; 442 -&gt; 235 -&gt; 345 -&gt; 124 -&gt;   Toplam : 1485
215 -&gt; 124 -&gt; 442 -&gt; 235 -&gt; 345 -&gt; 124 -&gt;   Toplam : 1485
215 -&gt; 124 -&gt; 442 -&gt; 235 -&gt; 345 -&gt; 124 -&gt;   Toplam : 1485
215 -&gt; 124 -&gt; 442 -&gt; 235 -&gt; 345 -&gt; 124 -&gt;   Toplam : 1485
215 -&gt; 124 -&gt; 442 -&gt; 235 -&gt; 345 -&gt; 124 -&gt;   Toplam : 1485
215 -&gt; 124 -&gt; 442 -&gt; 235 -&gt; 345 -&gt; 124 -&gt;   Toplam : 1485
215 -&gt; 124 -&gt; 442 -&gt; 235 -&gt; 345 -&gt; 124 -&gt;   Toplam : 1485
215 -&gt; 124 -&gt; 442 -&gt; 235 -&gt; 345 -&gt; 124 -&gt;   Toplam : 1485
215 -&gt; 124 -&gt; 442 -&gt; 235 -&gt; 345 -&gt; 124 -&gt;   Toplam : 1485
215 -&gt; 124 -&gt; 442 -&gt; 235 -&gt; 345 -&gt; 124 -&gt;   Toplam : 1485
215 -&gt; 124 -&gt; 442 -&gt; 235 -&gt; 345 -&gt; 124 -&gt;   Toplam : 1485
215 -&gt; 124 -&gt; 442 -&gt; 235 -&gt; 345 -&gt; 124 -&gt;   Toplam : 1485
215 -&gt; 124 -&gt; 442 -&gt; 235 -&gt; 345 -&gt; 124 -&gt;   Toplam : 1485
215 -&gt; 124 -&gt; 442 -&gt; 235 -&gt; 345 -&gt; 124 -&gt;   Toplam : 1485
215 -&gt; 124 -&gt; 442 -&gt; 235 -&gt; 345 -&gt; 124 -&gt;   Toplam : 1485
215 -&gt; 124 -&gt; 442 -&gt; 235 -&gt; 345 -&gt; 124 -&gt;   Toplam : 1485
215 -&gt; 124 -&gt; 442 -&gt; 235 -&gt; 345 -&gt; 124 -&gt;   Toplam : 1485
215 -&gt; 124 -&gt; 442 -&gt; 235 -&gt; 345 -&gt; 124 -&gt;   Toplam : 1485
215 -&gt; 124 -&gt; 442 -&gt; 235 -&gt; 345 -&gt; 124 -&gt;   Toplam : 1485
215 -&gt; 124 -&gt; 442 -&gt; 235 -&gt; 345 -&gt; 124 -&gt;   Toplam : 1485
215 -&gt; 124 -&gt; 442 -&gt; 235 -&gt; 345 -&gt; 124 -&gt;   Toplam : 1485
215 -&gt; 124 -&gt; 442 -&gt; 235 -&gt; 345 -&gt; 124 -&gt;   Toplam : 1485
215 -&gt; 124 -&gt; 442 -&gt; 235 -&gt; 345 -&gt; 124 -&gt;   Toplam : 1485
215 -&gt; 124 -&gt; 442 -&gt; 235 -&gt; 345 -&gt; 124 -&gt;   Toplam : 1485
215 -&gt; 124 -&gt; 442 -&gt; 235 -&gt; 345 -&gt; 124 -&gt;   Toplam : 1485
215 -&gt; 124 -&gt; 442 -&gt; 235 -&gt; 345 -&gt; 124 -&gt;   Toplam : 1485
215 -&gt; 124 -&gt; 442 -&gt; 235 -&gt; 345 -&gt; 124 -&gt;   Toplam : 1485
215 -&gt; 124 -&gt; 442 -&gt; 235 -&gt; 345 -&gt; 124 -&gt;   Toplam : 1485
215 -&gt; 124 -&gt; 442 -&gt; 235 -&gt; 345 -&gt; 124 -&gt;   Toplam : 1485
215 -&gt; 124 -&gt; 442 -&gt; 235 -&gt; 345 -&gt; 124 -&gt;   Toplam : 1485
215 -&gt; 124 -&gt; 442 -&gt; 235 -&gt; 345 -&gt; 124 -&gt;   Toplam : 1485
215 -&gt; 124 -&gt; 442 -&gt; 235 -&gt; 345 -&gt; 124 -&gt;   Toplam : 1485
215 -&gt; 124 -&gt; 442 -&gt; 235 -&gt; 345 -&gt; 124 -&gt;   Toplam : 1485
215 -&gt; 124 -&gt; 442 -&gt; 235 -&gt; 345 -&gt; 124 -&gt;   Toplam : 1485
215 -&gt; 124 -&gt; 442 -&gt; 235 -&gt; 345 -&gt; 124 -&gt;   Toplam : 1485
215 -&gt; 124 -&gt; 442 -&gt; 235 -&gt; 345 -&gt; 124 -&gt;   Toplam : 1485
215 -&gt; 124 -&gt; 442 -&gt; 235 -&gt; 345 -&gt; 124 -&gt;   Toplam : 1485
215 -&gt; 124 -&gt; 442 -&gt; 235 -&gt; 345 -&gt; 124 -&gt;   Toplam : 1485
215 -&gt; 124 -&gt; 442 -&gt; 235 -&gt; 345 -&gt; 124 -&gt;   Toplam : 1485
215 -&gt; 124 -&gt; 442 -&gt; 235 -&gt; 345 -&gt; 124 -&gt;   Toplam : 1485
215 -&gt; 124 -&gt; 442 -&gt; 235 -&gt; 345 -&gt; 124 -&gt;   Toplam : 1485
215 -&gt; 124 -&gt; 442 -&gt; 235 -&gt; 345 -&gt; 124 -&gt;   Toplam : 1485
215 -&gt; 124 -&gt; 442 -&gt; 235 -&gt; 345 -&gt; 124 -&gt;   Toplam : 1485
215 -&gt; 124 -&gt; 442 -&gt; 235 -&gt; 345 -&gt; 124 -&gt;   Toplam : 1485
215 -&gt; 124 -&gt; 442 -&gt; 235 -&gt; 345 -&gt; 124 -&gt;   Toplam : 1485
215 -&gt; 124 -&gt; 442 -&gt; 235 -&gt; 345 -&gt; 124 -&gt;   Toplam : 1485
215 -&gt; 124 -&gt; 442 -&gt; 235 -&gt; 345 -&gt; 124 -&gt;   Toplam : 1485
215 -&gt; 124 -&gt; 442 -&gt; 235 -&gt; 345 -&gt; 124 -&gt;   Toplam : 1485
215 -&gt; 124 -&gt; 442 -&gt; 235 -&gt; 345 -&gt; 124 -&gt;   Toplam : 1485
215 -&gt; 124 -&gt; 442 -&gt; 235 -&gt; 345 -&gt; 124 -&gt;   Toplam : 1485
215 -&gt; 124 -&gt; 442 -&gt; 235 -&gt; 345 -&gt; 124 -&gt;   Toplam : 1485
215 -&gt; 124 -&gt; 442 -&gt; 235 -&gt; 345 -&gt; 124 -&gt;   Toplam : 1485
215 -&gt; 124 -&gt; 442 -&gt; 235 -&gt; 345 -&gt; 124 -&gt;   Toplam : 1485
215 -&gt; 124 -&gt; 442 -&gt; 235 -&gt; 345 -&gt; 124 -&gt;   Toplam : 1485
215 -&gt; 124 -&gt; 442 -&gt; 235 -&gt; 345 -&gt; 124 -&gt;   Toplam : 1485
215 -&gt; 124 -&gt; 442 -&gt; 235 -&gt; 345 -&gt; 124 -&gt;   Toplam : 1485
215 -&gt; 124 -&gt; 442 -&gt; 235 -&gt; 345 -&gt; 124 -&gt;   Toplam : 1485
215 -&gt; 124 -&gt; 442 -&gt; 235 -&gt; 345 -&gt; 124 -&gt;   Toplam : 1485
215 -&gt; 124 -&gt; 442 -&gt; 235 -&gt; 345 -&gt; 124 -&gt;   Toplam : 1485
215 -&gt; 124 -&gt; 442 -&gt; 235 -&gt; 345 -&gt; 124 -&gt;   Toplam : 1485
215 -&gt; 124 -&gt; 442 -&gt; 235 -&gt; 345 -&gt; 124 -&gt;   Toplam : 1485
215 -&gt; 124 -&gt; 442 -&gt; 235 -&gt; 345 -&gt; 124 -&gt;   Toplam : 1485
215 -&gt; 124 -&gt; 442 -&gt; 235 -&gt; 345 -&gt; 124 -&gt;   Toplam : 1485
215 -&gt; 124 -&gt; 442 -&gt; 235 -&gt; 345 -&gt; 124 -&gt;   Toplam : 1485
215 -&gt; 124 -&gt; 442 -&gt; 235 -&gt; 345 -&gt; 124 -&gt;   Toplam : 1485
215 -&gt; 124 -&gt; 442 -&gt; 235 -&gt; 345 -&gt; 124 -&gt;   Toplam : 1485
215 -&gt; 124 -&gt; 442 -&gt; 235 -&gt; 345 -&gt; 124 -&gt;   Toplam : 1485
215 -&gt; 124 -&gt; 442 -&gt; 235 -&gt; 345 -&gt; 124 -&gt;   Toplam : 1485
215 -&gt; 124 -&gt; 442 -&gt; 235 -&gt; 345 -&gt; 124 -&gt;   Toplam : 1485
215 -&gt; 124 -&gt; 442 -&gt; 235 -&gt; 345 -&gt; 124 -&gt;   Toplam : 1485
215 -&gt; 124 -&gt; 442 -&gt; 235 -&gt; 345 -&gt; 124 -&gt;   Toplam : 1485
215 -&gt; 124 -&gt; 442 -&gt; 235 -&gt; 345 -&gt; 124 -&gt;   Toplam : 1485
215 -&gt; 124 -&gt; 442 -&gt; 235 -&gt; 345 -&gt; 124 -&gt;   Toplam : 1485
215 -&gt; 124 -&gt; 442 -&gt; 235 -&gt; 345 -&gt; 124 -&gt;   Toplam : 1485
215 -&gt; 124 -&gt; 442 -&gt; 235 -&gt; 345 -&gt; 124 -&gt;   Toplam : 1485
215 -&gt; 124 -&gt; 442 -&gt; 235 -&gt; 345 -&gt; 124 -&gt;   Toplam : 1485
215 -&gt; 124 -&gt; 442 -&gt; 235 -&gt; 345 -&gt; 124 -&gt;   Toplam : 1485
215 -&gt; 124 -&gt; 442 -&gt; 235 -&gt; 345 -&gt; 124 -&gt;   Toplam : 1485
215 -&gt; 124 -&gt; 442 -&gt; 235 -&gt; 345 -&gt; 124 -&gt;   Toplam : 1485
215 -&gt; 124 -&gt; 442 -&gt; 235 -&gt; 345 -&gt; 124 -&gt;   Toplam : 1485
215 -&gt; 124 -&gt; 442 -&gt; 235 -&gt; 345 -&gt; 124 -&gt;   Toplam : 1485
215 -&gt; 124 -&gt; 442 -&gt; 235 -&gt; 345 -&gt; 124 -&gt;   Toplam : 1485
215 -&gt; 124 -&gt; 442 -&gt; 235 -&gt; 345 -&gt; 124 -&gt;   Toplam : 1485
215 -&gt; 124 -&gt; 442 -&gt; 235 -&gt; 345 -&gt; 124 -&gt;   Toplam : 1485
215 -&gt; 124 -&gt; 442 -&gt; 235 -&gt; 345 -&gt; 124 -&gt;   Toplam : 1485
215 -&gt; 124 -&gt; 442 -&gt; 235 -&gt; 345 -&gt; 124 -&gt;   Toplam : 1485
215 -&gt; 124 -&gt; 442 -&gt; 235 -&gt; 345 -&gt; 124 -&gt;   Toplam : 1485
215 -&gt; 124 -&gt; 442 -&gt; 235 -&gt; 345 -&gt; 124 -&gt;   Toplam : 1485
215 -&gt; 124 -&gt; 442 -&gt; 235 -&gt; 345 -&gt; 124 -&gt;   Toplam : 1485
215 -&gt; 124 -&gt; 442 -&gt; 235 -&gt; 345 -&gt; 124 -&gt;   Toplam : 1485
215 -&gt; 124 -&gt; 442 -&gt; 235 -&gt; 345 -&gt; 124 -&gt;   Toplam : 1485
215 -&gt; 124 -&gt; 442 -&gt; 235 -&gt; 345 -&gt; 124 -&gt;   Toplam : 1485
215 -&gt; 124 -&gt; 442 -&gt; 235 -&gt; 345 -&gt; 124 -&gt;   Toplam : 1485
215 -&gt; 124 -&gt; 442 -&gt; 235 -&gt; 345 -&gt; 124 -&gt;   Toplam : 1485
215 -&gt; 124 -&gt; 442 -&gt; 235 -&gt; 345 -&gt; 124 -&gt;   Toplam : 1485
215 -&gt; 124 -&gt; 442 -&gt; 235 -&gt; 345 -&gt; 124 -&gt;   Toplam : 1485
215 -&gt; 124 -&gt; 442 -&gt; 235 -&gt; 345 -&gt; 124 -&gt;   Toplam : 1485
215 -&gt; 124 -&gt; 442 -&gt; 235 -&gt; 345 -&gt; 124 -&gt;   Toplam : 1485
215 -&gt; 124 -&gt; 442 -&gt; 235 -&gt; 345 -&gt; 124 -&gt;   Toplam : 1485
215 -&gt; 124 -&gt; 442 -&gt; 235 -&gt; 345 -&gt; 124 -&gt;   Toplam : 1485
215 -&gt; 124 -&gt; 442 -&gt; 235 -&gt; 345 -&gt; 124 -&gt;   Toplam : 1485
215 -&gt; 124 -&gt; 442 -&gt; 235 -&gt; 345 -&gt; 124 -&gt;   Toplam : 1485
215 -&gt; 124 -&gt; 442 -&gt; 235 -&gt; 345 -&gt; 124 -&gt;   Toplam : 1485
215 -&gt; 124 -&gt; 442 -&gt; 235 -&gt; 345 -&gt; 124 -&gt;   Toplam : 1485
215 -&gt; 124 -&gt; 442 -&gt; 235 -&gt; 345 -&gt; 124 -&gt;   Toplam : 1485
215 -&gt; 124 -&gt; 442 -&gt; 235 -&gt; 345 -&gt; 124 -&gt;   Toplam : 1485
215 -&gt; 124 -&gt; 442 -&gt; 235 -&gt; 345 -&gt; 124 -&gt;   Toplam : 1485
215 -&gt; 124 -&gt; 442 -&gt; 235 -&gt; 345 -&gt; 124 -&gt;   Toplam : 1485
215 -&gt; 124 -&gt; 442 -&gt; 235 -&gt; 345 -&gt; 124 -&gt;   Toplam : 1485
215 -&gt; 124 -&gt; 442 -&gt; 235 -&gt; 345 -&gt; 124 -&gt;   Toplam : 1485
215 -&gt; 124 -&gt; 442 -&gt; 235 -&gt; 345 -&gt; 124 -&gt;   Toplam : 1485
215 -&gt; 124 -&gt; 442 -&gt; 235 -&gt; 345 -&gt; 124 -&gt;   Toplam : 1485
215 -&gt; 124 -&gt; 442 -&gt; 235 -&gt; 345 -&gt; 124 -&gt;   Toplam : 1485
215 -&gt; 124 -&gt; 442 -&gt; 235 -&gt; 345 -&gt; 124 -&gt;   Toplam : 1485
215 -&gt; 124 -&gt; 442 -&gt; 235 -&gt; 345 -&gt; 124 -&gt;   Toplam : 1485
215 -&gt; 124 -&gt; 442 -&gt; 235 -&gt; 345 -&gt; 124 -&gt;   Toplam : 1485
215 -&gt; 124 -&gt; 442 -&gt; 235 -&gt; 345 -&gt; 124 -&gt;   Toplam : 1485
215 -&gt; 124 -&gt; 442 -&gt; 235 -&gt; 345 -&gt; 124 -&gt;   Toplam : 1485
215 -&gt; 124 -&gt; 442 -&gt; 235 -&gt; 345 -&gt; 124 -&gt;   Toplam : 1485
215 -&gt; 124 -&gt; 442 -&gt; 235 -&gt; 345 -&gt; 124 -&gt;   Toplam : 1485
215 -&gt; 124 -&gt; 442 -&gt; 235 -&gt; 345 -&gt; 124 -&gt;   Toplam : 1485
215 -&gt; 124 -&gt; 442 -&gt; 235 -&gt; 345 -&gt; 124 -&gt;   Toplam : 1485
215 -&gt; 124 -&gt; 442 -&gt; 235 -&gt; 345 -&gt; 124 -&gt;   Toplam : 1485
215 -&gt; 124 -&gt; 442 -&gt; 235 -&gt; 345 -&gt; 124 -&gt;   Toplam : 1485
215 -&gt; 124 -&gt; 442 -&gt; 235 -&gt; 345 -&gt; 124 -&gt;   Toplam : 1485
215 -&gt; 124 -&gt; 442 -&gt; 235 -&gt; 345 -&gt; 124 -&gt;   Toplam : 1485
215 -&gt; 124 -&gt; 442 -&gt; 235 -&gt; 345 -&gt; 124 -&gt;   Toplam : 1485
215 -&gt; 124 -&gt; 442 -&gt; 235 -&gt; 345 -&gt; 124 -&gt;   Toplam : 1485
215 -&gt; 124 -&gt; 442 -&gt; 235 -&gt; 345 -&gt; 124 -&gt;   Toplam : 1485
215 -&gt; 124 -&gt; 442 -&gt; 235 -&gt; 345 -&gt; 124 -&gt;   Toplam : 1485
215 -&gt; 124 -&gt; 442 -&gt; 235 -&gt; 345 -&gt; 124 -&gt;   Toplam : 1485
215 -&gt; 124 -&gt; 442 -&gt; 235 -&gt; 345 -&gt; 124 -&gt;   Toplam : 1485
215 -&gt; 124 -&gt; 442 -&gt; 235 -&gt; 345 -&gt; 124 -&gt;   Toplam : 1485
215 -&gt; 124 -&gt; 442 -&gt; 235 -&gt; 345 -&gt; 124 -&gt;   Toplam : 1485
215 -&gt; 124 -&gt; 442 -&gt; 235 -&gt; 345 -&gt; 124 -&gt;   Toplam : 1485
215 -&gt; 124 -&gt; 442 -&gt; 235 -&gt; 345 -&gt; 124 -&gt;   Toplam : 1485
215 -&gt; 124 -&gt; 442 -&gt; 235 -&gt; 345 -&gt; 124 -&gt;   Toplam : 1485
215 -&gt; 124 -&gt; 442 -&gt; 235 -&gt; 345 -&gt; 124 -&gt;   Toplam : 1485
215 -&gt; 124 -&gt; 442 -&gt; 235 -&gt; 345 -&gt; 124 -&gt;   Toplam : 1485
215 -&gt; 124 -&gt; 442 -&gt; 235 -&gt; 345 -&gt; 124 -&gt;   Toplam : 1485
215 -&gt; 124 -&gt; 442 -&gt; 235 -&gt; 345 -&gt; 124 -&gt;   Toplam : 1485
215 -&gt; 124 -&gt; 442 -&gt; 235 -&gt; 345 -&gt; 124 -&gt;   Toplam : 1485
215 -&gt; 124 -&gt; 442 -&gt; 235 -&gt; 345 -&gt; 124 -&gt;   Toplam : 1485
215 -&gt; 124 -&gt; 442 -&gt; 235 -&gt; 345 -&gt; 124 -&gt;   Toplam : 1485
215 -&gt; 124 -&gt; 442 -&gt; 235 -&gt; 345 -&gt; 124 -&gt;   Toplam : 1485
215 -&gt; 124 -&gt; 442 -&gt; 235 -&gt; 345 -&gt; 124 -&gt;   Toplam : 1485
215 -&gt; 124 -&gt; 442 -&gt; 235 -&gt; 345 -&gt; 124 -&gt;   Toplam : 1485
215 -&gt; 124 -&gt; 442 -&gt; 235 -&gt; 345 -&gt; 124 -&gt;   Toplam : 1485
215 -&gt; 124 -&gt; 442 -&gt; 235 -&gt; 345 -&gt; 124 -&gt;   Toplam : 1485
215 -&gt; 124 -&gt; 442 -&gt; 235 -&gt; 345 -&gt; 124 -&gt;   Toplam : 1485
215 -&gt; 124 -&gt; 442 -&gt; 235 -&gt; 345 -&gt; 124 -&gt;   Toplam : 1485
215 -&gt; 124 -&gt; 442 -&gt; 235 -&gt; 345 -&gt; 124 -&gt;   Toplam : 1485
215 -&gt; 124 -&gt; 442 -&gt; 235 -&gt; 345 -&gt; 124 -&gt;   Toplam : 1485
7433
7468
7871
7986
8071
8186
max toplam: 8186
</system-out>
  </testcase>
</testsuite>